INFO: [SIM 2] *************** CSIM start ***************
INFO: [SIM 4] CSIM will launch GCC as the compiler.
make: 'csim.exe' is up to date.
{ 36386.660156, 25958.099609 }
{ -99189.312500, 64308.648438 }
{ 34782.234375, 28257.019531 }
{ 50476.476562, 54371.671875 }
{ -61263.390625, 66782.609375 }
{ 66539.429688, -30290.417969 }
{ 5779.980469, 6466.405273 }
{ 14101.208008, -84851.125000 }
{ 17780.027344, -128390.234375 }
{ -33610.886719, 137856.031250 }
{ -12011.937500, 75726.890625 }
{ -45352.468750, 109760.335938 }
{ -30679.390625, 26025.953125 }
{ -164446.312500, -60525.511719 }
{ 23705.361328, 164335.687500 }
{ -63182.484375, -47961.988281 }
{ 39989.125000, -52065.769531 }
{ 40966.773438, 34874.640625 }
{ -42536.855469, 61991.371094 }
{ -48825.308594, 27228.630859 }
{ 189612.687500, 33635.429688 }
{ 70102.195312, -28018.072266 }
{ -60458.425781, 31693.000000 }
{ 43918.031250, -13568.672852 }
{ 58009.980469, 87866.328125 }
{ -14190.236328, 57240.156250 }
{ -248.913086, -30788.140625 }
{ -31730.453125, -87401.585938 }
{ 17964.207031, 7819.500000 }
{ 27376.728516, -25118.658203 }
{ 24857.634766, 65469.679688 }
{ 107129.531250, 6488.792969 }
{ -14700.066406, -93768.468750 }
{ -54800.000000, 6070.651367 }
{ 4785.773438, 67376.281250 }
{ -3660.791992, 39664.804688 }
{ 9537.980469, 108424.531250 }
{ 50316.773438, 523.791016 }
{ -31272.437500, 111881.515625 }
{ 19030.556641, 33513.125000 }
{ 56980.710938, -22976.699219 }
{ 91420.421875, 3519.429688 }
{ 10373.283203, -46812.101562 }
{ -25758.863281, -12913.453125 }
{ 58897.281250, -1674.019531 }
{ 3643.892578, 29432.277344 }
{ -44605.335938, 112799.273438 }
{ -25258.794922, -19920.472656 }
{ -46952.195312, -59209.488281 }
{ 17371.332031, 1340.886719 }
{ 103890.015625, -15818.222656 }
{ -33790.171875, -31818.226562 }
{ 44552.683594, -12391.332031 }
{ -27701.292969, 44702.546875 }
{ 27210.677734, 61163.519531 }
{ 33867.628906, 84308.304688 }
{ 58358.074219, -24666.832031 }
{ 46014.777344, 86069.445312 }
{ 20883.390625, -19626.894531 }
{ -92893.078125, 21797.638672 }
{ 45812.160156, 119309.343750 }
{ 77748.000000, 61007.878906 }
{ -79.593750, -26200.437500 }
{ -52746.062500, -3009.445312 }
{ -67062.570312, -17389.824219 }
{ 22686.630859, -6734.953613 }
{ 29640.414062, -31727.189453 }
{ 56495.664062, -102343.406250 }
{ 55410.703125, -20305.451172 }
{ 80442.710938, -86343.421875 }
{ 77552.828125, 37984.613281 }
{ 73043.710938, 68759.453125 }
{ -37261.660156, -166128.015625 }
{ 68520.109375, 91528.375000 }
{ 23895.779297, 5538.527344 }
{ -108997.585938, 82108.046875 }
{ -25547.591797, -19115.355469 }
{ -37165.980469, 35530.257812 }
{ 20936.000000, 10882.253906 }
{ 58304.875000, 45426.406250 }
{ 37463.972656, -25113.144531 }
{ 59067.203125, 2635.859375 }
{ -98020.335938, 58839.312500 }
{ -56326.890625, 28031.283203 }
{ 69046.968750, -55266.679688 }
{ -12768.404297, -65965.648438 }
{ -24865.572266, -72853.445312 }
{ 20556.078125, -28810.687500 }
{ -54174.925781, -25097.308594 }
{ -127427.859375, -61890.171875 }
{ -49052.390625, 26748.529297 }
{ 93289.140625, -43409.000000 }
{ 79516.398438, -80710.781250 }
{ -870.625000, 8039.238281 }
{ -99403.046875, 121499.937500 }
{ 20017.998047, -5070.316406 }
{ -20212.468750, -29071.267578 }
{ 38946.351562, -66310.328125 }
{ 76180.125000, 52789.558594 }
{ -95636.976562, 89318.164062 }
{ 35923.796875, 25626.578125 }
{ -184509.218750, 9856.316406 }
{ -12640.776367, 46110.253906 }
{ -23224.912109, -35555.753906 }
{ -8941.165039, -12454.615234 }
{ 88748.585938, 54958.484375 }
{ -79477.476562, 69072.601562 }
{ -6408.589844, -10242.820312 }
{ -37997.957031, 43594.863281 }
{ -63159.328125, 16119.716797 }
{ 60256.464844, -78197.484375 }
{ -72327.062500, 37497.453125 }
{ 37050.792969, 1234.537109 }
{ 23567.070312, 85876.085938 }
{ 4411.457031, -106818.390625 }
{ 142255.687500, 63835.398438 }
{ -60700.027344, -12668.886719 }
{ -57991.132812, -97068.625000 }
{ -6556.486328, -2124.470703 }
{ 64898.765625, -59530.335938 }
{ 118492.976562, -60144.171875 }
{ 108003.437500, -32698.656250 }
{ 131135.687500, -19475.972656 }
{ -33064.847656, -2569.703125 }
{ 109257.750000, 71807.437500 }
{ 4144.316406, -27513.574219 }
{ -5915.664062, -107310.281250 }
{ -48616.019531, 31152.687500 }
{ 62559.691406, -80420.640625 }
{ -146264.218750, -45322.812500 }
{ 20222.800781, -67577.234375 }
{ -36417.648438, -76027.867188 }
{ 33520.257812, -2596.533203 }
{ 92432.601562, -550.616211 }
{ -41971.535156, 7620.131836 }
{ -22693.324219, -72119.765625 }
{ -114470.625000, 102943.359375 }
{ -105672.515625, 76232.406250 }
{ 92546.578125, -60781.855469 }
{ 67823.906250, 6450.867188 }
{ 123584.531250, 14711.811523 }
{ 11096.640625, 8866.871094 }
{ 15963.619141, -79071.585938 }
{ -45900.406250, 25608.652344 }
{ 17057.916016, -16641.433594 }
{ 62440.757812, -8238.371094 }
{ 33972.894531, -65552.578125 }
{ 17946.894531, 4730.412109 }
{ -34562.148438, 40947.257812 }
{ 107246.101562, -44823.726562 }
{ 70103.140625, -68003.882812 }
{ -50569.523438, -12310.305664 }
{ -26175.824219, -11833.289062 }
{ 32647.505859, -37588.750000 }
{ 29818.695312, -103168.359375 }
{ 74363.968750, 104720.945312 }
{ 105211.781250, -63579.226562 }
{ 32648.849609, 42789.921875 }
{ 35214.851562, -22297.601562 }
{ 53017.250000, 43967.269531 }
{ 84059.796875, -39303.050781 }
{ 29739.046875, 27194.003906 }
{ 47990.816406, 20063.927734 }
{ -22955.320312, 25092.544922 }
{ 32562.261719, 97631.093750 }
{ -8316.421875, 30856.455078 }
{ -42169.304688, 89419.359375 }
{ 28846.630859, 42750.265625 }
{ -4347.962891, 4507.704102 }
{ -17146.832031, -45416.128906 }
{ -58931.859375, -12179.212891 }
{ 20273.285156, -42626.882812 }
{ 746.695312, 35058.097656 }
{ 59501.046875, 40461.566406 }
{ 49187.078125, 2114.320312 }
{ 36099.921875, 31368.386719 }
{ -3749.593750, 8690.199219 }
{ -33813.402344, 110253.046875 }
{ 45074.671875, -27019.320312 }
{ 55764.578125, -131337.156250 }
{ 28939.371094, 93830.921875 }
{ 33426.519531, 11512.380859 }
{ -831.865234, -18799.886719 }
{ 4769.566406, 79602.757812 }
{ 28821.519531, -45813.527344 }
{ 17690.781250, -72998.617188 }
{ -35870.875000, 33249.343750 }
{ 20329.871094, 44957.968750 }
{ 68428.843750, -34247.484375 }
{ 26284.753906, -2125.722656 }
{ 36160.570312, 66273.515625 }
{ 20469.750000, -42798.718750 }
{ 37523.437500, -32289.242188 }
{ -14511.396484, 8525.867188 }
{ 53116.359375, -19387.310547 }
{ 44578.804688, 42249.316406 }
{ -10555.298828, -24038.482422 }
{ 44973.437500, -46635.058594 }
{ -74715.265625, -116995.515625 }
{ -23045.000000, 34.417969 }
{ -28866.628906, -4272.328125 }
{ 47834.203125, -19087.105469 }
{ 20663.658203, -25222.804688 }
{ -99097.476562, -35550.695312 }
{ 50775.023438, -51711.175781 }
{ 26618.683594, 62371.007812 }
{ 49749.320312, 67527.953125 }
{ -17502.810547, 20978.968750 }
{ 41777.589844, 23135.953125 }
{ 40890.421875, 121302.265625 }
{ -86751.476562, -66634.546875 }
{ -44630.210938, -78190.007812 }
{ 21414.576172, -84821.851562 }
{ -24066.142578, 1150.320312 }
{ -23546.115234, -1009.640625 }
{ -100673.562500, -48329.390625 }
{ 38587.324219, 116034.343750 }
{ 6044.781250, -94552.562500 }
{ 48774.859375, 91641.109375 }
{ 839.109375, 144579.656250 }
{ -76139.007812, -100693.656250 }
{ -86359.234375, -111491.906250 }
{ -163535.640625, 27006.421875 }
{ 34903.718750, -79775.468750 }
{ 59029.515625, 23224.267578 }
{ 68409.367188, -54373.214844 }
{ -99338.281250, -80612.070312 }
{ 94180.617188, 36348.578125 }
{ -3812.665039, -17775.085938 }
{ 14012.218750, -77467.296875 }
{ 28142.570312, -110899.109375 }
{ -18813.822266, -46255.933594 }
{ 6574.606445, 62847.273438 }
{ 2844.484375, 39314.562500 }
{ -72397.210938, 24798.025391 }
{ -51400.636719, 34848.070312 }
{ 64068.925781, 77633.937500 }
{ 24700.669922, -43119.101562 }
{ 7809.316406, -12110.832031 }
{ 23866.671875, -743.369141 }
{ -32731.917969, 27734.542969 }
{ -40716.750000, 80756.664062 }
{ -84128.843750, -3718.472656 }
{ -36648.164062, -42421.304688 }
{ 49930.863281, 77897.453125 }
{ -24816.439453, 71273.968750 }
{ -60802.156250, -50465.429688 }
{ 57472.039062, 36759.203125 }
{ 459.804688, 8198.048828 }
{ -39789.812500, 63269.515625 }
{ -39804.750000, 31608.480469 }
{ -56232.300781, 129549.781250 }
{ -47748.468750, -69378.390625 }
{ -12375.300781, -77377.234375 }
{ -59169.007812, -50789.421875 }
{ 39673.089844, 25436.546875 }
INFO: [SIM 1] CSim done with 0 errors.
INFO: [SIM 3] *************** CSIM finish ***************
