#-----------------------------------------------------------
# Vivado v2022.1 (64-bit)
# SW Build 3526262 on Mon Apr 18 15:47:01 MDT 2022
# IP Build 3524634 on Mon Apr 18 20:55:01 MDT 2022
# Start of session at: Tue May  5 12:37:25 2026
# Process ID: 70706
# Current directory: /mnt/arch/home/adi/repo/AELD_Lab_2026/as_close_as_midsem/zc/mul2_512/solution1/impl/ip
# Command line: vivado -notrace -mode batch -source run_ippack.tcl
# Log file: /mnt/arch/home/adi/repo/AELD_Lab_2026/as_close_as_midsem/zc/mul2_512/solution1/impl/ip/vivado.log
# Journal file: /mnt/arch/home/adi/repo/AELD_Lab_2026/as_close_as_midsem/zc/mul2_512/solution1/impl/ip/vivado.jou
# Running On: adi-ubuntu, OS: Linux, CPU Frequency: 1200.000 MHz, CPU Physical cores: 16, Host memory: 16131 MB
#-----------------------------------------------------------
source run_ippack.tcl -notrace
INFO: [IP_Flow 19-234] Refreshing IP repositories
INFO: [IP_Flow 19-1704] No user IP repositories specified
INFO: [IP_Flow 19-2313] Loaded Vivado IP repository '/tools/Xilinx/Vivado/2022.1/data/ip'.
WARNING: [IP_Flow 19-4832] The IP name 'mul512_fadd_32ns_32ns_32_5_full_dsp_1_ip' you have specified is long. The Windows operating system has path length limitations. It is recommended you use shorter names to reduce the likelihood of issues.
INFO: [IP_Flow 19-1686] Generating 'Synthesis' target for IP 'mul512_fadd_32ns_32ns_32_5_full_dsp_1_ip'...
INFO: [IP_Flow 19-1686] Generating 'Simulation' target for IP 'mul512_fadd_32ns_32ns_32_5_full_dsp_1_ip'...
WARNING: [IP_Flow 19-4832] The IP name 'mul512_fmul_32ns_32ns_32_4_max_dsp_1_ip' you have specified is long. The Windows operating system has path length limitations. It is recommended you use shorter names to reduce the likelihood of issues.
INFO: [IP_Flow 19-1686] Generating 'Synthesis' target for IP 'mul512_fmul_32ns_32ns_32_4_max_dsp_1_ip'...
INFO: [IP_Flow 19-1686] Generating 'Simulation' target for IP 'mul512_fmul_32ns_32ns_32_4_max_dsp_1_ip'...
WARNING: [IP_Flow 19-4832] The IP name 'mul512_fsub_32ns_32ns_32_5_full_dsp_1_ip' you have specified is long. The Windows operating system has path length limitations. It is recommended you use shorter names to reduce the likelihood of issues.
INFO: [IP_Flow 19-1686] Generating 'Synthesis' target for IP 'mul512_fsub_32ns_32ns_32_5_full_dsp_1_ip'...
INFO: [IP_Flow 19-1686] Generating 'Simulation' target for IP 'mul512_fsub_32ns_32ns_32_5_full_dsp_1_ip'...
INFO: [IP_Flow 19-234] Refreshing IP repositories
INFO: [IP_Flow 19-1704] No user IP repositories specified
INFO: [IP_Flow 19-2313] Loaded Vivado IP repository '/tools/Xilinx/Vivado/2022.1/data/ip'.
INFO: [Common 17-206] Exiting Vivado at Tue May  5 12:37:37 2026...
