Copyright 1986-2022 Xilinx, Inc. All Rights Reserved.
------------------------------------------------------------------------------------
| Tool Version : Vivado v.2022.1 (lin64) Build 3526262 Mon Apr 18 15:47:01 MDT 2022
| Date         : Wed May  6 00:48:16 2026
| Host         : adi-ubuntu running 64-bit Ubuntu 20.04.3 LTS
| Command      : upgrade_ip
| Device       : xc7z020clg484-1
------------------------------------------------------------------------------------

Upgrade Log for IP 'design_1_doppler_fft_256_0_0'

1. Summary
----------

SUCCESS in the upgrade of design_1_doppler_fft_256_0_0 (xilinx.com:hls:doppler_fft_256:1.0) from (Rev. 2114585630) to (Rev. 2114596059)






Copyright 1986-2022 Xilinx, Inc. All Rights Reserved.
------------------------------------------------------------------------------------
| Tool Version : Vivado v.2022.1 (lin64) Build 3526262 Mon Apr 18 15:47:01 MDT 2022
| Date         : Tue May  5 12:39:29 2026
| Host         : adi-ubuntu running 64-bit Ubuntu 20.04.3 LTS
| Command      : upgrade_ip
| Device       : xc7z020clg484-1
------------------------------------------------------------------------------------

Upgrade Log for IP 'design_1_mul512_0_0'

1. Summary
----------

SUCCESS in the upgrade of design_1_mul512_0_0 (xilinx.com:hls:mul512:1.0) from (Rev. 2114592749) to (Rev. 2114595517)






Copyright 1986-2022 Xilinx, Inc. All Rights Reserved.
------------------------------------------------------------------------------------
| Tool Version : Vivado v.2022.1 (lin64) Build 3526262 Mon Apr 18 15:47:01 MDT 2022
| Date         : Tue May  5 11:49:55 2026
| Host         : adi-ubuntu running 64-bit Ubuntu 20.04.3 LTS
| Command      : upgrade_ip
| Device       : xc7z020clg484-1
------------------------------------------------------------------------------------

Upgrade Log for IP 'design_1_trigger_ip_0_0'

1. Summary
----------

SUCCESS in the upgrade of design_1_trigger_ip_0_0 (xilinx.com:hls:trigger_ip:1.0) from (Rev. 2114595435) to (Rev. 2114595464)






Copyright 1986-2022 Xilinx, Inc. All Rights Reserved.
------------------------------------------------------------------------------------
| Tool Version : Vivado v.2022.1 (lin64) Build 3526262 Mon Apr 18 15:47:01 MDT 2022
| Date         : Tue May  5 11:19:15 2026
| Host         : adi-ubuntu running 64-bit Ubuntu 20.04.3 LTS
| Command      : upgrade_ip
| Device       : xc7z020clg484-1
------------------------------------------------------------------------------------

Upgrade Log for IP 'design_1_trigger_ip_0_0'

1. Summary
----------

SUCCESS in the upgrade of design_1_trigger_ip_0_0 (xilinx.com:hls:trigger_ip:1.0) from (Rev. 2114570477) to (Rev. 2114595435)

