

================================================================
== Vitis HLS Report for 'corr_multiplication_Pipeline_VITIS_LOOP_45_2'
================================================================
* Date:           Sun Apr 26 23:31:41 2026

* Version:        2022.1 (Build 3526262 on Mon Apr 18 15:47:01 MDT 2022)
* Project:        project_multiplication_ip
* Solution:       solution1 (Vivado IP Flow Target)
* Product family: zynq
* Target device:  xc7z020-clg484-1


================================================================
== Performance Estimates
================================================================
+ Timing: 
    * Summary: 
    +--------+----------+----------+------------+
    |  Clock |  Target  | Estimated| Uncertainty|
    +--------+----------+----------+------------+
    |ap_clk  |  10.00 ns|  7.256 ns|     2.70 ns|
    +--------+----------+----------+------------+

+ Latency: 
    * Summary: 
    +---------+---------+-----------+-----------+------+------+---------+
    |  Latency (cycles) |   Latency (absolute)  |   Interval  | Pipeline|
    |   min   |   max   |    min    |    max    |  min |  max |   Type  |
    +---------+---------+-----------+-----------+------+------+---------+
    |     1035|     1035|  10.350 us|  10.350 us|  1035|  1035|       no|
    +---------+---------+-----------+-----------+------+------+---------+

    + Detail: 
        * Instance: 
        N/A

        * Loop: 
        +-------------------+---------+---------+----------+-----------+-----------+------+----------+
        |                   |  Latency (cycles) | Iteration|  Initiation Interval  | Trip |          |
        |     Loop Name     |   min   |   max   |  Latency |  achieved |   target  | Count| Pipelined|
        +-------------------+---------+---------+----------+-----------+-----------+------+----------+
        |- VITIS_LOOP_45_2  |     1033|     1033|        11|          1|          1|  1024|       yes|
        +-------------------+---------+---------+----------+-----------+-----------+------+----------+

============================================================
+ Verbose Summary: Synthesis Manager
============================================================
InlineROM: 1
ExposeGlobal: 0
============================================================
+ Verbose Summary: CDFG Model
============================================================
IsTopModel: 0
ResetActiveHigh: 1
IsCombinational: 0
IsDatapathOnly: 0
HasWiredReturn: 1
HasMFsm: 2
HasVarLatency: 1
IsPipeline: 0
IsRtlPipelined: 0
IsInstanceOverlapped: 0
IsDontTouch: 0
HasImplIP: 0
IsGatedGlobalClock: 0

+ Individual pipeline summary: 
  * Pipeline-0: initiation interval (II) = 1, depth = 11


============================================================
+ Verbose Summary: Schedule
============================================================
* Number of FSM states : 11
* Pipeline : 1
  Pipeline-0 : II = 1, D = 11, States = { 1 2 3 4 5 6 7 8 9 10 11 }
* Dataflow Pipeline: 0

* FSM state transitions: 
1 --> 2 
2 --> 3 
3 --> 4 
4 --> 5 
5 --> 6 
6 --> 7 
7 --> 8 
8 --> 9 
9 --> 10 
10 --> 11 
11 --> 

* FSM state operations: 

State 1 <SV = 0> <Delay = 3.46>
ST_1 : Operation 14 [1/1] (0.00ns)   --->   "%i = alloca i32 1"   --->   Operation 14 'alloca' 'i' <Predicate = true> <Delay = 0.00>
ST_1 : Operation 15 [1/1] (0.00ns)   --->   "%specinterface_ln0 = specinterface void @_ssdm_op_SpecInterface, i1 %output_r_V_last_V, void @empty, i32 0, i32 0, void @empty_0, i32 0, i32 0, void @empty_1, void @empty_1, void @empty_1, i32 0, i32 0, i32 0, i32 0, void @empty_1, void @empty_1, i32 4294967295, i32 0"   --->   Operation 15 'specinterface' 'specinterface_ln0' <Predicate = true> <Delay = 0.00>
ST_1 : Operation 16 [1/1] (0.00ns)   --->   "%specinterface_ln0 = specinterface void @_ssdm_op_SpecInterface, i8 %output_r_V_strb_V, void @empty, i32 0, i32 0, void @empty_0, i32 0, i32 0, void @empty_1, void @empty_1, void @empty_1, i32 0, i32 0, i32 0, i32 0, void @empty_1, void @empty_1, i32 4294967295, i32 0"   --->   Operation 16 'specinterface' 'specinterface_ln0' <Predicate = true> <Delay = 0.00>
ST_1 : Operation 17 [1/1] (0.00ns)   --->   "%specinterface_ln0 = specinterface void @_ssdm_op_SpecInterface, i8 %output_r_V_keep_V, void @empty, i32 0, i32 0, void @empty_0, i32 0, i32 0, void @empty_1, void @empty_1, void @empty_1, i32 0, i32 0, i32 0, i32 0, void @empty_1, void @empty_1, i32 4294967295, i32 0"   --->   Operation 17 'specinterface' 'specinterface_ln0' <Predicate = true> <Delay = 0.00>
ST_1 : Operation 18 [1/1] (0.00ns)   --->   "%specinterface_ln0 = specinterface void @_ssdm_op_SpecInterface, i64 %output_r_V_data_V, void @empty, i32 0, i32 0, void @empty_0, i32 0, i32 0, void @empty_1, void @empty_1, void @empty_1, i32 0, i32 0, i32 0, i32 0, void @empty_1, void @empty_1, i32 4294967295, i32 0"   --->   Operation 18 'specinterface' 'specinterface_ln0' <Predicate = true> <Delay = 0.00>
ST_1 : Operation 19 [1/1] (0.00ns)   --->   "%specinterface_ln0 = specinterface void @_ssdm_op_SpecInterface, i1 %input_r_V_last_V, void @empty, i32 0, i32 0, void @empty_0, i32 0, i32 0, void @empty_1, void @empty_1, void @empty_1, i32 0, i32 0, i32 0, i32 0, void @empty_1, void @empty_1, i32 4294967295, i32 0"   --->   Operation 19 'specinterface' 'specinterface_ln0' <Predicate = true> <Delay = 0.00>
ST_1 : Operation 20 [1/1] (0.00ns)   --->   "%specinterface_ln0 = specinterface void @_ssdm_op_SpecInterface, i8 %input_r_V_strb_V, void @empty, i32 0, i32 0, void @empty_0, i32 0, i32 0, void @empty_1, void @empty_1, void @empty_1, i32 0, i32 0, i32 0, i32 0, void @empty_1, void @empty_1, i32 4294967295, i32 0"   --->   Operation 20 'specinterface' 'specinterface_ln0' <Predicate = true> <Delay = 0.00>
ST_1 : Operation 21 [1/1] (0.00ns)   --->   "%specinterface_ln0 = specinterface void @_ssdm_op_SpecInterface, i8 %input_r_V_keep_V, void @empty, i32 0, i32 0, void @empty_0, i32 0, i32 0, void @empty_1, void @empty_1, void @empty_1, i32 0, i32 0, i32 0, i32 0, void @empty_1, void @empty_1, i32 4294967295, i32 0"   --->   Operation 21 'specinterface' 'specinterface_ln0' <Predicate = true> <Delay = 0.00>
ST_1 : Operation 22 [1/1] (0.00ns)   --->   "%specinterface_ln0 = specinterface void @_ssdm_op_SpecInterface, i64 %input_r_V_data_V, void @empty, i32 0, i32 0, void @empty_0, i32 0, i32 0, void @empty_1, void @empty_1, void @empty_1, i32 0, i32 0, i32 0, i32 0, void @empty_1, void @empty_1, i32 4294967295, i32 0"   --->   Operation 22 'specinterface' 'specinterface_ln0' <Predicate = true> <Delay = 0.00>
ST_1 : Operation 23 [1/1] (1.58ns)   --->   "%store_ln0 = store i11 0, i11 %i"   --->   Operation 23 'store' 'store_ln0' <Predicate = true> <Delay = 1.58>
ST_1 : Operation 24 [1/1] (0.00ns)   --->   "%br_ln0 = br void %for.body43"   --->   Operation 24 'br' 'br_ln0' <Predicate = true> <Delay = 0.00>
ST_1 : Operation 25 [1/1] (0.00ns)   --->   "%i_1 = load i11 %i" [project_multiplication_ip/mul.cpp:45]   --->   Operation 25 'load' 'i_1' <Predicate = true> <Delay = 0.00>
ST_1 : Operation 26 [1/1] (0.00ns)   --->   "%specpipeline_ln0 = specpipeline void @_ssdm_op_SpecPipeline, i32 4294967295, i32 0, i32 1, i32 0, void @p_str"   --->   Operation 26 'specpipeline' 'specpipeline_ln0' <Predicate = true> <Delay = 0.00>
ST_1 : Operation 27 [1/1] (1.88ns)   --->   "%icmp_ln45 = icmp_eq  i11 %i_1, i11 1024" [project_multiplication_ip/mul.cpp:45]   --->   Operation 27 'icmp' 'icmp_ln45' <Predicate = true> <Delay = 1.88> <CoreInst = "Cmp">   --->   Core 9 'Cmp' <Latency = 0> <II = 1> <Delay = 1.88> <FuncUnit> <Opcode : 'icmp'> <InPorts = 2> <OutPorts = 1>
ST_1 : Operation 28 [1/1] (0.00ns)   --->   "%empty = speclooptripcount i32 @_ssdm_op_SpecLoopTripCount, i64 1024, i64 1024, i64 1024"   --->   Operation 28 'speclooptripcount' 'empty' <Predicate = true> <Delay = 0.00>
ST_1 : Operation 29 [1/1] (1.63ns)   --->   "%add_ln45 = add i11 %i_1, i11 1" [project_multiplication_ip/mul.cpp:45]   --->   Operation 29 'add' 'add_ln45' <Predicate = true> <Delay = 1.63> <CoreInst = "Adder">   --->   Core 1 'Adder' <Latency = 0> <II = 1> <Delay = 1.63> <FuncUnit> <Opcode : 'add' 'sub'> <InPorts = 2> <OutPorts = 1>
ST_1 : Operation 30 [1/1] (0.00ns)   --->   "%br_ln45 = br i1 %icmp_ln45, void %for.body43.split, void %for.end70.exitStub" [project_multiplication_ip/mul.cpp:45]   --->   Operation 30 'br' 'br_ln45' <Predicate = true> <Delay = 0.00>
ST_1 : Operation 31 [1/1] (0.00ns)   --->   "%i_1_cast = zext i11 %i_1" [project_multiplication_ip/mul.cpp:45]   --->   Operation 31 'zext' 'i_1_cast' <Predicate = (!icmp_ln45)> <Delay = 0.00>
ST_1 : Operation 32 [1/1] (0.00ns)   --->   "%empty_11 = read i81 @_ssdm_op_Read.axis.volatile.i64P0A.i8P0A.i8P0A.i1P0A, i64 %input_r_V_data_V, i8 %input_r_V_keep_V, i8 %input_r_V_strb_V, i1 %input_r_V_last_V"   --->   Operation 32 'read' 'empty_11' <Predicate = (!icmp_ln45)> <Delay = 0.00> <CoreInst = "axis">   --->   Core 115 'axis' <Latency = 0> <II = 1> <Delay = 1.00> <Adapter> <Opcode : >
ST_1 : Operation 33 [1/1] (0.00ns)   --->   "%p_s = extractvalue i81 %empty_11"   --->   Operation 33 'extractvalue' 'p_s' <Predicate = (!icmp_ln45)> <Delay = 0.00>
ST_1 : Operation 34 [1/1] (0.00ns)   --->   "%trunc_ln293 = trunc i64 %p_s"   --->   Operation 34 'trunc' 'trunc_ln293' <Predicate = (!icmp_ln45)> <Delay = 0.00>
ST_1 : Operation 35 [1/1] (0.00ns)   --->   "%trunc_ln293_3 = partselect i32 @_ssdm_op_PartSelect.i32.i64.i32.i32, i64 %p_s, i32 32, i32 63"   --->   Operation 35 'partselect' 'trunc_ln293_3' <Predicate = (!icmp_ln45)> <Delay = 0.00>
ST_1 : Operation 36 [1/1] (0.00ns)   --->   "%p_y_M_value = getelementptr i32 %gb_conj_M_value_1, i64 0, i64 %i_1_cast" [project_multiplication_ip/mul.cpp:48]   --->   Operation 36 'getelementptr' 'p_y_M_value' <Predicate = (!icmp_ln45)> <Delay = 0.00>
ST_1 : Operation 37 [1/1] (0.00ns)   --->   "%p_y_M_value_2 = getelementptr i32 %gb_conj_M_value, i64 0, i64 %i_1_cast" [project_multiplication_ip/mul.cpp:48]   --->   Operation 37 'getelementptr' 'p_y_M_value_2' <Predicate = (!icmp_ln45)> <Delay = 0.00>
ST_1 : Operation 38 [2/2] (3.25ns)   --->   "%p_t = load i10 %p_y_M_value"   --->   Operation 38 'load' 'p_t' <Predicate = (!icmp_ln45)> <Delay = 3.25> <CoreInst = "ROM">   --->   Core 95 'ROM' <Latency = 1> <II = 1> <Delay = 3.25> <Storage> <Opcode : 'load'> <Ports = 0> <Width = 32> <Depth = 1024> <ROM>
ST_1 : Operation 39 [2/2] (3.25ns)   --->   "%p_t_1 = load i10 %p_y_M_value_2"   --->   Operation 39 'load' 'p_t_1' <Predicate = (!icmp_ln45)> <Delay = 3.25> <CoreInst = "ROM">   --->   Core 95 'ROM' <Latency = 1> <II = 1> <Delay = 3.25> <Storage> <Opcode : 'load'> <Ports = 0> <Width = 32> <Depth = 1024> <ROM>
ST_1 : Operation 40 [1/1] (1.88ns)   --->   "%tmp_last_V = icmp_eq  i11 %i_1, i11 1023" [project_multiplication_ip/mul.cpp:51]   --->   Operation 40 'icmp' 'tmp_last_V' <Predicate = (!icmp_ln45)> <Delay = 1.88> <CoreInst = "Cmp">   --->   Core 9 'Cmp' <Latency = 0> <II = 1> <Delay = 1.88> <FuncUnit> <Opcode : 'icmp'> <InPorts = 2> <OutPorts = 1>
ST_1 : Operation 41 [1/1] (1.58ns)   --->   "%store_ln45 = store i11 %add_ln45, i11 %i" [project_multiplication_ip/mul.cpp:45]   --->   Operation 41 'store' 'store_ln45' <Predicate = (!icmp_ln45)> <Delay = 1.58>

State 2 <SV = 1> <Delay = 3.25>
ST_2 : Operation 42 [1/2] (3.25ns)   --->   "%p_t = load i10 %p_y_M_value"   --->   Operation 42 'load' 'p_t' <Predicate = true> <Delay = 3.25> <CoreInst = "ROM">   --->   Core 95 'ROM' <Latency = 1> <II = 1> <Delay = 3.25> <Storage> <Opcode : 'load'> <Ports = 0> <Width = 32> <Depth = 1024> <ROM>
ST_2 : Operation 43 [1/2] (3.25ns)   --->   "%p_t_1 = load i10 %p_y_M_value_2"   --->   Operation 43 'load' 'p_t_1' <Predicate = true> <Delay = 3.25> <CoreInst = "ROM">   --->   Core 95 'ROM' <Latency = 1> <II = 1> <Delay = 3.25> <Storage> <Opcode : 'load'> <Ports = 0> <Width = 32> <Depth = 1024> <ROM>

State 3 <SV = 2> <Delay = 5.70>
ST_3 : Operation 44 [1/1] (0.00ns)   --->   "%tmp_data_M_value_3 = bitcast i32 %trunc_ln293"   --->   Operation 44 'bitcast' 'tmp_data_M_value_3' <Predicate = true> <Delay = 0.00>
ST_3 : Operation 45 [1/1] (0.00ns)   --->   "%tmp_data_M_value_4 = bitcast i32 %trunc_ln293_3"   --->   Operation 45 'bitcast' 'tmp_data_M_value_4' <Predicate = true> <Delay = 0.00>
ST_3 : Operation 46 [4/4] (5.70ns)   --->   "%mul_ac_i_i1 = fmul i32 %tmp_data_M_value_3, i32 %p_t"   --->   Operation 46 'fmul' 'mul_ac_i_i1' <Predicate = true> <Delay = 5.70> <CoreInst = "FMul_maxdsp">   --->   Core 30 'FMul_maxdsp' <Latency = 3> <II = 1> <Delay = 5.70> <FuncUnit> <Opcode : 'fmul'> <InPorts = 2> <OutPorts = 1>
ST_3 : Operation 47 [4/4] (5.70ns)   --->   "%mul_bd_i_i1 = fmul i32 %tmp_data_M_value_4, i32 %p_t_1"   --->   Operation 47 'fmul' 'mul_bd_i_i1' <Predicate = true> <Delay = 5.70> <CoreInst = "FMul_maxdsp">   --->   Core 30 'FMul_maxdsp' <Latency = 3> <II = 1> <Delay = 5.70> <FuncUnit> <Opcode : 'fmul'> <InPorts = 2> <OutPorts = 1>
ST_3 : Operation 48 [4/4] (5.70ns)   --->   "%mul_ad_i_i1 = fmul i32 %tmp_data_M_value_3, i32 %p_t_1"   --->   Operation 48 'fmul' 'mul_ad_i_i1' <Predicate = true> <Delay = 5.70> <CoreInst = "FMul_maxdsp">   --->   Core 30 'FMul_maxdsp' <Latency = 3> <II = 1> <Delay = 5.70> <FuncUnit> <Opcode : 'fmul'> <InPorts = 2> <OutPorts = 1>
ST_3 : Operation 49 [4/4] (5.70ns)   --->   "%mul_bc_i_i1 = fmul i32 %tmp_data_M_value_4, i32 %p_t"   --->   Operation 49 'fmul' 'mul_bc_i_i1' <Predicate = true> <Delay = 5.70> <CoreInst = "FMul_maxdsp">   --->   Core 30 'FMul_maxdsp' <Latency = 3> <II = 1> <Delay = 5.70> <FuncUnit> <Opcode : 'fmul'> <InPorts = 2> <OutPorts = 1>

State 4 <SV = 3> <Delay = 5.70>
ST_4 : Operation 50 [3/4] (5.70ns)   --->   "%mul_ac_i_i1 = fmul i32 %tmp_data_M_value_3, i32 %p_t"   --->   Operation 50 'fmul' 'mul_ac_i_i1' <Predicate = true> <Delay = 5.70> <CoreInst = "FMul_maxdsp">   --->   Core 30 'FMul_maxdsp' <Latency = 3> <II = 1> <Delay = 5.70> <FuncUnit> <Opcode : 'fmul'> <InPorts = 2> <OutPorts = 1>
ST_4 : Operation 51 [3/4] (5.70ns)   --->   "%mul_bd_i_i1 = fmul i32 %tmp_data_M_value_4, i32 %p_t_1"   --->   Operation 51 'fmul' 'mul_bd_i_i1' <Predicate = true> <Delay = 5.70> <CoreInst = "FMul_maxdsp">   --->   Core 30 'FMul_maxdsp' <Latency = 3> <II = 1> <Delay = 5.70> <FuncUnit> <Opcode : 'fmul'> <InPorts = 2> <OutPorts = 1>
ST_4 : Operation 52 [3/4] (5.70ns)   --->   "%mul_ad_i_i1 = fmul i32 %tmp_data_M_value_3, i32 %p_t_1"   --->   Operation 52 'fmul' 'mul_ad_i_i1' <Predicate = true> <Delay = 5.70> <CoreInst = "FMul_maxdsp">   --->   Core 30 'FMul_maxdsp' <Latency = 3> <II = 1> <Delay = 5.70> <FuncUnit> <Opcode : 'fmul'> <InPorts = 2> <OutPorts = 1>
ST_4 : Operation 53 [3/4] (5.70ns)   --->   "%mul_bc_i_i1 = fmul i32 %tmp_data_M_value_4, i32 %p_t"   --->   Operation 53 'fmul' 'mul_bc_i_i1' <Predicate = true> <Delay = 5.70> <CoreInst = "FMul_maxdsp">   --->   Core 30 'FMul_maxdsp' <Latency = 3> <II = 1> <Delay = 5.70> <FuncUnit> <Opcode : 'fmul'> <InPorts = 2> <OutPorts = 1>

State 5 <SV = 4> <Delay = 5.70>
ST_5 : Operation 54 [2/4] (5.70ns)   --->   "%mul_ac_i_i1 = fmul i32 %tmp_data_M_value_3, i32 %p_t"   --->   Operation 54 'fmul' 'mul_ac_i_i1' <Predicate = true> <Delay = 5.70> <CoreInst = "FMul_maxdsp">   --->   Core 30 'FMul_maxdsp' <Latency = 3> <II = 1> <Delay = 5.70> <FuncUnit> <Opcode : 'fmul'> <InPorts = 2> <OutPorts = 1>
ST_5 : Operation 55 [2/4] (5.70ns)   --->   "%mul_bd_i_i1 = fmul i32 %tmp_data_M_value_4, i32 %p_t_1"   --->   Operation 55 'fmul' 'mul_bd_i_i1' <Predicate = true> <Delay = 5.70> <CoreInst = "FMul_maxdsp">   --->   Core 30 'FMul_maxdsp' <Latency = 3> <II = 1> <Delay = 5.70> <FuncUnit> <Opcode : 'fmul'> <InPorts = 2> <OutPorts = 1>
ST_5 : Operation 56 [2/4] (5.70ns)   --->   "%mul_ad_i_i1 = fmul i32 %tmp_data_M_value_3, i32 %p_t_1"   --->   Operation 56 'fmul' 'mul_ad_i_i1' <Predicate = true> <Delay = 5.70> <CoreInst = "FMul_maxdsp">   --->   Core 30 'FMul_maxdsp' <Latency = 3> <II = 1> <Delay = 5.70> <FuncUnit> <Opcode : 'fmul'> <InPorts = 2> <OutPorts = 1>
ST_5 : Operation 57 [2/4] (5.70ns)   --->   "%mul_bc_i_i1 = fmul i32 %tmp_data_M_value_4, i32 %p_t"   --->   Operation 57 'fmul' 'mul_bc_i_i1' <Predicate = true> <Delay = 5.70> <CoreInst = "FMul_maxdsp">   --->   Core 30 'FMul_maxdsp' <Latency = 3> <II = 1> <Delay = 5.70> <FuncUnit> <Opcode : 'fmul'> <InPorts = 2> <OutPorts = 1>

State 6 <SV = 5> <Delay = 5.70>
ST_6 : Operation 58 [1/4] (5.70ns)   --->   "%mul_ac_i_i1 = fmul i32 %tmp_data_M_value_3, i32 %p_t"   --->   Operation 58 'fmul' 'mul_ac_i_i1' <Predicate = true> <Delay = 5.70> <CoreInst = "FMul_maxdsp">   --->   Core 30 'FMul_maxdsp' <Latency = 3> <II = 1> <Delay = 5.70> <FuncUnit> <Opcode : 'fmul'> <InPorts = 2> <OutPorts = 1>
ST_6 : Operation 59 [1/4] (5.70ns)   --->   "%mul_bd_i_i1 = fmul i32 %tmp_data_M_value_4, i32 %p_t_1"   --->   Operation 59 'fmul' 'mul_bd_i_i1' <Predicate = true> <Delay = 5.70> <CoreInst = "FMul_maxdsp">   --->   Core 30 'FMul_maxdsp' <Latency = 3> <II = 1> <Delay = 5.70> <FuncUnit> <Opcode : 'fmul'> <InPorts = 2> <OutPorts = 1>
ST_6 : Operation 60 [1/4] (5.70ns)   --->   "%mul_ad_i_i1 = fmul i32 %tmp_data_M_value_3, i32 %p_t_1"   --->   Operation 60 'fmul' 'mul_ad_i_i1' <Predicate = true> <Delay = 5.70> <CoreInst = "FMul_maxdsp">   --->   Core 30 'FMul_maxdsp' <Latency = 3> <II = 1> <Delay = 5.70> <FuncUnit> <Opcode : 'fmul'> <InPorts = 2> <OutPorts = 1>
ST_6 : Operation 61 [1/4] (5.70ns)   --->   "%mul_bc_i_i1 = fmul i32 %tmp_data_M_value_4, i32 %p_t"   --->   Operation 61 'fmul' 'mul_bc_i_i1' <Predicate = true> <Delay = 5.70> <CoreInst = "FMul_maxdsp">   --->   Core 30 'FMul_maxdsp' <Latency = 3> <II = 1> <Delay = 5.70> <FuncUnit> <Opcode : 'fmul'> <InPorts = 2> <OutPorts = 1>

State 7 <SV = 6> <Delay = 7.25>
ST_7 : Operation 62 [5/5] (7.25ns)   --->   "%p_r_M_value = fsub i32 %mul_ac_i_i1, i32 %mul_bd_i_i1"   --->   Operation 62 'fsub' 'p_r_M_value' <Predicate = true> <Delay = 7.25> <CoreInst = "FAddSub_fulldsp">   --->   Core 18 'FAddSub_fulldsp' <Latency = 4> <II = 1> <Delay = 7.25> <FuncUnit> <Opcode : 'fadd' 'fsub'> <InPorts = 2> <OutPorts = 1>
ST_7 : Operation 63 [5/5] (7.25ns)   --->   "%p_r_M_value_4 = fadd i32 %mul_ad_i_i1, i32 %mul_bc_i_i1"   --->   Operation 63 'fadd' 'p_r_M_value_4' <Predicate = true> <Delay = 7.25> <CoreInst = "FAddSub_fulldsp">   --->   Core 18 'FAddSub_fulldsp' <Latency = 4> <II = 1> <Delay = 7.25> <FuncUnit> <Opcode : 'fadd' 'fsub'> <InPorts = 2> <OutPorts = 1>

State 8 <SV = 7> <Delay = 7.25>
ST_8 : Operation 64 [4/5] (7.25ns)   --->   "%p_r_M_value = fsub i32 %mul_ac_i_i1, i32 %mul_bd_i_i1"   --->   Operation 64 'fsub' 'p_r_M_value' <Predicate = true> <Delay = 7.25> <CoreInst = "FAddSub_fulldsp">   --->   Core 18 'FAddSub_fulldsp' <Latency = 4> <II = 1> <Delay = 7.25> <FuncUnit> <Opcode : 'fadd' 'fsub'> <InPorts = 2> <OutPorts = 1>
ST_8 : Operation 65 [4/5] (7.25ns)   --->   "%p_r_M_value_4 = fadd i32 %mul_ad_i_i1, i32 %mul_bc_i_i1"   --->   Operation 65 'fadd' 'p_r_M_value_4' <Predicate = true> <Delay = 7.25> <CoreInst = "FAddSub_fulldsp">   --->   Core 18 'FAddSub_fulldsp' <Latency = 4> <II = 1> <Delay = 7.25> <FuncUnit> <Opcode : 'fadd' 'fsub'> <InPorts = 2> <OutPorts = 1>

State 9 <SV = 8> <Delay = 7.25>
ST_9 : Operation 66 [3/5] (7.25ns)   --->   "%p_r_M_value = fsub i32 %mul_ac_i_i1, i32 %mul_bd_i_i1"   --->   Operation 66 'fsub' 'p_r_M_value' <Predicate = true> <Delay = 7.25> <CoreInst = "FAddSub_fulldsp">   --->   Core 18 'FAddSub_fulldsp' <Latency = 4> <II = 1> <Delay = 7.25> <FuncUnit> <Opcode : 'fadd' 'fsub'> <InPorts = 2> <OutPorts = 1>
ST_9 : Operation 67 [3/5] (7.25ns)   --->   "%p_r_M_value_4 = fadd i32 %mul_ad_i_i1, i32 %mul_bc_i_i1"   --->   Operation 67 'fadd' 'p_r_M_value_4' <Predicate = true> <Delay = 7.25> <CoreInst = "FAddSub_fulldsp">   --->   Core 18 'FAddSub_fulldsp' <Latency = 4> <II = 1> <Delay = 7.25> <FuncUnit> <Opcode : 'fadd' 'fsub'> <InPorts = 2> <OutPorts = 1>

State 10 <SV = 9> <Delay = 7.25>
ST_10 : Operation 68 [2/5] (7.25ns)   --->   "%p_r_M_value = fsub i32 %mul_ac_i_i1, i32 %mul_bd_i_i1"   --->   Operation 68 'fsub' 'p_r_M_value' <Predicate = true> <Delay = 7.25> <CoreInst = "FAddSub_fulldsp">   --->   Core 18 'FAddSub_fulldsp' <Latency = 4> <II = 1> <Delay = 7.25> <FuncUnit> <Opcode : 'fadd' 'fsub'> <InPorts = 2> <OutPorts = 1>
ST_10 : Operation 69 [2/5] (7.25ns)   --->   "%p_r_M_value_4 = fadd i32 %mul_ad_i_i1, i32 %mul_bc_i_i1"   --->   Operation 69 'fadd' 'p_r_M_value_4' <Predicate = true> <Delay = 7.25> <CoreInst = "FAddSub_fulldsp">   --->   Core 18 'FAddSub_fulldsp' <Latency = 4> <II = 1> <Delay = 7.25> <FuncUnit> <Opcode : 'fadd' 'fsub'> <InPorts = 2> <OutPorts = 1>
ST_10 : Operation 78 [1/1] (0.00ns)   --->   "%ret_ln0 = ret"   --->   Operation 78 'ret' 'ret_ln0' <Predicate = (icmp_ln45)> <Delay = 0.00>

State 11 <SV = 10> <Delay = 7.25>
ST_11 : Operation 70 [1/1] (0.00ns)   --->   "%specloopname_ln0 = specloopname void @_ssdm_op_SpecLoopName, void @empty_4"   --->   Operation 70 'specloopname' 'specloopname_ln0' <Predicate = true> <Delay = 0.00>
ST_11 : Operation 71 [1/5] (7.25ns)   --->   "%p_r_M_value = fsub i32 %mul_ac_i_i1, i32 %mul_bd_i_i1"   --->   Operation 71 'fsub' 'p_r_M_value' <Predicate = true> <Delay = 7.25> <CoreInst = "FAddSub_fulldsp">   --->   Core 18 'FAddSub_fulldsp' <Latency = 4> <II = 1> <Delay = 7.25> <FuncUnit> <Opcode : 'fadd' 'fsub'> <InPorts = 2> <OutPorts = 1>
ST_11 : Operation 72 [1/5] (7.25ns)   --->   "%p_r_M_value_4 = fadd i32 %mul_ad_i_i1, i32 %mul_bc_i_i1"   --->   Operation 72 'fadd' 'p_r_M_value_4' <Predicate = true> <Delay = 7.25> <CoreInst = "FAddSub_fulldsp">   --->   Core 18 'FAddSub_fulldsp' <Latency = 4> <II = 1> <Delay = 7.25> <FuncUnit> <Opcode : 'fadd' 'fsub'> <InPorts = 2> <OutPorts = 1>
ST_11 : Operation 73 [1/1] (0.00ns)   --->   "%bitcast_ln304 = bitcast i32 %p_r_M_value"   --->   Operation 73 'bitcast' 'bitcast_ln304' <Predicate = true> <Delay = 0.00>
ST_11 : Operation 74 [1/1] (0.00ns)   --->   "%bitcast_ln304_1 = bitcast i32 %p_r_M_value_4"   --->   Operation 74 'bitcast' 'bitcast_ln304_1' <Predicate = true> <Delay = 0.00>
ST_11 : Operation 75 [1/1] (0.00ns)   --->   "%p_0 = bitconcatenate i64 @_ssdm_op_BitConcatenate.i64.i32.i32, i32 %bitcast_ln304_1, i32 %bitcast_ln304"   --->   Operation 75 'bitconcatenate' 'p_0' <Predicate = true> <Delay = 0.00>
ST_11 : Operation 76 [1/1] (0.00ns)   --->   "%write_ln304 = write void @_ssdm_op_Write.axis.volatile.i64P0A.i8P0A.i8P0A.i1P0A, i64 %output_r_V_data_V, i8 %output_r_V_keep_V, i8 %output_r_V_strb_V, i1 %output_r_V_last_V, i64 %p_0, i8 255, i8 0, i1 %tmp_last_V"   --->   Operation 76 'write' 'write_ln304' <Predicate = true> <Delay = 0.00> <CoreInst = "axis">   --->   Core 115 'axis' <Latency = 0> <II = 1> <Delay = 1.00> <Adapter> <Opcode : >
ST_11 : Operation 77 [1/1] (0.00ns)   --->   "%br_ln45 = br void %for.body43" [project_multiplication_ip/mul.cpp:45]   --->   Operation 77 'br' 'br_ln45' <Predicate = true> <Delay = 0.00>


============================================================
+ Verbose Summary: Timing violations
============================================================
Target clock period: 10ns, clock uncertainty: 2.7ns.

 <State 1>: 3.47ns
The critical path consists of the following:
	'alloca' operation ('i') [11]  (0 ns)
	'load' operation ('i', project_multiplication_ip/mul.cpp:45) on local variable 'i' [23]  (0 ns)
	'getelementptr' operation ('__y._M_value', project_multiplication_ip/mul.cpp:48) [38]  (0 ns)
	'load' operation ('__t') on array 'gb_conj_M_value_1' [40]  (3.25 ns)
	blocking operation 0.214 ns on control path)

 <State 2>: 3.25ns
The critical path consists of the following:
	'load' operation ('__t') on array 'gb_conj_M_value_1' [40]  (3.25 ns)

 <State 3>: 5.7ns
The critical path consists of the following:
	'fmul' operation ('mul_ac_i_i1') [42]  (5.7 ns)

 <State 4>: 5.7ns
The critical path consists of the following:
	'fmul' operation ('mul_ac_i_i1') [42]  (5.7 ns)

 <State 5>: 5.7ns
The critical path consists of the following:
	'fmul' operation ('mul_ac_i_i1') [42]  (5.7 ns)

 <State 6>: 5.7ns
The critical path consists of the following:
	'fmul' operation ('mul_ac_i_i1') [42]  (5.7 ns)

 <State 7>: 7.26ns
The critical path consists of the following:
	'fsub' operation ('__r._M_value') [46]  (7.26 ns)

 <State 8>: 7.26ns
The critical path consists of the following:
	'fsub' operation ('__r._M_value') [46]  (7.26 ns)

 <State 9>: 7.26ns
The critical path consists of the following:
	'fsub' operation ('__r._M_value') [46]  (7.26 ns)

 <State 10>: 7.26ns
The critical path consists of the following:
	'fsub' operation ('__r._M_value') [46]  (7.26 ns)

 <State 11>: 7.26ns
The critical path consists of the following:
	'fsub' operation ('__r._M_value') [46]  (7.26 ns)


============================================================
+ Verbose Summary: Binding
============================================================
N/A
* FSMD analyzer results:
  - Output states:
 - Input state : 
  - Chain level:
	State 1
	State 2
	State 3
	State 4
	State 5
	State 6
	State 7
	State 8
	State 9
	State 10
	State 11


============================================================
+ Verbose Summary: Datapath Resource usage 
============================================================
N/A
