

================================================================
== Vitis HLS Report for 'corr_multiplication_Pipeline_VITIS_LOOP_45_2'
================================================================
* Date:           Sun Apr 26 23:31:41 2026

* Version:        2022.1 (Build 3526262 on Mon Apr 18 15:47:01 MDT 2022)
* Project:        project_multiplication_ip
* Solution:       solution1 (Vivado IP Flow Target)
* Product family: zynq
* Target device:  xc7z020-clg484-1


================================================================
== Performance Estimates
================================================================
+ Timing: 
    * Summary: 
    +--------+----------+----------+------------+
    |  Clock |  Target  | Estimated| Uncertainty|
    +--------+----------+----------+------------+
    |ap_clk  |  10.00 ns|  7.256 ns|     2.70 ns|
    +--------+----------+----------+------------+

+ Latency: 
    * Summary: 
    +---------+---------+-----------+-----------+------+------+---------+
    |  Latency (cycles) |   Latency (absolute)  |   Interval  | Pipeline|
    |   min   |   max   |    min    |    max    |  min |  max |   Type  |
    +---------+---------+-----------+-----------+------+------+---------+
    |     1035|     1035|  10.350 us|  10.350 us|  1035|  1035|       no|
    +---------+---------+-----------+-----------+------+------+---------+

    + Detail: 
        * Instance: 
        N/A

        * Loop: 
        +-------------------+---------+---------+----------+-----------+-----------+------+----------+
        |                   |  Latency (cycles) | Iteration|  Initiation Interval  | Trip |          |
        |     Loop Name     |   min   |   max   |  Latency |  achieved |   target  | Count| Pipelined|
        +-------------------+---------+---------+----------+-----------+-----------+------+----------+
        |- VITIS_LOOP_45_2  |     1033|     1033|        11|          1|          1|  1024|       yes|
        +-------------------+---------+---------+----------+-----------+-----------+------+----------+



================================================================
== Utilization Estimates
================================================================
* Summary: 
+-----------------+---------+-----+--------+-------+-----+
|       Name      | BRAM_18K| DSP |   FF   |  LUT  | URAM|
+-----------------+---------+-----+--------+-------+-----+
|DSP              |        -|    -|       -|      -|    -|
|Expression       |        -|    -|       0|     41|    -|
|FIFO             |        -|    -|       -|      -|    -|
|Instance         |        -|    -|       -|      -|    -|
|Memory           |        4|    -|       0|      0|    -|
|Multiplexer      |        -|    -|       -|     54|    -|
|Register         |        -|    -|     417|     32|    -|
+-----------------+---------+-----+--------+-------+-----+
|Total            |        4|    0|     417|    127|    0|
+-----------------+---------+-----+--------+-------+-----+
|Available        |      280|  220|  106400|  53200|    0|
+-----------------+---------+-----+--------+-------+-----+
|Utilization (%)  |        1|    0|      ~0|     ~0|    0|
+-----------------+---------+-----+--------+-------+-----+

+ Detail: 
    * Instance: 
    N/A

    * DSP: 
    N/A

    * Memory: 
    +---------------------+----------------------------------------------------------------------------+---------+---+----+-----+------+-----+------+-------------+
    |        Memory       |                                   Module                                   | BRAM_18K| FF| LUT| URAM| Words| Bits| Banks| W*Bits*Banks|
    +---------------------+----------------------------------------------------------------------------+---------+---+----+-----+------+-----+------+-------------+
    |gb_conj_M_value_1_U  |corr_multiplication_Pipeline_VITIS_LOOP_45_2_gb_conj_M_value_1_ROM_AUTO_1R  |        2|  0|   0|    0|  1024|   32|     1|        32768|
    |gb_conj_M_value_U    |corr_multiplication_Pipeline_VITIS_LOOP_45_2_gb_conj_M_value_ROM_AUTO_1R    |        2|  0|   0|    0|  1024|   32|     1|        32768|
    +---------------------+----------------------------------------------------------------------------+---------+---+----+-----+------+-----+------+-------------+
    |Total                |                                                                            |        4|  0|   0|    0|  2048|   64|     2|        65536|
    +---------------------+----------------------------------------------------------------------------+---------+---+----+-----+------+-----+------+-------------+

    * FIFO: 
    N/A

    * Expression: 
    +----------------------------------+----------+----+---+----+------------+------------+
    |           Variable Name          | Operation| DSP| FF| LUT| Bitwidth P0| Bitwidth P1|
    +----------------------------------+----------+----+---+----+------------+------------+
    |add_ln45_fu_170_p2                |         +|   0|  0|  12|          11|           1|
    |ap_block_state1_pp0_stage0_iter0  |       and|   0|  0|   2|           1|           1|
    |icmp_ln45_fu_164_p2               |      icmp|   0|  0|  12|          11|          12|
    |tmp_last_V_fu_200_p2              |      icmp|   0|  0|  11|          11|          10|
    |ap_block_pp0_stage0_00001         |        or|   0|  0|   2|           1|           1|
    |ap_enable_pp0                     |       xor|   0|  0|   2|           1|           2|
    +----------------------------------+----------+----+---+----+------------+------------+
    |Total                             |          |   0|  0|  41|          36|          27|
    +----------------------------------+----------+----+---+----+------------+------------+

    * Multiplexer: 
    +-------------------------+----+-----------+-----+-----------+
    |           Name          | LUT| Input Size| Bits| Total Bits|
    +-------------------------+----+-----------+-----+-----------+
    |ap_done_int              |   9|          2|    1|          2|
    |ap_enable_reg_pp0_iter1  |   9|          2|    1|          2|
    |ap_sig_allocacmp_i_1     |   9|          2|   11|         22|
    |i_fu_72                  |   9|          2|   11|         22|
    |input_r_TDATA_blk_n      |   9|          2|    1|          2|
    |output_r_TDATA_blk_n     |   9|          2|    1|          2|
    +-------------------------+----+-----------+-----+-----------+
    |Total                    |  54|         12|   26|         52|
    +-------------------------+----+-----------+-----+-----------+

    * Register: 
    +-------------------------------------+----+----+-----+-----------+
    |                 Name                | FF | LUT| Bits| Const Bits|
    +-------------------------------------+----+----+-----+-----------+
    |ap_CS_fsm                            |   1|   0|    1|          0|
    |ap_done_reg                          |   1|   0|    1|          0|
    |ap_enable_reg_pp0_iter1              |   1|   0|    1|          0|
    |ap_enable_reg_pp0_iter10             |   1|   0|    1|          0|
    |ap_enable_reg_pp0_iter2              |   1|   0|    1|          0|
    |ap_enable_reg_pp0_iter3              |   1|   0|    1|          0|
    |ap_enable_reg_pp0_iter4              |   1|   0|    1|          0|
    |ap_enable_reg_pp0_iter5              |   1|   0|    1|          0|
    |ap_enable_reg_pp0_iter6              |   1|   0|    1|          0|
    |ap_enable_reg_pp0_iter7              |   1|   0|    1|          0|
    |ap_enable_reg_pp0_iter8              |   1|   0|    1|          0|
    |ap_enable_reg_pp0_iter9              |   1|   0|    1|          0|
    |ap_loop_exit_ready_pp0_iter1_reg     |   1|   0|    1|          0|
    |ap_loop_exit_ready_pp0_iter2_reg     |   1|   0|    1|          0|
    |ap_loop_exit_ready_pp0_iter3_reg     |   1|   0|    1|          0|
    |ap_loop_exit_ready_pp0_iter4_reg     |   1|   0|    1|          0|
    |ap_loop_exit_ready_pp0_iter5_reg     |   1|   0|    1|          0|
    |ap_loop_exit_ready_pp0_iter6_reg     |   1|   0|    1|          0|
    |ap_loop_exit_ready_pp0_iter7_reg     |   1|   0|    1|          0|
    |ap_loop_exit_ready_pp0_iter8_reg     |   1|   0|    1|          0|
    |ap_loop_exit_ready_pp0_iter9_reg     |   1|   0|    1|          0|
    |i_fu_72                              |  11|   0|   11|          0|
    |mul_ac_i_i1_reg_298                  |  32|   0|   32|          0|
    |mul_ad_i_i1_reg_308                  |  32|   0|   32|          0|
    |mul_bc_i_i1_reg_313                  |  32|   0|   32|          0|
    |mul_bd_i_i1_reg_303                  |  32|   0|   32|          0|
    |p_t_1_reg_280                        |  32|   0|   32|          0|
    |p_t_reg_274                          |  32|   0|   32|          0|
    |tmp_last_V_reg_269                   |   1|   0|    1|          0|
    |trunc_ln293_3_reg_254                |  32|   0|   32|          0|
    |trunc_ln293_3_reg_254_pp0_iter1_reg  |  32|   0|   32|          0|
    |trunc_ln293_reg_249                  |  32|   0|   32|          0|
    |trunc_ln293_reg_249_pp0_iter1_reg    |  32|   0|   32|          0|
    |tmp_last_V_reg_269                   |  64|  32|    1|          0|
    +-------------------------------------+----+----+-----+-----------+
    |Total                                | 417|  32|  354|          0|
    +-------------------------------------+----+----+-----+-----------+



================================================================
== Interface
================================================================
* Summary: 
+---------------------+-----+-----+------------+----------------------------------------------+--------------+
|      RTL Ports      | Dir | Bits|  Protocol  |                 Source Object                |    C Type    |
+---------------------+-----+-----+------------+----------------------------------------------+--------------+
|ap_clk               |   in|    1|  ap_ctrl_hs|  corr_multiplication_Pipeline_VITIS_LOOP_45_2|  return value|
|ap_rst               |   in|    1|  ap_ctrl_hs|  corr_multiplication_Pipeline_VITIS_LOOP_45_2|  return value|
|ap_start             |   in|    1|  ap_ctrl_hs|  corr_multiplication_Pipeline_VITIS_LOOP_45_2|  return value|
|ap_done              |  out|    1|  ap_ctrl_hs|  corr_multiplication_Pipeline_VITIS_LOOP_45_2|  return value|
|ap_idle              |  out|    1|  ap_ctrl_hs|  corr_multiplication_Pipeline_VITIS_LOOP_45_2|  return value|
|ap_ready             |  out|    1|  ap_ctrl_hs|  corr_multiplication_Pipeline_VITIS_LOOP_45_2|  return value|
|grp_fu_100_p_din0    |  out|   32|  ap_ctrl_hs|  corr_multiplication_Pipeline_VITIS_LOOP_45_2|  return value|
|grp_fu_100_p_din1    |  out|   32|  ap_ctrl_hs|  corr_multiplication_Pipeline_VITIS_LOOP_45_2|  return value|
|grp_fu_100_p_opcode  |  out|    2|  ap_ctrl_hs|  corr_multiplication_Pipeline_VITIS_LOOP_45_2|  return value|
|grp_fu_100_p_dout0   |   in|   32|  ap_ctrl_hs|  corr_multiplication_Pipeline_VITIS_LOOP_45_2|  return value|
|grp_fu_100_p_ce      |  out|    1|  ap_ctrl_hs|  corr_multiplication_Pipeline_VITIS_LOOP_45_2|  return value|
|grp_fu_104_p_din0    |  out|   32|  ap_ctrl_hs|  corr_multiplication_Pipeline_VITIS_LOOP_45_2|  return value|
|grp_fu_104_p_din1    |  out|   32|  ap_ctrl_hs|  corr_multiplication_Pipeline_VITIS_LOOP_45_2|  return value|
|grp_fu_104_p_opcode  |  out|    2|  ap_ctrl_hs|  corr_multiplication_Pipeline_VITIS_LOOP_45_2|  return value|
|grp_fu_104_p_dout0   |   in|   32|  ap_ctrl_hs|  corr_multiplication_Pipeline_VITIS_LOOP_45_2|  return value|
|grp_fu_104_p_ce      |  out|    1|  ap_ctrl_hs|  corr_multiplication_Pipeline_VITIS_LOOP_45_2|  return value|
|grp_fu_108_p_din0    |  out|   32|  ap_ctrl_hs|  corr_multiplication_Pipeline_VITIS_LOOP_45_2|  return value|
|grp_fu_108_p_din1    |  out|   32|  ap_ctrl_hs|  corr_multiplication_Pipeline_VITIS_LOOP_45_2|  return value|
|grp_fu_108_p_dout0   |   in|   32|  ap_ctrl_hs|  corr_multiplication_Pipeline_VITIS_LOOP_45_2|  return value|
|grp_fu_108_p_ce      |  out|    1|  ap_ctrl_hs|  corr_multiplication_Pipeline_VITIS_LOOP_45_2|  return value|
|grp_fu_112_p_din0    |  out|   32|  ap_ctrl_hs|  corr_multiplication_Pipeline_VITIS_LOOP_45_2|  return value|
|grp_fu_112_p_din1    |  out|   32|  ap_ctrl_hs|  corr_multiplication_Pipeline_VITIS_LOOP_45_2|  return value|
|grp_fu_112_p_dout0   |   in|   32|  ap_ctrl_hs|  corr_multiplication_Pipeline_VITIS_LOOP_45_2|  return value|
|grp_fu_112_p_ce      |  out|    1|  ap_ctrl_hs|  corr_multiplication_Pipeline_VITIS_LOOP_45_2|  return value|
|grp_fu_116_p_din0    |  out|   32|  ap_ctrl_hs|  corr_multiplication_Pipeline_VITIS_LOOP_45_2|  return value|
|grp_fu_116_p_din1    |  out|   32|  ap_ctrl_hs|  corr_multiplication_Pipeline_VITIS_LOOP_45_2|  return value|
|grp_fu_116_p_dout0   |   in|   32|  ap_ctrl_hs|  corr_multiplication_Pipeline_VITIS_LOOP_45_2|  return value|
|grp_fu_116_p_ce      |  out|    1|  ap_ctrl_hs|  corr_multiplication_Pipeline_VITIS_LOOP_45_2|  return value|
|grp_fu_120_p_din0    |  out|   32|  ap_ctrl_hs|  corr_multiplication_Pipeline_VITIS_LOOP_45_2|  return value|
|grp_fu_120_p_din1    |  out|   32|  ap_ctrl_hs|  corr_multiplication_Pipeline_VITIS_LOOP_45_2|  return value|
|grp_fu_120_p_dout0   |   in|   32|  ap_ctrl_hs|  corr_multiplication_Pipeline_VITIS_LOOP_45_2|  return value|
|grp_fu_120_p_ce      |  out|    1|  ap_ctrl_hs|  corr_multiplication_Pipeline_VITIS_LOOP_45_2|  return value|
|input_r_TVALID       |   in|    1|        axis|                              input_r_V_data_V|       pointer|
|input_r_TDATA        |   in|   64|        axis|                              input_r_V_data_V|       pointer|
|output_r_TREADY      |   in|    1|        axis|                             output_r_V_data_V|       pointer|
|output_r_TDATA       |  out|   64|        axis|                             output_r_V_data_V|       pointer|
|input_r_TREADY       |  out|    1|        axis|                              input_r_V_last_V|       pointer|
|input_r_TLAST        |   in|    1|        axis|                              input_r_V_last_V|       pointer|
|input_r_TKEEP        |   in|    8|        axis|                              input_r_V_keep_V|       pointer|
|input_r_TSTRB        |   in|    8|        axis|                              input_r_V_strb_V|       pointer|
|output_r_TVALID      |  out|    1|        axis|                             output_r_V_last_V|       pointer|
|output_r_TLAST       |  out|    1|        axis|                             output_r_V_last_V|       pointer|
|output_r_TKEEP       |  out|    8|        axis|                             output_r_V_keep_V|       pointer|
|output_r_TSTRB       |  out|    8|        axis|                             output_r_V_strb_V|       pointer|
+---------------------+-----+-----+------------+----------------------------------------------+--------------+

============================================================
+ Verbose Summary: Synthesis Manager
============================================================
InlineROM: 1
ExposeGlobal: 0
============================================================
+ Verbose Summary: CDFG Model
============================================================
IsTopModel: 0
ResetActiveHigh: 1
IsCombinational: 2
IsDatapathOnly: 2
HasWiredReturn: 1
HasMFsm: 2
HasVarLatency: 1
IsPipeline: 0
IsRtlPipelined: 0
IsInstanceOverlapped: 0
IsDontTouch: 0
HasImplIP: 0
IsGatedGlobalClock: 0

+ Individual pipeline summary: 
  * Pipeline-0: initiation interval (II) = 1, depth = 11


============================================================
+ Verbose Summary: Schedule
============================================================
* Number of FSM states : 11
* Pipeline : 1
  Pipeline-0 : II = 1, D = 11, States = { 1 2 3 4 5 6 7 8 9 10 11 }
* Dataflow Pipeline: 0

* FSM state transitions: 
1 --> 2 
2 --> 3 
3 --> 4 
4 --> 5 
5 --> 6 
6 --> 7 
7 --> 8 
8 --> 9 
9 --> 10 
10 --> 11 
11 --> 

* FSM state operations: 

State 1 <SV = 0> <Delay = 3.46>
ST_1 : Operation 14 [1/1] (0.00ns)   --->   "%i = alloca i32 1"   --->   Operation 14 'alloca' 'i' <Predicate = true> <Delay = 0.00>
ST_1 : Operation 15 [1/1] (0.00ns)   --->   "%specinterface_ln0 = specinterface void @_ssdm_op_SpecInterface, i1 %output_r_V_last_V, void @empty, i32 0, i32 0, void @empty_0, i32 0, i32 0, void @empty_1, void @empty_1, void @empty_1, i32 0, i32 0, i32 0, i32 0, void @empty_1, void @empty_1, i32 4294967295, i32 0"   --->   Operation 15 'specinterface' 'specinterface_ln0' <Predicate = true> <Delay = 0.00>
ST_1 : Operation 16 [1/1] (0.00ns)   --->   "%specinterface_ln0 = specinterface void @_ssdm_op_SpecInterface, i8 %output_r_V_strb_V, void @empty, i32 0, i32 0, void @empty_0, i32 0, i32 0, void @empty_1, void @empty_1, void @empty_1, i32 0, i32 0, i32 0, i32 0, void @empty_1, void @empty_1, i32 4294967295, i32 0"   --->   Operation 16 'specinterface' 'specinterface_ln0' <Predicate = true> <Delay = 0.00>
ST_1 : Operation 17 [1/1] (0.00ns)   --->   "%specinterface_ln0 = specinterface void @_ssdm_op_SpecInterface, i8 %output_r_V_keep_V, void @empty, i32 0, i32 0, void @empty_0, i32 0, i32 0, void @empty_1, void @empty_1, void @empty_1, i32 0, i32 0, i32 0, i32 0, void @empty_1, void @empty_1, i32 4294967295, i32 0"   --->   Operation 17 'specinterface' 'specinterface_ln0' <Predicate = true> <Delay = 0.00>
ST_1 : Operation 18 [1/1] (0.00ns)   --->   "%specinterface_ln0 = specinterface void @_ssdm_op_SpecInterface, i64 %output_r_V_data_V, void @empty, i32 0, i32 0, void @empty_0, i32 0, i32 0, void @empty_1, void @empty_1, void @empty_1, i32 0, i32 0, i32 0, i32 0, void @empty_1, void @empty_1, i32 4294967295, i32 0"   --->   Operation 18 'specinterface' 'specinterface_ln0' <Predicate = true> <Delay = 0.00>
ST_1 : Operation 19 [1/1] (0.00ns)   --->   "%specinterface_ln0 = specinterface void @_ssdm_op_SpecInterface, i1 %input_r_V_last_V, void @empty, i32 0, i32 0, void @empty_0, i32 0, i32 0, void @empty_1, void @empty_1, void @empty_1, i32 0, i32 0, i32 0, i32 0, void @empty_1, void @empty_1, i32 4294967295, i32 0"   --->   Operation 19 'specinterface' 'specinterface_ln0' <Predicate = true> <Delay = 0.00>
ST_1 : Operation 20 [1/1] (0.00ns)   --->   "%specinterface_ln0 = specinterface void @_ssdm_op_SpecInterface, i8 %input_r_V_strb_V, void @empty, i32 0, i32 0, void @empty_0, i32 0, i32 0, void @empty_1, void @empty_1, void @empty_1, i32 0, i32 0, i32 0, i32 0, void @empty_1, void @empty_1, i32 4294967295, i32 0"   --->   Operation 20 'specinterface' 'specinterface_ln0' <Predicate = true> <Delay = 0.00>
ST_1 : Operation 21 [1/1] (0.00ns)   --->   "%specinterface_ln0 = specinterface void @_ssdm_op_SpecInterface, i8 %input_r_V_keep_V, void @empty, i32 0, i32 0, void @empty_0, i32 0, i32 0, void @empty_1, void @empty_1, void @empty_1, i32 0, i32 0, i32 0, i32 0, void @empty_1, void @empty_1, i32 4294967295, i32 0"   --->   Operation 21 'specinterface' 'specinterface_ln0' <Predicate = true> <Delay = 0.00>
ST_1 : Operation 22 [1/1] (0.00ns)   --->   "%specinterface_ln0 = specinterface void @_ssdm_op_SpecInterface, i64 %input_r_V_data_V, void @empty, i32 0, i32 0, void @empty_0, i32 0, i32 0, void @empty_1, void @empty_1, void @empty_1, i32 0, i32 0, i32 0, i32 0, void @empty_1, void @empty_1, i32 4294967295, i32 0"   --->   Operation 22 'specinterface' 'specinterface_ln0' <Predicate = true> <Delay = 0.00>
ST_1 : Operation 23 [1/1] (1.58ns)   --->   "%store_ln0 = store i11 0, i11 %i"   --->   Operation 23 'store' 'store_ln0' <Predicate = true> <Delay = 1.58>
ST_1 : Operation 24 [1/1] (0.00ns)   --->   "%br_ln0 = br void %for.body43"   --->   Operation 24 'br' 'br_ln0' <Predicate = true> <Delay = 0.00>
ST_1 : Operation 25 [1/1] (0.00ns)   --->   "%i_1 = load i11 %i" [project_multiplication_ip/mul.cpp:45]   --->   Operation 25 'load' 'i_1' <Predicate = true> <Delay = 0.00>
ST_1 : Operation 26 [1/1] (0.00ns)   --->   "%specpipeline_ln0 = specpipeline void @_ssdm_op_SpecPipeline, i32 4294967295, i32 0, i32 1, i32 0, void @p_str"   --->   Operation 26 'specpipeline' 'specpipeline_ln0' <Predicate = true> <Delay = 0.00>
ST_1 : Operation 27 [1/1] (1.88ns)   --->   "%icmp_ln45 = icmp_eq  i11 %i_1, i11 1024" [project_multiplication_ip/mul.cpp:45]   --->   Operation 27 'icmp' 'icmp_ln45' <Predicate = true> <Delay = 1.88> <CoreInst = "Cmp">   --->   Core 9 'Cmp' <Latency = 0> <II = 1> <Delay = 1.99> <FuncUnit> <Opcode : 'icmp'> <InPorts = 2> <OutPorts = 1>
ST_1 : Operation 28 [1/1] (0.00ns)   --->   "%empty = speclooptripcount i32 @_ssdm_op_SpecLoopTripCount, i64 1024, i64 1024, i64 1024"   --->   Operation 28 'speclooptripcount' 'empty' <Predicate = true> <Delay = 0.00>
ST_1 : Operation 29 [1/1] (1.63ns)   --->   "%add_ln45 = add i11 %i_1, i11 1" [project_multiplication_ip/mul.cpp:45]   --->   Operation 29 'add' 'add_ln45' <Predicate = true> <Delay = 1.63> <CoreInst = "Adder">   --->   Core 1 'Adder' <Latency = 0> <II = 1> <Delay = 1.63> <FuncUnit> <Opcode : 'add' 'sub'> <InPorts = 2> <OutPorts = 1>
ST_1 : Operation 30 [1/1] (0.00ns)   --->   "%br_ln45 = br i1 %icmp_ln45, void %for.body43.split, void %for.end70.exitStub" [project_multiplication_ip/mul.cpp:45]   --->   Operation 30 'br' 'br_ln45' <Predicate = true> <Delay = 0.00>
ST_1 : Operation 31 [1/1] (0.00ns)   --->   "%i_1_cast = zext i11 %i_1" [project_multiplication_ip/mul.cpp:45]   --->   Operation 31 'zext' 'i_1_cast' <Predicate = (!icmp_ln45)> <Delay = 0.00>
ST_1 : Operation 32 [1/1] (0.00ns)   --->   "%empty_11 = read i81 @_ssdm_op_Read.axis.volatile.i64P0A.i8P0A.i8P0A.i1P0A, i64 %input_r_V_data_V, i8 %input_r_V_keep_V, i8 %input_r_V_strb_V, i1 %input_r_V_last_V"   --->   Operation 32 'read' 'empty_11' <Predicate = (!icmp_ln45)> <Delay = 0.00> <CoreInst = "axis">   --->   Core 115 'axis' <Latency = 0> <II = 1> <Delay = 1.00> <Adapter> <Opcode : >
ST_1 : Operation 33 [1/1] (0.00ns)   --->   "%p_s = extractvalue i81 %empty_11"   --->   Operation 33 'extractvalue' 'p_s' <Predicate = (!icmp_ln45)> <Delay = 0.00>
ST_1 : Operation 34 [1/1] (0.00ns)   --->   "%trunc_ln293 = trunc i64 %p_s"   --->   Operation 34 'trunc' 'trunc_ln293' <Predicate = (!icmp_ln45)> <Delay = 0.00>
ST_1 : Operation 35 [1/1] (0.00ns)   --->   "%trunc_ln293_3 = partselect i32 @_ssdm_op_PartSelect.i32.i64.i32.i32, i64 %p_s, i32 32, i32 63"   --->   Operation 35 'partselect' 'trunc_ln293_3' <Predicate = (!icmp_ln45)> <Delay = 0.00>
ST_1 : Operation 36 [1/1] (0.00ns)   --->   "%p_y_M_value = getelementptr i32 %gb_conj_M_value_1, i64 0, i64 %i_1_cast" [project_multiplication_ip/mul.cpp:48]   --->   Operation 36 'getelementptr' 'p_y_M_value' <Predicate = (!icmp_ln45)> <Delay = 0.00>
ST_1 : Operation 37 [1/1] (0.00ns)   --->   "%p_y_M_value_2 = getelementptr i32 %gb_conj_M_value, i64 0, i64 %i_1_cast" [project_multiplication_ip/mul.cpp:48]   --->   Operation 37 'getelementptr' 'p_y_M_value_2' <Predicate = (!icmp_ln45)> <Delay = 0.00>
ST_1 : Operation 38 [2/2] (3.25ns)   --->   "%p_t = load i10 %p_y_M_value"   --->   Operation 38 'load' 'p_t' <Predicate = (!icmp_ln45)> <Delay = 3.25> <CoreInst = "ROM">   --->   Core 95 'ROM' <Latency = 1> <II = 1> <Delay = 3.25> <Storage> <Opcode : 'load'> <Ports = 0> <Width = 32> <Depth = 1024> <ROM>
ST_1 : Operation 39 [2/2] (3.25ns)   --->   "%p_t_1 = load i10 %p_y_M_value_2"   --->   Operation 39 'load' 'p_t_1' <Predicate = (!icmp_ln45)> <Delay = 3.25> <CoreInst = "ROM">   --->   Core 95 'ROM' <Latency = 1> <II = 1> <Delay = 3.25> <Storage> <Opcode : 'load'> <Ports = 0> <Width = 32> <Depth = 1024> <ROM>
ST_1 : Operation 40 [1/1] (1.88ns)   --->   "%tmp_last_V = icmp_eq  i11 %i_1, i11 1023" [project_multiplication_ip/mul.cpp:51]   --->   Operation 40 'icmp' 'tmp_last_V' <Predicate = (!icmp_ln45)> <Delay = 1.88> <CoreInst = "Cmp">   --->   Core 9 'Cmp' <Latency = 0> <II = 1> <Delay = 1.88> <FuncUnit> <Opcode : 'icmp'> <InPorts = 2> <OutPorts = 1>
ST_1 : Operation 41 [1/1] (1.58ns)   --->   "%store_ln45 = store i11 %add_ln45, i11 %i" [project_multiplication_ip/mul.cpp:45]   --->   Operation 41 'store' 'store_ln45' <Predicate = (!icmp_ln45)> <Delay = 1.58>

State 2 <SV = 1> <Delay = 3.25>
ST_2 : Operation 42 [1/2] (3.25ns)   --->   "%p_t = load i10 %p_y_M_value"   --->   Operation 42 'load' 'p_t' <Predicate = true> <Delay = 3.25> <CoreInst = "ROM">   --->   Core 95 'ROM' <Latency = 1> <II = 1> <Delay = 3.25> <Storage> <Opcode : 'load'> <Ports = 0> <Width = 32> <Depth = 1024> <ROM>
ST_2 : Operation 43 [1/2] (3.25ns)   --->   "%p_t_1 = load i10 %p_y_M_value_2"   --->   Operation 43 'load' 'p_t_1' <Predicate = true> <Delay = 3.25> <CoreInst = "ROM">   --->   Core 95 'ROM' <Latency = 1> <II = 1> <Delay = 3.25> <Storage> <Opcode : 'load'> <Ports = 0> <Width = 32> <Depth = 1024> <ROM>

State 3 <SV = 2> <Delay = 5.70>
ST_3 : Operation 44 [1/1] (0.00ns)   --->   "%tmp_data_M_value_3 = bitcast i32 %trunc_ln293"   --->   Operation 44 'bitcast' 'tmp_data_M_value_3' <Predicate = true> <Delay = 0.00>
ST_3 : Operation 45 [1/1] (0.00ns)   --->   "%tmp_data_M_value_4 = bitcast i32 %trunc_ln293_3"   --->   Operation 45 'bitcast' 'tmp_data_M_value_4' <Predicate = true> <Delay = 0.00>
ST_3 : Operation 46 [4/4] (5.70ns)   --->   "%mul_ac_i_i1 = fmul i32 %tmp_data_M_value_3, i32 %p_t"   --->   Operation 46 'fmul' 'mul_ac_i_i1' <Predicate = true> <Delay = 5.70> <CoreInst = "FMul_maxdsp">   --->   Core 30 'FMul_maxdsp' <Latency = 3> <II = 1> <Delay = 5.70> <FuncUnit> <Opcode : 'fmul'> <InPorts = 2> <OutPorts = 1>
ST_3 : Operation 47 [4/4] (5.70ns)   --->   "%mul_bd_i_i1 = fmul i32 %tmp_data_M_value_4, i32 %p_t_1"   --->   Operation 47 'fmul' 'mul_bd_i_i1' <Predicate = true> <Delay = 5.70> <CoreInst = "FMul_maxdsp">   --->   Core 30 'FMul_maxdsp' <Latency = 3> <II = 1> <Delay = 5.70> <FuncUnit> <Opcode : 'fmul'> <InPorts = 2> <OutPorts = 1>
ST_3 : Operation 48 [4/4] (5.70ns)   --->   "%mul_ad_i_i1 = fmul i32 %tmp_data_M_value_3, i32 %p_t_1"   --->   Operation 48 'fmul' 'mul_ad_i_i1' <Predicate = true> <Delay = 5.70> <CoreInst = "FMul_maxdsp">   --->   Core 30 'FMul_maxdsp' <Latency = 3> <II = 1> <Delay = 5.70> <FuncUnit> <Opcode : 'fmul'> <InPorts = 2> <OutPorts = 1>
ST_3 : Operation 49 [4/4] (5.70ns)   --->   "%mul_bc_i_i1 = fmul i32 %tmp_data_M_value_4, i32 %p_t"   --->   Operation 49 'fmul' 'mul_bc_i_i1' <Predicate = true> <Delay = 5.70> <CoreInst = "FMul_maxdsp">   --->   Core 30 'FMul_maxdsp' <Latency = 3> <II = 1> <Delay = 5.70> <FuncUnit> <Opcode : 'fmul'> <InPorts = 2> <OutPorts = 1>

State 4 <SV = 3> <Delay = 5.70>
ST_4 : Operation 50 [3/4] (5.70ns)   --->   "%mul_ac_i_i1 = fmul i32 %tmp_data_M_value_3, i32 %p_t"   --->   Operation 50 'fmul' 'mul_ac_i_i1' <Predicate = true> <Delay = 5.70> <CoreInst = "FMul_maxdsp">   --->   Core 30 'FMul_maxdsp' <Latency = 3> <II = 1> <Delay = 5.70> <FuncUnit> <Opcode : 'fmul'> <InPorts = 2> <OutPorts = 1>
ST_4 : Operation 51 [3/4] (5.70ns)   --->   "%mul_bd_i_i1 = fmul i32 %tmp_data_M_value_4, i32 %p_t_1"   --->   Operation 51 'fmul' 'mul_bd_i_i1' <Predicate = true> <Delay = 5.70> <CoreInst = "FMul_maxdsp">   --->   Core 30 'FMul_maxdsp' <Latency = 3> <II = 1> <Delay = 5.70> <FuncUnit> <Opcode : 'fmul'> <InPorts = 2> <OutPorts = 1>
ST_4 : Operation 52 [3/4] (5.70ns)   --->   "%mul_ad_i_i1 = fmul i32 %tmp_data_M_value_3, i32 %p_t_1"   --->   Operation 52 'fmul' 'mul_ad_i_i1' <Predicate = true> <Delay = 5.70> <CoreInst = "FMul_maxdsp">   --->   Core 30 'FMul_maxdsp' <Latency = 3> <II = 1> <Delay = 5.70> <FuncUnit> <Opcode : 'fmul'> <InPorts = 2> <OutPorts = 1>
ST_4 : Operation 53 [3/4] (5.70ns)   --->   "%mul_bc_i_i1 = fmul i32 %tmp_data_M_value_4, i32 %p_t"   --->   Operation 53 'fmul' 'mul_bc_i_i1' <Predicate = true> <Delay = 5.70> <CoreInst = "FMul_maxdsp">   --->   Core 30 'FMul_maxdsp' <Latency = 3> <II = 1> <Delay = 5.70> <FuncUnit> <Opcode : 'fmul'> <InPorts = 2> <OutPorts = 1>

State 5 <SV = 4> <Delay = 5.70>
ST_5 : Operation 54 [2/4] (5.70ns)   --->   "%mul_ac_i_i1 = fmul i32 %tmp_data_M_value_3, i32 %p_t"   --->   Operation 54 'fmul' 'mul_ac_i_i1' <Predicate = true> <Delay = 5.70> <CoreInst = "FMul_maxdsp">   --->   Core 30 'FMul_maxdsp' <Latency = 3> <II = 1> <Delay = 5.70> <FuncUnit> <Opcode : 'fmul'> <InPorts = 2> <OutPorts = 1>
ST_5 : Operation 55 [2/4] (5.70ns)   --->   "%mul_bd_i_i1 = fmul i32 %tmp_data_M_value_4, i32 %p_t_1"   --->   Operation 55 'fmul' 'mul_bd_i_i1' <Predicate = true> <Delay = 5.70> <CoreInst = "FMul_maxdsp">   --->   Core 30 'FMul_maxdsp' <Latency = 3> <II = 1> <Delay = 5.70> <FuncUnit> <Opcode : 'fmul'> <InPorts = 2> <OutPorts = 1>
ST_5 : Operation 56 [2/4] (5.70ns)   --->   "%mul_ad_i_i1 = fmul i32 %tmp_data_M_value_3, i32 %p_t_1"   --->   Operation 56 'fmul' 'mul_ad_i_i1' <Predicate = true> <Delay = 5.70> <CoreInst = "FMul_maxdsp">   --->   Core 30 'FMul_maxdsp' <Latency = 3> <II = 1> <Delay = 5.70> <FuncUnit> <Opcode : 'fmul'> <InPorts = 2> <OutPorts = 1>
ST_5 : Operation 57 [2/4] (5.70ns)   --->   "%mul_bc_i_i1 = fmul i32 %tmp_data_M_value_4, i32 %p_t"   --->   Operation 57 'fmul' 'mul_bc_i_i1' <Predicate = true> <Delay = 5.70> <CoreInst = "FMul_maxdsp">   --->   Core 30 'FMul_maxdsp' <Latency = 3> <II = 1> <Delay = 5.70> <FuncUnit> <Opcode : 'fmul'> <InPorts = 2> <OutPorts = 1>

State 6 <SV = 5> <Delay = 5.70>
ST_6 : Operation 58 [1/4] (5.70ns)   --->   "%mul_ac_i_i1 = fmul i32 %tmp_data_M_value_3, i32 %p_t"   --->   Operation 58 'fmul' 'mul_ac_i_i1' <Predicate = true> <Delay = 5.70> <CoreInst = "FMul_maxdsp">   --->   Core 30 'FMul_maxdsp' <Latency = 3> <II = 1> <Delay = 5.70> <FuncUnit> <Opcode : 'fmul'> <InPorts = 2> <OutPorts = 1>
ST_6 : Operation 59 [1/4] (5.70ns)   --->   "%mul_bd_i_i1 = fmul i32 %tmp_data_M_value_4, i32 %p_t_1"   --->   Operation 59 'fmul' 'mul_bd_i_i1' <Predicate = true> <Delay = 5.70> <CoreInst = "FMul_maxdsp">   --->   Core 30 'FMul_maxdsp' <Latency = 3> <II = 1> <Delay = 5.70> <FuncUnit> <Opcode : 'fmul'> <InPorts = 2> <OutPorts = 1>
ST_6 : Operation 60 [1/4] (5.70ns)   --->   "%mul_ad_i_i1 = fmul i32 %tmp_data_M_value_3, i32 %p_t_1"   --->   Operation 60 'fmul' 'mul_ad_i_i1' <Predicate = true> <Delay = 5.70> <CoreInst = "FMul_maxdsp">   --->   Core 30 'FMul_maxdsp' <Latency = 3> <II = 1> <Delay = 5.70> <FuncUnit> <Opcode : 'fmul'> <InPorts = 2> <OutPorts = 1>
ST_6 : Operation 61 [1/4] (5.70ns)   --->   "%mul_bc_i_i1 = fmul i32 %tmp_data_M_value_4, i32 %p_t"   --->   Operation 61 'fmul' 'mul_bc_i_i1' <Predicate = true> <Delay = 5.70> <CoreInst = "FMul_maxdsp">   --->   Core 30 'FMul_maxdsp' <Latency = 3> <II = 1> <Delay = 5.70> <FuncUnit> <Opcode : 'fmul'> <InPorts = 2> <OutPorts = 1>

State 7 <SV = 6> <Delay = 7.25>
ST_7 : Operation 62 [5/5] (7.25ns)   --->   "%p_r_M_value = fsub i32 %mul_ac_i_i1, i32 %mul_bd_i_i1"   --->   Operation 62 'fsub' 'p_r_M_value' <Predicate = true> <Delay = 7.25> <CoreInst = "FAddSub_fulldsp">   --->   Core 18 'FAddSub_fulldsp' <Latency = 4> <II = 1> <Delay = 7.25> <FuncUnit> <Opcode : 'fadd' 'fsub'> <InPorts = 2> <OutPorts = 1>
ST_7 : Operation 63 [5/5] (7.25ns)   --->   "%p_r_M_value_4 = fadd i32 %mul_ad_i_i1, i32 %mul_bc_i_i1"   --->   Operation 63 'fadd' 'p_r_M_value_4' <Predicate = true> <Delay = 7.25> <CoreInst = "FAddSub_fulldsp">   --->   Core 18 'FAddSub_fulldsp' <Latency = 4> <II = 1> <Delay = 7.25> <FuncUnit> <Opcode : 'fadd' 'fsub'> <InPorts = 2> <OutPorts = 1>

State 8 <SV = 7> <Delay = 7.25>
ST_8 : Operation 64 [4/5] (7.25ns)   --->   "%p_r_M_value = fsub i32 %mul_ac_i_i1, i32 %mul_bd_i_i1"   --->   Operation 64 'fsub' 'p_r_M_value' <Predicate = true> <Delay = 7.25> <CoreInst = "FAddSub_fulldsp">   --->   Core 18 'FAddSub_fulldsp' <Latency = 4> <II = 1> <Delay = 7.25> <FuncUnit> <Opcode : 'fadd' 'fsub'> <InPorts = 2> <OutPorts = 1>
ST_8 : Operation 65 [4/5] (7.25ns)   --->   "%p_r_M_value_4 = fadd i32 %mul_ad_i_i1, i32 %mul_bc_i_i1"   --->   Operation 65 'fadd' 'p_r_M_value_4' <Predicate = true> <Delay = 7.25> <CoreInst = "FAddSub_fulldsp">   --->   Core 18 'FAddSub_fulldsp' <Latency = 4> <II = 1> <Delay = 7.25> <FuncUnit> <Opcode : 'fadd' 'fsub'> <InPorts = 2> <OutPorts = 1>

State 9 <SV = 8> <Delay = 7.25>
ST_9 : Operation 66 [3/5] (7.25ns)   --->   "%p_r_M_value = fsub i32 %mul_ac_i_i1, i32 %mul_bd_i_i1"   --->   Operation 66 'fsub' 'p_r_M_value' <Predicate = true> <Delay = 7.25> <CoreInst = "FAddSub_fulldsp">   --->   Core 18 'FAddSub_fulldsp' <Latency = 4> <II = 1> <Delay = 7.25> <FuncUnit> <Opcode : 'fadd' 'fsub'> <InPorts = 2> <OutPorts = 1>
ST_9 : Operation 67 [3/5] (7.25ns)   --->   "%p_r_M_value_4 = fadd i32 %mul_ad_i_i1, i32 %mul_bc_i_i1"   --->   Operation 67 'fadd' 'p_r_M_value_4' <Predicate = true> <Delay = 7.25> <CoreInst = "FAddSub_fulldsp">   --->   Core 18 'FAddSub_fulldsp' <Latency = 4> <II = 1> <Delay = 7.25> <FuncUnit> <Opcode : 'fadd' 'fsub'> <InPorts = 2> <OutPorts = 1>

State 10 <SV = 9> <Delay = 7.25>
ST_10 : Operation 68 [2/5] (7.25ns)   --->   "%p_r_M_value = fsub i32 %mul_ac_i_i1, i32 %mul_bd_i_i1"   --->   Operation 68 'fsub' 'p_r_M_value' <Predicate = true> <Delay = 7.25> <CoreInst = "FAddSub_fulldsp">   --->   Core 18 'FAddSub_fulldsp' <Latency = 4> <II = 1> <Delay = 7.25> <FuncUnit> <Opcode : 'fadd' 'fsub'> <InPorts = 2> <OutPorts = 1>
ST_10 : Operation 69 [2/5] (7.25ns)   --->   "%p_r_M_value_4 = fadd i32 %mul_ad_i_i1, i32 %mul_bc_i_i1"   --->   Operation 69 'fadd' 'p_r_M_value_4' <Predicate = true> <Delay = 7.25> <CoreInst = "FAddSub_fulldsp">   --->   Core 18 'FAddSub_fulldsp' <Latency = 4> <II = 1> <Delay = 7.25> <FuncUnit> <Opcode : 'fadd' 'fsub'> <InPorts = 2> <OutPorts = 1>
ST_10 : Operation 78 [1/1] (0.00ns)   --->   "%ret_ln0 = ret"   --->   Operation 78 'ret' 'ret_ln0' <Predicate = (icmp_ln45)> <Delay = 0.00>

State 11 <SV = 10> <Delay = 7.25>
ST_11 : Operation 70 [1/1] (0.00ns)   --->   "%specloopname_ln0 = specloopname void @_ssdm_op_SpecLoopName, void @empty_4"   --->   Operation 70 'specloopname' 'specloopname_ln0' <Predicate = true> <Delay = 0.00>
ST_11 : Operation 71 [1/5] (7.25ns)   --->   "%p_r_M_value = fsub i32 %mul_ac_i_i1, i32 %mul_bd_i_i1"   --->   Operation 71 'fsub' 'p_r_M_value' <Predicate = true> <Delay = 7.25> <CoreInst = "FAddSub_fulldsp">   --->   Core 18 'FAddSub_fulldsp' <Latency = 4> <II = 1> <Delay = 7.25> <FuncUnit> <Opcode : 'fadd' 'fsub'> <InPorts = 2> <OutPorts = 1>
ST_11 : Operation 72 [1/5] (7.25ns)   --->   "%p_r_M_value_4 = fadd i32 %mul_ad_i_i1, i32 %mul_bc_i_i1"   --->   Operation 72 'fadd' 'p_r_M_value_4' <Predicate = true> <Delay = 7.25> <CoreInst = "FAddSub_fulldsp">   --->   Core 18 'FAddSub_fulldsp' <Latency = 4> <II = 1> <Delay = 7.25> <FuncUnit> <Opcode : 'fadd' 'fsub'> <InPorts = 2> <OutPorts = 1>
ST_11 : Operation 73 [1/1] (0.00ns)   --->   "%bitcast_ln304 = bitcast i32 %p_r_M_value"   --->   Operation 73 'bitcast' 'bitcast_ln304' <Predicate = true> <Delay = 0.00>
ST_11 : Operation 74 [1/1] (0.00ns)   --->   "%bitcast_ln304_1 = bitcast i32 %p_r_M_value_4"   --->   Operation 74 'bitcast' 'bitcast_ln304_1' <Predicate = true> <Delay = 0.00>
ST_11 : Operation 75 [1/1] (0.00ns)   --->   "%p_0 = bitconcatenate i64 @_ssdm_op_BitConcatenate.i64.i32.i32, i32 %bitcast_ln304_1, i32 %bitcast_ln304"   --->   Operation 75 'bitconcatenate' 'p_0' <Predicate = true> <Delay = 0.00>
ST_11 : Operation 76 [1/1] (0.00ns)   --->   "%write_ln304 = write void @_ssdm_op_Write.axis.volatile.i64P0A.i8P0A.i8P0A.i1P0A, i64 %output_r_V_data_V, i8 %output_r_V_keep_V, i8 %output_r_V_strb_V, i1 %output_r_V_last_V, i64 %p_0, i8 255, i8 0, i1 %tmp_last_V"   --->   Operation 76 'write' 'write_ln304' <Predicate = true> <Delay = 0.00> <CoreInst = "axis">   --->   Core 115 'axis' <Latency = 0> <II = 1> <Delay = 1.00> <Adapter> <Opcode : >
ST_11 : Operation 77 [1/1] (0.00ns)   --->   "%br_ln45 = br void %for.body43" [project_multiplication_ip/mul.cpp:45]   --->   Operation 77 'br' 'br_ln45' <Predicate = true> <Delay = 0.00>


============================================================
+ Verbose Summary: Binding
============================================================
STG Binding: 
---------------- STG Properties BEGIN ----------------
- Is combinational: 0
- Is one-state seq: 0
- Is datapath-only: 0
- Is pipelined: 0
- Is top level: 0
Port [ Return ] is wired: 1; IO mode=ap_ctrl_hs:ce=0
Port [ input_r_V_data_V]:  wired=1; compound=1; hidden=0; nouse=0; global=0; static=0; extern=0; dir=0; type=0; pingpong=0; private_global=0; IO mode=axis:ce=0
Port [ input_r_V_keep_V]:  wired=1; compound=1; hidden=0; nouse=0; global=0; static=0; extern=0; dir=0; type=0; pingpong=0; private_global=0; IO mode=axis:ce=0
Port [ input_r_V_strb_V]:  wired=1; compound=1; hidden=0; nouse=0; global=0; static=0; extern=0; dir=0; type=0; pingpong=0; private_global=0; IO mode=axis:ce=0
Port [ input_r_V_last_V]:  wired=1; compound=1; hidden=0; nouse=0; global=0; static=0; extern=0; dir=0; type=0; pingpong=0; private_global=0; IO mode=axis:ce=0
Port [ output_r_V_data_V]:  wired=1; compound=1; hidden=0; nouse=0; global=0; static=0; extern=0; dir=1; type=0; pingpong=0; private_global=0; IO mode=axis:ce=0
Port [ output_r_V_keep_V]:  wired=1; compound=1; hidden=0; nouse=0; global=0; static=0; extern=0; dir=1; type=0; pingpong=0; private_global=0; IO mode=axis:ce=0
Port [ output_r_V_strb_V]:  wired=1; compound=1; hidden=0; nouse=0; global=0; static=0; extern=0; dir=1; type=0; pingpong=0; private_global=0; IO mode=axis:ce=0
Port [ output_r_V_last_V]:  wired=1; compound=1; hidden=0; nouse=0; global=0; static=0; extern=0; dir=1; type=0; pingpong=0; private_global=0; IO mode=axis:ce=0
Port [ gb_conj_M_value_1]:  wired=0; compound=1; hidden=1; nouse=0; global=1; static=1; extern=0; dir=0; type=1; pingpong=0; private_global=1; MemPort=[1]; IO mode=ap_memory:ce=0
Port [ gb_conj_M_value]:  wired=0; compound=1; hidden=1; nouse=0; global=1; static=1; extern=0; dir=0; type=1; pingpong=0; private_global=1; MemPort=[1]; IO mode=ap_memory:ce=0
---------------- STG Properties END ------------------

---------------- Datapath Model BEGIN ----------------

<LifeTime>
<method=bitvector/>
i                  (alloca           ) [ 010000000000]
specinterface_ln0  (specinterface    ) [ 000000000000]
specinterface_ln0  (specinterface    ) [ 000000000000]
specinterface_ln0  (specinterface    ) [ 000000000000]
specinterface_ln0  (specinterface    ) [ 000000000000]
specinterface_ln0  (specinterface    ) [ 000000000000]
specinterface_ln0  (specinterface    ) [ 000000000000]
specinterface_ln0  (specinterface    ) [ 000000000000]
specinterface_ln0  (specinterface    ) [ 000000000000]
store_ln0          (store            ) [ 000000000000]
br_ln0             (br               ) [ 000000000000]
i_1                (load             ) [ 000000000000]
specpipeline_ln0   (specpipeline     ) [ 000000000000]
icmp_ln45          (icmp             ) [ 011111111110]
empty              (speclooptripcount) [ 000000000000]
add_ln45           (add              ) [ 000000000000]
br_ln45            (br               ) [ 000000000000]
i_1_cast           (zext             ) [ 000000000000]
empty_11           (read             ) [ 000000000000]
p_s                (extractvalue     ) [ 000000000000]
trunc_ln293        (trunc            ) [ 011100000000]
trunc_ln293_3      (partselect       ) [ 011100000000]
p_y_M_value        (getelementptr    ) [ 011000000000]
p_y_M_value_2      (getelementptr    ) [ 011000000000]
tmp_last_V         (icmp             ) [ 011111111111]
store_ln45         (store            ) [ 000000000000]
p_t                (load             ) [ 010111100000]
p_t_1              (load             ) [ 010111100000]
tmp_data_M_value_3 (bitcast          ) [ 010011100000]
tmp_data_M_value_4 (bitcast          ) [ 010011100000]
mul_ac_i_i1        (fmul             ) [ 010000011111]
mul_bd_i_i1        (fmul             ) [ 010000011111]
mul_ad_i_i1        (fmul             ) [ 010000011111]
mul_bc_i_i1        (fmul             ) [ 010000011111]
specloopname_ln0   (specloopname     ) [ 000000000000]
p_r_M_value        (fsub             ) [ 000000000000]
p_r_M_value_4      (fadd             ) [ 000000000000]
bitcast_ln304      (bitcast          ) [ 000000000000]
bitcast_ln304_1    (bitcast          ) [ 000000000000]
p_0                (bitconcatenate   ) [ 000000000000]
write_ln304        (write            ) [ 000000000000]
br_ln45            (br               ) [ 000000000000]
ret_ln0            (ret              ) [ 000000000000]
</LifeTime>

<model>

<comp_list>
<comp id="0" class="1000" name="input_r_V_data_V">
<pin_list>
<pin id="1" dir="1" index="0" bw="1" slack="0"/>
</pin_list>
<bind>
<StgValue><ssdm name="input_r_V_data_V"/></StgValue>
</bind>
</comp>

<comp id="2" class="1000" name="input_r_V_keep_V">
<pin_list>
<pin id="3" dir="1" index="0" bw="1" slack="0"/>
</pin_list>
<bind>
<StgValue><ssdm name="input_r_V_keep_V"/></StgValue>
</bind>
</comp>

<comp id="4" class="1000" name="input_r_V_strb_V">
<pin_list>
<pin id="5" dir="1" index="0" bw="1" slack="0"/>
</pin_list>
<bind>
<StgValue><ssdm name="input_r_V_strb_V"/></StgValue>
</bind>
</comp>

<comp id="6" class="1000" name="input_r_V_last_V">
<pin_list>
<pin id="7" dir="1" index="0" bw="1" slack="0"/>
</pin_list>
<bind>
<StgValue><ssdm name="input_r_V_last_V"/></StgValue>
</bind>
</comp>

<comp id="8" class="1000" name="output_r_V_data_V">
<pin_list>
<pin id="9" dir="1" index="0" bw="1" slack="0"/>
</pin_list>
<bind>
<StgValue><ssdm name="output_r_V_data_V"/></StgValue>
</bind>
</comp>

<comp id="10" class="1000" name="output_r_V_keep_V">
<pin_list>
<pin id="11" dir="1" index="0" bw="1" slack="0"/>
</pin_list>
<bind>
<StgValue><ssdm name="output_r_V_keep_V"/></StgValue>
</bind>
</comp>

<comp id="12" class="1000" name="output_r_V_strb_V">
<pin_list>
<pin id="13" dir="1" index="0" bw="1" slack="0"/>
</pin_list>
<bind>
<StgValue><ssdm name="output_r_V_strb_V"/></StgValue>
</bind>
</comp>

<comp id="14" class="1000" name="output_r_V_last_V">
<pin_list>
<pin id="15" dir="1" index="0" bw="1" slack="0"/>
</pin_list>
<bind>
<StgValue><ssdm name="output_r_V_last_V"/></StgValue>
</bind>
</comp>

<comp id="16" class="1000" name="gb_conj_M_value_1">
<pin_list>
<pin id="17" dir="1" index="0" bw="1" slack="0"/>
</pin_list>
<bind>
<StgValue><ssdm name="gb_conj_M_value_1"/><MemPortTyVec>1 </MemPortTyVec>
</StgValue>
</bind>
</comp>

<comp id="18" class="1000" name="gb_conj_M_value">
<pin_list>
<pin id="19" dir="1" index="0" bw="1" slack="0"/>
</pin_list>
<bind>
<StgValue><ssdm name="gb_conj_M_value"/><MemPortTyVec>1 </MemPortTyVec>
</StgValue>
</bind>
</comp>

<comp id="20" class="1001" name="const_20">
<pin_list>
<pin id="21" dir="1" index="0" bw="1" slack="0"/>
</pin_list>
<bind>
<StgValue><ssdm name=""/></StgValue>
</bind>
</comp>

<comp id="22" class="1001" name="const_22">
<pin_list>
<pin id="23" dir="1" index="0" bw="1" slack="2147483647"/>
</pin_list>
<bind>
<StgValue><ssdm name="_ssdm_op_SpecInterface"/></StgValue>
</bind>
</comp>

<comp id="24" class="1001" name="const_24">
<pin_list>
<pin id="25" dir="1" index="0" bw="1" slack="2147483647"/>
</pin_list>
<bind>
<StgValue><ssdm name="empty"/></StgValue>
</bind>
</comp>

<comp id="26" class="1001" name="const_26">
<pin_list>
<pin id="27" dir="1" index="0" bw="1" slack="2147483647"/>
</pin_list>
<bind>
<StgValue><ssdm name=""/></StgValue>
</bind>
</comp>

<comp id="28" class="1001" name="const_28">
<pin_list>
<pin id="29" dir="1" index="0" bw="1" slack="2147483647"/>
</pin_list>
<bind>
<StgValue><ssdm name="empty_0"/></StgValue>
</bind>
</comp>

<comp id="30" class="1001" name="const_30">
<pin_list>
<pin id="31" dir="1" index="0" bw="1" slack="2147483647"/>
</pin_list>
<bind>
<StgValue><ssdm name="empty_1"/></StgValue>
</bind>
</comp>

<comp id="32" class="1001" name="const_32">
<pin_list>
<pin id="33" dir="1" index="0" bw="1" slack="2147483647"/>
</pin_list>
<bind>
<StgValue><ssdm name=""/></StgValue>
</bind>
</comp>

<comp id="34" class="1001" name="const_34">
<pin_list>
<pin id="35" dir="1" index="0" bw="1" slack="0"/>
</pin_list>
<bind>
<StgValue><ssdm name=""/></StgValue>
</bind>
</comp>

<comp id="36" class="1001" name="const_36">
<pin_list>
<pin id="37" dir="1" index="0" bw="1" slack="2147483647"/>
</pin_list>
<bind>
<StgValue><ssdm name="_ssdm_op_SpecPipeline"/></StgValue>
</bind>
</comp>

<comp id="38" class="1001" name="const_38">
<pin_list>
<pin id="39" dir="1" index="0" bw="1" slack="2147483647"/>
</pin_list>
<bind>
<StgValue><ssdm name="p_str"/></StgValue>
</bind>
</comp>

<comp id="40" class="1001" name="const_40">
<pin_list>
<pin id="41" dir="1" index="0" bw="1" slack="0"/>
</pin_list>
<bind>
<StgValue><ssdm name=""/></StgValue>
</bind>
</comp>

<comp id="42" class="1001" name="const_42">
<pin_list>
<pin id="43" dir="1" index="0" bw="1" slack="2147483647"/>
</pin_list>
<bind>
<StgValue><ssdm name="_ssdm_op_SpecLoopTripCount"/></StgValue>
</bind>
</comp>

<comp id="44" class="1001" name="const_44">
<pin_list>
<pin id="45" dir="1" index="0" bw="1" slack="2147483647"/>
</pin_list>
<bind>
<StgValue><ssdm name=""/></StgValue>
</bind>
</comp>

<comp id="46" class="1001" name="const_46">
<pin_list>
<pin id="47" dir="1" index="0" bw="1" slack="0"/>
</pin_list>
<bind>
<StgValue><ssdm name=""/></StgValue>
</bind>
</comp>

<comp id="48" class="1001" name="const_48">
<pin_list>
<pin id="49" dir="1" index="0" bw="1" slack="0"/>
</pin_list>
<bind>
<StgValue><ssdm name="_ssdm_op_Read.axis.volatile.i64P0A.i8P0A.i8P0A.i1P0A"/></StgValue>
</bind>
</comp>

<comp id="50" class="1001" name="const_50">
<pin_list>
<pin id="51" dir="1" index="0" bw="1" slack="0"/>
</pin_list>
<bind>
<StgValue><ssdm name="_ssdm_op_PartSelect.i32.i64.i32.i32"/></StgValue>
</bind>
</comp>

<comp id="52" class="1001" name="const_52">
<pin_list>
<pin id="53" dir="1" index="0" bw="1" slack="0"/>
</pin_list>
<bind>
<StgValue><ssdm name=""/></StgValue>
</bind>
</comp>

<comp id="54" class="1001" name="const_54">
<pin_list>
<pin id="55" dir="1" index="0" bw="1" slack="0"/>
</pin_list>
<bind>
<StgValue><ssdm name=""/></StgValue>
</bind>
</comp>

<comp id="56" class="1001" name="const_56">
<pin_list>
<pin id="57" dir="1" index="0" bw="1" slack="0"/>
</pin_list>
<bind>
<StgValue><ssdm name=""/></StgValue>
</bind>
</comp>

<comp id="58" class="1001" name="const_58">
<pin_list>
<pin id="59" dir="1" index="0" bw="1" slack="0"/>
</pin_list>
<bind>
<StgValue><ssdm name=""/></StgValue>
</bind>
</comp>

<comp id="60" class="1001" name="const_60">
<pin_list>
<pin id="61" dir="1" index="0" bw="1" slack="2147483647"/>
</pin_list>
<bind>
<StgValue><ssdm name="_ssdm_op_SpecLoopName"/></StgValue>
</bind>
</comp>

<comp id="62" class="1001" name="const_62">
<pin_list>
<pin id="63" dir="1" index="0" bw="1" slack="2147483647"/>
</pin_list>
<bind>
<StgValue><ssdm name="empty_4"/></StgValue>
</bind>
</comp>

<comp id="64" class="1001" name="const_64">
<pin_list>
<pin id="65" dir="1" index="0" bw="1" slack="0"/>
</pin_list>
<bind>
<StgValue><ssdm name="_ssdm_op_BitConcatenate.i64.i32.i32"/></StgValue>
</bind>
</comp>

<comp id="66" class="1001" name="const_66">
<pin_list>
<pin id="67" dir="1" index="0" bw="1" slack="0"/>
</pin_list>
<bind>
<StgValue><ssdm name="_ssdm_op_Write.axis.volatile.i64P0A.i8P0A.i8P0A.i1P0A"/></StgValue>
</bind>
</comp>

<comp id="68" class="1001" name="const_68">
<pin_list>
<pin id="69" dir="1" index="0" bw="1" slack="0"/>
</pin_list>
<bind>
<StgValue><ssdm name=""/></StgValue>
</bind>
</comp>

<comp id="70" class="1001" name="const_70">
<pin_list>
<pin id="71" dir="1" index="0" bw="1" slack="0"/>
</pin_list>
<bind>
<StgValue><ssdm name=""/></StgValue>
</bind>
</comp>

<comp id="72" class="1004" name="i_fu_72">
<pin_list>
<pin id="73" dir="0" index="0" bw="1" slack="0"/>
<pin id="74" dir="1" index="1" bw="11" slack="0"/>
</pin_list>
<bind>
<opcode="alloca(26) " fcode="alloca"/>
<opset="i/1 "/>
</bind>
</comp>

<comp id="76" class="1004" name="empty_11_read_fu_76">
<pin_list>
<pin id="77" dir="0" index="0" bw="81" slack="0"/>
<pin id="78" dir="0" index="1" bw="64" slack="0"/>
<pin id="79" dir="0" index="2" bw="8" slack="0"/>
<pin id="80" dir="0" index="3" bw="8" slack="0"/>
<pin id="81" dir="0" index="4" bw="1" slack="0"/>
<pin id="82" dir="1" index="5" bw="81" slack="0"/>
</pin_list>
<bind>
<opcode="read(1150) " fcode="read"/>
<opset="empty_11/1 "/>
</bind>
</comp>

<comp id="88" class="1004" name="write_ln304_write_fu_88">
<pin_list>
<pin id="89" dir="0" index="0" bw="0" slack="0"/>
<pin id="90" dir="0" index="1" bw="64" slack="0"/>
<pin id="91" dir="0" index="2" bw="8" slack="0"/>
<pin id="92" dir="0" index="3" bw="8" slack="0"/>
<pin id="93" dir="0" index="4" bw="1" slack="0"/>
<pin id="94" dir="0" index="5" bw="64" slack="0"/>
<pin id="95" dir="0" index="6" bw="1" slack="0"/>
<pin id="96" dir="0" index="7" bw="1" slack="0"/>
<pin id="97" dir="0" index="8" bw="1" slack="10"/>
<pin id="98" dir="1" index="9" bw="0" slack="2147483647"/>
</pin_list>
<bind>
<opcode="write(1151) " fcode="write"/>
<opset="write_ln304/11 "/>
</bind>
</comp>

<comp id="106" class="1004" name="p_y_M_value_gep_fu_106">
<pin_list>
<pin id="107" dir="0" index="0" bw="32" slack="0"/>
<pin id="108" dir="0" index="1" bw="1" slack="0"/>
<pin id="109" dir="0" index="2" bw="11" slack="0"/>
<pin id="110" dir="1" index="3" bw="10" slack="0"/>
</pin_list>
<bind>
<opcode="getelementptr(29) " fcode="getelementptr"/>
<opset="p_y_M_value/1 "/>
</bind>
</comp>

<comp id="113" class="1004" name="p_y_M_value_2_gep_fu_113">
<pin_list>
<pin id="114" dir="0" index="0" bw="32" slack="0"/>
<pin id="115" dir="0" index="1" bw="1" slack="0"/>
<pin id="116" dir="0" index="2" bw="11" slack="0"/>
<pin id="117" dir="1" index="3" bw="10" slack="0"/>
</pin_list>
<bind>
<opcode="getelementptr(29) " fcode="getelementptr"/>
<opset="p_y_M_value_2/1 "/>
</bind>
</comp>

<comp id="120" class="1004" name="grp_access_fu_120">
<pin_list>
<pin id="121" dir="0" index="0" bw="10" slack="0"/>
<pin id="122" dir="0" index="1" bw="32" slack="2147483647"/>
<pin id="123" dir="0" index="2" bw="0" slack="2147483647"/>
<pin id="124" dir="1" index="3" bw="32" slack="1"/>
</pin_list>
<bind>
<opcode="load(27) " fcode="load"/>
<opset="p_t/1 "/>
</bind>
</comp>

<comp id="126" class="1004" name="grp_access_fu_126">
<pin_list>
<pin id="127" dir="0" index="0" bw="10" slack="0"/>
<pin id="128" dir="0" index="1" bw="32" slack="2147483647"/>
<pin id="129" dir="0" index="2" bw="0" slack="2147483647"/>
<pin id="130" dir="1" index="3" bw="32" slack="1"/>
</pin_list>
<bind>
<opcode="load(27) " fcode="load"/>
<opset="p_t_1/1 "/>
</bind>
</comp>

<comp id="132" class="1004" name="grp_fu_132">
<pin_list>
<pin id="133" dir="0" index="0" bw="32" slack="1"/>
<pin id="134" dir="0" index="1" bw="32" slack="1"/>
<pin id="135" dir="1" index="2" bw="32" slack="0"/>
</pin_list>
<bind>
<opcode="fsub(11) " fcode="fadd"/>
<opset="p_r_M_value/7 "/>
</bind>
</comp>

<comp id="136" class="1004" name="grp_fu_136">
<pin_list>
<pin id="137" dir="0" index="0" bw="32" slack="1"/>
<pin id="138" dir="0" index="1" bw="32" slack="1"/>
<pin id="139" dir="1" index="2" bw="32" slack="0"/>
</pin_list>
<bind>
<opcode="fadd(9) " fcode="fadd"/>
<opset="p_r_M_value_4/7 "/>
</bind>
</comp>

<comp id="140" class="1004" name="grp_fu_140">
<pin_list>
<pin id="141" dir="0" index="0" bw="32" slack="0"/>
<pin id="142" dir="0" index="1" bw="32" slack="1"/>
<pin id="143" dir="1" index="2" bw="32" slack="1"/>
</pin_list>
<bind>
<opcode="fmul(13) " fcode="fmul"/>
<opset="mul_ac_i_i1/3 "/>
</bind>
</comp>

<comp id="144" class="1004" name="grp_fu_144">
<pin_list>
<pin id="145" dir="0" index="0" bw="32" slack="0"/>
<pin id="146" dir="0" index="1" bw="32" slack="1"/>
<pin id="147" dir="1" index="2" bw="32" slack="1"/>
</pin_list>
<bind>
<opcode="fmul(13) " fcode="fmul"/>
<opset="mul_bd_i_i1/3 "/>
</bind>
</comp>

<comp id="148" class="1004" name="grp_fu_148">
<pin_list>
<pin id="149" dir="0" index="0" bw="32" slack="0"/>
<pin id="150" dir="0" index="1" bw="32" slack="1"/>
<pin id="151" dir="1" index="2" bw="32" slack="1"/>
</pin_list>
<bind>
<opcode="fmul(13) " fcode="fmul"/>
<opset="mul_ad_i_i1/3 "/>
</bind>
</comp>

<comp id="152" class="1004" name="grp_fu_152">
<pin_list>
<pin id="153" dir="0" index="0" bw="32" slack="0"/>
<pin id="154" dir="0" index="1" bw="32" slack="1"/>
<pin id="155" dir="1" index="2" bw="32" slack="1"/>
</pin_list>
<bind>
<opcode="fmul(13) " fcode="fmul"/>
<opset="mul_bc_i_i1/3 "/>
</bind>
</comp>

<comp id="156" class="1004" name="store_ln0_store_fu_156">
<pin_list>
<pin id="157" dir="0" index="0" bw="1" slack="0"/>
<pin id="158" dir="0" index="1" bw="11" slack="0"/>
<pin id="159" dir="1" index="2" bw="0" slack="2147483647"/>
</pin_list>
<bind>
<opcode="store(28) " fcode="store"/>
<opset="store_ln0/1 "/>
</bind>
</comp>

<comp id="161" class="1004" name="i_1_load_fu_161">
<pin_list>
<pin id="162" dir="0" index="0" bw="11" slack="0"/>
<pin id="163" dir="1" index="1" bw="11" slack="0"/>
</pin_list>
<bind>
<opcode="load(27) " fcode="load"/>
<opset="i_1/1 "/>
</bind>
</comp>

<comp id="164" class="1004" name="icmp_ln45_fu_164">
<pin_list>
<pin id="165" dir="0" index="0" bw="11" slack="0"/>
<pin id="166" dir="0" index="1" bw="11" slack="0"/>
<pin id="167" dir="1" index="2" bw="1" slack="9"/>
</pin_list>
<bind>
<opcode="icmp(45) " fcode="icmp"/>
<opset="icmp_ln45/1 "/>
</bind>
</comp>

<comp id="170" class="1004" name="add_ln45_fu_170">
<pin_list>
<pin id="171" dir="0" index="0" bw="11" slack="0"/>
<pin id="172" dir="0" index="1" bw="1" slack="0"/>
<pin id="173" dir="1" index="2" bw="11" slack="0"/>
</pin_list>
<bind>
<opcode="add(8) " fcode="add"/>
<opset="add_ln45/1 "/>
</bind>
</comp>

<comp id="176" class="1004" name="i_1_cast_fu_176">
<pin_list>
<pin id="177" dir="0" index="0" bw="11" slack="0"/>
<pin id="178" dir="1" index="1" bw="64" slack="0"/>
</pin_list>
<bind>
<opcode="zext(34) " fcode="zext"/>
<opset="i_1_cast/1 "/>
</bind>
</comp>

<comp id="182" class="1004" name="p_s_fu_182">
<pin_list>
<pin id="183" dir="0" index="0" bw="81" slack="0"/>
<pin id="184" dir="1" index="1" bw="64" slack="0"/>
</pin_list>
<bind>
<opcode="extractvalue(56) " fcode="extractvalue"/>
<opset="p_s/1 "/>
</bind>
</comp>

<comp id="186" class="1004" name="trunc_ln293_fu_186">
<pin_list>
<pin id="187" dir="0" index="0" bw="64" slack="0"/>
<pin id="188" dir="1" index="1" bw="32" slack="2"/>
</pin_list>
<bind>
<opcode="trunc(33) " fcode="trunc"/>
<opset="trunc_ln293/1 "/>
</bind>
</comp>

<comp id="190" class="1004" name="trunc_ln293_3_fu_190">
<pin_list>
<pin id="191" dir="0" index="0" bw="32" slack="0"/>
<pin id="192" dir="0" index="1" bw="64" slack="0"/>
<pin id="193" dir="0" index="2" bw="7" slack="0"/>
<pin id="194" dir="0" index="3" bw="7" slack="0"/>
<pin id="195" dir="1" index="4" bw="32" slack="2"/>
</pin_list>
<bind>
<opcode="partselect(1002) " fcode="partselect"/>
<opset="trunc_ln293_3/1 "/>
</bind>
</comp>

<comp id="200" class="1004" name="tmp_last_V_fu_200">
<pin_list>
<pin id="201" dir="0" index="0" bw="11" slack="0"/>
<pin id="202" dir="0" index="1" bw="11" slack="0"/>
<pin id="203" dir="1" index="2" bw="1" slack="10"/>
</pin_list>
<bind>
<opcode="icmp(45) " fcode="icmp"/>
<opset="tmp_last_V/1 "/>
</bind>
</comp>

<comp id="206" class="1004" name="store_ln45_store_fu_206">
<pin_list>
<pin id="207" dir="0" index="0" bw="11" slack="0"/>
<pin id="208" dir="0" index="1" bw="11" slack="0"/>
<pin id="209" dir="1" index="2" bw="0" slack="2147483647"/>
</pin_list>
<bind>
<opcode="store(28) " fcode="store"/>
<opset="store_ln45/1 "/>
</bind>
</comp>

<comp id="211" class="1004" name="tmp_data_M_value_3_fu_211">
<pin_list>
<pin id="212" dir="0" index="0" bw="32" slack="2"/>
<pin id="213" dir="1" index="1" bw="32" slack="0"/>
</pin_list>
<bind>
<opcode="bitcast(44) " fcode="bitcast"/>
<opset="tmp_data_M_value_3/3 "/>
</bind>
</comp>

<comp id="216" class="1004" name="tmp_data_M_value_4_fu_216">
<pin_list>
<pin id="217" dir="0" index="0" bw="32" slack="2"/>
<pin id="218" dir="1" index="1" bw="32" slack="0"/>
</pin_list>
<bind>
<opcode="bitcast(44) " fcode="bitcast"/>
<opset="tmp_data_M_value_4/3 "/>
</bind>
</comp>

<comp id="221" class="1004" name="bitcast_ln304_fu_221">
<pin_list>
<pin id="222" dir="0" index="0" bw="32" slack="0"/>
<pin id="223" dir="1" index="1" bw="32" slack="0"/>
</pin_list>
<bind>
<opcode="bitcast(44) " fcode="bitcast"/>
<opset="bitcast_ln304/11 "/>
</bind>
</comp>

<comp id="225" class="1004" name="bitcast_ln304_1_fu_225">
<pin_list>
<pin id="226" dir="0" index="0" bw="32" slack="0"/>
<pin id="227" dir="1" index="1" bw="32" slack="0"/>
</pin_list>
<bind>
<opcode="bitcast(44) " fcode="bitcast"/>
<opset="bitcast_ln304_1/11 "/>
</bind>
</comp>

<comp id="229" class="1004" name="p_0_fu_229">
<pin_list>
<pin id="230" dir="0" index="0" bw="64" slack="0"/>
<pin id="231" dir="0" index="1" bw="32" slack="0"/>
<pin id="232" dir="0" index="2" bw="32" slack="0"/>
<pin id="233" dir="1" index="3" bw="64" slack="0"/>
</pin_list>
<bind>
<opcode="bitconcatenate(1004) " fcode="bitconcatenate"/>
<opset="p_0/11 "/>
</bind>
</comp>

<comp id="238" class="1005" name="i_reg_238">
<pin_list>
<pin id="239" dir="0" index="0" bw="11" slack="0"/>
<pin id="240" dir="1" index="1" bw="11" slack="0"/>
</pin_list>
<bind>
<opset="i "/>
</bind>
</comp>

<comp id="245" class="1005" name="icmp_ln45_reg_245">
<pin_list>
<pin id="246" dir="0" index="0" bw="1" slack="9"/>
<pin id="247" dir="1" index="1" bw="1" slack="2147483647"/>
</pin_list>
<bind>
<opset="icmp_ln45 "/>
</bind>
</comp>

<comp id="249" class="1005" name="trunc_ln293_reg_249">
<pin_list>
<pin id="250" dir="0" index="0" bw="32" slack="2"/>
<pin id="251" dir="1" index="1" bw="32" slack="2"/>
</pin_list>
<bind>
<opset="trunc_ln293 "/>
</bind>
</comp>

<comp id="254" class="1005" name="trunc_ln293_3_reg_254">
<pin_list>
<pin id="255" dir="0" index="0" bw="32" slack="2"/>
<pin id="256" dir="1" index="1" bw="32" slack="2"/>
</pin_list>
<bind>
<opset="trunc_ln293_3 "/>
</bind>
</comp>

<comp id="259" class="1005" name="p_y_M_value_reg_259">
<pin_list>
<pin id="260" dir="0" index="0" bw="10" slack="1"/>
<pin id="261" dir="1" index="1" bw="10" slack="1"/>
</pin_list>
<bind>
<opset="p_y_M_value "/>
</bind>
</comp>

<comp id="264" class="1005" name="p_y_M_value_2_reg_264">
<pin_list>
<pin id="265" dir="0" index="0" bw="10" slack="1"/>
<pin id="266" dir="1" index="1" bw="10" slack="1"/>
</pin_list>
<bind>
<opset="p_y_M_value_2 "/>
</bind>
</comp>

<comp id="269" class="1005" name="tmp_last_V_reg_269">
<pin_list>
<pin id="270" dir="0" index="0" bw="1" slack="10"/>
<pin id="271" dir="1" index="1" bw="1" slack="10"/>
</pin_list>
<bind>
<opset="tmp_last_V "/>
</bind>
</comp>

<comp id="274" class="1005" name="p_t_reg_274">
<pin_list>
<pin id="275" dir="0" index="0" bw="32" slack="1"/>
<pin id="276" dir="1" index="1" bw="32" slack="1"/>
</pin_list>
<bind>
<opset="p_t "/>
</bind>
</comp>

<comp id="280" class="1005" name="p_t_1_reg_280">
<pin_list>
<pin id="281" dir="0" index="0" bw="32" slack="1"/>
<pin id="282" dir="1" index="1" bw="32" slack="1"/>
</pin_list>
<bind>
<opset="p_t_1 "/>
</bind>
</comp>

<comp id="286" class="1005" name="tmp_data_M_value_3_reg_286">
<pin_list>
<pin id="287" dir="0" index="0" bw="32" slack="1"/>
<pin id="288" dir="1" index="1" bw="32" slack="1"/>
</pin_list>
<bind>
<opset="tmp_data_M_value_3 "/>
</bind>
</comp>

<comp id="292" class="1005" name="tmp_data_M_value_4_reg_292">
<pin_list>
<pin id="293" dir="0" index="0" bw="32" slack="1"/>
<pin id="294" dir="1" index="1" bw="32" slack="1"/>
</pin_list>
<bind>
<opset="tmp_data_M_value_4 "/>
</bind>
</comp>

<comp id="298" class="1005" name="mul_ac_i_i1_reg_298">
<pin_list>
<pin id="299" dir="0" index="0" bw="32" slack="1"/>
<pin id="300" dir="1" index="1" bw="32" slack="1"/>
</pin_list>
<bind>
<opset="mul_ac_i_i1 "/>
</bind>
</comp>

<comp id="303" class="1005" name="mul_bd_i_i1_reg_303">
<pin_list>
<pin id="304" dir="0" index="0" bw="32" slack="1"/>
<pin id="305" dir="1" index="1" bw="32" slack="1"/>
</pin_list>
<bind>
<opset="mul_bd_i_i1 "/>
</bind>
</comp>

<comp id="308" class="1005" name="mul_ad_i_i1_reg_308">
<pin_list>
<pin id="309" dir="0" index="0" bw="32" slack="1"/>
<pin id="310" dir="1" index="1" bw="32" slack="1"/>
</pin_list>
<bind>
<opset="mul_ad_i_i1 "/>
</bind>
</comp>

<comp id="313" class="1005" name="mul_bc_i_i1_reg_313">
<pin_list>
<pin id="314" dir="0" index="0" bw="32" slack="1"/>
<pin id="315" dir="1" index="1" bw="32" slack="1"/>
</pin_list>
<bind>
<opset="mul_bc_i_i1 "/>
</bind>
</comp>

</comp_list>

<net_list>
<net id="75"><net_src comp="20" pin="0"/><net_sink comp="72" pin=0"/></net>

<net id="83"><net_src comp="48" pin="0"/><net_sink comp="76" pin=0"/></net>

<net id="84"><net_src comp="0" pin="0"/><net_sink comp="76" pin=1"/></net>

<net id="85"><net_src comp="2" pin="0"/><net_sink comp="76" pin=2"/></net>

<net id="86"><net_src comp="4" pin="0"/><net_sink comp="76" pin=3"/></net>

<net id="87"><net_src comp="6" pin="0"/><net_sink comp="76" pin=4"/></net>

<net id="99"><net_src comp="66" pin="0"/><net_sink comp="88" pin=0"/></net>

<net id="100"><net_src comp="8" pin="0"/><net_sink comp="88" pin=1"/></net>

<net id="101"><net_src comp="10" pin="0"/><net_sink comp="88" pin=2"/></net>

<net id="102"><net_src comp="12" pin="0"/><net_sink comp="88" pin=3"/></net>

<net id="103"><net_src comp="14" pin="0"/><net_sink comp="88" pin=4"/></net>

<net id="104"><net_src comp="68" pin="0"/><net_sink comp="88" pin=6"/></net>

<net id="105"><net_src comp="70" pin="0"/><net_sink comp="88" pin=7"/></net>

<net id="111"><net_src comp="16" pin="0"/><net_sink comp="106" pin=0"/></net>

<net id="112"><net_src comp="56" pin="0"/><net_sink comp="106" pin=1"/></net>

<net id="118"><net_src comp="18" pin="0"/><net_sink comp="113" pin=0"/></net>

<net id="119"><net_src comp="56" pin="0"/><net_sink comp="113" pin=1"/></net>

<net id="125"><net_src comp="106" pin="3"/><net_sink comp="120" pin=0"/></net>

<net id="131"><net_src comp="113" pin="3"/><net_sink comp="126" pin=0"/></net>

<net id="160"><net_src comp="34" pin="0"/><net_sink comp="156" pin=0"/></net>

<net id="168"><net_src comp="161" pin="1"/><net_sink comp="164" pin=0"/></net>

<net id="169"><net_src comp="40" pin="0"/><net_sink comp="164" pin=1"/></net>

<net id="174"><net_src comp="161" pin="1"/><net_sink comp="170" pin=0"/></net>

<net id="175"><net_src comp="46" pin="0"/><net_sink comp="170" pin=1"/></net>

<net id="179"><net_src comp="161" pin="1"/><net_sink comp="176" pin=0"/></net>

<net id="180"><net_src comp="176" pin="1"/><net_sink comp="106" pin=2"/></net>

<net id="181"><net_src comp="176" pin="1"/><net_sink comp="113" pin=2"/></net>

<net id="185"><net_src comp="76" pin="5"/><net_sink comp="182" pin=0"/></net>

<net id="189"><net_src comp="182" pin="1"/><net_sink comp="186" pin=0"/></net>

<net id="196"><net_src comp="50" pin="0"/><net_sink comp="190" pin=0"/></net>

<net id="197"><net_src comp="182" pin="1"/><net_sink comp="190" pin=1"/></net>

<net id="198"><net_src comp="52" pin="0"/><net_sink comp="190" pin=2"/></net>

<net id="199"><net_src comp="54" pin="0"/><net_sink comp="190" pin=3"/></net>

<net id="204"><net_src comp="161" pin="1"/><net_sink comp="200" pin=0"/></net>

<net id="205"><net_src comp="58" pin="0"/><net_sink comp="200" pin=1"/></net>

<net id="210"><net_src comp="170" pin="2"/><net_sink comp="206" pin=0"/></net>

<net id="214"><net_src comp="211" pin="1"/><net_sink comp="140" pin=0"/></net>

<net id="215"><net_src comp="211" pin="1"/><net_sink comp="148" pin=0"/></net>

<net id="219"><net_src comp="216" pin="1"/><net_sink comp="144" pin=0"/></net>

<net id="220"><net_src comp="216" pin="1"/><net_sink comp="152" pin=0"/></net>

<net id="224"><net_src comp="132" pin="2"/><net_sink comp="221" pin=0"/></net>

<net id="228"><net_src comp="136" pin="2"/><net_sink comp="225" pin=0"/></net>

<net id="234"><net_src comp="64" pin="0"/><net_sink comp="229" pin=0"/></net>

<net id="235"><net_src comp="225" pin="1"/><net_sink comp="229" pin=1"/></net>

<net id="236"><net_src comp="221" pin="1"/><net_sink comp="229" pin=2"/></net>

<net id="237"><net_src comp="229" pin="3"/><net_sink comp="88" pin=5"/></net>

<net id="241"><net_src comp="72" pin="1"/><net_sink comp="238" pin=0"/></net>

<net id="242"><net_src comp="238" pin="1"/><net_sink comp="156" pin=1"/></net>

<net id="243"><net_src comp="238" pin="1"/><net_sink comp="161" pin=0"/></net>

<net id="244"><net_src comp="238" pin="1"/><net_sink comp="206" pin=1"/></net>

<net id="248"><net_src comp="164" pin="2"/><net_sink comp="245" pin=0"/></net>

<net id="252"><net_src comp="186" pin="1"/><net_sink comp="249" pin=0"/></net>

<net id="253"><net_src comp="249" pin="1"/><net_sink comp="211" pin=0"/></net>

<net id="257"><net_src comp="190" pin="4"/><net_sink comp="254" pin=0"/></net>

<net id="258"><net_src comp="254" pin="1"/><net_sink comp="216" pin=0"/></net>

<net id="262"><net_src comp="106" pin="3"/><net_sink comp="259" pin=0"/></net>

<net id="263"><net_src comp="259" pin="1"/><net_sink comp="120" pin=0"/></net>

<net id="267"><net_src comp="113" pin="3"/><net_sink comp="264" pin=0"/></net>

<net id="268"><net_src comp="264" pin="1"/><net_sink comp="126" pin=0"/></net>

<net id="272"><net_src comp="200" pin="2"/><net_sink comp="269" pin=0"/></net>

<net id="273"><net_src comp="269" pin="1"/><net_sink comp="88" pin=8"/></net>

<net id="277"><net_src comp="120" pin="3"/><net_sink comp="274" pin=0"/></net>

<net id="278"><net_src comp="274" pin="1"/><net_sink comp="140" pin=1"/></net>

<net id="279"><net_src comp="274" pin="1"/><net_sink comp="152" pin=1"/></net>

<net id="283"><net_src comp="126" pin="3"/><net_sink comp="280" pin=0"/></net>

<net id="284"><net_src comp="280" pin="1"/><net_sink comp="144" pin=1"/></net>

<net id="285"><net_src comp="280" pin="1"/><net_sink comp="148" pin=1"/></net>

<net id="289"><net_src comp="211" pin="1"/><net_sink comp="286" pin=0"/></net>

<net id="290"><net_src comp="286" pin="1"/><net_sink comp="140" pin=0"/></net>

<net id="291"><net_src comp="286" pin="1"/><net_sink comp="148" pin=0"/></net>

<net id="295"><net_src comp="216" pin="1"/><net_sink comp="292" pin=0"/></net>

<net id="296"><net_src comp="292" pin="1"/><net_sink comp="144" pin=0"/></net>

<net id="297"><net_src comp="292" pin="1"/><net_sink comp="152" pin=0"/></net>

<net id="301"><net_src comp="140" pin="2"/><net_sink comp="298" pin=0"/></net>

<net id="302"><net_src comp="298" pin="1"/><net_sink comp="132" pin=0"/></net>

<net id="306"><net_src comp="144" pin="2"/><net_sink comp="303" pin=0"/></net>

<net id="307"><net_src comp="303" pin="1"/><net_sink comp="132" pin=1"/></net>

<net id="311"><net_src comp="148" pin="2"/><net_sink comp="308" pin=0"/></net>

<net id="312"><net_src comp="308" pin="1"/><net_sink comp="136" pin=0"/></net>

<net id="316"><net_src comp="152" pin="2"/><net_sink comp="313" pin=0"/></net>

<net id="317"><net_src comp="313" pin="1"/><net_sink comp="136" pin=1"/></net>

</net_list>

</model> 
---------------- Datapath Model END ------------------

* FSMD analyzer results:
  - Output states:
	Port: input_r_V_data_V | {}
	Port: input_r_V_keep_V | {}
	Port: input_r_V_strb_V | {}
	Port: input_r_V_last_V | {}
	Port: output_r_V_data_V | {11 }
	Port: output_r_V_keep_V | {11 }
	Port: output_r_V_strb_V | {11 }
	Port: output_r_V_last_V | {11 }
	Port: gb_conj_M_value_1 | {}
	Port: gb_conj_M_value | {}
 - Input state : 
	Port: corr_multiplication_Pipeline_VITIS_LOOP_45_2 : input_r_V_data_V | {1 }
	Port: corr_multiplication_Pipeline_VITIS_LOOP_45_2 : input_r_V_keep_V | {1 }
	Port: corr_multiplication_Pipeline_VITIS_LOOP_45_2 : input_r_V_strb_V | {1 }
	Port: corr_multiplication_Pipeline_VITIS_LOOP_45_2 : input_r_V_last_V | {1 }
	Port: corr_multiplication_Pipeline_VITIS_LOOP_45_2 : output_r_V_data_V | {}
	Port: corr_multiplication_Pipeline_VITIS_LOOP_45_2 : output_r_V_keep_V | {}
	Port: corr_multiplication_Pipeline_VITIS_LOOP_45_2 : output_r_V_strb_V | {}
	Port: corr_multiplication_Pipeline_VITIS_LOOP_45_2 : output_r_V_last_V | {}
	Port: corr_multiplication_Pipeline_VITIS_LOOP_45_2 : gb_conj_M_value_1 | {1 2 }
	Port: corr_multiplication_Pipeline_VITIS_LOOP_45_2 : gb_conj_M_value | {1 2 }
  - Chain level:
	State 1
		store_ln0 : 1
		i_1 : 1
		icmp_ln45 : 2
		add_ln45 : 2
		br_ln45 : 3
		i_1_cast : 2
		trunc_ln293 : 1
		trunc_ln293_3 : 1
		p_y_M_value : 3
		p_y_M_value_2 : 3
		p_t : 4
		p_t_1 : 4
		tmp_last_V : 2
		store_ln45 : 3
	State 2
	State 3
		mul_ac_i_i1 : 1
		mul_bd_i_i1 : 1
		mul_ad_i_i1 : 1
		mul_bc_i_i1 : 1
	State 4
	State 5
	State 6
	State 7
	State 8
	State 9
	State 10
	State 11
		bitcast_ln304 : 1
		bitcast_ln304_1 : 1
		p_0 : 2
		write_ln304 : 3


============================================================
+ Verbose Summary: Datapath Resource usage 
============================================================

* Functional unit list:
|----------|-------------------------|---------|---------|---------|
| Operation|     Functional Unit     |   DSP   |    FF   |   LUT   |
|----------|-------------------------|---------|---------|---------|
|          |        grp_fu_140       |    3    |   143   |   321   |
|   fmul   |        grp_fu_144       |    3    |   143   |   321   |
|          |        grp_fu_148       |    3    |   143   |   321   |
|          |        grp_fu_152       |    3    |   143   |   321   |
|----------|-------------------------|---------|---------|---------|
|   fadd   |        grp_fu_132       |    2    |   205   |   390   |
|          |        grp_fu_136       |    2    |   205   |   390   |
|----------|-------------------------|---------|---------|---------|
|   icmp   |     icmp_ln45_fu_164    |    0    |    0    |    11   |
|          |    tmp_last_V_fu_200    |    0    |    0    |    11   |
|----------|-------------------------|---------|---------|---------|
|    add   |     add_ln45_fu_170     |    0    |    0    |    12   |
|----------|-------------------------|---------|---------|---------|
|   read   |   empty_11_read_fu_76   |    0    |    0    |    0    |
|----------|-------------------------|---------|---------|---------|
|   write  | write_ln304_write_fu_88 |    0    |    0    |    0    |
|----------|-------------------------|---------|---------|---------|
|   zext   |     i_1_cast_fu_176     |    0    |    0    |    0    |
|----------|-------------------------|---------|---------|---------|
|extractvalue|        p_s_fu_182       |    0    |    0    |    0    |
|----------|-------------------------|---------|---------|---------|
|   trunc  |    trunc_ln293_fu_186   |    0    |    0    |    0    |
|----------|-------------------------|---------|---------|---------|
|partselect|   trunc_ln293_3_fu_190  |    0    |    0    |    0    |
|----------|-------------------------|---------|---------|---------|
|bitconcatenate|        p_0_fu_229       |    0    |    0    |    0    |
|----------|-------------------------|---------|---------|---------|
|   Total  |                         |    16   |   982   |   2098  |
|----------|-------------------------|---------|---------|---------|

Memories:
N/A

* Register list:
+--------------------------+--------+
|                          |   FF   |
+--------------------------+--------+
|         i_reg_238        |   11   |
|     icmp_ln45_reg_245    |    1   |
|    mul_ac_i_i1_reg_298   |   32   |
|    mul_ad_i_i1_reg_308   |   32   |
|    mul_bc_i_i1_reg_313   |   32   |
|    mul_bd_i_i1_reg_303   |   32   |
|       p_t_1_reg_280      |   32   |
|        p_t_reg_274       |   32   |
|   p_y_M_value_2_reg_264  |   10   |
|    p_y_M_value_reg_259   |   10   |
|tmp_data_M_value_3_reg_286|   32   |
|tmp_data_M_value_4_reg_292|   32   |
|    tmp_last_V_reg_269    |    1   |
|   trunc_ln293_3_reg_254  |   32   |
|    trunc_ln293_reg_249   |   32   |
+--------------------------+--------+
|           Total          |   353  |
+--------------------------+--------+

* Multiplexer (MUX) list: 
|-------------------|------|------|------|--------||---------||---------|
|        Comp       |  Pin | Size |  BW  | S x BW ||  Delay  ||   LUT   |
|-------------------|------|------|------|--------||---------||---------|
| grp_access_fu_120 |  p0  |   2  |  10  |   20   ||    9    |
| grp_access_fu_126 |  p0  |   2  |  10  |   20   ||    9    |
|     grp_fu_140    |  p0  |   2  |  32  |   64   ||    9    |
|     grp_fu_144    |  p0  |   2  |  32  |   64   ||    9    |
|     grp_fu_148    |  p0  |   2  |  32  |   64   ||    9    |
|     grp_fu_152    |  p0  |   2  |  32  |   64   ||    9    |
|-------------------|------|------|------|--------||---------||---------|
|       Total       |      |      |      |   296  ||  9.528  ||    54   |
|-------------------|------|------|------|--------||---------||---------|



* Summary:
+-----------+--------+--------+--------+--------+
|           |   DSP  |  Delay |   FF   |   LUT  |
+-----------+--------+--------+--------+--------+
|  Function |   16   |    -   |   982  |  2098  |
|   Memory  |    -   |    -   |    -   |    -   |
|Multiplexer|    -   |    9   |    -   |   54   |
|  Register |    -   |    -   |   353  |    -   |
+-----------+--------+--------+--------+--------+
|   Total   |   16   |    9   |  1335  |  2152  |
+-----------+--------+--------+--------+--------+
