

================================================================
== Vitis HLS Report for 'corr_multiplication'
================================================================
* Date:           Sun Apr 26 23:31:41 2026

* Version:        2022.1 (Build 3526262 on Mon Apr 18 15:47:01 MDT 2022)
* Project:        project_multiplication_ip
* Solution:       solution1 (Vivado IP Flow Target)
* Product family: zynq
* Target device:  xc7z020-clg484-1


================================================================
== Performance Estimates
================================================================
+ Timing: 
    * Summary: 
    +--------+----------+----------+------------+
    |  Clock |  Target  | Estimated| Uncertainty|
    +--------+----------+----------+------------+
    |ap_clk  |  10.00 ns|  7.256 ns|     2.70 ns|
    +--------+----------+----------+------------+

+ Latency: 
    * Summary: 
    +---------+---------+-----------+-----------+------+------+---------+
    |  Latency (cycles) |   Latency (absolute)  |   Interval  | Pipeline|
    |   min   |   max   |    min    |    max    |  min |  max |   Type  |
    +---------+---------+-----------+-----------+------+------+---------+
    |     2076|     2076|  20.760 us|  20.760 us|  2077|  2077|       no|
    +---------+---------+-----------+-----------+------+------+---------+

    + Detail: 
        * Instance: 
        N/A

        * Loop: 
        N/A

============================================================
+ Verbose Summary: Synthesis Manager
============================================================
InlineROM: 1
ExposeGlobal: 0
============================================================
+ Verbose Summary: CDFG Model
============================================================
IsTopModel: 1
ResetActiveHigh: 1
IsCombinational: 0
IsDatapathOnly: 0
HasWiredReturn: 1
HasMFsm: 0
HasVarLatency: 1
IsPipeline: 0
IsRtlPipelined: 0
IsInstanceOverlapped: 0
IsDontTouch: 0
HasImplIP: 0
IsGatedGlobalClock: 0


============================================================
+ Verbose Summary: Schedule
============================================================
* Number of FSM states : 7
* Pipeline : 0
* Dataflow Pipeline: 0

* FSM state transitions: 
1 --> 2 
2 --> 3 
3 --> 4 
4 --> 5 
5 --> 6 
6 --> 7 
7 --> 

* FSM state operations: 

State 1 <SV = 0> <Delay = 0.00>
ST_1 : Operation 8 [1/1] (0.00ns)   --->   "%empty = wait i32 @_ssdm_op_Wait"   --->   Operation 8 'wait' 'empty' <Predicate = true> <Delay = 0.00>

State 2 <SV = 1> <Delay = 0.00>
ST_2 : Operation 9 [2/2] (0.00ns)   --->   "%call_ln0 = call void @corr_multiplication_Pipeline_VITIS_LOOP_27_1, i64 %input_r_V_data_V, i8 %input_r_V_keep_V, i8 %input_r_V_strb_V, i1 %input_r_V_last_V, i64 %output_r_V_data_V, i8 %output_r_V_keep_V, i8 %output_r_V_strb_V, i1 %output_r_V_last_V, i32 %ga_conj_M_value_1, i32 %ga_conj_M_value"   --->   Operation 9 'call' 'call_ln0' <Predicate = true> <Delay = 0.00> <CoreType = "Generic">   --->   Core 0 '' <Latency = 0> <II = 1> <Delay = 1.00> <Generic> <Opcode : >

State 3 <SV = 2> <Delay = 7.25>
ST_3 : Operation 10 [1/2] (7.25ns)   --->   "%call_ln0 = call void @corr_multiplication_Pipeline_VITIS_LOOP_27_1, i64 %input_r_V_data_V, i8 %input_r_V_keep_V, i8 %input_r_V_strb_V, i1 %input_r_V_last_V, i64 %output_r_V_data_V, i8 %output_r_V_keep_V, i8 %output_r_V_strb_V, i1 %output_r_V_last_V, i32 %ga_conj_M_value_1, i32 %ga_conj_M_value"   --->   Operation 10 'call' 'call_ln0' <Predicate = true> <Delay = 7.25> <CoreType = "Generic">   --->   Core 0 '' <Latency = 0> <II = 1> <Delay = 1.00> <Generic> <Opcode : >

State 4 <SV = 3> <Delay = 0.00>
ST_4 : Operation 11 [1/1] (0.00ns)   --->   "%empty_13 = wait i32 @_ssdm_op_Wait"   --->   Operation 11 'wait' 'empty_13' <Predicate = true> <Delay = 0.00>

State 5 <SV = 4> <Delay = 0.00>
ST_5 : Operation 12 [1/1] (0.00ns)   --->   "%empty_14 = wait i32 @_ssdm_op_Wait"   --->   Operation 12 'wait' 'empty_14' <Predicate = true> <Delay = 0.00>
ST_5 : Operation 13 [2/2] (0.00ns)   --->   "%call_ln0 = call void @corr_multiplication_Pipeline_VITIS_LOOP_45_2, i64 %input_r_V_data_V, i8 %input_r_V_keep_V, i8 %input_r_V_strb_V, i1 %input_r_V_last_V, i64 %output_r_V_data_V, i8 %output_r_V_keep_V, i8 %output_r_V_strb_V, i1 %output_r_V_last_V, i32 %gb_conj_M_value_1, i32 %gb_conj_M_value"   --->   Operation 13 'call' 'call_ln0' <Predicate = true> <Delay = 0.00> <CoreType = "Generic">   --->   Core 0 '' <Latency = 0> <II = 1> <Delay = 1.00> <Generic> <Opcode : >

State 6 <SV = 5> <Delay = 7.25>
ST_6 : Operation 14 [1/2] (7.25ns)   --->   "%call_ln0 = call void @corr_multiplication_Pipeline_VITIS_LOOP_45_2, i64 %input_r_V_data_V, i8 %input_r_V_keep_V, i8 %input_r_V_strb_V, i1 %input_r_V_last_V, i64 %output_r_V_data_V, i8 %output_r_V_keep_V, i8 %output_r_V_strb_V, i1 %output_r_V_last_V, i32 %gb_conj_M_value_1, i32 %gb_conj_M_value"   --->   Operation 14 'call' 'call_ln0' <Predicate = true> <Delay = 7.25> <CoreType = "Generic">   --->   Core 0 '' <Latency = 0> <II = 1> <Delay = 1.00> <Generic> <Opcode : >

State 7 <SV = 6> <Delay = 0.00>
ST_7 : Operation 15 [1/1] (0.00ns)   --->   "%spectopmodule_ln11 = spectopmodule void @_ssdm_op_SpecTopModule, void @empty_2" [project_multiplication_ip/mul.cpp:11]   --->   Operation 15 'spectopmodule' 'spectopmodule_ln11' <Predicate = true> <Delay = 0.00>
ST_7 : Operation 16 [1/1] (0.00ns)   --->   "%specinterface_ln11 = specinterface void @_ssdm_op_SpecInterface, i32 0, void @empty_3, i32 0, i32 0, void @empty_1, i32 0, i32 0, void @empty_1, void @empty_1, void @empty_1, i32 0, i32 0, i32 0, i32 0, void @empty_1, void @empty_1, i32 4294967295, i32 0" [project_multiplication_ip/mul.cpp:11]   --->   Operation 16 'specinterface' 'specinterface_ln11' <Predicate = true> <Delay = 0.00>
ST_7 : Operation 17 [1/1] (0.00ns)   --->   "%specinterface_ln0 = specinterface void @_ssdm_op_SpecInterface, i64 %input_r_V_data_V, i8 %input_r_V_keep_V, i8 %input_r_V_strb_V, i1 %input_r_V_last_V, void @empty, i32 1, i32 1, void @empty_0, i32 0, i32 0, void @empty_1, void @empty_1, void @empty_1, i32 0, i32 0, i32 0, i32 0, void @empty_1, void @empty_1, i32 4294967295, i32 0"   --->   Operation 17 'specinterface' 'specinterface_ln0' <Predicate = true> <Delay = 0.00>
ST_7 : Operation 18 [1/1] (0.00ns)   --->   "%specbitsmap_ln0 = specbitsmap void @_ssdm_op_SpecBitsMap, i64 %input_r_V_data_V"   --->   Operation 18 'specbitsmap' 'specbitsmap_ln0' <Predicate = true> <Delay = 0.00>
ST_7 : Operation 19 [1/1] (0.00ns)   --->   "%specbitsmap_ln0 = specbitsmap void @_ssdm_op_SpecBitsMap, i8 %input_r_V_keep_V"   --->   Operation 19 'specbitsmap' 'specbitsmap_ln0' <Predicate = true> <Delay = 0.00>
ST_7 : Operation 20 [1/1] (0.00ns)   --->   "%specbitsmap_ln0 = specbitsmap void @_ssdm_op_SpecBitsMap, i8 %input_r_V_strb_V"   --->   Operation 20 'specbitsmap' 'specbitsmap_ln0' <Predicate = true> <Delay = 0.00>
ST_7 : Operation 21 [1/1] (0.00ns)   --->   "%specbitsmap_ln0 = specbitsmap void @_ssdm_op_SpecBitsMap, i1 %input_r_V_last_V"   --->   Operation 21 'specbitsmap' 'specbitsmap_ln0' <Predicate = true> <Delay = 0.00>
ST_7 : Operation 22 [1/1] (0.00ns)   --->   "%specinterface_ln0 = specinterface void @_ssdm_op_SpecInterface, i64 %output_r_V_data_V, i8 %output_r_V_keep_V, i8 %output_r_V_strb_V, i1 %output_r_V_last_V, void @empty, i32 1, i32 1, void @empty_0, i32 0, i32 0, void @empty_1, void @empty_1, void @empty_1, i32 0, i32 0, i32 0, i32 0, void @empty_1, void @empty_1, i32 4294967295, i32 0"   --->   Operation 22 'specinterface' 'specinterface_ln0' <Predicate = true> <Delay = 0.00>
ST_7 : Operation 23 [1/1] (0.00ns)   --->   "%specbitsmap_ln0 = specbitsmap void @_ssdm_op_SpecBitsMap, i64 %output_r_V_data_V"   --->   Operation 23 'specbitsmap' 'specbitsmap_ln0' <Predicate = true> <Delay = 0.00>
ST_7 : Operation 24 [1/1] (0.00ns)   --->   "%specbitsmap_ln0 = specbitsmap void @_ssdm_op_SpecBitsMap, i8 %output_r_V_keep_V"   --->   Operation 24 'specbitsmap' 'specbitsmap_ln0' <Predicate = true> <Delay = 0.00>
ST_7 : Operation 25 [1/1] (0.00ns)   --->   "%specbitsmap_ln0 = specbitsmap void @_ssdm_op_SpecBitsMap, i8 %output_r_V_strb_V"   --->   Operation 25 'specbitsmap' 'specbitsmap_ln0' <Predicate = true> <Delay = 0.00>
ST_7 : Operation 26 [1/1] (0.00ns)   --->   "%specbitsmap_ln0 = specbitsmap void @_ssdm_op_SpecBitsMap, i1 %output_r_V_last_V"   --->   Operation 26 'specbitsmap' 'specbitsmap_ln0' <Predicate = true> <Delay = 0.00>
ST_7 : Operation 27 [1/1] (0.00ns)   --->   "%ret_ln61 = ret" [project_multiplication_ip/mul.cpp:61]   --->   Operation 27 'ret' 'ret_ln61' <Predicate = true> <Delay = 0.00>


============================================================
+ Verbose Summary: Timing violations
============================================================
Target clock period: 10ns, clock uncertainty: 2.7ns.

 <State 1>: 0ns
The critical path consists of the following:

 <State 2>: 0ns
The critical path consists of the following:

 <State 3>: 7.26ns
The critical path consists of the following:
	'call' operation ('call_ln0') to 'corr_multiplication_Pipeline_VITIS_LOOP_27_1' [26]  (7.26 ns)

 <State 4>: 0ns
The critical path consists of the following:

 <State 5>: 0ns
The critical path consists of the following:

 <State 6>: 7.26ns
The critical path consists of the following:
	'call' operation ('call_ln0') to 'corr_multiplication_Pipeline_VITIS_LOOP_45_2' [29]  (7.26 ns)

 <State 7>: 0ns
The critical path consists of the following:


============================================================
+ Verbose Summary: Binding
============================================================
N/A
* FSMD analyzer results:
  - Output states:
 - Input state : 
  - Chain level:
	State 1
	State 2
	State 3
	State 4
	State 5
	State 6
	State 7


============================================================
+ Verbose Summary: Datapath Resource usage 
============================================================
N/A
