
*** Running vivado
    with args -log design_1_fft_512_top_0_0.vds -m64 -product Vivado -mode batch -messageDb vivado.pb -notrace -source design_1_fft_512_top_0_0.tcl


****** Vivado v2022.1 (64-bit)
  **** SW Build 3526262 on Mon Apr 18 15:47:01 MDT 2022
  **** IP Build 3524634 on Mon Apr 18 20:55:01 MDT 2022
    ** Copyright 1986-2022 Xilinx, Inc. All Rights Reserved.

source design_1_fft_512_top_0_0.tcl -notrace
INFO: [IP_Flow 19-234] Refreshing IP repositories
INFO: [IP_Flow 19-1700] Loaded user IP repository '/mnt/arch/home/adi/repo/AELD_Lab_2026/as_close_as_midsem/zc/doppler_fft_256'.
INFO: [IP_Flow 19-1700] Loaded user IP repository '/mnt/arch/home/adi/repo/AELD_Lab_2026/as_close_as_midsem/zc/fft_512'.
INFO: [IP_Flow 19-1700] Loaded user IP repository '/mnt/arch/home/adi/repo/AELD_Lab_2026/as_close_as_midsem/zc/ifft_512'.
INFO: [IP_Flow 19-1700] Loaded user IP repository '/mnt/arch/home/adi/repo/AELD_Lab_2026/as_close_as_midsem/zc/mul2_512'.
INFO: [IP_Flow 19-1700] Loaded user IP repository '/mnt/arch/home/adi/repo/AELD_Lab_2026/as_close_as_midsem/zc/project_trigger_ip'.
INFO: [IP_Flow 19-2313] Loaded Vivado IP repository '/tools/Xilinx/Vivado/2022.1/data/ip'.
Command: synth_design -top design_1_fft_512_top_0_0 -part xc7z020clg484-1 -incremental_mode off -mode out_of_context
Starting synth_design
Attempting to get a license for feature 'Synthesis' and/or device 'xc7z020'
INFO: [Common 17-349] Got license for feature 'Synthesis' and/or device 'xc7z020'
INFO: [Device 21-403] Loading part xc7z020clg484-1
INFO: [Synth 8-7079] Multithreading enabled for synth_design using a maximum of 4 processes.
INFO: [Synth 8-7078] Launching helper process for spawning children vivado processes
INFO: [Synth 8-7075] Helper process launched with PID 380821
WARNING: [Synth 8-9501] generate block is allowed only inside loop and conditional generate in SystemVerilog mode [/tools/Xilinx/Vivado/2022.1/data/ip/xpm/xpm_fifo/hdl/xpm_fifo.sv:4023]
---------------------------------------------------------------------------------
Starting RTL Elaboration : Time (s): cpu = 00:00:04 ; elapsed = 00:00:04 . Memory (MB): peak = 3158.902 ; gain = 7.926 ; free physical = 3358 ; free virtual = 5545
---------------------------------------------------------------------------------
INFO: [Synth 8-6157] synthesizing module 'design_1_fft_512_top_0_0' [/mnt/arch/home/adi/repo/AELD_Lab_2026/as_close_as_midsem/vivado_zc_full/vivado_zc_full.gen/sources_1/bd/design_1/ip/design_1_fft_512_top_0_0/synth/design_1_fft_512_top_0_0.v:53]
INFO: [Synth 8-6157] synthesizing module 'fft_512_top' [/mnt/arch/home/adi/repo/AELD_Lab_2026/as_close_as_midsem/vivado_zc_full/vivado_zc_full.gen/sources_1/bd/design_1/ipshared/da5f/hdl/verilog/fft_512_top.v:10]
INFO: [Synth 8-6157] synthesizing module 'fft_512_top_zc_M_value_RAM_AUTO_1R1W' [/mnt/arch/home/adi/repo/AELD_Lab_2026/as_close_as_midsem/vivado_zc_full/vivado_zc_full.gen/sources_1/bd/design_1/ipshared/da5f/hdl/verilog/fft_512_top_zc_M_value_RAM_AUTO_1R1W.v:7]
INFO: [Synth 8-6155] done synthesizing module 'fft_512_top_zc_M_value_RAM_AUTO_1R1W' (0#1) [/mnt/arch/home/adi/repo/AELD_Lab_2026/as_close_as_midsem/vivado_zc_full/vivado_zc_full.gen/sources_1/bd/design_1/ipshared/da5f/hdl/verilog/fft_512_top_zc_M_value_RAM_AUTO_1R1W.v:7]
INFO: [Synth 8-6157] synthesizing module 'fft_512_top_fft_512_top_Pipeline_1' [/mnt/arch/home/adi/repo/AELD_Lab_2026/as_close_as_midsem/vivado_zc_full/vivado_zc_full.gen/sources_1/bd/design_1/ipshared/da5f/hdl/verilog/fft_512_top_fft_512_top_Pipeline_1.v:10]
INFO: [Synth 8-6157] synthesizing module 'fft_512_top_flow_control_loop_pipe_sequential_init' [/mnt/arch/home/adi/repo/AELD_Lab_2026/as_close_as_midsem/vivado_zc_full/vivado_zc_full.gen/sources_1/bd/design_1/ipshared/da5f/hdl/verilog/fft_512_top_flow_control_loop_pipe_sequential_init.v:9]
INFO: [Synth 8-6155] done synthesizing module 'fft_512_top_flow_control_loop_pipe_sequential_init' (0#1) [/mnt/arch/home/adi/repo/AELD_Lab_2026/as_close_as_midsem/vivado_zc_full/vivado_zc_full.gen/sources_1/bd/design_1/ipshared/da5f/hdl/verilog/fft_512_top_flow_control_loop_pipe_sequential_init.v:9]
INFO: [Synth 8-6155] done synthesizing module 'fft_512_top_fft_512_top_Pipeline_1' (0#1) [/mnt/arch/home/adi/repo/AELD_Lab_2026/as_close_as_midsem/vivado_zc_full/vivado_zc_full.gen/sources_1/bd/design_1/ipshared/da5f/hdl/verilog/fft_512_top_fft_512_top_Pipeline_1.v:10]
INFO: [Synth 8-6157] synthesizing module 'fft_512_top_fft_512_top_Pipeline_VITIS_LOOP_44_1' [/mnt/arch/home/adi/repo/AELD_Lab_2026/as_close_as_midsem/vivado_zc_full/vivado_zc_full.gen/sources_1/bd/design_1/ipshared/da5f/hdl/verilog/fft_512_top_fft_512_top_Pipeline_VITIS_LOOP_44_1.v:10]
INFO: [Synth 8-6155] done synthesizing module 'fft_512_top_fft_512_top_Pipeline_VITIS_LOOP_44_1' (0#1) [/mnt/arch/home/adi/repo/AELD_Lab_2026/as_close_as_midsem/vivado_zc_full/vivado_zc_full.gen/sources_1/bd/design_1/ipshared/da5f/hdl/verilog/fft_512_top_fft_512_top_Pipeline_VITIS_LOOP_44_1.v:10]
INFO: [Synth 8-6157] synthesizing module 'fft_512_top_fft_fast' [/mnt/arch/home/adi/repo/AELD_Lab_2026/as_close_as_midsem/vivado_zc_full/vivado_zc_full.gen/sources_1/bd/design_1/ipshared/da5f/hdl/verilog/fft_512_top_fft_fast.v:10]
INFO: [Synth 8-6157] synthesizing module 'fft_512_top_fft_fast_Pipeline_VITIS_LOOP_8_1' [/mnt/arch/home/adi/repo/AELD_Lab_2026/as_close_as_midsem/vivado_zc_full/vivado_zc_full.gen/sources_1/bd/design_1/ipshared/da5f/hdl/verilog/fft_512_top_fft_fast_Pipeline_VITIS_LOOP_8_1.v:10]
INFO: [Synth 8-6157] synthesizing module 'fft_512_top_fft_fast_Pipeline_VITIS_LOOP_8_1_br_lut_ROM_AUTO_1R' [/mnt/arch/home/adi/repo/AELD_Lab_2026/as_close_as_midsem/vivado_zc_full/vivado_zc_full.gen/sources_1/bd/design_1/ipshared/da5f/hdl/verilog/fft_512_top_fft_fast_Pipeline_VITIS_LOOP_8_1_br_lut_ROM_AUTO_1R.v:7]
INFO: [Synth 8-3876] $readmem data file './fft_512_top_fft_fast_Pipeline_VITIS_LOOP_8_1_br_lut_ROM_AUTO_1R.dat' is read successfully [/mnt/arch/home/adi/repo/AELD_Lab_2026/as_close_as_midsem/vivado_zc_full/vivado_zc_full.gen/sources_1/bd/design_1/ipshared/da5f/hdl/verilog/fft_512_top_fft_fast_Pipeline_VITIS_LOOP_8_1_br_lut_ROM_AUTO_1R.v:23]
INFO: [Synth 8-6155] done synthesizing module 'fft_512_top_fft_fast_Pipeline_VITIS_LOOP_8_1_br_lut_ROM_AUTO_1R' (0#1) [/mnt/arch/home/adi/repo/AELD_Lab_2026/as_close_as_midsem/vivado_zc_full/vivado_zc_full.gen/sources_1/bd/design_1/ipshared/da5f/hdl/verilog/fft_512_top_fft_fast_Pipeline_VITIS_LOOP_8_1_br_lut_ROM_AUTO_1R.v:7]
INFO: [Synth 8-6155] done synthesizing module 'fft_512_top_fft_fast_Pipeline_VITIS_LOOP_8_1' (0#1) [/mnt/arch/home/adi/repo/AELD_Lab_2026/as_close_as_midsem/vivado_zc_full/vivado_zc_full.gen/sources_1/bd/design_1/ipshared/da5f/hdl/verilog/fft_512_top_fft_fast_Pipeline_VITIS_LOOP_8_1.v:10]
INFO: [Synth 8-6157] synthesizing module 'fft_512_top_fft_fast_Pipeline_VITIS_LOOP_23_4' [/mnt/arch/home/adi/repo/AELD_Lab_2026/as_close_as_midsem/vivado_zc_full/vivado_zc_full.gen/sources_1/bd/design_1/ipshared/da5f/hdl/verilog/fft_512_top_fft_fast_Pipeline_VITIS_LOOP_23_4.v:10]
INFO: [Synth 8-6157] synthesizing module 'fft_512_top_fft_fast_Pipeline_VITIS_LOOP_23_4_tw_M_value_1_ROM_AUTO_1R' [/mnt/arch/home/adi/repo/AELD_Lab_2026/as_close_as_midsem/vivado_zc_full/vivado_zc_full.gen/sources_1/bd/design_1/ipshared/da5f/hdl/verilog/fft_512_top_fft_fast_Pipeline_VITIS_LOOP_23_4_tw_M_value_1_ROM_AUTO_1R.v:7]
INFO: [Synth 8-3876] $readmem data file './fft_512_top_fft_fast_Pipeline_VITIS_LOOP_23_4_tw_M_value_1_ROM_AUTO_1R.dat' is read successfully [/mnt/arch/home/adi/repo/AELD_Lab_2026/as_close_as_midsem/vivado_zc_full/vivado_zc_full.gen/sources_1/bd/design_1/ipshared/da5f/hdl/verilog/fft_512_top_fft_fast_Pipeline_VITIS_LOOP_23_4_tw_M_value_1_ROM_AUTO_1R.v:23]
INFO: [Synth 8-6155] done synthesizing module 'fft_512_top_fft_fast_Pipeline_VITIS_LOOP_23_4_tw_M_value_1_ROM_AUTO_1R' (0#1) [/mnt/arch/home/adi/repo/AELD_Lab_2026/as_close_as_midsem/vivado_zc_full/vivado_zc_full.gen/sources_1/bd/design_1/ipshared/da5f/hdl/verilog/fft_512_top_fft_fast_Pipeline_VITIS_LOOP_23_4_tw_M_value_1_ROM_AUTO_1R.v:7]
INFO: [Synth 8-6157] synthesizing module 'fft_512_top_fft_fast_Pipeline_VITIS_LOOP_23_4_tw_M_value_ROM_AUTO_1R' [/mnt/arch/home/adi/repo/AELD_Lab_2026/as_close_as_midsem/vivado_zc_full/vivado_zc_full.gen/sources_1/bd/design_1/ipshared/da5f/hdl/verilog/fft_512_top_fft_fast_Pipeline_VITIS_LOOP_23_4_tw_M_value_ROM_AUTO_1R.v:7]
INFO: [Synth 8-3876] $readmem data file './fft_512_top_fft_fast_Pipeline_VITIS_LOOP_23_4_tw_M_value_ROM_AUTO_1R.dat' is read successfully [/mnt/arch/home/adi/repo/AELD_Lab_2026/as_close_as_midsem/vivado_zc_full/vivado_zc_full.gen/sources_1/bd/design_1/ipshared/da5f/hdl/verilog/fft_512_top_fft_fast_Pipeline_VITIS_LOOP_23_4_tw_M_value_ROM_AUTO_1R.v:23]
INFO: [Synth 8-6155] done synthesizing module 'fft_512_top_fft_fast_Pipeline_VITIS_LOOP_23_4_tw_M_value_ROM_AUTO_1R' (0#1) [/mnt/arch/home/adi/repo/AELD_Lab_2026/as_close_as_midsem/vivado_zc_full/vivado_zc_full.gen/sources_1/bd/design_1/ipshared/da5f/hdl/verilog/fft_512_top_fft_fast_Pipeline_VITIS_LOOP_23_4_tw_M_value_ROM_AUTO_1R.v:7]
INFO: [Synth 8-6157] synthesizing module 'fft_512_top_faddfsub_32ns_32ns_32_5_full_dsp_1' [/mnt/arch/home/adi/repo/AELD_Lab_2026/as_close_as_midsem/vivado_zc_full/vivado_zc_full.gen/sources_1/bd/design_1/ipshared/da5f/hdl/verilog/fft_512_top_faddfsub_32ns_32ns_32_5_full_dsp_1.v:9]
INFO: [Synth 8-6157] synthesizing module 'fft_512_top_faddfsub_32ns_32ns_32_5_full_dsp_1_ip' [/mnt/arch/home/adi/repo/AELD_Lab_2026/as_close_as_midsem/vivado_zc_full/vivado_zc_full.gen/sources_1/bd/design_1/ipshared/da5f/hdl/ip/fft_512_top_faddfsub_32ns_32ns_32_5_full_dsp_1_ip.v:53]
INFO: [Synth 8-6157] synthesizing module 'LUT1' [/tools/Xilinx/Vivado/2022.1/scripts/rt/data/unisim_comp.v:62648]
INFO: [Synth 8-6155] done synthesizing module 'LUT1' (0#1) [/tools/Xilinx/Vivado/2022.1/scripts/rt/data/unisim_comp.v:62648]
INFO: [Synth 8-6155] done synthesizing module 'fft_512_top_faddfsub_32ns_32ns_32_5_full_dsp_1_ip' (0#1) [/mnt/arch/home/adi/repo/AELD_Lab_2026/as_close_as_midsem/vivado_zc_full/vivado_zc_full.gen/sources_1/bd/design_1/ipshared/da5f/hdl/ip/fft_512_top_faddfsub_32ns_32ns_32_5_full_dsp_1_ip.v:53]
INFO: [Synth 8-6155] done synthesizing module 'fft_512_top_faddfsub_32ns_32ns_32_5_full_dsp_1' (0#1) [/mnt/arch/home/adi/repo/AELD_Lab_2026/as_close_as_midsem/vivado_zc_full/vivado_zc_full.gen/sources_1/bd/design_1/ipshared/da5f/hdl/verilog/fft_512_top_faddfsub_32ns_32ns_32_5_full_dsp_1.v:9]
INFO: [Synth 8-6157] synthesizing module 'fft_512_top_fmul_32ns_32ns_32_4_max_dsp_1' [/mnt/arch/home/adi/repo/AELD_Lab_2026/as_close_as_midsem/vivado_zc_full/vivado_zc_full.gen/sources_1/bd/design_1/ipshared/da5f/hdl/verilog/fft_512_top_fmul_32ns_32ns_32_4_max_dsp_1.v:9]
INFO: [Synth 8-6157] synthesizing module 'fft_512_top_fmul_32ns_32ns_32_4_max_dsp_1_ip' [/mnt/arch/home/adi/repo/AELD_Lab_2026/as_close_as_midsem/vivado_zc_full/vivado_zc_full.gen/sources_1/bd/design_1/ipshared/da5f/hdl/ip/fft_512_top_fmul_32ns_32ns_32_4_max_dsp_1_ip.v:53]
INFO: [Synth 8-6155] done synthesizing module 'fft_512_top_fmul_32ns_32ns_32_4_max_dsp_1_ip' (0#1) [/mnt/arch/home/adi/repo/AELD_Lab_2026/as_close_as_midsem/vivado_zc_full/vivado_zc_full.gen/sources_1/bd/design_1/ipshared/da5f/hdl/ip/fft_512_top_fmul_32ns_32ns_32_4_max_dsp_1_ip.v:53]
INFO: [Synth 8-6155] done synthesizing module 'fft_512_top_fmul_32ns_32ns_32_4_max_dsp_1' (0#1) [/mnt/arch/home/adi/repo/AELD_Lab_2026/as_close_as_midsem/vivado_zc_full/vivado_zc_full.gen/sources_1/bd/design_1/ipshared/da5f/hdl/verilog/fft_512_top_fmul_32ns_32ns_32_4_max_dsp_1.v:9]
INFO: [Synth 8-6155] done synthesizing module 'fft_512_top_fft_fast_Pipeline_VITIS_LOOP_23_4' (0#1) [/mnt/arch/home/adi/repo/AELD_Lab_2026/as_close_as_midsem/vivado_zc_full/vivado_zc_full.gen/sources_1/bd/design_1/ipshared/da5f/hdl/verilog/fft_512_top_fft_fast_Pipeline_VITIS_LOOP_23_4.v:10]
INFO: [Synth 8-6155] done synthesizing module 'fft_512_top_fft_fast' (0#1) [/mnt/arch/home/adi/repo/AELD_Lab_2026/as_close_as_midsem/vivado_zc_full/vivado_zc_full.gen/sources_1/bd/design_1/ipshared/da5f/hdl/verilog/fft_512_top_fft_fast.v:10]
INFO: [Synth 8-6157] synthesizing module 'fft_512_top_fft_512_top_Pipeline_VITIS_LOOP_51_2' [/mnt/arch/home/adi/repo/AELD_Lab_2026/as_close_as_midsem/vivado_zc_full/vivado_zc_full.gen/sources_1/bd/design_1/ipshared/da5f/hdl/verilog/fft_512_top_fft_512_top_Pipeline_VITIS_LOOP_51_2.v:10]
INFO: [Synth 8-6155] done synthesizing module 'fft_512_top_fft_512_top_Pipeline_VITIS_LOOP_51_2' (0#1) [/mnt/arch/home/adi/repo/AELD_Lab_2026/as_close_as_midsem/vivado_zc_full/vivado_zc_full.gen/sources_1/bd/design_1/ipshared/da5f/hdl/verilog/fft_512_top_fft_512_top_Pipeline_VITIS_LOOP_51_2.v:10]
INFO: [Synth 8-6157] synthesizing module 'fft_512_top_regslice_both' [/mnt/arch/home/adi/repo/AELD_Lab_2026/as_close_as_midsem/vivado_zc_full/vivado_zc_full.gen/sources_1/bd/design_1/ipshared/da5f/hdl/verilog/fft_512_top_regslice_both.v:9]
INFO: [Synth 8-6155] done synthesizing module 'fft_512_top_regslice_both' (0#1) [/mnt/arch/home/adi/repo/AELD_Lab_2026/as_close_as_midsem/vivado_zc_full/vivado_zc_full.gen/sources_1/bd/design_1/ipshared/da5f/hdl/verilog/fft_512_top_regslice_both.v:9]
INFO: [Synth 8-6157] synthesizing module 'fft_512_top_regslice_both__parameterized0' [/mnt/arch/home/adi/repo/AELD_Lab_2026/as_close_as_midsem/vivado_zc_full/vivado_zc_full.gen/sources_1/bd/design_1/ipshared/da5f/hdl/verilog/fft_512_top_regslice_both.v:9]
INFO: [Synth 8-6155] done synthesizing module 'fft_512_top_regslice_both__parameterized0' (0#1) [/mnt/arch/home/adi/repo/AELD_Lab_2026/as_close_as_midsem/vivado_zc_full/vivado_zc_full.gen/sources_1/bd/design_1/ipshared/da5f/hdl/verilog/fft_512_top_regslice_both.v:9]
INFO: [Synth 8-6157] synthesizing module 'fft_512_top_regslice_both__parameterized1' [/mnt/arch/home/adi/repo/AELD_Lab_2026/as_close_as_midsem/vivado_zc_full/vivado_zc_full.gen/sources_1/bd/design_1/ipshared/da5f/hdl/verilog/fft_512_top_regslice_both.v:9]
INFO: [Synth 8-6155] done synthesizing module 'fft_512_top_regslice_both__parameterized1' (0#1) [/mnt/arch/home/adi/repo/AELD_Lab_2026/as_close_as_midsem/vivado_zc_full/vivado_zc_full.gen/sources_1/bd/design_1/ipshared/da5f/hdl/verilog/fft_512_top_regslice_both.v:9]
INFO: [Synth 8-6155] done synthesizing module 'fft_512_top' (0#1) [/mnt/arch/home/adi/repo/AELD_Lab_2026/as_close_as_midsem/vivado_zc_full/vivado_zc_full.gen/sources_1/bd/design_1/ipshared/da5f/hdl/verilog/fft_512_top.v:10]
INFO: [Synth 8-6155] done synthesizing module 'design_1_fft_512_top_0_0' (0#1) [/mnt/arch/home/adi/repo/AELD_Lab_2026/as_close_as_midsem/vivado_zc_full/vivado_zc_full.gen/sources_1/bd/design_1/ip/design_1_fft_512_top_0_0/synth/design_1_fft_512_top_0_0.v:53]
WARNING: [Synth 8-7129] Port CLK in module xbip_pipe_v3_0_6_viv__parameterized3 is either unconnected or has no load
WARNING: [Synth 8-7129] Port CE in module xbip_pipe_v3_0_6_viv__parameterized3 is either unconnected or has no load
WARNING: [Synth 8-7129] Port SCLR in module xbip_pipe_v3_0_6_viv__parameterized3 is either unconnected or has no load
WARNING: [Synth 8-7129] Port SSET in module xbip_pipe_v3_0_6_viv__parameterized3 is either unconnected or has no load
WARNING: [Synth 8-7129] Port SINIT in module xbip_pipe_v3_0_6_viv__parameterized3 is either unconnected or has no load
WARNING: [Synth 8-7129] Port CLK in module xbip_pipe_v3_0_6_viv__parameterized55 is either unconnected or has no load
WARNING: [Synth 8-7129] Port CE in module xbip_pipe_v3_0_6_viv__parameterized55 is either unconnected or has no load
WARNING: [Synth 8-7129] Port SCLR in module xbip_pipe_v3_0_6_viv__parameterized55 is either unconnected or has no load
WARNING: [Synth 8-7129] Port SSET in module xbip_pipe_v3_0_6_viv__parameterized55 is either unconnected or has no load
WARNING: [Synth 8-7129] Port SINIT in module xbip_pipe_v3_0_6_viv__parameterized55 is either unconnected or has no load
WARNING: [Synth 8-7129] Port DEC_OP_STATE[11] in module flt_dec_op_lat is either unconnected or has no load
WARNING: [Synth 8-7129] Port DEC_OP_STATE[10] in module flt_dec_op_lat is either unconnected or has no load
WARNING: [Synth 8-7129] Port DEC_OP_STATE[9] in module flt_dec_op_lat is either unconnected or has no load
WARNING: [Synth 8-7129] Port DEC_OP_STATE[8] in module flt_dec_op_lat is either unconnected or has no load
WARNING: [Synth 8-7129] Port DIVIDE_BY_ZERO_IN in module flt_dec_op_lat is either unconnected or has no load
WARNING: [Synth 8-7129] Port CLK in module xbip_pipe_v3_0_6_viv__parameterized29 is either unconnected or has no load
WARNING: [Synth 8-7129] Port CE in module xbip_pipe_v3_0_6_viv__parameterized29 is either unconnected or has no load
WARNING: [Synth 8-7129] Port SCLR in module xbip_pipe_v3_0_6_viv__parameterized29 is either unconnected or has no load
WARNING: [Synth 8-7129] Port SSET in module xbip_pipe_v3_0_6_viv__parameterized29 is either unconnected or has no load
WARNING: [Synth 8-7129] Port SINIT in module xbip_pipe_v3_0_6_viv__parameterized29 is either unconnected or has no load
WARNING: [Synth 8-7129] Port CLK in module xbip_pipe_v3_0_6_viv__parameterized72 is either unconnected or has no load
WARNING: [Synth 8-7129] Port CE in module xbip_pipe_v3_0_6_viv__parameterized72 is either unconnected or has no load
WARNING: [Synth 8-7129] Port SCLR in module xbip_pipe_v3_0_6_viv__parameterized72 is either unconnected or has no load
WARNING: [Synth 8-7129] Port SSET in module xbip_pipe_v3_0_6_viv__parameterized72 is either unconnected or has no load
WARNING: [Synth 8-7129] Port SINIT in module xbip_pipe_v3_0_6_viv__parameterized72 is either unconnected or has no load
WARNING: [Synth 8-7129] Port CLK in module xbip_pipe_v3_0_6_viv__parameterized70 is either unconnected or has no load
WARNING: [Synth 8-7129] Port CE in module xbip_pipe_v3_0_6_viv__parameterized70 is either unconnected or has no load
WARNING: [Synth 8-7129] Port SCLR in module xbip_pipe_v3_0_6_viv__parameterized70 is either unconnected or has no load
WARNING: [Synth 8-7129] Port SSET in module xbip_pipe_v3_0_6_viv__parameterized70 is either unconnected or has no load
WARNING: [Synth 8-7129] Port SINIT in module xbip_pipe_v3_0_6_viv__parameterized70 is either unconnected or has no load
WARNING: [Synth 8-7129] Port CLK in module xbip_pipe_v3_0_6_viv__parameterized13 is either unconnected or has no load
WARNING: [Synth 8-7129] Port CE in module xbip_pipe_v3_0_6_viv__parameterized13 is either unconnected or has no load
WARNING: [Synth 8-7129] Port SCLR in module xbip_pipe_v3_0_6_viv__parameterized13 is either unconnected or has no load
WARNING: [Synth 8-7129] Port SSET in module xbip_pipe_v3_0_6_viv__parameterized13 is either unconnected or has no load
WARNING: [Synth 8-7129] Port SINIT in module xbip_pipe_v3_0_6_viv__parameterized13 is either unconnected or has no load
WARNING: [Synth 8-7129] Port CLK in module xbip_pipe_v3_0_6_viv__parameterized11 is either unconnected or has no load
WARNING: [Synth 8-7129] Port CE in module xbip_pipe_v3_0_6_viv__parameterized11 is either unconnected or has no load
WARNING: [Synth 8-7129] Port SCLR in module xbip_pipe_v3_0_6_viv__parameterized11 is either unconnected or has no load
WARNING: [Synth 8-7129] Port SSET in module xbip_pipe_v3_0_6_viv__parameterized11 is either unconnected or has no load
WARNING: [Synth 8-7129] Port SINIT in module xbip_pipe_v3_0_6_viv__parameterized11 is either unconnected or has no load
WARNING: [Synth 8-7129] Port CLK in module xbip_pipe_v3_0_6_viv__parameterized7 is either unconnected or has no load
WARNING: [Synth 8-7129] Port CE in module xbip_pipe_v3_0_6_viv__parameterized7 is either unconnected or has no load
WARNING: [Synth 8-7129] Port SCLR in module xbip_pipe_v3_0_6_viv__parameterized7 is either unconnected or has no load
WARNING: [Synth 8-7129] Port SSET in module xbip_pipe_v3_0_6_viv__parameterized7 is either unconnected or has no load
WARNING: [Synth 8-7129] Port SINIT in module xbip_pipe_v3_0_6_viv__parameterized7 is either unconnected or has no load
WARNING: [Synth 8-7129] Port SCLR in module dsp48e1_wrapper__parameterized3 is either unconnected or has no load
WARNING: [Synth 8-7129] Port SIGN in module flt_round_dsp_opt_full is either unconnected or has no load
WARNING: [Synth 8-7129] Port CLK in module xbip_pipe_v3_0_6_viv__parameterized68 is either unconnected or has no load
WARNING: [Synth 8-7129] Port CE in module xbip_pipe_v3_0_6_viv__parameterized68 is either unconnected or has no load
WARNING: [Synth 8-7129] Port SCLR in module xbip_pipe_v3_0_6_viv__parameterized68 is either unconnected or has no load
WARNING: [Synth 8-7129] Port SSET in module xbip_pipe_v3_0_6_viv__parameterized68 is either unconnected or has no load
WARNING: [Synth 8-7129] Port SINIT in module xbip_pipe_v3_0_6_viv__parameterized68 is either unconnected or has no load
WARNING: [Synth 8-7129] Port CLK in module xbip_pipe_v3_0_6_viv__parameterized49 is either unconnected or has no load
WARNING: [Synth 8-7129] Port CE in module xbip_pipe_v3_0_6_viv__parameterized49 is either unconnected or has no load
WARNING: [Synth 8-7129] Port SCLR in module xbip_pipe_v3_0_6_viv__parameterized49 is either unconnected or has no load
WARNING: [Synth 8-7129] Port SSET in module xbip_pipe_v3_0_6_viv__parameterized49 is either unconnected or has no load
WARNING: [Synth 8-7129] Port SINIT in module xbip_pipe_v3_0_6_viv__parameterized49 is either unconnected or has no load
WARNING: [Synth 8-7129] Port CLK in module xbip_pipe_v3_0_6_viv__parameterized47 is either unconnected or has no load
WARNING: [Synth 8-7129] Port CE in module xbip_pipe_v3_0_6_viv__parameterized47 is either unconnected or has no load
WARNING: [Synth 8-7129] Port SCLR in module xbip_pipe_v3_0_6_viv__parameterized47 is either unconnected or has no load
WARNING: [Synth 8-7129] Port SSET in module xbip_pipe_v3_0_6_viv__parameterized47 is either unconnected or has no load
WARNING: [Synth 8-7129] Port SINIT in module xbip_pipe_v3_0_6_viv__parameterized47 is either unconnected or has no load
WARNING: [Synth 8-7129] Port CLK in module xbip_pipe_v3_0_6_viv__parameterized66 is either unconnected or has no load
WARNING: [Synth 8-7129] Port CE in module xbip_pipe_v3_0_6_viv__parameterized66 is either unconnected or has no load
WARNING: [Synth 8-7129] Port SCLR in module xbip_pipe_v3_0_6_viv__parameterized66 is either unconnected or has no load
WARNING: [Synth 8-7129] Port SSET in module xbip_pipe_v3_0_6_viv__parameterized66 is either unconnected or has no load
WARNING: [Synth 8-7129] Port SINIT in module xbip_pipe_v3_0_6_viv__parameterized66 is either unconnected or has no load
WARNING: [Synth 8-7129] Port SCLR in module xbip_pipe_v3_0_6_viv__parameterized33 is either unconnected or has no load
WARNING: [Synth 8-7129] Port SSET in module xbip_pipe_v3_0_6_viv__parameterized33 is either unconnected or has no load
WARNING: [Synth 8-7129] Port SINIT in module xbip_pipe_v3_0_6_viv__parameterized33 is either unconnected or has no load
WARNING: [Synth 8-7129] Port SCLR in module xbip_pipe_v3_0_6_viv__parameterized64 is either unconnected or has no load
WARNING: [Synth 8-7129] Port SSET in module xbip_pipe_v3_0_6_viv__parameterized64 is either unconnected or has no load
WARNING: [Synth 8-7129] Port SINIT in module xbip_pipe_v3_0_6_viv__parameterized64 is either unconnected or has no load
WARNING: [Synth 8-7129] Port SCLR in module xbip_pipe_v3_0_6_viv__parameterized31 is either unconnected or has no load
WARNING: [Synth 8-7129] Port SSET in module xbip_pipe_v3_0_6_viv__parameterized31 is either unconnected or has no load
WARNING: [Synth 8-7129] Port SINIT in module xbip_pipe_v3_0_6_viv__parameterized31 is either unconnected or has no load
WARNING: [Synth 8-7129] Port SCLR in module xbip_pipe_v3_0_6_viv__parameterized62 is either unconnected or has no load
WARNING: [Synth 8-7129] Port SSET in module xbip_pipe_v3_0_6_viv__parameterized62 is either unconnected or has no load
WARNING: [Synth 8-7129] Port SINIT in module xbip_pipe_v3_0_6_viv__parameterized62 is either unconnected or has no load
WARNING: [Synth 8-7129] Port SCLR in module xbip_pipe_v3_0_6_viv__parameterized17 is either unconnected or has no load
WARNING: [Synth 8-7129] Port SSET in module xbip_pipe_v3_0_6_viv__parameterized17 is either unconnected or has no load
WARNING: [Synth 8-7129] Port SINIT in module xbip_pipe_v3_0_6_viv__parameterized17 is either unconnected or has no load
WARNING: [Synth 8-7129] Port CARRYS_OUT[0] in module compare_eq_im__parameterized1 is either unconnected or has no load
WARNING: [Synth 8-7129] Port A[31] in module special_detect__parameterized0 is either unconnected or has no load
WARNING: [Synth 8-7129] Port CLK in module xbip_pipe_v3_0_6_viv__parameterized60 is either unconnected or has no load
WARNING: [Synth 8-7129] Port CE in module xbip_pipe_v3_0_6_viv__parameterized60 is either unconnected or has no load
WARNING: [Synth 8-7129] Port SCLR in module xbip_pipe_v3_0_6_viv__parameterized60 is either unconnected or has no load
WARNING: [Synth 8-7129] Port SSET in module xbip_pipe_v3_0_6_viv__parameterized60 is either unconnected or has no load
WARNING: [Synth 8-7129] Port SINIT in module xbip_pipe_v3_0_6_viv__parameterized60 is either unconnected or has no load
WARNING: [Synth 8-7129] Port CLK in module xbip_pipe_v3_0_6_viv__parameterized15 is either unconnected or has no load
WARNING: [Synth 8-7129] Port CE in module xbip_pipe_v3_0_6_viv__parameterized15 is either unconnected or has no load
WARNING: [Synth 8-7129] Port SCLR in module xbip_pipe_v3_0_6_viv__parameterized15 is either unconnected or has no load
WARNING: [Synth 8-7129] Port SSET in module xbip_pipe_v3_0_6_viv__parameterized15 is either unconnected or has no load
WARNING: [Synth 8-7129] Port SINIT in module xbip_pipe_v3_0_6_viv__parameterized15 is either unconnected or has no load
WARNING: [Synth 8-7129] Port CLK in module xbip_pipe_v3_0_6_viv__parameterized58 is either unconnected or has no load
WARNING: [Synth 8-7129] Port CE in module xbip_pipe_v3_0_6_viv__parameterized58 is either unconnected or has no load
WARNING: [Synth 8-7129] Port SCLR in module xbip_pipe_v3_0_6_viv__parameterized58 is either unconnected or has no load
WARNING: [Synth 8-7129] Port SSET in module xbip_pipe_v3_0_6_viv__parameterized58 is either unconnected or has no load
WARNING: [Synth 8-7129] Port SINIT in module xbip_pipe_v3_0_6_viv__parameterized58 is either unconnected or has no load
WARNING: [Synth 8-7129] Port CLK in module xbip_pipe_v3_0_6_viv__parameterized9 is either unconnected or has no load
INFO: [Common 17-14] Message 'Synth 8-7129' appears 100 times and further instances of the messages will be disabled. Use the Tcl command set_msg_config to change the current settings.
---------------------------------------------------------------------------------
Finished RTL Elaboration : Time (s): cpu = 00:00:08 ; elapsed = 00:00:09 . Memory (MB): peak = 3158.902 ; gain = 7.926 ; free physical = 2387 ; free virtual = 4575
---------------------------------------------------------------------------------
---------------------------------------------------------------------------------
Start Handling Custom Attributes
---------------------------------------------------------------------------------
---------------------------------------------------------------------------------
Finished Handling Custom Attributes : Time (s): cpu = 00:00:08 ; elapsed = 00:00:09 . Memory (MB): peak = 3158.902 ; gain = 7.926 ; free physical = 2374 ; free virtual = 4562
---------------------------------------------------------------------------------
---------------------------------------------------------------------------------
Finished RTL Optimization Phase 1 : Time (s): cpu = 00:00:08 ; elapsed = 00:00:09 . Memory (MB): peak = 3158.902 ; gain = 7.926 ; free physical = 2374 ; free virtual = 4562
---------------------------------------------------------------------------------
Netlist sorting complete. Time (s): cpu = 00:00:00.08 ; elapsed = 00:00:00.08 . Memory (MB): peak = 3158.902 ; gain = 0.000 ; free physical = 2402 ; free virtual = 4590
INFO: [Netlist 29-17] Analyzing 274 Unisim elements for replacement
INFO: [Netlist 29-28] Unisim Transformation completed in 0 CPU seconds
INFO: [Project 1-570] Preparing netlist for logic optimization

Processing XDC Constraints
Initializing timing engine
Parsing XDC File [/mnt/arch/home/adi/repo/AELD_Lab_2026/as_close_as_midsem/vivado_zc_full/vivado_zc_full.gen/sources_1/bd/design_1/ip/design_1_fft_512_top_0_0/constraints/fft_512_top_ooc.xdc] for cell 'inst'
Finished Parsing XDC File [/mnt/arch/home/adi/repo/AELD_Lab_2026/as_close_as_midsem/vivado_zc_full/vivado_zc_full.gen/sources_1/bd/design_1/ip/design_1_fft_512_top_0_0/constraints/fft_512_top_ooc.xdc] for cell 'inst'
Parsing XDC File [/mnt/arch/home/adi/repo/AELD_Lab_2026/as_close_as_midsem/vivado_zc_full/vivado_zc_full.runs/design_1_fft_512_top_0_0_synth_1/dont_touch.xdc]
Finished Parsing XDC File [/mnt/arch/home/adi/repo/AELD_Lab_2026/as_close_as_midsem/vivado_zc_full/vivado_zc_full.runs/design_1_fft_512_top_0_0_synth_1/dont_touch.xdc]
Completed Processing XDC Constraints

Netlist sorting complete. Time (s): cpu = 00:00:00 ; elapsed = 00:00:00 . Memory (MB): peak = 3222.934 ; gain = 0.000 ; free physical = 2440 ; free virtual = 4628
INFO: [Project 1-111] Unisim Transformation Summary:
  A total of 6 instances were transformed.
  FDE => FDRE: 6 instances

Constraint Validation Runtime : Time (s): cpu = 00:00:00.11 ; elapsed = 00:00:00.05 . Memory (MB): peak = 3222.934 ; gain = 0.000 ; free physical = 2403 ; free virtual = 4591
INFO: [Designutils 20-5008] Incremental synthesis strategy off
---------------------------------------------------------------------------------
Finished Constraint Validation : Time (s): cpu = 00:00:14 ; elapsed = 00:00:15 . Memory (MB): peak = 3222.934 ; gain = 71.957 ; free physical = 2666 ; free virtual = 4857
---------------------------------------------------------------------------------
---------------------------------------------------------------------------------
Start Loading Part and Timing Information
---------------------------------------------------------------------------------
Loading part: xc7z020clg484-1
---------------------------------------------------------------------------------
Finished Loading Part and Timing Information : Time (s): cpu = 00:00:14 ; elapsed = 00:00:15 . Memory (MB): peak = 3222.934 ; gain = 71.957 ; free physical = 2666 ; free virtual = 4857
---------------------------------------------------------------------------------
---------------------------------------------------------------------------------
Start Applying 'set_property' XDC Constraints
---------------------------------------------------------------------------------
Applied set_property KEEP_HIERARCHY = SOFT for inst. (constraint file  /mnt/arch/home/adi/repo/AELD_Lab_2026/as_close_as_midsem/vivado_zc_full/vivado_zc_full.runs/design_1_fft_512_top_0_0_synth_1/dont_touch.xdc, line 9).
---------------------------------------------------------------------------------
Finished applying 'set_property' XDC Constraints : Time (s): cpu = 00:00:14 ; elapsed = 00:00:15 . Memory (MB): peak = 3222.934 ; gain = 71.957 ; free physical = 2666 ; free virtual = 4856
---------------------------------------------------------------------------------
WARNING: [Synth 8-3936] Found unconnected internal register 'i_cast2_reg_162_reg' and it is trimmed from '10' to '9' bits. [/mnt/arch/home/adi/repo/AELD_Lab_2026/as_close_as_midsem/vivado_zc_full/vivado_zc_full.gen/sources_1/bd/design_1/ipshared/da5f/hdl/verilog/fft_512_top_fft_fast_Pipeline_VITIS_LOOP_8_1.v:235]
INFO: [Synth 8-4490] FSM extraction disabled for register 'ap_CS_fsm_reg' through user attribute
INFO: [Synth 8-4490] FSM extraction disabled for register 'ap_CS_fsm_reg' through user attribute
INFO: [Synth 8-4490] FSM extraction disabled for register 'ap_CS_fsm_reg' through user attribute
INFO: [Synth 8-4490] FSM extraction disabled for register 'ap_CS_fsm_reg' through user attribute
INFO: [Synth 8-3971] The signal "fft_512_top_zc_M_value_RAM_AUTO_1R1W:/ram_reg" was recognized as a true dual port RAM template.
---------------------------------------------------------------------------------
Finished RTL Optimization Phase 2 : Time (s): cpu = 00:00:15 ; elapsed = 00:00:17 . Memory (MB): peak = 3222.934 ; gain = 71.957 ; free physical = 2663 ; free virtual = 4857
---------------------------------------------------------------------------------
INFO: [Synth 8-223] decloning instance 'fft_512_top_faddfsub_32ns_32ns_32_5_full_dsp_1:/fft_512_top_faddfsub_32ns_32ns_32_5_full_dsp_1_ip_u/inst/i_synth/ADDSUB_OP.ADDSUB/DSP.OP/DSP48E1_BODY.ALIGN_ADD/SUB_DELAY' (delay__parameterized0) to 'fft_512_top_faddfsub_32ns_32ns_32_5_full_dsp_1:/fft_512_top_faddfsub_32ns_32ns_32_5_full_dsp_1_ip_u/inst/i_synth/ADDSUB_OP.ADDSUB/DSP.OP/DSP48E1_BODY.ALIGN_ADD/SUB_ADD_IP_DELAY'
INFO: [Synth 8-223] decloning instance 'fft_512_top_faddfsub_32ns_32ns_32_5_full_dsp_1:/fft_512_top_faddfsub_32ns_32ns_32_5_full_dsp_1_ip_u/inst/i_synth/DELAY_DIVIDE_BY_ZERO' (delay__parameterized0) to 'fft_512_top_faddfsub_32ns_32ns_32_5_full_dsp_1:/fft_512_top_faddfsub_32ns_32ns_32_5_full_dsp_1_ip_u/inst/i_synth/DELAY_ACCUM_OVERFLOW'
INFO: [Synth 8-223] decloning instance 'fft_512_top_faddfsub_32ns_32ns_32_5_full_dsp_1:/fft_512_top_faddfsub_32ns_32ns_32_5_full_dsp_1_ip_u/inst/i_synth/DELAY_DIVIDE_BY_ZERO' (delay__parameterized0) to 'fft_512_top_faddfsub_32ns_32ns_32_5_full_dsp_1:/fft_512_top_faddfsub_32ns_32ns_32_5_full_dsp_1_ip_u/inst/i_synth/DELAY_ACCUM_INPUT_OVERFLOW'
INFO: [Synth 8-223] decloning instance 'fft_512_top_fmul_32ns_32ns_32_4_max_dsp_1:/fft_512_top_fmul_32ns_32ns_32_4_max_dsp_1_ip_u/inst/i_synth/DELAY_DIVIDE_BY_ZERO' (delay__parameterized0) to 'fft_512_top_fmul_32ns_32ns_32_4_max_dsp_1:/fft_512_top_fmul_32ns_32ns_32_4_max_dsp_1_ip_u/inst/i_synth/DELAY_ACCUM_OVERFLOW'
INFO: [Synth 8-223] decloning instance 'fft_512_top_fmul_32ns_32ns_32_4_max_dsp_1:/fft_512_top_fmul_32ns_32ns_32_4_max_dsp_1_ip_u/inst/i_synth/DELAY_DIVIDE_BY_ZERO' (delay__parameterized0) to 'fft_512_top_fmul_32ns_32ns_32_4_max_dsp_1:/fft_512_top_fmul_32ns_32ns_32_4_max_dsp_1_ip_u/inst/i_synth/DELAY_ACCUM_INPUT_OVERFLOW'
---------------------------------------------------------------------------------
Start RTL Component Statistics 
---------------------------------------------------------------------------------
---------------------------------------------------------------------------------
Finished RTL Component Statistics 
---------------------------------------------------------------------------------
---------------------------------------------------------------------------------
Start Part Resource Summary
---------------------------------------------------------------------------------
Part Resources:
DSPs: 220 (col length:60)
BRAMs: 280 (col length: RAMB18 60 RAMB36 30)
---------------------------------------------------------------------------------
Finished Part Resource Summary
---------------------------------------------------------------------------------
---------------------------------------------------------------------------------
Start Cross Boundary and Area Optimization
---------------------------------------------------------------------------------
WARNING: [Synth 8-7080] Parallel synthesis criteria is not met
INFO: [Synth 8-3971] The signal "inst/zc_M_value_U/ram_reg" was recognized as a true dual port RAM template.
INFO: [Synth 8-3971] The signal "inst/zc_M_value_1_U/ram_reg" was recognized as a true dual port RAM template.
INFO: [Synth 8-3332] Sequential element (ADDSUB_OP.ADDSUB/DSP.OP/DSP48E1_BODY.NORM_RND/FULL_USAGE_DSP.LOD/dist_norm_reg[1]) is unused and will be removed from module floating_point_v7_1_14_viv__1.
INFO: [Synth 8-3332] Sequential element (ADDSUB_OP.ADDSUB/DSP.OP/DSP48E1_BODY.NORM_RND/FULL_USAGE_DSP.LOD/dist_norm_reg[0]) is unused and will be removed from module floating_point_v7_1_14_viv__1.
INFO: [Synth 8-3332] Sequential element (ADDSUB_OP.ADDSUB/DSP.OP/DSP48E1_BODY.NORM_RND/FULL_USAGE_DSP.LOD/dist_norm_reg[1]) is unused and will be removed from module floating_point_v7_1_14_viv.
INFO: [Synth 8-3332] Sequential element (ADDSUB_OP.ADDSUB/DSP.OP/DSP48E1_BODY.NORM_RND/FULL_USAGE_DSP.LOD/dist_norm_reg[0]) is unused and will be removed from module floating_point_v7_1_14_viv.
---------------------------------------------------------------------------------
Finished Cross Boundary and Area Optimization : Time (s): cpu = 00:00:20 ; elapsed = 00:00:22 . Memory (MB): peak = 3222.934 ; gain = 71.957 ; free physical = 2163 ; free virtual = 4369
---------------------------------------------------------------------------------
---------------------------------------------------------------------------------
Start Applying XDC Timing Constraints
---------------------------------------------------------------------------------
---------------------------------------------------------------------------------
Finished Applying XDC Timing Constraints : Time (s): cpu = 00:00:24 ; elapsed = 00:00:27 . Memory (MB): peak = 3222.934 ; gain = 71.957 ; free physical = 1953 ; free virtual = 4168
---------------------------------------------------------------------------------
---------------------------------------------------------------------------------
Start Timing Optimization
---------------------------------------------------------------------------------
---------------------------------------------------------------------------------
Finished Timing Optimization : Time (s): cpu = 00:00:25 ; elapsed = 00:00:27 . Memory (MB): peak = 3222.934 ; gain = 71.957 ; free physical = 1928 ; free virtual = 4147
---------------------------------------------------------------------------------
---------------------------------------------------------------------------------
Start Technology Mapping
---------------------------------------------------------------------------------
INFO: [Synth 8-7052] The timing for the instance inst/zc_M_value_U/ram_reg (implemented as a Block RAM) might be sub-optimal as no optional output register could be merged into the ram block. Providing additional output register may help in improving timing.
INFO: [Synth 8-7052] The timing for the instance inst/zc_M_value_U/ram_reg (implemented as a Block RAM) might be sub-optimal as no optional output register could be merged into the ram block. Providing additional output register may help in improving timing.
INFO: [Synth 8-7052] The timing for the instance inst/zc_M_value_1_U/ram_reg (implemented as a Block RAM) might be sub-optimal as no optional output register could be merged into the ram block. Providing additional output register may help in improving timing.
INFO: [Synth 8-7052] The timing for the instance inst/zc_M_value_1_U/ram_reg (implemented as a Block RAM) might be sub-optimal as no optional output register could be merged into the ram block. Providing additional output register may help in improving timing.
INFO: [Synth 8-7052] The timing for the instance inst/grp_fft_fast_fu_118/grp_fft_fast_Pipeline_VITIS_LOOP_8_1_fu_65/br_lut_U/q0_reg (implemented as a Block RAM) might be sub-optimal as no optional output register could be merged into the ram block. Providing additional output register may help in improving timing.
---------------------------------------------------------------------------------
Finished Technology Mapping : Time (s): cpu = 00:00:26 ; elapsed = 00:00:29 . Memory (MB): peak = 3222.934 ; gain = 71.957 ; free physical = 1879 ; free virtual = 4098
---------------------------------------------------------------------------------
---------------------------------------------------------------------------------
Start IO Insertion
---------------------------------------------------------------------------------
---------------------------------------------------------------------------------
Start Flattening Before IO Insertion
---------------------------------------------------------------------------------
---------------------------------------------------------------------------------
Finished Flattening Before IO Insertion
---------------------------------------------------------------------------------
---------------------------------------------------------------------------------
Start Final Netlist Cleanup
---------------------------------------------------------------------------------
---------------------------------------------------------------------------------
Finished Final Netlist Cleanup
---------------------------------------------------------------------------------
---------------------------------------------------------------------------------
Finished IO Insertion : Time (s): cpu = 00:00:29 ; elapsed = 00:00:32 . Memory (MB): peak = 3222.934 ; gain = 71.957 ; free physical = 3084 ; free virtual = 5308
---------------------------------------------------------------------------------
---------------------------------------------------------------------------------
Start Renaming Generated Instances
---------------------------------------------------------------------------------
---------------------------------------------------------------------------------
Finished Renaming Generated Instances : Time (s): cpu = 00:00:29 ; elapsed = 00:00:32 . Memory (MB): peak = 3222.934 ; gain = 71.957 ; free physical = 3084 ; free virtual = 5308
---------------------------------------------------------------------------------
---------------------------------------------------------------------------------
Start Rebuilding User Hierarchy
---------------------------------------------------------------------------------
---------------------------------------------------------------------------------
Finished Rebuilding User Hierarchy : Time (s): cpu = 00:00:29 ; elapsed = 00:00:32 . Memory (MB): peak = 3222.934 ; gain = 71.957 ; free physical = 3073 ; free virtual = 5297
---------------------------------------------------------------------------------
---------------------------------------------------------------------------------
Start Renaming Generated Ports
---------------------------------------------------------------------------------
---------------------------------------------------------------------------------
Finished Renaming Generated Ports : Time (s): cpu = 00:00:29 ; elapsed = 00:00:32 . Memory (MB): peak = 3222.934 ; gain = 71.957 ; free physical = 3073 ; free virtual = 5297
---------------------------------------------------------------------------------
---------------------------------------------------------------------------------
Start Handling Custom Attributes
---------------------------------------------------------------------------------
---------------------------------------------------------------------------------
Finished Handling Custom Attributes : Time (s): cpu = 00:00:29 ; elapsed = 00:00:32 . Memory (MB): peak = 3222.934 ; gain = 71.957 ; free physical = 3070 ; free virtual = 5294
---------------------------------------------------------------------------------
---------------------------------------------------------------------------------
Start Renaming Generated Nets
---------------------------------------------------------------------------------
---------------------------------------------------------------------------------
Finished Renaming Generated Nets : Time (s): cpu = 00:00:29 ; elapsed = 00:00:32 . Memory (MB): peak = 3222.934 ; gain = 71.957 ; free physical = 3070 ; free virtual = 5294
---------------------------------------------------------------------------------
---------------------------------------------------------------------------------
Start Writing Synthesis Report
---------------------------------------------------------------------------------

DSP Final Report (the ' indicates corresponding REG is set)
+------------------------------------+-----------------+--------+--------+--------+--------+--------+------+------+------+------+-------+------+------+
|Module Name                         | DSP Mapping     | A Size | B Size | C Size | D Size | P Size | AREG | BREG | CREG | DREG | ADREG | MREG | PREG | 
+------------------------------------+-----------------+--------+--------+--------+--------+--------+------+------+------+------+-------+------+------+
|dsp48e1_wrapper_188                 | Dynamic         | -      | -      | -      | -      | 40     | -    | -    | -    | -    | 0     | 0    | 1    | 
|dsp48e1_wrapper__parameterized0_142 | C+A'*B'         | 24     | 16     | 35     | -      | 35     | 1    | 1    | 1    | -    | -     | 0    | 0    | 
|dsp48e1_wrapper                     | Dynamic         | -      | -      | -      | -      | 40     | -    | -    | -    | -    | 0     | 0    | 1    | 
|dsp48e1_wrapper__parameterized0     | C+A'*B'         | 24     | 16     | 35     | -      | 35     | 1    | 1    | 1    | -    | -     | 0    | 0    | 
|dsp48e1_wrapper__parameterized1_80  | (A*B)'          | 24     | 17     | -      | -      | 41     | 0    | 0    | -    | -    | -     | 0    | 1    | 
|dsp48e1_wrapper__parameterized2_81  | PCIN>>17+(A*B)' | 0      | 7      | -      | -      | 31     | 0    | 0    | -    | -    | -     | 1    | 0    | 
|dsp48e1_wrapper__parameterized3_78  | PCIN+A:B+C      | 22     | 0      | -      | -      | 48     | 0    | 0    | -    | -    | -     | 0    | 0    | 
|dsp48e1_wrapper__parameterized1_51  | (A*B)'          | 24     | 17     | -      | -      | 41     | 0    | 0    | -    | -    | -     | 0    | 1    | 
|dsp48e1_wrapper__parameterized2_52  | PCIN>>17+(A*B)' | 0      | 7      | -      | -      | 31     | 0    | 0    | -    | -    | -     | 1    | 0    | 
|dsp48e1_wrapper__parameterized3_49  | PCIN+A:B+C      | 22     | 0      | -      | -      | 48     | 0    | 0    | -    | -    | -     | 0    | 0    | 
|dsp48e1_wrapper__parameterized1_22  | (A*B)'          | 24     | 17     | -      | -      | 41     | 0    | 0    | -    | -    | -     | 0    | 1    | 
|dsp48e1_wrapper__parameterized2_23  | PCIN>>17+(A*B)' | 0      | 7      | -      | -      | 31     | 0    | 0    | -    | -    | -     | 1    | 0    | 
|dsp48e1_wrapper__parameterized3_20  | PCIN+A:B+C      | 22     | 0      | -      | -      | 48     | 0    | 0    | -    | -    | -     | 0    | 0    | 
|dsp48e1_wrapper__parameterized1     | (A*B)'          | 24     | 17     | -      | -      | 41     | 0    | 0    | -    | -    | -     | 0    | 1    | 
|dsp48e1_wrapper__parameterized2     | PCIN>>17+(A*B)' | 0      | 7      | -      | -      | 31     | 0    | 0    | -    | -    | -     | 1    | 0    | 
|dsp48e1_wrapper__parameterized3     | PCIN+A:B+C      | 22     | 0      | -      | -      | 48     | 0    | 0    | -    | -    | -     | 0    | 0    | 
+------------------------------------+-----------------+--------+--------+--------+--------+--------+------+------+------+------+-------+------+------+


Report BlackBoxes: 
+-+--------------+----------+
| |BlackBox name |Instances |
+-+--------------+----------+
+-+--------------+----------+

Report Cell Usage: 
+------+---------+------+
|      |Cell     |Count |
+------+---------+------+
|1     |CARRY4   |    44|
|2     |DSP48E1  |    16|
|7     |LUT1     |    12|
|8     |LUT2     |   186|
|9     |LUT3     |   500|
|10    |LUT4     |   249|
|11    |LUT5     |   356|
|12    |LUT6     |   330|
|13    |MUXCY    |   180|
|14    |RAMB18E1 |     3|
|17    |RAMB36E1 |     2|
|18    |XORCY    |    66|
|19    |FDE      |     6|
|20    |FDRE     |  1707|
|21    |FDSE     |     5|
+------+---------+------+
---------------------------------------------------------------------------------
Finished Writing Synthesis Report : Time (s): cpu = 00:00:29 ; elapsed = 00:00:32 . Memory (MB): peak = 3222.934 ; gain = 71.957 ; free physical = 3068 ; free virtual = 5292
---------------------------------------------------------------------------------
Synthesis finished with 0 errors, 0 critical warnings and 327 warnings.
Synthesis Optimization Runtime : Time (s): cpu = 00:00:27 ; elapsed = 00:00:30 . Memory (MB): peak = 3222.934 ; gain = 7.926 ; free physical = 3132 ; free virtual = 5355
Synthesis Optimization Complete : Time (s): cpu = 00:00:29 ; elapsed = 00:00:32 . Memory (MB): peak = 3222.934 ; gain = 71.957 ; free physical = 3132 ; free virtual = 5355
INFO: [Project 1-571] Translating synthesized netlist
Netlist sorting complete. Time (s): cpu = 00:00:00.05 ; elapsed = 00:00:00.05 . Memory (MB): peak = 3222.934 ; gain = 0.000 ; free physical = 3211 ; free virtual = 5435
INFO: [Netlist 29-17] Analyzing 317 Unisim elements for replacement
INFO: [Netlist 29-28] Unisim Transformation completed in 0 CPU seconds
INFO: [Project 1-570] Preparing netlist for logic optimization
INFO: [Opt 31-138] Pushed 0 inverter(s) to 0 load pin(s).
Netlist sorting complete. Time (s): cpu = 00:00:00 ; elapsed = 00:00:00 . Memory (MB): peak = 3222.934 ; gain = 0.000 ; free physical = 2782 ; free virtual = 5006
INFO: [Project 1-111] Unisim Transformation Summary:
  A total of 54 instances were transformed.
  (MUXCY,XORCY) => CARRY4: 48 instances
  FDE => FDRE: 6 instances

Synth Design complete, checksum: bf584ee5
INFO: [Common 17-83] Releasing license: Synthesis
91 Infos, 103 Warnings, 0 Critical Warnings and 0 Errors encountered.
synth_design completed successfully
synth_design: Time (s): cpu = 00:00:36 ; elapsed = 00:00:36 . Memory (MB): peak = 3222.934 ; gain = 72.195 ; free physical = 2575 ; free virtual = 4799
INFO: [Common 17-1381] The checkpoint '/mnt/arch/home/adi/repo/AELD_Lab_2026/as_close_as_midsem/vivado_zc_full/vivado_zc_full.runs/design_1_fft_512_top_0_0_synth_1/design_1_fft_512_top_0_0.dcp' has been generated.
INFO: [Coretcl 2-1648] Added synthesis output to IP cache for IP design_1_fft_512_top_0_0, cache-ID = d8066caa5b2f46fb
INFO: [Coretcl 2-1174] Renamed 288 cell refs.
INFO: [Common 17-1381] The checkpoint '/mnt/arch/home/adi/repo/AELD_Lab_2026/as_close_as_midsem/vivado_zc_full/vivado_zc_full.runs/design_1_fft_512_top_0_0_synth_1/design_1_fft_512_top_0_0.dcp' has been generated.
INFO: [runtcl-4] Executing : report_utilization -file design_1_fft_512_top_0_0_utilization_synth.rpt -pb design_1_fft_512_top_0_0_utilization_synth.pb
INFO: [Common 17-206] Exiting Vivado at Sun May  3 15:29:37 2026...
