

================================================================
== Vitis HLS Report for 'ifft_512_top_Pipeline_VITIS_LOOP_56_1'
================================================================
* Date:           Fri May  1 11:37:23 2026

* Version:        2022.1 (Build 3526262 on Mon Apr 18 15:47:01 MDT 2022)
* Project:        ifft_512
* Solution:       solution1 (Vivado IP Flow Target)
* Product family: zynq
* Target device:  xc7z020-clg484-1


================================================================
== Performance Estimates
================================================================
+ Timing: 
    * Summary: 
    +--------+----------+----------+------------+
    |  Clock |  Target  | Estimated| Uncertainty|
    +--------+----------+----------+------------+
    |ap_clk  |  10.00 ns|  5.024 ns|     2.70 ns|
    +--------+----------+----------+------------+

+ Latency: 
    * Summary: 
    +---------+---------+----------+----------+-----+-----+---------+
    |  Latency (cycles) |  Latency (absolute) |  Interval | Pipeline|
    |   min   |   max   |    min   |    max   | min | max |   Type  |
    +---------+---------+----------+----------+-----+-----+---------+
    |      514|      514|  5.140 us|  5.140 us|  514|  514|       no|
    +---------+---------+----------+----------+-----+-----+---------+

    + Detail: 
        * Instance: 
        N/A

        * Loop: 
        +-------------------+---------+---------+----------+-----------+-----------+------+----------+
        |                   |  Latency (cycles) | Iteration|  Initiation Interval  | Trip |          |
        |     Loop Name     |   min   |   max   |  Latency |  achieved |   target  | Count| Pipelined|
        +-------------------+---------+---------+----------+-----------+-----------+------+----------+
        |- VITIS_LOOP_56_1  |      512|      512|         1|          1|          1|   512|       yes|
        +-------------------+---------+---------+----------+-----------+-----------+------+----------+

============================================================
+ Verbose Summary: Synthesis Manager
============================================================
InlineROM: 1
ExposeGlobal: 0
============================================================
+ Verbose Summary: CDFG Model
============================================================
IsTopModel: 0
ResetActiveHigh: 1
IsCombinational: 0
IsDatapathOnly: 0
HasWiredReturn: 1
HasMFsm: 2
HasVarLatency: 1
IsPipeline: 0
IsRtlPipelined: 0
IsInstanceOverlapped: 0
IsDontTouch: 0
HasImplIP: 0
IsGatedGlobalClock: 0

+ Individual pipeline summary: 
  * Pipeline-0: initiation interval (II) = 1, depth = 1


============================================================
+ Verbose Summary: Schedule
============================================================
* Number of FSM states : 1
* Pipeline : 1
  Pipeline-0 : II = 1, D = 1, States = { 1 }
* Dataflow Pipeline: 0

* FSM state transitions: 
1 --> 

* FSM state operations: 

State 1 <SV = 0> <Delay = 5.02>
ST_1 : Operation 4 [1/1] (0.00ns)   --->   "%i = alloca i32 1"   --->   Operation 4 'alloca' 'i' <Predicate = true> <Delay = 0.00>
ST_1 : Operation 5 [1/1] (0.00ns)   --->   "%specinterface_ln0 = specinterface void @_ssdm_op_SpecInterface, i1 %input_r_V_last_V, i8 %input_r_V_strb_V, i8 %input_r_V_keep_V, i64 %input_r_V_data_V, void @empty_8, i32 0, i32 0, void @empty_7, i32 0, i32 0, void @empty_6, void @empty_6, void @empty_6, i32 0, i32 0, i32 0, i32 0, void @empty_6, void @empty_6, i32 4294967295, i32 0"   --->   Operation 5 'specinterface' 'specinterface_ln0' <Predicate = true> <Delay = 0.00>
ST_1 : Operation 6 [1/1] (1.58ns)   --->   "%store_ln0 = store i10 0, i10 %i"   --->   Operation 6 'store' 'store_ln0' <Predicate = true> <Delay = 1.58>
ST_1 : Operation 7 [1/1] (0.00ns)   --->   "%br_ln0 = br void %for.inc"   --->   Operation 7 'br' 'br_ln0' <Predicate = true> <Delay = 0.00>
ST_1 : Operation 8 [1/1] (0.00ns)   --->   "%i_3 = load i10 %i" [ifft_512/ifft.cpp:56]   --->   Operation 8 'load' 'i_3' <Predicate = true> <Delay = 0.00>
ST_1 : Operation 9 [1/1] (0.00ns)   --->   "%specpipeline_ln0 = specpipeline void @_ssdm_op_SpecPipeline, i32 4294967295, i32 0, i32 1, i32 0, void @p_str"   --->   Operation 9 'specpipeline' 'specpipeline_ln0' <Predicate = true> <Delay = 0.00>
ST_1 : Operation 10 [1/1] (1.77ns)   --->   "%icmp_ln56 = icmp_eq  i10 %i_3, i10 512" [ifft_512/ifft.cpp:56]   --->   Operation 10 'icmp' 'icmp_ln56' <Predicate = true> <Delay = 1.77> <CoreInst = "Cmp">   --->   Core 9 'Cmp' <Latency = 0> <II = 1> <Delay = 1.77> <FuncUnit> <Opcode : 'icmp'> <InPorts = 2> <OutPorts = 1>
ST_1 : Operation 11 [1/1] (0.00ns)   --->   "%empty = speclooptripcount i32 @_ssdm_op_SpecLoopTripCount, i64 512, i64 512, i64 512"   --->   Operation 11 'speclooptripcount' 'empty' <Predicate = true> <Delay = 0.00>
ST_1 : Operation 12 [1/1] (1.73ns)   --->   "%add_ln56 = add i10 %i_3, i10 1" [ifft_512/ifft.cpp:56]   --->   Operation 12 'add' 'add_ln56' <Predicate = true> <Delay = 1.73> <CoreInst = "Adder">   --->   Core 1 'Adder' <Latency = 0> <II = 1> <Delay = 1.73> <FuncUnit> <Opcode : 'add' 'sub'> <InPorts = 2> <OutPorts = 1>
ST_1 : Operation 13 [1/1] (0.00ns)   --->   "%br_ln56 = br i1 %icmp_ln56, void %for.inc.split, void %for.end.exitStub" [ifft_512/ifft.cpp:56]   --->   Operation 13 'br' 'br_ln56' <Predicate = true> <Delay = 0.00>
ST_1 : Operation 14 [1/1] (0.00ns)   --->   "%i_cast = zext i10 %i_3" [ifft_512/ifft.cpp:56]   --->   Operation 14 'zext' 'i_cast' <Predicate = (!icmp_ln56)> <Delay = 0.00>
ST_1 : Operation 15 [1/1] (0.00ns)   --->   "%specloopname_ln0 = specloopname void @_ssdm_op_SpecLoopName, void @empty_9"   --->   Operation 15 'specloopname' 'specloopname_ln0' <Predicate = (!icmp_ln56)> <Delay = 0.00>
ST_1 : Operation 16 [1/1] (0.00ns)   --->   "%empty_18 = read i81 @_ssdm_op_Read.axis.volatile.i64P0A.i8P0A.i8P0A.i1P0A, i64 %input_r_V_data_V, i8 %input_r_V_keep_V, i8 %input_r_V_strb_V, i1 %input_r_V_last_V"   --->   Operation 16 'read' 'empty_18' <Predicate = (!icmp_ln56)> <Delay = 0.00> <CoreInst = "axis">   --->   Core 115 'axis' <Latency = 0> <II = 1> <Delay = 1.00> <Adapter> <Opcode : >
ST_1 : Operation 17 [1/1] (0.00ns)   --->   "%p_0 = extractvalue i81 %empty_18"   --->   Operation 17 'extractvalue' 'p_0' <Predicate = (!icmp_ln56)> <Delay = 0.00>
ST_1 : Operation 18 [1/1] (0.00ns)   --->   "%trunc_ln293 = trunc i64 %p_0"   --->   Operation 18 'trunc' 'trunc_ln293' <Predicate = (!icmp_ln56)> <Delay = 0.00>
ST_1 : Operation 19 [1/1] (0.00ns)   --->   "%tmp_data_M_value = bitcast i32 %trunc_ln293"   --->   Operation 19 'bitcast' 'tmp_data_M_value' <Predicate = (!icmp_ln56)> <Delay = 0.00>
ST_1 : Operation 20 [1/1] (0.00ns)   --->   "%trunc_ln293_1 = partselect i32 @_ssdm_op_PartSelect.i32.i64.i32.i32, i64 %p_0, i32 32, i32 63"   --->   Operation 20 'partselect' 'trunc_ln293_1' <Predicate = (!icmp_ln56)> <Delay = 0.00>
ST_1 : Operation 21 [1/1] (0.00ns)   --->   "%tmp_data_M_value_2 = bitcast i32 %trunc_ln293_1"   --->   Operation 21 'bitcast' 'tmp_data_M_value_2' <Predicate = (!icmp_ln56)> <Delay = 0.00>
ST_1 : Operation 22 [1/1] (0.00ns)   --->   "%zc_M_value_addr = getelementptr i32 %zc_M_value, i64 0, i64 %i_cast" [ifft_512/ifft.cpp:58]   --->   Operation 22 'getelementptr' 'zc_M_value_addr' <Predicate = (!icmp_ln56)> <Delay = 0.00>
ST_1 : Operation 23 [1/1] (3.25ns)   --->   "%store_ln58 = store i32 %tmp_data_M_value, i9 %zc_M_value_addr" [ifft_512/ifft.cpp:58]   --->   Operation 23 'store' 'store_ln58' <Predicate = (!icmp_ln56)> <Delay = 3.25> <CoreInst = "RAM">   --->   Core 82 'RAM' <Latency = 1> <II = 1> <Delay = 3.25> <Storage> <Opcode : 'load' 'store'> <Ports = 2> <Width = 32> <Depth = 512> <RAM>
ST_1 : Operation 24 [1/1] (0.00ns)   --->   "%zc_M_value_1_addr = getelementptr i32 %zc_M_value_1, i64 0, i64 %i_cast" [ifft_512/ifft.cpp:58]   --->   Operation 24 'getelementptr' 'zc_M_value_1_addr' <Predicate = (!icmp_ln56)> <Delay = 0.00>
ST_1 : Operation 25 [1/1] (3.25ns)   --->   "%store_ln58 = store i32 %tmp_data_M_value_2, i9 %zc_M_value_1_addr" [ifft_512/ifft.cpp:58]   --->   Operation 25 'store' 'store_ln58' <Predicate = (!icmp_ln56)> <Delay = 3.25> <CoreInst = "RAM">   --->   Core 82 'RAM' <Latency = 1> <II = 1> <Delay = 3.25> <Storage> <Opcode : 'load' 'store'> <Ports = 2> <Width = 32> <Depth = 512> <RAM>
ST_1 : Operation 26 [1/1] (1.58ns)   --->   "%store_ln56 = store i10 %add_ln56, i10 %i" [ifft_512/ifft.cpp:56]   --->   Operation 26 'store' 'store_ln56' <Predicate = (!icmp_ln56)> <Delay = 1.58>
ST_1 : Operation 27 [1/1] (0.00ns)   --->   "%br_ln56 = br void %for.inc" [ifft_512/ifft.cpp:56]   --->   Operation 27 'br' 'br_ln56' <Predicate = (!icmp_ln56)> <Delay = 0.00>
ST_1 : Operation 28 [1/1] (0.00ns)   --->   "%ret_ln0 = ret"   --->   Operation 28 'ret' 'ret_ln0' <Predicate = (icmp_ln56)> <Delay = 0.00>


============================================================
+ Verbose Summary: Timing violations
============================================================
Target clock period: 10ns, clock uncertainty: 2.7ns.

 <State 1>: 5.02ns
The critical path consists of the following:
	'alloca' operation ('i') [7]  (0 ns)
	'load' operation ('i', ifft_512/ifft.cpp:56) on local variable 'i' [12]  (0 ns)
	'add' operation ('add_ln56', ifft_512/ifft.cpp:56) [16]  (1.73 ns)
	'store' operation ('store_ln56', ifft_512/ifft.cpp:56) of variable 'add_ln56', ifft_512/ifft.cpp:56 on local variable 'i' [31]  (1.59 ns)
	blocking operation 1.71 ns on control path)


============================================================
+ Verbose Summary: Binding
============================================================
N/A
* FSMD analyzer results:
  - Output states:
 - Input state : 
  - Chain level:
	State 1


============================================================
+ Verbose Summary: Datapath Resource usage 
============================================================
N/A
