

================================================================
== Vitis HLS Report for 'ifft_512_top_Pipeline_VITIS_LOOP_63_2'
================================================================
* Date:           Fri May  1 11:37:24 2026

* Version:        2022.1 (Build 3526262 on Mon Apr 18 15:47:01 MDT 2022)
* Project:        ifft_512
* Solution:       solution1 (Vivado IP Flow Target)
* Product family: zynq
* Target device:  xc7z020-clg484-1


================================================================
== Performance Estimates
================================================================
+ Timing: 
    * Summary: 
    +--------+----------+----------+------------+
    |  Clock |  Target  | Estimated| Uncertainty|
    +--------+----------+----------+------------+
    |ap_clk  |  10.00 ns|  3.359 ns|     2.70 ns|
    +--------+----------+----------+------------+

+ Latency: 
    * Summary: 
    +---------+---------+----------+----------+-----+-----+---------+
    |  Latency (cycles) |  Latency (absolute) |  Interval | Pipeline|
    |   min   |   max   |    min   |    max   | min | max |   Type  |
    +---------+---------+----------+----------+-----+-----+---------+
    |      514|      514|  5.140 us|  5.140 us|  514|  514|       no|
    +---------+---------+----------+----------+-----+-----+---------+

    + Detail: 
        * Instance: 
        N/A

        * Loop: 
        +-------------------+---------+---------+----------+-----------+-----------+------+----------+
        |                   |  Latency (cycles) | Iteration|  Initiation Interval  | Trip |          |
        |     Loop Name     |   min   |   max   |  Latency |  achieved |   target  | Count| Pipelined|
        +-------------------+---------+---------+----------+-----------+-----------+------+----------+
        |- VITIS_LOOP_63_2  |      512|      512|         2|          1|          1|   512|       yes|
        +-------------------+---------+---------+----------+-----------+-----------+------+----------+

============================================================
+ Verbose Summary: Synthesis Manager
============================================================
InlineROM: 1
ExposeGlobal: 0
============================================================
+ Verbose Summary: CDFG Model
============================================================
IsTopModel: 0
ResetActiveHigh: 1
IsCombinational: 0
IsDatapathOnly: 0
HasWiredReturn: 1
HasMFsm: 2
HasVarLatency: 1
IsPipeline: 0
IsRtlPipelined: 0
IsInstanceOverlapped: 0
IsDontTouch: 0
HasImplIP: 0
IsGatedGlobalClock: 0

+ Individual pipeline summary: 
  * Pipeline-0: initiation interval (II) = 1, depth = 2


============================================================
+ Verbose Summary: Schedule
============================================================
* Number of FSM states : 2
* Pipeline : 1
  Pipeline-0 : II = 1, D = 2, States = { 1 2 }
* Dataflow Pipeline: 0

* FSM state transitions: 
1 --> 2 
2 --> 

* FSM state operations: 

State 1 <SV = 0> <Delay = 3.35>
ST_1 : Operation 5 [1/1] (0.00ns)   --->   "%i_2 = alloca i32 1"   --->   Operation 5 'alloca' 'i_2' <Predicate = true> <Delay = 0.00>
ST_1 : Operation 6 [1/1] (0.00ns)   --->   "%specinterface_ln0 = specinterface void @_ssdm_op_SpecInterface, i1 %output_r_V_last_V, i8 %output_r_V_strb_V, i8 %output_r_V_keep_V, i64 %output_r_V_data_V, void @empty_8, i32 0, i32 0, void @empty_7, i32 0, i32 0, void @empty_6, void @empty_6, void @empty_6, i32 0, i32 0, i32 0, i32 0, void @empty_6, void @empty_6, i32 4294967295, i32 0"   --->   Operation 6 'specinterface' 'specinterface_ln0' <Predicate = true> <Delay = 0.00>
ST_1 : Operation 7 [1/1] (1.58ns)   --->   "%store_ln0 = store i10 0, i10 %i_2"   --->   Operation 7 'store' 'store_ln0' <Predicate = true> <Delay = 1.58>
ST_1 : Operation 8 [1/1] (0.00ns)   --->   "%br_ln0 = br void %for.inc13"   --->   Operation 8 'br' 'br_ln0' <Predicate = true> <Delay = 0.00>
ST_1 : Operation 9 [1/1] (0.00ns)   --->   "%i = load i10 %i_2" [ifft_512/ifft.cpp:63]   --->   Operation 9 'load' 'i' <Predicate = true> <Delay = 0.00>
ST_1 : Operation 10 [1/1] (0.00ns)   --->   "%specpipeline_ln0 = specpipeline void @_ssdm_op_SpecPipeline, i32 4294967295, i32 0, i32 1, i32 0, void @p_str"   --->   Operation 10 'specpipeline' 'specpipeline_ln0' <Predicate = true> <Delay = 0.00>
ST_1 : Operation 11 [1/1] (1.77ns)   --->   "%icmp_ln63 = icmp_eq  i10 %i, i10 512" [ifft_512/ifft.cpp:63]   --->   Operation 11 'icmp' 'icmp_ln63' <Predicate = true> <Delay = 1.77> <CoreInst = "Cmp">   --->   Core 9 'Cmp' <Latency = 0> <II = 1> <Delay = 1.77> <FuncUnit> <Opcode : 'icmp'> <InPorts = 2> <OutPorts = 1>
ST_1 : Operation 12 [1/1] (0.00ns)   --->   "%empty = speclooptripcount i32 @_ssdm_op_SpecLoopTripCount, i64 512, i64 512, i64 512"   --->   Operation 12 'speclooptripcount' 'empty' <Predicate = true> <Delay = 0.00>
ST_1 : Operation 13 [1/1] (1.73ns)   --->   "%add_ln63 = add i10 %i, i10 1" [ifft_512/ifft.cpp:63]   --->   Operation 13 'add' 'add_ln63' <Predicate = true> <Delay = 1.73> <CoreInst = "Adder">   --->   Core 1 'Adder' <Latency = 0> <II = 1> <Delay = 1.73> <FuncUnit> <Opcode : 'add' 'sub'> <InPorts = 2> <OutPorts = 1>
ST_1 : Operation 14 [1/1] (0.00ns)   --->   "%br_ln63 = br i1 %icmp_ln63, void %for.inc13.split, void %for.cond.cleanup5.exitStub" [ifft_512/ifft.cpp:63]   --->   Operation 14 'br' 'br_ln63' <Predicate = true> <Delay = 0.00>
ST_1 : Operation 15 [1/1] (0.00ns)   --->   "%i_2_cast = zext i10 %i" [ifft_512/ifft.cpp:63]   --->   Operation 15 'zext' 'i_2_cast' <Predicate = (!icmp_ln63)> <Delay = 0.00>
ST_1 : Operation 16 [1/1] (0.00ns)   --->   "%zc_M_value_addr = getelementptr i32 %zc_M_value, i64 0, i64 %i_2_cast" [ifft_512/ifft.cpp:65]   --->   Operation 16 'getelementptr' 'zc_M_value_addr' <Predicate = (!icmp_ln63)> <Delay = 0.00>
ST_1 : Operation 17 [2/2] (3.25ns)   --->   "%tmp_data_M_value = load i9 %zc_M_value_addr" [ifft_512/ifft.cpp:65]   --->   Operation 17 'load' 'tmp_data_M_value' <Predicate = (!icmp_ln63)> <Delay = 3.25> <CoreInst = "RAM">   --->   Core 82 'RAM' <Latency = 1> <II = 1> <Delay = 3.25> <Storage> <Opcode : 'load' 'store'> <Ports = 2> <Width = 32> <Depth = 512> <RAM>
ST_1 : Operation 18 [1/1] (0.00ns)   --->   "%zc_M_value_1_addr = getelementptr i32 %zc_M_value_1, i64 0, i64 %i_2_cast" [ifft_512/ifft.cpp:65]   --->   Operation 18 'getelementptr' 'zc_M_value_1_addr' <Predicate = (!icmp_ln63)> <Delay = 0.00>
ST_1 : Operation 19 [2/2] (3.25ns)   --->   "%tmp_data_M_value_1 = load i9 %zc_M_value_1_addr" [ifft_512/ifft.cpp:65]   --->   Operation 19 'load' 'tmp_data_M_value_1' <Predicate = (!icmp_ln63)> <Delay = 3.25> <CoreInst = "RAM">   --->   Core 82 'RAM' <Latency = 1> <II = 1> <Delay = 3.25> <Storage> <Opcode : 'load' 'store'> <Ports = 2> <Width = 32> <Depth = 512> <RAM>
ST_1 : Operation 20 [1/1] (1.77ns)   --->   "%tmp_last_V = icmp_eq  i10 %i, i10 511" [ifft_512/ifft.cpp:67]   --->   Operation 20 'icmp' 'tmp_last_V' <Predicate = (!icmp_ln63)> <Delay = 1.77> <CoreInst = "Cmp">   --->   Core 9 'Cmp' <Latency = 0> <II = 1> <Delay = 1.77> <FuncUnit> <Opcode : 'icmp'> <InPorts = 2> <OutPorts = 1>
ST_1 : Operation 21 [1/1] (1.58ns)   --->   "%store_ln63 = store i10 %add_ln63, i10 %i_2" [ifft_512/ifft.cpp:63]   --->   Operation 21 'store' 'store_ln63' <Predicate = (!icmp_ln63)> <Delay = 1.58>
ST_1 : Operation 30 [1/1] (0.00ns)   --->   "%ret_ln0 = ret"   --->   Operation 30 'ret' 'ret_ln0' <Predicate = (icmp_ln63)> <Delay = 0.00>

State 2 <SV = 1> <Delay = 3.25>
ST_2 : Operation 22 [1/1] (0.00ns)   --->   "%specloopname_ln63 = specloopname void @_ssdm_op_SpecLoopName, void @empty" [ifft_512/ifft.cpp:63]   --->   Operation 22 'specloopname' 'specloopname_ln63' <Predicate = true> <Delay = 0.00>
ST_2 : Operation 23 [1/2] (3.25ns)   --->   "%tmp_data_M_value = load i9 %zc_M_value_addr" [ifft_512/ifft.cpp:65]   --->   Operation 23 'load' 'tmp_data_M_value' <Predicate = true> <Delay = 3.25> <CoreInst = "RAM">   --->   Core 82 'RAM' <Latency = 1> <II = 1> <Delay = 3.25> <Storage> <Opcode : 'load' 'store'> <Ports = 2> <Width = 32> <Depth = 512> <RAM>
ST_2 : Operation 24 [1/2] (3.25ns)   --->   "%tmp_data_M_value_1 = load i9 %zc_M_value_1_addr" [ifft_512/ifft.cpp:65]   --->   Operation 24 'load' 'tmp_data_M_value_1' <Predicate = true> <Delay = 3.25> <CoreInst = "RAM">   --->   Core 82 'RAM' <Latency = 1> <II = 1> <Delay = 3.25> <Storage> <Opcode : 'load' 'store'> <Ports = 2> <Width = 32> <Depth = 512> <RAM>
ST_2 : Operation 25 [1/1] (0.00ns)   --->   "%bitcast_ln304 = bitcast i32 %tmp_data_M_value"   --->   Operation 25 'bitcast' 'bitcast_ln304' <Predicate = true> <Delay = 0.00>
ST_2 : Operation 26 [1/1] (0.00ns)   --->   "%bitcast_ln304_1 = bitcast i32 %tmp_data_M_value_1"   --->   Operation 26 'bitcast' 'bitcast_ln304_1' <Predicate = true> <Delay = 0.00>
ST_2 : Operation 27 [1/1] (0.00ns)   --->   "%p_0 = bitconcatenate i64 @_ssdm_op_BitConcatenate.i64.i32.i32, i32 %bitcast_ln304_1, i32 %bitcast_ln304"   --->   Operation 27 'bitconcatenate' 'p_0' <Predicate = true> <Delay = 0.00>
ST_2 : Operation 28 [1/1] (0.00ns)   --->   "%write_ln304 = write void @_ssdm_op_Write.axis.volatile.i64P0A.i8P0A.i8P0A.i1P0A, i64 %output_r_V_data_V, i8 %output_r_V_keep_V, i8 %output_r_V_strb_V, i1 %output_r_V_last_V, i64 %p_0, i8 255, i8 0, i1 %tmp_last_V"   --->   Operation 28 'write' 'write_ln304' <Predicate = true> <Delay = 0.00> <CoreInst = "axis">   --->   Core 115 'axis' <Latency = 0> <II = 1> <Delay = 1.00> <Adapter> <Opcode : >
ST_2 : Operation 29 [1/1] (0.00ns)   --->   "%br_ln63 = br void %for.inc13" [ifft_512/ifft.cpp:63]   --->   Operation 29 'br' 'br_ln63' <Predicate = true> <Delay = 0.00>


============================================================
+ Verbose Summary: Timing violations
============================================================
Target clock period: 10ns, clock uncertainty: 2.7ns.

 <State 1>: 3.36ns
The critical path consists of the following:
	'alloca' operation ('i') [7]  (0 ns)
	'load' operation ('i', ifft_512/ifft.cpp:63) on local variable 'i' [12]  (0 ns)
	'add' operation ('add_ln63', ifft_512/ifft.cpp:63) [16]  (1.73 ns)
	'store' operation ('store_ln63', ifft_512/ifft.cpp:63) of variable 'add_ln63', ifft_512/ifft.cpp:63 on local variable 'i' [30]  (1.59 ns)
	blocking operation 0.0395 ns on control path)

 <State 2>: 3.25ns
The critical path consists of the following:
	'load' operation ('tmp.data._M_value', ifft_512/ifft.cpp:65) on array 'zc_M_value' [22]  (3.25 ns)


============================================================
+ Verbose Summary: Binding
============================================================
N/A
* FSMD analyzer results:
  - Output states:
 - Input state : 
  - Chain level:
	State 1
	State 2


============================================================
+ Verbose Summary: Datapath Resource usage 
============================================================
N/A
