

================================================================
== Synthesis Summary Report of 'doppler_fft_256'
================================================================
+ General Information: 
    * Date:           Tue Apr 28 15:48:53 2026
    * Version:        2022.1 (Build 3526262 on Mon Apr 18 15:47:01 MDT 2022)
    * Project:        doppler_fft_256
    * Solution:       solution1 (Vivado IP Flow Target)
    * Product family: zynq
    * Target device:  xc7z020-clg484-1
    

+ Performance & Resource Estimates: 
    
    PS: '+' for module; 'o' for loop; '*' for dataflow
    +---------------------------------------------+------+------+---------+-----------+----------+---------+------+----------+---------+---------+-----------+-----------+-----+
    |                   Modules                   | Issue|      | Latency |  Latency  | Iteration|         | Trip |          |         |         |           |           |     |
    |                   & Loops                   | Type | Slack| (cycles)|    (ns)   |  Latency | Interval| Count| Pipelined|  BRAM   |   DSP   |     FF    |    LUT    | URAM|
    +---------------------------------------------+------+------+---------+-----------+----------+---------+------+----------+---------+---------+-----------+-----------+-----+
    |+ doppler_fft_256                            |     -|  0.04|        -|          -|         -|        -|     -|        no|   7 (2%)|  16 (7%)|  1906 (1%)|  3796 (7%)|    -|
    | + doppler_fft_256_Pipeline_1                |     -|  2.13|      257|  2.570e+03|         -|      257|     -|        no|        -|        -|   10 (~0%)|   53 (~0%)|    -|
    |  o Loop 1                                   |     -|  7.30|      255|  2.550e+03|         1|        1|   255|       yes|        -|        -|          -|          -|    -|
    | + doppler_fft_256_Pipeline_VITIS_LOOP_58_1  |     -|  2.38|      258|  2.580e+03|         -|      258|     -|        no|        -|        -|   11 (~0%)|   65 (~0%)|    -|
    |  o VITIS_LOOP_58_1                          |     -|  7.30|      256|  2.560e+03|         1|        1|   256|       yes|        -|        -|          -|          -|    -|
    | + fft_fast                                  |     -|  0.04|        -|          -|         -|        -|     -|        no|   3 (1%)|  16 (7%)|  1812 (1%)|  3001 (5%)|    -|
    |  + fft_fast_Pipeline_VITIS_LOOP_8_1         |     -|  0.79|      771|  7.710e+03|         -|      771|     -|        no|  1 (~0%)|        -|  131 (~0%)|  168 (~0%)|    -|
    |   o VITIS_LOOP_8_1                          |    II|  7.30|      769|  7.690e+03|         4|        3|   256|       yes|        -|        -|          -|          -|    -|
    |  o VITIS_LOOP_19_2                          |     -|  7.30|        -|          -|         -|        -|     -|        no|        -|        -|          -|          -|    -|
    |   o VITIS_LOOP_22_3                         |     -|  7.30|        -|          -|      2309|        -|     -|        no|        -|        -|          -|          -|    -|
    |    + fft_fast_Pipeline_VITIS_LOOP_23_4      |     -|  0.04|     2306|  2.306e+04|         -|     2306|     -|        no|  2 (~0%)|  16 (7%)|  1489 (1%)|  2395 (4%)|    -|
    |     o VITIS_LOOP_23_4                       |    II|  7.30|     2304|  2.304e+04|        18|       18|   128|       yes|        -|        -|          -|          -|    -|
    | + doppler_fft_256_Pipeline_VITIS_LOOP_38_1  |     -|  0.79|      258|  2.580e+03|         -|      258|     -|        no|        -|        -|   43 (~0%)|  132 (~0%)|    -|
    |  o VITIS_LOOP_38_1                          |    II|  7.30|      256|  2.560e+03|         2|        2|   128|       yes|        -|        -|          -|          -|    -|
    | + doppler_fft_256_Pipeline_VITIS_LOOP_66_2  |     -|  3.89|      258|  2.580e+03|         -|      258|     -|        no|        -|        -|   13 (~0%)|   85 (~0%)|    -|
    |  o VITIS_LOOP_66_2                          |     -|  7.30|      256|  2.560e+03|         2|        1|   256|       yes|        -|        -|          -|          -|    -|
    +---------------------------------------------+------+------+---------+-----------+----------+---------+------+----------+---------+---------+-----------+-----------+-----+


================================================================
== HW Interfaces
================================================================
* AXIS
+-----------+---------------+-------+-------+-------+--------+-------+--------+
| Interface | Register Mode | TDATA | TKEEP | TLAST | TREADY | TSTRB | TVALID |
+-----------+---------------+-------+-------+-------+--------+-------+--------+
| input_r   | both          | 64    | 8     | 1     | 1      | 8     | 1      |
| output_r  | both          | 64    | 8     | 1     | 1      | 8     | 1      |
+-----------+---------------+-------+-------+-------+--------+-------+--------+

* TOP LEVEL CONTROL
+-----------+--------------+----------+
| Interface | Type         | Ports    |
+-----------+--------------+----------+
| ap_clk    | clock        | ap_clk   |
| ap_rst_n  | reset        | ap_rst_n |
| ap_ctrl   | ap_ctrl_none |          |
+-----------+--------------+----------+


================================================================
== SW I/O Information
================================================================
* Top Function Arguments
+----------+-----------+-----------------------------------------------------+
| Argument | Direction | Datatype                                            |
+----------+-----------+-----------------------------------------------------+
| input    | in        | stream<hls::axis<std::complex<float>, 0, 0, 0>, 0>& |
| output   | out       | stream<hls::axis<std::complex<float>, 0, 0, 0>, 0>& |
+----------+-----------+-----------------------------------------------------+

* SW-to-HW Mapping
+----------+--------------+-----------+
| Argument | HW Interface | HW Type   |
+----------+--------------+-----------+
| input    | input_r      | interface |
| output   | output_r     | interface |
+----------+--------------+-----------+


================================================================
== M_AXI Burst Information
================================================================
 Note: All burst requests might be further partitioned into multiple requests during RTL generation based on max_read_burst_length or max_write_burst_length settings.

  No burst in design

================================================================
== Bind Op Report
================================================================
+---------------------------------------------+-----+--------+---------------+------+---------+---------+
| Name                                        | DSP | Pragma | Variable      | Op   | Impl    | Latency |
+---------------------------------------------+-----+--------+---------------+------+---------+---------+
| + doppler_fft_256                           | 16  |        |               |      |         |         |
|  + doppler_fft_256_Pipeline_1               | 0   |        |               |      |         |         |
|    add_ln0_fu_68_p2                         | -   |        | add_ln0       | add  | fabric  | 0       |
|  + doppler_fft_256_Pipeline_VITIS_LOOP_58_1 | 0   |        |               |      |         |         |
|    add_ln58_fu_110_p2                       | -   |        | add_ln58      | add  | fabric  | 0       |
|  + fft_fast                                 | 16  |        |               |      |         |         |
|    add_ln22_fu_164_p2                       | -   |        | add_ln22      | add  | fabric  | 0       |
|    ti_1_fu_169_p2                           | -   |        | ti_1          | add  | fabric  | 0       |
|    s_3_fu_174_p2                            | -   |        | s_3           | add  | fabric  | 0       |
|   + fft_fast_Pipeline_VITIS_LOOP_8_1        | 0   |        |               |      |         |         |
|     add_ln8_fu_120_p2                       | -   |        | add_ln8       | add  | fabric  | 0       |
|   + fft_fast_Pipeline_VITIS_LOOP_23_4       | 16  |        |               |      |         |         |
|     add_ln23_fu_190_p2                      | -   |        | add_ln23      | add  | fabric  | 0       |
|     add_ln24_fu_196_p2                      | -   |        | add_ln24      | add  | fabric  | 0       |
|     add_ln25_fu_208_p2                      | -   |        | add_ln25      | add  | fabric  | 0       |
|     add_ln1097_fu_220_p2                    | -   |        | add_ln1097    | add  | fabric  | 0       |
|     fmul_32ns_32ns_32_4_max_dsp_1_U14       | 3   |        | mul_ac_i_i    | fmul | maxdsp  | 3       |
|     fmul_32ns_32ns_32_4_max_dsp_1_U15       | 3   |        | mul_bd_i_i    | fmul | maxdsp  | 3       |
|     fmul_32ns_32ns_32_4_max_dsp_1_U16       | 3   |        | mul_ad_i_i    | fmul | maxdsp  | 3       |
|     fmul_32ns_32ns_32_4_max_dsp_1_U17       | 3   |        | mul_bc_i_i    | fmul | maxdsp  | 3       |
|     faddfsub_32ns_32ns_32_5_full_dsp_1_U12  | 2   |        | p_r_M_value_6 | fsub | fulldsp | 4       |
|     faddfsub_32ns_32ns_32_5_full_dsp_1_U13  | 2   |        | p_r_M_value_7 | fadd | fulldsp | 4       |
|     faddfsub_32ns_32ns_32_5_full_dsp_1_U12  | 2   |        | p_r_M_value_2 | fsub | fulldsp | 4       |
|     faddfsub_32ns_32ns_32_5_full_dsp_1_U13  | 2   |        | p_r_M_value_3 | fadd | fulldsp | 4       |
|     faddfsub_32ns_32ns_32_5_full_dsp_1_U12  | 2   |        | p_r_M_value_4 | fsub | fulldsp | 4       |
|     faddfsub_32ns_32ns_32_5_full_dsp_1_U13  | 2   |        | p_r_M_value_5 | fadd | fulldsp | 4       |
|  + doppler_fft_256_Pipeline_VITIS_LOOP_38_1 | 0   |        |               |      |         |         |
|    add_ln38_fu_102_p2                       | -   |        | add_ln38      | add  | fabric  | 0       |
|  + doppler_fft_256_Pipeline_VITIS_LOOP_66_2 | 0   |        |               |      |         |         |
|    add_ln66_fu_118_p2                       | -   |        | add_ln66      | add  | fabric  | 0       |
+---------------------------------------------+-----+--------+---------------+------+---------+---------+


================================================================
== Bind Storage Report
================================================================
+---------------------------------------+------+------+--------+-------------------------+---------+------+---------+
| Name                                  | BRAM | URAM | Pragma | Variable                | Storage | Impl | Latency |
+---------------------------------------+------+------+--------+-------------------------+---------+------+---------+
| + doppler_fft_256                     | 7    | 0    |        |                         |         |      |         |
|   range_dop_map_M_value_U             | 2    | -    |        | range_dop_map_M_value   | ram_t2p | auto | 1       |
|   range_dop_map_M_value_1_U           | 2    | -    |        | range_dop_map_M_value_1 | ram_t2p | auto | 1       |
|  + fft_fast                           | 3    | 0    |        |                         |         |      |         |
|   + fft_fast_Pipeline_VITIS_LOOP_8_1  | 1    | 0    |        |                         |         |      |         |
|     br_lut_U                          | 1    | -    |        | br_lut                  | rom_1p  | auto | 1       |
|   + fft_fast_Pipeline_VITIS_LOOP_23_4 | 2    | 0    |        |                         |         |      |         |
|     tw_M_value_1_U                    | 1    | -    |        | tw_M_value_1            | rom_1p  | auto | 1       |
|     tw_M_value_U                      | 1    | -    |        | tw_M_value              | rom_1p  | auto | 1       |
+---------------------------------------+------+------+--------+-------------------------+---------+------+---------+


================================================================
== Pragma Report
================================================================
* Valid Pragma Syntax
+-----------+--------------------------------+-----------------------------------------------------------+
| Type      | Options                        | Location                                                  |
+-----------+--------------------------------+-----------------------------------------------------------+
| interface | ap_ctrl_none port=return       | doppler_fft_256/doppler.cpp:49 in doppler_fft_256, return |
| interface | axis register both port=input  | doppler_fft_256/doppler.cpp:50 in doppler_fft_256, input  |
| interface | axis register both port=output | doppler_fft_256/doppler.cpp:51 in doppler_fft_256, output |
+-----------+--------------------------------+-----------------------------------------------------------+


