

================================================================
== Vitis HLS Report for 'fft_fast_Pipeline_VITIS_LOOP_23_4'
================================================================
* Date:           Tue Apr 28 15:48:52 2026

* Version:        2022.1 (Build 3526262 on Mon Apr 18 15:47:01 MDT 2022)
* Project:        doppler_fft_256
* Solution:       solution1 (Vivado IP Flow Target)
* Product family: zynq
* Target device:  xc7z020-clg484-1


================================================================
== Performance Estimates
================================================================
+ Timing: 
    * Summary: 
    +--------+----------+----------+------------+
    |  Clock |  Target  | Estimated| Uncertainty|
    +--------+----------+----------+------------+
    |ap_clk  |  10.00 ns|  7.256 ns|     2.70 ns|
    +--------+----------+----------+------------+

+ Latency: 
    * Summary: 
    +---------+---------+----------+-----------+-----+------+---------+
    |  Latency (cycles) |  Latency (absolute)  |  Interval  | Pipeline|
    |   min   |   max   |    min   |    max    | min |  max |   Type  |
    +---------+---------+----------+-----------+-----+------+---------+
    |       20|     2306|  0.200 us|  23.060 us|   20|  2306|       no|
    +---------+---------+----------+-----------+-----+------+---------+

    + Detail: 
        * Instance: 
        N/A

        * Loop: 
        +-------------------+---------+---------+----------+-----------+-----------+---------+----------+
        |                   |  Latency (cycles) | Iteration|  Initiation Interval  |   Trip  |          |
        |     Loop Name     |   min   |   max   |  Latency |  achieved |   target  |  Count  | Pipelined|
        +-------------------+---------+---------+----------+-----------+-----------+---------+----------+
        |- VITIS_LOOP_23_4  |       18|     2304|        18|         18|          1|  1 ~ 128|       yes|
        +-------------------+---------+---------+----------+-----------+-----------+---------+----------+



================================================================
== Utilization Estimates
================================================================
* Summary: 
+-----------------+---------+-----+--------+-------+-----+
|       Name      | BRAM_18K| DSP |   FF   |  LUT  | URAM|
+-----------------+---------+-----+--------+-------+-----+
|DSP              |        -|    -|       -|      -|    -|
|Expression       |        -|    -|       0|     71|    -|
|FIFO             |        -|    -|       -|      -|    -|
|Instance         |        -|   16|     982|   2064|    -|
|Memory           |        2|    -|       0|      0|    -|
|Multiplexer      |        -|    -|       -|    260|    -|
|Register         |        -|    -|     507|      -|    -|
+-----------------+---------+-----+--------+-------+-----+
|Total            |        2|   16|    1489|   2395|    0|
+-----------------+---------+-----+--------+-------+-----+
|Available        |      280|  220|  106400|  53200|    0|
+-----------------+---------+-----+--------+-------+-----+
|Utilization (%)  |       ~0|    7|       1|      4|    0|
+-----------------+---------+-----+--------+-------+-----+

+ Detail: 
    * Instance: 
    +----------------------------------------+------------------------------------+---------+----+-----+-----+-----+
    |                Instance                |               Module               | BRAM_18K| DSP|  FF | LUT | URAM|
    +----------------------------------------+------------------------------------+---------+----+-----+-----+-----+
    |faddfsub_32ns_32ns_32_5_full_dsp_1_U12  |faddfsub_32ns_32ns_32_5_full_dsp_1  |        0|   2|  205|  390|    0|
    |faddfsub_32ns_32ns_32_5_full_dsp_1_U13  |faddfsub_32ns_32ns_32_5_full_dsp_1  |        0|   2|  205|  390|    0|
    |fmul_32ns_32ns_32_4_max_dsp_1_U14       |fmul_32ns_32ns_32_4_max_dsp_1       |        0|   3|  143|  321|    0|
    |fmul_32ns_32ns_32_4_max_dsp_1_U15       |fmul_32ns_32ns_32_4_max_dsp_1       |        0|   3|  143|  321|    0|
    |fmul_32ns_32ns_32_4_max_dsp_1_U16       |fmul_32ns_32ns_32_4_max_dsp_1       |        0|   3|  143|  321|    0|
    |fmul_32ns_32ns_32_4_max_dsp_1_U17       |fmul_32ns_32ns_32_4_max_dsp_1       |        0|   3|  143|  321|    0|
    +----------------------------------------+------------------------------------+---------+----+-----+-----+-----+
    |Total                                   |                                    |        0|  16|  982| 2064|    0|
    +----------------------------------------+------------------------------------+---------+----+-----+-----+-----+

    * DSP: 
    N/A

    * Memory: 
    +----------------+------------------------------------------------------------+---------+---+----+-----+------+-----+------+-------------+
    |     Memory     |                           Module                           | BRAM_18K| FF| LUT| URAM| Words| Bits| Banks| W*Bits*Banks|
    +----------------+------------------------------------------------------------+---------+---+----+-----+------+-----+------+-------------+
    |tw_M_value_1_U  |fft_fast_Pipeline_VITIS_LOOP_23_4_tw_M_value_1_ROM_AUTO_1R  |        1|  0|   0|    0|   255|   32|     1|         8160|
    |tw_M_value_U    |fft_fast_Pipeline_VITIS_LOOP_23_4_tw_M_value_ROM_AUTO_1R    |        1|  0|   0|    0|   255|   32|     1|         8160|
    +----------------+------------------------------------------------------------+---------+---+----+-----+------+-----+------+-------------+
    |Total           |                                                            |        2|  0|   0|    0|   510|   64|     2|        16320|
    +----------------+------------------------------------------------------------+---------+---+----+-----+------+-----+------+-------------+

    * FIFO: 
    N/A

    * Expression: 
    +----------------------+----------+----+---+----+------------+------------+
    |     Variable Name    | Operation| DSP| FF| LUT| Bitwidth P0| Bitwidth P1|
    +----------------------+----------+----+---+----+------------+------------+
    |add_ln1097_fu_220_p2  |         +|   0|  0|  15|           8|           8|
    |add_ln23_fu_190_p2    |         +|   0|  0|  15|           8|           1|
    |add_ln24_fu_196_p2    |         +|   0|  0|  15|           8|           8|
    |add_ln25_fu_208_p2    |         +|   0|  0|  15|           8|           8|
    |icmp_ln23_fu_184_p2   |      icmp|   0|  0|  11|           8|           8|
    +----------------------+----------+----+---+----+------------+------------+
    |Total                 |          |   0|  0|  71|          40|          33|
    +----------------------+----------+----+---+----+------------+------------+

    * Multiplexer: 
    +----------------------+----+-----------+-----+-----------+
    |         Name         | LUT| Input Size| Bits| Total Bits|
    +----------------------+----+-----------+-----+-----------+
    |ap_NS_fsm             |  93|         19|    1|         19|
    |ap_done_int           |   9|          2|    1|          2|
    |ap_sig_allocacmp_j_1  |   9|          2|    8|         16|
    |grp_fu_140_opcode     |  14|          3|    2|          6|
    |grp_fu_140_p0         |  14|          3|   32|         96|
    |grp_fu_140_p1         |  14|          3|   32|         96|
    |grp_fu_144_opcode     |  14|          3|    2|          6|
    |grp_fu_144_p0         |  14|          3|   32|         96|
    |grp_fu_144_p1         |  14|          3|   32|         96|
    |j_fu_42               |   9|          2|    8|         16|
    |x_0_address0          |  14|          3|    8|         24|
    |x_0_address1          |  14|          3|    8|         24|
    |x_1_address0          |  14|          3|    8|         24|
    |x_1_address1          |  14|          3|    8|         24|
    +----------------------+----+-----------+-----+-----------+
    |Total                 | 260|         55|  182|        545|
    +----------------------+----+-----------+-----+-----------+

    * Register: 
    +-----------------------+----+----+-----+-----------+
    |          Name         | FF | LUT| Bits| Const Bits|
    +-----------------------+----+----+-----+-----------+
    |ap_CS_fsm              |  18|   0|   18|          0|
    |ap_done_reg            |   1|   0|    1|          0|
    |j_fu_42                |   8|   0|    8|          0|
    |mul_ac_i_i_reg_311     |  32|   0|   32|          0|
    |mul_ad_i_i_reg_321     |  32|   0|   32|          0|
    |mul_bc_i_i_reg_326     |  32|   0|   32|          0|
    |mul_bd_i_i_reg_316     |  32|   0|   32|          0|
    |p_r_M_value_2_reg_331  |  32|   0|   32|          0|
    |p_r_M_value_3_reg_336  |  32|   0|   32|          0|
    |p_t_1_reg_295          |  32|   0|   32|          0|
    |p_t_reg_289            |  32|   0|   32|          0|
    |reg_164                |  32|   0|   32|          0|
    |reg_170                |  32|   0|   32|          0|
    |tw_M_value_2_reg_277   |  32|   0|   32|          0|
    |tw_M_value_3_reg_283   |  32|   0|   32|          0|
    |u_M_value_2_reg_306    |  32|   0|   32|          0|
    |u_M_value_reg_301      |  32|   0|   32|          0|
    |x_0_addr_2_reg_267     |   8|   0|    8|          0|
    |x_0_addr_reg_257       |   8|   0|    8|          0|
    |x_1_addr_2_reg_272     |   8|   0|    8|          0|
    |x_1_addr_reg_262       |   8|   0|    8|          0|
    +-----------------------+----+----+-----+-----------+
    |Total                  | 507|   0|  507|          0|
    +-----------------------+----+----+-----+-----------+



================================================================
== Interface
================================================================
* Summary: 
+--------------+-----+-----+------------+-----------------------------------+--------------+
|   RTL Ports  | Dir | Bits|  Protocol  |           Source Object           |    C Type    |
+--------------+-----+-----+------------+-----------------------------------+--------------+
|ap_clk        |   in|    1|  ap_ctrl_hs|  fft_fast_Pipeline_VITIS_LOOP_23_4|  return value|
|ap_rst        |   in|    1|  ap_ctrl_hs|  fft_fast_Pipeline_VITIS_LOOP_23_4|  return value|
|ap_start      |   in|    1|  ap_ctrl_hs|  fft_fast_Pipeline_VITIS_LOOP_23_4|  return value|
|ap_done       |  out|    1|  ap_ctrl_hs|  fft_fast_Pipeline_VITIS_LOOP_23_4|  return value|
|ap_idle       |  out|    1|  ap_ctrl_hs|  fft_fast_Pipeline_VITIS_LOOP_23_4|  return value|
|ap_ready      |  out|    1|  ap_ctrl_hs|  fft_fast_Pipeline_VITIS_LOOP_23_4|  return value|
|m2            |   in|    8|     ap_none|                                 m2|        scalar|
|trunc_ln22_1  |   in|    8|     ap_none|                       trunc_ln22_1|        scalar|
|trunc_ln22_2  |   in|    8|     ap_none|                       trunc_ln22_2|        scalar|
|x_0_address0  |  out|    8|   ap_memory|                                x_0|         array|
|x_0_ce0       |  out|    1|   ap_memory|                                x_0|         array|
|x_0_we0       |  out|    1|   ap_memory|                                x_0|         array|
|x_0_d0        |  out|   32|   ap_memory|                                x_0|         array|
|x_0_q0        |   in|   32|   ap_memory|                                x_0|         array|
|x_0_address1  |  out|    8|   ap_memory|                                x_0|         array|
|x_0_ce1       |  out|    1|   ap_memory|                                x_0|         array|
|x_0_we1       |  out|    1|   ap_memory|                                x_0|         array|
|x_0_d1        |  out|   32|   ap_memory|                                x_0|         array|
|x_0_q1        |   in|   32|   ap_memory|                                x_0|         array|
|x_1_address0  |  out|    8|   ap_memory|                                x_1|         array|
|x_1_ce0       |  out|    1|   ap_memory|                                x_1|         array|
|x_1_we0       |  out|    1|   ap_memory|                                x_1|         array|
|x_1_d0        |  out|   32|   ap_memory|                                x_1|         array|
|x_1_q0        |   in|   32|   ap_memory|                                x_1|         array|
|x_1_address1  |  out|    8|   ap_memory|                                x_1|         array|
|x_1_ce1       |  out|    1|   ap_memory|                                x_1|         array|
|x_1_we1       |  out|    1|   ap_memory|                                x_1|         array|
|x_1_d1        |  out|   32|   ap_memory|                                x_1|         array|
|x_1_q1        |   in|   32|   ap_memory|                                x_1|         array|
+--------------+-----+-----+------------+-----------------------------------+--------------+

