

================================================================
== Vitis HLS Report for 'fft_fast_Pipeline_VITIS_LOOP_23_4'
================================================================
* Date:           Tue May  5 21:39:03 2026

* Version:        2022.1 (Build 3526262 on Mon Apr 18 15:48:16 MDT 2022)
* Project:        doppler_fft_project
* Solution:       solution1 (Vivado IP Flow Target)
* Product family: zynq
* Target device:  xc7z020-clg484-1


================================================================
== Performance Estimates
================================================================
+ Timing: 
    * Summary: 
    +--------+----------+----------+------------+
    |  Clock |  Target  | Estimated| Uncertainty|
    +--------+----------+----------+------------+
    |ap_clk  |  10.00 ns|  7.222 ns|     2.70 ns|
    +--------+----------+----------+------------+

+ Latency: 
    * Summary: 
    +---------+---------+----------+----------+-----+-----+---------+
    |  Latency (cycles) |  Latency (absolute) |  Interval | Pipeline|
    |   min   |   max   |    min   |    max   | min | max |   Type  |
    +---------+---------+----------+----------+-----+-----+---------+
    |       16|      905|  0.160 us|  9.050 us|   16|  905|       no|
    +---------+---------+----------+----------+-----+-----+---------+

    + Detail: 
        * Instance: 
        N/A

        * Loop: 
        +-------------------+---------+---------+----------+-----------+-----------+---------+----------+
        |                   |  Latency (cycles) | Iteration|  Initiation Interval  |   Trip  |          |
        |     Loop Name     |   min   |   max   |  Latency |  achieved |   target  |  Count  | Pipelined|
        +-------------------+---------+---------+----------+-----------+-----------+---------+----------+
        |- VITIS_LOOP_23_4  |       14|      903|        15|          7|          1|  1 ~ 128|       yes|
        +-------------------+---------+---------+----------+-----------+-----------+---------+----------+

============================================================
+ Verbose Summary: Synthesis Manager
============================================================
InlineROM: 1
ExposeGlobal: 0
============================================================
+ Verbose Summary: CDFG Model
============================================================
IsTopModel: 0
ResetActiveHigh: 1
IsCombinational: 0
IsDatapathOnly: 0
HasWiredReturn: 1
HasMFsm: 2
HasVarLatency: 1
IsPipeline: 0
IsRtlPipelined: 0
IsInstanceOverlapped: 0
IsDontTouch: 0
HasImplIP: 0
IsGatedGlobalClock: 0

+ Individual pipeline summary: 
  * Pipeline-0: initiation interval (II) = 7, depth = 15


============================================================
+ Verbose Summary: Schedule
============================================================
* Number of FSM states : 15
* Pipeline : 1
  Pipeline-0 : II = 7, D = 15, States = { 1 2 3 4 5 6 7 8 9 10 11 12 13 14 15 }
* Dataflow Pipeline: 0

* FSM state transitions: 
1 --> 2 
2 --> 3 
3 --> 4 
4 --> 5 
5 --> 6 
6 --> 7 
7 --> 8 
8 --> 9 
9 --> 10 
10 --> 11 
11 --> 12 
12 --> 13 
13 --> 14 
14 --> 15 
15 --> 

* FSM state operations: 

State 1 <SV = 0> <Delay = 5.16>
ST_1 : Operation 18 [1/1] (0.00ns)   --->   "%j = alloca i32 1"   --->   Operation 18 'alloca' 'j' <Predicate = true> <Delay = 0.00>
ST_1 : Operation 19 [1/1] (0.00ns)   --->   "%trunc_ln22_2_read = read i8 @_ssdm_op_Read.ap_auto.i8, i8 %trunc_ln22_2"   --->   Operation 19 'read' 'trunc_ln22_2_read' <Predicate = true> <Delay = 0.00>
ST_1 : Operation 20 [1/1] (0.00ns)   --->   "%trunc_ln22_1_read = read i8 @_ssdm_op_Read.ap_auto.i8, i8 %trunc_ln22_1"   --->   Operation 20 'read' 'trunc_ln22_1_read' <Predicate = true> <Delay = 0.00>
ST_1 : Operation 21 [1/1] (0.00ns)   --->   "%m2_read = read i8 @_ssdm_op_Read.ap_auto.i8, i8 %m2"   --->   Operation 21 'read' 'm2_read' <Predicate = true> <Delay = 0.00>
ST_1 : Operation 22 [1/1] (1.58ns)   --->   "%store_ln0 = store i8 0, i8 %j"   --->   Operation 22 'store' 'store_ln0' <Predicate = true> <Delay = 1.58>
ST_1 : Operation 23 [1/1] (0.00ns)   --->   "%br_ln0 = br void %for.body21"   --->   Operation 23 'br' 'br_ln0' <Predicate = true> <Delay = 0.00>
ST_1 : Operation 24 [1/1] (0.00ns)   --->   "%j_1 = load i8 %j" [doppler_fft_project/doppler_fft.cpp:25]   --->   Operation 24 'load' 'j_1' <Predicate = true> <Delay = 0.00>
ST_1 : Operation 25 [1/1] (1.55ns)   --->   "%icmp_ln23 = icmp_eq  i8 %j_1, i8 %m2_read" [doppler_fft_project/doppler_fft.cpp:23]   --->   Operation 25 'icmp' 'icmp_ln23' <Predicate = true> <Delay = 1.55> <CoreInst = "Cmp">   --->   Core 9 'Cmp' <Latency = 0> <II = 1> <Delay = 1.55> <FuncUnit> <Opcode : 'icmp'> <InPorts = 2> <OutPorts = 1>
ST_1 : Operation 26 [1/1] (0.00ns)   --->   "%br_ln23 = br i1 %icmp_ln23, void %for.body21.split_ifconv, void %for.inc76.loopexit.exitStub" [doppler_fft_project/doppler_fft.cpp:23]   --->   Operation 26 'br' 'br_ln23' <Predicate = true> <Delay = 0.00>
ST_1 : Operation 27 [1/1] (1.91ns)   --->   "%add_ln25 = add i8 %j_1, i8 %trunc_ln22_1_read" [doppler_fft_project/doppler_fft.cpp:25]   --->   Operation 27 'add' 'add_ln25' <Predicate = (!icmp_ln23)> <Delay = 1.91> <CoreInst = "Adder">   --->   Core 1 'Adder' <Latency = 0> <II = 1> <Delay = 1.91> <FuncUnit> <Opcode : 'add' 'sub'> <InPorts = 2> <OutPorts = 1>
ST_1 : Operation 28 [1/1] (0.00ns)   --->   "%zext_ln1097 = zext i8 %add_ln25"   --->   Operation 28 'zext' 'zext_ln1097' <Predicate = (!icmp_ln23)> <Delay = 0.00>
ST_1 : Operation 29 [1/1] (0.00ns)   --->   "%tw_M_value_1_addr = getelementptr i32 %tw_M_value_1, i64 0, i64 %zext_ln1097"   --->   Operation 29 'getelementptr' 'tw_M_value_1_addr' <Predicate = (!icmp_ln23)> <Delay = 0.00>
ST_1 : Operation 30 [2/2] (3.25ns)   --->   "%tw_M_value_1_load = load i8 %tw_M_value_1_addr"   --->   Operation 30 'load' 'tw_M_value_1_load' <Predicate = (!icmp_ln23)> <Delay = 3.25> <CoreInst = "ROM">   --->   Core 95 'ROM' <Latency = 1> <II = 1> <Delay = 3.25> <Storage> <Opcode : 'load'> <Ports = 0> <Width = 32> <Depth = 255> <ROM>
ST_1 : Operation 31 [1/1] (0.00ns)   --->   "%tw_M_value_addr = getelementptr i32 %tw_M_value, i64 0, i64 %zext_ln1097"   --->   Operation 31 'getelementptr' 'tw_M_value_addr' <Predicate = (!icmp_ln23)> <Delay = 0.00>
ST_1 : Operation 32 [2/2] (3.25ns)   --->   "%tw_M_value_load = load i8 %tw_M_value_addr"   --->   Operation 32 'load' 'tw_M_value_load' <Predicate = (!icmp_ln23)> <Delay = 3.25> <CoreInst = "ROM">   --->   Core 95 'ROM' <Latency = 1> <II = 1> <Delay = 3.25> <Storage> <Opcode : 'load'> <Ports = 0> <Width = 32> <Depth = 255> <ROM>

State 2 <SV = 1> <Delay = 3.25>
ST_2 : Operation 33 [1/2] (3.25ns)   --->   "%tw_M_value_1_load = load i8 %tw_M_value_1_addr"   --->   Operation 33 'load' 'tw_M_value_1_load' <Predicate = (!icmp_ln23)> <Delay = 3.25> <CoreInst = "ROM">   --->   Core 95 'ROM' <Latency = 1> <II = 1> <Delay = 3.25> <Storage> <Opcode : 'load'> <Ports = 0> <Width = 32> <Depth = 255> <ROM>
ST_2 : Operation 34 [1/2] (3.25ns)   --->   "%tw_M_value_load = load i8 %tw_M_value_addr"   --->   Operation 34 'load' 'tw_M_value_load' <Predicate = (!icmp_ln23)> <Delay = 3.25> <CoreInst = "ROM">   --->   Core 95 'ROM' <Latency = 1> <II = 1> <Delay = 3.25> <Storage> <Opcode : 'load'> <Ports = 0> <Width = 32> <Depth = 255> <ROM>

State 3 <SV = 2> <Delay = 4.43>
ST_3 : Operation 35 [2/2] (4.43ns)   --->   "%d = fpext i32 %tw_M_value_1_load"   --->   Operation 35 'fpext' 'd' <Predicate = (!icmp_ln23)> <Delay = 4.43> <CoreInst = "Float2Double">   --->   Core 64 'Float2Double' <Latency = 1> <II = 1> <Delay = 4.43> <FuncUnit> <Opcode : 'fpext'> <InPorts = 1> <OutPorts = 1>

State 4 <SV = 3> <Delay = 7.22>
ST_4 : Operation 36 [1/2] (4.43ns)   --->   "%d = fpext i32 %tw_M_value_1_load"   --->   Operation 36 'fpext' 'd' <Predicate = (!icmp_ln23)> <Delay = 4.43> <CoreInst = "Float2Double">   --->   Core 64 'Float2Double' <Latency = 1> <II = 1> <Delay = 4.43> <FuncUnit> <Opcode : 'fpext'> <InPorts = 1> <OutPorts = 1>
ST_4 : Operation 37 [1/1] (0.00ns)   --->   "%ireg = bitcast i64 %d"   --->   Operation 37 'bitcast' 'ireg' <Predicate = (!icmp_ln23)> <Delay = 0.00>
ST_4 : Operation 38 [1/1] (0.00ns)   --->   "%trunc_ln590 = trunc i64 %ireg"   --->   Operation 38 'trunc' 'trunc_ln590' <Predicate = (!icmp_ln23)> <Delay = 0.00>
ST_4 : Operation 39 [1/1] (0.00ns)   --->   "%p_Result_s = bitselect i1 @_ssdm_op_BitSelect.i1.i64.i32, i64 %ireg, i32 63"   --->   Operation 39 'bitselect' 'p_Result_s' <Predicate = (!icmp_ln23)> <Delay = 0.00>
ST_4 : Operation 40 [1/1] (0.00ns)   --->   "%exp_tmp = partselect i11 @_ssdm_op_PartSelect.i11.i64.i32.i32, i64 %ireg, i32 52, i32 62"   --->   Operation 40 'partselect' 'exp_tmp' <Predicate = (!icmp_ln23)> <Delay = 0.00>
ST_4 : Operation 41 [1/1] (0.00ns)   --->   "%trunc_ln600 = trunc i64 %ireg"   --->   Operation 41 'trunc' 'trunc_ln600' <Predicate = (!icmp_ln23)> <Delay = 0.00>
ST_4 : Operation 42 [1/1] (2.78ns)   --->   "%icmp_ln606 = icmp_eq  i63 %trunc_ln590, i63 0"   --->   Operation 42 'icmp' 'icmp_ln606' <Predicate = (!icmp_ln23)> <Delay = 2.78> <CoreInst = "Cmp">   --->   Core 9 'Cmp' <Latency = 0> <II = 1> <Delay = 2.78> <FuncUnit> <Opcode : 'icmp'> <InPorts = 2> <OutPorts = 1>
ST_4 : Operation 43 [2/2] (4.43ns)   --->   "%d_1 = fpext i32 %tw_M_value_load"   --->   Operation 43 'fpext' 'd_1' <Predicate = (!icmp_ln23)> <Delay = 4.43> <CoreInst = "Float2Double">   --->   Core 64 'Float2Double' <Latency = 1> <II = 1> <Delay = 4.43> <FuncUnit> <Opcode : 'fpext'> <InPorts = 1> <OutPorts = 1>

State 5 <SV = 4> <Delay = 7.22>
ST_5 : Operation 44 [1/1] (0.00ns)   --->   "%zext_ln501 = zext i11 %exp_tmp"   --->   Operation 44 'zext' 'zext_ln501' <Predicate = (!icmp_ln23 & !icmp_ln606)> <Delay = 0.00>
ST_5 : Operation 45 [1/1] (0.00ns)   --->   "%p_Result_1 = bitconcatenate i53 @_ssdm_op_BitConcatenate.i53.i1.i52, i1 1, i52 %trunc_ln600"   --->   Operation 45 'bitconcatenate' 'p_Result_1' <Predicate = (!icmp_ln23 & !icmp_ln606)> <Delay = 0.00>
ST_5 : Operation 46 [1/1] (0.00ns)   --->   "%zext_ln604 = zext i53 %p_Result_1"   --->   Operation 46 'zext' 'zext_ln604' <Predicate = (!icmp_ln23 & !icmp_ln606)> <Delay = 0.00>
ST_5 : Operation 47 [1/1] (3.23ns)   --->   "%man_V_1 = sub i54 0, i54 %zext_ln604"   --->   Operation 47 'sub' 'man_V_1' <Predicate = (!icmp_ln23 & !icmp_ln606 & p_Result_s)> <Delay = 3.23> <CoreInst = "Adder">   --->   Core 1 'Adder' <Latency = 0> <II = 1> <Delay = 3.23> <FuncUnit> <Opcode : 'add' 'sub'> <InPorts = 2> <OutPorts = 1>
ST_5 : Operation 48 [1/1] (0.94ns)   --->   "%man_V_2 = select i1 %p_Result_s, i54 %man_V_1, i54 %zext_ln604"   --->   Operation 48 'select' 'man_V_2' <Predicate = (!icmp_ln23 & !icmp_ln606)> <Delay = 0.94> <CoreInst = "Sel">   --->   Core 73 'Sel' <Latency = 0> <II = 1> <Delay = 0.94> <FuncUnit> <Opcode : 'select'> <InPorts = 3> <OutPorts = 1>
ST_5 : Operation 49 [1/1] (1.54ns)   --->   "%F2 = sub i12 1075, i12 %zext_ln501"   --->   Operation 49 'sub' 'F2' <Predicate = (!icmp_ln23 & !icmp_ln606)> <Delay = 1.54> <CoreInst = "Adder">   --->   Core 1 'Adder' <Latency = 0> <II = 1> <Delay = 1.54> <FuncUnit> <Opcode : 'add' 'sub'> <InPorts = 2> <OutPorts = 1>
ST_5 : Operation 50 [1/1] (1.99ns)   --->   "%icmp_ln616 = icmp_sgt  i12 %F2, i12 17"   --->   Operation 50 'icmp' 'icmp_ln616' <Predicate = (!icmp_ln23 & !icmp_ln606)> <Delay = 1.99> <CoreInst = "Cmp">   --->   Core 9 'Cmp' <Latency = 0> <II = 1> <Delay = 1.99> <FuncUnit> <Opcode : 'icmp'> <InPorts = 2> <OutPorts = 1>
ST_5 : Operation 51 [1/1] (1.54ns)   --->   "%add_ln616 = add i12 %F2, i12 4079"   --->   Operation 51 'add' 'add_ln616' <Predicate = (!icmp_ln23 & !icmp_ln606)> <Delay = 1.54> <CoreInst = "Adder">   --->   Core 1 'Adder' <Latency = 0> <II = 1> <Delay = 1.54> <FuncUnit> <Opcode : 'add' 'sub'> <InPorts = 2> <OutPorts = 1>
ST_5 : Operation 52 [1/1] (1.54ns)   --->   "%sub_ln616 = sub i12 17, i12 %F2"   --->   Operation 52 'sub' 'sub_ln616' <Predicate = (!icmp_ln23 & !icmp_ln606)> <Delay = 1.54> <CoreInst = "Adder">   --->   Core 1 'Adder' <Latency = 0> <II = 1> <Delay = 1.54> <FuncUnit> <Opcode : 'add' 'sub'> <InPorts = 2> <OutPorts = 1>
ST_5 : Operation 53 [1/1] (0.69ns)   --->   "%sh_amt = select i1 %icmp_ln616, i12 %add_ln616, i12 %sub_ln616"   --->   Operation 53 'select' 'sh_amt' <Predicate = (!icmp_ln23 & !icmp_ln606)> <Delay = 0.69> <CoreInst = "Sel">   --->   Core 73 'Sel' <Latency = 0> <II = 1> <Delay = 0.69> <FuncUnit> <Opcode : 'select'> <InPorts = 3> <OutPorts = 1>
ST_5 : Operation 54 [1/1] (1.99ns)   --->   "%icmp_ln617 = icmp_eq  i12 %F2, i12 17"   --->   Operation 54 'icmp' 'icmp_ln617' <Predicate = (!icmp_ln23 & !icmp_ln606)> <Delay = 1.99> <CoreInst = "Cmp">   --->   Core 9 'Cmp' <Latency = 0> <II = 1> <Delay = 1.99> <FuncUnit> <Opcode : 'icmp'> <InPorts = 2> <OutPorts = 1>
ST_5 : Operation 55 [1/1] (0.00ns)   --->   "%trunc_ln618 = trunc i54 %man_V_2"   --->   Operation 55 'trunc' 'trunc_ln618' <Predicate = (!icmp_ln23 & !icmp_ln606)> <Delay = 0.00>
ST_5 : Operation 56 [1/2] (4.43ns)   --->   "%d_1 = fpext i32 %tw_M_value_load"   --->   Operation 56 'fpext' 'd_1' <Predicate = (!icmp_ln23)> <Delay = 4.43> <CoreInst = "Float2Double">   --->   Core 64 'Float2Double' <Latency = 1> <II = 1> <Delay = 4.43> <FuncUnit> <Opcode : 'fpext'> <InPorts = 1> <OutPorts = 1>
ST_5 : Operation 57 [1/1] (0.00ns)   --->   "%ireg_1 = bitcast i64 %d_1"   --->   Operation 57 'bitcast' 'ireg_1' <Predicate = (!icmp_ln23)> <Delay = 0.00>
ST_5 : Operation 58 [1/1] (0.00ns)   --->   "%trunc_ln590_1 = trunc i64 %ireg_1"   --->   Operation 58 'trunc' 'trunc_ln590_1' <Predicate = (!icmp_ln23)> <Delay = 0.00>
ST_5 : Operation 59 [1/1] (0.00ns)   --->   "%p_Result_2 = bitselect i1 @_ssdm_op_BitSelect.i1.i64.i32, i64 %ireg_1, i32 63"   --->   Operation 59 'bitselect' 'p_Result_2' <Predicate = (!icmp_ln23)> <Delay = 0.00>
ST_5 : Operation 60 [1/1] (0.00ns)   --->   "%exp_tmp_1 = partselect i11 @_ssdm_op_PartSelect.i11.i64.i32.i32, i64 %ireg_1, i32 52, i32 62"   --->   Operation 60 'partselect' 'exp_tmp_1' <Predicate = (!icmp_ln23)> <Delay = 0.00>
ST_5 : Operation 61 [1/1] (0.00ns)   --->   "%trunc_ln600_1 = trunc i64 %ireg_1"   --->   Operation 61 'trunc' 'trunc_ln600_1' <Predicate = (!icmp_ln23)> <Delay = 0.00>
ST_5 : Operation 62 [1/1] (2.78ns)   --->   "%icmp_ln606_1 = icmp_eq  i63 %trunc_ln590_1, i63 0"   --->   Operation 62 'icmp' 'icmp_ln606_1' <Predicate = (!icmp_ln23)> <Delay = 2.78> <CoreInst = "Cmp">   --->   Core 9 'Cmp' <Latency = 0> <II = 1> <Delay = 2.78> <FuncUnit> <Opcode : 'icmp'> <InPorts = 2> <OutPorts = 1>

State 6 <SV = 5> <Delay = 6.05>
ST_6 : Operation 63 [1/1] (0.00ns)   --->   "%sext_ln616 = sext i12 %sh_amt"   --->   Operation 63 'sext' 'sext_ln616' <Predicate = (!icmp_ln23 & !icmp_ln606)> <Delay = 0.00>
ST_6 : Operation 64 [1/1] (1.99ns)   --->   "%icmp_ln620 = icmp_ult  i12 %sh_amt, i12 54"   --->   Operation 64 'icmp' 'icmp_ln620' <Predicate = (!icmp_ln23 & !icmp_ln606)> <Delay = 1.99> <CoreInst = "Cmp">   --->   Core 9 'Cmp' <Latency = 0> <II = 1> <Delay = 1.99> <FuncUnit> <Opcode : 'icmp'> <InPorts = 2> <OutPorts = 1>
ST_6 : Operation 65 [1/1] (1.99ns)   --->   "%icmp_ln638 = icmp_ult  i12 %sh_amt, i12 19"   --->   Operation 65 'icmp' 'icmp_ln638' <Predicate = (!icmp_ln23 & !icmp_ln606)> <Delay = 1.99> <CoreInst = "Cmp">   --->   Core 9 'Cmp' <Latency = 0> <II = 1> <Delay = 1.99> <FuncUnit> <Opcode : 'icmp'> <InPorts = 2> <OutPorts = 1>
ST_6 : Operation 66 [1/1] (0.00ns) (grouped into LUT with out node select_ln617)   --->   "%sext_ln616cast = trunc i32 %sext_ln616"   --->   Operation 66 'trunc' 'sext_ln616cast' <Predicate = (!icmp_ln23 & !icmp_ln606)> <Delay = 0.00>
ST_6 : Operation 67 [1/1] (0.00ns) (grouped into LUT with out node select_ln617)   --->   "%shl_ln639 = shl i19 %trunc_ln618, i19 %sext_ln616cast"   --->   Operation 67 'shl' 'shl_ln639' <Predicate = (!icmp_ln23 & !icmp_ln606)> <Delay = 0.00> <CoreInst = "Shifter">   --->   Core 75 'Shifter' <Latency = 0> <II = 1> <Delay = 4.06> <FuncUnit> <Opcode : 'shl' 'lshr' 'ashr'> <InPorts = 2> <OutPorts = 1>
ST_6 : Operation 68 [1/1] (0.00ns) (grouped into LUT with out node select_ln617)   --->   "%select_ln638 = select i1 %icmp_ln638, i19 %shl_ln639, i19 0"   --->   Operation 68 'select' 'select_ln638' <Predicate = (!icmp_ln23 & !icmp_ln606)> <Delay = 0.00> <CoreInst = "Sel">   --->   Core 73 'Sel' <Latency = 0> <II = 1> <Delay = 0.73> <FuncUnit> <Opcode : 'select'> <InPorts = 3> <OutPorts = 1>
ST_6 : Operation 69 [1/1] (0.00ns) (grouped into LUT with out node select_ln617)   --->   "%xor_ln606 = xor i1 %icmp_ln606, i1 1"   --->   Operation 69 'xor' 'xor_ln606' <Predicate = (!icmp_ln23 & !icmp_ln606)> <Delay = 0.00> <CoreInst = "LogicGate">   --->   Core 74 'LogicGate' <Latency = 0> <II = 1> <Delay = 0.97> <FuncUnit> <Opcode : 'and' 'or' 'xor'> <InPorts = 2> <OutPorts = 1>
ST_6 : Operation 70 [1/1] (0.00ns) (grouped into LUT with out node select_ln617)   --->   "%and_ln617 = and i1 %icmp_ln617, i1 %xor_ln606"   --->   Operation 70 'and' 'and_ln617' <Predicate = (!icmp_ln23 & !icmp_ln606)> <Delay = 0.00> <CoreInst = "LogicGate">   --->   Core 74 'LogicGate' <Latency = 0> <II = 1> <Delay = 0.97> <FuncUnit> <Opcode : 'and' 'or' 'xor'> <InPorts = 2> <OutPorts = 1>
ST_6 : Operation 71 [1/1] (4.06ns) (out node of the LUT)   --->   "%select_ln617 = select i1 %and_ln617, i19 %trunc_ln618, i19 %select_ln638"   --->   Operation 71 'select' 'select_ln617' <Predicate = (!icmp_ln23 & !icmp_ln606)> <Delay = 4.06> <CoreInst = "Sel">   --->   Core 73 'Sel' <Latency = 0> <II = 1> <Delay = 0.73> <FuncUnit> <Opcode : 'select'> <InPorts = 3> <OutPorts = 1>
ST_6 : Operation 72 [1/1] (0.00ns) (grouped into LUT with out node and_ln616)   --->   "%or_ln617 = or i1 %icmp_ln606, i1 %icmp_ln617"   --->   Operation 72 'or' 'or_ln617' <Predicate = (!icmp_ln23 & !icmp_ln606)> <Delay = 0.00> <CoreInst = "LogicGate">   --->   Core 74 'LogicGate' <Latency = 0> <II = 1> <Delay = 0.97> <FuncUnit> <Opcode : 'and' 'or' 'xor'> <InPorts = 2> <OutPorts = 1>
ST_6 : Operation 73 [1/1] (0.00ns) (grouped into LUT with out node and_ln616)   --->   "%xor_ln617 = xor i1 %or_ln617, i1 1"   --->   Operation 73 'xor' 'xor_ln617' <Predicate = (!icmp_ln23 & !icmp_ln606)> <Delay = 0.00> <CoreInst = "LogicGate">   --->   Core 74 'LogicGate' <Latency = 0> <II = 1> <Delay = 0.97> <FuncUnit> <Opcode : 'and' 'or' 'xor'> <InPorts = 2> <OutPorts = 1>
ST_6 : Operation 74 [1/1] (0.97ns) (out node of the LUT)   --->   "%and_ln616 = and i1 %icmp_ln616, i1 %xor_ln617"   --->   Operation 74 'and' 'and_ln616' <Predicate = (!icmp_ln23 & !icmp_ln606)> <Delay = 0.97> <CoreInst = "LogicGate">   --->   Core 74 'LogicGate' <Latency = 0> <II = 1> <Delay = 0.97> <FuncUnit> <Opcode : 'and' 'or' 'xor'> <InPorts = 2> <OutPorts = 1>
ST_6 : Operation 75 [1/1] (0.00ns)   --->   "%zext_ln501_1 = zext i11 %exp_tmp_1"   --->   Operation 75 'zext' 'zext_ln501_1' <Predicate = (!icmp_ln23 & !icmp_ln606_1)> <Delay = 0.00>
ST_6 : Operation 76 [1/1] (0.00ns)   --->   "%p_Result_3 = bitconcatenate i53 @_ssdm_op_BitConcatenate.i53.i1.i52, i1 1, i52 %trunc_ln600_1"   --->   Operation 76 'bitconcatenate' 'p_Result_3' <Predicate = (!icmp_ln23 & !icmp_ln606_1)> <Delay = 0.00>
ST_6 : Operation 77 [1/1] (0.00ns)   --->   "%zext_ln604_1 = zext i53 %p_Result_3"   --->   Operation 77 'zext' 'zext_ln604_1' <Predicate = (!icmp_ln23 & !icmp_ln606_1)> <Delay = 0.00>
ST_6 : Operation 78 [1/1] (3.23ns)   --->   "%man_V_4 = sub i54 0, i54 %zext_ln604_1"   --->   Operation 78 'sub' 'man_V_4' <Predicate = (!icmp_ln23 & !icmp_ln606_1 & p_Result_2)> <Delay = 3.23> <CoreInst = "Adder">   --->   Core 1 'Adder' <Latency = 0> <II = 1> <Delay = 3.23> <FuncUnit> <Opcode : 'add' 'sub'> <InPorts = 2> <OutPorts = 1>
ST_6 : Operation 79 [1/1] (0.94ns)   --->   "%man_V_5 = select i1 %p_Result_2, i54 %man_V_4, i54 %zext_ln604_1"   --->   Operation 79 'select' 'man_V_5' <Predicate = (!icmp_ln23 & !icmp_ln606_1)> <Delay = 0.94> <CoreInst = "Sel">   --->   Core 73 'Sel' <Latency = 0> <II = 1> <Delay = 0.94> <FuncUnit> <Opcode : 'select'> <InPorts = 3> <OutPorts = 1>
ST_6 : Operation 80 [1/1] (1.54ns)   --->   "%F2_1 = sub i12 1075, i12 %zext_ln501_1"   --->   Operation 80 'sub' 'F2_1' <Predicate = (!icmp_ln23 & !icmp_ln606_1)> <Delay = 1.54> <CoreInst = "Adder">   --->   Core 1 'Adder' <Latency = 0> <II = 1> <Delay = 1.54> <FuncUnit> <Opcode : 'add' 'sub'> <InPorts = 2> <OutPorts = 1>
ST_6 : Operation 81 [1/1] (1.99ns)   --->   "%icmp_ln616_1 = icmp_sgt  i12 %F2_1, i12 17"   --->   Operation 81 'icmp' 'icmp_ln616_1' <Predicate = (!icmp_ln23 & !icmp_ln606_1)> <Delay = 1.99> <CoreInst = "Cmp">   --->   Core 9 'Cmp' <Latency = 0> <II = 1> <Delay = 1.99> <FuncUnit> <Opcode : 'icmp'> <InPorts = 2> <OutPorts = 1>
ST_6 : Operation 82 [1/1] (1.54ns)   --->   "%add_ln616_1 = add i12 %F2_1, i12 4079"   --->   Operation 82 'add' 'add_ln616_1' <Predicate = (!icmp_ln23 & !icmp_ln606_1)> <Delay = 1.54> <CoreInst = "Adder">   --->   Core 1 'Adder' <Latency = 0> <II = 1> <Delay = 1.54> <FuncUnit> <Opcode : 'add' 'sub'> <InPorts = 2> <OutPorts = 1>
ST_6 : Operation 83 [1/1] (1.54ns)   --->   "%sub_ln616_1 = sub i12 17, i12 %F2_1"   --->   Operation 83 'sub' 'sub_ln616_1' <Predicate = (!icmp_ln23 & !icmp_ln606_1)> <Delay = 1.54> <CoreInst = "Adder">   --->   Core 1 'Adder' <Latency = 0> <II = 1> <Delay = 1.54> <FuncUnit> <Opcode : 'add' 'sub'> <InPorts = 2> <OutPorts = 1>
ST_6 : Operation 84 [1/1] (0.69ns)   --->   "%sh_amt_1 = select i1 %icmp_ln616_1, i12 %add_ln616_1, i12 %sub_ln616_1"   --->   Operation 84 'select' 'sh_amt_1' <Predicate = (!icmp_ln23 & !icmp_ln606_1)> <Delay = 0.69> <CoreInst = "Sel">   --->   Core 73 'Sel' <Latency = 0> <II = 1> <Delay = 0.69> <FuncUnit> <Opcode : 'select'> <InPorts = 3> <OutPorts = 1>
ST_6 : Operation 85 [1/1] (1.99ns)   --->   "%icmp_ln617_1 = icmp_eq  i12 %F2_1, i12 17"   --->   Operation 85 'icmp' 'icmp_ln617_1' <Predicate = (!icmp_ln23 & !icmp_ln606_1)> <Delay = 1.99> <CoreInst = "Cmp">   --->   Core 9 'Cmp' <Latency = 0> <II = 1> <Delay = 1.99> <FuncUnit> <Opcode : 'icmp'> <InPorts = 2> <OutPorts = 1>
ST_6 : Operation 86 [1/1] (0.00ns)   --->   "%trunc_ln618_1 = trunc i54 %man_V_5"   --->   Operation 86 'trunc' 'trunc_ln618_1' <Predicate = (!icmp_ln23 & !icmp_ln606_1)> <Delay = 0.00>

State 7 <SV = 6> <Delay = 6.05>
ST_7 : Operation 87 [1/1] (0.00ns)   --->   "%specpipeline_ln0 = specpipeline void @_ssdm_op_SpecPipeline, i32 4294967295, i32 0, i32 1, i32 0, void @p_str"   --->   Operation 87 'specpipeline' 'specpipeline_ln0' <Predicate = true> <Delay = 0.00>
ST_7 : Operation 88 [1/1] (0.00ns)   --->   "%empty = speclooptripcount i32 @_ssdm_op_SpecLoopTripCount, i64 1, i64 128, i64 0"   --->   Operation 88 'speclooptripcount' 'empty' <Predicate = true> <Delay = 0.00>
ST_7 : Operation 89 [1/1] (1.91ns)   --->   "%add_ln23 = add i8 %j_1, i8 1" [doppler_fft_project/doppler_fft.cpp:23]   --->   Operation 89 'add' 'add_ln23' <Predicate = true> <Delay = 1.91> <CoreInst = "Adder">   --->   Core 1 'Adder' <Latency = 0> <II = 1> <Delay = 1.91> <FuncUnit> <Opcode : 'add' 'sub'> <InPorts = 2> <OutPorts = 1>
ST_7 : Operation 90 [1/1] (0.00ns)   --->   "%sext_ln616_1 = sext i12 %sh_amt_1"   --->   Operation 90 'sext' 'sext_ln616_1' <Predicate = (!icmp_ln23 & !icmp_ln606_1)> <Delay = 0.00>
ST_7 : Operation 91 [1/1] (1.99ns)   --->   "%icmp_ln620_1 = icmp_ult  i12 %sh_amt_1, i12 54"   --->   Operation 91 'icmp' 'icmp_ln620_1' <Predicate = (!icmp_ln23 & !icmp_ln606_1)> <Delay = 1.99> <CoreInst = "Cmp">   --->   Core 9 'Cmp' <Latency = 0> <II = 1> <Delay = 1.99> <FuncUnit> <Opcode : 'icmp'> <InPorts = 2> <OutPorts = 1>
ST_7 : Operation 92 [1/1] (1.99ns)   --->   "%icmp_ln638_1 = icmp_ult  i12 %sh_amt_1, i12 19"   --->   Operation 92 'icmp' 'icmp_ln638_1' <Predicate = (!icmp_ln23 & !icmp_ln606_1)> <Delay = 1.99> <CoreInst = "Cmp">   --->   Core 9 'Cmp' <Latency = 0> <II = 1> <Delay = 1.99> <FuncUnit> <Opcode : 'icmp'> <InPorts = 2> <OutPorts = 1>
ST_7 : Operation 93 [1/1] (0.00ns) (grouped into LUT with out node select_ln617_1)   --->   "%sext_ln616_1cast = trunc i32 %sext_ln616_1"   --->   Operation 93 'trunc' 'sext_ln616_1cast' <Predicate = (!icmp_ln23 & !icmp_ln606_1)> <Delay = 0.00>
ST_7 : Operation 94 [1/1] (0.00ns) (grouped into LUT with out node select_ln617_1)   --->   "%shl_ln639_1 = shl i19 %trunc_ln618_1, i19 %sext_ln616_1cast"   --->   Operation 94 'shl' 'shl_ln639_1' <Predicate = (!icmp_ln23 & !icmp_ln606_1)> <Delay = 0.00> <CoreInst = "Shifter">   --->   Core 75 'Shifter' <Latency = 0> <II = 1> <Delay = 4.06> <FuncUnit> <Opcode : 'shl' 'lshr' 'ashr'> <InPorts = 2> <OutPorts = 1>
ST_7 : Operation 95 [1/1] (0.00ns) (grouped into LUT with out node select_ln617_1)   --->   "%select_ln638_1 = select i1 %icmp_ln638_1, i19 %shl_ln639_1, i19 0"   --->   Operation 95 'select' 'select_ln638_1' <Predicate = (!icmp_ln23 & !icmp_ln606_1)> <Delay = 0.00> <CoreInst = "Sel">   --->   Core 73 'Sel' <Latency = 0> <II = 1> <Delay = 0.73> <FuncUnit> <Opcode : 'select'> <InPorts = 3> <OutPorts = 1>
ST_7 : Operation 96 [1/1] (0.00ns) (grouped into LUT with out node select_ln617_1)   --->   "%xor_ln606_1 = xor i1 %icmp_ln606_1, i1 1"   --->   Operation 96 'xor' 'xor_ln606_1' <Predicate = (!icmp_ln23 & !icmp_ln606_1)> <Delay = 0.00> <CoreInst = "LogicGate">   --->   Core 74 'LogicGate' <Latency = 0> <II = 1> <Delay = 0.97> <FuncUnit> <Opcode : 'and' 'or' 'xor'> <InPorts = 2> <OutPorts = 1>
ST_7 : Operation 97 [1/1] (0.00ns) (grouped into LUT with out node select_ln617_1)   --->   "%and_ln617_1 = and i1 %icmp_ln617_1, i1 %xor_ln606_1"   --->   Operation 97 'and' 'and_ln617_1' <Predicate = (!icmp_ln23 & !icmp_ln606_1)> <Delay = 0.00> <CoreInst = "LogicGate">   --->   Core 74 'LogicGate' <Latency = 0> <II = 1> <Delay = 0.97> <FuncUnit> <Opcode : 'and' 'or' 'xor'> <InPorts = 2> <OutPorts = 1>
ST_7 : Operation 98 [1/1] (4.06ns) (out node of the LUT)   --->   "%select_ln617_1 = select i1 %and_ln617_1, i19 %trunc_ln618_1, i19 %select_ln638_1"   --->   Operation 98 'select' 'select_ln617_1' <Predicate = (!icmp_ln23 & !icmp_ln606_1)> <Delay = 4.06> <CoreInst = "Sel">   --->   Core 73 'Sel' <Latency = 0> <II = 1> <Delay = 0.73> <FuncUnit> <Opcode : 'select'> <InPorts = 3> <OutPorts = 1>
ST_7 : Operation 99 [1/1] (0.00ns) (grouped into LUT with out node and_ln616_1)   --->   "%or_ln617_1 = or i1 %icmp_ln606_1, i1 %icmp_ln617_1"   --->   Operation 99 'or' 'or_ln617_1' <Predicate = (!icmp_ln23 & !icmp_ln606_1)> <Delay = 0.00> <CoreInst = "LogicGate">   --->   Core 74 'LogicGate' <Latency = 0> <II = 1> <Delay = 0.97> <FuncUnit> <Opcode : 'and' 'or' 'xor'> <InPorts = 2> <OutPorts = 1>
ST_7 : Operation 100 [1/1] (0.00ns) (grouped into LUT with out node and_ln616_1)   --->   "%xor_ln617_1 = xor i1 %or_ln617_1, i1 1"   --->   Operation 100 'xor' 'xor_ln617_1' <Predicate = (!icmp_ln23 & !icmp_ln606_1)> <Delay = 0.00> <CoreInst = "LogicGate">   --->   Core 74 'LogicGate' <Latency = 0> <II = 1> <Delay = 0.97> <FuncUnit> <Opcode : 'and' 'or' 'xor'> <InPorts = 2> <OutPorts = 1>
ST_7 : Operation 101 [1/1] (0.97ns) (out node of the LUT)   --->   "%and_ln616_1 = and i1 %icmp_ln616_1, i1 %xor_ln617_1"   --->   Operation 101 'and' 'and_ln616_1' <Predicate = (!icmp_ln23 & !icmp_ln606_1)> <Delay = 0.97> <CoreInst = "LogicGate">   --->   Core 74 'LogicGate' <Latency = 0> <II = 1> <Delay = 0.97> <FuncUnit> <Opcode : 'and' 'or' 'xor'> <InPorts = 2> <OutPorts = 1>
ST_7 : Operation 102 [1/1] (1.91ns)   --->   "%add_ln28 = add i8 %j_1, i8 %trunc_ln22_2_read" [doppler_fft_project/doppler_fft.cpp:28]   --->   Operation 102 'add' 'add_ln28' <Predicate = (!icmp_ln23)> <Delay = 1.91> <CoreInst = "Adder">   --->   Core 1 'Adder' <Latency = 0> <II = 1> <Delay = 1.91> <FuncUnit> <Opcode : 'add' 'sub'> <InPorts = 2> <OutPorts = 1>
ST_7 : Operation 103 [1/1] (1.58ns)   --->   "%store_ln23 = store i8 %add_ln23, i8 %j" [doppler_fft_project/doppler_fft.cpp:23]   --->   Operation 103 'store' 'store_ln23' <Predicate = (!icmp_ln23)> <Delay = 1.58>

State 8 <SV = 7> <Delay = 5.34>
ST_8 : Operation 104 [1/1] (0.00ns) (grouped into LUT with out node select_ln616)   --->   "%zext_ln621 = zext i32 %sext_ln616"   --->   Operation 104 'zext' 'zext_ln621' <Predicate = (!icmp_ln606 & icmp_ln620 & and_ln616)> <Delay = 0.00>
ST_8 : Operation 105 [1/1] (0.00ns) (grouped into LUT with out node select_ln616)   --->   "%ashr_ln621 = ashr i54 %man_V_2, i54 %zext_ln621"   --->   Operation 105 'ashr' 'ashr_ln621' <Predicate = (!icmp_ln606 & icmp_ln620 & and_ln616)> <Delay = 0.00> <CoreInst = "Shifter">   --->   Core 75 'Shifter' <Latency = 0> <II = 1> <Delay = 4.61> <FuncUnit> <Opcode : 'shl' 'lshr' 'ashr'> <InPorts = 2> <OutPorts = 1>
ST_8 : Operation 106 [1/1] (0.00ns) (grouped into LUT with out node select_ln616)   --->   "%trunc_ln621 = trunc i54 %ashr_ln621"   --->   Operation 106 'trunc' 'trunc_ln621' <Predicate = (!icmp_ln606 & icmp_ln620 & and_ln616)> <Delay = 0.00>
ST_8 : Operation 107 [1/1] (0.00ns) (grouped into LUT with out node select_ln616)   --->   "%bitcast_ln768 = bitcast i32 %tw_M_value_1_load"   --->   Operation 107 'bitcast' 'bitcast_ln768' <Predicate = (!icmp_ln606 & !icmp_ln620 & and_ln616)> <Delay = 0.00>
ST_8 : Operation 108 [1/1] (0.00ns) (grouped into LUT with out node select_ln616)   --->   "%tmp = bitselect i1 @_ssdm_op_BitSelect.i1.i32.i32, i32 %bitcast_ln768, i32 31"   --->   Operation 108 'bitselect' 'tmp' <Predicate = (!icmp_ln606 & !icmp_ln620 & and_ln616)> <Delay = 0.00>
ST_8 : Operation 109 [1/1] (0.00ns) (grouped into LUT with out node select_ln616)   --->   "%select_ln623 = select i1 %tmp, i19 524287, i19 0"   --->   Operation 109 'select' 'select_ln623' <Predicate = (!icmp_ln606 & !icmp_ln620 & and_ln616)> <Delay = 0.00> <CoreInst = "Sel">   --->   Core 73 'Sel' <Latency = 0> <II = 1> <Delay = 0.99> <FuncUnit> <Opcode : 'select'> <InPorts = 3> <OutPorts = 1>
ST_8 : Operation 110 [1/1] (0.00ns) (grouped into LUT with out node select_ln616)   --->   "%select_ln620 = select i1 %icmp_ln620, i19 %trunc_ln621, i19 %select_ln623"   --->   Operation 110 'select' 'select_ln620' <Predicate = (!icmp_ln606 & and_ln616)> <Delay = 0.00> <CoreInst = "Sel">   --->   Core 73 'Sel' <Latency = 0> <II = 1> <Delay = 0.73> <FuncUnit> <Opcode : 'select'> <InPorts = 3> <OutPorts = 1>
ST_8 : Operation 111 [1/1] (4.61ns) (out node of the LUT)   --->   "%select_ln616 = select i1 %and_ln616, i19 %select_ln620, i19 %select_ln617"   --->   Operation 111 'select' 'select_ln616' <Predicate = (!icmp_ln606)> <Delay = 4.61> <CoreInst = "Sel">   --->   Core 73 'Sel' <Latency = 0> <II = 1> <Delay = 0.73> <FuncUnit> <Opcode : 'select'> <InPorts = 3> <OutPorts = 1>
ST_8 : Operation 112 [1/1] (0.73ns) (out node of the LUT)   --->   "%tw_re_V = select i1 %icmp_ln606, i19 0, i19 %select_ln616"   --->   Operation 112 'select' 'tw_re_V' <Predicate = true> <Delay = 0.73> <CoreInst = "Sel">   --->   Core 73 'Sel' <Latency = 0> <II = 1> <Delay = 0.73> <FuncUnit> <Opcode : 'select'> <InPorts = 3> <OutPorts = 1>
ST_8 : Operation 179 [1/1] (0.00ns)   --->   "%ret_ln0 = ret"   --->   Operation 179 'ret' 'ret_ln0' <Predicate = (icmp_ln23)> <Delay = 0.00>

State 9 <SV = 8> <Delay = 5.34>
ST_9 : Operation 113 [1/1] (0.00ns) (grouped into LUT with out node select_ln616_2)   --->   "%zext_ln621_1 = zext i32 %sext_ln616_1"   --->   Operation 113 'zext' 'zext_ln621_1' <Predicate = (!icmp_ln606_1 & icmp_ln620_1 & and_ln616_1)> <Delay = 0.00>
ST_9 : Operation 114 [1/1] (0.00ns) (grouped into LUT with out node select_ln616_2)   --->   "%ashr_ln621_1 = ashr i54 %man_V_5, i54 %zext_ln621_1"   --->   Operation 114 'ashr' 'ashr_ln621_1' <Predicate = (!icmp_ln606_1 & icmp_ln620_1 & and_ln616_1)> <Delay = 0.00> <CoreInst = "Shifter">   --->   Core 75 'Shifter' <Latency = 0> <II = 1> <Delay = 4.61> <FuncUnit> <Opcode : 'shl' 'lshr' 'ashr'> <InPorts = 2> <OutPorts = 1>
ST_9 : Operation 115 [1/1] (0.00ns) (grouped into LUT with out node select_ln616_2)   --->   "%trunc_ln621_1 = trunc i54 %ashr_ln621_1"   --->   Operation 115 'trunc' 'trunc_ln621_1' <Predicate = (!icmp_ln606_1 & icmp_ln620_1 & and_ln616_1)> <Delay = 0.00>
ST_9 : Operation 116 [1/1] (0.00ns) (grouped into LUT with out node select_ln616_2)   --->   "%bitcast_ln768_2 = bitcast i32 %tw_M_value_load"   --->   Operation 116 'bitcast' 'bitcast_ln768_2' <Predicate = (!icmp_ln606_1 & !icmp_ln620_1 & and_ln616_1)> <Delay = 0.00>
ST_9 : Operation 117 [1/1] (0.00ns) (grouped into LUT with out node select_ln616_2)   --->   "%tmp_2 = bitselect i1 @_ssdm_op_BitSelect.i1.i32.i32, i32 %bitcast_ln768_2, i32 31"   --->   Operation 117 'bitselect' 'tmp_2' <Predicate = (!icmp_ln606_1 & !icmp_ln620_1 & and_ln616_1)> <Delay = 0.00>
ST_9 : Operation 118 [1/1] (0.00ns) (grouped into LUT with out node select_ln616_2)   --->   "%select_ln623_1 = select i1 %tmp_2, i19 524287, i19 0"   --->   Operation 118 'select' 'select_ln623_1' <Predicate = (!icmp_ln606_1 & !icmp_ln620_1 & and_ln616_1)> <Delay = 0.00> <CoreInst = "Sel">   --->   Core 73 'Sel' <Latency = 0> <II = 1> <Delay = 0.99> <FuncUnit> <Opcode : 'select'> <InPorts = 3> <OutPorts = 1>
ST_9 : Operation 119 [1/1] (0.00ns) (grouped into LUT with out node select_ln616_2)   --->   "%select_ln620_1 = select i1 %icmp_ln620_1, i19 %trunc_ln621_1, i19 %select_ln623_1"   --->   Operation 119 'select' 'select_ln620_1' <Predicate = (!icmp_ln606_1 & and_ln616_1)> <Delay = 0.00> <CoreInst = "Sel">   --->   Core 73 'Sel' <Latency = 0> <II = 1> <Delay = 0.73> <FuncUnit> <Opcode : 'select'> <InPorts = 3> <OutPorts = 1>
ST_9 : Operation 120 [1/1] (4.61ns) (out node of the LUT)   --->   "%select_ln616_2 = select i1 %and_ln616_1, i19 %select_ln620_1, i19 %select_ln617_1"   --->   Operation 120 'select' 'select_ln616_2' <Predicate = (!icmp_ln606_1)> <Delay = 4.61> <CoreInst = "Sel">   --->   Core 73 'Sel' <Latency = 0> <II = 1> <Delay = 0.73> <FuncUnit> <Opcode : 'select'> <InPorts = 3> <OutPorts = 1>
ST_9 : Operation 121 [1/1] (0.73ns) (out node of the LUT)   --->   "%tw_im_V = select i1 %icmp_ln606_1, i19 0, i19 %select_ln616_2"   --->   Operation 121 'select' 'tw_im_V' <Predicate = true> <Delay = 0.73> <CoreInst = "Sel">   --->   Core 73 'Sel' <Latency = 0> <II = 1> <Delay = 0.73> <FuncUnit> <Opcode : 'select'> <InPorts = 3> <OutPorts = 1>
ST_9 : Operation 122 [1/1] (0.00ns)   --->   "%zext_ln28 = zext i8 %add_ln28" [doppler_fft_project/doppler_fft.cpp:28]   --->   Operation 122 'zext' 'zext_ln28' <Predicate = true> <Delay = 0.00>
ST_9 : Operation 123 [1/1] (1.91ns)   --->   "%add_ln28_1 = add i8 %add_ln28, i8 %m2_read" [doppler_fft_project/doppler_fft.cpp:28]   --->   Operation 123 'add' 'add_ln28_1' <Predicate = true> <Delay = 1.91> <CoreInst = "Adder">   --->   Core 1 'Adder' <Latency = 0> <II = 1> <Delay = 1.91> <FuncUnit> <Opcode : 'add' 'sub'> <InPorts = 2> <OutPorts = 1>
ST_9 : Operation 124 [1/1] (0.00ns)   --->   "%zext_ln28_1 = zext i8 %add_ln28_1" [doppler_fft_project/doppler_fft.cpp:28]   --->   Operation 124 'zext' 'zext_ln28_1' <Predicate = true> <Delay = 0.00>
ST_9 : Operation 125 [1/1] (0.00ns)   --->   "%x_M_real_addr = getelementptr i19 %x_M_real, i64 0, i64 %zext_ln28_1" [doppler_fft_project/doppler_fft.cpp:28]   --->   Operation 125 'getelementptr' 'x_M_real_addr' <Predicate = true> <Delay = 0.00>
ST_9 : Operation 126 [2/2] (3.25ns)   --->   "%upper_M_real = load i8 %x_M_real_addr" [doppler_fft_project/doppler_fft.cpp:28]   --->   Operation 126 'load' 'upper_M_real' <Predicate = true> <Delay = 3.25> <CoreInst = "RAM">   --->   Core 82 'RAM' <Latency = 1> <II = 1> <Delay = 3.25> <Storage> <Opcode : 'load' 'store'> <Ports = 2> <Width = 19> <Depth = 256> <RAM>
ST_9 : Operation 127 [1/1] (0.00ns)   --->   "%x_M_imag_addr = getelementptr i19 %x_M_imag, i64 0, i64 %zext_ln28_1" [doppler_fft_project/doppler_fft.cpp:28]   --->   Operation 127 'getelementptr' 'x_M_imag_addr' <Predicate = true> <Delay = 0.00>
ST_9 : Operation 128 [2/2] (3.25ns)   --->   "%upper_M_imag = load i8 %x_M_imag_addr" [doppler_fft_project/doppler_fft.cpp:28]   --->   Operation 128 'load' 'upper_M_imag' <Predicate = true> <Delay = 3.25> <CoreInst = "RAM">   --->   Core 82 'RAM' <Latency = 1> <II = 1> <Delay = 3.25> <Storage> <Opcode : 'load' 'store'> <Ports = 2> <Width = 19> <Depth = 256> <RAM>
ST_9 : Operation 129 [1/1] (0.00ns)   --->   "%x_M_real_addr_2 = getelementptr i19 %x_M_real, i64 0, i64 %zext_ln28" [doppler_fft_project/doppler_fft.cpp:33]   --->   Operation 129 'getelementptr' 'x_M_real_addr_2' <Predicate = true> <Delay = 0.00>
ST_9 : Operation 130 [2/2] (3.25ns)   --->   "%x_M_real_load = load i8 %x_M_real_addr_2" [doppler_fft_project/doppler_fft.cpp:33]   --->   Operation 130 'load' 'x_M_real_load' <Predicate = true> <Delay = 3.25> <CoreInst = "RAM">   --->   Core 82 'RAM' <Latency = 1> <II = 1> <Delay = 3.25> <Storage> <Opcode : 'load' 'store'> <Ports = 2> <Width = 19> <Depth = 256> <RAM>
ST_9 : Operation 131 [1/1] (0.00ns)   --->   "%x_M_imag_addr_2 = getelementptr i19 %x_M_imag, i64 0, i64 %zext_ln28" [doppler_fft_project/doppler_fft.cpp:33]   --->   Operation 131 'getelementptr' 'x_M_imag_addr_2' <Predicate = true> <Delay = 0.00>
ST_9 : Operation 132 [2/2] (3.25ns)   --->   "%x_M_imag_load = load i8 %x_M_imag_addr_2" [doppler_fft_project/doppler_fft.cpp:33]   --->   Operation 132 'load' 'x_M_imag_load' <Predicate = true> <Delay = 3.25> <CoreInst = "RAM">   --->   Core 82 'RAM' <Latency = 1> <II = 1> <Delay = 3.25> <Storage> <Opcode : 'load' 'store'> <Ports = 2> <Width = 19> <Depth = 256> <RAM>

State 10 <SV = 9> <Delay = 5.40>
ST_10 : Operation 133 [1/2] (3.25ns)   --->   "%upper_M_real = load i8 %x_M_real_addr" [doppler_fft_project/doppler_fft.cpp:28]   --->   Operation 133 'load' 'upper_M_real' <Predicate = true> <Delay = 3.25> <CoreInst = "RAM">   --->   Core 82 'RAM' <Latency = 1> <II = 1> <Delay = 3.25> <Storage> <Opcode : 'load' 'store'> <Ports = 2> <Width = 19> <Depth = 256> <RAM>
ST_10 : Operation 134 [1/2] (3.25ns)   --->   "%upper_M_imag = load i8 %x_M_imag_addr" [doppler_fft_project/doppler_fft.cpp:28]   --->   Operation 134 'load' 'upper_M_imag' <Predicate = true> <Delay = 3.25> <CoreInst = "RAM">   --->   Core 82 'RAM' <Latency = 1> <II = 1> <Delay = 3.25> <Storage> <Opcode : 'load' 'store'> <Ports = 2> <Width = 19> <Depth = 256> <RAM>
ST_10 : Operation 135 [1/1] (0.00ns)   --->   "%sext_ln1319 = sext i19 %upper_M_real"   --->   Operation 135 'sext' 'sext_ln1319' <Predicate = true> <Delay = 0.00>
ST_10 : Operation 136 [1/1] (0.00ns)   --->   "%sext_ln1319_1 = sext i19 %tw_re_V"   --->   Operation 136 'sext' 'sext_ln1319_1' <Predicate = true> <Delay = 0.00>
ST_10 : Operation 137 [1/1] (0.00ns)   --->   "%sext_ln1319_2 = sext i19 %upper_M_imag"   --->   Operation 137 'sext' 'sext_ln1319_2' <Predicate = true> <Delay = 0.00>
ST_10 : Operation 138 [1/1] (0.00ns)   --->   "%sext_ln1319_3 = sext i19 %tw_im_V"   --->   Operation 138 'sext' 'sext_ln1319_3' <Predicate = true> <Delay = 0.00>
ST_10 : Operation 139 [4/4] (2.15ns) (root node of the DSP)   --->   "%mul_ln859 = mul i36 %sext_ln1319, i36 %sext_ln1319_1"   --->   Operation 139 'mul' 'mul_ln859' <Predicate = true> <Delay = 2.15> <CoreInst = "DSP48">   --->   Core 119 'DSP48' <Latency = 3> <II = 1> <Delay = 2.15> <IPBlock> <Opcode : 'mul' 'add' 'sub' 'select'> <InPorts = 0> <OutPorts = 1> <Sync> <CReg>
ST_10 : Operation 140 [4/4] (2.15ns) (root node of the DSP)   --->   "%mul_ln1394 = mul i36 %sext_ln1319_2, i36 %sext_ln1319_3"   --->   Operation 140 'mul' 'mul_ln1394' <Predicate = true> <Delay = 2.15> <CoreInst = "DSP48">   --->   Core 119 'DSP48' <Latency = 3> <II = 1> <Delay = 2.15> <IPBlock> <Opcode : 'mul' 'add' 'sub' 'select'> <InPorts = 0> <OutPorts = 1> <Sync> <CReg>
ST_10 : Operation 141 [4/4] (2.15ns) (root node of the DSP)   --->   "%mul_ln859_1 = mul i36 %sext_ln1319_2, i36 %sext_ln1319_1"   --->   Operation 141 'mul' 'mul_ln859_1' <Predicate = true> <Delay = 2.15> <CoreInst = "DSP48">   --->   Core 119 'DSP48' <Latency = 3> <II = 1> <Delay = 2.15> <IPBlock> <Opcode : 'mul' 'add' 'sub' 'select'> <InPorts = 0> <OutPorts = 1> <Sync> <CReg>
ST_10 : Operation 142 [4/4] (2.15ns) (root node of the DSP)   --->   "%mul_ln1393 = mul i36 %sext_ln1319, i36 %sext_ln1319_3"   --->   Operation 142 'mul' 'mul_ln1393' <Predicate = true> <Delay = 2.15> <CoreInst = "DSP48">   --->   Core 119 'DSP48' <Latency = 3> <II = 1> <Delay = 2.15> <IPBlock> <Opcode : 'mul' 'add' 'sub' 'select'> <InPorts = 0> <OutPorts = 1> <Sync> <CReg>
ST_10 : Operation 143 [1/2] (3.25ns)   --->   "%x_M_real_load = load i8 %x_M_real_addr_2" [doppler_fft_project/doppler_fft.cpp:33]   --->   Operation 143 'load' 'x_M_real_load' <Predicate = true> <Delay = 3.25> <CoreInst = "RAM">   --->   Core 82 'RAM' <Latency = 1> <II = 1> <Delay = 3.25> <Storage> <Opcode : 'load' 'store'> <Ports = 2> <Width = 19> <Depth = 256> <RAM>
ST_10 : Operation 144 [1/2] (3.25ns)   --->   "%x_M_imag_load = load i8 %x_M_imag_addr_2" [doppler_fft_project/doppler_fft.cpp:33]   --->   Operation 144 'load' 'x_M_imag_load' <Predicate = true> <Delay = 3.25> <CoreInst = "RAM">   --->   Core 82 'RAM' <Latency = 1> <II = 1> <Delay = 3.25> <Storage> <Opcode : 'load' 'store'> <Ports = 2> <Width = 19> <Depth = 256> <RAM>

State 11 <SV = 10> <Delay = 2.15>
ST_11 : Operation 145 [3/4] (2.15ns) (root node of the DSP)   --->   "%mul_ln859 = mul i36 %sext_ln1319, i36 %sext_ln1319_1"   --->   Operation 145 'mul' 'mul_ln859' <Predicate = true> <Delay = 2.15> <CoreInst = "DSP48">   --->   Core 119 'DSP48' <Latency = 3> <II = 1> <Delay = 2.15> <IPBlock> <Opcode : 'mul' 'add' 'sub' 'select'> <InPorts = 0> <OutPorts = 1> <Sync> <CReg>
ST_11 : Operation 146 [3/4] (2.15ns) (root node of the DSP)   --->   "%mul_ln1394 = mul i36 %sext_ln1319_2, i36 %sext_ln1319_3"   --->   Operation 146 'mul' 'mul_ln1394' <Predicate = true> <Delay = 2.15> <CoreInst = "DSP48">   --->   Core 119 'DSP48' <Latency = 3> <II = 1> <Delay = 2.15> <IPBlock> <Opcode : 'mul' 'add' 'sub' 'select'> <InPorts = 0> <OutPorts = 1> <Sync> <CReg>
ST_11 : Operation 147 [3/4] (2.15ns) (root node of the DSP)   --->   "%mul_ln859_1 = mul i36 %sext_ln1319_2, i36 %sext_ln1319_1"   --->   Operation 147 'mul' 'mul_ln859_1' <Predicate = true> <Delay = 2.15> <CoreInst = "DSP48">   --->   Core 119 'DSP48' <Latency = 3> <II = 1> <Delay = 2.15> <IPBlock> <Opcode : 'mul' 'add' 'sub' 'select'> <InPorts = 0> <OutPorts = 1> <Sync> <CReg>
ST_11 : Operation 148 [3/4] (2.15ns) (root node of the DSP)   --->   "%mul_ln1393 = mul i36 %sext_ln1319, i36 %sext_ln1319_3"   --->   Operation 148 'mul' 'mul_ln1393' <Predicate = true> <Delay = 2.15> <CoreInst = "DSP48">   --->   Core 119 'DSP48' <Latency = 3> <II = 1> <Delay = 2.15> <IPBlock> <Opcode : 'mul' 'add' 'sub' 'select'> <InPorts = 0> <OutPorts = 1> <Sync> <CReg>

State 12 <SV = 11> <Delay = 2.15>
ST_12 : Operation 149 [2/4] (2.15ns) (root node of the DSP)   --->   "%mul_ln859 = mul i36 %sext_ln1319, i36 %sext_ln1319_1"   --->   Operation 149 'mul' 'mul_ln859' <Predicate = true> <Delay = 2.15> <CoreInst = "DSP48">   --->   Core 119 'DSP48' <Latency = 3> <II = 1> <Delay = 2.15> <IPBlock> <Opcode : 'mul' 'add' 'sub' 'select'> <InPorts = 0> <OutPorts = 1> <Sync> <CReg>
ST_12 : Operation 150 [2/4] (2.15ns) (root node of the DSP)   --->   "%mul_ln1394 = mul i36 %sext_ln1319_2, i36 %sext_ln1319_3"   --->   Operation 150 'mul' 'mul_ln1394' <Predicate = true> <Delay = 2.15> <CoreInst = "DSP48">   --->   Core 119 'DSP48' <Latency = 3> <II = 1> <Delay = 2.15> <IPBlock> <Opcode : 'mul' 'add' 'sub' 'select'> <InPorts = 0> <OutPorts = 1> <Sync> <CReg>
ST_12 : Operation 151 [2/4] (2.15ns) (root node of the DSP)   --->   "%mul_ln859_1 = mul i36 %sext_ln1319_2, i36 %sext_ln1319_1"   --->   Operation 151 'mul' 'mul_ln859_1' <Predicate = true> <Delay = 2.15> <CoreInst = "DSP48">   --->   Core 119 'DSP48' <Latency = 3> <II = 1> <Delay = 2.15> <IPBlock> <Opcode : 'mul' 'add' 'sub' 'select'> <InPorts = 0> <OutPorts = 1> <Sync> <CReg>
ST_12 : Operation 152 [2/4] (2.15ns) (root node of the DSP)   --->   "%mul_ln1393 = mul i36 %sext_ln1319, i36 %sext_ln1319_3"   --->   Operation 152 'mul' 'mul_ln1393' <Predicate = true> <Delay = 2.15> <CoreInst = "DSP48">   --->   Core 119 'DSP48' <Latency = 3> <II = 1> <Delay = 2.15> <IPBlock> <Opcode : 'mul' 'add' 'sub' 'select'> <InPorts = 0> <OutPorts = 1> <Sync> <CReg>

State 13 <SV = 12> <Delay = 2.71>
ST_13 : Operation 153 [1/4] (0.00ns) (root node of the DSP)   --->   "%mul_ln859 = mul i36 %sext_ln1319, i36 %sext_ln1319_1"   --->   Operation 153 'mul' 'mul_ln859' <Predicate = true> <Delay = 0.00> <CoreInst = "DSP48">   --->   Core 119 'DSP48' <Latency = 3> <II = 1> <Delay = 2.15> <IPBlock> <Opcode : 'mul' 'add' 'sub' 'select'> <InPorts = 0> <OutPorts = 1> <Sync> <CReg>
ST_13 : Operation 154 [1/4] (0.00ns) (root node of the DSP)   --->   "%mul_ln1394 = mul i36 %sext_ln1319_2, i36 %sext_ln1319_3"   --->   Operation 154 'mul' 'mul_ln1394' <Predicate = true> <Delay = 0.00> <CoreInst = "DSP48">   --->   Core 119 'DSP48' <Latency = 3> <II = 1> <Delay = 2.15> <IPBlock> <Opcode : 'mul' 'add' 'sub' 'select'> <InPorts = 0> <OutPorts = 1> <Sync> <CReg>
ST_13 : Operation 155 [1/1] (2.71ns)   --->   "%ret_V = sub i36 %mul_ln859, i36 %mul_ln1394"   --->   Operation 155 'sub' 'ret_V' <Predicate = true> <Delay = 2.71> <CoreInst = "Adder">   --->   Core 1 'Adder' <Latency = 0> <II = 1> <Delay = 2.71> <FuncUnit> <Opcode : 'add' 'sub'> <InPorts = 2> <OutPorts = 1>
ST_13 : Operation 156 [1/1] (0.00ns)   --->   "%tm_re_V = partselect i19 @_ssdm_op_PartSelect.i19.i36.i32.i32, i36 %ret_V, i32 17, i32 35"   --->   Operation 156 'partselect' 'tm_re_V' <Predicate = true> <Delay = 0.00>
ST_13 : Operation 157 [1/4] (0.00ns) (root node of the DSP)   --->   "%mul_ln859_1 = mul i36 %sext_ln1319_2, i36 %sext_ln1319_1"   --->   Operation 157 'mul' 'mul_ln859_1' <Predicate = true> <Delay = 0.00> <CoreInst = "DSP48">   --->   Core 119 'DSP48' <Latency = 3> <II = 1> <Delay = 2.15> <IPBlock> <Opcode : 'mul' 'add' 'sub' 'select'> <InPorts = 0> <OutPorts = 1> <Sync> <CReg>
ST_13 : Operation 158 [1/4] (0.00ns) (root node of the DSP)   --->   "%mul_ln1393 = mul i36 %sext_ln1319, i36 %sext_ln1319_3"   --->   Operation 158 'mul' 'mul_ln1393' <Predicate = true> <Delay = 0.00> <CoreInst = "DSP48">   --->   Core 119 'DSP48' <Latency = 3> <II = 1> <Delay = 2.15> <IPBlock> <Opcode : 'mul' 'add' 'sub' 'select'> <InPorts = 0> <OutPorts = 1> <Sync> <CReg>
ST_13 : Operation 159 [1/1] (2.71ns)   --->   "%ret_V_1 = add i36 %mul_ln859_1, i36 %mul_ln1393"   --->   Operation 159 'add' 'ret_V_1' <Predicate = true> <Delay = 2.71> <CoreInst = "Adder">   --->   Core 1 'Adder' <Latency = 0> <II = 1> <Delay = 2.71> <FuncUnit> <Opcode : 'add' 'sub'> <InPorts = 2> <OutPorts = 1>
ST_13 : Operation 160 [1/1] (0.00ns)   --->   "%tm_im_V = partselect i19 @_ssdm_op_PartSelect.i19.i36.i32.i32, i36 %ret_V_1, i32 17, i32 35"   --->   Operation 160 'partselect' 'tm_im_V' <Predicate = true> <Delay = 0.00>

State 14 <SV = 13> <Delay = 5.42>
ST_14 : Operation 161 [1/1] (0.00ns)   --->   "%sext_ln1393 = sext i19 %x_M_real_load"   --->   Operation 161 'sext' 'sext_ln1393' <Predicate = true> <Delay = 0.00>
ST_14 : Operation 162 [1/1] (0.00ns)   --->   "%sext_ln1393_1 = sext i19 %tm_re_V"   --->   Operation 162 'sext' 'sext_ln1393_1' <Predicate = true> <Delay = 0.00>
ST_14 : Operation 163 [1/1] (2.16ns)   --->   "%ret_V_2 = add i20 %sext_ln1393_1, i20 %sext_ln1393"   --->   Operation 163 'add' 'ret_V_2' <Predicate = true> <Delay = 2.16> <CoreInst = "Adder">   --->   Core 1 'Adder' <Latency = 0> <II = 1> <Delay = 2.16> <FuncUnit> <Opcode : 'add' 'sub'> <InPorts = 2> <OutPorts = 1>
ST_14 : Operation 164 [1/1] (0.00ns)   --->   "%trunc_ln6 = partselect i19 @_ssdm_op_PartSelect.i19.i20.i32.i32, i20 %ret_V_2, i32 1, i32 19"   --->   Operation 164 'partselect' 'trunc_ln6' <Predicate = true> <Delay = 0.00>
ST_14 : Operation 165 [1/1] (0.00ns)   --->   "%sext_ln1393_2 = sext i19 %x_M_imag_load"   --->   Operation 165 'sext' 'sext_ln1393_2' <Predicate = true> <Delay = 0.00>
ST_14 : Operation 166 [1/1] (0.00ns)   --->   "%sext_ln1393_3 = sext i19 %tm_im_V"   --->   Operation 166 'sext' 'sext_ln1393_3' <Predicate = true> <Delay = 0.00>
ST_14 : Operation 167 [1/1] (2.16ns)   --->   "%ret_V_3 = add i20 %sext_ln1393_3, i20 %sext_ln1393_2"   --->   Operation 167 'add' 'ret_V_3' <Predicate = true> <Delay = 2.16> <CoreInst = "Adder">   --->   Core 1 'Adder' <Latency = 0> <II = 1> <Delay = 2.16> <FuncUnit> <Opcode : 'add' 'sub'> <InPorts = 2> <OutPorts = 1>
ST_14 : Operation 168 [1/1] (0.00ns)   --->   "%trunc_ln864_1 = partselect i19 @_ssdm_op_PartSelect.i19.i20.i32.i32, i20 %ret_V_3, i32 1, i32 19"   --->   Operation 168 'partselect' 'trunc_ln864_1' <Predicate = true> <Delay = 0.00>
ST_14 : Operation 169 [1/1] (3.25ns)   --->   "%store_ln36 = store i19 %trunc_ln6, i8 %x_M_real_addr_2" [doppler_fft_project/doppler_fft.cpp:36]   --->   Operation 169 'store' 'store_ln36' <Predicate = true> <Delay = 3.25> <CoreInst = "RAM">   --->   Core 82 'RAM' <Latency = 1> <II = 1> <Delay = 3.25> <Storage> <Opcode : 'load' 'store'> <Ports = 2> <Width = 19> <Depth = 256> <RAM>
ST_14 : Operation 170 [1/1] (3.25ns)   --->   "%store_ln36 = store i19 %trunc_ln864_1, i8 %x_M_imag_addr_2" [doppler_fft_project/doppler_fft.cpp:36]   --->   Operation 170 'store' 'store_ln36' <Predicate = true> <Delay = 3.25> <CoreInst = "RAM">   --->   Core 82 'RAM' <Latency = 1> <II = 1> <Delay = 3.25> <Storage> <Opcode : 'load' 'store'> <Ports = 2> <Width = 19> <Depth = 256> <RAM>
ST_14 : Operation 171 [1/1] (2.16ns)   --->   "%ret_V_4 = sub i20 %sext_ln1393, i20 %sext_ln1393_1"   --->   Operation 171 'sub' 'ret_V_4' <Predicate = true> <Delay = 2.16> <CoreInst = "Adder">   --->   Core 1 'Adder' <Latency = 0> <II = 1> <Delay = 2.16> <FuncUnit> <Opcode : 'add' 'sub'> <InPorts = 2> <OutPorts = 1>
ST_14 : Operation 172 [1/1] (0.00ns)   --->   "%trunc_ln864_2 = partselect i19 @_ssdm_op_PartSelect.i19.i20.i32.i32, i20 %ret_V_4, i32 1, i32 19"   --->   Operation 172 'partselect' 'trunc_ln864_2' <Predicate = true> <Delay = 0.00>
ST_14 : Operation 173 [1/1] (2.16ns)   --->   "%ret_V_5 = sub i20 %sext_ln1393_2, i20 %sext_ln1393_3"   --->   Operation 173 'sub' 'ret_V_5' <Predicate = true> <Delay = 2.16> <CoreInst = "Adder">   --->   Core 1 'Adder' <Latency = 0> <II = 1> <Delay = 2.16> <FuncUnit> <Opcode : 'add' 'sub'> <InPorts = 2> <OutPorts = 1>
ST_14 : Operation 174 [1/1] (0.00ns)   --->   "%trunc_ln864_3 = partselect i19 @_ssdm_op_PartSelect.i19.i20.i32.i32, i20 %ret_V_5, i32 1, i32 19"   --->   Operation 174 'partselect' 'trunc_ln864_3' <Predicate = true> <Delay = 0.00>

State 15 <SV = 14> <Delay = 3.25>
ST_15 : Operation 175 [1/1] (0.00ns)   --->   "%specloopname_ln23 = specloopname void @_ssdm_op_SpecLoopName, void @empty_2" [doppler_fft_project/doppler_fft.cpp:23]   --->   Operation 175 'specloopname' 'specloopname_ln23' <Predicate = true> <Delay = 0.00>
ST_15 : Operation 176 [1/1] (3.25ns)   --->   "%store_ln38 = store i19 %trunc_ln864_2, i8 %x_M_real_addr" [doppler_fft_project/doppler_fft.cpp:38]   --->   Operation 176 'store' 'store_ln38' <Predicate = true> <Delay = 3.25> <CoreInst = "RAM">   --->   Core 82 'RAM' <Latency = 1> <II = 1> <Delay = 3.25> <Storage> <Opcode : 'load' 'store'> <Ports = 2> <Width = 19> <Depth = 256> <RAM>
ST_15 : Operation 177 [1/1] (3.25ns)   --->   "%store_ln38 = store i19 %trunc_ln864_3, i8 %x_M_imag_addr" [doppler_fft_project/doppler_fft.cpp:38]   --->   Operation 177 'store' 'store_ln38' <Predicate = true> <Delay = 3.25> <CoreInst = "RAM">   --->   Core 82 'RAM' <Latency = 1> <II = 1> <Delay = 3.25> <Storage> <Opcode : 'load' 'store'> <Ports = 2> <Width = 19> <Depth = 256> <RAM>
ST_15 : Operation 178 [1/1] (0.00ns)   --->   "%br_ln23 = br void %for.body21" [doppler_fft_project/doppler_fft.cpp:23]   --->   Operation 178 'br' 'br_ln23' <Predicate = true> <Delay = 0.00>


============================================================
+ Verbose Summary: Timing violations
============================================================
Target clock period: 10ns, clock uncertainty: 2.7ns.

 <State 1>: 5.17ns
The critical path consists of the following:
	'alloca' operation ('j') [8]  (0 ns)
	'load' operation ('j', doppler_fft_project/doppler_fft.cpp:25) on local variable 'j' [15]  (0 ns)
	'add' operation ('add_ln25', doppler_fft_project/doppler_fft.cpp:25) [23]  (1.92 ns)
	'getelementptr' operation ('tw_M_value_1_addr') [25]  (0 ns)
	'load' operation ('v') on array 'tw_M_value_1' [26]  (3.25 ns)

 <State 2>: 3.25ns
The critical path consists of the following:
	'load' operation ('v') on array 'tw_M_value_1' [26]  (3.25 ns)

 <State 3>: 4.44ns
The critical path consists of the following:
	'fpext' operation ('d') [27]  (4.44 ns)

 <State 4>: 7.22ns
The critical path consists of the following:
	'fpext' operation ('d') [27]  (4.44 ns)
	'icmp' operation ('icmp_ln606') [38]  (2.79 ns)

 <State 5>: 7.22ns
The critical path consists of the following:
	'fpext' operation ('d') [69]  (4.44 ns)
	'icmp' operation ('icmp_ln606_1') [80]  (2.79 ns)

 <State 6>: 6.06ns
The critical path consists of the following:
	'icmp' operation ('icmp_ln638') [55]  (1.99 ns)
	'select' operation ('select_ln638') [58]  (0 ns)
	'select' operation ('select_ln617') [61]  (4.07 ns)

 <State 7>: 6.06ns
The critical path consists of the following:
	'icmp' operation ('icmp_ln638_1') [97]  (1.99 ns)
	'select' operation ('select_ln638_1') [100]  (0 ns)
	'select' operation ('select_ln617_1') [103]  (4.07 ns)

 <State 8>: 5.34ns
The critical path consists of the following:
	'ashr' operation ('ashr_ln621') [49]  (0 ns)
	'select' operation ('select_ln620') [54]  (0 ns)
	'select' operation ('select_ln616') [65]  (4.61 ns)
	'select' operation ('tw_re.V') [66]  (0.732 ns)

 <State 9>: 5.34ns
The critical path consists of the following:
	'ashr' operation ('ashr_ln621_1') [91]  (0 ns)
	'select' operation ('select_ln620_1') [96]  (0 ns)
	'select' operation ('select_ln616_2') [107]  (4.61 ns)
	'select' operation ('tw_im.V') [108]  (0.732 ns)

 <State 10>: 5.4ns
The critical path consists of the following:
	'load' operation ('upper._M_real', doppler_fft_project/doppler_fft.cpp:28) on array 'x_M_real' [114]  (3.25 ns)
	'mul' operation of DSP[121] ('mul_ln859') [121]  (2.15 ns)

 <State 11>: 2.15ns
The critical path consists of the following:
	'mul' operation of DSP[121] ('mul_ln859') [121]  (2.15 ns)

 <State 12>: 2.15ns
The critical path consists of the following:
	'mul' operation of DSP[121] ('mul_ln859') [121]  (2.15 ns)

 <State 13>: 2.71ns
The critical path consists of the following:
	'mul' operation of DSP[121] ('mul_ln859') [121]  (0 ns)
	'sub' operation ('ret.V') [123]  (2.71 ns)

 <State 14>: 5.42ns
The critical path consists of the following:
	'add' operation ('ret.V') [135]  (2.17 ns)
	'store' operation ('store_ln36', doppler_fft_project/doppler_fft.cpp:36) of variable 'trunc_ln6' on array 'x_M_real' [141]  (3.25 ns)

 <State 15>: 3.25ns
The critical path consists of the following:
	'store' operation ('store_ln38', doppler_fft_project/doppler_fft.cpp:38) of variable 'trunc_ln864_2' on array 'x_M_real' [147]  (3.25 ns)


============================================================
+ Verbose Summary: Binding
============================================================
N/A
* FSMD analyzer results:
  - Output states:
 - Input state : 
  - Chain level:
	State 1
	State 2
	State 3
	State 4
	State 5
	State 6
	State 7
	State 8
	State 9
	State 10
	State 11
	State 12
	State 13
	State 14
	State 15


============================================================
+ Verbose Summary: Datapath Resource usage 
============================================================
N/A
