==============================================================
Vitis HLS - High-Level Synthesis from C, C++ and OpenCL v2022.1 (64-bit)
Tool Version Limit: 2022.04
Copyright 1986-2022 Xilinx, Inc. All Rights Reserved.
==============================================================
==============================================================
Vitis HLS - High-Level Synthesis from C, C++ and OpenCL v2022.1 (64-bit)
Tool Version Limit: 2022.04
Copyright 1986-2022 Xilinx, Inc. All Rights Reserved.
==============================================================
==============================================================
Vitis HLS - High-Level Synthesis from C, C++ and OpenCL v2022.1 (64-bit)
Tool Version Limit: 2022.04
Copyright 1986-2022 Xilinx, Inc. All Rights Reserved.
==============================================================
==============================================================
Vitis HLS - High-Level Synthesis from C, C++ and OpenCL v2022.1 (64-bit)
Tool Version Limit: 2022.04
Copyright 1986-2022 Xilinx, Inc. All Rights Reserved.
==============================================================
INFO: [SYN 201-201] Setting up clock 'default' with a period of 10ns.
INFO: [HLS 200-1611] Setting target device to 'xc7z020-clg484-1'
INFO: [HLS 200-1505] Using flow_target 'vivado'
INFO: [HLS 200-1510] Running: set_part xc7z020clg484-1 
INFO: [HLS 200-1510] Running: create_clock -period 10 -name default 
INFO: [HLS 200-1510] Running: csynth_design 
INFO: [HLS 200-111] Finished File checks and directory preparation: CPU user time: 0 seconds. CPU system time: 0 seconds. Elapsed time: 0 seconds; current allocated memory: 1.745 GB.
INFO: [HLS 200-10] Analyzing design file 'ifft_1024/tw.cpp' ... 
INFO: [HLS 200-10] Analyzing design file 'ifft_1024/ifft.cpp' ... 
INFO: [HLS 200-111] Finished Source Code Analysis and Preprocessing: CPU user time: 6.88 seconds. CPU system time: 1.44 seconds. Elapsed time: 8.17 seconds; current allocated memory: 753.105 MB.
INFO: [HLS 200-777] Using interface defaults for 'Vivado' flow target.
INFO: [HLS 214-131] Inlining function '_llvm.fpga.unpack.none.s_struct.std::complex<float>s.i64' into 'ifft_1024_top(hls::stream<hls::axis<std::complex<float>, 0ul, 0ul, 0ul>, 0>&, hls::stream<hls::axis<std::complex<float>, 0ul, 0ul, 0ul>, 0>&)' (/tools/Xilinx/Vitis_HLS/2022.1/common/technology/autopilot/ap_axi_sdata.h:293:5)
INFO: [HLS 214-131] Inlining function '_llvm.fpga.pack.none.i1.s_struct.ap_uint<1>s' into 'ifft_1024_top(hls::stream<hls::axis<std::complex<float>, 0ul, 0ul, 0ul>, 0>&, hls::stream<hls::axis<std::complex<float>, 0ul, 0ul, 0ul>, 0>&)' (/tools/Xilinx/Vitis_HLS/2022.1/common/technology/autopilot/ap_axi_sdata.h:304:5)
INFO: [HLS 214-131] Inlining function '_llvm.fpga.pack.none.i8.s_struct.ap_uint<8>s' into 'ifft_1024_top(hls::stream<hls::axis<std::complex<float>, 0ul, 0ul, 0ul>, 0>&, hls::stream<hls::axis<std::complex<float>, 0ul, 0ul, 0ul>, 0>&)' (/tools/Xilinx/Vitis_HLS/2022.1/common/technology/autopilot/ap_axi_sdata.h:304:5)
INFO: [HLS 214-131] Inlining function '_llvm.fpga.pack.none.i64.s_struct.std::complex<float>s' into 'ifft_1024_top(hls::stream<hls::axis<std::complex<float>, 0ul, 0ul, 0ul>, 0>&, hls::stream<hls::axis<std::complex<float>, 0ul, 0ul, 0ul>, 0>&)' (/tools/Xilinx/Vitis_HLS/2022.1/common/technology/autopilot/ap_axi_sdata.h:304:5)
INFO: [HLS 214-131] Inlining function '_llvm.fpga.unpack.none.s_struct.ap_uint<8>s.i8' into 'ifft_1024_top(hls::stream<hls::axis<std::complex<float>, 0ul, 0ul, 0ul>, 0>&, hls::stream<hls::axis<std::complex<float>, 0ul, 0ul, 0ul>, 0>&)' (/tools/Xilinx/Vitis_HLS/2022.1/common/technology/autopilot/ap_axi_sdata.h:293:5)
INFO: [HLS 214-131] Inlining function '_llvm.fpga.unpack.none.s_struct.ap_uint<1>s.i1' into 'ifft_1024_top(hls::stream<hls::axis<std::complex<float>, 0ul, 0ul, 0ul>, 0>&, hls::stream<hls::axis<std::complex<float>, 0ul, 0ul, 0ul>, 0>&)' (/tools/Xilinx/Vitis_HLS/2022.1/common/technology/autopilot/ap_axi_sdata.h:293:5)
INFO: [HLS 200-111] Finished Compiling Optimization and Transform: CPU user time: 2.71 seconds. CPU system time: 0.63 seconds. Elapsed time: 3.37 seconds; current allocated memory: 754.242 MB.
INFO: [HLS 200-111] Finished Checking Pragmas: CPU user time: 0 seconds. CPU system time: 0 seconds. Elapsed time: 0 seconds; current allocated memory: 754.242 MB.
INFO: [HLS 200-10] Starting code transformations ...
INFO: [HLS 200-111] Finished Standard Transforms: CPU user time: 0.03 seconds. CPU system time: 0.01 seconds. Elapsed time: 0.03 seconds; current allocated memory: 760.812 MB.
INFO: [HLS 200-10] Checking synthesizability ...
INFO: [HLS 200-111] Finished Checking Synthesizability: CPU user time: 0.04 seconds. CPU system time: 0 seconds. Elapsed time: 0.05 seconds; current allocated memory: 768.273 MB.
INFO: [XFORM 203-510] Pipelining loop 'VITIS_LOOP_7_1' (ifft_1024/ifft.cpp:7) in function 'ifft_fast' automatically.
INFO: [XFORM 203-510] Pipelining loop 'VITIS_LOOP_22_4' (ifft_1024/ifft.cpp:22) in function 'ifft_fast' automatically.
INFO: [XFORM 203-510] Pipelining loop 'VITIS_LOOP_33_5' (ifft_1024/ifft.cpp:33) in function 'ifft_fast' automatically.
INFO: [XFORM 203-510] Pipelining loop 'Loop-2' (ifft_1024/ifft.cpp:44) in function 'ifft_1024_top' automatically.
INFO: [XFORM 203-510] Pipelining loop 'Loop-3' (ifft_1024/ifft.cpp:45) in function 'ifft_1024_top' automatically.
INFO: [XFORM 203-510] Pipelining loop 'VITIS_LOOP_48_1' in function 'ifft_1024_top' automatically.
INFO: [XFORM 203-510] Pipelining loop 'VITIS_LOOP_53_2' in function 'ifft_1024_top' automatically.
INFO: [XFORM 203-510] Pipelining loop 'VITIS_LOOP_62_3' (ifft_1024/ifft.cpp:62) in function 'ifft_1024_top' automatically.
INFO: [XFORM 203-510] Pipelining loop 'VITIS_LOOP_68_4' (ifft_1024/ifft.cpp:68) in function 'ifft_1024_top' automatically.
INFO: [HLS 200-111] Finished Loop, function and other optimizations: CPU user time: 0.1 seconds. CPU system time: 0.01 seconds. Elapsed time: 0.1 seconds; current allocated memory: 797.570 MB.
WARNING: [HLS 200-960] Cannot flatten loop 'VITIS_LOOP_21_3' (ifft_1024/ifft.cpp:22:39) in function 'ifft_fast' the outer loop is not a perfect loop because either the parent loop or the sub loop has no computeable trip count.
WARNING: [HLS 200-960] Cannot flatten loop 'VITIS_LOOP_18_2' (ifft_1024/ifft.cpp:17:9) in function 'ifft_fast' the outer loop is not a perfect loop.
INFO: [HLS 200-472] Inferring partial write operation for 'x.0' (ifft_1024/ifft.cpp:11:18)
INFO: [HLS 200-472] Inferring partial write operation for 'x.0' (ifft_1024/ifft.cpp:12:20)
INFO: [HLS 200-472] Inferring partial write operation for 'x.0' (ifft_1024/ifft.cpp:26:26)
INFO: [HLS 200-472] Inferring partial write operation for 'x.0' (ifft_1024/ifft.cpp:27:31)
INFO: [HLS 200-472] Inferring partial write operation for 'x.0' 
INFO: [HLS 200-472] Inferring partial write operation for 'ga._M_value' 
INFO: [HLS 200-472] Inferring partial write operation for 'ga._M_value' (ifft_1024/ifft.cpp:50:15)
INFO: [HLS 200-472] Inferring partial write operation for 'gb._M_value' (ifft_1024/ifft.cpp:55:15)
INFO: [HLS 200-111] Finished Architecture Synthesis: CPU user time: 0.07 seconds. CPU system time: 0.03 seconds. Elapsed time: 0.11 seconds; current allocated memory: 886.973 MB.
INFO: [HLS 200-10] Starting hardware synthesis ...
INFO: [HLS 200-10] Synthesizing 'ifft_1024_top' ...
INFO: [HLS 200-10] ----------------------------------------------------------------
INFO: [HLS 200-42] -- Implementing module 'ifft_1024_top_Pipeline_1' 
INFO: [HLS 200-10] ----------------------------------------------------------------
INFO: [SCHED 204-11] Starting scheduling ...
INFO: [SCHED 204-61] Pipelining loop 'Loop 1'.
INFO: [HLS 200-1470] Pipelining result : Target II = NA, Final II = 1, Depth = 1, loop 'Loop 1'
INFO: [SCHED 204-11] Finished scheduling.
INFO: [HLS 200-111] Finished Scheduling: CPU user time: 0.03 seconds. CPU system time: 0.05 seconds. Elapsed time: 0.07 seconds; current allocated memory: 888.309 MB.
INFO: [BIND 205-100] Starting micro-architecture generation ...
INFO: [BIND 205-101] Performing variable lifetime analysis.
INFO: [BIND 205-101] Exploring resource sharing.
INFO: [BIND 205-101] Binding ...
INFO: [BIND 205-100] Finished micro-architecture generation.
INFO: [HLS 200-111] Finished Binding: CPU user time: 0.01 seconds. CPU system time: 0 seconds. Elapsed time: 0.02 seconds; current allocated memory: 888.309 MB.
INFO: [HLS 200-10] ----------------------------------------------------------------
INFO: [HLS 200-42] -- Implementing module 'ifft_1024_top_Pipeline_2' 
INFO: [HLS 200-10] ----------------------------------------------------------------
INFO: [SCHED 204-11] Starting scheduling ...
INFO: [SCHED 204-61] Pipelining loop 'Loop 1'.
INFO: [HLS 200-1470] Pipelining result : Target II = NA, Final II = 1, Depth = 1, loop 'Loop 1'
INFO: [SCHED 204-11] Finished scheduling.
INFO: [HLS 200-111] Finished Scheduling: CPU user time: 0.02 seconds. CPU system time: 0 seconds. Elapsed time: 0.02 seconds; current allocated memory: 888.562 MB.
INFO: [BIND 205-100] Starting micro-architecture generation ...
INFO: [BIND 205-101] Performing variable lifetime analysis.
INFO: [BIND 205-101] Exploring resource sharing.
INFO: [BIND 205-101] Binding ...
INFO: [BIND 205-100] Finished micro-architecture generation.
INFO: [HLS 200-111] Finished Binding: CPU user time: 0 seconds. CPU system time: 0.01 seconds. Elapsed time: 0 seconds; current allocated memory: 888.562 MB.
INFO: [HLS 200-10] ----------------------------------------------------------------
INFO: [HLS 200-42] -- Implementing module 'ifft_1024_top_Pipeline_VITIS_LOOP_48_1' 
INFO: [HLS 200-10] ----------------------------------------------------------------
INFO: [SCHED 204-11] Starting scheduling ...
INFO: [SCHED 204-61] Pipelining loop 'VITIS_LOOP_48_1'.
INFO: [HLS 200-1470] Pipelining result : Target II = NA, Final II = 1, Depth = 1, loop 'VITIS_LOOP_48_1'
INFO: [SCHED 204-11] Finished scheduling.
INFO: [HLS 200-111] Finished Scheduling: CPU user time: 0.02 seconds. CPU system time: 0 seconds. Elapsed time: 0.02 seconds; current allocated memory: 888.867 MB.
INFO: [BIND 205-100] Starting micro-architecture generation ...
INFO: [BIND 205-101] Performing variable lifetime analysis.
INFO: [BIND 205-101] Exploring resource sharing.
INFO: [BIND 205-101] Binding ...
INFO: [BIND 205-100] Finished micro-architecture generation.
INFO: [HLS 200-111] Finished Binding: CPU user time: 0.01 seconds. CPU system time: 0 seconds. Elapsed time: 0.02 seconds; current allocated memory: 888.867 MB.
INFO: [HLS 200-10] ----------------------------------------------------------------
INFO: [HLS 200-42] -- Implementing module 'ifft_1024_top_Pipeline_VITIS_LOOP_53_2' 
INFO: [HLS 200-10] ----------------------------------------------------------------
INFO: [SCHED 204-11] Starting scheduling ...
INFO: [SCHED 204-61] Pipelining loop 'VITIS_LOOP_53_2'.
INFO: [HLS 200-1470] Pipelining result : Target II = NA, Final II = 1, Depth = 1, loop 'VITIS_LOOP_53_2'
INFO: [SCHED 204-11] Finished scheduling.
INFO: [HLS 200-111] Finished Scheduling: CPU user time: 0.03 seconds. CPU system time: 0 seconds. Elapsed time: 0.02 seconds; current allocated memory: 889.129 MB.
INFO: [BIND 205-100] Starting micro-architecture generation ...
INFO: [BIND 205-101] Performing variable lifetime analysis.
INFO: [BIND 205-101] Exploring resource sharing.
INFO: [BIND 205-101] Binding ...
INFO: [BIND 205-100] Finished micro-architecture generation.
INFO: [HLS 200-111] Finished Binding: CPU user time: 0.01 seconds. CPU system time: 0 seconds. Elapsed time: 0.01 seconds; current allocated memory: 889.129 MB.
INFO: [HLS 200-10] ----------------------------------------------------------------
INFO: [HLS 200-42] -- Implementing module 'ifft_fast_Pipeline_VITIS_LOOP_7_1' 
INFO: [HLS 200-10] ----------------------------------------------------------------
INFO: [SCHED 204-11] Starting scheduling ...
INFO: [SCHED 204-61] Pipelining loop 'VITIS_LOOP_7_1'.
WARNING: [HLS 200-880] The II Violation in module 'ifft_fast_Pipeline_VITIS_LOOP_7_1' (loop 'VITIS_LOOP_7_1'): Unable to enforce a carried dependence constraint (II = 1, distance = 1, offset = 1) between 'store' operation ('x_0_addr_1_write_ln12', ifft_1024/ifft.cpp:12) of variable 'x_0_load', ifft_1024/ifft.cpp:12 on array 'x_0' and 'load' operation ('x_0_load_1', ifft_1024/ifft.cpp:11) on array 'x_0'.
WARNING: [HLS 200-880] The II Violation in module 'ifft_fast_Pipeline_VITIS_LOOP_7_1' (loop 'VITIS_LOOP_7_1'): Unable to enforce a carried dependence constraint (II = 2, distance = 1, offset = 1) between 'store' operation ('x_0_addr_1_write_ln12', ifft_1024/ifft.cpp:12) of variable 'x_0_load', ifft_1024/ifft.cpp:12 on array 'x_0' and 'load' operation ('x_0_load_1', ifft_1024/ifft.cpp:11) on array 'x_0'.
INFO: [HLS 200-1470] Pipelining result : Target II = NA, Final II = 3, Depth = 4, loop 'VITIS_LOOP_7_1'
INFO: [SCHED 204-11] Finished scheduling.
INFO: [HLS 200-111] Finished Scheduling: CPU user time: 0.03 seconds. CPU system time: 0 seconds. Elapsed time: 0.03 seconds; current allocated memory: 889.645 MB.
INFO: [BIND 205-100] Starting micro-architecture generation ...
INFO: [BIND 205-101] Performing variable lifetime analysis.
INFO: [BIND 205-101] Exploring resource sharing.
INFO: [BIND 205-101] Binding ...
INFO: [BIND 205-100] Finished micro-architecture generation.
INFO: [HLS 200-111] Finished Binding: CPU user time: 0.02 seconds. CPU system time: 0 seconds. Elapsed time: 0.03 seconds; current allocated memory: 889.645 MB.
INFO: [HLS 200-10] ----------------------------------------------------------------
INFO: [HLS 200-42] -- Implementing module 'ifft_fast_Pipeline_VITIS_LOOP_22_4' 
INFO: [HLS 200-10] ----------------------------------------------------------------
INFO: [SCHED 204-11] Starting scheduling ...
INFO: [SCHED 204-61] Pipelining loop 'VITIS_LOOP_22_4'.
WARNING: [HLS 200-880] The II Violation in module 'ifft_fast_Pipeline_VITIS_LOOP_22_4' (loop 'VITIS_LOOP_22_4'): Unable to enforce a carried dependence constraint (II = 1, distance = 1, offset = 1) between 'store' operation ('x_0_addr_write_ln27', ifft_1024/ifft.cpp:27) of variable '__r._M_value' on array 'x_0' and 'load' operation ('__t') on array 'x_0'.
WARNING: [HLS 200-880] The II Violation in module 'ifft_fast_Pipeline_VITIS_LOOP_22_4' (loop 'VITIS_LOOP_22_4'): Unable to enforce a carried dependence constraint (II = 2, distance = 1, offset = 1) between 'store' operation ('x_0_addr_write_ln27', ifft_1024/ifft.cpp:27) of variable '__r._M_value' on array 'x_0' and 'load' operation ('__t') on array 'x_0'.
WARNING: [HLS 200-880] The II Violation in module 'ifft_fast_Pipeline_VITIS_LOOP_22_4' (loop 'VITIS_LOOP_22_4'): Unable to enforce a carried dependence constraint (II = 3, distance = 1, offset = 1) between 'store' operation ('x_0_addr_write_ln27', ifft_1024/ifft.cpp:27) of variable '__r._M_value' on array 'x_0' and 'load' operation ('__t') on array 'x_0'.
WARNING: [HLS 200-880] The II Violation in module 'ifft_fast_Pipeline_VITIS_LOOP_22_4' (loop 'VITIS_LOOP_22_4'): Unable to enforce a carried dependence constraint (II = 4, distance = 1, offset = 1) between 'store' operation ('x_0_addr_write_ln27', ifft_1024/ifft.cpp:27) of variable '__r._M_value' on array 'x_0' and 'load' operation ('__t') on array 'x_0'.
WARNING: [HLS 200-880] The II Violation in module 'ifft_fast_Pipeline_VITIS_LOOP_22_4' (loop 'VITIS_LOOP_22_4'): Unable to enforce a carried dependence constraint (II = 11, distance = 1, offset = 1) between 'store' operation ('x_0_addr_write_ln27', ifft_1024/ifft.cpp:27) of variable '__r._M_value' on array 'x_0' and 'load' operation ('__t') on array 'x_0'.
WARNING: [HLS 200-880] The II Violation in module 'ifft_fast_Pipeline_VITIS_LOOP_22_4' (loop 'VITIS_LOOP_22_4'): Unable to enforce a carried dependence constraint (II = 15, distance = 1, offset = 1) between 'store' operation ('x_0_addr_write_ln27', ifft_1024/ifft.cpp:27) of variable '__r._M_value' on array 'x_0' and 'load' operation ('__t') on array 'x_0'.
WARNING: [HLS 200-880] The II Violation in module 'ifft_fast_Pipeline_VITIS_LOOP_22_4' (loop 'VITIS_LOOP_22_4'): Unable to enforce a carried dependence constraint (II = 17, distance = 1, offset = 1) between 'store' operation ('x_0_addr_write_ln27', ifft_1024/ifft.cpp:27) of variable '__r._M_value' on array 'x_0' and 'load' operation ('__t') on array 'x_0'.
INFO: [HLS 200-1470] Pipelining result : Target II = NA, Final II = 18, Depth = 18, loop 'VITIS_LOOP_22_4'
INFO: [SCHED 204-11] Finished scheduling.
INFO: [HLS 200-111] Finished Scheduling: CPU user time: 0.09 seconds. CPU system time: 0 seconds. Elapsed time: 0.09 seconds; current allocated memory: 890.184 MB.
INFO: [BIND 205-100] Starting micro-architecture generation ...
INFO: [BIND 205-101] Performing variable lifetime analysis.
INFO: [BIND 205-101] Exploring resource sharing.
INFO: [BIND 205-101] Binding ...
INFO: [BIND 205-100] Finished micro-architecture generation.
INFO: [HLS 200-111] Finished Binding: CPU user time: 0.11 seconds. CPU system time: 0 seconds. Elapsed time: 0.11 seconds; current allocated memory: 890.184 MB.
INFO: [HLS 200-10] ----------------------------------------------------------------
INFO: [HLS 200-42] -- Implementing module 'ifft_fast_Pipeline_VITIS_LOOP_33_5' 
INFO: [HLS 200-10] ----------------------------------------------------------------
INFO: [SCHED 204-11] Starting scheduling ...
INFO: [SCHED 204-61] Pipelining loop 'VITIS_LOOP_33_5'.
INFO: [HLS 200-1470] Pipelining result : Target II = NA, Final II = 1, Depth = 7, loop 'VITIS_LOOP_33_5'
INFO: [SCHED 204-11] Finished scheduling.
INFO: [HLS 200-111] Finished Scheduling: CPU user time: 0.09 seconds. CPU system time: 0 seconds. Elapsed time: 0.1 seconds; current allocated memory: 890.586 MB.
INFO: [BIND 205-100] Starting micro-architecture generation ...
INFO: [BIND 205-101] Performing variable lifetime analysis.
INFO: [BIND 205-101] Exploring resource sharing.
INFO: [BIND 205-101] Binding ...
INFO: [BIND 205-100] Finished micro-architecture generation.
INFO: [HLS 200-111] Finished Binding: CPU user time: 0.03 seconds. CPU system time: 0 seconds. Elapsed time: 0.03 seconds; current allocated memory: 890.586 MB.
INFO: [HLS 200-10] ----------------------------------------------------------------
INFO: [HLS 200-42] -- Implementing module 'ifft_fast' 
INFO: [HLS 200-10] ----------------------------------------------------------------
INFO: [SCHED 204-11] Starting scheduling ...
INFO: [SCHED 204-11] Finished scheduling.
INFO: [HLS 200-111] Finished Scheduling: CPU user time: 0.04 seconds. CPU system time: 0 seconds. Elapsed time: 0.04 seconds; current allocated memory: 890.809 MB.
INFO: [BIND 205-100] Starting micro-architecture generation ...
INFO: [BIND 205-101] Performing variable lifetime analysis.
INFO: [BIND 205-101] Exploring resource sharing.
INFO: [BIND 205-101] Binding ...
INFO: [BIND 205-100] Finished micro-architecture generation.
INFO: [HLS 200-111] Finished Binding: CPU user time: 0.05 seconds. CPU system time: 0 seconds. Elapsed time: 0.05 seconds; current allocated memory: 890.809 MB.
INFO: [HLS 200-10] ----------------------------------------------------------------
INFO: [HLS 200-42] -- Implementing module 'ifft_1024_top_Pipeline_VITIS_LOOP_62_3' 
INFO: [HLS 200-10] ----------------------------------------------------------------
INFO: [SCHED 204-11] Starting scheduling ...
INFO: [SCHED 204-61] Pipelining loop 'VITIS_LOOP_62_3'.
INFO: [HLS 200-1470] Pipelining result : Target II = NA, Final II = 1, Depth = 2, loop 'VITIS_LOOP_62_3'
INFO: [SCHED 204-11] Finished scheduling.
INFO: [HLS 200-111] Finished Scheduling: CPU user time: 0.07 seconds. CPU system time: 0 seconds. Elapsed time: 0.07 seconds; current allocated memory: 891.363 MB.
INFO: [BIND 205-100] Starting micro-architecture generation ...
INFO: [BIND 205-101] Performing variable lifetime analysis.
INFO: [BIND 205-101] Exploring resource sharing.
INFO: [BIND 205-101] Binding ...
INFO: [BIND 205-100] Finished micro-architecture generation.
INFO: [HLS 200-111] Finished Binding: CPU user time: 0.01 seconds. CPU system time: 0.01 seconds. Elapsed time: 0.02 seconds; current allocated memory: 891.363 MB.
INFO: [HLS 200-10] ----------------------------------------------------------------
INFO: [HLS 200-42] -- Implementing module 'ifft_1024_top_Pipeline_VITIS_LOOP_68_4' 
INFO: [HLS 200-10] ----------------------------------------------------------------
INFO: [SCHED 204-11] Starting scheduling ...
INFO: [SCHED 204-61] Pipelining loop 'VITIS_LOOP_68_4'.
INFO: [HLS 200-1470] Pipelining result : Target II = NA, Final II = 1, Depth = 2, loop 'VITIS_LOOP_68_4'
INFO: [SCHED 204-11] Finished scheduling.
INFO: [HLS 200-111] Finished Scheduling: CPU user time: 0.02 seconds. CPU system time: 0 seconds. Elapsed time: 0.03 seconds; current allocated memory: 891.641 MB.
INFO: [BIND 205-100] Starting micro-architecture generation ...
INFO: [BIND 205-101] Performing variable lifetime analysis.
INFO: [BIND 205-101] Exploring resource sharing.
INFO: [BIND 205-101] Binding ...
INFO: [BIND 205-100] Finished micro-architecture generation.
INFO: [HLS 200-111] Finished Binding: CPU user time: 0.02 seconds. CPU system time: 0 seconds. Elapsed time: 0.01 seconds; current allocated memory: 891.641 MB.
INFO: [HLS 200-10] ----------------------------------------------------------------
INFO: [HLS 200-42] -- Implementing module 'ifft_1024_top' 
INFO: [HLS 200-10] ----------------------------------------------------------------
INFO: [SCHED 204-11] Starting scheduling ...
INFO: [SCHED 204-11] Finished scheduling.
INFO: [HLS 200-111] Finished Scheduling: CPU user time: 0.03 seconds. CPU system time: 0.01 seconds. Elapsed time: 0.04 seconds; current allocated memory: 891.926 MB.
INFO: [BIND 205-100] Starting micro-architecture generation ...
INFO: [BIND 205-101] Performing variable lifetime analysis.
INFO: [BIND 205-101] Exploring resource sharing.
INFO: [BIND 205-101] Binding ...
INFO: [BIND 205-100] Finished micro-architecture generation.
INFO: [HLS 200-111] Finished Binding: CPU user time: 0.1 seconds. CPU system time: 0 seconds. Elapsed time: 0.1 seconds; current allocated memory: 891.926 MB.
INFO: [HLS 200-10] ----------------------------------------------------------------
INFO: [HLS 200-10] -- Generating RTL for module 'ifft_1024_top_Pipeline_1' 
INFO: [HLS 200-10] ----------------------------------------------------------------
INFO: [RTGEN 206-100] Finished creating RTL model for 'ifft_1024_top_Pipeline_1'.
INFO: [HLS 200-111] Finished Creating RTL model: CPU user time: 0.15 seconds. CPU system time: 0 seconds. Elapsed time: 0.16 seconds; current allocated memory: 891.926 MB.
INFO: [HLS 200-10] ----------------------------------------------------------------
INFO: [HLS 200-10] -- Generating RTL for module 'ifft_1024_top_Pipeline_2' 
INFO: [HLS 200-10] ----------------------------------------------------------------
INFO: [RTGEN 206-100] Finished creating RTL model for 'ifft_1024_top_Pipeline_2'.
INFO: [HLS 200-111] Finished Creating RTL model: CPU user time: 0.03 seconds. CPU system time: 0.01 seconds. Elapsed time: 0.04 seconds; current allocated memory: 892.398 MB.
INFO: [HLS 200-10] ----------------------------------------------------------------
INFO: [HLS 200-10] -- Generating RTL for module 'ifft_1024_top_Pipeline_VITIS_LOOP_48_1' 
INFO: [HLS 200-10] ----------------------------------------------------------------
INFO: [RTGEN 206-100] Finished creating RTL model for 'ifft_1024_top_Pipeline_VITIS_LOOP_48_1'.
INFO: [HLS 200-111] Finished Creating RTL model: CPU user time: 0.03 seconds. CPU system time: 0 seconds. Elapsed time: 0.02 seconds; current allocated memory: 893.168 MB.
INFO: [HLS 200-10] ----------------------------------------------------------------
INFO: [HLS 200-10] -- Generating RTL for module 'ifft_1024_top_Pipeline_VITIS_LOOP_53_2' 
INFO: [HLS 200-10] ----------------------------------------------------------------
INFO: [RTGEN 206-100] Finished creating RTL model for 'ifft_1024_top_Pipeline_VITIS_LOOP_53_2'.
INFO: [HLS 200-111] Finished Creating RTL model: CPU user time: 0.03 seconds. CPU system time: 0 seconds. Elapsed time: 0.04 seconds; current allocated memory: 894.020 MB.
INFO: [HLS 200-10] ----------------------------------------------------------------
INFO: [HLS 200-10] -- Generating RTL for module 'ifft_fast_Pipeline_VITIS_LOOP_7_1' 
INFO: [HLS 200-10] ----------------------------------------------------------------
INFO: [HLS 200-1030] Apply Unified Pipeline Control on module 'ifft_fast_Pipeline_VITIS_LOOP_7_1' pipeline 'VITIS_LOOP_7_1' pipeline type 'loop pipeline'
INFO: [RTGEN 206-100] Finished creating RTL model for 'ifft_fast_Pipeline_VITIS_LOOP_7_1'.
INFO: [HLS 200-111] Finished Creating RTL model: CPU user time: 0.03 seconds. CPU system time: 0.01 seconds. Elapsed time: 0.04 seconds; current allocated memory: 894.996 MB.
INFO: [HLS 200-10] ----------------------------------------------------------------
INFO: [HLS 200-10] -- Generating RTL for module 'ifft_fast_Pipeline_VITIS_LOOP_22_4' 
INFO: [HLS 200-10] ----------------------------------------------------------------
INFO: [RTGEN 206-100] Generating core module 'faddfsub_32ns_32ns_32_5_full_dsp_1': 2 instance(s).
INFO: [RTGEN 206-100] Generating core module 'fmul_32ns_32ns_32_4_max_dsp_1': 4 instance(s).
INFO: [RTGEN 206-100] Finished creating RTL model for 'ifft_fast_Pipeline_VITIS_LOOP_22_4'.
INFO: [HLS 200-111] Finished Creating RTL model: CPU user time: 0.05 seconds. CPU system time: 0 seconds. Elapsed time: 0.06 seconds; current allocated memory: 896.500 MB.
INFO: [HLS 200-10] ----------------------------------------------------------------
==============================================================
Vitis HLS - High-Level Synthesis from C, C++ and OpenCL v2022.1 (64-bit)
Tool Version Limit: 2022.04
Copyright 1986-2022 Xilinx, Inc. All Rights Reserved.
==============================================================
==============================================================
Vitis HLS - High-Level Synthesis from C, C++ and OpenCL v2022.1 (64-bit)
Tool Version Limit: 2022.04
Copyright 1986-2022 Xilinx, Inc. All Rights Reserved.
==============================================================
==============================================================
Vitis HLS - High-Level Synthesis from C, C++ and OpenCL v2022.1 (64-bit)
Tool Version Limit: 2022.04
Copyright 1986-2022 Xilinx, Inc. All Rights Reserved.
==============================================================
==============================================================
Vitis HLS - High-Level Synthesis from C, C++ and OpenCL v2022.1 (64-bit)
Tool Version Limit: 2022.04
Copyright 1986-2022 Xilinx, Inc. All Rights Reserved.
==============================================================
==============================================================
Vitis HLS - High-Level Synthesis from C, C++ and OpenCL v2022.1 (64-bit)
Tool Version Limit: 2022.04
Copyright 1986-2022 Xilinx, Inc. All Rights Reserved.
==============================================================
INFO: [SYN 201-201] Setting up clock 'default' with a period of 10ns.
INFO: [HLS 200-1611] Setting target device to 'xc7z020-clg484-1'
INFO: [HLS 200-1505] Using flow_target 'vivado'
INFO: [HLS 200-1464] Running solution command: config_export -format=ip_catalog
INFO: [HLS 200-1464] Running solution command: config_export -rtl=verilog
INFO: [HLS 200-1510] Running: set_part xc7z020-clg484-1 
INFO: [HLS 200-1510] Running: create_clock -period 10 -name default 
INFO: [HLS 200-1510] Running: config_export -format ip_catalog -rtl verilog 
INFO: [HLS 200-1510] Running: source ./ifft_1024/solution1/directives.tcl
INFO: [HLS 200-1510] Running: set_directive_top -name ifft_1024_top ifft_1024_top 
INFO: [HLS 200-1510] Running: csynth_design 
INFO: [HLS 200-111] Finished File checks and directory preparation: CPU user time: 0.01 seconds. CPU system time: 0 seconds. Elapsed time: 0 seconds; current allocated memory: 1.745 GB.
INFO: [HLS 200-10] Analyzing design file 'ifft_1024/ifft.cpp' ... 
INFO: [HLS 200-10] Analyzing design file 'ifft_1024/tw.cpp' ... 
INFO: [HLS 200-111] Finished Source Code Analysis and Preprocessing: CPU user time: 6.96 seconds. CPU system time: 1.52 seconds. Elapsed time: 8.48 seconds; current allocated memory: 753.195 MB.
INFO: [HLS 200-777] Using interface defaults for 'Vivado' flow target.
INFO: [HLS 214-131] Inlining function '_llvm.fpga.unpack.none.s_struct.std::complex<float>s.i64' into 'ifft_1024_top(hls::stream<hls::axis<std::complex<float>, 0ul, 0ul, 0ul>, 0>&, hls::stream<hls::axis<std::complex<float>, 0ul, 0ul, 0ul>, 0>&)' (/tools/Xilinx/Vitis_HLS/2022.1/common/technology/autopilot/ap_axi_sdata.h:293:5)
INFO: [HLS 214-131] Inlining function '_llvm.fpga.pack.none.i1.s_struct.ap_uint<1>s' into 'ifft_1024_top(hls::stream<hls::axis<std::complex<float>, 0ul, 0ul, 0ul>, 0>&, hls::stream<hls::axis<std::complex<float>, 0ul, 0ul, 0ul>, 0>&)' (/tools/Xilinx/Vitis_HLS/2022.1/common/technology/autopilot/ap_axi_sdata.h:304:5)
INFO: [HLS 214-131] Inlining function '_llvm.fpga.pack.none.i8.s_struct.ap_uint<8>s' into 'ifft_1024_top(hls::stream<hls::axis<std::complex<float>, 0ul, 0ul, 0ul>, 0>&, hls::stream<hls::axis<std::complex<float>, 0ul, 0ul, 0ul>, 0>&)' (/tools/Xilinx/Vitis_HLS/2022.1/common/technology/autopilot/ap_axi_sdata.h:304:5)
INFO: [HLS 214-131] Inlining function '_llvm.fpga.pack.none.i64.s_struct.std::complex<float>s' into 'ifft_1024_top(hls::stream<hls::axis<std::complex<float>, 0ul, 0ul, 0ul>, 0>&, hls::stream<hls::axis<std::complex<float>, 0ul, 0ul, 0ul>, 0>&)' (/tools/Xilinx/Vitis_HLS/2022.1/common/technology/autopilot/ap_axi_sdata.h:304:5)
INFO: [HLS 214-131] Inlining function '_llvm.fpga.unpack.none.s_struct.ap_uint<8>s.i8' into 'ifft_1024_top(hls::stream<hls::axis<std::complex<float>, 0ul, 0ul, 0ul>, 0>&, hls::stream<hls::axis<std::complex<float>, 0ul, 0ul, 0ul>, 0>&)' (/tools/Xilinx/Vitis_HLS/2022.1/common/technology/autopilot/ap_axi_sdata.h:293:5)
INFO: [HLS 214-131] Inlining function '_llvm.fpga.unpack.none.s_struct.ap_uint<1>s.i1' into 'ifft_1024_top(hls::stream<hls::axis<std::complex<float>, 0ul, 0ul, 0ul>, 0>&, hls::stream<hls::axis<std::complex<float>, 0ul, 0ul, 0ul>, 0>&)' (/tools/Xilinx/Vitis_HLS/2022.1/common/technology/autopilot/ap_axi_sdata.h:293:5)
INFO: [HLS 200-111] Finished Compiling Optimization and Transform: CPU user time: 2.66 seconds. CPU system time: 0.72 seconds. Elapsed time: 3.49 seconds; current allocated memory: 754.449 MB.
INFO: [HLS 200-111] Finished Checking Pragmas: CPU user time: 0.01 seconds. CPU system time: 0 seconds. Elapsed time: 0 seconds; current allocated memory: 754.449 MB.
INFO: [HLS 200-10] Starting code transformations ...
INFO: [HLS 200-111] Finished Standard Transforms: CPU user time: 0.02 seconds. CPU system time: 0.01 seconds. Elapsed time: 0.05 seconds; current allocated memory: 761.168 MB.
INFO: [HLS 200-10] Checking synthesizability ...
INFO: [HLS 200-111] Finished Checking Synthesizability: CPU user time: 0.04 seconds. CPU system time: 0 seconds. Elapsed time: 0.04 seconds; current allocated memory: 768.777 MB.
INFO: [XFORM 203-510] Pipelining loop 'VITIS_LOOP_7_1' (ifft_1024/ifft.cpp:7) in function 'ifft_fast' automatically.
INFO: [XFORM 203-510] Pipelining loop 'VITIS_LOOP_22_4' (ifft_1024/ifft.cpp:22) in function 'ifft_fast' automatically.
INFO: [XFORM 203-510] Pipelining loop 'VITIS_LOOP_33_5' (ifft_1024/ifft.cpp:33) in function 'ifft_fast' automatically.
INFO: [XFORM 203-510] Pipelining loop 'Loop-2' (ifft_1024/ifft.cpp:44) in function 'ifft_1024_top' automatically.
INFO: [XFORM 203-510] Pipelining loop 'Loop-3' (ifft_1024/ifft.cpp:45) in function 'ifft_1024_top' automatically.
INFO: [XFORM 203-510] Pipelining loop 'VITIS_LOOP_48_1' in function 'ifft_1024_top' automatically.
INFO: [XFORM 203-510] Pipelining loop 'VITIS_LOOP_53_2' in function 'ifft_1024_top' automatically.
INFO: [XFORM 203-510] Pipelining loop 'VITIS_LOOP_85_3' (ifft_1024/ifft.cpp:85) in function 'ifft_1024_top' automatically.
INFO: [HLS 200-111] Finished Loop, function and other optimizations: CPU user time: 0.09 seconds. CPU system time: 0.02 seconds. Elapsed time: 0.09 seconds; current allocated memory: 798.434 MB.
WARNING: [HLS 200-960] Cannot flatten loop 'VITIS_LOOP_21_3' (ifft_1024/ifft.cpp:22:39) in function 'ifft_fast' the outer loop is not a perfect loop because either the parent loop or the sub loop has no computeable trip count.
WARNING: [HLS 200-960] Cannot flatten loop 'VITIS_LOOP_18_2' (ifft_1024/ifft.cpp:17:9) in function 'ifft_fast' the outer loop is not a perfect loop.
INFO: [HLS 200-472] Inferring partial write operation for 'x.0' (ifft_1024/ifft.cpp:11:18)
INFO: [HLS 200-472] Inferring partial write operation for 'x.0' (ifft_1024/ifft.cpp:12:20)
INFO: [HLS 200-472] Inferring partial write operation for 'x.0' (ifft_1024/ifft.cpp:26:26)
INFO: [HLS 200-472] Inferring partial write operation for 'x.0' (ifft_1024/ifft.cpp:27:31)
INFO: [HLS 200-472] Inferring partial write operation for 'x.0' 
INFO: [HLS 200-472] Inferring partial write operation for 'ga._M_value' 
INFO: [HLS 200-472] Inferring partial write operation for 'ga._M_value' (ifft_1024/ifft.cpp:50:15)
INFO: [HLS 200-472] Inferring partial write operation for 'gb._M_value' (ifft_1024/ifft.cpp:55:15)
INFO: [HLS 200-111] Finished Architecture Synthesis: CPU user time: 0.08 seconds. CPU system time: 0.01 seconds. Elapsed time: 0.1 seconds; current allocated memory: 879.121 MB.
INFO: [HLS 200-10] Starting hardware synthesis ...
INFO: [HLS 200-10] Synthesizing 'ifft_1024_top' ...
INFO: [HLS 200-10] ----------------------------------------------------------------
INFO: [HLS 200-42] -- Implementing module 'ifft_1024_top_Pipeline_1' 
INFO: [HLS 200-10] ----------------------------------------------------------------
INFO: [SCHED 204-11] Starting scheduling ...
INFO: [SCHED 204-61] Pipelining loop 'Loop 1'.
INFO: [HLS 200-1470] Pipelining result : Target II = NA, Final II = 1, Depth = 1, loop 'Loop 1'
INFO: [SCHED 204-11] Finished scheduling.
INFO: [HLS 200-111] Finished Scheduling: CPU user time: 0.03 seconds. CPU system time: 0.05 seconds. Elapsed time: 0.08 seconds; current allocated memory: 880.395 MB.
INFO: [BIND 205-100] Starting micro-architecture generation ...
INFO: [BIND 205-101] Performing variable lifetime analysis.
INFO: [BIND 205-101] Exploring resource sharing.
INFO: [BIND 205-101] Binding ...
INFO: [BIND 205-100] Finished micro-architecture generation.
INFO: [HLS 200-111] Finished Binding: CPU user time: 0.01 seconds. CPU system time: 0 seconds. Elapsed time: 0.01 seconds; current allocated memory: 880.395 MB.
INFO: [HLS 200-10] ----------------------------------------------------------------
INFO: [HLS 200-42] -- Implementing module 'ifft_1024_top_Pipeline_2' 
INFO: [HLS 200-10] ----------------------------------------------------------------
INFO: [SCHED 204-11] Starting scheduling ...
INFO: [SCHED 204-61] Pipelining loop 'Loop 1'.
INFO: [HLS 200-1470] Pipelining result : Target II = NA, Final II = 1, Depth = 1, loop 'Loop 1'
INFO: [SCHED 204-11] Finished scheduling.
INFO: [HLS 200-111] Finished Scheduling: CPU user time: 0.02 seconds. CPU system time: 0 seconds. Elapsed time: 0.01 seconds; current allocated memory: 880.672 MB.
INFO: [BIND 205-100] Starting micro-architecture generation ...
INFO: [BIND 205-101] Performing variable lifetime analysis.
INFO: [BIND 205-101] Exploring resource sharing.
INFO: [BIND 205-101] Binding ...
INFO: [BIND 205-100] Finished micro-architecture generation.
INFO: [HLS 200-111] Finished Binding: CPU user time: 0.01 seconds. CPU system time: 0 seconds. Elapsed time: 0.01 seconds; current allocated memory: 880.672 MB.
INFO: [HLS 200-10] ----------------------------------------------------------------
INFO: [HLS 200-42] -- Implementing module 'ifft_1024_top_Pipeline_VITIS_LOOP_48_1' 
INFO: [HLS 200-10] ----------------------------------------------------------------
INFO: [SCHED 204-11] Starting scheduling ...
INFO: [SCHED 204-61] Pipelining loop 'VITIS_LOOP_48_1'.
INFO: [HLS 200-1470] Pipelining result : Target II = NA, Final II = 1, Depth = 1, loop 'VITIS_LOOP_48_1'
INFO: [SCHED 204-11] Finished scheduling.
INFO: [HLS 200-111] Finished Scheduling: CPU user time: 0.02 seconds. CPU system time: 0 seconds. Elapsed time: 0.03 seconds; current allocated memory: 881.004 MB.
INFO: [BIND 205-100] Starting micro-architecture generation ...
INFO: [BIND 205-101] Performing variable lifetime analysis.
INFO: [BIND 205-101] Exploring resource sharing.
INFO: [BIND 205-101] Binding ...
INFO: [BIND 205-100] Finished micro-architecture generation.
INFO: [HLS 200-111] Finished Binding: CPU user time: 0.01 seconds. CPU system time: 0 seconds. Elapsed time: 0.01 seconds; current allocated memory: 881.004 MB.
INFO: [HLS 200-10] ----------------------------------------------------------------
INFO: [HLS 200-42] -- Implementing module 'ifft_1024_top_Pipeline_VITIS_LOOP_53_2' 
INFO: [HLS 200-10] ----------------------------------------------------------------
INFO: [SCHED 204-11] Starting scheduling ...
INFO: [SCHED 204-61] Pipelining loop 'VITIS_LOOP_53_2'.
INFO: [HLS 200-1470] Pipelining result : Target II = NA, Final II = 1, Depth = 1, loop 'VITIS_LOOP_53_2'
INFO: [SCHED 204-11] Finished scheduling.
INFO: [HLS 200-111] Finished Scheduling: CPU user time: 0.02 seconds. CPU system time: 0 seconds. Elapsed time: 0.02 seconds; current allocated memory: 881.262 MB.
INFO: [BIND 205-100] Starting micro-architecture generation ...
INFO: [BIND 205-101] Performing variable lifetime analysis.
INFO: [BIND 205-101] Exploring resource sharing.
INFO: [BIND 205-101] Binding ...
INFO: [BIND 205-100] Finished micro-architecture generation.
INFO: [HLS 200-111] Finished Binding: CPU user time: 0.01 seconds. CPU system time: 0 seconds. Elapsed time: 0.01 seconds; current allocated memory: 881.262 MB.
INFO: [HLS 200-10] ----------------------------------------------------------------
INFO: [HLS 200-42] -- Implementing module 'ifft_fast_Pipeline_VITIS_LOOP_7_1' 
INFO: [HLS 200-10] ----------------------------------------------------------------
INFO: [SCHED 204-11] Starting scheduling ...
INFO: [SCHED 204-61] Pipelining loop 'VITIS_LOOP_7_1'.
WARNING: [HLS 200-880] The II Violation in module 'ifft_fast_Pipeline_VITIS_LOOP_7_1' (loop 'VITIS_LOOP_7_1'): Unable to enforce a carried dependence constraint (II = 1, distance = 1, offset = 1) between 'store' operation ('x_0_addr_1_write_ln12', ifft_1024/ifft.cpp:12) of variable 'x_0_load', ifft_1024/ifft.cpp:12 on array 'x_0' and 'load' operation ('x_0_load_1', ifft_1024/ifft.cpp:11) on array 'x_0'.
WARNING: [HLS 200-880] The II Violation in module 'ifft_fast_Pipeline_VITIS_LOOP_7_1' (loop 'VITIS_LOOP_7_1'): Unable to enforce a carried dependence constraint (II = 2, distance = 1, offset = 1) between 'store' operation ('x_0_addr_1_write_ln12', ifft_1024/ifft.cpp:12) of variable 'x_0_load', ifft_1024/ifft.cpp:12 on array 'x_0' and 'load' operation ('x_0_load_1', ifft_1024/ifft.cpp:11) on array 'x_0'.
INFO: [HLS 200-1470] Pipelining result : Target II = NA, Final II = 3, Depth = 4, loop 'VITIS_LOOP_7_1'
INFO: [SCHED 204-11] Finished scheduling.
INFO: [HLS 200-111] Finished Scheduling: CPU user time: 0.03 seconds. CPU system time: 0 seconds. Elapsed time: 0.03 seconds; current allocated memory: 881.773 MB.
INFO: [BIND 205-100] Starting micro-architecture generation ...
INFO: [BIND 205-101] Performing variable lifetime analysis.
INFO: [BIND 205-101] Exploring resource sharing.
INFO: [BIND 205-101] Binding ...
INFO: [BIND 205-100] Finished micro-architecture generation.
INFO: [HLS 200-111] Finished Binding: CPU user time: 0.02 seconds. CPU system time: 0.01 seconds. Elapsed time: 0.02 seconds; current allocated memory: 881.773 MB.
INFO: [HLS 200-10] ----------------------------------------------------------------
INFO: [HLS 200-42] -- Implementing module 'ifft_fast_Pipeline_VITIS_LOOP_22_4' 
INFO: [HLS 200-10] ----------------------------------------------------------------
INFO: [SCHED 204-11] Starting scheduling ...
INFO: [SCHED 204-61] Pipelining loop 'VITIS_LOOP_22_4'.
WARNING: [HLS 200-880] The II Violation in module 'ifft_fast_Pipeline_VITIS_LOOP_22_4' (loop 'VITIS_LOOP_22_4'): Unable to enforce a carried dependence constraint (II = 1, distance = 1, offset = 1) between 'store' operation ('x_0_addr_write_ln27', ifft_1024/ifft.cpp:27) of variable '__r._M_value' on array 'x_0' and 'load' operation ('__t') on array 'x_0'.
WARNING: [HLS 200-880] The II Violation in module 'ifft_fast_Pipeline_VITIS_LOOP_22_4' (loop 'VITIS_LOOP_22_4'): Unable to enforce a carried dependence constraint (II = 2, distance = 1, offset = 1) between 'store' operation ('x_0_addr_write_ln27', ifft_1024/ifft.cpp:27) of variable '__r._M_value' on array 'x_0' and 'load' operation ('__t') on array 'x_0'.
WARNING: [HLS 200-880] The II Violation in module 'ifft_fast_Pipeline_VITIS_LOOP_22_4' (loop 'VITIS_LOOP_22_4'): Unable to enforce a carried dependence constraint (II = 3, distance = 1, offset = 1) between 'store' operation ('x_0_addr_write_ln27', ifft_1024/ifft.cpp:27) of variable '__r._M_value' on array 'x_0' and 'load' operation ('__t') on array 'x_0'.
WARNING: [HLS 200-880] The II Violation in module 'ifft_fast_Pipeline_VITIS_LOOP_22_4' (loop 'VITIS_LOOP_22_4'): Unable to enforce a carried dependence constraint (II = 4, distance = 1, offset = 1) between 'store' operation ('x_0_addr_write_ln27', ifft_1024/ifft.cpp:27) of variable '__r._M_value' on array 'x_0' and 'load' operation ('__t') on array 'x_0'.
WARNING: [HLS 200-880] The II Violation in module 'ifft_fast_Pipeline_VITIS_LOOP_22_4' (loop 'VITIS_LOOP_22_4'): Unable to enforce a carried dependence constraint (II = 11, distance = 1, offset = 1) between 'store' operation ('x_0_addr_write_ln27', ifft_1024/ifft.cpp:27) of variable '__r._M_value' on array 'x_0' and 'load' operation ('__t') on array 'x_0'.
WARNING: [HLS 200-880] The II Violation in module 'ifft_fast_Pipeline_VITIS_LOOP_22_4' (loop 'VITIS_LOOP_22_4'): Unable to enforce a carried dependence constraint (II = 15, distance = 1, offset = 1) between 'store' operation ('x_0_addr_write_ln27', ifft_1024/ifft.cpp:27) of variable '__r._M_value' on array 'x_0' and 'load' operation ('__t') on array 'x_0'.
WARNING: [HLS 200-880] The II Violation in module 'ifft_fast_Pipeline_VITIS_LOOP_22_4' (loop 'VITIS_LOOP_22_4'): Unable to enforce a carried dependence constraint (II = 17, distance = 1, offset = 1) between 'store' operation ('x_0_addr_write_ln27', ifft_1024/ifft.cpp:27) of variable '__r._M_value' on array 'x_0' and 'load' operation ('__t') on array 'x_0'.
INFO: [HLS 200-1470] Pipelining result : Target II = NA, Final II = 18, Depth = 18, loop 'VITIS_LOOP_22_4'
INFO: [SCHED 204-11] Finished scheduling.
INFO: [HLS 200-111] Finished Scheduling: CPU user time: 0.08 seconds. CPU system time: 0.01 seconds. Elapsed time: 0.1 seconds; current allocated memory: 882.316 MB.
INFO: [BIND 205-100] Starting micro-architecture generation ...
INFO: [BIND 205-101] Performing variable lifetime analysis.
INFO: [BIND 205-101] Exploring resource sharing.
INFO: [BIND 205-101] Binding ...
INFO: [BIND 205-100] Finished micro-architecture generation.
INFO: [HLS 200-111] Finished Binding: CPU user time: 0.09 seconds. CPU system time: 0 seconds. Elapsed time: 0.09 seconds; current allocated memory: 882.316 MB.
INFO: [HLS 200-10] ----------------------------------------------------------------
INFO: [HLS 200-42] -- Implementing module 'ifft_fast_Pipeline_VITIS_LOOP_33_5' 
INFO: [HLS 200-10] ----------------------------------------------------------------
INFO: [SCHED 204-11] Starting scheduling ...
INFO: [SCHED 204-61] Pipelining loop 'VITIS_LOOP_33_5'.
INFO: [HLS 200-1470] Pipelining result : Target II = NA, Final II = 1, Depth = 7, loop 'VITIS_LOOP_33_5'
INFO: [SCHED 204-11] Finished scheduling.
INFO: [HLS 200-111] Finished Scheduling: CPU user time: 0.08 seconds. CPU system time: 0 seconds. Elapsed time: 0.09 seconds; current allocated memory: 882.719 MB.
INFO: [BIND 205-100] Starting micro-architecture generation ...
INFO: [BIND 205-101] Performing variable lifetime analysis.
INFO: [BIND 205-101] Exploring resource sharing.
INFO: [BIND 205-101] Binding ...
INFO: [BIND 205-100] Finished micro-architecture generation.
INFO: [HLS 200-111] Finished Binding: CPU user time: 0.03 seconds. CPU system time: 0 seconds. Elapsed time: 0.03 seconds; current allocated memory: 882.719 MB.
INFO: [HLS 200-10] ----------------------------------------------------------------
INFO: [HLS 200-42] -- Implementing module 'ifft_fast' 
INFO: [HLS 200-10] ----------------------------------------------------------------
INFO: [SCHED 204-11] Starting scheduling ...
INFO: [SCHED 204-11] Finished scheduling.
INFO: [HLS 200-111] Finished Scheduling: CPU user time: 0.04 seconds. CPU system time: 0 seconds. Elapsed time: 0.04 seconds; current allocated memory: 882.965 MB.
INFO: [BIND 205-100] Starting micro-architecture generation ...
INFO: [BIND 205-101] Performing variable lifetime analysis.
INFO: [BIND 205-101] Exploring resource sharing.
INFO: [BIND 205-101] Binding ...
INFO: [BIND 205-100] Finished micro-architecture generation.
INFO: [HLS 200-111] Finished Binding: CPU user time: 0.05 seconds. CPU system time: 0 seconds. Elapsed time: 0.05 seconds; current allocated memory: 882.965 MB.
INFO: [HLS 200-10] ----------------------------------------------------------------
INFO: [HLS 200-42] -- Implementing module 'ifft_1024_top_Pipeline_VITIS_LOOP_85_3' 
INFO: [HLS 200-10] ----------------------------------------------------------------
INFO: [SCHED 204-11] Starting scheduling ...
INFO: [SCHED 204-61] Pipelining loop 'VITIS_LOOP_85_3'.
INFO: [HLS 200-1470] Pipelining result : Target II = NA, Final II = 1, Depth = 7, loop 'VITIS_LOOP_85_3'
INFO: [SCHED 204-11] Finished scheduling.
INFO: [HLS 200-111] Finished Scheduling: CPU user time: 0.09 seconds. CPU system time: 0 seconds. Elapsed time: 0.09 seconds; current allocated memory: 883.438 MB.
INFO: [BIND 205-100] Starting micro-architecture generation ...
INFO: [BIND 205-101] Performing variable lifetime analysis.
INFO: [BIND 205-101] Exploring resource sharing.
INFO: [BIND 205-101] Binding ...
INFO: [BIND 205-100] Finished micro-architecture generation.
INFO: [HLS 200-111] Finished Binding: CPU user time: 0.03 seconds. CPU system time: 0.01 seconds. Elapsed time: 0.04 seconds; current allocated memory: 883.438 MB.
INFO: [HLS 200-10] ----------------------------------------------------------------
INFO: [HLS 200-42] -- Implementing module 'ifft_1024_top' 
INFO: [HLS 200-10] ----------------------------------------------------------------
INFO: [SCHED 204-11] Starting scheduling ...
INFO: [SCHED 204-11] Finished scheduling.
INFO: [HLS 200-111] Finished Scheduling: CPU user time: 0.04 seconds. CPU system time: 0 seconds. Elapsed time: 0.05 seconds; current allocated memory: 883.859 MB.
INFO: [BIND 205-100] Starting micro-architecture generation ...
INFO: [BIND 205-101] Performing variable lifetime analysis.
INFO: [BIND 205-101] Exploring resource sharing.
INFO: [BIND 205-101] Binding ...
INFO: [BIND 205-100] Finished micro-architecture generation.
INFO: [HLS 200-111] Finished Binding: CPU user time: 0.08 seconds. CPU system time: 0 seconds. Elapsed time: 0.09 seconds; current allocated memory: 883.859 MB.
INFO: [HLS 200-10] ----------------------------------------------------------------
INFO: [HLS 200-10] -- Generating RTL for module 'ifft_1024_top_Pipeline_1' 
INFO: [HLS 200-10] ----------------------------------------------------------------
INFO: [RTGEN 206-100] Finished creating RTL model for 'ifft_1024_top_Pipeline_1'.
INFO: [HLS 200-111] Finished Creating RTL model: CPU user time: 0.15 seconds. CPU system time: 0 seconds. Elapsed time: 0.15 seconds; current allocated memory: 883.859 MB.
INFO: [HLS 200-10] ----------------------------------------------------------------
INFO: [HLS 200-10] -- Generating RTL for module 'ifft_1024_top_Pipeline_2' 
INFO: [HLS 200-10] ----------------------------------------------------------------
INFO: [RTGEN 206-100] Finished creating RTL model for 'ifft_1024_top_Pipeline_2'.
INFO: [HLS 200-111] Finished Creating RTL model: CPU user time: 0.03 seconds. CPU system time: 0 seconds. Elapsed time: 0.03 seconds; current allocated memory: 884.281 MB.
INFO: [HLS 200-10] ----------------------------------------------------------------
INFO: [HLS 200-10] -- Generating RTL for module 'ifft_1024_top_Pipeline_VITIS_LOOP_48_1' 
INFO: [HLS 200-10] ----------------------------------------------------------------
INFO: [RTGEN 206-100] Finished creating RTL model for 'ifft_1024_top_Pipeline_VITIS_LOOP_48_1'.
INFO: [HLS 200-111] Finished Creating RTL model: CPU user time: 0.03 seconds. CPU system time: 0.01 seconds. Elapsed time: 0.03 seconds; current allocated memory: 885.035 MB.
INFO: [HLS 200-10] ----------------------------------------------------------------
INFO: [HLS 200-10] -- Generating RTL for module 'ifft_1024_top_Pipeline_VITIS_LOOP_53_2' 
INFO: [HLS 200-10] ----------------------------------------------------------------
INFO: [RTGEN 206-100] Finished creating RTL model for 'ifft_1024_top_Pipeline_VITIS_LOOP_53_2'.
INFO: [HLS 200-111] Finished Creating RTL model: CPU user time: 0.03 seconds. CPU system time: 0 seconds. Elapsed time: 0.03 seconds; current allocated memory: 885.887 MB.
INFO: [HLS 200-10] ----------------------------------------------------------------
INFO: [HLS 200-10] -- Generating RTL for module 'ifft_fast_Pipeline_VITIS_LOOP_7_1' 
INFO: [HLS 200-10] ----------------------------------------------------------------
INFO: [HLS 200-1030] Apply Unified Pipeline Control on module 'ifft_fast_Pipeline_VITIS_LOOP_7_1' pipeline 'VITIS_LOOP_7_1' pipeline type 'loop pipeline'
INFO: [RTGEN 206-100] Finished creating RTL model for 'ifft_fast_Pipeline_VITIS_LOOP_7_1'.
INFO: [HLS 200-111] Finished Creating RTL model: CPU user time: 0.04 seconds. CPU system time: 0.01 seconds. Elapsed time: 0.04 seconds; current allocated memory: 886.883 MB.
INFO: [HLS 200-10] ----------------------------------------------------------------
INFO: [HLS 200-10] -- Generating RTL for module 'ifft_fast_Pipeline_VITIS_LOOP_22_4' 
INFO: [HLS 200-10] ----------------------------------------------------------------
INFO: [RTGEN 206-100] Generating core module 'faddfsub_32ns_32ns_32_5_full_dsp_1': 2 instance(s).
INFO: [RTGEN 206-100] Generating core module 'fmul_32ns_32ns_32_4_max_dsp_1': 4 instance(s).
INFO: [RTGEN 206-100] Finished creating RTL model for 'ifft_fast_Pipeline_VITIS_LOOP_22_4'.
INFO: [HLS 200-111] Finished Creating RTL model: CPU user time: 0.05 seconds. CPU system time: 0 seconds. Elapsed time: 0.07 seconds; current allocated memory: 888.418 MB.
INFO: [HLS 200-10] ----------------------------------------------------------------
INFO: [HLS 200-10] -- Generating RTL for module 'ifft_fast_Pipeline_VITIS_LOOP_33_5' 
INFO: [HLS 200-10] ----------------------------------------------------------------
INFO: [HLS 200-1030] Apply Unified Pipeline Control on module 'ifft_fast_Pipeline_VITIS_LOOP_33_5' pipeline 'VITIS_LOOP_33_5' pipeline type 'loop pipeline'
INFO: [RTGEN 206-100] Generating core module 'fmul_32ns_32ns_32_4_max_dsp_1': 2 instance(s).
INFO: [RTGEN 206-100] Finished creating RTL model for 'ifft_fast_Pipeline_VITIS_LOOP_33_5'.
INFO: [HLS 200-111] Finished Creating RTL model: CPU user time: 0.13 seconds. CPU system time: 0.01 seconds. Elapsed time: 0.14 seconds; current allocated memory: 889.957 MB.
INFO: [HLS 200-10] ----------------------------------------------------------------
==============================================================
Vitis HLS - High-Level Synthesis from C, C++ and OpenCL v2022.1 (64-bit)
Tool Version Limit: 2022.04
Copyright 1986-2022 Xilinx, Inc. All Rights Reserved.
==============================================================
==============================================================
Vitis HLS - High-Level Synthesis from C, C++ and OpenCL v2022.1 (64-bit)
Tool Version Limit: 2022.04
Copyright 1986-2022 Xilinx, Inc. All Rights Reserved.
==============================================================
==============================================================
Vitis HLS - High-Level Synthesis from C, C++ and OpenCL v2022.1 (64-bit)
Tool Version Limit: 2022.04
Copyright 1986-2022 Xilinx, Inc. All Rights Reserved.
==============================================================
