

================================================================
== Vitis HLS Report for 'fft_1024_top_Pipeline_1'
================================================================
* Date:           Wed Apr 29 22:40:59 2026

* Version:        2022.1 (Build 3526262 on Mon Apr 18 15:47:01 MDT 2022)
* Project:        fft_1024
* Solution:       solution1 (Vivado IP Flow Target)
* Product family: zynq
* Target device:  xc7z020-clg484-1


================================================================
== Performance Estimates
================================================================
+ Timing: 
    * Summary: 
    +--------+----------+----------+------------+
    |  Clock |  Target  | Estimated| Uncertainty|
    +--------+----------+----------+------------+
    |ap_clk  |  10.00 ns|  4.985 ns|     2.70 ns|
    +--------+----------+----------+------------+

+ Latency: 
    * Summary: 
    +---------+---------+-----------+-----------+------+------+---------+
    |  Latency (cycles) |   Latency (absolute)  |   Interval  | Pipeline|
    |   min   |   max   |    min    |    max    |  min |  max |   Type  |
    +---------+---------+-----------+-----------+------+------+---------+
    |     1025|     1025|  10.250 us|  10.250 us|  1025|  1025|       no|
    +---------+---------+-----------+-----------+------+------+---------+

    + Detail: 
        * Instance: 
        N/A

        * Loop: 
        +----------+---------+---------+----------+-----------+-----------+------+----------+
        |          |  Latency (cycles) | Iteration|  Initiation Interval  | Trip |          |
        | Loop Name|   min   |   max   |  Latency |  achieved |   target  | Count| Pipelined|
        +----------+---------+---------+----------+-----------+-----------+------+----------+
        |- Loop 1  |     1023|     1023|         1|          1|          1|  1023|       yes|
        +----------+---------+---------+----------+-----------+-----------+------+----------+



================================================================
== Utilization Estimates
================================================================
* Summary: 
+-----------------+---------+-----+--------+-------+-----+
|       Name      | BRAM_18K| DSP |   FF   |  LUT  | URAM|
+-----------------+---------+-----+--------+-------+-----+
|DSP              |        -|    -|       -|      -|    -|
|Expression       |        -|    -|       0|     24|    -|
|FIFO             |        -|    -|       -|      -|    -|
|Instance         |        -|    -|       -|      -|    -|
|Memory           |        -|    -|       -|      -|    -|
|Multiplexer      |        -|    -|       -|     27|    -|
|Register         |        -|    -|      12|      -|    -|
+-----------------+---------+-----+--------+-------+-----+
|Total            |        0|    0|      12|     51|    0|
+-----------------+---------+-----+--------+-------+-----+
|Available        |      280|  220|  106400|  53200|    0|
+-----------------+---------+-----+--------+-------+-----+
|Utilization (%)  |        0|    0|      ~0|     ~0|    0|
+-----------------+---------+-----+--------+-------+-----+

+ Detail: 
    * Instance: 
    N/A

    * DSP: 
    N/A

    * Memory: 
    N/A

    * FIFO: 
    N/A

    * Expression: 
    +--------------------+----------+----+---+----+------------+------------+
    |    Variable Name   | Operation| DSP| FF| LUT| Bitwidth P0| Bitwidth P1|
    +--------------------+----------+----+---+----+------------+------------+
    |add_ln0_fu_68_p2    |         +|   0|  0|  13|          10|           1|
    |icmp_ln41_fu_80_p2  |      icmp|   0|  0|  11|          10|           3|
    +--------------------+----------+----+---+----+------------+------------+
    |Total               |          |   0|  0|  24|          20|           4|
    +--------------------+----------+----+---+----+------------+------------+

    * Multiplexer: 
    +---------------------------+----+-----------+-----+-----------+
    |            Name           | LUT| Input Size| Bits| Total Bits|
    +---------------------------+----+-----------+-----+-----------+
    |ap_done_int                |   9|          2|    1|          2|
    |ap_sig_allocacmp_idx_load  |   9|          2|   10|         20|
    |idx_fu_28                  |   9|          2|   10|         20|
    +---------------------------+----+-----------+-----+-----------+
    |Total                      |  27|          6|   21|         42|
    +---------------------------+----+-----------+-----+-----------+

    * Register: 
    +-------------+----+----+-----+-----------+
    |     Name    | FF | LUT| Bits| Const Bits|
    +-------------+----+----+-----+-----------+
    |ap_CS_fsm    |   1|   0|    1|          0|
    |ap_done_reg  |   1|   0|    1|          0|
    |idx_fu_28    |  10|   0|   10|          0|
    +-------------+----+----+-----+-----------+
    |Total        |  12|   0|   12|          0|
    +-------------+----+----+-----+-----------+



================================================================
== Interface
================================================================
* Summary: 
+-----------------------+-----+-----+------------+-------------------------+--------------+
|       RTL Ports       | Dir | Bits|  Protocol  |      Source Object      |    C Type    |
+-----------------------+-----+-----+------------+-------------------------+--------------+
|ap_clk                 |   in|    1|  ap_ctrl_hs|  fft_1024_top_Pipeline_1|  return value|
|ap_rst                 |   in|    1|  ap_ctrl_hs|  fft_1024_top_Pipeline_1|  return value|
|ap_start               |   in|    1|  ap_ctrl_hs|  fft_1024_top_Pipeline_1|  return value|
|ap_done                |  out|    1|  ap_ctrl_hs|  fft_1024_top_Pipeline_1|  return value|
|ap_idle                |  out|    1|  ap_ctrl_hs|  fft_1024_top_Pipeline_1|  return value|
|ap_ready               |  out|    1|  ap_ctrl_hs|  fft_1024_top_Pipeline_1|  return value|
|ga_M_value_address0    |  out|   10|   ap_memory|               ga_M_value|         array|
|ga_M_value_ce0         |  out|    1|   ap_memory|               ga_M_value|         array|
|ga_M_value_we0         |  out|    1|   ap_memory|               ga_M_value|         array|
|ga_M_value_d0          |  out|   32|   ap_memory|               ga_M_value|         array|
|ga_M_value_1_address0  |  out|   10|   ap_memory|             ga_M_value_1|         array|
|ga_M_value_1_ce0       |  out|    1|   ap_memory|             ga_M_value_1|         array|
|ga_M_value_1_we0       |  out|    1|   ap_memory|             ga_M_value_1|         array|
|ga_M_value_1_d0        |  out|   32|   ap_memory|             ga_M_value_1|         array|
+-----------------------+-----+-----+------------+-------------------------+--------------+

