#-----------------------------------------------------------
# xsim v2022.1 (64-bit)
# SW Build 3526262 on Mon Apr 18 15:47:01 MDT 2022
# IP Build 3524634 on Mon Apr 18 20:55:01 MDT 2022
# Start of session at: Tue May  5 12:36:40 2026
# Process ID: 70516
# Current directory: /mnt/arch/home/adi/repo/AELD_Lab_2026/as_close_as_midsem/zc/mul2_512/solution1/sim/verilog
# Command line: xsim -mode tcl -source {xsim.dir/mul512/xsim_script.tcl}
# Log file: /mnt/arch/home/adi/repo/AELD_Lab_2026/as_close_as_midsem/zc/mul2_512/solution1/sim/verilog/xsim.log
# Journal file: /mnt/arch/home/adi/repo/AELD_Lab_2026/as_close_as_midsem/zc/mul2_512/solution1/sim/verilog/xsim.jou
# Running On: adi-ubuntu, OS: Linux, CPU Frequency: 1300.000 MHz, CPU Physical cores: 16, Host memory: 16131 MB
#-----------------------------------------------------------
source xsim.dir/mul512/xsim_script.tcl
# xsim {mul512} -autoloadwcfg -tclbatch {mul512.tcl}
Time resolution is 1 ps
source mul512.tcl
## run all
////////////////////////////////////////////////////////////////////////////////////
// Inter-Transaction Progress: Completed Transaction / Total Transaction
// Intra-Transaction Progress: Measured Latency / Latency Estimation * 100%
//
// RTL Simulation : "Inter-Transaction Progress" ["Intra-Transaction Progress"] @ "Simulation Time"
////////////////////////////////////////////////////////////////////////////////////
// RTL Simulation : 0 / 1 [0.00%] @ "125000"
// RTL Simulation : 1 / 1 [100.00%] @ "20785000"
////////////////////////////////////////////////////////////////////////////////////
$finish called at time : 20845 ns : File "/mnt/arch/home/adi/repo/AELD_Lab_2026/as_close_as_midsem/zc/mul2_512/solution1/sim/verilog/mul512.autotb.v" Line 248
## quit
INFO: [Common 17-206] Exiting xsim at Tue May  5 12:36:43 2026...
