

================================================================
== Vitis HLS Report for 'ifft_fast_Pipeline_VITIS_LOOP_26_4'
================================================================
* Date:           Tue May  5 17:00:58 2026

* Version:        2022.1 (Build 3526262 on Mon Apr 18 15:48:16 MDT 2022)
* Project:        ifft_project_wlo
* Solution:       solution1 (Vivado IP Flow Target)
* Product family: zynq
* Target device:  xc7z020-clg484-1


================================================================
== Performance Estimates
================================================================
+ Timing: 
    * Summary: 
    +--------+----------+----------+------------+
    |  Clock |  Target  | Estimated| Uncertainty|
    +--------+----------+----------+------------+
    |ap_clk  |  10.00 ns|  6.716 ns|     2.70 ns|
    +--------+----------+----------+------------+

+ Latency: 
    * Summary: 
    +---------+---------+-----------+-----------+-----+------+---------+
    |  Latency (cycles) |   Latency (absolute)  |  Interval  | Pipeline|
    |   min   |   max   |    min    |    max    | min |  max |   Type  |
    +---------+---------+-----------+-----------+-----+------+---------+
    |        8|     3074|  80.000 ns|  30.740 us|    8|  3074|       no|
    +---------+---------+-----------+-----------+-----+------+---------+

    + Detail: 
        * Instance: 
        N/A

        * Loop: 
        +-------------------+---------+---------+----------+-----------+-----------+---------+----------+
        |                   |  Latency (cycles) | Iteration|  Initiation Interval  |   Trip  |          |
        |     Loop Name     |   min   |   max   |  Latency |  achieved |   target  |  Count  | Pipelined|
        +-------------------+---------+---------+----------+-----------+-----------+---------+----------+
        |- VITIS_LOOP_26_4  |        6|     3072|         6|          6|          1|  1 ~ 512|       yes|
        +-------------------+---------+---------+----------+-----------+-----------+---------+----------+



================================================================
== Utilization Estimates
================================================================
* Summary: 
+-----------------+---------+-----+--------+-------+-----+
|       Name      | BRAM_18K| DSP |   FF   |  LUT  | URAM|
+-----------------+---------+-----+--------+-------+-----+
|DSP              |        -|    -|       -|      -|    -|
|Expression       |        -|    -|       0|    297|    -|
|FIFO             |        -|    -|       -|      -|    -|
|Instance         |        -|    4|       0|    152|    -|
|Memory           |        4|    -|       0|      0|    -|
|Multiplexer      |        -|    -|       -|    120|    -|
|Register         |        -|    -|     480|      -|    -|
+-----------------+---------+-----+--------+-------+-----+
|Total            |        4|    4|     480|    569|    0|
+-----------------+---------+-----+--------+-------+-----+
|Available        |      280|  220|  106400|  53200|    0|
+-----------------+---------+-----+--------+-------+-----+
|Utilization (%)  |        1|    1|      ~0|      1|    0|
+-----------------+---------+-----+--------+-------+-----+

+ Detail: 
    * Instance: 
    +-------------------------+---------------------+---------+----+---+----+-----+
    |         Instance        |        Module       | BRAM_18K| DSP| FF| LUT| URAM|
    +-------------------------+---------------------+---------+----+---+----+-----+
    |mul_24s_23ns_46_1_1_U25  |mul_24s_23ns_46_1_1  |        0|   1|  0|  38|    0|
    |mul_24s_23ns_46_1_1_U27  |mul_24s_23ns_46_1_1  |        0|   1|  0|  38|    0|
    |mul_24s_24s_46_1_1_U24   |mul_24s_24s_46_1_1   |        0|   1|  0|  38|    0|
    |mul_24s_24s_46_1_1_U26   |mul_24s_24s_46_1_1   |        0|   1|  0|  38|    0|
    +-------------------------+---------------------+---------+----+---+----+-----+
    |Total                    |                     |        0|   4|  0| 152|    0|
    +-------------------------+---------------------+---------+----+---+----+-----+

    * DSP: 
    N/A

    * Memory: 
    +---------------+------------------------------------------------------------+---------+---+----+-----+------+-----+------+-------------+
    |     Memory    |                           Module                           | BRAM_18K| FF| LUT| URAM| Words| Bits| Banks| W*Bits*Banks|
    +---------------+------------------------------------------------------------+---------+---+----+-----+------+-----+------+-------------+
    |tw_M_imag_V_U  |ifft_fast_Pipeline_VITIS_LOOP_26_4_tw_M_imag_V_ROM_AUTO_1R  |        2|  0|   0|    0|  1024|   23|     1|        23552|
    |tw_M_real_V_U  |ifft_fast_Pipeline_VITIS_LOOP_26_4_tw_M_real_V_ROM_AUTO_1R  |        2|  0|   0|    0|  1024|   24|     1|        24576|
    +---------------+------------------------------------------------------------+---------+---+----+-----+------+-----+------+-------------+
    |Total          |                                                            |        4|  0|   0|    0|  2048|   47|     2|        48128|
    +---------------+------------------------------------------------------------+---------+---+----+-----+------+-----+------+-------------+

    * FIFO: 
    N/A

    * Expression: 
    +----------------------+----------+----+---+----+------------+------------+
    |     Variable Name    | Operation| DSP| FF| LUT| Bitwidth P0| Bitwidth P1|
    +----------------------+----------+----+---+----+------------+------------+
    |add_ln26_fu_164_p2    |         +|   0|  0|  13|          10|           1|
    |add_ln27_fu_170_p2    |         +|   0|  0|  13|          10|          10|
    |add_ln29_1_fu_194_p2  |         +|   0|  0|  13|          10|          10|
    |add_ln29_fu_182_p2    |         +|   0|  0|  13|          10|          10|
    |ret_V_1_fu_261_p2     |         +|   0|  0|  53|          46|          46|
    |ret_V_2_fu_281_p2     |         +|   0|  0|  32|          25|          25|
    |ret_V_3_fu_304_p2     |         +|   0|  0|  32|          25|          25|
    |ret_V_4_fu_321_p2     |         -|   0|  0|  32|          25|          25|
    |ret_V_5_fu_337_p2     |         -|   0|  0|  32|          25|          25|
    |ret_V_fu_247_p2       |         -|   0|  0|  53|          46|          46|
    |icmp_ln26_fu_158_p2   |      icmp|   0|  0|  11|          10|          10|
    +----------------------+----------+----+---+----+------------+------------+
    |Total                 |          |   0|  0| 297|         242|         233|
    +----------------------+----------+----+---+----+------------+------------+

    * Multiplexer: 
    +----------------------+----+-----------+-----+-----------+
    |         Name         | LUT| Input Size| Bits| Total Bits|
    +----------------------+----+-----------+-----+-----------+
    |ap_NS_fsm             |  37|          7|    1|          7|
    |ap_done_int           |   9|          2|    1|          2|
    |ap_sig_allocacmp_j_1  |   9|          2|   10|         20|
    |j_fu_52               |   9|          2|   10|         20|
    |x_M_imag_address0     |  14|          3|   10|         30|
    |x_M_imag_address1     |  14|          3|   10|         30|
    |x_M_real_address0     |  14|          3|   10|         30|
    |x_M_real_address1     |  14|          3|   10|         30|
    +----------------------+----+-----------+-----+-----------+
    |Total                 | 120|         25|   62|        169|
    +----------------------+----+-----------+-----+-----------+

    * Register: 
    +-------------------------+----+----+-----+-----------+
    |           Name          | FF | LUT| Bits| Const Bits|
    +-------------------------+----+----+-----+-----------+
    |ap_CS_fsm                |   6|   0|    6|          0|
    |ap_done_reg              |   1|   0|    1|          0|
    |j_fu_52                  |  10|   0|   10|          0|
    |mul_ln1393_reg_438       |  46|   0|   46|          0|
    |mul_ln1394_reg_428       |  46|   0|   46|          0|
    |mul_ln859_1_reg_433      |  46|   0|   46|          0|
    |mul_ln859_reg_423        |  46|   0|   46|          0|
    |tm_im_V_reg_448          |  24|   0|   24|          0|
    |tm_re_V_reg_443          |  24|   0|   24|          0|
    |trunc_ln864_2_reg_453    |  24|   0|   24|          0|
    |trunc_ln864_3_reg_458    |  24|   0|   24|          0|
    |tw_im_V_reg_398          |  23|   0|   23|          0|
    |tw_re_V_reg_393          |  24|   0|   24|          0|
    |upper_M_imag_reg_408     |  24|   0|   24|          0|
    |upper_M_real_reg_403     |  24|   0|   24|          0|
    |x_M_imag_addr_1_reg_388  |  10|   0|   10|          0|
    |x_M_imag_addr_reg_378    |  10|   0|   10|          0|
    |x_M_imag_load_reg_418    |  24|   0|   24|          0|
    |x_M_real_addr_1_reg_383  |  10|   0|   10|          0|
    |x_M_real_addr_reg_373    |  10|   0|   10|          0|
    |x_M_real_load_reg_413    |  24|   0|   24|          0|
    +-------------------------+----+----+-----+-----------+
    |Total                    | 480|   0|  480|          0|
    +-------------------------+----+----+-----+-----------+



================================================================
== Interface
================================================================
* Summary: 
+-------------------+-----+-----+------------+------------------------------------+--------------+
|     RTL Ports     | Dir | Bits|  Protocol  |            Source Object           |    C Type    |
+-------------------+-----+-----+------------+------------------------------------+--------------+
|ap_clk             |   in|    1|  ap_ctrl_hs|  ifft_fast_Pipeline_VITIS_LOOP_26_4|  return value|
|ap_rst             |   in|    1|  ap_ctrl_hs|  ifft_fast_Pipeline_VITIS_LOOP_26_4|  return value|
|ap_start           |   in|    1|  ap_ctrl_hs|  ifft_fast_Pipeline_VITIS_LOOP_26_4|  return value|
|ap_done            |  out|    1|  ap_ctrl_hs|  ifft_fast_Pipeline_VITIS_LOOP_26_4|  return value|
|ap_idle            |  out|    1|  ap_ctrl_hs|  ifft_fast_Pipeline_VITIS_LOOP_26_4|  return value|
|ap_ready           |  out|    1|  ap_ctrl_hs|  ifft_fast_Pipeline_VITIS_LOOP_26_4|  return value|
|m2                 |   in|   10|     ap_none|                                  m2|        scalar|
|trunc_ln25_1       |   in|   10|     ap_none|                        trunc_ln25_1|        scalar|
|trunc_ln25_2       |   in|   10|     ap_none|                        trunc_ln25_2|        scalar|
|x_M_real_address0  |  out|   10|   ap_memory|                            x_M_real|         array|
|x_M_real_ce0       |  out|    1|   ap_memory|                            x_M_real|         array|
|x_M_real_we0       |  out|    1|   ap_memory|                            x_M_real|         array|
|x_M_real_d0        |  out|   24|   ap_memory|                            x_M_real|         array|
|x_M_real_q0        |   in|   24|   ap_memory|                            x_M_real|         array|
|x_M_real_address1  |  out|   10|   ap_memory|                            x_M_real|         array|
|x_M_real_ce1       |  out|    1|   ap_memory|                            x_M_real|         array|
|x_M_real_we1       |  out|    1|   ap_memory|                            x_M_real|         array|
|x_M_real_d1        |  out|   24|   ap_memory|                            x_M_real|         array|
|x_M_real_q1        |   in|   24|   ap_memory|                            x_M_real|         array|
|x_M_imag_address0  |  out|   10|   ap_memory|                            x_M_imag|         array|
|x_M_imag_ce0       |  out|    1|   ap_memory|                            x_M_imag|         array|
|x_M_imag_we0       |  out|    1|   ap_memory|                            x_M_imag|         array|
|x_M_imag_d0        |  out|   24|   ap_memory|                            x_M_imag|         array|
|x_M_imag_q0        |   in|   24|   ap_memory|                            x_M_imag|         array|
|x_M_imag_address1  |  out|   10|   ap_memory|                            x_M_imag|         array|
|x_M_imag_ce1       |  out|    1|   ap_memory|                            x_M_imag|         array|
|x_M_imag_we1       |  out|    1|   ap_memory|                            x_M_imag|         array|
|x_M_imag_d1        |  out|   24|   ap_memory|                            x_M_imag|         array|
|x_M_imag_q1        |   in|   24|   ap_memory|                            x_M_imag|         array|
+-------------------+-----+-----+------------+------------------------------------+--------------+

