

================================================================
== Vitis HLS Report for 'fft_fast'
================================================================
* Date:           Fri May  1 13:04:59 2026

* Version:        2022.1 (Build 3526262 on Mon Apr 18 15:47:01 MDT 2022)
* Project:        fft_512
* Solution:       solution1 (Vivado IP Flow Target)
* Product family: zynq
* Target device:  xc7z020-clg484-1


================================================================
== Performance Estimates
================================================================
+ Timing: 
    * Summary: 
    +--------+----------+----------+------------+
    |  Clock |  Target  | Estimated| Uncertainty|
    +--------+----------+----------+------------+
    |ap_clk  |  10.00 ns|  7.256 ns|     2.70 ns|
    +--------+----------+----------+------------+

+ Latency: 
    * Summary: 
    +---------+---------+----------+----------+-----+-----+---------+
    |  Latency (cycles) |  Latency (absolute) |  Interval | Pipeline|
    |   min   |   max   |    min   |    max   | min | max |   Type  |
    +---------+---------+----------+----------+-----+-----+---------+
    |        ?|        ?|         ?|         ?|    ?|    ?|       no|
    +---------+---------+----------+----------+-----+-----+---------+

    + Detail: 
        * Instance: 
        +---------------------------------------------+-----------------------------------+---------+---------+-----------+-----------+------+------+---------+
        |                                             |                                   |  Latency (cycles) |   Latency (absolute)  |   Interval  | Pipeline|
        |                   Instance                  |               Module              |   min   |   max   |    min    |    max    |  min |  max |   Type  |
        +---------------------------------------------+-----------------------------------+---------+---------+-----------+-----------+------+------+---------+
        |grp_fft_fast_Pipeline_VITIS_LOOP_8_1_fu_65   |fft_fast_Pipeline_VITIS_LOOP_8_1   |     1539|     1539|  15.390 us|  15.390 us|  1539|  1539|       no|
        |grp_fft_fast_Pipeline_VITIS_LOOP_23_4_fu_75  |fft_fast_Pipeline_VITIS_LOOP_23_4  |       20|     4610|   0.200 us|  46.100 us|    20|  4610|       no|
        +---------------------------------------------+-----------------------------------+---------+---------+-----------+-----------+------+------+---------+

        * Loop: 
        +--------------------+---------+---------+-----------+-----------+-----------+------+----------+
        |                    |  Latency (cycles) | Iteration |  Initiation Interval  | Trip |          |
        |      Loop Name     |   min   |   max   |  Latency  |  achieved |   target  | Count| Pipelined|
        +--------------------+---------+---------+-----------+-----------+-----------+------+----------+
        |- VITIS_LOOP_19_2   |        ?|        ?|          ?|          -|          -|     9|        no|
        | + VITIS_LOOP_22_3  |        ?|        ?|  23 ~ 4613|          -|          -|     ?|        no|
        +--------------------+---------+---------+-----------+-----------+-----------+------+----------+



================================================================
== Utilization Estimates
================================================================
* Summary: 
+-----------------+---------+-----+--------+-------+-----+
|       Name      | BRAM_18K| DSP |   FF   |  LUT  | URAM|
+-----------------+---------+-----+--------+-------+-----+
|DSP              |        -|    -|       -|      -|    -|
|Expression       |        -|    -|       0|    151|    -|
|FIFO             |        -|    -|       -|      -|    -|
|Instance         |        3|   16|    1632|   2558|    -|
|Memory           |        -|    -|       -|      -|    -|
|Multiplexer      |        -|    -|       -|    288|    -|
|Register         |        -|    -|     198|      -|    -|
+-----------------+---------+-----+--------+-------+-----+
|Total            |        3|   16|    1830|   2997|    0|
+-----------------+---------+-----+--------+-------+-----+
|Available        |      280|  220|  106400|  53200|    0|
+-----------------+---------+-----+--------+-------+-----+
|Utilization (%)  |        1|    7|       1|      5|    0|
+-----------------+---------+-----+--------+-------+-----+

+ Detail: 
    * Instance: 
    +---------------------------------------------+-----------------------------------+---------+----+------+------+-----+
    |                   Instance                  |               Module              | BRAM_18K| DSP|  FF  |  LUT | URAM|
    +---------------------------------------------+-----------------------------------+---------+----+------+------+-----+
    |grp_fft_fast_Pipeline_VITIS_LOOP_23_4_fu_75  |fft_fast_Pipeline_VITIS_LOOP_23_4  |        2|  16|  1494|  2391|    0|
    |grp_fft_fast_Pipeline_VITIS_LOOP_8_1_fu_65   |fft_fast_Pipeline_VITIS_LOOP_8_1   |        1|   0|   138|   167|    0|
    +---------------------------------------------+-----------------------------------+---------+----+------+------+-----+
    |Total                                        |                                   |        3|  16|  1632|  2558|    0|
    +---------------------------------------------+-----------------------------------+---------+----+------+------+-----+

    * DSP: 
    N/A

    * Memory: 
    N/A

    * FIFO: 
    N/A

    * Expression: 
    +---------------------+----------+----+---+----+------------+------------+
    |    Variable Name    | Operation| DSP| FF| LUT| Bitwidth P0| Bitwidth P1|
    +---------------------+----------+----+---+----+------------+------------+
    |add_ln22_fu_164_p2   |         +|   0|  0|  71|          64|          64|
    |s_3_fu_174_p2        |         +|   0|  0|  13|           4|           1|
    |ti_1_fu_169_p2       |         +|   0|  0|  12|          12|          12|
    |icmp_ln19_fu_106_p2  |      icmp|   0|  0|   9|           4|           4|
    |icmp_ln22_fu_154_p2  |      icmp|   0|  0|  25|          55|           1|
    |m_fu_116_p2          |       shl|   0|  0|  21|           1|          10|
    +---------------------+----------+----+---+----+------------+------------+
    |Total                |          |   0|  0| 151|         140|          92|
    +---------------------+----------+----+---+----+------------+------------+

    * Multiplexer: 
    +--------------+----+-----------+-----+-----------+
    |     Name     | LUT| Input Size| Bits| Total Bits|
    +--------------+----+-----------+-----+-----------+
    |ap_NS_fsm     |  37|          7|    1|          7|
    |k_reg_54      |   9|          2|   64|        128|
    |s_fu_50       |   9|          2|    4|          8|
    |ti_fu_46      |   9|          2|   12|         24|
    |x_0_address0  |  14|          3|    9|         27|
    |x_0_address1  |  14|          3|    9|         27|
    |x_0_ce0       |  14|          3|    1|          3|
    |x_0_ce1       |  14|          3|    1|          3|
    |x_0_d0        |  14|          3|   32|         96|
    |x_0_d1        |  14|          3|   32|         96|
    |x_0_we0       |  14|          3|    1|          3|
    |x_0_we1       |  14|          3|    1|          3|
    |x_1_address0  |  14|          3|    9|         27|
    |x_1_address1  |  14|          3|    9|         27|
    |x_1_ce0       |  14|          3|    1|          3|
    |x_1_ce1       |  14|          3|    1|          3|
    |x_1_d0        |  14|          3|   32|         96|
    |x_1_d1        |  14|          3|   32|         96|
    |x_1_we0       |  14|          3|    1|          3|
    |x_1_we1       |  14|          3|    1|          3|
    +--------------+----+-----------+-----+-----------+
    |Total         | 288|         61|  253|        683|
    +--------------+----+-----------+-----+-----------+

    * Register: 
    +----------------------------------------------------------+----+----+-----+-----------+
    |                           Name                           | FF | LUT| Bits| Const Bits|
    +----------------------------------------------------------+----+----+-----+-----------+
    |add_ln22_reg_237                                          |  64|   0|   64|          0|
    |ap_CS_fsm                                                 |   6|   0|    6|          0|
    |grp_fft_fast_Pipeline_VITIS_LOOP_23_4_fu_75_ap_start_reg  |   1|   0|    1|          0|
    |grp_fft_fast_Pipeline_VITIS_LOOP_8_1_fu_65_ap_start_reg   |   1|   0|    1|          0|
    |k_reg_54                                                  |  64|   0|   64|          0|
    |m2_reg_209                                                |   9|   0|    9|          0|
    |s_fu_50                                                   |   4|   0|    4|          0|
    |ti_fu_46                                                  |  12|   0|   12|          0|
    |trunc_ln22_1_reg_232                                      |   9|   0|    9|          0|
    |trunc_ln22_reg_219                                        |   9|   0|    9|          0|
    |zext_ln21_reg_214                                         |   9|   0|   12|          3|
    |zext_ln22_reg_224                                         |  10|   0|   64|         54|
    +----------------------------------------------------------+----+----+-----+-----------+
    |Total                                                     | 198|   0|  255|         57|
    +----------------------------------------------------------+----+----+-----+-----------+



================================================================
== Interface
================================================================
* Summary: 
+--------------+-----+-----+------------+--------------+--------------+
|   RTL Ports  | Dir | Bits|  Protocol  | Source Object|    C Type    |
+--------------+-----+-----+------------+--------------+--------------+
|ap_clk        |   in|    1|  ap_ctrl_hs|      fft_fast|  return value|
|ap_rst        |   in|    1|  ap_ctrl_hs|      fft_fast|  return value|
|ap_start      |   in|    1|  ap_ctrl_hs|      fft_fast|  return value|
|ap_done       |  out|    1|  ap_ctrl_hs|      fft_fast|  return value|
|ap_idle       |  out|    1|  ap_ctrl_hs|      fft_fast|  return value|
|ap_ready      |  out|    1|  ap_ctrl_hs|      fft_fast|  return value|
|x_0_address0  |  out|    9|   ap_memory|           x_0|         array|
|x_0_ce0       |  out|    1|   ap_memory|           x_0|         array|
|x_0_we0       |  out|    1|   ap_memory|           x_0|         array|
|x_0_d0        |  out|   32|   ap_memory|           x_0|         array|
|x_0_q0        |   in|   32|   ap_memory|           x_0|         array|
|x_0_address1  |  out|    9|   ap_memory|           x_0|         array|
|x_0_ce1       |  out|    1|   ap_memory|           x_0|         array|
|x_0_we1       |  out|    1|   ap_memory|           x_0|         array|
|x_0_d1        |  out|   32|   ap_memory|           x_0|         array|
|x_0_q1        |   in|   32|   ap_memory|           x_0|         array|
|x_1_address0  |  out|    9|   ap_memory|           x_1|         array|
|x_1_ce0       |  out|    1|   ap_memory|           x_1|         array|
|x_1_we0       |  out|    1|   ap_memory|           x_1|         array|
|x_1_d0        |  out|   32|   ap_memory|           x_1|         array|
|x_1_q0        |   in|   32|   ap_memory|           x_1|         array|
|x_1_address1  |  out|    9|   ap_memory|           x_1|         array|
|x_1_ce1       |  out|    1|   ap_memory|           x_1|         array|
|x_1_we1       |  out|    1|   ap_memory|           x_1|         array|
|x_1_d1        |  out|   32|   ap_memory|           x_1|         array|
|x_1_q1        |   in|   32|   ap_memory|           x_1|         array|
+--------------+-----+-----+------------+--------------+--------------+

============================================================
+ Verbose Summary: Synthesis Manager
============================================================
InlineROM: 1
ExposeGlobal: 0
============================================================
+ Verbose Summary: CDFG Model
============================================================
IsTopModel: 0
ResetActiveHigh: 1
IsCombinational: 2
IsDatapathOnly: 2
HasWiredReturn: 1
HasMFsm: 0
HasVarLatency: 1
IsPipeline: 0
IsRtlPipelined: 0
IsInstanceOverlapped: 0
IsDontTouch: 0
HasImplIP: 0
IsGatedGlobalClock: 0


============================================================
+ Verbose Summary: Schedule
============================================================
* Number of FSM states : 6
* Pipeline : 0
* Dataflow Pipeline: 0

* FSM state transitions: 
1 --> 2 
2 --> 3 
3 --> 4 
4 --> 5 3 
5 --> 6 
6 --> 4 

* FSM state operations: 

State 1 <SV = 0> <Delay = 1.58>
ST_1 : Operation 7 [1/1] (0.00ns)   --->   "%ti = alloca i32 1"   --->   Operation 7 'alloca' 'ti' <Predicate = true> <Delay = 0.00>
ST_1 : Operation 8 [1/1] (0.00ns)   --->   "%s = alloca i32 1"   --->   Operation 8 'alloca' 's' <Predicate = true> <Delay = 0.00>
ST_1 : Operation 9 [2/2] (0.00ns)   --->   "%call_ln0 = call void @fft_fast_Pipeline_VITIS_LOOP_8_1, i32 %x_0, i32 %x_1, i9 %br_lut"   --->   Operation 9 'call' 'call_ln0' <Predicate = true> <Delay = 0.00> <CoreType = "Generic">   --->   Core 0 '' <Latency = 0> <II = 1> <Delay = 1.00> <Generic> <Opcode : >
ST_1 : Operation 10 [1/1] (1.58ns)   --->   "%store_ln19 = store i4 1, i4 %s" [fft_512/fft.cpp:19]   --->   Operation 10 'store' 'store_ln19' <Predicate = true> <Delay = 1.58>
ST_1 : Operation 11 [1/1] (1.58ns)   --->   "%store_ln19 = store i12 0, i12 %ti" [fft_512/fft.cpp:19]   --->   Operation 11 'store' 'store_ln19' <Predicate = true> <Delay = 1.58>

State 2 <SV = 1> <Delay = 0.00>
ST_2 : Operation 12 [1/2] (0.00ns)   --->   "%call_ln0 = call void @fft_fast_Pipeline_VITIS_LOOP_8_1, i32 %x_0, i32 %x_1, i9 %br_lut"   --->   Operation 12 'call' 'call_ln0' <Predicate = true> <Delay = 0.00> <CoreType = "Generic">   --->   Core 0 '' <Latency = 0> <II = 1> <Delay = 1.00> <Generic> <Opcode : >
ST_2 : Operation 13 [1/1] (0.00ns)   --->   "%br_ln19 = br void %VITIS_LOOP_22_3" [fft_512/fft.cpp:19]   --->   Operation 13 'br' 'br_ln19' <Predicate = true> <Delay = 0.00>

State 3 <SV = 2> <Delay = 2.39>
ST_3 : Operation 14 [1/1] (0.00ns)   --->   "%s_2 = load i4 %s" [fft_512/fft.cpp:19]   --->   Operation 14 'load' 's_2' <Predicate = true> <Delay = 0.00>
ST_3 : Operation 15 [1/1] (1.30ns)   --->   "%icmp_ln19 = icmp_eq  i4 %s_2, i4 10" [fft_512/fft.cpp:19]   --->   Operation 15 'icmp' 'icmp_ln19' <Predicate = true> <Delay = 1.30> <CoreInst = "Cmp">   --->   Core 9 'Cmp' <Latency = 0> <II = 1> <Delay = 1.30> <FuncUnit> <Opcode : 'icmp'> <InPorts = 2> <OutPorts = 1>
ST_3 : Operation 16 [1/1] (0.00ns)   --->   "%empty = speclooptripcount i32 @_ssdm_op_SpecLoopTripCount, i64 9, i64 9, i64 9"   --->   Operation 16 'speclooptripcount' 'empty' <Predicate = true> <Delay = 0.00>
ST_3 : Operation 17 [1/1] (0.00ns)   --->   "%br_ln19 = br i1 %icmp_ln19, void %VITIS_LOOP_22_3.split, void %for.end48" [fft_512/fft.cpp:19]   --->   Operation 17 'br' 'br_ln19' <Predicate = true> <Delay = 0.00>
ST_3 : Operation 18 [1/1] (0.00ns)   --->   "%ti_load = load i12 %ti" [fft_512/fft.cpp:22]   --->   Operation 18 'load' 'ti_load' <Predicate = (!icmp_ln19)> <Delay = 0.00>
ST_3 : Operation 19 [1/1] (0.00ns)   --->   "%zext_ln19 = zext i4 %s_2" [fft_512/fft.cpp:19]   --->   Operation 19 'zext' 'zext_ln19' <Predicate = (!icmp_ln19)> <Delay = 0.00>
ST_3 : Operation 20 [1/1] (0.00ns)   --->   "%specloopname_ln18 = specloopname void @_ssdm_op_SpecLoopName, void @empty_2" [fft_512/fft.cpp:18]   --->   Operation 20 'specloopname' 'specloopname_ln18' <Predicate = (!icmp_ln19)> <Delay = 0.00>
ST_3 : Operation 21 [1/1] (2.39ns)   --->   "%m = shl i10 1, i10 %zext_ln19" [fft_512/fft.cpp:20]   --->   Operation 21 'shl' 'm' <Predicate = (!icmp_ln19)> <Delay = 2.39> <CoreInst = "Shifter">   --->   Core 75 'Shifter' <Latency = 0> <II = 1> <Delay = 3.35> <FuncUnit> <Opcode : 'shl' 'lshr' 'ashr'> <InPorts = 2> <OutPorts = 1>
ST_3 : Operation 22 [1/1] (0.00ns)   --->   "%m2 = partselect i9 @_ssdm_op_PartSelect.i9.i10.i32.i32, i10 %m, i32 1, i32 9" [fft_512/fft.cpp:21]   --->   Operation 22 'partselect' 'm2' <Predicate = (!icmp_ln19)> <Delay = 0.00>
ST_3 : Operation 23 [1/1] (0.00ns)   --->   "%zext_ln21 = zext i9 %m2" [fft_512/fft.cpp:21]   --->   Operation 23 'zext' 'zext_ln21' <Predicate = (!icmp_ln19)> <Delay = 0.00>
ST_3 : Operation 24 [1/1] (0.00ns)   --->   "%trunc_ln22 = trunc i12 %ti_load" [fft_512/fft.cpp:22]   --->   Operation 24 'trunc' 'trunc_ln22' <Predicate = (!icmp_ln19)> <Delay = 0.00>
ST_3 : Operation 25 [1/1] (0.00ns)   --->   "%zext_ln22 = zext i10 %m" [fft_512/fft.cpp:22]   --->   Operation 25 'zext' 'zext_ln22' <Predicate = (!icmp_ln19)> <Delay = 0.00>
ST_3 : Operation 26 [1/1] (1.58ns)   --->   "%br_ln22 = br void %for.cond14" [fft_512/fft.cpp:22]   --->   Operation 26 'br' 'br_ln22' <Predicate = (!icmp_ln19)> <Delay = 1.58>
ST_3 : Operation 27 [1/1] (0.00ns)   --->   "%ret_ln33 = ret" [fft_512/fft.cpp:33]   --->   Operation 27 'ret' 'ret_ln33' <Predicate = (icmp_ln19)> <Delay = 0.00>

State 4 <SV = 3> <Delay = 4.45>
ST_4 : Operation 28 [1/1] (0.00ns)   --->   "%k = phi i64 %add_ln22, void %VITIS_LOOP_23_4, i64 0, void %VITIS_LOOP_22_3.split" [fft_512/fft.cpp:22]   --->   Operation 28 'phi' 'k' <Predicate = true> <Delay = 0.00>
ST_4 : Operation 29 [1/1] (0.00ns)   --->   "%tmp = partselect i55 @_ssdm_op_PartSelect.i55.i64.i32.i32, i64 %k, i32 9, i32 63" [fft_512/fft.cpp:22]   --->   Operation 29 'partselect' 'tmp' <Predicate = true> <Delay = 0.00>
ST_4 : Operation 30 [1/1] (2.86ns)   --->   "%icmp_ln22 = icmp_slt  i55 %tmp, i55 1" [fft_512/fft.cpp:22]   --->   Operation 30 'icmp' 'icmp_ln22' <Predicate = true> <Delay = 2.86> <CoreInst = "Cmp">   --->   Core 9 'Cmp' <Latency = 0> <II = 1> <Delay = 2.86> <FuncUnit> <Opcode : 'icmp'> <InPorts = 2> <OutPorts = 1>
ST_4 : Operation 31 [1/1] (0.00ns)   --->   "%br_ln22 = br i1 %icmp_ln22, void %for.inc46, void %VITIS_LOOP_23_4" [fft_512/fft.cpp:22]   --->   Operation 31 'br' 'br_ln22' <Predicate = true> <Delay = 0.00>
ST_4 : Operation 32 [1/1] (0.00ns)   --->   "%trunc_ln22_1 = trunc i64 %k" [fft_512/fft.cpp:22]   --->   Operation 32 'trunc' 'trunc_ln22_1' <Predicate = (icmp_ln22)> <Delay = 0.00>
ST_4 : Operation 33 [1/1] (3.52ns)   --->   "%add_ln22 = add i64 %zext_ln22, i64 %k" [fft_512/fft.cpp:22]   --->   Operation 33 'add' 'add_ln22' <Predicate = (icmp_ln22)> <Delay = 3.52> <CoreInst = "Adder">   --->   Core 1 'Adder' <Latency = 0> <II = 1> <Delay = 3.52> <FuncUnit> <Opcode : 'add' 'sub'> <InPorts = 2> <OutPorts = 1>
ST_4 : Operation 34 [1/1] (0.00ns)   --->   "%ti_load_1 = load i12 %ti" [fft_512/fft.cpp:31]   --->   Operation 34 'load' 'ti_load_1' <Predicate = (!icmp_ln22)> <Delay = 0.00>
ST_4 : Operation 35 [1/1] (1.54ns)   --->   "%ti_1 = add i12 %zext_ln21, i12 %ti_load_1" [fft_512/fft.cpp:31]   --->   Operation 35 'add' 'ti_1' <Predicate = (!icmp_ln22)> <Delay = 1.54> <CoreInst = "Adder">   --->   Core 1 'Adder' <Latency = 0> <II = 1> <Delay = 1.54> <FuncUnit> <Opcode : 'add' 'sub'> <InPorts = 2> <OutPorts = 1>
ST_4 : Operation 36 [1/1] (1.73ns)   --->   "%s_3 = add i4 %s_2, i4 1" [fft_512/fft.cpp:19]   --->   Operation 36 'add' 's_3' <Predicate = (!icmp_ln22)> <Delay = 1.73> <CoreInst = "Adder">   --->   Core 1 'Adder' <Latency = 0> <II = 1> <Delay = 1.73> <FuncUnit> <Opcode : 'add' 'sub'> <InPorts = 2> <OutPorts = 1>
ST_4 : Operation 37 [1/1] (1.58ns)   --->   "%store_ln19 = store i4 %s_3, i4 %s" [fft_512/fft.cpp:19]   --->   Operation 37 'store' 'store_ln19' <Predicate = (!icmp_ln22)> <Delay = 1.58>
ST_4 : Operation 38 [1/1] (1.58ns)   --->   "%store_ln19 = store i12 %ti_1, i12 %ti" [fft_512/fft.cpp:19]   --->   Operation 38 'store' 'store_ln19' <Predicate = (!icmp_ln22)> <Delay = 1.58>
ST_4 : Operation 39 [1/1] (0.00ns)   --->   "%br_ln19 = br void %VITIS_LOOP_22_3" [fft_512/fft.cpp:19]   --->   Operation 39 'br' 'br_ln19' <Predicate = (!icmp_ln22)> <Delay = 0.00>

State 5 <SV = 4> <Delay = 6.90>
ST_5 : Operation 40 [2/2] (6.90ns)   --->   "%call_ln21 = call void @fft_fast_Pipeline_VITIS_LOOP_23_4, i9 %m2, i9 %trunc_ln22, i9 %trunc_ln22_1, i32 %x_0, i32 %x_1, i32 %tw_M_value_1, i32 %tw_M_value" [fft_512/fft.cpp:21]   --->   Operation 40 'call' 'call_ln21' <Predicate = true> <Delay = 6.90> <CoreType = "Generic">   --->   Core 0 '' <Latency = 0> <II = 1> <Delay = 1.00> <Generic> <Opcode : >

State 6 <SV = 5> <Delay = 0.00>
ST_6 : Operation 41 [1/1] (0.00ns)   --->   "%specloopname_ln23 = specloopname void @_ssdm_op_SpecLoopName, void @empty_3" [fft_512/fft.cpp:23]   --->   Operation 41 'specloopname' 'specloopname_ln23' <Predicate = true> <Delay = 0.00>
ST_6 : Operation 42 [1/2] (0.00ns)   --->   "%call_ln21 = call void @fft_fast_Pipeline_VITIS_LOOP_23_4, i9 %m2, i9 %trunc_ln22, i9 %trunc_ln22_1, i32 %x_0, i32 %x_1, i32 %tw_M_value_1, i32 %tw_M_value" [fft_512/fft.cpp:21]   --->   Operation 42 'call' 'call_ln21' <Predicate = true> <Delay = 0.00> <CoreType = "Generic">   --->   Core 0 '' <Latency = 0> <II = 1> <Delay = 1.00> <Generic> <Opcode : >
ST_6 : Operation 43 [1/1] (0.00ns)   --->   "%br_ln22 = br void %for.cond14" [fft_512/fft.cpp:22]   --->   Operation 43 'br' 'br_ln22' <Predicate = true> <Delay = 0.00>


============================================================
+ Verbose Summary: Binding
============================================================
STG Binding: 
---------------- STG Properties BEGIN ----------------
- Is combinational: 0
- Is one-state seq: 0
- Is datapath-only: 0
- Is pipelined: 0
- Is top level: 0
Port [ Return ] is wired: 1; IO mode=ap_ctrl_hs:ce=0
Port [ x_0]:  wired=1; compound=1; hidden=0; nouse=0; global=0; static=0; extern=0; dir=2; type=1; pingpong=0; private_global=0; MemPort=[22]; IO mode=ap_memory:ce=0
Port [ x_1]:  wired=1; compound=1; hidden=0; nouse=0; global=0; static=0; extern=0; dir=2; type=1; pingpong=0; private_global=0; MemPort=[22]; IO mode=ap_memory:ce=0
Port [ br_lut]:  wired=0; compound=1; hidden=1; nouse=1; global=1; static=1; extern=0; dir=0; type=1; pingpong=0; private_global=0; MemPort=[1]; IO mode=ap_memory:ce=0
Port [ tw_M_value_1]:  wired=0; compound=1; hidden=1; nouse=1; global=1; static=1; extern=0; dir=0; type=1; pingpong=0; private_global=0; MemPort=[1]; IO mode=ap_memory:ce=0
Port [ tw_M_value]:  wired=0; compound=1; hidden=1; nouse=1; global=1; static=1; extern=0; dir=0; type=1; pingpong=0; private_global=0; MemPort=[1]; IO mode=ap_memory:ce=0
---------------- STG Properties END ------------------

---------------- Datapath Model BEGIN ----------------

<LifeTime>
<method=bitvector/>
ti                (alloca           ) [ 0111111]
s                 (alloca           ) [ 0111111]
store_ln19        (store            ) [ 0000000]
store_ln19        (store            ) [ 0000000]
call_ln0          (call             ) [ 0000000]
br_ln19           (br               ) [ 0000000]
s_2               (load             ) [ 0000111]
icmp_ln19         (icmp             ) [ 0001111]
empty             (speclooptripcount) [ 0000000]
br_ln19           (br               ) [ 0000000]
ti_load           (load             ) [ 0000000]
zext_ln19         (zext             ) [ 0000000]
specloopname_ln18 (specloopname     ) [ 0000000]
m                 (shl              ) [ 0000000]
m2                (partselect       ) [ 0000111]
zext_ln21         (zext             ) [ 0000111]
trunc_ln22        (trunc            ) [ 0000111]
zext_ln22         (zext             ) [ 0000111]
br_ln22           (br               ) [ 0001111]
ret_ln33          (ret              ) [ 0000000]
k                 (phi              ) [ 0000100]
tmp               (partselect       ) [ 0000000]
icmp_ln22         (icmp             ) [ 0001111]
br_ln22           (br               ) [ 0000000]
trunc_ln22_1      (trunc            ) [ 0000011]
add_ln22          (add              ) [ 0001111]
ti_load_1         (load             ) [ 0000000]
ti_1              (add              ) [ 0000000]
s_3               (add              ) [ 0000000]
store_ln19        (store            ) [ 0000000]
store_ln19        (store            ) [ 0000000]
br_ln19           (br               ) [ 0000000]
specloopname_ln23 (specloopname     ) [ 0000000]
call_ln21         (call             ) [ 0000000]
br_ln22           (br               ) [ 0001111]
</LifeTime>

<model>

<comp_list>
<comp id="0" class="1000" name="x_0">
<pin_list>
<pin id="1" dir="1" index="0" bw="1" slack="0"/>
</pin_list>
<bind>
<StgValue><ssdm name="x_0"/><MemPortTyVec>2 2 </MemPortTyVec>
</StgValue>
</bind>
</comp>

<comp id="2" class="1000" name="x_1">
<pin_list>
<pin id="3" dir="1" index="0" bw="1" slack="0"/>
</pin_list>
<bind>
<StgValue><ssdm name="x_1"/><MemPortTyVec>2 2 </MemPortTyVec>
</StgValue>
</bind>
</comp>

<comp id="4" class="1000" name="br_lut">
<pin_list>
<pin id="5" dir="1" index="0" bw="1" slack="0"/>
</pin_list>
<bind>
<StgValue><ssdm name="br_lut"/><MemPortTyVec>1 </MemPortTyVec>
</StgValue>
</bind>
</comp>

<comp id="6" class="1000" name="tw_M_value_1">
<pin_list>
<pin id="7" dir="1" index="0" bw="1" slack="0"/>
</pin_list>
<bind>
<StgValue><ssdm name="tw_M_value_1"/><MemPortTyVec>1 </MemPortTyVec>
</StgValue>
</bind>
</comp>

<comp id="8" class="1000" name="tw_M_value">
<pin_list>
<pin id="9" dir="1" index="0" bw="1" slack="0"/>
</pin_list>
<bind>
<StgValue><ssdm name="tw_M_value"/><MemPortTyVec>1 </MemPortTyVec>
</StgValue>
</bind>
</comp>

<comp id="10" class="1001" name="const_10">
<pin_list>
<pin id="11" dir="1" index="0" bw="1" slack="0"/>
</pin_list>
<bind>
<StgValue><ssdm name=""/></StgValue>
</bind>
</comp>

<comp id="12" class="1001" name="const_12">
<pin_list>
<pin id="13" dir="1" index="0" bw="1" slack="0"/>
</pin_list>
<bind>
<StgValue><ssdm name="fft_fast_Pipeline_VITIS_LOOP_8_1"/></StgValue>
</bind>
</comp>

<comp id="14" class="1001" name="const_14">
<pin_list>
<pin id="15" dir="1" index="0" bw="1" slack="0"/>
</pin_list>
<bind>
<StgValue><ssdm name=""/></StgValue>
</bind>
</comp>

<comp id="16" class="1001" name="const_16">
<pin_list>
<pin id="17" dir="1" index="0" bw="1" slack="0"/>
</pin_list>
<bind>
<StgValue><ssdm name=""/></StgValue>
</bind>
</comp>

<comp id="18" class="1001" name="const_18">
<pin_list>
<pin id="19" dir="1" index="0" bw="1" slack="0"/>
</pin_list>
<bind>
<StgValue><ssdm name=""/></StgValue>
</bind>
</comp>

<comp id="20" class="1001" name="const_20">
<pin_list>
<pin id="21" dir="1" index="0" bw="1" slack="2147483647"/>
</pin_list>
<bind>
<StgValue><ssdm name="_ssdm_op_SpecLoopTripCount"/></StgValue>
</bind>
</comp>

<comp id="22" class="1001" name="const_22">
<pin_list>
<pin id="23" dir="1" index="0" bw="1" slack="2147483647"/>
</pin_list>
<bind>
<StgValue><ssdm name=""/></StgValue>
</bind>
</comp>

<comp id="24" class="1001" name="const_24">
<pin_list>
<pin id="25" dir="1" index="0" bw="1" slack="2147483647"/>
</pin_list>
<bind>
<StgValue><ssdm name="_ssdm_op_SpecLoopName"/></StgValue>
</bind>
</comp>

<comp id="26" class="1001" name="const_26">
<pin_list>
<pin id="27" dir="1" index="0" bw="1" slack="2147483647"/>
</pin_list>
<bind>
<StgValue><ssdm name="empty_2"/></StgValue>
</bind>
</comp>

<comp id="28" class="1001" name="const_28">
<pin_list>
<pin id="29" dir="1" index="0" bw="1" slack="0"/>
</pin_list>
<bind>
<StgValue><ssdm name=""/></StgValue>
</bind>
</comp>

<comp id="30" class="1001" name="const_30">
<pin_list>
<pin id="31" dir="1" index="0" bw="1" slack="0"/>
</pin_list>
<bind>
<StgValue><ssdm name="_ssdm_op_PartSelect.i9.i10.i32.i32"/></StgValue>
</bind>
</comp>

<comp id="32" class="1001" name="const_32">
<pin_list>
<pin id="33" dir="1" index="0" bw="1" slack="0"/>
</pin_list>
<bind>
<StgValue><ssdm name=""/></StgValue>
</bind>
</comp>

<comp id="34" class="1001" name="const_34">
<pin_list>
<pin id="35" dir="1" index="0" bw="1" slack="1"/>
</pin_list>
<bind>
<StgValue><ssdm name=""/></StgValue>
</bind>
</comp>

<comp id="36" class="1001" name="const_36">
<pin_list>
<pin id="37" dir="1" index="0" bw="1" slack="0"/>
</pin_list>
<bind>
<StgValue><ssdm name="_ssdm_op_PartSelect.i55.i64.i32.i32"/></StgValue>
</bind>
</comp>

<comp id="38" class="1001" name="const_38">
<pin_list>
<pin id="39" dir="1" index="0" bw="1" slack="0"/>
</pin_list>
<bind>
<StgValue><ssdm name=""/></StgValue>
</bind>
</comp>

<comp id="40" class="1001" name="const_40">
<pin_list>
<pin id="41" dir="1" index="0" bw="1" slack="0"/>
</pin_list>
<bind>
<StgValue><ssdm name=""/></StgValue>
</bind>
</comp>

<comp id="42" class="1001" name="const_42">
<pin_list>
<pin id="43" dir="1" index="0" bw="1" slack="0"/>
</pin_list>
<bind>
<StgValue><ssdm name="fft_fast_Pipeline_VITIS_LOOP_23_4"/></StgValue>
</bind>
</comp>

<comp id="44" class="1001" name="const_44">
<pin_list>
<pin id="45" dir="1" index="0" bw="1" slack="2147483647"/>
</pin_list>
<bind>
<StgValue><ssdm name="empty_3"/></StgValue>
</bind>
</comp>

<comp id="46" class="1004" name="ti_fu_46">
<pin_list>
<pin id="47" dir="0" index="0" bw="1" slack="0"/>
<pin id="48" dir="1" index="1" bw="12" slack="0"/>
</pin_list>
<bind>
<opcode="alloca(26) " fcode="alloca"/>
<opset="ti/1 "/>
</bind>
</comp>

<comp id="50" class="1004" name="s_fu_50">
<pin_list>
<pin id="51" dir="0" index="0" bw="1" slack="0"/>
<pin id="52" dir="1" index="1" bw="4" slack="0"/>
</pin_list>
<bind>
<opcode="alloca(26) " fcode="alloca"/>
<opset="s/1 "/>
</bind>
</comp>

<comp id="54" class="1005" name="k_reg_54">
<pin_list>
<pin id="55" dir="0" index="0" bw="64" slack="1"/>
<pin id="56" dir="1" index="1" bw="64" slack="1"/>
</pin_list>
<bind>
<opset="k (phireg) "/>
</bind>
</comp>

<comp id="58" class="1004" name="k_phi_fu_58">
<pin_list>
<pin id="59" dir="0" index="0" bw="64" slack="0"/>
<pin id="60" dir="0" index="1" bw="0" slack="2147483647"/>
<pin id="61" dir="0" index="2" bw="1" slack="1"/>
<pin id="62" dir="0" index="3" bw="0" slack="2147483647"/>
<pin id="63" dir="1" index="4" bw="64" slack="0"/>
</pin_list>
<bind>
<opcode="phi(47) " fcode="phi"/>
<opset="k/4 "/>
</bind>
</comp>

<comp id="65" class="1004" name="grp_fft_fast_Pipeline_VITIS_LOOP_8_1_fu_65">
<pin_list>
<pin id="66" dir="0" index="0" bw="0" slack="0"/>
<pin id="67" dir="0" index="1" bw="32" slack="0"/>
<pin id="68" dir="0" index="2" bw="32" slack="0"/>
<pin id="69" dir="0" index="3" bw="9" slack="0"/>
<pin id="70" dir="1" index="4" bw="0" slack="2147483647"/>
</pin_list>
<bind>
<opcode="call(48) " fcode="call"/>
<opset="call_ln0/1 "/>
</bind>
</comp>

<comp id="75" class="1004" name="grp_fft_fast_Pipeline_VITIS_LOOP_23_4_fu_75">
<pin_list>
<pin id="76" dir="0" index="0" bw="0" slack="0"/>
<pin id="77" dir="0" index="1" bw="9" slack="2"/>
<pin id="78" dir="0" index="2" bw="9" slack="2"/>
<pin id="79" dir="0" index="3" bw="9" slack="1"/>
<pin id="80" dir="0" index="4" bw="32" slack="0"/>
<pin id="81" dir="0" index="5" bw="32" slack="0"/>
<pin id="82" dir="0" index="6" bw="32" slack="0"/>
<pin id="83" dir="0" index="7" bw="32" slack="0"/>
<pin id="84" dir="1" index="8" bw="0" slack="2147483647"/>
</pin_list>
<bind>
<opcode="call(48) " fcode="call"/>
<opset="call_ln21/5 "/>
</bind>
</comp>

<comp id="90" class="1004" name="grp_load_fu_90">
<pin_list>
<pin id="91" dir="0" index="0" bw="12" slack="2"/>
<pin id="92" dir="1" index="1" bw="12" slack="0"/>
</pin_list>
<bind>
<opcode="load(27) " fcode="load"/>
<opset="ti_load/3 ti_load_1/4 "/>
</bind>
</comp>

<comp id="93" class="1004" name="store_ln19_store_fu_93">
<pin_list>
<pin id="94" dir="0" index="0" bw="1" slack="0"/>
<pin id="95" dir="0" index="1" bw="4" slack="0"/>
<pin id="96" dir="1" index="2" bw="0" slack="2147483647"/>
</pin_list>
<bind>
<opcode="store(28) " fcode="store"/>
<opset="store_ln19/1 "/>
</bind>
</comp>

<comp id="98" class="1004" name="store_ln19_store_fu_98">
<pin_list>
<pin id="99" dir="0" index="0" bw="1" slack="0"/>
<pin id="100" dir="0" index="1" bw="12" slack="0"/>
<pin id="101" dir="1" index="2" bw="0" slack="2147483647"/>
</pin_list>
<bind>
<opcode="store(28) " fcode="store"/>
<opset="store_ln19/1 "/>
</bind>
</comp>

<comp id="103" class="1004" name="s_2_load_fu_103">
<pin_list>
<pin id="104" dir="0" index="0" bw="4" slack="2"/>
<pin id="105" dir="1" index="1" bw="4" slack="0"/>
</pin_list>
<bind>
<opcode="load(27) " fcode="load"/>
<opset="s_2/3 "/>
</bind>
</comp>

<comp id="106" class="1004" name="icmp_ln19_fu_106">
<pin_list>
<pin id="107" dir="0" index="0" bw="4" slack="0"/>
<pin id="108" dir="0" index="1" bw="4" slack="0"/>
<pin id="109" dir="1" index="2" bw="1" slack="2147483647"/>
</pin_list>
<bind>
<opcode="icmp(45) " fcode="icmp"/>
<opset="icmp_ln19/3 "/>
</bind>
</comp>

<comp id="112" class="1004" name="zext_ln19_fu_112">
<pin_list>
<pin id="113" dir="0" index="0" bw="4" slack="0"/>
<pin id="114" dir="1" index="1" bw="10" slack="0"/>
</pin_list>
<bind>
<opcode="zext(34) " fcode="zext"/>
<opset="zext_ln19/3 "/>
</bind>
</comp>

<comp id="116" class="1004" name="m_fu_116">
<pin_list>
<pin id="117" dir="0" index="0" bw="1" slack="0"/>
<pin id="118" dir="0" index="1" bw="4" slack="0"/>
<pin id="119" dir="1" index="2" bw="10" slack="0"/>
</pin_list>
<bind>
<opcode="shl(20) " fcode="shl"/>
<opset="m/3 "/>
</bind>
</comp>

<comp id="122" class="1004" name="m2_fu_122">
<pin_list>
<pin id="123" dir="0" index="0" bw="9" slack="0"/>
<pin id="124" dir="0" index="1" bw="10" slack="0"/>
<pin id="125" dir="0" index="2" bw="1" slack="0"/>
<pin id="126" dir="0" index="3" bw="5" slack="0"/>
<pin id="127" dir="1" index="4" bw="9" slack="0"/>
</pin_list>
<bind>
<opcode="partselect(1002) " fcode="partselect"/>
<opset="m2/3 "/>
</bind>
</comp>

<comp id="132" class="1004" name="zext_ln21_fu_132">
<pin_list>
<pin id="133" dir="0" index="0" bw="9" slack="0"/>
<pin id="134" dir="1" index="1" bw="12" slack="1"/>
</pin_list>
<bind>
<opcode="zext(34) " fcode="zext"/>
<opset="zext_ln21/3 "/>
</bind>
</comp>

<comp id="136" class="1004" name="trunc_ln22_fu_136">
<pin_list>
<pin id="137" dir="0" index="0" bw="12" slack="0"/>
<pin id="138" dir="1" index="1" bw="9" slack="2"/>
</pin_list>
<bind>
<opcode="trunc(33) " fcode="trunc"/>
<opset="trunc_ln22/3 "/>
</bind>
</comp>

<comp id="140" class="1004" name="zext_ln22_fu_140">
<pin_list>
<pin id="141" dir="0" index="0" bw="10" slack="0"/>
<pin id="142" dir="1" index="1" bw="64" slack="1"/>
</pin_list>
<bind>
<opcode="zext(34) " fcode="zext"/>
<opset="zext_ln22/3 "/>
</bind>
</comp>

<comp id="144" class="1004" name="tmp_fu_144">
<pin_list>
<pin id="145" dir="0" index="0" bw="55" slack="0"/>
<pin id="146" dir="0" index="1" bw="64" slack="0"/>
<pin id="147" dir="0" index="2" bw="5" slack="0"/>
<pin id="148" dir="0" index="3" bw="7" slack="0"/>
<pin id="149" dir="1" index="4" bw="55" slack="0"/>
</pin_list>
<bind>
<opcode="partselect(1002) " fcode="partselect"/>
<opset="tmp/4 "/>
</bind>
</comp>

<comp id="154" class="1004" name="icmp_ln22_fu_154">
<pin_list>
<pin id="155" dir="0" index="0" bw="55" slack="0"/>
<pin id="156" dir="0" index="1" bw="55" slack="0"/>
<pin id="157" dir="1" index="2" bw="1" slack="2147483647"/>
</pin_list>
<bind>
<opcode="icmp(45) " fcode="icmp"/>
<opset="icmp_ln22/4 "/>
</bind>
</comp>

<comp id="160" class="1004" name="trunc_ln22_1_fu_160">
<pin_list>
<pin id="161" dir="0" index="0" bw="64" slack="0"/>
<pin id="162" dir="1" index="1" bw="9" slack="1"/>
</pin_list>
<bind>
<opcode="trunc(33) " fcode="trunc"/>
<opset="trunc_ln22_1/4 "/>
</bind>
</comp>

<comp id="164" class="1004" name="add_ln22_fu_164">
<pin_list>
<pin id="165" dir="0" index="0" bw="10" slack="1"/>
<pin id="166" dir="0" index="1" bw="64" slack="0"/>
<pin id="167" dir="1" index="2" bw="64" slack="0"/>
</pin_list>
<bind>
<opcode="add(8) " fcode="add"/>
<opset="add_ln22/4 "/>
</bind>
</comp>

<comp id="169" class="1004" name="ti_1_fu_169">
<pin_list>
<pin id="170" dir="0" index="0" bw="9" slack="1"/>
<pin id="171" dir="0" index="1" bw="12" slack="0"/>
<pin id="172" dir="1" index="2" bw="12" slack="0"/>
</pin_list>
<bind>
<opcode="add(8) " fcode="add"/>
<opset="ti_1/4 "/>
</bind>
</comp>

<comp id="174" class="1004" name="s_3_fu_174">
<pin_list>
<pin id="175" dir="0" index="0" bw="4" slack="2147483647"/>
<pin id="176" dir="0" index="1" bw="1" slack="0"/>
<pin id="177" dir="1" index="2" bw="4" slack="0"/>
</pin_list>
<bind>
<opcode="add(8) " fcode="add"/>
<opset="s_3/4 "/>
</bind>
</comp>

<comp id="179" class="1004" name="store_ln19_store_fu_179">
<pin_list>
<pin id="180" dir="0" index="0" bw="4" slack="0"/>
<pin id="181" dir="0" index="1" bw="4" slack="3"/>
<pin id="182" dir="1" index="2" bw="0" slack="2147483647"/>
</pin_list>
<bind>
<opcode="store(28) " fcode="store"/>
<opset="store_ln19/4 "/>
</bind>
</comp>

<comp id="184" class="1004" name="store_ln19_store_fu_184">
<pin_list>
<pin id="185" dir="0" index="0" bw="12" slack="0"/>
<pin id="186" dir="0" index="1" bw="12" slack="3"/>
<pin id="187" dir="1" index="2" bw="0" slack="2147483647"/>
</pin_list>
<bind>
<opcode="store(28) " fcode="store"/>
<opset="store_ln19/4 "/>
</bind>
</comp>

<comp id="189" class="1005" name="ti_reg_189">
<pin_list>
<pin id="190" dir="0" index="0" bw="12" slack="0"/>
<pin id="191" dir="1" index="1" bw="12" slack="0"/>
</pin_list>
<bind>
<opset="ti "/>
</bind>
</comp>

<comp id="196" class="1005" name="s_reg_196">
<pin_list>
<pin id="197" dir="0" index="0" bw="4" slack="0"/>
<pin id="198" dir="1" index="1" bw="4" slack="0"/>
</pin_list>
<bind>
<opset="s "/>
</bind>
</comp>

<comp id="209" class="1005" name="m2_reg_209">
<pin_list>
<pin id="210" dir="0" index="0" bw="9" slack="2"/>
<pin id="211" dir="1" index="1" bw="9" slack="2"/>
</pin_list>
<bind>
<opset="m2 "/>
</bind>
</comp>

<comp id="214" class="1005" name="zext_ln21_reg_214">
<pin_list>
<pin id="215" dir="0" index="0" bw="12" slack="1"/>
<pin id="216" dir="1" index="1" bw="12" slack="1"/>
</pin_list>
<bind>
<opset="zext_ln21 "/>
</bind>
</comp>

<comp id="219" class="1005" name="trunc_ln22_reg_219">
<pin_list>
<pin id="220" dir="0" index="0" bw="9" slack="2"/>
<pin id="221" dir="1" index="1" bw="9" slack="2"/>
</pin_list>
<bind>
<opset="trunc_ln22 "/>
</bind>
</comp>

<comp id="224" class="1005" name="zext_ln22_reg_224">
<pin_list>
<pin id="225" dir="0" index="0" bw="64" slack="1"/>
<pin id="226" dir="1" index="1" bw="64" slack="1"/>
</pin_list>
<bind>
<opset="zext_ln22 "/>
</bind>
</comp>

<comp id="232" class="1005" name="trunc_ln22_1_reg_232">
<pin_list>
<pin id="233" dir="0" index="0" bw="9" slack="1"/>
<pin id="234" dir="1" index="1" bw="9" slack="1"/>
</pin_list>
<bind>
<opset="trunc_ln22_1 "/>
</bind>
</comp>

<comp id="237" class="1005" name="add_ln22_reg_237">
<pin_list>
<pin id="238" dir="0" index="0" bw="64" slack="0"/>
<pin id="239" dir="1" index="1" bw="64" slack="0"/>
</pin_list>
<bind>
<opset="add_ln22 "/>
</bind>
</comp>

</comp_list>

<net_list>
<net id="49"><net_src comp="10" pin="0"/><net_sink comp="46" pin=0"/></net>

<net id="53"><net_src comp="10" pin="0"/><net_sink comp="50" pin=0"/></net>

<net id="57"><net_src comp="34" pin="0"/><net_sink comp="54" pin=0"/></net>

<net id="64"><net_src comp="54" pin="1"/><net_sink comp="58" pin=2"/></net>

<net id="71"><net_src comp="12" pin="0"/><net_sink comp="65" pin=0"/></net>

<net id="72"><net_src comp="0" pin="0"/><net_sink comp="65" pin=1"/></net>

<net id="73"><net_src comp="2" pin="0"/><net_sink comp="65" pin=2"/></net>

<net id="74"><net_src comp="4" pin="0"/><net_sink comp="65" pin=3"/></net>

<net id="85"><net_src comp="42" pin="0"/><net_sink comp="75" pin=0"/></net>

<net id="86"><net_src comp="0" pin="0"/><net_sink comp="75" pin=4"/></net>

<net id="87"><net_src comp="2" pin="0"/><net_sink comp="75" pin=5"/></net>

<net id="88"><net_src comp="6" pin="0"/><net_sink comp="75" pin=6"/></net>

<net id="89"><net_src comp="8" pin="0"/><net_sink comp="75" pin=7"/></net>

<net id="97"><net_src comp="14" pin="0"/><net_sink comp="93" pin=0"/></net>

<net id="102"><net_src comp="16" pin="0"/><net_sink comp="98" pin=0"/></net>

<net id="110"><net_src comp="103" pin="1"/><net_sink comp="106" pin=0"/></net>

<net id="111"><net_src comp="18" pin="0"/><net_sink comp="106" pin=1"/></net>

<net id="115"><net_src comp="103" pin="1"/><net_sink comp="112" pin=0"/></net>

<net id="120"><net_src comp="28" pin="0"/><net_sink comp="116" pin=0"/></net>

<net id="121"><net_src comp="112" pin="1"/><net_sink comp="116" pin=1"/></net>

<net id="128"><net_src comp="30" pin="0"/><net_sink comp="122" pin=0"/></net>

<net id="129"><net_src comp="116" pin="2"/><net_sink comp="122" pin=1"/></net>

<net id="130"><net_src comp="10" pin="0"/><net_sink comp="122" pin=2"/></net>

<net id="131"><net_src comp="32" pin="0"/><net_sink comp="122" pin=3"/></net>

<net id="135"><net_src comp="122" pin="4"/><net_sink comp="132" pin=0"/></net>

<net id="139"><net_src comp="90" pin="1"/><net_sink comp="136" pin=0"/></net>

<net id="143"><net_src comp="116" pin="2"/><net_sink comp="140" pin=0"/></net>

<net id="150"><net_src comp="36" pin="0"/><net_sink comp="144" pin=0"/></net>

<net id="151"><net_src comp="58" pin="4"/><net_sink comp="144" pin=1"/></net>

<net id="152"><net_src comp="32" pin="0"/><net_sink comp="144" pin=2"/></net>

<net id="153"><net_src comp="38" pin="0"/><net_sink comp="144" pin=3"/></net>

<net id="158"><net_src comp="144" pin="4"/><net_sink comp="154" pin=0"/></net>

<net id="159"><net_src comp="40" pin="0"/><net_sink comp="154" pin=1"/></net>

<net id="163"><net_src comp="58" pin="4"/><net_sink comp="160" pin=0"/></net>

<net id="168"><net_src comp="58" pin="4"/><net_sink comp="164" pin=1"/></net>

<net id="173"><net_src comp="90" pin="1"/><net_sink comp="169" pin=1"/></net>

<net id="178"><net_src comp="14" pin="0"/><net_sink comp="174" pin=1"/></net>

<net id="183"><net_src comp="174" pin="2"/><net_sink comp="179" pin=0"/></net>

<net id="188"><net_src comp="169" pin="2"/><net_sink comp="184" pin=0"/></net>

<net id="192"><net_src comp="46" pin="1"/><net_sink comp="189" pin=0"/></net>

<net id="193"><net_src comp="189" pin="1"/><net_sink comp="98" pin=1"/></net>

<net id="194"><net_src comp="189" pin="1"/><net_sink comp="90" pin=0"/></net>

<net id="195"><net_src comp="189" pin="1"/><net_sink comp="184" pin=1"/></net>

<net id="199"><net_src comp="50" pin="1"/><net_sink comp="196" pin=0"/></net>

<net id="200"><net_src comp="196" pin="1"/><net_sink comp="93" pin=1"/></net>

<net id="201"><net_src comp="196" pin="1"/><net_sink comp="103" pin=0"/></net>

<net id="202"><net_src comp="196" pin="1"/><net_sink comp="179" pin=1"/></net>

<net id="212"><net_src comp="122" pin="4"/><net_sink comp="209" pin=0"/></net>

<net id="213"><net_src comp="209" pin="1"/><net_sink comp="75" pin=1"/></net>

<net id="217"><net_src comp="132" pin="1"/><net_sink comp="214" pin=0"/></net>

<net id="218"><net_src comp="214" pin="1"/><net_sink comp="169" pin=0"/></net>

<net id="222"><net_src comp="136" pin="1"/><net_sink comp="219" pin=0"/></net>

<net id="223"><net_src comp="219" pin="1"/><net_sink comp="75" pin=2"/></net>

<net id="227"><net_src comp="140" pin="1"/><net_sink comp="224" pin=0"/></net>

<net id="228"><net_src comp="224" pin="1"/><net_sink comp="164" pin=0"/></net>

<net id="235"><net_src comp="160" pin="1"/><net_sink comp="232" pin=0"/></net>

<net id="236"><net_src comp="232" pin="1"/><net_sink comp="75" pin=3"/></net>

<net id="240"><net_src comp="164" pin="2"/><net_sink comp="237" pin=0"/></net>

<net id="241"><net_src comp="237" pin="1"/><net_sink comp="58" pin=0"/></net>

</net_list>

</model> 
---------------- Datapath Model END ------------------

* FSMD analyzer results:
  - Output states:
	Port: x_0 | {1 2 5 6 }
	Port: x_1 | {1 2 5 6 }
	Port: br_lut | {}
	Port: tw_M_value_1 | {}
	Port: tw_M_value | {}
 - Input state : 
	Port: fft_fast : x_0 | {1 2 5 6 }
	Port: fft_fast : x_1 | {1 2 5 6 }
	Port: fft_fast : br_lut | {1 2 }
	Port: fft_fast : tw_M_value_1 | {5 6 }
	Port: fft_fast : tw_M_value | {5 6 }
  - Chain level:
	State 1
		store_ln19 : 1
		store_ln19 : 1
	State 2
	State 3
		icmp_ln19 : 1
		br_ln19 : 2
		zext_ln19 : 1
		m : 2
		m2 : 3
		zext_ln21 : 4
		trunc_ln22 : 1
		zext_ln22 : 3
	State 4
		tmp : 1
		icmp_ln22 : 2
		br_ln22 : 3
		trunc_ln22_1 : 1
		add_ln22 : 1
		ti_1 : 1
		store_ln19 : 1
		store_ln19 : 2
	State 5
	State 6


============================================================
+ Verbose Summary: Datapath Resource usage 
============================================================

* Functional unit list:
|----------|---------------------------------------------|---------|---------|---------|---------|
| Operation|               Functional Unit               |   DSP   |  Delay  |    FF   |   LUT   |
|----------|---------------------------------------------|---------|---------|---------|---------|
|   call   |  grp_fft_fast_Pipeline_VITIS_LOOP_8_1_fu_65 |    0    |   7.94  |   195   |    80   |
|          | grp_fft_fast_Pipeline_VITIS_LOOP_23_4_fu_75 |    16   |  15.88  |   1493  |   2221  |
|----------|---------------------------------------------|---------|---------|---------|---------|
|          |               add_ln22_fu_164               |    0    |    0    |    0    |    71   |
|    add   |                 ti_1_fu_169                 |    0    |    0    |    0    |    12   |
|          |                  s_3_fu_174                 |    0    |    0    |    0    |    13   |
|----------|---------------------------------------------|---------|---------|---------|---------|
|   icmp   |               icmp_ln19_fu_106              |    0    |    0    |    0    |    9    |
|          |               icmp_ln22_fu_154              |    0    |    0    |    0    |    25   |
|----------|---------------------------------------------|---------|---------|---------|---------|
|    shl   |                   m_fu_116                  |    0    |    0    |    0    |    9    |
|----------|---------------------------------------------|---------|---------|---------|---------|
|          |               zext_ln19_fu_112              |    0    |    0    |    0    |    0    |
|   zext   |               zext_ln21_fu_132              |    0    |    0    |    0    |    0    |
|          |               zext_ln22_fu_140              |    0    |    0    |    0    |    0    |
|----------|---------------------------------------------|---------|---------|---------|---------|
|partselect|                  m2_fu_122                  |    0    |    0    |    0    |    0    |
|          |                  tmp_fu_144                 |    0    |    0    |    0    |    0    |
|----------|---------------------------------------------|---------|---------|---------|---------|
|   trunc  |              trunc_ln22_fu_136              |    0    |    0    |    0    |    0    |
|          |             trunc_ln22_1_fu_160             |    0    |    0    |    0    |    0    |
|----------|---------------------------------------------|---------|---------|---------|---------|
|   Total  |                                             |    16   |  23.82  |   1688  |   2440  |
|----------|---------------------------------------------|---------|---------|---------|---------|

Memories:
N/A

* Register list:
+--------------------+--------+
|                    |   FF   |
+--------------------+--------+
|  add_ln22_reg_237  |   64   |
|      k_reg_54      |   64   |
|     m2_reg_209     |    9   |
|      s_reg_196     |    4   |
|     ti_reg_189     |   12   |
|trunc_ln22_1_reg_232|    9   |
| trunc_ln22_reg_219 |    9   |
|  zext_ln21_reg_214 |   12   |
|  zext_ln22_reg_224 |   64   |
+--------------------+--------+
|        Total       |   247  |
+--------------------+--------+

* Multiplexer (MUX) list: 
|--------|------|------|------|--------|
|  Comp  |  Pin | Size |  BW  | S x BW |
|--------|------|------|------|--------|
|  Total |      |      |      |    0   |
|--------|------|------|------|--------|



* Summary:
+-----------+--------+--------+--------+--------+
|           |   DSP  |  Delay |   FF   |   LUT  |
+-----------+--------+--------+--------+--------+
|  Function |   16   |   23   |  1688  |  2440  |
|   Memory  |    -   |    -   |    -   |    -   |
|Multiplexer|    -   |    -   |    -   |    -   |
|  Register |    -   |    -   |   247  |    -   |
+-----------+--------+--------+--------+--------+
|   Total   |   16   |   23   |  1935  |  2440  |
+-----------+--------+--------+--------+--------+
