

================================================================
== Vitis HLS Report for 'corr_multiplication'
================================================================
* Date:           Sun Apr 26 23:31:41 2026

* Version:        2022.1 (Build 3526262 on Mon Apr 18 15:47:01 MDT 2022)
* Project:        project_multiplication_ip
* Solution:       solution1 (Vivado IP Flow Target)
* Product family: zynq
* Target device:  xc7z020-clg484-1


================================================================
== Performance Estimates
================================================================
+ Timing: 
    * Summary: 
    +--------+----------+----------+------------+
    |  Clock |  Target  | Estimated| Uncertainty|
    +--------+----------+----------+------------+
    |ap_clk  |  10.00 ns|  7.256 ns|     2.70 ns|
    +--------+----------+----------+------------+

+ Latency: 
    * Summary: 
    +---------+---------+-----------+-----------+------+------+---------+
    |  Latency (cycles) |   Latency (absolute)  |   Interval  | Pipeline|
    |   min   |   max   |    min    |    max    |  min |  max |   Type  |
    +---------+---------+-----------+-----------+------+------+---------+
    |     2076|     2076|  20.760 us|  20.760 us|  2077|  2077|       no|
    +---------+---------+-----------+-----------+------+------+---------+

    + Detail: 
        * Instance: 
        +--------------------------------------------------------+----------------------------------------------+---------+---------+-----------+-----------+------+------+---------+
        |                                                        |                                              |  Latency (cycles) |   Latency (absolute)  |   Interval  | Pipeline|
        |                        Instance                        |                    Module                    |   min   |   max   |    min    |    max    |  min |  max |   Type  |
        +--------------------------------------------------------+----------------------------------------------+---------+---------+-----------+-----------+------+------+---------+
        |grp_corr_multiplication_Pipeline_VITIS_LOOP_27_1_fu_52  |corr_multiplication_Pipeline_VITIS_LOOP_27_1  |     1035|     1035|  10.350 us|  10.350 us|  1035|  1035|       no|
        |grp_corr_multiplication_Pipeline_VITIS_LOOP_45_2_fu_76  |corr_multiplication_Pipeline_VITIS_LOOP_45_2  |     1035|     1035|  10.350 us|  10.350 us|  1035|  1035|       no|
        +--------------------------------------------------------+----------------------------------------------+---------+---------+-----------+-----------+------+------+---------+

        * Loop: 
        N/A



================================================================
== Utilization Estimates
================================================================
* Summary: 
+-----------------+---------+-----+--------+-------+-----+
|       Name      | BRAM_18K| DSP |   FF   |  LUT  | URAM|
+-----------------+---------+-----+--------+-------+-----+
|DSP              |        -|    -|       -|      -|    -|
|Expression       |        -|    -|       0|      4|    -|
|FIFO             |        -|    -|       -|      -|    -|
|Instance         |        8|   16|    1816|   2318|    -|
|Memory           |        -|    -|       -|      -|    -|
|Multiplexer      |        -|    -|       -|    378|    -|
|Register         |        -|    -|       9|      -|    -|
+-----------------+---------+-----+--------+-------+-----+
|Total            |        8|   16|    1825|   2700|    0|
+-----------------+---------+-----+--------+-------+-----+
|Available        |      280|  220|  106400|  53200|    0|
+-----------------+---------+-----+--------+-------+-----+
|Utilization (%)  |        2|    7|       1|      5|    0|
+-----------------+---------+-----+--------+-------+-----+

+ Detail: 
    * Instance: 
    +--------------------------------------------------------+----------------------------------------------+---------+----+-----+-----+-----+
    |                        Instance                        |                    Module                    | BRAM_18K| DSP|  FF | LUT | URAM|
    +--------------------------------------------------------+----------------------------------------------+---------+----+-----+-----+-----+
    |grp_corr_multiplication_Pipeline_VITIS_LOOP_27_1_fu_52  |corr_multiplication_Pipeline_VITIS_LOOP_27_1  |        4|   0|  417|  127|    0|
    |grp_corr_multiplication_Pipeline_VITIS_LOOP_45_2_fu_76  |corr_multiplication_Pipeline_VITIS_LOOP_45_2  |        4|   0|  417|  127|    0|
    |fadd_32ns_32ns_32_5_full_dsp_1_U34                      |fadd_32ns_32ns_32_5_full_dsp_1                |        0|   2|  205|  390|    0|
    |fmul_32ns_32ns_32_4_max_dsp_1_U35                       |fmul_32ns_32ns_32_4_max_dsp_1                 |        0|   3|  143|  321|    0|
    |fmul_32ns_32ns_32_4_max_dsp_1_U36                       |fmul_32ns_32ns_32_4_max_dsp_1                 |        0|   3|  143|  321|    0|
    |fmul_32ns_32ns_32_4_max_dsp_1_U37                       |fmul_32ns_32ns_32_4_max_dsp_1                 |        0|   3|  143|  321|    0|
    |fmul_32ns_32ns_32_4_max_dsp_1_U38                       |fmul_32ns_32ns_32_4_max_dsp_1                 |        0|   3|  143|  321|    0|
    |fsub_32ns_32ns_32_5_full_dsp_1_U33                      |fsub_32ns_32ns_32_5_full_dsp_1                |        0|   2|  205|  390|    0|
    +--------------------------------------------------------+----------------------------------------------+---------+----+-----+-----+-----+
    |Total                                                   |                                              |        8|  16| 1816| 2318|    0|
    +--------------------------------------------------------+----------------------------------------------+---------+----+-----+-----+-----+

    * DSP: 
    N/A

    * Memory: 
    N/A

    * FIFO: 
    N/A

    * Expression: 
    +------------------------------------------------------------------------+----------+----+---+----+------------+------------+
    |                              Variable Name                             | Operation| DSP| FF| LUT| Bitwidth P0| Bitwidth P1|
    +------------------------------------------------------------------------+----------+----+---+----+------------+------------+
    |grp_corr_multiplication_Pipeline_VITIS_LOOP_27_1_fu_52_output_r_TREADY  |       and|   0|  0|   2|           1|           1|
    |grp_corr_multiplication_Pipeline_VITIS_LOOP_45_2_fu_76_output_r_TREADY  |       and|   0|  0|   2|           1|           1|
    +------------------------------------------------------------------------+----------+----+---+----+------------+------------+
    |Total                                                                   |          |   0|  0|   4|           2|           2|
    +------------------------------------------------------------------------+----------+----+---+----+------------+------------+

    * Multiplexer: 
    +------------------------------+----+-----------+-----+-----------+
    |             Name             | LUT| Input Size| Bits| Total Bits|
    +------------------------------+----+-----------+-----+-----------+
    |ap_NS_fsm                     |  42|          8|    1|          8|
    |grp_fu_100_ce                 |  14|          3|    1|          3|
    |grp_fu_100_p0                 |  14|          3|   32|         96|
    |grp_fu_100_p1                 |  14|          3|   32|         96|
    |grp_fu_104_ce                 |  14|          3|    1|          3|
    |grp_fu_104_p0                 |  14|          3|   32|         96|
    |grp_fu_104_p1                 |  14|          3|   32|         96|
    |grp_fu_108_ce                 |  14|          3|    1|          3|
    |grp_fu_108_p0                 |  14|          3|   32|         96|
    |grp_fu_108_p1                 |  14|          3|   32|         96|
    |grp_fu_112_ce                 |  14|          3|    1|          3|
    |grp_fu_112_p0                 |  14|          3|   32|         96|
    |grp_fu_112_p1                 |  14|          3|   32|         96|
    |grp_fu_116_ce                 |  14|          3|    1|          3|
    |grp_fu_116_p0                 |  14|          3|   32|         96|
    |grp_fu_116_p1                 |  14|          3|   32|         96|
    |grp_fu_120_ce                 |  14|          3|    1|          3|
    |grp_fu_120_p0                 |  14|          3|   32|         96|
    |grp_fu_120_p1                 |  14|          3|   32|         96|
    |input_r_TREADY_int_regslice   |  14|          3|    1|          3|
    |output_r_TDATA_int_regslice   |  14|          3|   64|        192|
    |output_r_TKEEP_int_regslice   |  14|          3|    8|         24|
    |output_r_TLAST_int_regslice   |  14|          3|    1|          3|
    |output_r_TSTRB_int_regslice   |  14|          3|    8|         24|
    |output_r_TVALID_int_regslice  |  14|          3|    1|          3|
    +------------------------------+----+-----------+-----+-----------+
    |Total                         | 378|         80|  474|       1427|
    +------------------------------+----+-----------+-----+-----------+

    * Register: 
    +---------------------------------------------------------------------+---+----+-----+-----------+
    |                                 Name                                | FF| LUT| Bits| Const Bits|
    +---------------------------------------------------------------------+---+----+-----+-----------+
    |ap_CS_fsm                                                            |  7|   0|    7|          0|
    |grp_corr_multiplication_Pipeline_VITIS_LOOP_27_1_fu_52_ap_start_reg  |  1|   0|    1|          0|
    |grp_corr_multiplication_Pipeline_VITIS_LOOP_45_2_fu_76_ap_start_reg  |  1|   0|    1|          0|
    +---------------------------------------------------------------------+---+----+-----+-----------+
    |Total                                                                |  9|   0|    9|          0|
    +---------------------------------------------------------------------+---+----+-----+-----------+



================================================================
== Interface
================================================================
* Summary: 
+-----------------+-----+-----+--------------+---------------------+--------------+
|    RTL Ports    | Dir | Bits|   Protocol   |    Source Object    |    C Type    |
+-----------------+-----+-----+--------------+---------------------+--------------+
|ap_clk           |   in|    1|  ap_ctrl_none|  corr_multiplication|  return value|
|ap_rst_n         |   in|    1|  ap_ctrl_none|  corr_multiplication|  return value|
|input_r_TDATA    |   in|   64|          axis|     input_r_V_data_V|       pointer|
|input_r_TVALID   |   in|    1|          axis|     input_r_V_last_V|       pointer|
|input_r_TREADY   |  out|    1|          axis|     input_r_V_last_V|       pointer|
|input_r_TLAST    |   in|    1|          axis|     input_r_V_last_V|       pointer|
|input_r_TKEEP    |   in|    8|          axis|     input_r_V_keep_V|       pointer|
|input_r_TSTRB    |   in|    8|          axis|     input_r_V_strb_V|       pointer|
|output_r_TDATA   |  out|   64|          axis|    output_r_V_data_V|       pointer|
|output_r_TVALID  |  out|    1|          axis|    output_r_V_last_V|       pointer|
|output_r_TREADY  |   in|    1|          axis|    output_r_V_last_V|       pointer|
|output_r_TLAST   |  out|    1|          axis|    output_r_V_last_V|       pointer|
|output_r_TKEEP   |  out|    8|          axis|    output_r_V_keep_V|       pointer|
|output_r_TSTRB   |  out|    8|          axis|    output_r_V_strb_V|       pointer|
+-----------------+-----+-----+--------------+---------------------+--------------+

