
*** Running vivado
    with args -log design_1_ifft_1024_top_0_0.vds -m64 -product Vivado -mode batch -messageDb vivado.pb -notrace -source design_1_ifft_1024_top_0_0.tcl


****** Vivado v2022.1 (64-bit)
  **** SW Build 3526262 on Mon Apr 18 15:47:01 MDT 2022
  **** IP Build 3524634 on Mon Apr 18 20:55:01 MDT 2022
    ** Copyright 1986-2022 Xilinx, Inc. All Rights Reserved.

source design_1_ifft_1024_top_0_0.tcl -notrace
INFO: [IP_Flow 19-234] Refreshing IP repositories
INFO: [IP_Flow 19-1700] Loaded user IP repository '/mnt/arch/home/adi/repo/AELD_Lab_2026/as_close_as_midsem/doppler_fft_256'.
INFO: [IP_Flow 19-1700] Loaded user IP repository '/mnt/arch/home/adi/repo/AELD_Lab_2026/project_trigger_ip'.
INFO: [IP_Flow 19-1700] Loaded user IP repository '/mnt/arch/home/adi/repo/AELD_Lab_2026/HLS_WLO_1_CRAZY_DROP/fft_project_wlo'.
INFO: [IP_Flow 19-1700] Loaded user IP repository '/mnt/arch/home/adi/repo/AELD_Lab_2026/HLS_WLO_1_CRAZY_DROP/ifft_project_wlo'.
INFO: [IP_Flow 19-1700] Loaded user IP repository '/mnt/arch/home/adi/repo/AELD_Lab_2026/HLS_WLO_1_CRAZY_DROP/mult_project_wlo'.
INFO: [IP_Flow 19-2313] Loaded Vivado IP repository '/tools/Xilinx/Vivado/2022.1/data/ip'.
Command: synth_design -top design_1_ifft_1024_top_0_0 -part xc7z020clg484-1 -incremental_mode off -mode out_of_context
Starting synth_design
Attempting to get a license for feature 'Synthesis' and/or device 'xc7z020'
INFO: [Common 17-349] Got license for feature 'Synthesis' and/or device 'xc7z020'
INFO: [Device 21-403] Loading part xc7z020clg484-1
INFO: [Synth 8-7079] Multithreading enabled for synth_design using a maximum of 4 processes.
INFO: [Synth 8-7078] Launching helper process for spawning children vivado processes
INFO: [Synth 8-7075] Helper process launched with PID 95008
WARNING: [Synth 8-9501] generate block is allowed only inside loop and conditional generate in SystemVerilog mode [/tools/Xilinx/Vivado/2022.1/data/ip/xpm/xpm_fifo/hdl/xpm_fifo.sv:4023]
---------------------------------------------------------------------------------
Starting RTL Elaboration : Time (s): cpu = 00:00:04 ; elapsed = 00:00:06 . Memory (MB): peak = 3128.215 ; gain = 7.926 ; free physical = 3062 ; free virtual = 3659
---------------------------------------------------------------------------------
INFO: [Synth 8-6157] synthesizing module 'design_1_ifft_1024_top_0_0' [/mnt/arch/home/adi/repo/AELD_Lab_2026/HLS_WLO/Vivado_golay_WLO_corr_full/Vivado_golay_WLO_corr_full.gen/sources_1/bd/design_1/ip/design_1_ifft_1024_top_0_0/synth/design_1_ifft_1024_top_0_0.v:53]
INFO: [Synth 8-6157] synthesizing module 'ifft_1024_top' [/mnt/arch/home/adi/repo/AELD_Lab_2026/HLS_WLO/Vivado_golay_WLO_corr_full/Vivado_golay_WLO_corr_full.gen/sources_1/bd/design_1/ipshared/a1fe/hdl/verilog/ifft_1024_top.v:10]
INFO: [Synth 8-6157] synthesizing module 'ifft_1024_top_ga_M_real_V_RAM_AUTO_1R1W' [/mnt/arch/home/adi/repo/AELD_Lab_2026/HLS_WLO/Vivado_golay_WLO_corr_full/Vivado_golay_WLO_corr_full.gen/sources_1/bd/design_1/ipshared/a1fe/hdl/verilog/ifft_1024_top_ga_M_real_V_RAM_AUTO_1R1W.v:7]
INFO: [Synth 8-6155] done synthesizing module 'ifft_1024_top_ga_M_real_V_RAM_AUTO_1R1W' (0#1) [/mnt/arch/home/adi/repo/AELD_Lab_2026/HLS_WLO/Vivado_golay_WLO_corr_full/Vivado_golay_WLO_corr_full.gen/sources_1/bd/design_1/ipshared/a1fe/hdl/verilog/ifft_1024_top_ga_M_real_V_RAM_AUTO_1R1W.v:7]
INFO: [Synth 8-6157] synthesizing module 'ifft_1024_top_ifft_1024_top_Pipeline_VITIS_LOOP_57_1' [/mnt/arch/home/adi/repo/AELD_Lab_2026/HLS_WLO/Vivado_golay_WLO_corr_full/Vivado_golay_WLO_corr_full.gen/sources_1/bd/design_1/ipshared/a1fe/hdl/verilog/ifft_1024_top_ifft_1024_top_Pipeline_VITIS_LOOP_57_1.v:10]
INFO: [Synth 8-6157] synthesizing module 'ifft_1024_top_flow_control_loop_pipe_sequential_init' [/mnt/arch/home/adi/repo/AELD_Lab_2026/HLS_WLO/Vivado_golay_WLO_corr_full/Vivado_golay_WLO_corr_full.gen/sources_1/bd/design_1/ipshared/a1fe/hdl/verilog/ifft_1024_top_flow_control_loop_pipe_sequential_init.v:9]
INFO: [Synth 8-6155] done synthesizing module 'ifft_1024_top_flow_control_loop_pipe_sequential_init' (0#1) [/mnt/arch/home/adi/repo/AELD_Lab_2026/HLS_WLO/Vivado_golay_WLO_corr_full/Vivado_golay_WLO_corr_full.gen/sources_1/bd/design_1/ipshared/a1fe/hdl/verilog/ifft_1024_top_flow_control_loop_pipe_sequential_init.v:9]
INFO: [Synth 8-6155] done synthesizing module 'ifft_1024_top_ifft_1024_top_Pipeline_VITIS_LOOP_57_1' (0#1) [/mnt/arch/home/adi/repo/AELD_Lab_2026/HLS_WLO/Vivado_golay_WLO_corr_full/Vivado_golay_WLO_corr_full.gen/sources_1/bd/design_1/ipshared/a1fe/hdl/verilog/ifft_1024_top_ifft_1024_top_Pipeline_VITIS_LOOP_57_1.v:10]
INFO: [Synth 8-6157] synthesizing module 'ifft_1024_top_ifft_1024_top_Pipeline_VITIS_LOOP_63_2' [/mnt/arch/home/adi/repo/AELD_Lab_2026/HLS_WLO/Vivado_golay_WLO_corr_full/Vivado_golay_WLO_corr_full.gen/sources_1/bd/design_1/ipshared/a1fe/hdl/verilog/ifft_1024_top_ifft_1024_top_Pipeline_VITIS_LOOP_63_2.v:10]
INFO: [Synth 8-6155] done synthesizing module 'ifft_1024_top_ifft_1024_top_Pipeline_VITIS_LOOP_63_2' (0#1) [/mnt/arch/home/adi/repo/AELD_Lab_2026/HLS_WLO/Vivado_golay_WLO_corr_full/Vivado_golay_WLO_corr_full.gen/sources_1/bd/design_1/ipshared/a1fe/hdl/verilog/ifft_1024_top_ifft_1024_top_Pipeline_VITIS_LOOP_63_2.v:10]
INFO: [Synth 8-6157] synthesizing module 'ifft_1024_top_ifft_fast' [/mnt/arch/home/adi/repo/AELD_Lab_2026/HLS_WLO/Vivado_golay_WLO_corr_full/Vivado_golay_WLO_corr_full.gen/sources_1/bd/design_1/ipshared/a1fe/hdl/verilog/ifft_1024_top_ifft_fast.v:10]
INFO: [Synth 8-6157] synthesizing module 'ifft_1024_top_ifft_fast_Pipeline_VITIS_LOOP_12_1' [/mnt/arch/home/adi/repo/AELD_Lab_2026/HLS_WLO/Vivado_golay_WLO_corr_full/Vivado_golay_WLO_corr_full.gen/sources_1/bd/design_1/ipshared/a1fe/hdl/verilog/ifft_1024_top_ifft_fast_Pipeline_VITIS_LOOP_12_1.v:10]
INFO: [Synth 8-6157] synthesizing module 'ifft_1024_top_ifft_fast_Pipeline_VITIS_LOOP_12_1_br_lut_ROM_AUTO_1R' [/mnt/arch/home/adi/repo/AELD_Lab_2026/HLS_WLO/Vivado_golay_WLO_corr_full/Vivado_golay_WLO_corr_full.gen/sources_1/bd/design_1/ipshared/a1fe/hdl/verilog/ifft_1024_top_ifft_fast_Pipeline_VITIS_LOOP_12_1_br_lut_ROM_AUTO_1R.v:7]
INFO: [Synth 8-3876] $readmem data file './ifft_1024_top_ifft_fast_Pipeline_VITIS_LOOP_12_1_br_lut_ROM_AUTO_1R.dat' is read successfully [/mnt/arch/home/adi/repo/AELD_Lab_2026/HLS_WLO/Vivado_golay_WLO_corr_full/Vivado_golay_WLO_corr_full.gen/sources_1/bd/design_1/ipshared/a1fe/hdl/verilog/ifft_1024_top_ifft_fast_Pipeline_VITIS_LOOP_12_1_br_lut_ROM_AUTO_1R.v:23]
INFO: [Synth 8-6155] done synthesizing module 'ifft_1024_top_ifft_fast_Pipeline_VITIS_LOOP_12_1_br_lut_ROM_AUTO_1R' (0#1) [/mnt/arch/home/adi/repo/AELD_Lab_2026/HLS_WLO/Vivado_golay_WLO_corr_full/Vivado_golay_WLO_corr_full.gen/sources_1/bd/design_1/ipshared/a1fe/hdl/verilog/ifft_1024_top_ifft_fast_Pipeline_VITIS_LOOP_12_1_br_lut_ROM_AUTO_1R.v:7]
INFO: [Synth 8-6155] done synthesizing module 'ifft_1024_top_ifft_fast_Pipeline_VITIS_LOOP_12_1' (0#1) [/mnt/arch/home/adi/repo/AELD_Lab_2026/HLS_WLO/Vivado_golay_WLO_corr_full/Vivado_golay_WLO_corr_full.gen/sources_1/bd/design_1/ipshared/a1fe/hdl/verilog/ifft_1024_top_ifft_fast_Pipeline_VITIS_LOOP_12_1.v:10]
INFO: [Synth 8-6157] synthesizing module 'ifft_1024_top_ifft_fast_Pipeline_VITIS_LOOP_26_4' [/mnt/arch/home/adi/repo/AELD_Lab_2026/HLS_WLO/Vivado_golay_WLO_corr_full/Vivado_golay_WLO_corr_full.gen/sources_1/bd/design_1/ipshared/a1fe/hdl/verilog/ifft_1024_top_ifft_fast_Pipeline_VITIS_LOOP_26_4.v:10]
INFO: [Synth 8-6157] synthesizing module 'ifft_1024_top_ifft_fast_Pipeline_VITIS_LOOP_26_4_tw_M_real_V_ROM_AUTO_1R' [/mnt/arch/home/adi/repo/AELD_Lab_2026/HLS_WLO/Vivado_golay_WLO_corr_full/Vivado_golay_WLO_corr_full.gen/sources_1/bd/design_1/ipshared/a1fe/hdl/verilog/ifft_1024_top_ifft_fast_Pipeline_VITIS_LOOP_26_4_tw_M_real_V_ROM_AUTO_1R.v:7]
INFO: [Synth 8-3876] $readmem data file './ifft_1024_top_ifft_fast_Pipeline_VITIS_LOOP_26_4_tw_M_real_V_ROM_AUTO_1R.dat' is read successfully [/mnt/arch/home/adi/repo/AELD_Lab_2026/HLS_WLO/Vivado_golay_WLO_corr_full/Vivado_golay_WLO_corr_full.gen/sources_1/bd/design_1/ipshared/a1fe/hdl/verilog/ifft_1024_top_ifft_fast_Pipeline_VITIS_LOOP_26_4_tw_M_real_V_ROM_AUTO_1R.v:23]
INFO: [Synth 8-6155] done synthesizing module 'ifft_1024_top_ifft_fast_Pipeline_VITIS_LOOP_26_4_tw_M_real_V_ROM_AUTO_1R' (0#1) [/mnt/arch/home/adi/repo/AELD_Lab_2026/HLS_WLO/Vivado_golay_WLO_corr_full/Vivado_golay_WLO_corr_full.gen/sources_1/bd/design_1/ipshared/a1fe/hdl/verilog/ifft_1024_top_ifft_fast_Pipeline_VITIS_LOOP_26_4_tw_M_real_V_ROM_AUTO_1R.v:7]
INFO: [Synth 8-6157] synthesizing module 'ifft_1024_top_ifft_fast_Pipeline_VITIS_LOOP_26_4_tw_M_imag_V_ROM_AUTO_1R' [/mnt/arch/home/adi/repo/AELD_Lab_2026/HLS_WLO/Vivado_golay_WLO_corr_full/Vivado_golay_WLO_corr_full.gen/sources_1/bd/design_1/ipshared/a1fe/hdl/verilog/ifft_1024_top_ifft_fast_Pipeline_VITIS_LOOP_26_4_tw_M_imag_V_ROM_AUTO_1R.v:7]
INFO: [Synth 8-3876] $readmem data file './ifft_1024_top_ifft_fast_Pipeline_VITIS_LOOP_26_4_tw_M_imag_V_ROM_AUTO_1R.dat' is read successfully [/mnt/arch/home/adi/repo/AELD_Lab_2026/HLS_WLO/Vivado_golay_WLO_corr_full/Vivado_golay_WLO_corr_full.gen/sources_1/bd/design_1/ipshared/a1fe/hdl/verilog/ifft_1024_top_ifft_fast_Pipeline_VITIS_LOOP_26_4_tw_M_imag_V_ROM_AUTO_1R.v:23]
INFO: [Synth 8-6155] done synthesizing module 'ifft_1024_top_ifft_fast_Pipeline_VITIS_LOOP_26_4_tw_M_imag_V_ROM_AUTO_1R' (0#1) [/mnt/arch/home/adi/repo/AELD_Lab_2026/HLS_WLO/Vivado_golay_WLO_corr_full/Vivado_golay_WLO_corr_full.gen/sources_1/bd/design_1/ipshared/a1fe/hdl/verilog/ifft_1024_top_ifft_fast_Pipeline_VITIS_LOOP_26_4_tw_M_imag_V_ROM_AUTO_1R.v:7]
INFO: [Synth 8-6157] synthesizing module 'ifft_1024_top_mul_24s_24s_46_1_1' [/mnt/arch/home/adi/repo/AELD_Lab_2026/HLS_WLO/Vivado_golay_WLO_corr_full/Vivado_golay_WLO_corr_full.gen/sources_1/bd/design_1/ipshared/a1fe/hdl/verilog/ifft_1024_top_mul_24s_24s_46_1_1.v:9]
INFO: [Synth 8-6155] done synthesizing module 'ifft_1024_top_mul_24s_24s_46_1_1' (0#1) [/mnt/arch/home/adi/repo/AELD_Lab_2026/HLS_WLO/Vivado_golay_WLO_corr_full/Vivado_golay_WLO_corr_full.gen/sources_1/bd/design_1/ipshared/a1fe/hdl/verilog/ifft_1024_top_mul_24s_24s_46_1_1.v:9]
INFO: [Synth 8-6157] synthesizing module 'ifft_1024_top_mul_24s_23ns_46_1_1' [/mnt/arch/home/adi/repo/AELD_Lab_2026/HLS_WLO/Vivado_golay_WLO_corr_full/Vivado_golay_WLO_corr_full.gen/sources_1/bd/design_1/ipshared/a1fe/hdl/verilog/ifft_1024_top_mul_24s_23ns_46_1_1.v:9]
INFO: [Synth 8-6155] done synthesizing module 'ifft_1024_top_mul_24s_23ns_46_1_1' (0#1) [/mnt/arch/home/adi/repo/AELD_Lab_2026/HLS_WLO/Vivado_golay_WLO_corr_full/Vivado_golay_WLO_corr_full.gen/sources_1/bd/design_1/ipshared/a1fe/hdl/verilog/ifft_1024_top_mul_24s_23ns_46_1_1.v:9]
INFO: [Synth 8-6155] done synthesizing module 'ifft_1024_top_ifft_fast_Pipeline_VITIS_LOOP_26_4' (0#1) [/mnt/arch/home/adi/repo/AELD_Lab_2026/HLS_WLO/Vivado_golay_WLO_corr_full/Vivado_golay_WLO_corr_full.gen/sources_1/bd/design_1/ipshared/a1fe/hdl/verilog/ifft_1024_top_ifft_fast_Pipeline_VITIS_LOOP_26_4.v:10]
INFO: [Synth 8-6155] done synthesizing module 'ifft_1024_top_ifft_fast' (0#1) [/mnt/arch/home/adi/repo/AELD_Lab_2026/HLS_WLO/Vivado_golay_WLO_corr_full/Vivado_golay_WLO_corr_full.gen/sources_1/bd/design_1/ipshared/a1fe/hdl/verilog/ifft_1024_top_ifft_fast.v:10]
INFO: [Synth 8-6157] synthesizing module 'ifft_1024_top_ifft_1024_top_Pipeline_VITIS_LOOP_72_3' [/mnt/arch/home/adi/repo/AELD_Lab_2026/HLS_WLO/Vivado_golay_WLO_corr_full/Vivado_golay_WLO_corr_full.gen/sources_1/bd/design_1/ipshared/a1fe/hdl/verilog/ifft_1024_top_ifft_1024_top_Pipeline_VITIS_LOOP_72_3.v:10]
INFO: [Synth 8-6155] done synthesizing module 'ifft_1024_top_ifft_1024_top_Pipeline_VITIS_LOOP_72_3' (0#1) [/mnt/arch/home/adi/repo/AELD_Lab_2026/HLS_WLO/Vivado_golay_WLO_corr_full/Vivado_golay_WLO_corr_full.gen/sources_1/bd/design_1/ipshared/a1fe/hdl/verilog/ifft_1024_top_ifft_1024_top_Pipeline_VITIS_LOOP_72_3.v:10]
INFO: [Synth 8-6157] synthesizing module 'ifft_1024_top_fmul_32ns_32ns_32_4_max_dsp_1' [/mnt/arch/home/adi/repo/AELD_Lab_2026/HLS_WLO/Vivado_golay_WLO_corr_full/Vivado_golay_WLO_corr_full.gen/sources_1/bd/design_1/ipshared/a1fe/hdl/verilog/ifft_1024_top_fmul_32ns_32ns_32_4_max_dsp_1.v:9]
INFO: [Synth 8-6157] synthesizing module 'ifft_1024_top_fmul_32ns_32ns_32_4_max_dsp_1_ip' [/mnt/arch/home/adi/repo/AELD_Lab_2026/HLS_WLO/Vivado_golay_WLO_corr_full/Vivado_golay_WLO_corr_full.gen/sources_1/bd/design_1/ipshared/a1fe/hdl/ip/ifft_1024_top_fmul_32ns_32ns_32_4_max_dsp_1_ip.v:53]
INFO: [Synth 8-6157] synthesizing module 'LUT1' [/tools/Xilinx/Vivado/2022.1/scripts/rt/data/unisim_comp.v:62648]
INFO: [Synth 8-6155] done synthesizing module 'LUT1' (0#1) [/tools/Xilinx/Vivado/2022.1/scripts/rt/data/unisim_comp.v:62648]
INFO: [Synth 8-6155] done synthesizing module 'ifft_1024_top_fmul_32ns_32ns_32_4_max_dsp_1_ip' (0#1) [/mnt/arch/home/adi/repo/AELD_Lab_2026/HLS_WLO/Vivado_golay_WLO_corr_full/Vivado_golay_WLO_corr_full.gen/sources_1/bd/design_1/ipshared/a1fe/hdl/ip/ifft_1024_top_fmul_32ns_32ns_32_4_max_dsp_1_ip.v:53]
INFO: [Synth 8-6155] done synthesizing module 'ifft_1024_top_fmul_32ns_32ns_32_4_max_dsp_1' (0#1) [/mnt/arch/home/adi/repo/AELD_Lab_2026/HLS_WLO/Vivado_golay_WLO_corr_full/Vivado_golay_WLO_corr_full.gen/sources_1/bd/design_1/ipshared/a1fe/hdl/verilog/ifft_1024_top_fmul_32ns_32ns_32_4_max_dsp_1.v:9]
INFO: [Synth 8-6157] synthesizing module 'ifft_1024_top_fpext_32ns_64_2_no_dsp_1' [/mnt/arch/home/adi/repo/AELD_Lab_2026/HLS_WLO/Vivado_golay_WLO_corr_full/Vivado_golay_WLO_corr_full.gen/sources_1/bd/design_1/ipshared/a1fe/hdl/verilog/ifft_1024_top_fpext_32ns_64_2_no_dsp_1.v:9]
INFO: [Synth 8-6157] synthesizing module 'ifft_1024_top_fpext_32ns_64_2_no_dsp_1_ip' [/mnt/arch/home/adi/repo/AELD_Lab_2026/HLS_WLO/Vivado_golay_WLO_corr_full/Vivado_golay_WLO_corr_full.gen/sources_1/bd/design_1/ipshared/a1fe/hdl/ip/ifft_1024_top_fpext_32ns_64_2_no_dsp_1_ip.v:53]
INFO: [Synth 8-6155] done synthesizing module 'ifft_1024_top_fpext_32ns_64_2_no_dsp_1_ip' (0#1) [/mnt/arch/home/adi/repo/AELD_Lab_2026/HLS_WLO/Vivado_golay_WLO_corr_full/Vivado_golay_WLO_corr_full.gen/sources_1/bd/design_1/ipshared/a1fe/hdl/ip/ifft_1024_top_fpext_32ns_64_2_no_dsp_1_ip.v:53]
INFO: [Synth 8-6155] done synthesizing module 'ifft_1024_top_fpext_32ns_64_2_no_dsp_1' (0#1) [/mnt/arch/home/adi/repo/AELD_Lab_2026/HLS_WLO/Vivado_golay_WLO_corr_full/Vivado_golay_WLO_corr_full.gen/sources_1/bd/design_1/ipshared/a1fe/hdl/verilog/ifft_1024_top_fpext_32ns_64_2_no_dsp_1.v:9]
INFO: [Synth 8-6157] synthesizing module 'ifft_1024_top_regslice_both' [/mnt/arch/home/adi/repo/AELD_Lab_2026/HLS_WLO/Vivado_golay_WLO_corr_full/Vivado_golay_WLO_corr_full.gen/sources_1/bd/design_1/ipshared/a1fe/hdl/verilog/ifft_1024_top_regslice_both.v:9]
INFO: [Synth 8-6155] done synthesizing module 'ifft_1024_top_regslice_both' (0#1) [/mnt/arch/home/adi/repo/AELD_Lab_2026/HLS_WLO/Vivado_golay_WLO_corr_full/Vivado_golay_WLO_corr_full.gen/sources_1/bd/design_1/ipshared/a1fe/hdl/verilog/ifft_1024_top_regslice_both.v:9]
INFO: [Synth 8-6157] synthesizing module 'ifft_1024_top_regslice_both__parameterized0' [/mnt/arch/home/adi/repo/AELD_Lab_2026/HLS_WLO/Vivado_golay_WLO_corr_full/Vivado_golay_WLO_corr_full.gen/sources_1/bd/design_1/ipshared/a1fe/hdl/verilog/ifft_1024_top_regslice_both.v:9]
INFO: [Synth 8-6155] done synthesizing module 'ifft_1024_top_regslice_both__parameterized0' (0#1) [/mnt/arch/home/adi/repo/AELD_Lab_2026/HLS_WLO/Vivado_golay_WLO_corr_full/Vivado_golay_WLO_corr_full.gen/sources_1/bd/design_1/ipshared/a1fe/hdl/verilog/ifft_1024_top_regslice_both.v:9]
INFO: [Synth 8-6157] synthesizing module 'ifft_1024_top_regslice_both__parameterized1' [/mnt/arch/home/adi/repo/AELD_Lab_2026/HLS_WLO/Vivado_golay_WLO_corr_full/Vivado_golay_WLO_corr_full.gen/sources_1/bd/design_1/ipshared/a1fe/hdl/verilog/ifft_1024_top_regslice_both.v:9]
INFO: [Synth 8-6155] done synthesizing module 'ifft_1024_top_regslice_both__parameterized1' (0#1) [/mnt/arch/home/adi/repo/AELD_Lab_2026/HLS_WLO/Vivado_golay_WLO_corr_full/Vivado_golay_WLO_corr_full.gen/sources_1/bd/design_1/ipshared/a1fe/hdl/verilog/ifft_1024_top_regslice_both.v:9]
INFO: [Synth 8-6155] done synthesizing module 'ifft_1024_top' (0#1) [/mnt/arch/home/adi/repo/AELD_Lab_2026/HLS_WLO/Vivado_golay_WLO_corr_full/Vivado_golay_WLO_corr_full.gen/sources_1/bd/design_1/ipshared/a1fe/hdl/verilog/ifft_1024_top.v:10]
INFO: [Synth 8-6155] done synthesizing module 'design_1_ifft_1024_top_0_0' (0#1) [/mnt/arch/home/adi/repo/AELD_Lab_2026/HLS_WLO/Vivado_golay_WLO_corr_full/Vivado_golay_WLO_corr_full.gen/sources_1/bd/design_1/ip/design_1_ifft_1024_top_0_0/synth/design_1_ifft_1024_top_0_0.v:53]
WARNING: [Synth 8-7129] Port CLK in module xbip_pipe_v3_0_6_viv__parameterized5 is either unconnected or has no load
WARNING: [Synth 8-7129] Port CE in module xbip_pipe_v3_0_6_viv__parameterized5 is either unconnected or has no load
WARNING: [Synth 8-7129] Port SCLR in module xbip_pipe_v3_0_6_viv__parameterized5 is either unconnected or has no load
WARNING: [Synth 8-7129] Port SSET in module xbip_pipe_v3_0_6_viv__parameterized5 is either unconnected or has no load
WARNING: [Synth 8-7129] Port SINIT in module xbip_pipe_v3_0_6_viv__parameterized5 is either unconnected or has no load
WARNING: [Synth 8-7129] Port CLK in module xbip_pipe_v3_0_6_viv__parameterized50 is either unconnected or has no load
WARNING: [Synth 8-7129] Port CE in module xbip_pipe_v3_0_6_viv__parameterized50 is either unconnected or has no load
WARNING: [Synth 8-7129] Port SCLR in module xbip_pipe_v3_0_6_viv__parameterized50 is either unconnected or has no load
WARNING: [Synth 8-7129] Port SSET in module xbip_pipe_v3_0_6_viv__parameterized50 is either unconnected or has no load
WARNING: [Synth 8-7129] Port SINIT in module xbip_pipe_v3_0_6_viv__parameterized50 is either unconnected or has no load
WARNING: [Synth 8-7129] Port DEC_OP_STATE[11] in module flt_dec_op is either unconnected or has no load
WARNING: [Synth 8-7129] Port DEC_OP_STATE[10] in module flt_dec_op is either unconnected or has no load
WARNING: [Synth 8-7129] Port DEC_OP_STATE[9] in module flt_dec_op is either unconnected or has no load
WARNING: [Synth 8-7129] Port DEC_OP_STATE[8] in module flt_dec_op is either unconnected or has no load
WARNING: [Synth 8-7129] Port CLK in module flt_dec_op is either unconnected or has no load
WARNING: [Synth 8-7129] Port CE in module flt_dec_op is either unconnected or has no load
WARNING: [Synth 8-7129] Port CLK in module xbip_pipe_v3_0_6_viv__parameterized48 is either unconnected or has no load
WARNING: [Synth 8-7129] Port CE in module xbip_pipe_v3_0_6_viv__parameterized48 is either unconnected or has no load
WARNING: [Synth 8-7129] Port SCLR in module xbip_pipe_v3_0_6_viv__parameterized48 is either unconnected or has no load
WARNING: [Synth 8-7129] Port SSET in module xbip_pipe_v3_0_6_viv__parameterized48 is either unconnected or has no load
WARNING: [Synth 8-7129] Port SINIT in module xbip_pipe_v3_0_6_viv__parameterized48 is either unconnected or has no load
WARNING: [Synth 8-7129] Port CLK in module xbip_pipe_v3_0_6_viv__parameterized21 is either unconnected or has no load
WARNING: [Synth 8-7129] Port CE in module xbip_pipe_v3_0_6_viv__parameterized21 is either unconnected or has no load
WARNING: [Synth 8-7129] Port SCLR in module xbip_pipe_v3_0_6_viv__parameterized21 is either unconnected or has no load
WARNING: [Synth 8-7129] Port SSET in module xbip_pipe_v3_0_6_viv__parameterized21 is either unconnected or has no load
WARNING: [Synth 8-7129] Port SINIT in module xbip_pipe_v3_0_6_viv__parameterized21 is either unconnected or has no load
WARNING: [Synth 8-7129] Port CLK in module xbip_pipe_v3_0_6_viv__parameterized35 is either unconnected or has no load
WARNING: [Synth 8-7129] Port CE in module xbip_pipe_v3_0_6_viv__parameterized35 is either unconnected or has no load
WARNING: [Synth 8-7129] Port SCLR in module xbip_pipe_v3_0_6_viv__parameterized35 is either unconnected or has no load
WARNING: [Synth 8-7129] Port SSET in module xbip_pipe_v3_0_6_viv__parameterized35 is either unconnected or has no load
WARNING: [Synth 8-7129] Port SINIT in module xbip_pipe_v3_0_6_viv__parameterized35 is either unconnected or has no load
WARNING: [Synth 8-7129] Port CLK in module xbip_pipe_v3_0_6_viv__parameterized46 is either unconnected or has no load
WARNING: [Synth 8-7129] Port CE in module xbip_pipe_v3_0_6_viv__parameterized46 is either unconnected or has no load
WARNING: [Synth 8-7129] Port SCLR in module xbip_pipe_v3_0_6_viv__parameterized46 is either unconnected or has no load
WARNING: [Synth 8-7129] Port SSET in module xbip_pipe_v3_0_6_viv__parameterized46 is either unconnected or has no load
WARNING: [Synth 8-7129] Port SINIT in module xbip_pipe_v3_0_6_viv__parameterized46 is either unconnected or has no load
WARNING: [Synth 8-7129] Port CLK in module xbip_pipe_v3_0_6_viv__parameterized44 is either unconnected or has no load
WARNING: [Synth 8-7129] Port CE in module xbip_pipe_v3_0_6_viv__parameterized44 is either unconnected or has no load
WARNING: [Synth 8-7129] Port SCLR in module xbip_pipe_v3_0_6_viv__parameterized44 is either unconnected or has no load
WARNING: [Synth 8-7129] Port SSET in module xbip_pipe_v3_0_6_viv__parameterized44 is either unconnected or has no load
WARNING: [Synth 8-7129] Port SINIT in module xbip_pipe_v3_0_6_viv__parameterized44 is either unconnected or has no load
WARNING: [Synth 8-7129] Port CLK in module xbip_pipe_v3_0_6_viv__parameterized3 is either unconnected or has no load
WARNING: [Synth 8-7129] Port CE in module xbip_pipe_v3_0_6_viv__parameterized3 is either unconnected or has no load
WARNING: [Synth 8-7129] Port SCLR in module xbip_pipe_v3_0_6_viv__parameterized3 is either unconnected or has no load
WARNING: [Synth 8-7129] Port SSET in module xbip_pipe_v3_0_6_viv__parameterized3 is either unconnected or has no load
WARNING: [Synth 8-7129] Port SINIT in module xbip_pipe_v3_0_6_viv__parameterized3 is either unconnected or has no load
WARNING: [Synth 8-7129] Port CARRYS_OUT[0] in module compare_eq_im__parameterized0 is either unconnected or has no load
WARNING: [Synth 8-7129] Port A[31] in module special_detect__parameterized0 is either unconnected or has no load
WARNING: [Synth 8-7129] Port CLK in module xbip_pipe_v3_0_6_viv__parameterized42 is either unconnected or has no load
WARNING: [Synth 8-7129] Port CE in module xbip_pipe_v3_0_6_viv__parameterized42 is either unconnected or has no load
WARNING: [Synth 8-7129] Port SCLR in module xbip_pipe_v3_0_6_viv__parameterized42 is either unconnected or has no load
WARNING: [Synth 8-7129] Port SSET in module xbip_pipe_v3_0_6_viv__parameterized42 is either unconnected or has no load
WARNING: [Synth 8-7129] Port SINIT in module xbip_pipe_v3_0_6_viv__parameterized42 is either unconnected or has no load
WARNING: [Synth 8-7129] Port m_axis_result_tuser[0] in module floating_point_v7_1_14_viv__parameterized1 is either unconnected or has no load
WARNING: [Synth 8-7129] Port m_axis_result_tlast in module floating_point_v7_1_14_viv__parameterized1 is either unconnected or has no load
WARNING: [Synth 8-7129] Port aclken in module floating_point_v7_1_14_viv__parameterized1 is either unconnected or has no load
WARNING: [Synth 8-7129] Port aresetn in module floating_point_v7_1_14_viv__parameterized1 is either unconnected or has no load
WARNING: [Synth 8-7129] Port s_axis_a_tuser[0] in module floating_point_v7_1_14_viv__parameterized1 is either unconnected or has no load
WARNING: [Synth 8-7129] Port s_axis_a_tlast in module floating_point_v7_1_14_viv__parameterized1 is either unconnected or has no load
WARNING: [Synth 8-7129] Port s_axis_b_tvalid in module floating_point_v7_1_14_viv__parameterized1 is either unconnected or has no load
WARNING: [Synth 8-7129] Port s_axis_b_tdata[31] in module floating_point_v7_1_14_viv__parameterized1 is either unconnected or has no load
WARNING: [Synth 8-7129] Port s_axis_b_tdata[30] in module floating_point_v7_1_14_viv__parameterized1 is either unconnected or has no load
WARNING: [Synth 8-7129] Port s_axis_b_tdata[29] in module floating_point_v7_1_14_viv__parameterized1 is either unconnected or has no load
WARNING: [Synth 8-7129] Port s_axis_b_tdata[28] in module floating_point_v7_1_14_viv__parameterized1 is either unconnected or has no load
WARNING: [Synth 8-7129] Port s_axis_b_tdata[27] in module floating_point_v7_1_14_viv__parameterized1 is either unconnected or has no load
WARNING: [Synth 8-7129] Port s_axis_b_tdata[26] in module floating_point_v7_1_14_viv__parameterized1 is either unconnected or has no load
WARNING: [Synth 8-7129] Port s_axis_b_tdata[25] in module floating_point_v7_1_14_viv__parameterized1 is either unconnected or has no load
WARNING: [Synth 8-7129] Port s_axis_b_tdata[24] in module floating_point_v7_1_14_viv__parameterized1 is either unconnected or has no load
WARNING: [Synth 8-7129] Port s_axis_b_tdata[23] in module floating_point_v7_1_14_viv__parameterized1 is either unconnected or has no load
WARNING: [Synth 8-7129] Port s_axis_b_tdata[22] in module floating_point_v7_1_14_viv__parameterized1 is either unconnected or has no load
WARNING: [Synth 8-7129] Port s_axis_b_tdata[21] in module floating_point_v7_1_14_viv__parameterized1 is either unconnected or has no load
WARNING: [Synth 8-7129] Port s_axis_b_tdata[20] in module floating_point_v7_1_14_viv__parameterized1 is either unconnected or has no load
WARNING: [Synth 8-7129] Port s_axis_b_tdata[19] in module floating_point_v7_1_14_viv__parameterized1 is either unconnected or has no load
WARNING: [Synth 8-7129] Port s_axis_b_tdata[18] in module floating_point_v7_1_14_viv__parameterized1 is either unconnected or has no load
WARNING: [Synth 8-7129] Port s_axis_b_tdata[17] in module floating_point_v7_1_14_viv__parameterized1 is either unconnected or has no load
WARNING: [Synth 8-7129] Port s_axis_b_tdata[16] in module floating_point_v7_1_14_viv__parameterized1 is either unconnected or has no load
WARNING: [Synth 8-7129] Port s_axis_b_tdata[15] in module floating_point_v7_1_14_viv__parameterized1 is either unconnected or has no load
WARNING: [Synth 8-7129] Port s_axis_b_tdata[14] in module floating_point_v7_1_14_viv__parameterized1 is either unconnected or has no load
WARNING: [Synth 8-7129] Port s_axis_b_tdata[13] in module floating_point_v7_1_14_viv__parameterized1 is either unconnected or has no load
WARNING: [Synth 8-7129] Port s_axis_b_tdata[12] in module floating_point_v7_1_14_viv__parameterized1 is either unconnected or has no load
WARNING: [Synth 8-7129] Port s_axis_b_tdata[11] in module floating_point_v7_1_14_viv__parameterized1 is either unconnected or has no load
WARNING: [Synth 8-7129] Port s_axis_b_tdata[10] in module floating_point_v7_1_14_viv__parameterized1 is either unconnected or has no load
WARNING: [Synth 8-7129] Port s_axis_b_tdata[9] in module floating_point_v7_1_14_viv__parameterized1 is either unconnected or has no load
WARNING: [Synth 8-7129] Port s_axis_b_tdata[8] in module floating_point_v7_1_14_viv__parameterized1 is either unconnected or has no load
WARNING: [Synth 8-7129] Port s_axis_b_tdata[7] in module floating_point_v7_1_14_viv__parameterized1 is either unconnected or has no load
WARNING: [Synth 8-7129] Port s_axis_b_tdata[6] in module floating_point_v7_1_14_viv__parameterized1 is either unconnected or has no load
WARNING: [Synth 8-7129] Port s_axis_b_tdata[5] in module floating_point_v7_1_14_viv__parameterized1 is either unconnected or has no load
WARNING: [Synth 8-7129] Port s_axis_b_tdata[4] in module floating_point_v7_1_14_viv__parameterized1 is either unconnected or has no load
WARNING: [Synth 8-7129] Port s_axis_b_tdata[3] in module floating_point_v7_1_14_viv__parameterized1 is either unconnected or has no load
WARNING: [Synth 8-7129] Port s_axis_b_tdata[2] in module floating_point_v7_1_14_viv__parameterized1 is either unconnected or has no load
WARNING: [Synth 8-7129] Port s_axis_b_tdata[1] in module floating_point_v7_1_14_viv__parameterized1 is either unconnected or has no load
WARNING: [Synth 8-7129] Port s_axis_b_tdata[0] in module floating_point_v7_1_14_viv__parameterized1 is either unconnected or has no load
WARNING: [Synth 8-7129] Port s_axis_b_tuser[0] in module floating_point_v7_1_14_viv__parameterized1 is either unconnected or has no load
WARNING: [Synth 8-7129] Port s_axis_b_tlast in module floating_point_v7_1_14_viv__parameterized1 is either unconnected or has no load
WARNING: [Synth 8-7129] Port s_axis_c_tvalid in module floating_point_v7_1_14_viv__parameterized1 is either unconnected or has no load
WARNING: [Synth 8-7129] Port s_axis_c_tdata[31] in module floating_point_v7_1_14_viv__parameterized1 is either unconnected or has no load
WARNING: [Synth 8-7129] Port s_axis_c_tdata[30] in module floating_point_v7_1_14_viv__parameterized1 is either unconnected or has no load
WARNING: [Synth 8-7129] Port s_axis_c_tdata[29] in module floating_point_v7_1_14_viv__parameterized1 is either unconnected or has no load
WARNING: [Synth 8-7129] Port s_axis_c_tdata[28] in module floating_point_v7_1_14_viv__parameterized1 is either unconnected or has no load
WARNING: [Synth 8-7129] Port s_axis_c_tdata[27] in module floating_point_v7_1_14_viv__parameterized1 is either unconnected or has no load
INFO: [Common 17-14] Message 'Synth 8-7129' appears 100 times and further instances of the messages will be disabled. Use the Tcl command set_msg_config to change the current settings.
---------------------------------------------------------------------------------
Finished RTL Elaboration : Time (s): cpu = 00:00:07 ; elapsed = 00:00:09 . Memory (MB): peak = 3128.215 ; gain = 7.926 ; free physical = 3181 ; free virtual = 3824
---------------------------------------------------------------------------------
---------------------------------------------------------------------------------
Start Handling Custom Attributes
---------------------------------------------------------------------------------
---------------------------------------------------------------------------------
Finished Handling Custom Attributes : Time (s): cpu = 00:00:07 ; elapsed = 00:00:10 . Memory (MB): peak = 3128.215 ; gain = 7.926 ; free physical = 3175 ; free virtual = 3823
---------------------------------------------------------------------------------
---------------------------------------------------------------------------------
Finished RTL Optimization Phase 1 : Time (s): cpu = 00:00:07 ; elapsed = 00:00:10 . Memory (MB): peak = 3128.215 ; gain = 7.926 ; free physical = 3175 ; free virtual = 3823
---------------------------------------------------------------------------------
Netlist sorting complete. Time (s): cpu = 00:00:00.07 ; elapsed = 00:00:00.07 . Memory (MB): peak = 3128.215 ; gain = 0.000 ; free physical = 3136 ; free virtual = 3798
INFO: [Netlist 29-17] Analyzing 62 Unisim elements for replacement
INFO: [Netlist 29-28] Unisim Transformation completed in 0 CPU seconds
INFO: [Project 1-570] Preparing netlist for logic optimization

Processing XDC Constraints
Initializing timing engine
Parsing XDC File [/mnt/arch/home/adi/repo/AELD_Lab_2026/HLS_WLO/Vivado_golay_WLO_corr_full/Vivado_golay_WLO_corr_full.gen/sources_1/bd/design_1/ip/design_1_ifft_1024_top_0_0/constraints/ifft_1024_top_ooc.xdc] for cell 'inst'
Finished Parsing XDC File [/mnt/arch/home/adi/repo/AELD_Lab_2026/HLS_WLO/Vivado_golay_WLO_corr_full/Vivado_golay_WLO_corr_full.gen/sources_1/bd/design_1/ip/design_1_ifft_1024_top_0_0/constraints/ifft_1024_top_ooc.xdc] for cell 'inst'
Parsing XDC File [/mnt/arch/home/adi/repo/AELD_Lab_2026/HLS_WLO/Vivado_golay_WLO_corr_full/Vivado_golay_WLO_corr_full.runs/design_1_ifft_1024_top_0_0_synth_1/dont_touch.xdc]
Finished Parsing XDC File [/mnt/arch/home/adi/repo/AELD_Lab_2026/HLS_WLO/Vivado_golay_WLO_corr_full/Vivado_golay_WLO_corr_full.runs/design_1_ifft_1024_top_0_0_synth_1/dont_touch.xdc]
Completed Processing XDC Constraints

Netlist sorting complete. Time (s): cpu = 00:00:00.01 ; elapsed = 00:00:00 . Memory (MB): peak = 3192.246 ; gain = 0.000 ; free physical = 2762 ; free virtual = 3516
INFO: [Project 1-111] Unisim Transformation Summary:
No Unisim elements were transformed.

Constraint Validation Runtime : Time (s): cpu = 00:00:00.14 ; elapsed = 00:00:00.08 . Memory (MB): peak = 3192.246 ; gain = 0.000 ; free physical = 2743 ; free virtual = 3504
INFO: [Designutils 20-5008] Incremental synthesis strategy off
---------------------------------------------------------------------------------
Finished Constraint Validation : Time (s): cpu = 00:00:13 ; elapsed = 00:00:16 . Memory (MB): peak = 3192.246 ; gain = 71.957 ; free physical = 3013 ; free virtual = 3792
---------------------------------------------------------------------------------
---------------------------------------------------------------------------------
Start Loading Part and Timing Information
---------------------------------------------------------------------------------
Loading part: xc7z020clg484-1
---------------------------------------------------------------------------------
Finished Loading Part and Timing Information : Time (s): cpu = 00:00:13 ; elapsed = 00:00:16 . Memory (MB): peak = 3192.246 ; gain = 71.957 ; free physical = 3013 ; free virtual = 3791
---------------------------------------------------------------------------------
---------------------------------------------------------------------------------
Start Applying 'set_property' XDC Constraints
---------------------------------------------------------------------------------
Applied set_property KEEP_HIERARCHY = SOFT for inst. (constraint file  /mnt/arch/home/adi/repo/AELD_Lab_2026/HLS_WLO/Vivado_golay_WLO_corr_full/Vivado_golay_WLO_corr_full.runs/design_1_ifft_1024_top_0_0_synth_1/dont_touch.xdc, line 9).
---------------------------------------------------------------------------------
Finished applying 'set_property' XDC Constraints : Time (s): cpu = 00:00:13 ; elapsed = 00:00:16 . Memory (MB): peak = 3192.246 ; gain = 71.957 ; free physical = 3013 ; free virtual = 3792
---------------------------------------------------------------------------------
WARNING: [Synth 8-3936] Found unconnected internal register 'i_3_reg_651_pp0_iter9_reg_reg' and it is trimmed from '11' to '10' bits. [/mnt/arch/home/adi/repo/AELD_Lab_2026/HLS_WLO/Vivado_golay_WLO_corr_full/Vivado_golay_WLO_corr_full.gen/sources_1/bd/design_1/ipshared/a1fe/hdl/verilog/ifft_1024_top_ifft_1024_top_Pipeline_VITIS_LOOP_57_1.v:476]
WARNING: [Synth 8-3936] Found unconnected internal register 'i_3_reg_651_pp0_iter8_reg_reg' and it is trimmed from '11' to '10' bits. [/mnt/arch/home/adi/repo/AELD_Lab_2026/HLS_WLO/Vivado_golay_WLO_corr_full/Vivado_golay_WLO_corr_full.gen/sources_1/bd/design_1/ipshared/a1fe/hdl/verilog/ifft_1024_top_ifft_1024_top_Pipeline_VITIS_LOOP_57_1.v:475]
WARNING: [Synth 8-3936] Found unconnected internal register 'i_3_reg_651_pp0_iter7_reg_reg' and it is trimmed from '11' to '10' bits. [/mnt/arch/home/adi/repo/AELD_Lab_2026/HLS_WLO/Vivado_golay_WLO_corr_full/Vivado_golay_WLO_corr_full.gen/sources_1/bd/design_1/ipshared/a1fe/hdl/verilog/ifft_1024_top_ifft_1024_top_Pipeline_VITIS_LOOP_57_1.v:474]
WARNING: [Synth 8-3936] Found unconnected internal register 'i_3_reg_651_pp0_iter6_reg_reg' and it is trimmed from '11' to '10' bits. [/mnt/arch/home/adi/repo/AELD_Lab_2026/HLS_WLO/Vivado_golay_WLO_corr_full/Vivado_golay_WLO_corr_full.gen/sources_1/bd/design_1/ipshared/a1fe/hdl/verilog/ifft_1024_top_ifft_1024_top_Pipeline_VITIS_LOOP_57_1.v:473]
WARNING: [Synth 8-3936] Found unconnected internal register 'i_3_reg_651_pp0_iter5_reg_reg' and it is trimmed from '11' to '10' bits. [/mnt/arch/home/adi/repo/AELD_Lab_2026/HLS_WLO/Vivado_golay_WLO_corr_full/Vivado_golay_WLO_corr_full.gen/sources_1/bd/design_1/ipshared/a1fe/hdl/verilog/ifft_1024_top_ifft_1024_top_Pipeline_VITIS_LOOP_57_1.v:472]
WARNING: [Synth 8-3936] Found unconnected internal register 'i_3_reg_651_pp0_iter4_reg_reg' and it is trimmed from '11' to '10' bits. [/mnt/arch/home/adi/repo/AELD_Lab_2026/HLS_WLO/Vivado_golay_WLO_corr_full/Vivado_golay_WLO_corr_full.gen/sources_1/bd/design_1/ipshared/a1fe/hdl/verilog/ifft_1024_top_ifft_1024_top_Pipeline_VITIS_LOOP_57_1.v:471]
WARNING: [Synth 8-3936] Found unconnected internal register 'i_3_reg_651_pp0_iter3_reg_reg' and it is trimmed from '11' to '10' bits. [/mnt/arch/home/adi/repo/AELD_Lab_2026/HLS_WLO/Vivado_golay_WLO_corr_full/Vivado_golay_WLO_corr_full.gen/sources_1/bd/design_1/ipshared/a1fe/hdl/verilog/ifft_1024_top_ifft_1024_top_Pipeline_VITIS_LOOP_57_1.v:470]
WARNING: [Synth 8-3936] Found unconnected internal register 'i_3_reg_651_pp0_iter2_reg_reg' and it is trimmed from '11' to '10' bits. [/mnt/arch/home/adi/repo/AELD_Lab_2026/HLS_WLO/Vivado_golay_WLO_corr_full/Vivado_golay_WLO_corr_full.gen/sources_1/bd/design_1/ipshared/a1fe/hdl/verilog/ifft_1024_top_ifft_1024_top_Pipeline_VITIS_LOOP_57_1.v:469]
WARNING: [Synth 8-3936] Found unconnected internal register 'i_3_reg_651_pp0_iter1_reg_reg' and it is trimmed from '11' to '10' bits. [/mnt/arch/home/adi/repo/AELD_Lab_2026/HLS_WLO/Vivado_golay_WLO_corr_full/Vivado_golay_WLO_corr_full.gen/sources_1/bd/design_1/ipshared/a1fe/hdl/verilog/ifft_1024_top_ifft_1024_top_Pipeline_VITIS_LOOP_57_1.v:519]
WARNING: [Synth 8-3936] Found unconnected internal register 'i_3_reg_651_reg' and it is trimmed from '11' to '10' bits. [/mnt/arch/home/adi/repo/AELD_Lab_2026/HLS_WLO/Vivado_golay_WLO_corr_full/Vivado_golay_WLO_corr_full.gen/sources_1/bd/design_1/ipshared/a1fe/hdl/verilog/ifft_1024_top_ifft_1024_top_Pipeline_VITIS_LOOP_57_1.v:518]
WARNING: [Synth 8-3936] Found unconnected internal register 'i_reg_651_pp0_iter9_reg_reg' and it is trimmed from '11' to '10' bits. [/mnt/arch/home/adi/repo/AELD_Lab_2026/HLS_WLO/Vivado_golay_WLO_corr_full/Vivado_golay_WLO_corr_full.gen/sources_1/bd/design_1/ipshared/a1fe/hdl/verilog/ifft_1024_top_ifft_1024_top_Pipeline_VITIS_LOOP_63_2.v:476]
WARNING: [Synth 8-3936] Found unconnected internal register 'i_reg_651_pp0_iter8_reg_reg' and it is trimmed from '11' to '10' bits. [/mnt/arch/home/adi/repo/AELD_Lab_2026/HLS_WLO/Vivado_golay_WLO_corr_full/Vivado_golay_WLO_corr_full.gen/sources_1/bd/design_1/ipshared/a1fe/hdl/verilog/ifft_1024_top_ifft_1024_top_Pipeline_VITIS_LOOP_63_2.v:475]
WARNING: [Synth 8-3936] Found unconnected internal register 'i_reg_651_pp0_iter7_reg_reg' and it is trimmed from '11' to '10' bits. [/mnt/arch/home/adi/repo/AELD_Lab_2026/HLS_WLO/Vivado_golay_WLO_corr_full/Vivado_golay_WLO_corr_full.gen/sources_1/bd/design_1/ipshared/a1fe/hdl/verilog/ifft_1024_top_ifft_1024_top_Pipeline_VITIS_LOOP_63_2.v:474]
WARNING: [Synth 8-3936] Found unconnected internal register 'i_reg_651_pp0_iter6_reg_reg' and it is trimmed from '11' to '10' bits. [/mnt/arch/home/adi/repo/AELD_Lab_2026/HLS_WLO/Vivado_golay_WLO_corr_full/Vivado_golay_WLO_corr_full.gen/sources_1/bd/design_1/ipshared/a1fe/hdl/verilog/ifft_1024_top_ifft_1024_top_Pipeline_VITIS_LOOP_63_2.v:473]
WARNING: [Synth 8-3936] Found unconnected internal register 'i_reg_651_pp0_iter5_reg_reg' and it is trimmed from '11' to '10' bits. [/mnt/arch/home/adi/repo/AELD_Lab_2026/HLS_WLO/Vivado_golay_WLO_corr_full/Vivado_golay_WLO_corr_full.gen/sources_1/bd/design_1/ipshared/a1fe/hdl/verilog/ifft_1024_top_ifft_1024_top_Pipeline_VITIS_LOOP_63_2.v:472]
WARNING: [Synth 8-3936] Found unconnected internal register 'i_reg_651_pp0_iter4_reg_reg' and it is trimmed from '11' to '10' bits. [/mnt/arch/home/adi/repo/AELD_Lab_2026/HLS_WLO/Vivado_golay_WLO_corr_full/Vivado_golay_WLO_corr_full.gen/sources_1/bd/design_1/ipshared/a1fe/hdl/verilog/ifft_1024_top_ifft_1024_top_Pipeline_VITIS_LOOP_63_2.v:471]
WARNING: [Synth 8-3936] Found unconnected internal register 'i_reg_651_pp0_iter3_reg_reg' and it is trimmed from '11' to '10' bits. [/mnt/arch/home/adi/repo/AELD_Lab_2026/HLS_WLO/Vivado_golay_WLO_corr_full/Vivado_golay_WLO_corr_full.gen/sources_1/bd/design_1/ipshared/a1fe/hdl/verilog/ifft_1024_top_ifft_1024_top_Pipeline_VITIS_LOOP_63_2.v:470]
WARNING: [Synth 8-3936] Found unconnected internal register 'i_reg_651_pp0_iter2_reg_reg' and it is trimmed from '11' to '10' bits. [/mnt/arch/home/adi/repo/AELD_Lab_2026/HLS_WLO/Vivado_golay_WLO_corr_full/Vivado_golay_WLO_corr_full.gen/sources_1/bd/design_1/ipshared/a1fe/hdl/verilog/ifft_1024_top_ifft_1024_top_Pipeline_VITIS_LOOP_63_2.v:469]
WARNING: [Synth 8-3936] Found unconnected internal register 'i_reg_651_pp0_iter1_reg_reg' and it is trimmed from '11' to '10' bits. [/mnt/arch/home/adi/repo/AELD_Lab_2026/HLS_WLO/Vivado_golay_WLO_corr_full/Vivado_golay_WLO_corr_full.gen/sources_1/bd/design_1/ipshared/a1fe/hdl/verilog/ifft_1024_top_ifft_1024_top_Pipeline_VITIS_LOOP_63_2.v:519]
WARNING: [Synth 8-3936] Found unconnected internal register 'i_reg_651_reg' and it is trimmed from '11' to '10' bits. [/mnt/arch/home/adi/repo/AELD_Lab_2026/HLS_WLO/Vivado_golay_WLO_corr_full/Vivado_golay_WLO_corr_full.gen/sources_1/bd/design_1/ipshared/a1fe/hdl/verilog/ifft_1024_top_ifft_1024_top_Pipeline_VITIS_LOOP_63_2.v:518]
WARNING: [Synth 8-3936] Found unconnected internal register 'i_cast2_reg_162_reg' and it is trimmed from '11' to '10' bits. [/mnt/arch/home/adi/repo/AELD_Lab_2026/HLS_WLO/Vivado_golay_WLO_corr_full/Vivado_golay_WLO_corr_full.gen/sources_1/bd/design_1/ipshared/a1fe/hdl/verilog/ifft_1024_top_ifft_fast_Pipeline_VITIS_LOOP_12_1.v:235]
INFO: [Synth 8-4490] FSM extraction disabled for register 'ap_CS_fsm_reg' through user attribute
INFO: [Synth 8-4490] FSM extraction disabled for register 'ap_CS_fsm_reg' through user attribute
INFO: [Synth 8-4490] FSM extraction disabled for register 'ap_CS_fsm_reg' through user attribute
WARNING: [Synth 8-3936] Found unconnected internal register 'm_reg_1042_reg' and it is trimmed from '63' to '23' bits. [/mnt/arch/home/adi/repo/AELD_Lab_2026/HLS_WLO/Vivado_golay_WLO_corr_full/Vivado_golay_WLO_corr_full.gen/sources_1/bd/design_1/ipshared/a1fe/hdl/verilog/ifft_1024_top_ifft_1024_top_Pipeline_VITIS_LOOP_72_3.v:567]
WARNING: [Synth 8-3936] Found unconnected internal register 'm_9_reg_1032_reg' and it is trimmed from '63' to '23' bits. [/mnt/arch/home/adi/repo/AELD_Lab_2026/HLS_WLO/Vivado_golay_WLO_corr_full/Vivado_golay_WLO_corr_full.gen/sources_1/bd/design_1/ipshared/a1fe/hdl/verilog/ifft_1024_top_ifft_1024_top_Pipeline_VITIS_LOOP_72_3.v:560]
WARNING: [Synth 8-3936] Found unconnected internal register 'trunc_ln1145_1_reg_997_reg' and it is trimmed from '25' to '5' bits. [/mnt/arch/home/adi/repo/AELD_Lab_2026/HLS_WLO/Vivado_golay_WLO_corr_full/Vivado_golay_WLO_corr_full.gen/sources_1/bd/design_1/ipshared/a1fe/hdl/verilog/ifft_1024_top_ifft_1024_top_Pipeline_VITIS_LOOP_72_3.v:537]
WARNING: [Synth 8-3936] Found unconnected internal register 'trunc_ln1145_reg_959_reg' and it is trimmed from '25' to '5' bits. [/mnt/arch/home/adi/repo/AELD_Lab_2026/HLS_WLO/Vivado_golay_WLO_corr_full/Vivado_golay_WLO_corr_full.gen/sources_1/bd/design_1/ipshared/a1fe/hdl/verilog/ifft_1024_top_ifft_1024_top_Pipeline_VITIS_LOOP_72_3.v:538]
INFO: [Synth 8-4490] FSM extraction disabled for register 'ap_CS_fsm_reg' through user attribute
INFO: [Synth 8-3971] The signal "ifft_1024_top_ga_M_real_V_RAM_AUTO_1R1W:/ram_reg" was recognized as a true dual port RAM template.
---------------------------------------------------------------------------------
Finished RTL Optimization Phase 2 : Time (s): cpu = 00:00:14 ; elapsed = 00:00:17 . Memory (MB): peak = 3192.246 ; gain = 71.957 ; free physical = 2993 ; free virtual = 3778
---------------------------------------------------------------------------------
INFO: [Synth 8-223] decloning instance 'ifft_1024_top_fmul_32ns_32ns_32_4_max_dsp_1:/ifft_1024_top_fmul_32ns_32ns_32_4_max_dsp_1_ip_u/inst/i_synth/DELAY_DIVIDE_BY_ZERO' (delay__parameterized1) to 'ifft_1024_top_fmul_32ns_32ns_32_4_max_dsp_1:/ifft_1024_top_fmul_32ns_32ns_32_4_max_dsp_1_ip_u/inst/i_synth/DELAY_ACCUM_OVERFLOW'
INFO: [Synth 8-223] decloning instance 'ifft_1024_top_fmul_32ns_32ns_32_4_max_dsp_1:/ifft_1024_top_fmul_32ns_32ns_32_4_max_dsp_1_ip_u/inst/i_synth/DELAY_DIVIDE_BY_ZERO' (delay__parameterized1) to 'ifft_1024_top_fmul_32ns_32ns_32_4_max_dsp_1:/ifft_1024_top_fmul_32ns_32ns_32_4_max_dsp_1_ip_u/inst/i_synth/DELAY_ACCUM_INPUT_OVERFLOW'
INFO: [Synth 8-223] decloning instance 'ifft_1024_top_fpext_32ns_64_2_no_dsp_1:/ifft_1024_top_fpext_32ns_64_2_no_dsp_1_ip_u/inst/i_synth/DELAY_INVALID_OP' (delay__parameterized1) to 'ifft_1024_top_fpext_32ns_64_2_no_dsp_1:/ifft_1024_top_fpext_32ns_64_2_no_dsp_1_ip_u/inst/i_synth/DELAY_DIVIDE_BY_ZERO'
INFO: [Synth 8-223] decloning instance 'ifft_1024_top_fpext_32ns_64_2_no_dsp_1:/ifft_1024_top_fpext_32ns_64_2_no_dsp_1_ip_u/inst/i_synth/DELAY_INVALID_OP' (delay__parameterized1) to 'ifft_1024_top_fpext_32ns_64_2_no_dsp_1:/ifft_1024_top_fpext_32ns_64_2_no_dsp_1_ip_u/inst/i_synth/DELAY_ACCUM_OVERFLOW'
INFO: [Synth 8-223] decloning instance 'ifft_1024_top_fpext_32ns_64_2_no_dsp_1:/ifft_1024_top_fpext_32ns_64_2_no_dsp_1_ip_u/inst/i_synth/DELAY_INVALID_OP' (delay__parameterized1) to 'ifft_1024_top_fpext_32ns_64_2_no_dsp_1:/ifft_1024_top_fpext_32ns_64_2_no_dsp_1_ip_u/inst/i_synth/DELAY_ACCUM_INPUT_OVERFLOW'
---------------------------------------------------------------------------------
Start RTL Component Statistics 
---------------------------------------------------------------------------------
---------------------------------------------------------------------------------
Finished RTL Component Statistics 
---------------------------------------------------------------------------------
---------------------------------------------------------------------------------
Start Part Resource Summary
---------------------------------------------------------------------------------
Part Resources:
DSPs: 220 (col length:60)
BRAMs: 280 (col length: RAMB18 60 RAMB36 30)
---------------------------------------------------------------------------------
Finished Part Resource Summary
---------------------------------------------------------------------------------
---------------------------------------------------------------------------------
Start Cross Boundary and Area Optimization
---------------------------------------------------------------------------------
WARNING: [Synth 8-7080] Parallel synthesis criteria is not met
INFO: [Synth 8-3971] The signal "inst/ga_M_real_V_U/ram_reg" was recognized as a true dual port RAM template.
INFO: [Synth 8-3971] The signal "inst/ga_M_imag_V_U/ram_reg" was recognized as a true dual port RAM template.
INFO: [Synth 8-3971] The signal "inst/gb_M_real_V_U/ram_reg" was recognized as a true dual port RAM template.
INFO: [Synth 8-3971] The signal "inst/gb_M_imag_V_U/ram_reg" was recognized as a true dual port RAM template.
---------------------------------------------------------------------------------
Finished Cross Boundary and Area Optimization : Time (s): cpu = 00:00:22 ; elapsed = 00:00:27 . Memory (MB): peak = 3192.246 ; gain = 71.957 ; free physical = 2791 ; free virtual = 3639
---------------------------------------------------------------------------------
---------------------------------------------------------------------------------
Start Applying XDC Timing Constraints
---------------------------------------------------------------------------------
---------------------------------------------------------------------------------
Finished Applying XDC Timing Constraints : Time (s): cpu = 00:00:27 ; elapsed = 00:00:31 . Memory (MB): peak = 3192.246 ; gain = 71.957 ; free physical = 2480 ; free virtual = 3370
---------------------------------------------------------------------------------
---------------------------------------------------------------------------------
Start Timing Optimization
---------------------------------------------------------------------------------
---------------------------------------------------------------------------------
Finished Timing Optimization : Time (s): cpu = 00:00:29 ; elapsed = 00:00:33 . Memory (MB): peak = 3192.246 ; gain = 71.957 ; free physical = 2326 ; free virtual = 3218
---------------------------------------------------------------------------------
---------------------------------------------------------------------------------
Start Technology Mapping
---------------------------------------------------------------------------------
INFO: [Synth 8-7052] The timing for the instance inst/ga_M_real_V_U/ram_reg (implemented as a Block RAM) might be sub-optimal as no optional output register could be merged into the ram block. Providing additional output register may help in improving timing.
INFO: [Synth 8-7052] The timing for the instance inst/ga_M_real_V_U/ram_reg (implemented as a Block RAM) might be sub-optimal as no optional output register could be merged into the ram block. Providing additional output register may help in improving timing.
INFO: [Synth 8-7052] The timing for the instance inst/ga_M_imag_V_U/ram_reg (implemented as a Block RAM) might be sub-optimal as no optional output register could be merged into the ram block. Providing additional output register may help in improving timing.
INFO: [Synth 8-7052] The timing for the instance inst/ga_M_imag_V_U/ram_reg (implemented as a Block RAM) might be sub-optimal as no optional output register could be merged into the ram block. Providing additional output register may help in improving timing.
INFO: [Synth 8-7052] The timing for the instance inst/gb_M_real_V_U/ram_reg (implemented as a Block RAM) might be sub-optimal as no optional output register could be merged into the ram block. Providing additional output register may help in improving timing.
INFO: [Synth 8-7052] The timing for the instance inst/gb_M_real_V_U/ram_reg (implemented as a Block RAM) might be sub-optimal as no optional output register could be merged into the ram block. Providing additional output register may help in improving timing.
INFO: [Synth 8-7052] The timing for the instance inst/gb_M_imag_V_U/ram_reg (implemented as a Block RAM) might be sub-optimal as no optional output register could be merged into the ram block. Providing additional output register may help in improving timing.
INFO: [Synth 8-7052] The timing for the instance inst/gb_M_imag_V_U/ram_reg (implemented as a Block RAM) might be sub-optimal as no optional output register could be merged into the ram block. Providing additional output register may help in improving timing.
INFO: [Synth 8-7052] The timing for the instance inst/grp_ifft_fast_fu_100/grp_ifft_fast_Pipeline_VITIS_LOOP_12_1_fu_65/br_lut_U/q0_reg (implemented as a Block RAM) might be sub-optimal as no optional output register could be merged into the ram block. Providing additional output register may help in improving timing.
INFO: [Synth 8-7052] The timing for the instance inst/grp_ifft_fast_fu_100/grp_ifft_fast_Pipeline_VITIS_LOOP_12_1_fu_65/br_lut_U/q0_reg (implemented as a Block RAM) might be sub-optimal as no optional output register could be merged into the ram block. Providing additional output register may help in improving timing.
INFO: [Synth 8-7052] The timing for the instance inst/grp_ifft_fast_fu_100/grp_ifft_fast_Pipeline_VITIS_LOOP_26_4_fu_75/tw_M_imag_V_U/q0_reg (implemented as a Block RAM) might be sub-optimal as no optional output register could be merged into the ram block. Providing additional output register may help in improving timing.
INFO: [Synth 8-7052] The timing for the instance inst/grp_ifft_fast_fu_100/grp_ifft_fast_Pipeline_VITIS_LOOP_26_4_fu_75/tw_M_imag_V_U/q0_reg (implemented as a Block RAM) might be sub-optimal as no optional output register could be merged into the ram block. Providing additional output register may help in improving timing.
INFO: [Synth 8-7052] The timing for the instance inst/grp_ifft_fast_fu_100/grp_ifft_fast_Pipeline_VITIS_LOOP_26_4_fu_75/tw_M_real_V_U/q0_reg (implemented as a Block RAM) might be sub-optimal as no optional output register could be merged into the ram block. Providing additional output register may help in improving timing.
INFO: [Synth 8-7052] The timing for the instance inst/grp_ifft_fast_fu_100/grp_ifft_fast_Pipeline_VITIS_LOOP_26_4_fu_75/tw_M_real_V_U/q0_reg (implemented as a Block RAM) might be sub-optimal as no optional output register could be merged into the ram block. Providing additional output register may help in improving timing.
---------------------------------------------------------------------------------
Finished Technology Mapping : Time (s): cpu = 00:00:31 ; elapsed = 00:00:36 . Memory (MB): peak = 3192.246 ; gain = 71.957 ; free physical = 2153 ; free virtual = 3050
---------------------------------------------------------------------------------
---------------------------------------------------------------------------------
Start IO Insertion
---------------------------------------------------------------------------------
---------------------------------------------------------------------------------
Start Flattening Before IO Insertion
---------------------------------------------------------------------------------
---------------------------------------------------------------------------------
Finished Flattening Before IO Insertion
---------------------------------------------------------------------------------
---------------------------------------------------------------------------------
Start Final Netlist Cleanup
---------------------------------------------------------------------------------
---------------------------------------------------------------------------------
Finished Final Netlist Cleanup
---------------------------------------------------------------------------------
---------------------------------------------------------------------------------
Finished IO Insertion : Time (s): cpu = 00:00:34 ; elapsed = 00:00:39 . Memory (MB): peak = 3192.246 ; gain = 71.957 ; free physical = 2109 ; free virtual = 3018
---------------------------------------------------------------------------------
---------------------------------------------------------------------------------
Start Renaming Generated Instances
---------------------------------------------------------------------------------
---------------------------------------------------------------------------------
Finished Renaming Generated Instances : Time (s): cpu = 00:00:34 ; elapsed = 00:00:39 . Memory (MB): peak = 3192.246 ; gain = 71.957 ; free physical = 2108 ; free virtual = 3018
---------------------------------------------------------------------------------
---------------------------------------------------------------------------------
Start Rebuilding User Hierarchy
---------------------------------------------------------------------------------
---------------------------------------------------------------------------------
Finished Rebuilding User Hierarchy : Time (s): cpu = 00:00:34 ; elapsed = 00:00:39 . Memory (MB): peak = 3192.246 ; gain = 71.957 ; free physical = 2107 ; free virtual = 3016
---------------------------------------------------------------------------------
---------------------------------------------------------------------------------
Start Renaming Generated Ports
---------------------------------------------------------------------------------
---------------------------------------------------------------------------------
Finished Renaming Generated Ports : Time (s): cpu = 00:00:34 ; elapsed = 00:00:39 . Memory (MB): peak = 3192.246 ; gain = 71.957 ; free physical = 2107 ; free virtual = 3016
---------------------------------------------------------------------------------
---------------------------------------------------------------------------------
Start Handling Custom Attributes
---------------------------------------------------------------------------------
---------------------------------------------------------------------------------
Finished Handling Custom Attributes : Time (s): cpu = 00:00:35 ; elapsed = 00:00:39 . Memory (MB): peak = 3192.246 ; gain = 71.957 ; free physical = 2106 ; free virtual = 3016
---------------------------------------------------------------------------------
---------------------------------------------------------------------------------
Start Renaming Generated Nets
---------------------------------------------------------------------------------
---------------------------------------------------------------------------------
Finished Renaming Generated Nets : Time (s): cpu = 00:00:35 ; elapsed = 00:00:39 . Memory (MB): peak = 3192.246 ; gain = 71.957 ; free physical = 2102 ; free virtual = 3012
---------------------------------------------------------------------------------
---------------------------------------------------------------------------------
Start Writing Synthesis Report
---------------------------------------------------------------------------------

DSP Final Report (the ' indicates corresponding REG is set)
+-----------------------------------+-------------------+--------+--------+--------+--------+--------+------+------+------+------+-------+------+------+
|Module Name                        | DSP Mapping       | A Size | B Size | C Size | D Size | P Size | AREG | BREG | CREG | DREG | ADREG | MREG | PREG | 
+-----------------------------------+-------------------+--------+--------+--------+--------+--------+------+------+------+------+-------+------+------+
|dsp48e1_wrapper_40                 | (A*B)'            | 24     | 0      | -      | -      | 41     | 0    | 0    | -    | -    | -     | 0    | 1    | 
|dsp48e1_wrapper__parameterized0_41 | PCIN>>17+(A*B)'   | 0      | 7      | -      | -      | 31     | 0    | 0    | -    | -    | -     | 1    | 0    | 
|dsp48e1_wrapper__parameterized1_38 | PCIN+A:B+C        | 22     | 0      | -      | -      | 48     | 0    | 0    | -    | -    | -     | 0    | 0    | 
|dsp48e1_wrapper                    | (A*B)'            | 24     | 0      | -      | -      | 41     | 0    | 0    | -    | -    | -     | 0    | 1    | 
|dsp48e1_wrapper__parameterized0    | PCIN>>17+(A*B)'   | 0      | 7      | -      | -      | 31     | 0    | 0    | -    | -    | -     | 1    | 0    | 
|dsp48e1_wrapper__parameterized1    | PCIN+A:B+C        | 22     | 0      | -      | -      | 48     | 0    | 0    | -    | -    | -     | 0    | 0    | 
|ifft_1024_top_ifft_fast            | A'*B'             | 23     | 17     | -      | -      | 48     | 1    | 1    | -    | -    | -     | 0    | 0    | 
|ifft_1024_top_ifft_fast            | (PCIN>>17+A'*B')' | 23     | 18     | -      | -      | 29     | 1    | 1    | -    | -    | -     | 0    | 1    | 
|ifft_1024_top_ifft_fast            | A'*B'             | 23     | 17     | -      | -      | 48     | 1    | 1    | -    | -    | -     | 0    | 0    | 
|ifft_1024_top_ifft_fast            | (PCIN>>17+A'*B')' | 23     | 18     | -      | -      | 29     | 1    | 1    | -    | -    | -     | 0    | 1    | 
|ifft_1024_top_ifft_fast            | A'*B'             | 30     | 17     | -      | -      | 48     | 1    | 1    | -    | -    | -     | 0    | 0    | 
|ifft_1024_top_ifft_fast            | (PCIN>>17+A'*B')' | 30     | 18     | -      | -      | 29     | 1    | 1    | -    | -    | -     | 0    | 1    | 
|ifft_1024_top_ifft_fast            | A'*B'             | 30     | 17     | -      | -      | 48     | 1    | 1    | -    | -    | -     | 0    | 0    | 
|ifft_1024_top_ifft_fast            | (PCIN>>17+A'*B')' | 30     | 18     | -      | -      | 29     | 1    | 1    | -    | -    | -     | 0    | 1    | 
|ifft_1024_top_ifft_fast            | A'*B'             | 23     | 17     | -      | -      | 48     | 1    | 1    | -    | -    | -     | 0    | 0    | 
|ifft_1024_top_ifft_fast            | (PCIN>>17+A'*B')' | 23     | 18     | -      | -      | 29     | 1    | 1    | -    | -    | -     | 0    | 1    | 
|ifft_1024_top_ifft_fast            | A'*B'             | 23     | 17     | -      | -      | 48     | 1    | 1    | -    | -    | -     | 0    | 0    | 
|ifft_1024_top_ifft_fast            | (PCIN>>17+A'*B')' | 23     | 18     | -      | -      | 29     | 1    | 1    | -    | -    | -     | 0    | 1    | 
|ifft_1024_top_ifft_fast            | A'*B'             | 30     | 17     | -      | -      | 48     | 1    | 1    | -    | -    | -     | 0    | 0    | 
|ifft_1024_top_ifft_fast            | (PCIN>>17+A'*B')' | 30     | 18     | -      | -      | 29     | 1    | 1    | -    | -    | -     | 0    | 1    | 
|ifft_1024_top_ifft_fast            | A'*B'             | 30     | 17     | -      | -      | 48     | 1    | 1    | -    | -    | -     | 0    | 0    | 
|ifft_1024_top_ifft_fast            | (PCIN>>17+A'*B')' | 30     | 18     | -      | -      | 29     | 1    | 1    | -    | -    | -     | 0    | 1    | 
+-----------------------------------+-------------------+--------+--------+--------+--------+--------+------+------+------+------+-------+------+------+


Report BlackBoxes: 
+-+--------------+----------+
| |BlackBox name |Instances |
+-+--------------+----------+
+-+--------------+----------+

Report Cell Usage: 
+------+---------+------+
|      |Cell     |Count |
+------+---------+------+
|1     |CARRY4   |   314|
|2     |DSP48E1  |    22|
|7     |LUT1     |   398|
|8     |LUT2     |   713|
|9     |LUT3     |  1053|
|10    |LUT4     |   296|
|11    |LUT5     |   816|
|12    |LUT6     |  1011|
|13    |MUXCY    |    32|
|14    |MUXF7    |     6|
|15    |MUXF8    |     2|
|16    |RAMB18E1 |     1|
|17    |RAMB36E1 |     6|
|20    |SRL16E   |    32|
|21    |XORCY    |    16|
|22    |FDRE     |  3454|
|23    |FDSE     |     8|
+------+---------+------+
---------------------------------------------------------------------------------
Finished Writing Synthesis Report : Time (s): cpu = 00:00:35 ; elapsed = 00:00:39 . Memory (MB): peak = 3192.246 ; gain = 71.957 ; free physical = 2098 ; free virtual = 3008
---------------------------------------------------------------------------------
Synthesis finished with 0 errors, 0 critical warnings and 201 warnings.
Synthesis Optimization Runtime : Time (s): cpu = 00:00:32 ; elapsed = 00:00:37 . Memory (MB): peak = 3192.246 ; gain = 7.926 ; free physical = 2151 ; free virtual = 3061
Synthesis Optimization Complete : Time (s): cpu = 00:00:35 ; elapsed = 00:00:39 . Memory (MB): peak = 3192.246 ; gain = 71.957 ; free physical = 2151 ; free virtual = 3061
INFO: [Project 1-571] Translating synthesized netlist
Netlist sorting complete. Time (s): cpu = 00:00:00.06 ; elapsed = 00:00:00.06 . Memory (MB): peak = 3192.246 ; gain = 0.000 ; free physical = 2203 ; free virtual = 3180
INFO: [Netlist 29-17] Analyzing 399 Unisim elements for replacement
INFO: [Netlist 29-28] Unisim Transformation completed in 0 CPU seconds
INFO: [Project 1-570] Preparing netlist for logic optimization
INFO: [Opt 31-138] Pushed 0 inverter(s) to 0 load pin(s).
Netlist sorting complete. Time (s): cpu = 00:00:00 ; elapsed = 00:00:00 . Memory (MB): peak = 3192.246 ; gain = 0.000 ; free physical = 2135 ; free virtual = 3122
INFO: [Project 1-111] Unisim Transformation Summary:
  A total of 8 instances were transformed.
  (MUXCY,XORCY) => CARRY4: 8 instances

Synth Design complete, checksum: aa86d6ab
INFO: [Common 17-83] Releasing license: Synthesis
102 Infos, 127 Warnings, 0 Critical Warnings and 0 Errors encountered.
synth_design completed successfully
synth_design: Time (s): cpu = 00:00:42 ; elapsed = 00:00:44 . Memory (MB): peak = 3192.246 ; gain = 72.195 ; free physical = 2372 ; free virtual = 3359
INFO: [Common 17-1381] The checkpoint '/mnt/arch/home/adi/repo/AELD_Lab_2026/HLS_WLO/Vivado_golay_WLO_corr_full/Vivado_golay_WLO_corr_full.runs/design_1_ifft_1024_top_0_0_synth_1/design_1_ifft_1024_top_0_0.dcp' has been generated.
INFO: [Coretcl 2-1648] Added synthesis output to IP cache for IP design_1_ifft_1024_top_0_0, cache-ID = 80e0ac647cd3a71b
INFO: [Coretcl 2-1174] Renamed 113 cell refs.
INFO: [Common 17-1381] The checkpoint '/mnt/arch/home/adi/repo/AELD_Lab_2026/HLS_WLO/Vivado_golay_WLO_corr_full/Vivado_golay_WLO_corr_full.runs/design_1_ifft_1024_top_0_0_synth_1/design_1_ifft_1024_top_0_0.dcp' has been generated.
INFO: [runtcl-4] Executing : report_utilization -file design_1_ifft_1024_top_0_0_utilization_synth.rpt -pb design_1_ifft_1024_top_0_0_utilization_synth.pb
INFO: [Common 17-206] Exiting Vivado at Tue May  5 17:52:15 2026...
