

================================================================
== Vitis HLS Report for 'doppler_fft_256_Pipeline_VITIS_LOOP_58_1'
================================================================
* Date:           Tue Apr 28 15:48:52 2026

* Version:        2022.1 (Build 3526262 on Mon Apr 18 15:47:01 MDT 2022)
* Project:        doppler_fft_256
* Solution:       solution1 (Vivado IP Flow Target)
* Product family: zynq
* Target device:  xc7z020-clg484-1


================================================================
== Performance Estimates
================================================================
+ Timing: 
    * Summary: 
    +--------+----------+----------+------------+
    |  Clock |  Target  | Estimated| Uncertainty|
    +--------+----------+----------+------------+
    |ap_clk  |  10.00 ns|  4.915 ns|     2.70 ns|
    +--------+----------+----------+------------+

+ Latency: 
    * Summary: 
    +---------+---------+----------+----------+-----+-----+---------+
    |  Latency (cycles) |  Latency (absolute) |  Interval | Pipeline|
    |   min   |   max   |    min   |    max   | min | max |   Type  |
    +---------+---------+----------+----------+-----+-----+---------+
    |      258|      258|  2.580 us|  2.580 us|  258|  258|       no|
    +---------+---------+----------+----------+-----+-----+---------+

    + Detail: 
        * Instance: 
        N/A

        * Loop: 
        +-------------------+---------+---------+----------+-----------+-----------+------+----------+
        |                   |  Latency (cycles) | Iteration|  Initiation Interval  | Trip |          |
        |     Loop Name     |   min   |   max   |  Latency |  achieved |   target  | Count| Pipelined|
        +-------------------+---------+---------+----------+-----------+-----------+------+----------+
        |- VITIS_LOOP_58_1  |      256|      256|         1|          1|          1|   256|       yes|
        +-------------------+---------+---------+----------+-----------+-----------+------+----------+



================================================================
== Utilization Estimates
================================================================
* Summary: 
+-----------------+---------+-----+--------+-------+-----+
|       Name      | BRAM_18K| DSP |   FF   |  LUT  | URAM|
+-----------------+---------+-----+--------+-------+-----+
|DSP              |        -|    -|       -|      -|    -|
|Expression       |        -|    -|       0|     29|    -|
|FIFO             |        -|    -|       -|      -|    -|
|Instance         |        -|    -|       -|      -|    -|
|Memory           |        -|    -|       -|      -|    -|
|Multiplexer      |        -|    -|       -|     36|    -|
|Register         |        -|    -|      11|      -|    -|
+-----------------+---------+-----+--------+-------+-----+
|Total            |        0|    0|      11|     65|    0|
+-----------------+---------+-----+--------+-------+-----+
|Available        |      280|  220|  106400|  53200|    0|
+-----------------+---------+-----+--------+-------+-----+
|Utilization (%)  |        0|    0|      ~0|     ~0|    0|
+-----------------+---------+-----+--------+-------+-----+

+ Detail: 
    * Instance: 
    N/A

    * DSP: 
    N/A

    * Memory: 
    N/A

    * FIFO: 
    N/A

    * Expression: 
    +----------------------------------+----------+----+---+----+------------+------------+
    |           Variable Name          | Operation| DSP| FF| LUT| Bitwidth P0| Bitwidth P1|
    +----------------------------------+----------+----+---+----+------------+------------+
    |add_ln58_fu_110_p2                |         +|   0|  0|  14|           9|           1|
    |ap_condition_133                  |       and|   0|  0|   2|           1|           1|
    |icmp_ln58_fu_104_p2               |      icmp|   0|  0|  11|           9|          10|
    |ap_block_state1_pp0_stage0_iter0  |        or|   0|  0|   2|           1|           1|
    +----------------------------------+----------+----+---+----+------------+------------+
    |Total                             |          |   0|  0|  29|          20|          13|
    +----------------------------------+----------+----+---+----+------------+------------+

    * Multiplexer: 
    +----------------------+----+-----------+-----+-----------+
    |         Name         | LUT| Input Size| Bits| Total Bits|
    +----------------------+----+-----------+-----+-----------+
    |ap_done_int           |   9|          2|    1|          2|
    |ap_sig_allocacmp_i_3  |   9|          2|    9|         18|
    |i_fu_54               |   9|          2|    9|         18|
    |input_r_TDATA_blk_n   |   9|          2|    1|          2|
    +----------------------+----+-----------+-----+-----------+
    |Total                 |  36|          8|   20|         40|
    +----------------------+----+-----------+-----+-----------+

    * Register: 
    +-------------+---+----+-----+-----------+
    |     Name    | FF| LUT| Bits| Const Bits|
    +-------------+---+----+-----+-----------+
    |ap_CS_fsm    |  1|   0|    1|          0|
    |ap_done_reg  |  1|   0|    1|          0|
    |i_fu_54      |  9|   0|    9|          0|
    +-------------+---+----+-----+-----------+
    |Total        | 11|   0|   11|          0|
    +-------------+---+----+-----+-----------+



================================================================
== Interface
================================================================
* Summary: 
+----------------------------------+-----+-----+------------+------------------------------------------+--------------+
|             RTL Ports            | Dir | Bits|  Protocol  |               Source Object              |    C Type    |
+----------------------------------+-----+-----+------------+------------------------------------------+--------------+
|ap_clk                            |   in|    1|  ap_ctrl_hs|  doppler_fft_256_Pipeline_VITIS_LOOP_58_1|  return value|
|ap_rst                            |   in|    1|  ap_ctrl_hs|  doppler_fft_256_Pipeline_VITIS_LOOP_58_1|  return value|
|ap_start                          |   in|    1|  ap_ctrl_hs|  doppler_fft_256_Pipeline_VITIS_LOOP_58_1|  return value|
|ap_done                           |  out|    1|  ap_ctrl_hs|  doppler_fft_256_Pipeline_VITIS_LOOP_58_1|  return value|
|ap_idle                           |  out|    1|  ap_ctrl_hs|  doppler_fft_256_Pipeline_VITIS_LOOP_58_1|  return value|
|ap_ready                          |  out|    1|  ap_ctrl_hs|  doppler_fft_256_Pipeline_VITIS_LOOP_58_1|  return value|
|input_r_TVALID                    |   in|    1|        axis|                          input_r_V_data_V|       pointer|
|input_r_TDATA                     |   in|   64|        axis|                          input_r_V_data_V|       pointer|
|input_r_TREADY                    |  out|    1|        axis|                          input_r_V_last_V|       pointer|
|input_r_TLAST                     |   in|    1|        axis|                          input_r_V_last_V|       pointer|
|input_r_TKEEP                     |   in|    8|        axis|                          input_r_V_keep_V|       pointer|
|input_r_TSTRB                     |   in|    8|        axis|                          input_r_V_strb_V|       pointer|
|range_dop_map_M_value_address0    |  out|    8|   ap_memory|                     range_dop_map_M_value|         array|
|range_dop_map_M_value_ce0         |  out|    1|   ap_memory|                     range_dop_map_M_value|         array|
|range_dop_map_M_value_we0         |  out|    1|   ap_memory|                     range_dop_map_M_value|         array|
|range_dop_map_M_value_d0          |  out|   32|   ap_memory|                     range_dop_map_M_value|         array|
|range_dop_map_M_value_1_address0  |  out|    8|   ap_memory|                   range_dop_map_M_value_1|         array|
|range_dop_map_M_value_1_ce0       |  out|    1|   ap_memory|                   range_dop_map_M_value_1|         array|
|range_dop_map_M_value_1_we0       |  out|    1|   ap_memory|                   range_dop_map_M_value_1|         array|
|range_dop_map_M_value_1_d0        |  out|   32|   ap_memory|                   range_dop_map_M_value_1|         array|
+----------------------------------+-----+-----+------------+------------------------------------------+--------------+

