

================================================================
== Vitis HLS Report for 'doppler_fft_256_Pipeline_VITIS_LOOP_65_1'
================================================================
* Date:           Tue May  5 21:39:06 2026

* Version:        2022.1 (Build 3526262 on Mon Apr 18 15:48:16 MDT 2022)
* Project:        doppler_fft_project
* Solution:       solution1 (Vivado IP Flow Target)
* Product family: zynq
* Target device:  xc7z020-clg484-1


================================================================
== Performance Estimates
================================================================
+ Timing: 
    * Summary: 
    +--------+----------+----------+------------+
    |  Clock |  Target  | Estimated| Uncertainty|
    +--------+----------+----------+------------+
    |ap_clk  |  10.00 ns|  7.222 ns|     2.70 ns|
    +--------+----------+----------+------------+

+ Latency: 
    * Summary: 
    +---------+---------+----------+----------+-----+-----+---------+
    |  Latency (cycles) |  Latency (absolute) |  Interval | Pipeline|
    |   min   |   max   |    min   |    max   | min | max |   Type  |
    +---------+---------+----------+----------+-----+-----+---------+
    |      267|      267|  2.670 us|  2.670 us|  267|  267|       no|
    +---------+---------+----------+----------+-----+-----+---------+

    + Detail: 
        * Instance: 
        N/A

        * Loop: 
        +-------------------+---------+---------+----------+-----------+-----------+------+----------+
        |                   |  Latency (cycles) | Iteration|  Initiation Interval  | Trip |          |
        |     Loop Name     |   min   |   max   |  Latency |  achieved |   target  | Count| Pipelined|
        +-------------------+---------+---------+----------+-----------+-----------+------+----------+
        |- VITIS_LOOP_65_1  |      265|      265|        11|          1|          1|   256|       yes|
        +-------------------+---------+---------+----------+-----------+-----------+------+----------+



================================================================
== Utilization Estimates
================================================================
* Summary: 
+-----------------+---------+-----+--------+-------+-----+
|       Name      | BRAM_18K| DSP |   FF   |  LUT  | URAM|
+-----------------+---------+-----+--------+-------+-----+
|DSP              |        -|    -|       -|      -|    -|
|Expression       |        -|    -|       0|   1139|    -|
|FIFO             |        -|    -|       -|      -|    -|
|Instance         |        -|    -|       -|      -|    -|
|Memory           |        -|    -|       -|      -|    -|
|Multiplexer      |        -|    -|       -|     45|    -|
|Register         |        -|    -|    1043|    160|    -|
+-----------------+---------+-----+--------+-------+-----+
|Total            |        0|    0|    1043|   1344|    0|
+-----------------+---------+-----+--------+-------+-----+
|Available        |      280|  220|  106400|  53200|    0|
+-----------------+---------+-----+--------+-------+-----+
|Utilization (%)  |        0|    0|      ~0|      2|    0|
+-----------------+---------+-----+--------+-------+-----+

+ Detail: 
    * Instance: 
    +-----------------------------+--------------------------+---------+----+---+----+-----+
    |           Instance          |          Module          | BRAM_18K| DSP| FF| LUT| URAM|
    +-----------------------------+--------------------------+---------+----+---+----+-----+
    |fpext_32ns_64_2_no_dsp_1_U4  |fpext_32ns_64_2_no_dsp_1  |        0|   0|  0|   0|    0|
    +-----------------------------+--------------------------+---------+----+---+----+-----+
    |Total                        |                          |        0|   0|  0|   0|    0|
    +-----------------------------+--------------------------+---------+----+---+----+-----+

    * DSP: 
    N/A

    * Memory: 
    N/A

    * FIFO: 
    N/A

    * Expression: 
    +----------------------------------+----------+----+---+-----+------------+------------+
    |           Variable Name          | Operation| DSP| FF| LUT | Bitwidth P0| Bitwidth P1|
    +----------------------------------+----------+----+---+-----+------------+------------+
    |add_ln616_2_fu_396_p2             |         +|   0|  0|   12|          12|           6|
    |add_ln616_fu_310_p2               |         +|   0|  0|   12|          12|           6|
    |add_ln65_fu_162_p2                |         +|   0|  0|   14|           9|           1|
    |F2_2_fu_384_p2                    |         -|   0|  0|   12|          11|          12|
    |F2_fu_298_p2                      |         -|   0|  0|   12|          11|          12|
    |man_V_6_fu_285_p2                 |         -|   0|  0|   61|           1|          54|
    |man_V_9_fu_371_p2                 |         -|   0|  0|   61|           1|          54|
    |sub_ln616_2_fu_402_p2             |         -|   0|  0|   12|           5|          12|
    |sub_ln616_fu_316_p2               |         -|   0|  0|   12|           5|          12|
    |and_ln616_2_fu_437_p2             |       and|   0|  0|    2|           1|           1|
    |and_ln616_fu_351_p2               |       and|   0|  0|    2|           1|           1|
    |and_ln617_2_fu_525_p2             |       and|   0|  0|    2|           1|           1|
    |and_ln617_fu_478_p2               |       and|   0|  0|    2|           1|           1|
    |ap_block_pp0_stage0_11001         |       and|   0|  0|    2|           1|           1|
    |ap_block_state1_pp0_stage0_iter0  |       and|   0|  0|    2|           1|           1|
    |ashr_ln621_2_fu_591_p2            |      ashr|   0|  0|  161|          54|          54|
    |ashr_ln621_fu_540_p2              |      ashr|   0|  0|  161|          54|          54|
    |icmp_ln606_2_fu_265_p2            |      icmp|   0|  0|   28|          63|           1|
    |icmp_ln606_fu_229_p2              |      icmp|   0|  0|   28|          63|           1|
    |icmp_ln616_2_fu_390_p2            |      icmp|   0|  0|   12|          12|           5|
    |icmp_ln616_fu_304_p2              |      icmp|   0|  0|   12|          12|           5|
    |icmp_ln617_2_fu_416_p2            |      icmp|   0|  0|   12|          12|           5|
    |icmp_ln617_fu_330_p2              |      icmp|   0|  0|   12|          12|           5|
    |icmp_ln620_2_fu_493_p2            |      icmp|   0|  0|   12|          12|           6|
    |icmp_ln620_fu_446_p2              |      icmp|   0|  0|   12|          12|           6|
    |icmp_ln638_2_fu_498_p2            |      icmp|   0|  0|   12|          12|           5|
    |icmp_ln638_fu_451_p2              |      icmp|   0|  0|   12|          12|           5|
    |icmp_ln65_fu_156_p2               |      icmp|   0|  0|   11|           9|          10|
    |or_ln617_2_fu_426_p2              |        or|   0|  0|    2|           1|           1|
    |or_ln617_fu_340_p2                |        or|   0|  0|    2|           1|           1|
    |man_V_10_fu_377_p3                |    select|   0|  0|   54|           1|          54|
    |man_V_7_fu_291_p3                 |    select|   0|  0|   54|           1|          54|
    |p_val_V_1_fu_632_p3               |    select|   0|  0|   19|           1|           1|
    |p_val_V_fu_581_p3                 |    select|   0|  0|   19|           1|           1|
    |select_ln616_4_fu_626_p3          |    select|   0|  0|   19|           1|          19|
    |select_ln616_fu_575_p3            |    select|   0|  0|   19|           1|          19|
    |select_ln617_2_fu_530_p3          |    select|   0|  0|   19|           1|          19|
    |select_ln617_fu_483_p3            |    select|   0|  0|   19|           1|          19|
    |select_ln620_2_fu_619_p3          |    select|   0|  0|   19|           1|          19|
    |select_ln620_fu_568_p3            |    select|   0|  0|   19|           1|          19|
    |select_ln623_2_fu_611_p3          |    select|   0|  0|    2|           1|           2|
    |select_ln623_fu_560_p3            |    select|   0|  0|    2|           1|           2|
    |select_ln638_2_fu_512_p3          |    select|   0|  0|   19|           1|          19|
    |select_ln638_fu_465_p3            |    select|   0|  0|   19|           1|          19|
    |sh_amt_2_fu_408_p3                |    select|   0|  0|   12|           1|          12|
    |sh_amt_fu_322_p3                  |    select|   0|  0|   12|           1|          12|
    |shl_ln639_2_fu_507_p2             |       shl|   0|  0|   47|          19|          19|
    |shl_ln639_fu_460_p2               |       shl|   0|  0|   47|          19|          19|
    |ap_enable_pp0                     |       xor|   0|  0|    2|           1|           2|
    |xor_ln606_2_fu_520_p2             |       xor|   0|  0|    2|           1|           2|
    |xor_ln606_fu_473_p2               |       xor|   0|  0|    2|           1|           2|
    |xor_ln617_2_fu_431_p2             |       xor|   0|  0|    2|           1|           2|
    |xor_ln617_fu_345_p2               |       xor|   0|  0|    2|           1|           2|
    +----------------------------------+----------+----+---+-----+------------+------------+
    |Total                             |          |   0|  0| 1139|         473|         677|
    +----------------------------------+----------+----+---+-----+------------+------------+

    * Multiplexer: 
    +-------------------------+----+-----------+-----+-----------+
    |           Name          | LUT| Input Size| Bits| Total Bits|
    +-------------------------+----+-----------+-----+-----------+
    |ap_done_int              |   9|          2|    1|          2|
    |ap_enable_reg_pp0_iter1  |   9|          2|    1|          2|
    |ap_sig_allocacmp_i_3     |   9|          2|    9|         18|
    |i_fu_90                  |   9|          2|    9|         18|
    |input_r_TDATA_blk_n      |   9|          2|    1|          2|
    +-------------------------+----+-----------+-----+-----------+
    |Total                    |  45|         10|   21|         42|
    +-------------------------+----+-----------+-----+-----------+

    * Register: 
    +-----------------------------------+----+----+-----+-----------+
    |                Name               | FF | LUT| Bits| Const Bits|
    +-----------------------------------+----+----+-----+-----------+
    |and_ln616_2_reg_787                |   1|   0|    1|          0|
    |and_ln616_2_reg_787_pp0_iter8_reg  |   1|   0|    1|          0|
    |and_ln616_reg_759                  |   1|   0|    1|          0|
    |and_ln616_reg_759_pp0_iter8_reg    |   1|   0|    1|          0|
    |ap_CS_fsm                          |   1|   0|    1|          0|
    |ap_done_reg                        |   1|   0|    1|          0|
    |ap_enable_reg_pp0_iter1            |   1|   0|    1|          0|
    |ap_enable_reg_pp0_iter10           |   1|   0|    1|          0|
    |ap_enable_reg_pp0_iter2            |   1|   0|    1|          0|
    |ap_enable_reg_pp0_iter3            |   1|   0|    1|          0|
    |ap_enable_reg_pp0_iter4            |   1|   0|    1|          0|
    |ap_enable_reg_pp0_iter5            |   1|   0|    1|          0|
    |ap_enable_reg_pp0_iter6            |   1|   0|    1|          0|
    |ap_enable_reg_pp0_iter7            |   1|   0|    1|          0|
    |ap_enable_reg_pp0_iter8            |   1|   0|    1|          0|
    |ap_enable_reg_pp0_iter9            |   1|   0|    1|          0|
    |ap_loop_exit_ready_pp0_iter1_reg   |   1|   0|    1|          0|
    |ap_loop_exit_ready_pp0_iter2_reg   |   1|   0|    1|          0|
    |ap_loop_exit_ready_pp0_iter3_reg   |   1|   0|    1|          0|
    |ap_loop_exit_ready_pp0_iter4_reg   |   1|   0|    1|          0|
    |ap_loop_exit_ready_pp0_iter5_reg   |   1|   0|    1|          0|
    |ap_loop_exit_ready_pp0_iter6_reg   |   1|   0|    1|          0|
    |ap_loop_exit_ready_pp0_iter7_reg   |   1|   0|    1|          0|
    |ap_loop_exit_ready_pp0_iter8_reg   |   1|   0|    1|          0|
    |ap_loop_exit_ready_pp0_iter9_reg   |   1|   0|    1|          0|
    |exp_tmp_2_reg_719                  |  11|   0|   11|          0|
    |exp_tmp_reg_697                    |  11|   0|   11|          0|
    |i_3_reg_651                        |   9|   0|    9|          0|
    |i_fu_90                            |   9|   0|    9|          0|
    |icmp_ln606_2_reg_729               |   1|   0|    1|          0|
    |icmp_ln606_reg_707                 |   1|   0|    1|          0|
    |icmp_ln617_2_reg_776               |   1|   0|    1|          0|
    |icmp_ln617_reg_748                 |   1|   0|    1|          0|
    |icmp_ln620_2_reg_812               |   1|   0|    1|          0|
    |icmp_ln620_reg_797                 |   1|   0|    1|          0|
    |man_V_10_reg_764                   |  54|   0|   54|          0|
    |man_V_10_reg_764_pp0_iter8_reg     |  54|   0|   54|          0|
    |man_V_7_reg_736                    |  54|   0|   54|          0|
    |man_V_7_reg_736_pp0_iter8_reg      |  54|   0|   54|          0|
    |p_Result_24_reg_714                |   1|   0|    1|          0|
    |p_Result_s_reg_692                 |   1|   0|    1|          0|
    |p_val_V_1_reg_827                  |  19|   0|   19|          0|
    |p_val_V_reg_822                    |  19|   0|   19|          0|
    |select_ln617_2_reg_817             |  19|   0|   19|          0|
    |select_ln617_reg_802               |  19|   0|   19|          0|
    |sext_ln616_2_reg_807               |  32|   0|   32|          0|
    |sext_ln616_reg_792                 |  32|   0|   32|          0|
    |sh_amt_2_reg_769                   |  12|   0|   12|          0|
    |sh_amt_reg_741                     |  12|   0|   12|          0|
    |trunc_ln293_1_reg_665              |  32|   0|   32|          0|
    |trunc_ln293_reg_660                |  32|   0|   32|          0|
    |trunc_ln600_2_reg_724              |  52|   0|   52|          0|
    |trunc_ln600_reg_702                |  52|   0|   52|          0|
    |trunc_ln618_2_reg_781              |  19|   0|   19|          0|
    |trunc_ln618_reg_753                |  19|   0|   19|          0|
    |v_assign_2_reg_686                 |  32|   0|   32|          0|
    |v_assign_reg_680                   |  32|   0|   32|          0|
    |i_3_reg_651                        |  64|  32|    9|          0|
    |icmp_ln606_2_reg_729               |  64|  32|    1|          0|
    |icmp_ln606_reg_707                 |  64|  32|    1|          0|
    |v_assign_2_reg_686                 |  64|  32|   32|          0|
    |v_assign_reg_680                   |  64|  32|   32|          0|
    +-----------------------------------+----+----+-----+-----------+
    |Total                              |1043| 160|  798|          0|
    +-----------------------------------+----+----+-----+-----------+



================================================================
== Interface
================================================================
* Summary: 
+-----------------------+-----+-----+------------+------------------------------------------+--------------+
|       RTL Ports       | Dir | Bits|  Protocol  |               Source Object              |    C Type    |
+-----------------------+-----+-----+------------+------------------------------------------+--------------+
|ap_clk                 |   in|    1|  ap_ctrl_hs|  doppler_fft_256_Pipeline_VITIS_LOOP_65_1|  return value|
|ap_rst                 |   in|    1|  ap_ctrl_hs|  doppler_fft_256_Pipeline_VITIS_LOOP_65_1|  return value|
|ap_start               |   in|    1|  ap_ctrl_hs|  doppler_fft_256_Pipeline_VITIS_LOOP_65_1|  return value|
|ap_done                |  out|    1|  ap_ctrl_hs|  doppler_fft_256_Pipeline_VITIS_LOOP_65_1|  return value|
|ap_idle                |  out|    1|  ap_ctrl_hs|  doppler_fft_256_Pipeline_VITIS_LOOP_65_1|  return value|
|ap_ready               |  out|    1|  ap_ctrl_hs|  doppler_fft_256_Pipeline_VITIS_LOOP_65_1|  return value|
|grp_fu_110_p_din0      |  out|   32|  ap_ctrl_hs|  doppler_fft_256_Pipeline_VITIS_LOOP_65_1|  return value|
|grp_fu_110_p_din1      |  out|   32|  ap_ctrl_hs|  doppler_fft_256_Pipeline_VITIS_LOOP_65_1|  return value|
|grp_fu_110_p_dout0     |   in|   32|  ap_ctrl_hs|  doppler_fft_256_Pipeline_VITIS_LOOP_65_1|  return value|
|grp_fu_110_p_ce        |  out|    1|  ap_ctrl_hs|  doppler_fft_256_Pipeline_VITIS_LOOP_65_1|  return value|
|grp_fu_114_p_din0      |  out|   32|  ap_ctrl_hs|  doppler_fft_256_Pipeline_VITIS_LOOP_65_1|  return value|
|grp_fu_114_p_din1      |  out|   32|  ap_ctrl_hs|  doppler_fft_256_Pipeline_VITIS_LOOP_65_1|  return value|
|grp_fu_114_p_dout0     |   in|   32|  ap_ctrl_hs|  doppler_fft_256_Pipeline_VITIS_LOOP_65_1|  return value|
|grp_fu_114_p_ce        |  out|    1|  ap_ctrl_hs|  doppler_fft_256_Pipeline_VITIS_LOOP_65_1|  return value|
|grp_fu_118_p_din0      |  out|   32|  ap_ctrl_hs|  doppler_fft_256_Pipeline_VITIS_LOOP_65_1|  return value|
|grp_fu_118_p_dout0     |   in|   64|  ap_ctrl_hs|  doppler_fft_256_Pipeline_VITIS_LOOP_65_1|  return value|
|grp_fu_118_p_ce        |  out|    1|  ap_ctrl_hs|  doppler_fft_256_Pipeline_VITIS_LOOP_65_1|  return value|
|input_r_TVALID         |   in|    1|        axis|                          input_r_V_data_V|       pointer|
|input_r_TDATA          |   in|   64|        axis|                          input_r_V_data_V|       pointer|
|input_r_TREADY         |  out|    1|        axis|                          input_r_V_last_V|       pointer|
|input_r_TLAST          |   in|    1|        axis|                          input_r_V_last_V|       pointer|
|input_r_TKEEP          |   in|    8|        axis|                          input_r_V_keep_V|       pointer|
|input_r_TSTRB          |   in|    8|        axis|                          input_r_V_strb_V|       pointer|
|buf_M_real_V_address0  |  out|    8|   ap_memory|                              buf_M_real_V|         array|
|buf_M_real_V_ce0       |  out|    1|   ap_memory|                              buf_M_real_V|         array|
|buf_M_real_V_we0       |  out|    1|   ap_memory|                              buf_M_real_V|         array|
|buf_M_real_V_d0        |  out|   19|   ap_memory|                              buf_M_real_V|         array|
|buf_M_imag_V_address0  |  out|    8|   ap_memory|                              buf_M_imag_V|         array|
|buf_M_imag_V_ce0       |  out|    1|   ap_memory|                              buf_M_imag_V|         array|
|buf_M_imag_V_we0       |  out|    1|   ap_memory|                              buf_M_imag_V|         array|
|buf_M_imag_V_d0        |  out|   19|   ap_memory|                              buf_M_imag_V|         array|
+-----------------------+-----+-----+------------+------------------------------------------+--------------+

