

================================================================
== Vitis HLS Report for 'corr_multiplication'
================================================================
* Date:           Tue May  5 17:05:09 2026

* Version:        2022.1 (Build 3526262 on Mon Apr 18 15:48:16 MDT 2022)
* Project:        mult_project_wlo
* Solution:       solution1 (Vivado IP Flow Target)
* Product family: zynq
* Target device:  xc7z020-clg484-1


================================================================
== Performance Estimates
================================================================
+ Timing: 
    * Summary: 
    +--------+----------+----------+------------+
    |  Clock |  Target  | Estimated| Uncertainty|
    +--------+----------+----------+------------+
    |ap_clk  |  10.00 ns|  7.222 ns|     2.70 ns|
    +--------+----------+----------+------------+

+ Latency: 
    * Summary: 
    +---------+---------+-----------+-----------+------+------+---------+
    |  Latency (cycles) |   Latency (absolute)  |   Interval  | Pipeline|
    |   min   |   max   |    min    |    max    |  min |  max |   Type  |
    +---------+---------+-----------+-----------+------+------+---------+
    |     2094|     2094|  20.940 us|  20.940 us|  2095|  2095|       no|
    +---------+---------+-----------+-----------+------+------+---------+

    + Detail: 
        * Instance: 
        +--------------------------------------------------------+----------------------------------------------+---------+---------+-----------+-----------+------+------+---------+
        |                                                        |                                              |  Latency (cycles) |   Latency (absolute)  |   Interval  | Pipeline|
        |                        Instance                        |                    Module                    |   min   |   max   |    min    |    max    |  min |  max |   Type  |
        +--------------------------------------------------------+----------------------------------------------+---------+---------+-----------+-----------+------+------+---------+
        |grp_corr_multiplication_Pipeline_VITIS_LOOP_17_1_fu_52  |corr_multiplication_Pipeline_VITIS_LOOP_17_1  |     1044|     1044|  10.440 us|  10.440 us|  1044|  1044|       no|
        |grp_corr_multiplication_Pipeline_VITIS_LOOP_48_2_fu_76  |corr_multiplication_Pipeline_VITIS_LOOP_48_2  |     1044|     1044|  10.440 us|  10.440 us|  1044|  1044|       no|
        +--------------------------------------------------------+----------------------------------------------+---------+---------+-----------+-----------+------+------+---------+

        * Loop: 
        N/A



================================================================
== Utilization Estimates
================================================================
* Summary: 
+-----------------+---------+-----+--------+-------+-----+
|       Name      | BRAM_18K| DSP |   FF   |  LUT  | URAM|
+-----------------+---------+-----+--------+-------+-----+
|DSP              |        -|    -|       -|      -|    -|
|Expression       |        -|    -|       0|      4|    -|
|FIFO             |        -|    -|       -|      -|    -|
|Instance         |        8|   28|    5286|   9262|    -|
|Memory           |        -|    -|       -|      -|    -|
|Multiplexer      |        -|    -|       -|    350|    -|
|Register         |        -|    -|       9|      -|    -|
+-----------------+---------+-----+--------+-------+-----+
|Total            |        8|   28|    5295|   9616|    0|
+-----------------+---------+-----+--------+-------+-----+
|Available        |      280|  220|  106400|  53200|    0|
+-----------------+---------+-----+--------+-------+-----+
|Utilization (%)  |        2|   12|       4|     18|    0|
+-----------------+---------+-----+--------+-------+-----+

+ Detail: 
    * Instance: 
    +--------------------------------------------------------+----------------------------------------------+---------+----+------+------+-----+
    |                        Instance                        |                    Module                    | BRAM_18K| DSP|  FF  |  LUT | URAM|
    +--------------------------------------------------------+----------------------------------------------+---------+----+------+------+-----+
    |grp_corr_multiplication_Pipeline_VITIS_LOOP_17_1_fu_52  |corr_multiplication_Pipeline_VITIS_LOOP_17_1  |        4|   8|  2357|  3989|    0|
    |grp_corr_multiplication_Pipeline_VITIS_LOOP_48_2_fu_76  |corr_multiplication_Pipeline_VITIS_LOOP_48_2  |        4|   8|  2357|  3989|    0|
    |fmul_32ns_32ns_32_4_max_dsp_1_U43                       |fmul_32ns_32ns_32_4_max_dsp_1                 |        0|   3|   143|   321|    0|
    |fmul_32ns_32ns_32_4_max_dsp_1_U44                       |fmul_32ns_32ns_32_4_max_dsp_1                 |        0|   3|   143|   321|    0|
    |fmul_32ns_32ns_32_4_max_dsp_1_U45                       |fmul_32ns_32ns_32_4_max_dsp_1                 |        0|   3|   143|   321|    0|
    |fmul_32ns_32ns_32_4_max_dsp_1_U46                       |fmul_32ns_32ns_32_4_max_dsp_1                 |        0|   3|   143|   321|    0|
    |fpext_32ns_64_2_no_dsp_1_U47                            |fpext_32ns_64_2_no_dsp_1                      |        0|   0|     0|     0|    0|
    |fpext_32ns_64_2_no_dsp_1_U48                            |fpext_32ns_64_2_no_dsp_1                      |        0|   0|     0|     0|    0|
    +--------------------------------------------------------+----------------------------------------------+---------+----+------+------+-----+
    |Total                                                   |                                              |        8|  28|  5286|  9262|    0|
    +--------------------------------------------------------+----------------------------------------------+---------+----+------+------+-----+

    * DSP: 
    N/A

    * Memory: 
    N/A

    * FIFO: 
    N/A

    * Expression: 
    +------------------------------------------------------------------------+----------+----+---+----+------------+------------+
    |                              Variable Name                             | Operation| DSP| FF| LUT| Bitwidth P0| Bitwidth P1|
    +------------------------------------------------------------------------+----------+----+---+----+------------+------------+
    |grp_corr_multiplication_Pipeline_VITIS_LOOP_17_1_fu_52_output_r_TREADY  |       and|   0|  0|   2|           1|           1|
    |grp_corr_multiplication_Pipeline_VITIS_LOOP_48_2_fu_76_output_r_TREADY  |       and|   0|  0|   2|           1|           1|
    +------------------------------------------------------------------------+----------+----+---+----+------------+------------+
    |Total                                                                   |          |   0|  0|   4|           2|           2|
    +------------------------------------------------------------------------+----------+----+---+----+------------+------------+

    * Multiplexer: 
    +------------------------------+----+-----------+-----+-----------+
    |             Name             | LUT| Input Size| Bits| Total Bits|
    +------------------------------+----+-----------+-----+-----------+
    |ap_NS_fsm                     |  42|          8|    1|          8|
    |grp_fu_100_ce                 |  14|          3|    1|          3|
    |grp_fu_100_p0                 |  14|          3|   32|         96|
    |grp_fu_100_p1                 |  14|          3|   32|         96|
    |grp_fu_104_ce                 |  14|          3|    1|          3|
    |grp_fu_104_p0                 |  14|          3|   32|         96|
    |grp_fu_104_p1                 |  14|          3|   32|         96|
    |grp_fu_108_ce                 |  14|          3|    1|          3|
    |grp_fu_108_p0                 |  14|          3|   32|         96|
    |grp_fu_108_p1                 |  14|          3|   32|         96|
    |grp_fu_112_ce                 |  14|          3|    1|          3|
    |grp_fu_112_p0                 |  14|          3|   32|         96|
    |grp_fu_112_p1                 |  14|          3|   32|         96|
    |grp_fu_116_ce                 |  14|          3|    1|          3|
    |grp_fu_116_p0                 |  14|          3|   32|         96|
    |grp_fu_119_ce                 |  14|          3|    1|          3|
    |grp_fu_119_p0                 |  14|          3|   32|         96|
    |input_r_TREADY_int_regslice   |  14|          3|    1|          3|
    |output_r_TDATA_int_regslice   |  14|          3|   64|        192|
    |output_r_TKEEP_int_regslice   |  14|          3|    8|         24|
    |output_r_TLAST_int_regslice   |  14|          3|    1|          3|
    |output_r_TSTRB_int_regslice   |  14|          3|    8|         24|
    |output_r_TVALID_int_regslice  |  14|          3|    1|          3|
    +------------------------------+----+-----------+-----+-----------+
    |Total                         | 350|         74|  410|       1235|
    +------------------------------+----+-----------+-----+-----------+

    * Register: 
    +---------------------------------------------------------------------+---+----+-----+-----------+
    |                                 Name                                | FF| LUT| Bits| Const Bits|
    +---------------------------------------------------------------------+---+----+-----+-----------+
    |ap_CS_fsm                                                            |  7|   0|    7|          0|
    |grp_corr_multiplication_Pipeline_VITIS_LOOP_17_1_fu_52_ap_start_reg  |  1|   0|    1|          0|
    |grp_corr_multiplication_Pipeline_VITIS_LOOP_48_2_fu_76_ap_start_reg  |  1|   0|    1|          0|
    +---------------------------------------------------------------------+---+----+-----+-----------+
    |Total                                                                |  9|   0|    9|          0|
    +---------------------------------------------------------------------+---+----+-----+-----------+



================================================================
== Interface
================================================================
* Summary: 
+-----------------+-----+-----+--------------+---------------------+--------------+
|    RTL Ports    | Dir | Bits|   Protocol   |    Source Object    |    C Type    |
+-----------------+-----+-----+--------------+---------------------+--------------+
|ap_clk           |   in|    1|  ap_ctrl_none|  corr_multiplication|  return value|
|ap_rst_n         |   in|    1|  ap_ctrl_none|  corr_multiplication|  return value|
|input_r_TDATA    |   in|   64|          axis|     input_r_V_data_V|       pointer|
|input_r_TVALID   |   in|    1|          axis|     input_r_V_last_V|       pointer|
|input_r_TREADY   |  out|    1|          axis|     input_r_V_last_V|       pointer|
|input_r_TLAST    |   in|    1|          axis|     input_r_V_last_V|       pointer|
|input_r_TKEEP    |   in|    8|          axis|     input_r_V_keep_V|       pointer|
|input_r_TSTRB    |   in|    8|          axis|     input_r_V_strb_V|       pointer|
|output_r_TDATA   |  out|   64|          axis|    output_r_V_data_V|       pointer|
|output_r_TVALID  |  out|    1|          axis|    output_r_V_last_V|       pointer|
|output_r_TREADY  |   in|    1|          axis|    output_r_V_last_V|       pointer|
|output_r_TLAST   |  out|    1|          axis|    output_r_V_last_V|       pointer|
|output_r_TKEEP   |  out|    8|          axis|    output_r_V_keep_V|       pointer|
|output_r_TSTRB   |  out|    8|          axis|    output_r_V_strb_V|       pointer|
+-----------------+-----+-----+--------------+---------------------+--------------+

