

================================================================
== Vitis HLS Report for 'corr_multiplication_Pipeline_VITIS_LOOP_48_2'
================================================================
* Date:           Tue May  5 17:05:06 2026

* Version:        2022.1 (Build 3526262 on Mon Apr 18 15:48:16 MDT 2022)
* Project:        mult_project_wlo
* Solution:       solution1 (Vivado IP Flow Target)
* Product family: zynq
* Target device:  xc7z020-clg484-1


================================================================
== Performance Estimates
================================================================
+ Timing: 
    * Summary: 
    +--------+----------+----------+------------+
    |  Clock |  Target  | Estimated| Uncertainty|
    +--------+----------+----------+------------+
    |ap_clk  |  10.00 ns|  7.222 ns|     2.70 ns|
    +--------+----------+----------+------------+

+ Latency: 
    * Summary: 
    +---------+---------+-----------+-----------+------+------+---------+
    |  Latency (cycles) |   Latency (absolute)  |   Interval  | Pipeline|
    |   min   |   max   |    min    |    max    |  min |  max |   Type  |
    +---------+---------+-----------+-----------+------+------+---------+
    |     1044|     1044|  10.440 us|  10.440 us|  1044|  1044|       no|
    +---------+---------+-----------+-----------+------+------+---------+

    + Detail: 
        * Instance: 
        N/A

        * Loop: 
        +-------------------+---------+---------+----------+-----------+-----------+------+----------+
        |                   |  Latency (cycles) | Iteration|  Initiation Interval  | Trip |          |
        |     Loop Name     |   min   |   max   |  Latency |  achieved |   target  | Count| Pipelined|
        +-------------------+---------+---------+----------+-----------+-----------+------+----------+
        |- VITIS_LOOP_48_2  |     1042|     1042|        20|          1|          1|  1024|       yes|
        +-------------------+---------+---------+----------+-----------+-----------+------+----------+



================================================================
== Utilization Estimates
================================================================
* Summary: 
+-----------------+---------+-----+--------+-------+-----+
|       Name      | BRAM_18K| DSP |   FF   |  LUT  | URAM|
+-----------------+---------+-----+--------+-------+-----+
|DSP              |        -|    -|       -|      -|    -|
|Expression       |        -|    -|       0|   3395|    -|
|FIFO             |        -|    -|       -|      -|    -|
|Instance         |        -|    8|       0|    156|    -|
|Memory           |        4|    -|       0|      0|    -|
|Multiplexer      |        -|    -|       -|     54|    -|
|Register         |        -|    -|    2357|    384|    -|
+-----------------+---------+-----+--------+-------+-----+
|Total            |        4|    8|    2357|   3989|    0|
+-----------------+---------+-----+--------+-------+-----+
|Available        |      280|  220|  106400|  53200|    0|
+-----------------+---------+-----+--------+-------+-----+
|Utilization (%)  |        1|    3|       2|      7|    0|
+-----------------+---------+-----+--------+-------+-----+

+ Detail: 
    * Instance: 
    +------------------------+--------------------+---------+----+---+----+-----+
    |        Instance        |       Module       | BRAM_18K| DSP| FF| LUT| URAM|
    +------------------------+--------------------+---------+----+---+----+-----+
    |mul_24s_27s_45_1_1_U30  |mul_24s_27s_45_1_1  |        0|   2|  0|  39|    0|
    |mul_24s_27s_45_1_1_U31  |mul_24s_27s_45_1_1  |        0|   2|  0|  39|    0|
    |mul_25s_27s_45_1_1_U29  |mul_25s_27s_45_1_1  |        0|   2|  0|  39|    0|
    |mul_25s_27s_45_1_1_U32  |mul_25s_27s_45_1_1  |        0|   2|  0|  39|    0|
    +------------------------+--------------------+---------+----+---+----+-----+
    |Total                   |                    |        0|   8|  0| 156|    0|
    +------------------------+--------------------+---------+----+---+----+-----+

    * DSP: 
    N/A

    * Memory: 
    +--------------------+---------------------------------------------------------------------------+---------+---+----+-----+------+-----+------+-------------+
    |       Memory       |                                   Module                                  | BRAM_18K| FF| LUT| URAM| Words| Bits| Banks| W*Bits*Banks|
    +--------------------+---------------------------------------------------------------------------+---------+---+----+-----+------+-----+------+-------------+
    |gb_conj_M_imag_V_U  |corr_multiplication_Pipeline_VITIS_LOOP_48_2_gb_conj_M_imag_V_ROM_AUTO_1R  |        2|  0|   0|    0|  1024|   22|     1|        22528|
    |gb_conj_M_real_V_U  |corr_multiplication_Pipeline_VITIS_LOOP_48_2_gb_conj_M_real_V_ROM_AUTO_1R  |        2|  0|   0|    0|  1024|   23|     1|        23552|
    +--------------------+---------------------------------------------------------------------------+---------+---+----+-----+------+-----+------+-------------+
    |Total               |                                                                           |        4|  0|   0|    0|  2048|   45|     2|        46080|
    +--------------------+---------------------------------------------------------------------------+---------+---+----+-----+------+-----+------+-------------+

    * FIFO: 
    N/A

    * Expression: 
    +----------------------------------+----------+----+---+-----+------------+------------+
    |           Variable Name          | Operation| DSP| FF| LUT | Bitwidth P0| Bitwidth P1|
    +----------------------------------+----------+----+---+-----+------------+------------+
    |add_ln1150_1_fu_1151_p2           |         +|   0|  0|   34|          27|           6|
    |add_ln1150_fu_1046_p2             |         +|   0|  0|   34|          27|           6|
    |add_ln1159_1_fu_1259_p2           |         +|   0|  0|   39|          32|           6|
    |add_ln1159_fu_1192_p2             |         +|   0|  0|   39|          32|           6|
    |add_ln1170_1_fu_1382_p2           |         +|   0|  0|    8|           8|           8|
    |add_ln1170_fu_1338_p2             |         +|   0|  0|    8|           8|           8|
    |add_ln48_fu_268_p2                |         +|   0|  0|   12|          11|           1|
    |add_ln616_1_fu_502_p2             |         +|   0|  0|   12|          12|           6|
    |add_ln616_fu_416_p2               |         +|   0|  0|   12|          12|           6|
    |lsb_index_1_fu_1084_p2            |         +|   0|  0|   39|          32|           6|
    |lsb_index_fu_979_p2               |         +|   0|  0|   39|          32|           6|
    |m_2_fu_1232_p2                    |         +|   0|  0|   71|          64|          64|
    |m_7_fu_1299_p2                    |         +|   0|  0|   71|          64|          64|
    |ret_V_1_fu_821_p2                 |         +|   0|  0|   52|          45|          45|
    |F2_1_fu_490_p2                    |         -|   0|  0|   12|          11|          12|
    |F2_fu_404_p2                      |         -|   0|  0|   12|          11|          12|
    |man_V_1_fu_391_p2                 |         -|   0|  0|   61|           1|          54|
    |man_V_4_fu_477_p2                 |         -|   0|  0|   61|           1|          54|
    |ret_V_fu_807_p2                   |         -|   0|  0|   52|          45|          45|
    |sub_ln1145_1_fu_961_p2            |         -|   0|  0|   39|           5|          32|
    |sub_ln1145_fu_897_p2              |         -|   0|  0|   39|           5|          32|
    |sub_ln1148_1_fu_1105_p2           |         -|   0|  0|   13|           5|           5|
    |sub_ln1148_fu_1000_p2             |         -|   0|  0|   13|           5|           5|
    |sub_ln1160_1_fu_1274_p2           |         -|   0|  0|   39|           5|          32|
    |sub_ln1160_fu_1207_p2             |         -|   0|  0|   39|           5|          32|
    |sub_ln1165_1_fu_1377_p2           |         -|   0|  0|    8|           4|           8|
    |sub_ln1165_fu_1333_p2             |         -|   0|  0|    8|           4|           8|
    |sub_ln616_1_fu_508_p2             |         -|   0|  0|   12|           5|          12|
    |sub_ln616_fu_422_p2               |         -|   0|  0|   12|           5|          12|
    |tmp_V_2_fu_920_p2                 |         -|   0|  0|   34|           1|          27|
    |tmp_V_fu_856_p2                   |         -|   0|  0|   34|           1|          27|
    |a_1_fu_1131_p2                    |       and|   0|  0|    2|           1|           1|
    |a_fu_1026_p2                      |       and|   0|  0|    2|           1|           1|
    |and_ln1150_1_fu_1163_p2           |       and|   0|  0|    2|           1|           1|
    |and_ln1150_fu_1058_p2             |       and|   0|  0|    2|           1|           1|
    |and_ln616_1_fu_543_p2             |       and|   0|  0|    2|           1|           1|
    |and_ln616_fu_457_p2               |       and|   0|  0|    2|           1|           1|
    |and_ln617_1_fu_636_p2             |       and|   0|  0|    2|           1|           1|
    |and_ln617_fu_589_p2               |       and|   0|  0|    2|           1|           1|
    |ap_block_state1_pp0_stage0_iter0  |       and|   0|  0|    2|           1|           1|
    |p_Result_2_fu_1015_p2             |       and|   0|  0|   27|          27|          27|
    |p_Result_9_fu_1120_p2             |       and|   0|  0|   27|          27|          27|
    |ashr_ln621_1_fu_707_p2            |      ashr|   0|  0|  161|          54|          54|
    |ashr_ln621_fu_656_p2              |      ashr|   0|  0|  161|          54|          54|
    |icmp_ln1136_1_fu_915_p2           |      icmp|   0|  0|   16|          27|           1|
    |icmp_ln1136_fu_851_p2             |      icmp|   0|  0|   16|          27|           1|
    |icmp_ln1147_1_fu_1099_p2          |      icmp|   0|  0|   17|          31|           1|
    |icmp_ln1147_fu_994_p2             |      icmp|   0|  0|   17|          31|           1|
    |icmp_ln1148_1_fu_1125_p2          |      icmp|   0|  0|   16|          27|           1|
    |icmp_ln1148_fu_1020_p2            |      icmp|   0|  0|   16|          27|           1|
    |icmp_ln1159_1_fu_1183_p2          |      icmp|   0|  0|   18|          32|           1|
    |icmp_ln1159_fu_1078_p2            |      icmp|   0|  0|   18|          32|           1|
    |icmp_ln48_fu_262_p2               |      icmp|   0|  0|   12|          11|          12|
    |icmp_ln606_1_fu_371_p2            |      icmp|   0|  0|   28|          63|           1|
    |icmp_ln606_fu_335_p2              |      icmp|   0|  0|   28|          63|           1|
    |icmp_ln616_1_fu_496_p2            |      icmp|   0|  0|   12|          12|           5|
    |icmp_ln616_fu_410_p2              |      icmp|   0|  0|   12|          12|           5|
    |icmp_ln617_1_fu_522_p2            |      icmp|   0|  0|   12|          12|           5|
    |icmp_ln617_fu_436_p2              |      icmp|   0|  0|   12|          12|           5|
    |icmp_ln620_1_fu_604_p2            |      icmp|   0|  0|   12|          12|           6|
    |icmp_ln620_fu_557_p2              |      icmp|   0|  0|   12|          12|           6|
    |icmp_ln638_1_fu_609_p2            |      icmp|   0|  0|   12|          12|           5|
    |icmp_ln638_fu_562_p2              |      icmp|   0|  0|   12|          12|           5|
    |tmp_last_V_fu_648_p2              |      icmp|   0|  0|   11|          11|          10|
    |lshr_ln1148_1_fu_1114_p2          |      lshr|   0|  0|   79|           2|          27|
    |lshr_ln1148_fu_1009_p2            |      lshr|   0|  0|   79|           2|          27|
    |lshr_ln1159_1_fu_1268_p2          |      lshr|   0|  0|  182|          64|          64|
    |lshr_ln1159_fu_1201_p2            |      lshr|   0|  0|  182|          64|          64|
    |ap_block_pp0_stage0_01001         |        or|   0|  0|    2|           1|           1|
    |or_ln1150_2_fu_1169_p2            |        or|   0|  0|    2|           1|           1|
    |or_ln1150_fu_1064_p2              |        or|   0|  0|    2|           1|           1|
    |or_ln617_1_fu_532_p2              |        or|   0|  0|    2|           1|           1|
    |or_ln617_fu_446_p2                |        or|   0|  0|    2|           1|           1|
    |in_im_V_fu_748_p3                 |    select|   0|  0|   27|           1|           1|
    |in_re_V_fu_697_p3                 |    select|   0|  0|   27|           1|           1|
    |m_1_fu_1222_p3                    |    select|   0|  0|   64|           1|          64|
    |m_6_fu_1289_p3                    |    select|   0|  0|   64|           1|          64|
    |man_V_2_fu_397_p3                 |    select|   0|  0|   54|           1|          54|
    |man_V_5_fu_483_p3                 |    select|   0|  0|   54|           1|          54|
    |select_ln1144_1_fu_1370_p3        |    select|   0|  0|    7|           1|           7|
    |select_ln1144_fu_1326_p3          |    select|   0|  0|    7|           1|           7|
    |select_ln304_1_fu_1434_p3         |    select|   0|  0|   32|           1|           1|
    |select_ln304_fu_1423_p3           |    select|   0|  0|   32|           1|           1|
    |select_ln616_2_fu_742_p3          |    select|   0|  0|   27|           1|          27|
    |select_ln616_fu_691_p3            |    select|   0|  0|   27|           1|          27|
    |select_ln617_1_fu_641_p3          |    select|   0|  0|   27|           1|          27|
    |select_ln617_fu_594_p3            |    select|   0|  0|   27|           1|          27|
    |select_ln620_1_fu_735_p3          |    select|   0|  0|   27|           1|          27|
    |select_ln620_fu_684_p3            |    select|   0|  0|   27|           1|          27|
    |select_ln623_1_fu_727_p3          |    select|   0|  0|    2|           1|           2|
    |select_ln623_fu_676_p3            |    select|   0|  0|    2|           1|           2|
    |select_ln638_1_fu_623_p3          |    select|   0|  0|   27|           1|          27|
    |select_ln638_fu_576_p3            |    select|   0|  0|   27|           1|          27|
    |sh_amt_1_fu_514_p3                |    select|   0|  0|   12|           1|          12|
    |sh_amt_fu_428_p3                  |    select|   0|  0|   12|           1|          12|
    |tmp_V_4_fu_861_p3                 |    select|   0|  0|   27|           1|          27|
    |tmp_V_5_fu_925_p3                 |    select|   0|  0|   27|           1|          27|
    |shl_ln1160_1_fu_1283_p2           |       shl|   0|  0|  182|          64|          64|
    |shl_ln1160_fu_1216_p2             |       shl|   0|  0|  182|          64|          64|
    |shl_ln639_1_fu_618_p2             |       shl|   0|  0|   79|          27|          27|
    |shl_ln639_fu_571_p2               |       shl|   0|  0|   79|          27|          27|
    |ap_enable_pp0                     |       xor|   0|  0|    2|           1|           2|
    |xor_ln1150_1_fu_1145_p2           |       xor|   0|  0|    2|           1|           2|
    |xor_ln1150_fu_1040_p2             |       xor|   0|  0|    2|           1|           2|
    |xor_ln606_1_fu_631_p2             |       xor|   0|  0|    2|           1|           2|
    |xor_ln606_fu_584_p2               |       xor|   0|  0|    2|           1|           2|
    |xor_ln617_1_fu_537_p2             |       xor|   0|  0|    2|           1|           2|
    |xor_ln617_fu_451_p2               |       xor|   0|  0|    2|           1|           2|
    +----------------------------------+----------+----+---+-----+------------+------------+
    |Total                             |          |   0|  0| 3395|        1524|        1827|
    +----------------------------------+----------+----+---+-----+------------+------------+

    * Multiplexer: 
    +-------------------------+----+-----------+-----+-----------+
    |           Name          | LUT| Input Size| Bits| Total Bits|
    +-------------------------+----+-----------+-----+-----------+
    |ap_done_int              |   9|          2|    1|          2|
    |ap_enable_reg_pp0_iter1  |   9|          2|    1|          2|
    |ap_sig_allocacmp_i_1     |   9|          2|   11|         22|
    |i_fu_168                 |   9|          2|   11|         22|
    |input_r_TDATA_blk_n      |   9|          2|    1|          2|
    |output_r_TDATA_blk_n     |   9|          2|    1|          2|
    +-------------------------+----+-----------+-----+-----------+
    |Total                    |  54|         12|   26|         52|
    +-------------------------+----+-----------+-----+-----------+

    * Register: 
    +--------------------------------------+----+----+-----+-----------+
    |                 Name                 | FF | LUT| Bits| Const Bits|
    +--------------------------------------+----+----+-----+-----------+
    |LD_2_reg_1818                         |  32|   0|   32|          0|
    |LD_3_reg_1823                         |  32|   0|   32|          0|
    |and_ln616_1_reg_1594                  |   1|   0|    1|          0|
    |and_ln616_1_reg_1594_pp0_iter8_reg    |   1|   0|    1|          0|
    |and_ln616_reg_1566                    |   1|   0|    1|          0|
    |and_ln616_reg_1566_pp0_iter8_reg      |   1|   0|    1|          0|
    |ap_CS_fsm                             |   1|   0|    1|          0|
    |ap_done_reg                           |   1|   0|    1|          0|
    |ap_enable_reg_pp0_iter1               |   1|   0|    1|          0|
    |ap_enable_reg_pp0_iter10              |   1|   0|    1|          0|
    |ap_enable_reg_pp0_iter11              |   1|   0|    1|          0|
    |ap_enable_reg_pp0_iter12              |   1|   0|    1|          0|
    |ap_enable_reg_pp0_iter13              |   1|   0|    1|          0|
    |ap_enable_reg_pp0_iter14              |   1|   0|    1|          0|
    |ap_enable_reg_pp0_iter15              |   1|   0|    1|          0|
    |ap_enable_reg_pp0_iter16              |   1|   0|    1|          0|
    |ap_enable_reg_pp0_iter17              |   1|   0|    1|          0|
    |ap_enable_reg_pp0_iter18              |   1|   0|    1|          0|
    |ap_enable_reg_pp0_iter19              |   1|   0|    1|          0|
    |ap_enable_reg_pp0_iter2               |   1|   0|    1|          0|
    |ap_enable_reg_pp0_iter3               |   1|   0|    1|          0|
    |ap_enable_reg_pp0_iter4               |   1|   0|    1|          0|
    |ap_enable_reg_pp0_iter5               |   1|   0|    1|          0|
    |ap_enable_reg_pp0_iter6               |   1|   0|    1|          0|
    |ap_enable_reg_pp0_iter7               |   1|   0|    1|          0|
    |ap_enable_reg_pp0_iter8               |   1|   0|    1|          0|
    |ap_enable_reg_pp0_iter9               |   1|   0|    1|          0|
    |ap_loop_exit_ready_pp0_iter10_reg     |   1|   0|    1|          0|
    |ap_loop_exit_ready_pp0_iter11_reg     |   1|   0|    1|          0|
    |ap_loop_exit_ready_pp0_iter12_reg     |   1|   0|    1|          0|
    |ap_loop_exit_ready_pp0_iter13_reg     |   1|   0|    1|          0|
    |ap_loop_exit_ready_pp0_iter14_reg     |   1|   0|    1|          0|
    |ap_loop_exit_ready_pp0_iter15_reg     |   1|   0|    1|          0|
    |ap_loop_exit_ready_pp0_iter16_reg     |   1|   0|    1|          0|
    |ap_loop_exit_ready_pp0_iter17_reg     |   1|   0|    1|          0|
    |ap_loop_exit_ready_pp0_iter18_reg     |   1|   0|    1|          0|
    |ap_loop_exit_ready_pp0_iter1_reg      |   1|   0|    1|          0|
    |ap_loop_exit_ready_pp0_iter2_reg      |   1|   0|    1|          0|
    |ap_loop_exit_ready_pp0_iter3_reg      |   1|   0|    1|          0|
    |ap_loop_exit_ready_pp0_iter4_reg      |   1|   0|    1|          0|
    |ap_loop_exit_ready_pp0_iter5_reg      |   1|   0|    1|          0|
    |ap_loop_exit_ready_pp0_iter6_reg      |   1|   0|    1|          0|
    |ap_loop_exit_ready_pp0_iter7_reg      |   1|   0|    1|          0|
    |ap_loop_exit_ready_pp0_iter8_reg      |   1|   0|    1|          0|
    |ap_loop_exit_ready_pp0_iter9_reg      |   1|   0|    1|          0|
    |c_im_V_reg_1659                       |  22|   0|   22|          0|
    |c_re_V_reg_1654                       |  23|   0|   23|          0|
    |exp_tmp_1_reg_1526                    |  11|   0|   11|          0|
    |exp_tmp_reg_1504                      |  11|   0|   11|          0|
    |i_1_reg_1457                          |  11|   0|   11|          0|
    |i_fu_168                              |  11|   0|   11|          0|
    |icmp_ln1136_1_reg_1744                |   1|   0|    1|          0|
    |icmp_ln1136_reg_1710                  |   1|   0|    1|          0|
    |icmp_ln1159_1_reg_1793                |   1|   0|    1|          0|
    |icmp_ln1159_reg_1783                  |   1|   0|    1|          0|
    |icmp_ln606_1_reg_1536                 |   1|   0|    1|          0|
    |icmp_ln606_reg_1514                   |   1|   0|    1|          0|
    |icmp_ln617_1_reg_1583                 |   1|   0|    1|          0|
    |icmp_ln617_reg_1555                   |   1|   0|    1|          0|
    |icmp_ln620_1_reg_1619                 |   1|   0|    1|          0|
    |icmp_ln620_reg_1604                   |   1|   0|    1|          0|
    |in_im_V_reg_1649                      |  27|   0|   27|          0|
    |in_re_V_reg_1644                      |  27|   0|   27|          0|
    |m_10_reg_1808                         |  63|   0|   63|          0|
    |m_reg_1798                            |  63|   0|   63|          0|
    |man_V_2_reg_1543                      |  54|   0|   54|          0|
    |man_V_2_reg_1543_pp0_iter8_reg        |  54|   0|   54|          0|
    |man_V_5_reg_1571                      |  54|   0|   54|          0|
    |man_V_5_reg_1571_pp0_iter8_reg        |  54|   0|   54|          0|
    |mul_ln1393_reg_1679                   |  45|   0|   45|          0|
    |mul_ln1394_reg_1669                   |  45|   0|   45|          0|
    |mul_ln859_1_reg_1674                  |  45|   0|   45|          0|
    |mul_ln859_reg_1664                    |  45|   0|   45|          0|
    |or_ln1150_1_reg_1778                  |   1|   0|    2|          1|
    |or_ln1150_3_reg_1788                  |   1|   0|    2|          1|
    |p_Result_11_reg_1813                  |   1|   0|    1|          0|
    |p_Result_13_reg_1499                  |   1|   0|    1|          0|
    |p_Result_15_reg_1521                  |   1|   0|    1|          0|
    |p_Result_17_reg_1698                  |   1|   0|    1|          0|
    |p_Result_20_reg_1704                  |   1|   0|    1|          0|
    |p_Result_4_reg_1803                   |   1|   0|    1|          0|
    |p_im_V_reg_1691                       |  27|   0|   27|          0|
    |p_re_V_reg_1684                       |  27|   0|   27|          0|
    |select_ln617_1_reg_1624               |  27|   0|   27|          0|
    |select_ln617_reg_1609                 |  27|   0|   27|          0|
    |sext_ln616_1_reg_1614                 |  32|   0|   32|          0|
    |sext_ln616_reg_1599                   |  32|   0|   32|          0|
    |sh_amt_1_reg_1576                     |  12|   0|   12|          0|
    |sh_amt_reg_1548                       |  12|   0|   12|          0|
    |sub_ln1145_1_reg_1756                 |  32|   0|   32|          0|
    |sub_ln1145_1_reg_1756_pp0_iter13_reg  |  32|   0|   32|          0|
    |sub_ln1145_reg_1722                   |  32|   0|   32|          0|
    |sub_ln1145_reg_1722_pp0_iter13_reg    |  32|   0|   32|          0|
    |tmp_V_4_reg_1715                      |  27|   0|   27|          0|
    |tmp_V_4_reg_1715_pp0_iter13_reg       |  27|   0|   27|          0|
    |tmp_V_5_reg_1749                      |  27|   0|   27|          0|
    |tmp_V_5_reg_1749_pp0_iter13_reg       |  27|   0|   27|          0|
    |tmp_last_V_reg_1639                   |   1|   0|    1|          0|
    |trunc_ln1144_1_reg_1773               |   8|   0|    8|          0|
    |trunc_ln1144_reg_1739                 |   8|   0|    8|          0|
    |trunc_ln1145_1_reg_1763               |  27|   0|   27|          0|
    |trunc_ln1145_reg_1729                 |  27|   0|   27|          0|
    |trunc_ln1148_1_reg_1768               |   5|   0|    5|          0|
    |trunc_ln1148_reg_1734                 |   5|   0|    5|          0|
    |trunc_ln293_3_reg_1472                |  32|   0|   32|          0|
    |trunc_ln293_reg_1467                  |  32|   0|   32|          0|
    |trunc_ln600_1_reg_1531                |  52|   0|   52|          0|
    |trunc_ln600_reg_1509                  |  52|   0|   52|          0|
    |trunc_ln618_1_reg_1588                |  27|   0|   27|          0|
    |trunc_ln618_reg_1560                  |  27|   0|   27|          0|
    |v_assign_2_reg_1487                   |  32|   0|   32|          0|
    |v_assign_3_reg_1493                   |  32|   0|   32|          0|
    |i_1_reg_1457                          |  64|  32|   11|          0|
    |icmp_ln1136_1_reg_1744                |  64|  32|    1|          0|
    |icmp_ln1136_reg_1710                  |  64|  32|    1|          0|
    |icmp_ln606_1_reg_1536                 |  64|  32|    1|          0|
    |icmp_ln606_reg_1514                   |  64|  32|    1|          0|
    |p_Result_17_reg_1698                  |  64|  32|    1|          0|
    |p_Result_20_reg_1704                  |  64|  32|    1|          0|
    |tmp_last_V_reg_1639                   |  64|  32|    1|          0|
    |trunc_ln1144_1_reg_1773               |  64|  32|    8|          0|
    |trunc_ln1144_reg_1739                 |  64|  32|    8|          0|
    |v_assign_2_reg_1487                   |  64|  32|   32|          0|
    |v_assign_3_reg_1493                   |  64|  32|   32|          0|
    +--------------------------------------+----+----+-----+-----------+
    |Total                                 |2357| 384| 1689|          2|
    +--------------------------------------+----+----+-----+-----------+



================================================================
== Interface
================================================================
* Summary: 
+--------------------+-----+-----+------------+----------------------------------------------+--------------+
|      RTL Ports     | Dir | Bits|  Protocol  |                 Source Object                |    C Type    |
+--------------------+-----+-----+------------+----------------------------------------------+--------------+
|ap_clk              |   in|    1|  ap_ctrl_hs|  corr_multiplication_Pipeline_VITIS_LOOP_48_2|  return value|
|ap_rst              |   in|    1|  ap_ctrl_hs|  corr_multiplication_Pipeline_VITIS_LOOP_48_2|  return value|
|ap_start            |   in|    1|  ap_ctrl_hs|  corr_multiplication_Pipeline_VITIS_LOOP_48_2|  return value|
|ap_done             |  out|    1|  ap_ctrl_hs|  corr_multiplication_Pipeline_VITIS_LOOP_48_2|  return value|
|ap_idle             |  out|    1|  ap_ctrl_hs|  corr_multiplication_Pipeline_VITIS_LOOP_48_2|  return value|
|ap_ready            |  out|    1|  ap_ctrl_hs|  corr_multiplication_Pipeline_VITIS_LOOP_48_2|  return value|
|grp_fu_100_p_din0   |  out|   32|  ap_ctrl_hs|  corr_multiplication_Pipeline_VITIS_LOOP_48_2|  return value|
|grp_fu_100_p_din1   |  out|   32|  ap_ctrl_hs|  corr_multiplication_Pipeline_VITIS_LOOP_48_2|  return value|
|grp_fu_100_p_dout0  |   in|   32|  ap_ctrl_hs|  corr_multiplication_Pipeline_VITIS_LOOP_48_2|  return value|
|grp_fu_100_p_ce     |  out|    1|  ap_ctrl_hs|  corr_multiplication_Pipeline_VITIS_LOOP_48_2|  return value|
|grp_fu_104_p_din0   |  out|   32|  ap_ctrl_hs|  corr_multiplication_Pipeline_VITIS_LOOP_48_2|  return value|
|grp_fu_104_p_din1   |  out|   32|  ap_ctrl_hs|  corr_multiplication_Pipeline_VITIS_LOOP_48_2|  return value|
|grp_fu_104_p_dout0  |   in|   32|  ap_ctrl_hs|  corr_multiplication_Pipeline_VITIS_LOOP_48_2|  return value|
|grp_fu_104_p_ce     |  out|    1|  ap_ctrl_hs|  corr_multiplication_Pipeline_VITIS_LOOP_48_2|  return value|
|grp_fu_108_p_din0   |  out|   32|  ap_ctrl_hs|  corr_multiplication_Pipeline_VITIS_LOOP_48_2|  return value|
|grp_fu_108_p_din1   |  out|   32|  ap_ctrl_hs|  corr_multiplication_Pipeline_VITIS_LOOP_48_2|  return value|
|grp_fu_108_p_dout0  |   in|   32|  ap_ctrl_hs|  corr_multiplication_Pipeline_VITIS_LOOP_48_2|  return value|
|grp_fu_108_p_ce     |  out|    1|  ap_ctrl_hs|  corr_multiplication_Pipeline_VITIS_LOOP_48_2|  return value|
|grp_fu_112_p_din0   |  out|   32|  ap_ctrl_hs|  corr_multiplication_Pipeline_VITIS_LOOP_48_2|  return value|
|grp_fu_112_p_din1   |  out|   32|  ap_ctrl_hs|  corr_multiplication_Pipeline_VITIS_LOOP_48_2|  return value|
|grp_fu_112_p_dout0  |   in|   32|  ap_ctrl_hs|  corr_multiplication_Pipeline_VITIS_LOOP_48_2|  return value|
|grp_fu_112_p_ce     |  out|    1|  ap_ctrl_hs|  corr_multiplication_Pipeline_VITIS_LOOP_48_2|  return value|
|grp_fu_116_p_din0   |  out|   32|  ap_ctrl_hs|  corr_multiplication_Pipeline_VITIS_LOOP_48_2|  return value|
|grp_fu_116_p_dout0  |   in|   64|  ap_ctrl_hs|  corr_multiplication_Pipeline_VITIS_LOOP_48_2|  return value|
|grp_fu_116_p_ce     |  out|    1|  ap_ctrl_hs|  corr_multiplication_Pipeline_VITIS_LOOP_48_2|  return value|
|grp_fu_119_p_din0   |  out|   32|  ap_ctrl_hs|  corr_multiplication_Pipeline_VITIS_LOOP_48_2|  return value|
|grp_fu_119_p_dout0  |   in|   64|  ap_ctrl_hs|  corr_multiplication_Pipeline_VITIS_LOOP_48_2|  return value|
|grp_fu_119_p_ce     |  out|    1|  ap_ctrl_hs|  corr_multiplication_Pipeline_VITIS_LOOP_48_2|  return value|
|input_r_TVALID      |   in|    1|        axis|                              input_r_V_data_V|       pointer|
|input_r_TDATA       |   in|   64|        axis|                              input_r_V_data_V|       pointer|
|output_r_TREADY     |   in|    1|        axis|                             output_r_V_data_V|       pointer|
|output_r_TDATA      |  out|   64|        axis|                             output_r_V_data_V|       pointer|
|input_r_TREADY      |  out|    1|        axis|                              input_r_V_last_V|       pointer|
|input_r_TLAST       |   in|    1|        axis|                              input_r_V_last_V|       pointer|
|input_r_TKEEP       |   in|    8|        axis|                              input_r_V_keep_V|       pointer|
|input_r_TSTRB       |   in|    8|        axis|                              input_r_V_strb_V|       pointer|
|output_r_TVALID     |  out|    1|        axis|                             output_r_V_last_V|       pointer|
|output_r_TLAST      |  out|    1|        axis|                             output_r_V_last_V|       pointer|
|output_r_TKEEP      |  out|    8|        axis|                             output_r_V_keep_V|       pointer|
|output_r_TSTRB      |  out|    8|        axis|                             output_r_V_strb_V|       pointer|
+--------------------+-----+-----+------------+----------------------------------------------+--------------+

