

================================================================
== Vitis HLS Report for 'ifft_fast_Pipeline_VITIS_LOOP_28_5'
================================================================
* Date:           Fri May  1 11:37:24 2026

* Version:        2022.1 (Build 3526262 on Mon Apr 18 15:47:01 MDT 2022)
* Project:        ifft_512
* Solution:       solution1 (Vivado IP Flow Target)
* Product family: zynq
* Target device:  xc7z020-clg484-1


================================================================
== Performance Estimates
================================================================
+ Timing: 
    * Summary: 
    +--------+----------+----------+------------+
    |  Clock |  Target  | Estimated| Uncertainty|
    +--------+----------+----------+------------+
    |ap_clk  |  10.00 ns|  7.256 ns|     2.70 ns|
    +--------+----------+----------+------------+

+ Latency: 
    * Summary: 
    +---------+---------+----------+-----------+-----+------+---------+
    |  Latency (cycles) |  Latency (absolute)  |  Interval  | Pipeline|
    |   min   |   max   |    min   |    max    | min |  max |   Type  |
    +---------+---------+----------+-----------+-----+------+---------+
    |       20|     4610|  0.200 us|  46.100 us|   20|  4610|       no|
    +---------+---------+----------+-----------+-----+------+---------+

    + Detail: 
        * Instance: 
        N/A

        * Loop: 
        +-------------------+---------+---------+----------+-----------+-----------+---------+----------+
        |                   |  Latency (cycles) | Iteration|  Initiation Interval  |   Trip  |          |
        |     Loop Name     |   min   |   max   |  Latency |  achieved |   target  |  Count  | Pipelined|
        +-------------------+---------+---------+----------+-----------+-----------+---------+----------+
        |- VITIS_LOOP_28_5  |       18|     4608|        18|         18|          1|  1 ~ 256|       yes|
        +-------------------+---------+---------+----------+-----------+-----------+---------+----------+



================================================================
== Utilization Estimates
================================================================
* Summary: 
+-----------------+---------+-----+--------+-------+-----+
|       Name      | BRAM_18K| DSP |   FF   |  LUT  | URAM|
+-----------------+---------+-----+--------+-------+-----+
|DSP              |        -|    -|       -|      -|    -|
|Expression       |        -|    -|       0|     67|    -|
|FIFO             |        -|    -|       -|      -|    -|
|Instance         |        -|   10|     696|   1422|    -|
|Memory           |        2|    -|       0|      0|    -|
|Multiplexer      |        -|    -|       -|    260|    -|
|Register         |        -|    -|     512|      -|    -|
+-----------------+---------+-----+--------+-------+-----+
|Total            |        2|   10|    1208|   1749|    0|
+-----------------+---------+-----+--------+-------+-----+
|Available        |      280|  220|  106400|  53200|    0|
+-----------------+---------+-----+--------+-------+-----+
|Utilization (%)  |       ~0|    4|       1|      3|    0|
+-----------------+---------+-----+--------+-------+-----+

+ Detail: 
    * Instance: 
    +----------------------------------------+------------------------------------+---------+----+-----+-----+-----+
    |                Instance                |               Module               | BRAM_18K| DSP|  FF | LUT | URAM|
    +----------------------------------------+------------------------------------+---------+----+-----+-----+-----+
    |faddfsub_32ns_32ns_32_5_full_dsp_1_U12  |faddfsub_32ns_32ns_32_5_full_dsp_1  |        0|   2|  205|  390|    0|
    |faddfsub_32ns_32ns_32_5_full_dsp_1_U13  |faddfsub_32ns_32ns_32_5_full_dsp_1  |        0|   2|  205|  390|    0|
    |fmul_32ns_32ns_32_4_max_dsp_1_U16       |fmul_32ns_32ns_32_4_max_dsp_1       |        0|   3|  143|  321|    0|
    |fmul_32ns_32ns_32_4_max_dsp_1_U17       |fmul_32ns_32ns_32_4_max_dsp_1       |        0|   3|  143|  321|    0|
    +----------------------------------------+------------------------------------+---------+----+-----+-----+-----+
    |Total                                   |                                    |        0|  10|  696| 1422|    0|
    +----------------------------------------+------------------------------------+---------+----+-----+-----+-----+

    * DSP: 
    N/A

    * Memory: 
    +----------------+-------------------------------------------------------------+---------+---+----+-----+------+-----+------+-------------+
    |     Memory     |                            Module                           | BRAM_18K| FF| LUT| URAM| Words| Bits| Banks| W*Bits*Banks|
    +----------------+-------------------------------------------------------------+---------+---+----+-----+------+-----+------+-------------+
    |tw_M_value_1_U  |ifft_fast_Pipeline_VITIS_LOOP_28_5_tw_M_value_1_ROM_AUTO_1R  |        1|  0|   0|    0|   511|   32|     1|        16352|
    |tw_M_value_U    |ifft_fast_Pipeline_VITIS_LOOP_28_5_tw_M_value_ROM_AUTO_1R    |        1|  0|   0|    0|   511|   32|     1|        16352|
    +----------------+-------------------------------------------------------------+---------+---+----+-----+------+-----+------+-------------+
    |Total           |                                                             |        2|  0|   0|    0|  1022|   64|     2|        32704|
    +----------------+-------------------------------------------------------------+---------+---+----+-----+------+-----+------+-------------+

    * FIFO: 
    N/A

    * Expression: 
    +----------------------+----------+----+---+----+------------+------------+
    |     Variable Name    | Operation| DSP| FF| LUT| Bitwidth P0| Bitwidth P1|
    +----------------------+----------+----+---+----+------------+------------+
    |add_ln1097_fu_220_p2  |         +|   0|  0|  14|           9|           9|
    |add_ln28_fu_190_p2    |         +|   0|  0|  14|           9|           1|
    |add_ln29_fu_196_p2    |         +|   0|  0|  14|           9|           9|
    |add_ln30_fu_208_p2    |         +|   0|  0|  14|           9|           9|
    |icmp_ln28_fu_184_p2   |      icmp|   0|  0|  11|           9|           9|
    +----------------------+----------+----+---+----+------------+------------+
    |Total                 |          |   0|  0|  67|          45|          37|
    +----------------------+----------+----+---+----+------------+------------+

    * Multiplexer: 
    +----------------------+----+-----------+-----+-----------+
    |         Name         | LUT| Input Size| Bits| Total Bits|
    +----------------------+----+-----------+-----+-----------+
    |ap_NS_fsm             |  93|         19|    1|         19|
    |ap_done_int           |   9|          2|    1|          2|
    |ap_sig_allocacmp_j_1  |   9|          2|    9|         18|
    |grp_fu_140_opcode     |  14|          3|    2|          6|
    |grp_fu_140_p0         |  14|          3|   32|         96|
    |grp_fu_140_p1         |  14|          3|   32|         96|
    |grp_fu_144_opcode     |  14|          3|    2|          6|
    |grp_fu_144_p0         |  14|          3|   32|         96|
    |grp_fu_144_p1         |  14|          3|   32|         96|
    |j_fu_42               |   9|          2|    9|         18|
    |x_0_address0          |  14|          3|    9|         27|
    |x_0_address1          |  14|          3|    9|         27|
    |x_1_address0          |  14|          3|    9|         27|
    |x_1_address1          |  14|          3|    9|         27|
    +----------------------+----+-----------+-----+-----------+
    |Total                 | 260|         55|  188|        561|
    +----------------------+----+-----------+-----+-----------+

    * Register: 
    +-----------------------+----+----+-----+-----------+
    |          Name         | FF | LUT| Bits| Const Bits|
    +-----------------------+----+----+-----+-----------+
    |ap_CS_fsm              |  18|   0|   18|          0|
    |ap_done_reg            |   1|   0|    1|          0|
    |j_fu_42                |   9|   0|    9|          0|
    |mul_ac_i_i_reg_311     |  32|   0|   32|          0|
    |mul_ad_i_i_reg_321     |  32|   0|   32|          0|
    |mul_bc_i_i_reg_326     |  32|   0|   32|          0|
    |mul_bd_i_i_reg_316     |  32|   0|   32|          0|
    |p_r_M_value_2_reg_331  |  32|   0|   32|          0|
    |p_r_M_value_3_reg_336  |  32|   0|   32|          0|
    |p_r_M_value_6_reg_277  |  32|   0|   32|          0|
    |p_r_M_value_7_reg_283  |  32|   0|   32|          0|
    |p_t_1_reg_295          |  32|   0|   32|          0|
    |p_t_reg_289            |  32|   0|   32|          0|
    |reg_164                |  32|   0|   32|          0|
    |reg_170                |  32|   0|   32|          0|
    |u_M_value_2_reg_306    |  32|   0|   32|          0|
    |u_M_value_reg_301      |  32|   0|   32|          0|
    |x_0_addr_1_reg_267     |   9|   0|    9|          0|
    |x_0_addr_reg_257       |   9|   0|    9|          0|
    |x_1_addr_1_reg_272     |   9|   0|    9|          0|
    |x_1_addr_reg_262       |   9|   0|    9|          0|
    +-----------------------+----+----+-----+-----------+
    |Total                  | 512|   0|  512|          0|
    +-----------------------+----+----+-----+-----------+



================================================================
== Interface
================================================================
* Summary: 
+--------------------+-----+-----+------------+------------------------------------+--------------+
|      RTL Ports     | Dir | Bits|  Protocol  |            Source Object           |    C Type    |
+--------------------+-----+-----+------------+------------------------------------+--------------+
|ap_clk              |   in|    1|  ap_ctrl_hs|  ifft_fast_Pipeline_VITIS_LOOP_28_5|  return value|
|ap_rst              |   in|    1|  ap_ctrl_hs|  ifft_fast_Pipeline_VITIS_LOOP_28_5|  return value|
|ap_start            |   in|    1|  ap_ctrl_hs|  ifft_fast_Pipeline_VITIS_LOOP_28_5|  return value|
|ap_done             |  out|    1|  ap_ctrl_hs|  ifft_fast_Pipeline_VITIS_LOOP_28_5|  return value|
|ap_idle             |  out|    1|  ap_ctrl_hs|  ifft_fast_Pipeline_VITIS_LOOP_28_5|  return value|
|ap_ready            |  out|    1|  ap_ctrl_hs|  ifft_fast_Pipeline_VITIS_LOOP_28_5|  return value|
|grp_fu_252_p_din0   |  out|   32|  ap_ctrl_hs|  ifft_fast_Pipeline_VITIS_LOOP_28_5|  return value|
|grp_fu_252_p_din1   |  out|   32|  ap_ctrl_hs|  ifft_fast_Pipeline_VITIS_LOOP_28_5|  return value|
|grp_fu_252_p_dout0  |   in|   32|  ap_ctrl_hs|  ifft_fast_Pipeline_VITIS_LOOP_28_5|  return value|
|grp_fu_252_p_ce     |  out|    1|  ap_ctrl_hs|  ifft_fast_Pipeline_VITIS_LOOP_28_5|  return value|
|grp_fu_256_p_din0   |  out|   32|  ap_ctrl_hs|  ifft_fast_Pipeline_VITIS_LOOP_28_5|  return value|
|grp_fu_256_p_din1   |  out|   32|  ap_ctrl_hs|  ifft_fast_Pipeline_VITIS_LOOP_28_5|  return value|
|grp_fu_256_p_dout0  |   in|   32|  ap_ctrl_hs|  ifft_fast_Pipeline_VITIS_LOOP_28_5|  return value|
|grp_fu_256_p_ce     |  out|    1|  ap_ctrl_hs|  ifft_fast_Pipeline_VITIS_LOOP_28_5|  return value|
|m2                  |   in|    9|     ap_none|                                  m2|        scalar|
|trunc_ln27_1        |   in|    9|     ap_none|                        trunc_ln27_1|        scalar|
|trunc_ln27_2        |   in|    9|     ap_none|                        trunc_ln27_2|        scalar|
|x_0_address0        |  out|    9|   ap_memory|                                 x_0|         array|
|x_0_ce0             |  out|    1|   ap_memory|                                 x_0|         array|
|x_0_we0             |  out|    1|   ap_memory|                                 x_0|         array|
|x_0_d0              |  out|   32|   ap_memory|                                 x_0|         array|
|x_0_q0              |   in|   32|   ap_memory|                                 x_0|         array|
|x_0_address1        |  out|    9|   ap_memory|                                 x_0|         array|
|x_0_ce1             |  out|    1|   ap_memory|                                 x_0|         array|
|x_0_we1             |  out|    1|   ap_memory|                                 x_0|         array|
|x_0_d1              |  out|   32|   ap_memory|                                 x_0|         array|
|x_0_q1              |   in|   32|   ap_memory|                                 x_0|         array|
|x_1_address0        |  out|    9|   ap_memory|                                 x_1|         array|
|x_1_ce0             |  out|    1|   ap_memory|                                 x_1|         array|
|x_1_we0             |  out|    1|   ap_memory|                                 x_1|         array|
|x_1_d0              |  out|   32|   ap_memory|                                 x_1|         array|
|x_1_q0              |   in|   32|   ap_memory|                                 x_1|         array|
|x_1_address1        |  out|    9|   ap_memory|                                 x_1|         array|
|x_1_ce1             |  out|    1|   ap_memory|                                 x_1|         array|
|x_1_we1             |  out|    1|   ap_memory|                                 x_1|         array|
|x_1_d1              |  out|   32|   ap_memory|                                 x_1|         array|
|x_1_q1              |   in|   32|   ap_memory|                                 x_1|         array|
+--------------------+-----+-----+------------+------------------------------------+--------------+

