

================================================================
== Vitis HLS Report for 'trigger_ip'
================================================================
* Date:           Tue May  5 11:13:00 2026

* Version:        2022.1 (Build 3526262 on Mon Apr 18 15:47:01 MDT 2022)
* Project:        project_trigger_ip
* Solution:       solution1 (Vivado IP Flow Target)
* Product family: zynq
* Target device:  xc7z020-clg484-1


================================================================
== Performance Estimates
================================================================
+ Timing: 
    * Summary: 
    +--------+----------+----------+------------+
    |  Clock |  Target  | Estimated| Uncertainty|
    +--------+----------+----------+------------+
    |ap_clk  |  10.00 ns|  4.995 ns|     2.70 ns|
    +--------+----------+----------+------------+

+ Latency: 
    * Summary: 
    +---------+---------+-----------+-----------+-----+-----+---------+
    |  Latency (cycles) |   Latency (absolute)  |  Interval | Pipeline|
    |   min   |   max   |    min    |    max    | min | max |   Type  |
    +---------+---------+-----------+-----------+-----+-----+---------+
    |        2|        2|  20.000 ns|  20.000 ns|    1|    1|      yes|
    +---------+---------+-----------+-----------+-----+-----+---------+

    + Detail: 
        * Instance: 
        N/A

        * Loop: 
        N/A



================================================================
== Utilization Estimates
================================================================
* Summary: 
+-----------------+---------+-----+--------+-------+-----+
|       Name      | BRAM_18K| DSP |   FF   |  LUT  | URAM|
+-----------------+---------+-----+--------+-------+-----+
|DSP              |        -|    -|       -|      -|    -|
|Expression       |        -|    -|       0|     88|    -|
|FIFO             |        -|    -|       -|      -|    -|
|Instance         |        0|    -|      50|     44|    -|
|Memory           |        -|    -|       -|      -|    -|
|Multiplexer      |        -|    -|       -|     50|    -|
|Register         |        -|    -|     111|      -|    -|
+-----------------+---------+-----+--------+-------+-----+
|Total            |        0|    0|     161|    182|    0|
+-----------------+---------+-----+--------+-------+-----+
|Available        |      280|  220|  106400|  53200|    0|
+-----------------+---------+-----+--------+-------+-----+
|Utilization (%)  |        0|    0|      ~0|     ~0|    0|
+-----------------+---------+-----+--------+-------+-----+

+ Detail: 
    * Instance: 
    +-----------------+---------------+---------+----+----+----+-----+
    |     Instance    |     Module    | BRAM_18K| DSP| FF | LUT| URAM|
    +-----------------+---------------+---------+----+----+----+-----+
    |control_s_axi_U  |control_s_axi  |        0|   0|  50|  44|    0|
    +-----------------+---------------+---------+----+----+----+-----+
    |Total            |               |        0|   0|  50|  44|    0|
    +-----------------+---------------+---------+----+----+----+-----+

    * DSP: 
    N/A

    * Memory: 
    N/A

    * FIFO: 
    N/A

    * Expression: 
    +----------------------------------+----------+----+---+----+------------+------------+
    |           Variable Name          | Operation| DSP| FF| LUT| Bitwidth P0| Bitwidth P1|
    +----------------------------------+----------+----+---+----+------------+------------+
    |add_ln886_1_fu_179_p2             |         +|   0|  0|  13|           5|           1|
    |add_ln886_fu_151_p2               |         +|   0|  0|  23|          16|           1|
    |ap_block_state1_pp0_stage0_iter0  |       and|   0|  0|   2|           1|           1|
    |ap_block_state2_io                |       and|   0|  0|   2|           1|           1|
    |ap_block_state3_io                |       and|   0|  0|   2|           1|           1|
    |ap_condition_190                  |       and|   0|  0|   2|           1|           1|
    |ap_condition_203                  |       and|   0|  0|   2|           1|           1|
    |ap_condition_209                  |       and|   0|  0|   2|           1|           1|
    |ap_condition_226                  |       and|   0|  0|   2|           1|           1|
    |ap_condition_232                  |       and|   0|  0|   2|           1|           1|
    |ap_predicate_op27_read_state1     |       and|   0|  0|   2|           1|           1|
    |ap_predicate_op50_write_state2    |       and|   0|  0|   2|           1|           1|
    |ap_predicate_op55_write_state3    |       and|   0|  0|   2|           1|           1|
    |icmp_ln1065_fu_173_p2             |      icmp|   0|  0|   9|           5|           3|
    |last_of_batch_fu_145_p2           |      icmp|   0|  0|  13|          16|          15|
    |ap_block_pp0_stage0_01001         |        or|   0|  0|   2|           1|           1|
    |ap_block_pp0_stage0_11001         |        or|   0|  0|   2|           1|           1|
    |ap_block_state3_pp0_stage0_iter2  |        or|   0|  0|   2|           1|           1|
    |ap_enable_pp0                     |       xor|   0|  0|   2|           1|           2|
    +----------------------------------+----------+----+---+----+------------+------------+
    |Total                             |          |   0|  0|  88|          57|          36|
    +----------------------------------+----------+----+---+----+------------+------------+

    * Multiplexer: 
    +------------------------+----+-----------+-----+-----------+
    |          Name          | LUT| Input Size| Bits| Total Bits|
    +------------------------+----+-----------+-----+-----------+
    |batch_cnt_V             |   9|          2|    5|         10|
    |m_axis_out_TDATA_blk_n  |   9|          2|    1|          2|
    |s_axis_in_TDATA_blk_n   |   9|          2|    1|          2|
    |samp_cnt_V              |   9|          2|   16|         32|
    |trigger_done            |  14|          3|    1|          3|
    +------------------------+----+-----------+-----+-----------+
    |Total                   |  50|         11|   24|         49|
    +------------------------+----+-----------+-----+-----------+

    * Register: 
    +---------------------------------------+----+----+-----+-----------+
    |                  Name                 | FF | LUT| Bits| Const Bits|
    +---------------------------------------+----+----+-----+-----------+
    |ap_CS_fsm                              |   1|   0|    1|          0|
    |ap_enable_reg_pp0_iter1                |   1|   0|    1|          0|
    |ap_enable_reg_pp0_iter2                |   1|   0|    1|          0|
    |batch_cnt_V                            |   5|   0|    5|          0|
    |done_V                                 |   1|   0|    1|          0|
    |done_V_load_reg_219                    |   1|   0|    1|          0|
    |done_V_load_reg_219_pp0_iter1_reg      |   1|   0|    1|          0|
    |icmp_ln1065_reg_243                    |   1|   0|    1|          0|
    |last_of_batch_reg_238                  |   1|   0|    1|          0|
    |p_0_reg_223                            |  64|   0|   64|          0|
    |samp_cnt_V                             |  16|   0|   16|          0|
    |sync_reset_read_reg_215                |   1|   0|    1|          0|
    |sync_reset_read_reg_215_pp0_iter1_reg  |   1|   0|    1|          0|
    |tmp_keep_V_reg_228                     |   8|   0|    8|          0|
    |tmp_strb_V_reg_233                     |   8|   0|    8|          0|
    +---------------------------------------+----+----+-----+-----------+
    |Total                                  | 111|   0|  111|          0|
    +---------------------------------------+----+----+-----+-----------+



================================================================
== Interface
================================================================
* Summary: 
+-----------------------+-----+-----+------------+---------------------+--------------+
|       RTL Ports       | Dir | Bits|  Protocol  |    Source Object    |    C Type    |
+-----------------------+-----+-----+------------+---------------------+--------------+
|s_axi_control_AWVALID  |   in|    1|       s_axi|              control|       pointer|
|s_axi_control_AWREADY  |  out|    1|       s_axi|              control|       pointer|
|s_axi_control_AWADDR   |   in|    5|       s_axi|              control|       pointer|
|s_axi_control_WVALID   |   in|    1|       s_axi|              control|       pointer|
|s_axi_control_WREADY   |  out|    1|       s_axi|              control|       pointer|
|s_axi_control_WDATA    |   in|   32|       s_axi|              control|       pointer|
|s_axi_control_WSTRB    |   in|    4|       s_axi|              control|       pointer|
|s_axi_control_ARVALID  |   in|    1|       s_axi|              control|       pointer|
|s_axi_control_ARREADY  |  out|    1|       s_axi|              control|       pointer|
|s_axi_control_ARADDR   |   in|    5|       s_axi|              control|       pointer|
|s_axi_control_RVALID   |  out|    1|       s_axi|              control|       pointer|
|s_axi_control_RREADY   |   in|    1|       s_axi|              control|       pointer|
|s_axi_control_RDATA    |  out|   32|       s_axi|              control|       pointer|
|s_axi_control_RRESP    |  out|    2|       s_axi|              control|       pointer|
|s_axi_control_BVALID   |  out|    1|       s_axi|              control|       pointer|
|s_axi_control_BREADY   |   in|    1|       s_axi|              control|       pointer|
|s_axi_control_BRESP    |  out|    2|       s_axi|              control|       pointer|
|ap_clk                 |   in|    1|  ap_ctrl_hs|           trigger_ip|  return value|
|ap_rst_n               |   in|    1|  ap_ctrl_hs|           trigger_ip|  return value|
|interrupt              |  out|    1|  ap_ctrl_hs|           trigger_ip|  return value|
|s_axis_in_TVALID       |   in|    1|        axis|   s_axis_in_V_last_V|       pointer|
|s_axis_in_TREADY       |  out|    1|        axis|   s_axis_in_V_last_V|       pointer|
|s_axis_in_TLAST        |   in|    1|        axis|   s_axis_in_V_last_V|       pointer|
|m_axis_out_TREADY      |   in|    1|        axis|  m_axis_out_V_last_V|       pointer|
|m_axis_out_TVALID      |  out|    1|        axis|  m_axis_out_V_last_V|       pointer|
|m_axis_out_TLAST       |  out|    1|        axis|  m_axis_out_V_last_V|       pointer|
|s_axis_in_TDATA        |   in|   64|        axis|   s_axis_in_V_data_V|       pointer|
|s_axis_in_TKEEP        |   in|    8|        axis|   s_axis_in_V_keep_V|       pointer|
|s_axis_in_TSTRB        |   in|    8|        axis|   s_axis_in_V_strb_V|       pointer|
|m_axis_out_TDATA       |  out|   64|        axis|  m_axis_out_V_data_V|       pointer|
|m_axis_out_TKEEP       |  out|    8|        axis|  m_axis_out_V_keep_V|       pointer|
|m_axis_out_TSTRB       |  out|    8|        axis|  m_axis_out_V_strb_V|       pointer|
+-----------------------+-----+-----+------------+---------------------+--------------+

