#-----------------------------------------------------------
# Vivado v2022.1 (64-bit)
# SW Build 3526262 on Mon Apr 18 15:48:16 MDT 2022
# IP Build 3524634 on Mon Apr 18 20:55:01 MDT 2022
# Start of session at: Tue May  5 17:04:48 2026
# Process ID: 12736
# Current directory: C:/Users/nadis/AppData/Roaming/Xilinx/Vitis/fft_project_wlo/solution1/impl/ip
# Command line: vivado.exe -notrace -mode batch -source run_ippack.tcl
# Log file: C:/Users/nadis/AppData/Roaming/Xilinx/Vitis/fft_project_wlo/solution1/impl/ip/vivado.log
# Journal file: C:/Users/nadis/AppData/Roaming/Xilinx/Vitis/fft_project_wlo/solution1/impl/ip\vivado.jou
# Running On: NadishHP, OS: Windows, CPU Frequency: 2894 MHz, CPU Physical cores: 12, Host memory: 16330 MB
#-----------------------------------------------------------
source run_ippack.tcl -notrace
create_project: Time (s): cpu = 00:00:09 ; elapsed = 00:00:14 . Memory (MB): peak = 1618.789 ; gain = 0.000
INFO: [IP_Flow 19-234] Refreshing IP repositories
INFO: [IP_Flow 19-1704] No user IP repositories specified
INFO: [IP_Flow 19-2313] Loaded Vivado IP repository 'C:/Xilinx/Vivado/2022.1/data/ip'.
WARNING: [IP_Flow 19-4832] The IP name 'fft_1024_top_fmul_32ns_32ns_32_4_max_dsp_1_ip' you have specified is long. The Windows operating system has path length limitations. It is recommended you use shorter names to reduce the likelihood of issues.
create_ip: Time (s): cpu = 00:00:07 ; elapsed = 00:00:07 . Memory (MB): peak = 1618.789 ; gain = 0.000
INFO: [IP_Flow 19-1686] Generating 'Synthesis' target for IP 'fft_1024_top_fmul_32ns_32ns_32_4_max_dsp_1_ip'...
INFO: [IP_Flow 19-1686] Generating 'Simulation' target for IP 'fft_1024_top_fmul_32ns_32ns_32_4_max_dsp_1_ip'...
WARNING: [IP_Flow 19-4832] The IP name 'fft_1024_top_fpext_32ns_64_2_no_dsp_1_ip' you have specified is long. The Windows operating system has path length limitations. It is recommended you use shorter names to reduce the likelihood of issues.
create_ip: Time (s): cpu = 00:00:06 ; elapsed = 00:00:06 . Memory (MB): peak = 1618.789 ; gain = 0.000
INFO: [IP_Flow 19-1686] Generating 'Synthesis' target for IP 'fft_1024_top_fpext_32ns_64_2_no_dsp_1_ip'...
INFO: [IP_Flow 19-1686] Generating 'Simulation' target for IP 'fft_1024_top_fpext_32ns_64_2_no_dsp_1_ip'...
INFO: [IP_Flow 19-234] Refreshing IP repositories
INFO: [IP_Flow 19-1704] No user IP repositories specified
INFO: [IP_Flow 19-2313] Loaded Vivado IP repository 'C:/Xilinx/Vivado/2022.1/data/ip'.
INFO: [Common 17-206] Exiting Vivado at Tue May  5 17:05:34 2026...
