

================================================================
== Vitis HLS Report for 'corr_multiplication_Pipeline_VITIS_LOOP_48_2'
================================================================
* Date:           Tue May  5 17:04:59 2026

* Version:        2022.1 (Build 3526262 on Mon Apr 18 15:48:16 MDT 2022)
* Project:        mult_project_wlo
* Solution:       solution1 (Vivado IP Flow Target)
* Product family: zynq
* Target device:  xc7z020-clg484-1


================================================================
== Performance Estimates
================================================================
+ Timing: 
    * Summary: 
    +--------+----------+----------+------------+
    |  Clock |  Target  | Estimated| Uncertainty|
    +--------+----------+----------+------------+
    |ap_clk  |  10.00 ns|  7.222 ns|     2.70 ns|
    +--------+----------+----------+------------+

+ Latency: 
    * Summary: 
    +---------+---------+-----------+-----------+------+------+---------+
    |  Latency (cycles) |   Latency (absolute)  |   Interval  | Pipeline|
    |   min   |   max   |    min    |    max    |  min |  max |   Type  |
    +---------+---------+-----------+-----------+------+------+---------+
    |     1044|     1044|  10.440 us|  10.440 us|  1044|  1044|       no|
    +---------+---------+-----------+-----------+------+------+---------+

    + Detail: 
        * Instance: 
        N/A

        * Loop: 
        +-------------------+---------+---------+----------+-----------+-----------+------+----------+
        |                   |  Latency (cycles) | Iteration|  Initiation Interval  | Trip |          |
        |     Loop Name     |   min   |   max   |  Latency |  achieved |   target  | Count| Pipelined|
        +-------------------+---------+---------+----------+-----------+-----------+------+----------+
        |- VITIS_LOOP_48_2  |     1042|     1042|        20|          1|          1|  1024|       yes|
        +-------------------+---------+---------+----------+-----------+-----------+------+----------+

============================================================
+ Verbose Summary: Synthesis Manager
============================================================
InlineROM: 1
ExposeGlobal: 0
============================================================
+ Verbose Summary: CDFG Model
============================================================
IsTopModel: 0
ResetActiveHigh: 1
IsCombinational: 0
IsDatapathOnly: 0
HasWiredReturn: 1
HasMFsm: 2
HasVarLatency: 1
IsPipeline: 0
IsRtlPipelined: 0
IsInstanceOverlapped: 0
IsDontTouch: 0
HasImplIP: 0
IsGatedGlobalClock: 0

+ Individual pipeline summary: 
  * Pipeline-0: initiation interval (II) = 1, depth = 20


============================================================
+ Verbose Summary: Schedule
============================================================
* Number of FSM states : 20
* Pipeline : 1
  Pipeline-0 : II = 1, D = 20, States = { 1 2 3 4 5 6 7 8 9 10 11 12 13 14 15 16 17 18 19 20 }
* Dataflow Pipeline: 0

* FSM state transitions: 
1 --> 2 
2 --> 3 
3 --> 4 
4 --> 5 
5 --> 6 
6 --> 7 
7 --> 8 
8 --> 9 
9 --> 10 
10 --> 11 
11 --> 12 
12 --> 13 
13 --> 14 
14 --> 15 
15 --> 16 
16 --> 17 
17 --> 18 
18 --> 19 
19 --> 20 
20 --> 

* FSM state operations: 

State 1 <SV = 0> <Delay = 3.46>
ST_1 : Operation 23 [1/1] (0.00ns)   --->   "%i = alloca i32 1"   --->   Operation 23 'alloca' 'i' <Predicate = true> <Delay = 0.00>
ST_1 : Operation 24 [1/1] (0.00ns)   --->   "%specinterface_ln0 = specinterface void @_ssdm_op_SpecInterface, i1 %output_r_V_last_V, void @empty, i32 0, i32 0, void @empty_0, i32 0, i32 0, void @empty_1, void @empty_1, void @empty_1, i32 0, i32 0, i32 0, i32 0, void @empty_1, void @empty_1, i32 4294967295, i32 0"   --->   Operation 24 'specinterface' 'specinterface_ln0' <Predicate = true> <Delay = 0.00>
ST_1 : Operation 25 [1/1] (0.00ns)   --->   "%specinterface_ln0 = specinterface void @_ssdm_op_SpecInterface, i8 %output_r_V_strb_V, void @empty, i32 0, i32 0, void @empty_0, i32 0, i32 0, void @empty_1, void @empty_1, void @empty_1, i32 0, i32 0, i32 0, i32 0, void @empty_1, void @empty_1, i32 4294967295, i32 0"   --->   Operation 25 'specinterface' 'specinterface_ln0' <Predicate = true> <Delay = 0.00>
ST_1 : Operation 26 [1/1] (0.00ns)   --->   "%specinterface_ln0 = specinterface void @_ssdm_op_SpecInterface, i8 %output_r_V_keep_V, void @empty, i32 0, i32 0, void @empty_0, i32 0, i32 0, void @empty_1, void @empty_1, void @empty_1, i32 0, i32 0, i32 0, i32 0, void @empty_1, void @empty_1, i32 4294967295, i32 0"   --->   Operation 26 'specinterface' 'specinterface_ln0' <Predicate = true> <Delay = 0.00>
ST_1 : Operation 27 [1/1] (0.00ns)   --->   "%specinterface_ln0 = specinterface void @_ssdm_op_SpecInterface, i64 %output_r_V_data_V, void @empty, i32 0, i32 0, void @empty_0, i32 0, i32 0, void @empty_1, void @empty_1, void @empty_1, i32 0, i32 0, i32 0, i32 0, void @empty_1, void @empty_1, i32 4294967295, i32 0"   --->   Operation 27 'specinterface' 'specinterface_ln0' <Predicate = true> <Delay = 0.00>
ST_1 : Operation 28 [1/1] (0.00ns)   --->   "%specinterface_ln0 = specinterface void @_ssdm_op_SpecInterface, i1 %input_r_V_last_V, void @empty, i32 0, i32 0, void @empty_0, i32 0, i32 0, void @empty_1, void @empty_1, void @empty_1, i32 0, i32 0, i32 0, i32 0, void @empty_1, void @empty_1, i32 4294967295, i32 0"   --->   Operation 28 'specinterface' 'specinterface_ln0' <Predicate = true> <Delay = 0.00>
ST_1 : Operation 29 [1/1] (0.00ns)   --->   "%specinterface_ln0 = specinterface void @_ssdm_op_SpecInterface, i8 %input_r_V_strb_V, void @empty, i32 0, i32 0, void @empty_0, i32 0, i32 0, void @empty_1, void @empty_1, void @empty_1, i32 0, i32 0, i32 0, i32 0, void @empty_1, void @empty_1, i32 4294967295, i32 0"   --->   Operation 29 'specinterface' 'specinterface_ln0' <Predicate = true> <Delay = 0.00>
ST_1 : Operation 30 [1/1] (0.00ns)   --->   "%specinterface_ln0 = specinterface void @_ssdm_op_SpecInterface, i8 %input_r_V_keep_V, void @empty, i32 0, i32 0, void @empty_0, i32 0, i32 0, void @empty_1, void @empty_1, void @empty_1, i32 0, i32 0, i32 0, i32 0, void @empty_1, void @empty_1, i32 4294967295, i32 0"   --->   Operation 30 'specinterface' 'specinterface_ln0' <Predicate = true> <Delay = 0.00>
ST_1 : Operation 31 [1/1] (0.00ns)   --->   "%specinterface_ln0 = specinterface void @_ssdm_op_SpecInterface, i64 %input_r_V_data_V, void @empty, i32 0, i32 0, void @empty_0, i32 0, i32 0, void @empty_1, void @empty_1, void @empty_1, i32 0, i32 0, i32 0, i32 0, void @empty_1, void @empty_1, i32 4294967295, i32 0"   --->   Operation 31 'specinterface' 'specinterface_ln0' <Predicate = true> <Delay = 0.00>
ST_1 : Operation 32 [1/1] (1.58ns)   --->   "%store_ln0 = store i11 0, i11 %i"   --->   Operation 32 'store' 'store_ln0' <Predicate = true> <Delay = 1.58>
ST_1 : Operation 33 [1/1] (0.00ns)   --->   "%br_ln0 = br void %for.body31"   --->   Operation 33 'br' 'br_ln0' <Predicate = true> <Delay = 0.00>
ST_1 : Operation 34 [1/1] (0.00ns)   --->   "%i_1 = load i11 %i" [mult_project_wlo/mul.cpp:48]   --->   Operation 34 'load' 'i_1' <Predicate = true> <Delay = 0.00>
ST_1 : Operation 35 [1/1] (0.00ns)   --->   "%specpipeline_ln0 = specpipeline void @_ssdm_op_SpecPipeline, i32 4294967295, i32 0, i32 1, i32 0, void @p_str"   --->   Operation 35 'specpipeline' 'specpipeline_ln0' <Predicate = true> <Delay = 0.00>
ST_1 : Operation 36 [1/1] (1.88ns)   --->   "%icmp_ln48 = icmp_eq  i11 %i_1, i11 1024" [mult_project_wlo/mul.cpp:48]   --->   Operation 36 'icmp' 'icmp_ln48' <Predicate = true> <Delay = 1.88> <CoreInst = "Cmp">   --->   Core 9 'Cmp' <Latency = 0> <II = 1> <Delay = 1.88> <FuncUnit> <Opcode : 'icmp'> <InPorts = 2> <OutPorts = 1>
ST_1 : Operation 37 [1/1] (0.00ns)   --->   "%empty = speclooptripcount i32 @_ssdm_op_SpecLoopTripCount, i64 1024, i64 1024, i64 1024"   --->   Operation 37 'speclooptripcount' 'empty' <Predicate = true> <Delay = 0.00>
ST_1 : Operation 38 [1/1] (1.63ns)   --->   "%add_ln48 = add i11 %i_1, i11 1" [mult_project_wlo/mul.cpp:48]   --->   Operation 38 'add' 'add_ln48' <Predicate = true> <Delay = 1.63> <CoreInst = "Adder">   --->   Core 1 'Adder' <Latency = 0> <II = 1> <Delay = 1.63> <FuncUnit> <Opcode : 'add' 'sub'> <InPorts = 2> <OutPorts = 1>
ST_1 : Operation 39 [1/1] (0.00ns)   --->   "%br_ln48 = br i1 %icmp_ln48, void %for.body31.split_ifconv, void %for.end79.exitStub" [mult_project_wlo/mul.cpp:48]   --->   Operation 39 'br' 'br_ln48' <Predicate = true> <Delay = 0.00>
ST_1 : Operation 40 [1/1] (0.00ns)   --->   "%empty_21 = read i81 @_ssdm_op_Read.axis.volatile.i64P0A.i8P0A.i8P0A.i1P0A, i64 %input_r_V_data_V, i8 %input_r_V_keep_V, i8 %input_r_V_strb_V, i1 %input_r_V_last_V"   --->   Operation 40 'read' 'empty_21' <Predicate = (!icmp_ln48)> <Delay = 0.00> <CoreInst = "axis">   --->   Core 115 'axis' <Latency = 0> <II = 1> <Delay = 1.00> <Adapter> <Opcode : >
ST_1 : Operation 41 [1/1] (0.00ns)   --->   "%p_s = extractvalue i81 %empty_21"   --->   Operation 41 'extractvalue' 'p_s' <Predicate = (!icmp_ln48)> <Delay = 0.00>
ST_1 : Operation 42 [1/1] (0.00ns)   --->   "%trunc_ln293 = trunc i64 %p_s"   --->   Operation 42 'trunc' 'trunc_ln293' <Predicate = (!icmp_ln48)> <Delay = 0.00>
ST_1 : Operation 43 [1/1] (0.00ns)   --->   "%trunc_ln293_3 = partselect i32 @_ssdm_op_PartSelect.i32.i64.i32.i32, i64 %p_s, i32 32, i32 63"   --->   Operation 43 'partselect' 'trunc_ln293_3' <Predicate = (!icmp_ln48)> <Delay = 0.00>
ST_1 : Operation 44 [1/1] (1.58ns)   --->   "%store_ln48 = store i11 %add_ln48, i11 %i" [mult_project_wlo/mul.cpp:48]   --->   Operation 44 'store' 'store_ln48' <Predicate = (!icmp_ln48)> <Delay = 1.58>

State 2 <SV = 1> <Delay = 5.70>
ST_2 : Operation 45 [1/1] (0.00ns)   --->   "%tmp_data_M_value = bitcast i32 %trunc_ln293"   --->   Operation 45 'bitcast' 'tmp_data_M_value' <Predicate = true> <Delay = 0.00>
ST_2 : Operation 46 [1/1] (0.00ns)   --->   "%tmp_data_M_value_2 = bitcast i32 %trunc_ln293_3"   --->   Operation 46 'bitcast' 'tmp_data_M_value_2' <Predicate = true> <Delay = 0.00>
ST_2 : Operation 47 [4/4] (5.70ns)   --->   "%v_assign_2 = fmul i32 %tmp_data_M_value, i32 0.000488281" [mult_project_wlo/mul.cpp:51]   --->   Operation 47 'fmul' 'v_assign_2' <Predicate = true> <Delay = 5.70> <CoreInst = "FMul_maxdsp">   --->   Core 30 'FMul_maxdsp' <Latency = 3> <II = 1> <Delay = 5.70> <FuncUnit> <Opcode : 'fmul'> <InPorts = 2> <OutPorts = 1>
ST_2 : Operation 48 [4/4] (5.70ns)   --->   "%v_assign_3 = fmul i32 %tmp_data_M_value_2, i32 0.000488281" [mult_project_wlo/mul.cpp:52]   --->   Operation 48 'fmul' 'v_assign_3' <Predicate = true> <Delay = 5.70> <CoreInst = "FMul_maxdsp">   --->   Core 30 'FMul_maxdsp' <Latency = 3> <II = 1> <Delay = 5.70> <FuncUnit> <Opcode : 'fmul'> <InPorts = 2> <OutPorts = 1>

State 3 <SV = 2> <Delay = 5.70>
ST_3 : Operation 49 [3/4] (5.70ns)   --->   "%v_assign_2 = fmul i32 %tmp_data_M_value, i32 0.000488281" [mult_project_wlo/mul.cpp:51]   --->   Operation 49 'fmul' 'v_assign_2' <Predicate = true> <Delay = 5.70> <CoreInst = "FMul_maxdsp">   --->   Core 30 'FMul_maxdsp' <Latency = 3> <II = 1> <Delay = 5.70> <FuncUnit> <Opcode : 'fmul'> <InPorts = 2> <OutPorts = 1>
ST_3 : Operation 50 [3/4] (5.70ns)   --->   "%v_assign_3 = fmul i32 %tmp_data_M_value_2, i32 0.000488281" [mult_project_wlo/mul.cpp:52]   --->   Operation 50 'fmul' 'v_assign_3' <Predicate = true> <Delay = 5.70> <CoreInst = "FMul_maxdsp">   --->   Core 30 'FMul_maxdsp' <Latency = 3> <II = 1> <Delay = 5.70> <FuncUnit> <Opcode : 'fmul'> <InPorts = 2> <OutPorts = 1>

State 4 <SV = 3> <Delay = 5.70>
ST_4 : Operation 51 [2/4] (5.70ns)   --->   "%v_assign_2 = fmul i32 %tmp_data_M_value, i32 0.000488281" [mult_project_wlo/mul.cpp:51]   --->   Operation 51 'fmul' 'v_assign_2' <Predicate = true> <Delay = 5.70> <CoreInst = "FMul_maxdsp">   --->   Core 30 'FMul_maxdsp' <Latency = 3> <II = 1> <Delay = 5.70> <FuncUnit> <Opcode : 'fmul'> <InPorts = 2> <OutPorts = 1>
ST_4 : Operation 52 [2/4] (5.70ns)   --->   "%v_assign_3 = fmul i32 %tmp_data_M_value_2, i32 0.000488281" [mult_project_wlo/mul.cpp:52]   --->   Operation 52 'fmul' 'v_assign_3' <Predicate = true> <Delay = 5.70> <CoreInst = "FMul_maxdsp">   --->   Core 30 'FMul_maxdsp' <Latency = 3> <II = 1> <Delay = 5.70> <FuncUnit> <Opcode : 'fmul'> <InPorts = 2> <OutPorts = 1>

State 5 <SV = 4> <Delay = 5.70>
ST_5 : Operation 53 [1/4] (5.70ns)   --->   "%v_assign_2 = fmul i32 %tmp_data_M_value, i32 0.000488281" [mult_project_wlo/mul.cpp:51]   --->   Operation 53 'fmul' 'v_assign_2' <Predicate = true> <Delay = 5.70> <CoreInst = "FMul_maxdsp">   --->   Core 30 'FMul_maxdsp' <Latency = 3> <II = 1> <Delay = 5.70> <FuncUnit> <Opcode : 'fmul'> <InPorts = 2> <OutPorts = 1>
ST_5 : Operation 54 [1/4] (5.70ns)   --->   "%v_assign_3 = fmul i32 %tmp_data_M_value_2, i32 0.000488281" [mult_project_wlo/mul.cpp:52]   --->   Operation 54 'fmul' 'v_assign_3' <Predicate = true> <Delay = 5.70> <CoreInst = "FMul_maxdsp">   --->   Core 30 'FMul_maxdsp' <Latency = 3> <II = 1> <Delay = 5.70> <FuncUnit> <Opcode : 'fmul'> <InPorts = 2> <OutPorts = 1>

State 6 <SV = 5> <Delay = 4.43>
ST_6 : Operation 55 [2/2] (4.43ns)   --->   "%d = fpext i32 %v_assign_2"   --->   Operation 55 'fpext' 'd' <Predicate = true> <Delay = 4.43> <CoreInst = "Float2Double">   --->   Core 64 'Float2Double' <Latency = 1> <II = 1> <Delay = 4.43> <FuncUnit> <Opcode : 'fpext'> <InPorts = 1> <OutPorts = 1>
ST_6 : Operation 56 [2/2] (4.43ns)   --->   "%d_1 = fpext i32 %v_assign_3"   --->   Operation 56 'fpext' 'd_1' <Predicate = true> <Delay = 4.43> <CoreInst = "Float2Double">   --->   Core 64 'Float2Double' <Latency = 1> <II = 1> <Delay = 4.43> <FuncUnit> <Opcode : 'fpext'> <InPorts = 1> <OutPorts = 1>

State 7 <SV = 6> <Delay = 7.22>
ST_7 : Operation 57 [1/2] (4.43ns)   --->   "%d = fpext i32 %v_assign_2"   --->   Operation 57 'fpext' 'd' <Predicate = true> <Delay = 4.43> <CoreInst = "Float2Double">   --->   Core 64 'Float2Double' <Latency = 1> <II = 1> <Delay = 4.43> <FuncUnit> <Opcode : 'fpext'> <InPorts = 1> <OutPorts = 1>
ST_7 : Operation 58 [1/1] (0.00ns)   --->   "%ireg = bitcast i64 %d"   --->   Operation 58 'bitcast' 'ireg' <Predicate = true> <Delay = 0.00>
ST_7 : Operation 59 [1/1] (0.00ns)   --->   "%trunc_ln590 = trunc i64 %ireg"   --->   Operation 59 'trunc' 'trunc_ln590' <Predicate = true> <Delay = 0.00>
ST_7 : Operation 60 [1/1] (0.00ns)   --->   "%p_Result_13 = bitselect i1 @_ssdm_op_BitSelect.i1.i64.i32, i64 %ireg, i32 63"   --->   Operation 60 'bitselect' 'p_Result_13' <Predicate = true> <Delay = 0.00>
ST_7 : Operation 61 [1/1] (0.00ns)   --->   "%exp_tmp = partselect i11 @_ssdm_op_PartSelect.i11.i64.i32.i32, i64 %ireg, i32 52, i32 62"   --->   Operation 61 'partselect' 'exp_tmp' <Predicate = true> <Delay = 0.00>
ST_7 : Operation 62 [1/1] (0.00ns)   --->   "%trunc_ln600 = trunc i64 %ireg"   --->   Operation 62 'trunc' 'trunc_ln600' <Predicate = true> <Delay = 0.00>
ST_7 : Operation 63 [1/1] (2.78ns)   --->   "%icmp_ln606 = icmp_eq  i63 %trunc_ln590, i63 0"   --->   Operation 63 'icmp' 'icmp_ln606' <Predicate = true> <Delay = 2.78> <CoreInst = "Cmp">   --->   Core 9 'Cmp' <Latency = 0> <II = 1> <Delay = 2.78> <FuncUnit> <Opcode : 'icmp'> <InPorts = 2> <OutPorts = 1>
ST_7 : Operation 64 [1/2] (4.43ns)   --->   "%d_1 = fpext i32 %v_assign_3"   --->   Operation 64 'fpext' 'd_1' <Predicate = true> <Delay = 4.43> <CoreInst = "Float2Double">   --->   Core 64 'Float2Double' <Latency = 1> <II = 1> <Delay = 4.43> <FuncUnit> <Opcode : 'fpext'> <InPorts = 1> <OutPorts = 1>
ST_7 : Operation 65 [1/1] (0.00ns)   --->   "%ireg_1 = bitcast i64 %d_1"   --->   Operation 65 'bitcast' 'ireg_1' <Predicate = true> <Delay = 0.00>
ST_7 : Operation 66 [1/1] (0.00ns)   --->   "%trunc_ln590_1 = trunc i64 %ireg_1"   --->   Operation 66 'trunc' 'trunc_ln590_1' <Predicate = true> <Delay = 0.00>
ST_7 : Operation 67 [1/1] (0.00ns)   --->   "%p_Result_15 = bitselect i1 @_ssdm_op_BitSelect.i1.i64.i32, i64 %ireg_1, i32 63"   --->   Operation 67 'bitselect' 'p_Result_15' <Predicate = true> <Delay = 0.00>
ST_7 : Operation 68 [1/1] (0.00ns)   --->   "%exp_tmp_1 = partselect i11 @_ssdm_op_PartSelect.i11.i64.i32.i32, i64 %ireg_1, i32 52, i32 62"   --->   Operation 68 'partselect' 'exp_tmp_1' <Predicate = true> <Delay = 0.00>
ST_7 : Operation 69 [1/1] (0.00ns)   --->   "%trunc_ln600_1 = trunc i64 %ireg_1"   --->   Operation 69 'trunc' 'trunc_ln600_1' <Predicate = true> <Delay = 0.00>
ST_7 : Operation 70 [1/1] (2.78ns)   --->   "%icmp_ln606_1 = icmp_eq  i63 %trunc_ln590_1, i63 0"   --->   Operation 70 'icmp' 'icmp_ln606_1' <Predicate = true> <Delay = 2.78> <CoreInst = "Cmp">   --->   Core 9 'Cmp' <Latency = 0> <II = 1> <Delay = 2.78> <FuncUnit> <Opcode : 'icmp'> <InPorts = 2> <OutPorts = 1>

State 8 <SV = 7> <Delay = 4.51>
ST_8 : Operation 71 [1/1] (0.00ns)   --->   "%zext_ln501 = zext i11 %exp_tmp"   --->   Operation 71 'zext' 'zext_ln501' <Predicate = (!icmp_ln606)> <Delay = 0.00>
ST_8 : Operation 72 [1/1] (0.00ns)   --->   "%p_Result_14 = bitconcatenate i53 @_ssdm_op_BitConcatenate.i53.i1.i52, i1 1, i52 %trunc_ln600"   --->   Operation 72 'bitconcatenate' 'p_Result_14' <Predicate = (!icmp_ln606)> <Delay = 0.00>
ST_8 : Operation 73 [1/1] (0.00ns)   --->   "%zext_ln604 = zext i53 %p_Result_14"   --->   Operation 73 'zext' 'zext_ln604' <Predicate = (!icmp_ln606)> <Delay = 0.00>
ST_8 : Operation 74 [1/1] (3.23ns)   --->   "%man_V_1 = sub i54 0, i54 %zext_ln604"   --->   Operation 74 'sub' 'man_V_1' <Predicate = (p_Result_13 & !icmp_ln606)> <Delay = 3.23> <CoreInst = "Adder">   --->   Core 1 'Adder' <Latency = 0> <II = 1> <Delay = 3.23> <FuncUnit> <Opcode : 'add' 'sub'> <InPorts = 2> <OutPorts = 1>
ST_8 : Operation 75 [1/1] (0.94ns)   --->   "%man_V_2 = select i1 %p_Result_13, i54 %man_V_1, i54 %zext_ln604"   --->   Operation 75 'select' 'man_V_2' <Predicate = (!icmp_ln606)> <Delay = 0.94> <CoreInst = "Sel">   --->   Core 73 'Sel' <Latency = 0> <II = 1> <Delay = 0.94> <FuncUnit> <Opcode : 'select'> <InPorts = 3> <OutPorts = 1>
ST_8 : Operation 76 [1/1] (1.54ns)   --->   "%F2 = sub i12 1075, i12 %zext_ln501"   --->   Operation 76 'sub' 'F2' <Predicate = (!icmp_ln606)> <Delay = 1.54> <CoreInst = "Adder">   --->   Core 1 'Adder' <Latency = 0> <II = 1> <Delay = 1.54> <FuncUnit> <Opcode : 'add' 'sub'> <InPorts = 2> <OutPorts = 1>
ST_8 : Operation 77 [1/1] (1.99ns)   --->   "%icmp_ln616 = icmp_sgt  i12 %F2, i12 18"   --->   Operation 77 'icmp' 'icmp_ln616' <Predicate = (!icmp_ln606)> <Delay = 1.99> <CoreInst = "Cmp">   --->   Core 9 'Cmp' <Latency = 0> <II = 1> <Delay = 1.99> <FuncUnit> <Opcode : 'icmp'> <InPorts = 2> <OutPorts = 1>
ST_8 : Operation 78 [1/1] (1.54ns)   --->   "%add_ln616 = add i12 %F2, i12 4078"   --->   Operation 78 'add' 'add_ln616' <Predicate = (!icmp_ln606)> <Delay = 1.54> <CoreInst = "Adder">   --->   Core 1 'Adder' <Latency = 0> <II = 1> <Delay = 1.54> <FuncUnit> <Opcode : 'add' 'sub'> <InPorts = 2> <OutPorts = 1>
ST_8 : Operation 79 [1/1] (1.54ns)   --->   "%sub_ln616 = sub i12 18, i12 %F2"   --->   Operation 79 'sub' 'sub_ln616' <Predicate = (!icmp_ln606)> <Delay = 1.54> <CoreInst = "Adder">   --->   Core 1 'Adder' <Latency = 0> <II = 1> <Delay = 1.54> <FuncUnit> <Opcode : 'add' 'sub'> <InPorts = 2> <OutPorts = 1>
ST_8 : Operation 80 [1/1] (0.69ns)   --->   "%sh_amt = select i1 %icmp_ln616, i12 %add_ln616, i12 %sub_ln616"   --->   Operation 80 'select' 'sh_amt' <Predicate = (!icmp_ln606)> <Delay = 0.69> <CoreInst = "Sel">   --->   Core 73 'Sel' <Latency = 0> <II = 1> <Delay = 0.69> <FuncUnit> <Opcode : 'select'> <InPorts = 3> <OutPorts = 1>
ST_8 : Operation 81 [1/1] (1.99ns)   --->   "%icmp_ln617 = icmp_eq  i12 %F2, i12 18"   --->   Operation 81 'icmp' 'icmp_ln617' <Predicate = (!icmp_ln606)> <Delay = 1.99> <CoreInst = "Cmp">   --->   Core 9 'Cmp' <Latency = 0> <II = 1> <Delay = 1.99> <FuncUnit> <Opcode : 'icmp'> <InPorts = 2> <OutPorts = 1>
ST_8 : Operation 82 [1/1] (0.00ns)   --->   "%trunc_ln618 = trunc i54 %man_V_2"   --->   Operation 82 'trunc' 'trunc_ln618' <Predicate = (!icmp_ln606)> <Delay = 0.00>
ST_8 : Operation 83 [1/1] (0.00ns) (grouped into LUT with out node and_ln616)   --->   "%or_ln617 = or i1 %icmp_ln606, i1 %icmp_ln617"   --->   Operation 83 'or' 'or_ln617' <Predicate = (!icmp_ln606)> <Delay = 0.00> <CoreInst = "LogicGate">   --->   Core 74 'LogicGate' <Latency = 0> <II = 1> <Delay = 0.97> <FuncUnit> <Opcode : 'and' 'or' 'xor'> <InPorts = 2> <OutPorts = 1>
ST_8 : Operation 84 [1/1] (0.00ns) (grouped into LUT with out node and_ln616)   --->   "%xor_ln617 = xor i1 %or_ln617, i1 1"   --->   Operation 84 'xor' 'xor_ln617' <Predicate = (!icmp_ln606)> <Delay = 0.00> <CoreInst = "LogicGate">   --->   Core 74 'LogicGate' <Latency = 0> <II = 1> <Delay = 0.97> <FuncUnit> <Opcode : 'and' 'or' 'xor'> <InPorts = 2> <OutPorts = 1>
ST_8 : Operation 85 [1/1] (0.97ns) (out node of the LUT)   --->   "%and_ln616 = and i1 %icmp_ln616, i1 %xor_ln617"   --->   Operation 85 'and' 'and_ln616' <Predicate = (!icmp_ln606)> <Delay = 0.97> <CoreInst = "LogicGate">   --->   Core 74 'LogicGate' <Latency = 0> <II = 1> <Delay = 0.97> <FuncUnit> <Opcode : 'and' 'or' 'xor'> <InPorts = 2> <OutPorts = 1>
ST_8 : Operation 86 [1/1] (0.00ns)   --->   "%zext_ln501_1 = zext i11 %exp_tmp_1"   --->   Operation 86 'zext' 'zext_ln501_1' <Predicate = (!icmp_ln606_1)> <Delay = 0.00>
ST_8 : Operation 87 [1/1] (0.00ns)   --->   "%p_Result_16 = bitconcatenate i53 @_ssdm_op_BitConcatenate.i53.i1.i52, i1 1, i52 %trunc_ln600_1"   --->   Operation 87 'bitconcatenate' 'p_Result_16' <Predicate = (!icmp_ln606_1)> <Delay = 0.00>
ST_8 : Operation 88 [1/1] (0.00ns)   --->   "%zext_ln604_1 = zext i53 %p_Result_16"   --->   Operation 88 'zext' 'zext_ln604_1' <Predicate = (!icmp_ln606_1)> <Delay = 0.00>
ST_8 : Operation 89 [1/1] (3.23ns)   --->   "%man_V_4 = sub i54 0, i54 %zext_ln604_1"   --->   Operation 89 'sub' 'man_V_4' <Predicate = (p_Result_15 & !icmp_ln606_1)> <Delay = 3.23> <CoreInst = "Adder">   --->   Core 1 'Adder' <Latency = 0> <II = 1> <Delay = 3.23> <FuncUnit> <Opcode : 'add' 'sub'> <InPorts = 2> <OutPorts = 1>
ST_8 : Operation 90 [1/1] (0.94ns)   --->   "%man_V_5 = select i1 %p_Result_15, i54 %man_V_4, i54 %zext_ln604_1"   --->   Operation 90 'select' 'man_V_5' <Predicate = (!icmp_ln606_1)> <Delay = 0.94> <CoreInst = "Sel">   --->   Core 73 'Sel' <Latency = 0> <II = 1> <Delay = 0.94> <FuncUnit> <Opcode : 'select'> <InPorts = 3> <OutPorts = 1>
ST_8 : Operation 91 [1/1] (1.54ns)   --->   "%F2_1 = sub i12 1075, i12 %zext_ln501_1"   --->   Operation 91 'sub' 'F2_1' <Predicate = (!icmp_ln606_1)> <Delay = 1.54> <CoreInst = "Adder">   --->   Core 1 'Adder' <Latency = 0> <II = 1> <Delay = 1.54> <FuncUnit> <Opcode : 'add' 'sub'> <InPorts = 2> <OutPorts = 1>
ST_8 : Operation 92 [1/1] (1.99ns)   --->   "%icmp_ln616_1 = icmp_sgt  i12 %F2_1, i12 18"   --->   Operation 92 'icmp' 'icmp_ln616_1' <Predicate = (!icmp_ln606_1)> <Delay = 1.99> <CoreInst = "Cmp">   --->   Core 9 'Cmp' <Latency = 0> <II = 1> <Delay = 1.99> <FuncUnit> <Opcode : 'icmp'> <InPorts = 2> <OutPorts = 1>
ST_8 : Operation 93 [1/1] (1.54ns)   --->   "%add_ln616_1 = add i12 %F2_1, i12 4078"   --->   Operation 93 'add' 'add_ln616_1' <Predicate = (!icmp_ln606_1)> <Delay = 1.54> <CoreInst = "Adder">   --->   Core 1 'Adder' <Latency = 0> <II = 1> <Delay = 1.54> <FuncUnit> <Opcode : 'add' 'sub'> <InPorts = 2> <OutPorts = 1>
ST_8 : Operation 94 [1/1] (1.54ns)   --->   "%sub_ln616_1 = sub i12 18, i12 %F2_1"   --->   Operation 94 'sub' 'sub_ln616_1' <Predicate = (!icmp_ln606_1)> <Delay = 1.54> <CoreInst = "Adder">   --->   Core 1 'Adder' <Latency = 0> <II = 1> <Delay = 1.54> <FuncUnit> <Opcode : 'add' 'sub'> <InPorts = 2> <OutPorts = 1>
ST_8 : Operation 95 [1/1] (0.69ns)   --->   "%sh_amt_1 = select i1 %icmp_ln616_1, i12 %add_ln616_1, i12 %sub_ln616_1"   --->   Operation 95 'select' 'sh_amt_1' <Predicate = (!icmp_ln606_1)> <Delay = 0.69> <CoreInst = "Sel">   --->   Core 73 'Sel' <Latency = 0> <II = 1> <Delay = 0.69> <FuncUnit> <Opcode : 'select'> <InPorts = 3> <OutPorts = 1>
ST_8 : Operation 96 [1/1] (1.99ns)   --->   "%icmp_ln617_1 = icmp_eq  i12 %F2_1, i12 18"   --->   Operation 96 'icmp' 'icmp_ln617_1' <Predicate = (!icmp_ln606_1)> <Delay = 1.99> <CoreInst = "Cmp">   --->   Core 9 'Cmp' <Latency = 0> <II = 1> <Delay = 1.99> <FuncUnit> <Opcode : 'icmp'> <InPorts = 2> <OutPorts = 1>
ST_8 : Operation 97 [1/1] (0.00ns)   --->   "%trunc_ln618_1 = trunc i54 %man_V_5"   --->   Operation 97 'trunc' 'trunc_ln618_1' <Predicate = (!icmp_ln606_1)> <Delay = 0.00>
ST_8 : Operation 98 [1/1] (0.00ns) (grouped into LUT with out node and_ln616_1)   --->   "%or_ln617_1 = or i1 %icmp_ln606_1, i1 %icmp_ln617_1"   --->   Operation 98 'or' 'or_ln617_1' <Predicate = (!icmp_ln606_1)> <Delay = 0.00> <CoreInst = "LogicGate">   --->   Core 74 'LogicGate' <Latency = 0> <II = 1> <Delay = 0.97> <FuncUnit> <Opcode : 'and' 'or' 'xor'> <InPorts = 2> <OutPorts = 1>
ST_8 : Operation 99 [1/1] (0.00ns) (grouped into LUT with out node and_ln616_1)   --->   "%xor_ln617_1 = xor i1 %or_ln617_1, i1 1"   --->   Operation 99 'xor' 'xor_ln617_1' <Predicate = (!icmp_ln606_1)> <Delay = 0.00> <CoreInst = "LogicGate">   --->   Core 74 'LogicGate' <Latency = 0> <II = 1> <Delay = 0.97> <FuncUnit> <Opcode : 'and' 'or' 'xor'> <InPorts = 2> <OutPorts = 1>
ST_8 : Operation 100 [1/1] (0.97ns) (out node of the LUT)   --->   "%and_ln616_1 = and i1 %icmp_ln616_1, i1 %xor_ln617_1"   --->   Operation 100 'and' 'and_ln616_1' <Predicate = (!icmp_ln606_1)> <Delay = 0.97> <CoreInst = "LogicGate">   --->   Core 74 'LogicGate' <Latency = 0> <II = 1> <Delay = 0.97> <FuncUnit> <Opcode : 'and' 'or' 'xor'> <InPorts = 2> <OutPorts = 1>

State 9 <SV = 8> <Delay = 6.27>
ST_9 : Operation 101 [1/1] (0.00ns)   --->   "%i_1_cast = zext i11 %i_1" [mult_project_wlo/mul.cpp:48]   --->   Operation 101 'zext' 'i_1_cast' <Predicate = true> <Delay = 0.00>
ST_9 : Operation 102 [1/1] (0.00ns)   --->   "%sext_ln616 = sext i12 %sh_amt"   --->   Operation 102 'sext' 'sext_ln616' <Predicate = (!icmp_ln606)> <Delay = 0.00>
ST_9 : Operation 103 [1/1] (1.99ns)   --->   "%icmp_ln620 = icmp_ult  i12 %sh_amt, i12 54"   --->   Operation 103 'icmp' 'icmp_ln620' <Predicate = (and_ln616 & !icmp_ln606)> <Delay = 1.99> <CoreInst = "Cmp">   --->   Core 9 'Cmp' <Latency = 0> <II = 1> <Delay = 1.99> <FuncUnit> <Opcode : 'icmp'> <InPorts = 2> <OutPorts = 1>
ST_9 : Operation 104 [1/1] (1.99ns)   --->   "%icmp_ln638 = icmp_ult  i12 %sh_amt, i12 27"   --->   Operation 104 'icmp' 'icmp_ln638' <Predicate = (!and_ln616 & !icmp_ln606)> <Delay = 1.99> <CoreInst = "Cmp">   --->   Core 9 'Cmp' <Latency = 0> <II = 1> <Delay = 1.99> <FuncUnit> <Opcode : 'icmp'> <InPorts = 2> <OutPorts = 1>
ST_9 : Operation 105 [1/1] (0.00ns) (grouped into LUT with out node select_ln617)   --->   "%sext_ln616cast = trunc i32 %sext_ln616"   --->   Operation 105 'trunc' 'sext_ln616cast' <Predicate = (!and_ln616 & !icmp_ln606)> <Delay = 0.00>
ST_9 : Operation 106 [1/1] (0.00ns) (grouped into LUT with out node select_ln617)   --->   "%shl_ln639 = shl i27 %trunc_ln618, i27 %sext_ln616cast"   --->   Operation 106 'shl' 'shl_ln639' <Predicate = (!and_ln616 & !icmp_ln606)> <Delay = 0.00> <CoreInst = "Shifter">   --->   Core 75 'Shifter' <Latency = 0> <II = 1> <Delay = 4.28> <FuncUnit> <Opcode : 'shl' 'lshr' 'ashr'> <InPorts = 2> <OutPorts = 1>
ST_9 : Operation 107 [1/1] (0.00ns) (grouped into LUT with out node select_ln617)   --->   "%select_ln638 = select i1 %icmp_ln638, i27 %shl_ln639, i27 0"   --->   Operation 107 'select' 'select_ln638' <Predicate = (!and_ln616 & !icmp_ln606)> <Delay = 0.00> <CoreInst = "Sel">   --->   Core 73 'Sel' <Latency = 0> <II = 1> <Delay = 0.80> <FuncUnit> <Opcode : 'select'> <InPorts = 3> <OutPorts = 1>
ST_9 : Operation 108 [1/1] (0.00ns) (grouped into LUT with out node select_ln617)   --->   "%xor_ln606 = xor i1 %icmp_ln606, i1 1"   --->   Operation 108 'xor' 'xor_ln606' <Predicate = (!and_ln616 & !icmp_ln606)> <Delay = 0.00> <CoreInst = "LogicGate">   --->   Core 74 'LogicGate' <Latency = 0> <II = 1> <Delay = 0.97> <FuncUnit> <Opcode : 'and' 'or' 'xor'> <InPorts = 2> <OutPorts = 1>
ST_9 : Operation 109 [1/1] (0.00ns) (grouped into LUT with out node select_ln617)   --->   "%and_ln617 = and i1 %icmp_ln617, i1 %xor_ln606"   --->   Operation 109 'and' 'and_ln617' <Predicate = (!and_ln616 & !icmp_ln606)> <Delay = 0.00> <CoreInst = "LogicGate">   --->   Core 74 'LogicGate' <Latency = 0> <II = 1> <Delay = 0.97> <FuncUnit> <Opcode : 'and' 'or' 'xor'> <InPorts = 2> <OutPorts = 1>
ST_9 : Operation 110 [1/1] (4.28ns) (out node of the LUT)   --->   "%select_ln617 = select i1 %and_ln617, i27 %trunc_ln618, i27 %select_ln638"   --->   Operation 110 'select' 'select_ln617' <Predicate = (!and_ln616 & !icmp_ln606)> <Delay = 4.28> <CoreInst = "Sel">   --->   Core 73 'Sel' <Latency = 0> <II = 1> <Delay = 0.80> <FuncUnit> <Opcode : 'select'> <InPorts = 3> <OutPorts = 1>
ST_9 : Operation 111 [1/1] (0.00ns)   --->   "%sext_ln616_1 = sext i12 %sh_amt_1"   --->   Operation 111 'sext' 'sext_ln616_1' <Predicate = (!icmp_ln606_1)> <Delay = 0.00>
ST_9 : Operation 112 [1/1] (1.99ns)   --->   "%icmp_ln620_1 = icmp_ult  i12 %sh_amt_1, i12 54"   --->   Operation 112 'icmp' 'icmp_ln620_1' <Predicate = (and_ln616_1 & !icmp_ln606_1)> <Delay = 1.99> <CoreInst = "Cmp">   --->   Core 9 'Cmp' <Latency = 0> <II = 1> <Delay = 1.99> <FuncUnit> <Opcode : 'icmp'> <InPorts = 2> <OutPorts = 1>
ST_9 : Operation 113 [1/1] (1.99ns)   --->   "%icmp_ln638_1 = icmp_ult  i12 %sh_amt_1, i12 27"   --->   Operation 113 'icmp' 'icmp_ln638_1' <Predicate = (!and_ln616_1 & !icmp_ln606_1)> <Delay = 1.99> <CoreInst = "Cmp">   --->   Core 9 'Cmp' <Latency = 0> <II = 1> <Delay = 1.99> <FuncUnit> <Opcode : 'icmp'> <InPorts = 2> <OutPorts = 1>
ST_9 : Operation 114 [1/1] (0.00ns) (grouped into LUT with out node select_ln617_1)   --->   "%sext_ln616_1cast = trunc i32 %sext_ln616_1"   --->   Operation 114 'trunc' 'sext_ln616_1cast' <Predicate = (!and_ln616_1 & !icmp_ln606_1)> <Delay = 0.00>
ST_9 : Operation 115 [1/1] (0.00ns) (grouped into LUT with out node select_ln617_1)   --->   "%shl_ln639_1 = shl i27 %trunc_ln618_1, i27 %sext_ln616_1cast"   --->   Operation 115 'shl' 'shl_ln639_1' <Predicate = (!and_ln616_1 & !icmp_ln606_1)> <Delay = 0.00> <CoreInst = "Shifter">   --->   Core 75 'Shifter' <Latency = 0> <II = 1> <Delay = 4.28> <FuncUnit> <Opcode : 'shl' 'lshr' 'ashr'> <InPorts = 2> <OutPorts = 1>
ST_9 : Operation 116 [1/1] (0.00ns) (grouped into LUT with out node select_ln617_1)   --->   "%select_ln638_1 = select i1 %icmp_ln638_1, i27 %shl_ln639_1, i27 0"   --->   Operation 116 'select' 'select_ln638_1' <Predicate = (!and_ln616_1 & !icmp_ln606_1)> <Delay = 0.00> <CoreInst = "Sel">   --->   Core 73 'Sel' <Latency = 0> <II = 1> <Delay = 0.80> <FuncUnit> <Opcode : 'select'> <InPorts = 3> <OutPorts = 1>
ST_9 : Operation 117 [1/1] (0.00ns) (grouped into LUT with out node select_ln617_1)   --->   "%xor_ln606_1 = xor i1 %icmp_ln606_1, i1 1"   --->   Operation 117 'xor' 'xor_ln606_1' <Predicate = (!and_ln616_1 & !icmp_ln606_1)> <Delay = 0.00> <CoreInst = "LogicGate">   --->   Core 74 'LogicGate' <Latency = 0> <II = 1> <Delay = 0.97> <FuncUnit> <Opcode : 'and' 'or' 'xor'> <InPorts = 2> <OutPorts = 1>
ST_9 : Operation 118 [1/1] (0.00ns) (grouped into LUT with out node select_ln617_1)   --->   "%and_ln617_1 = and i1 %icmp_ln617_1, i1 %xor_ln606_1"   --->   Operation 118 'and' 'and_ln617_1' <Predicate = (!and_ln616_1 & !icmp_ln606_1)> <Delay = 0.00> <CoreInst = "LogicGate">   --->   Core 74 'LogicGate' <Latency = 0> <II = 1> <Delay = 0.97> <FuncUnit> <Opcode : 'and' 'or' 'xor'> <InPorts = 2> <OutPorts = 1>
ST_9 : Operation 119 [1/1] (4.28ns) (out node of the LUT)   --->   "%select_ln617_1 = select i1 %and_ln617_1, i27 %trunc_ln618_1, i27 %select_ln638_1"   --->   Operation 119 'select' 'select_ln617_1' <Predicate = (!and_ln616_1 & !icmp_ln606_1)> <Delay = 4.28> <CoreInst = "Sel">   --->   Core 73 'Sel' <Latency = 0> <II = 1> <Delay = 0.80> <FuncUnit> <Opcode : 'select'> <InPorts = 3> <OutPorts = 1>
ST_9 : Operation 120 [1/1] (0.00ns)   --->   "%gb_conj_M_real_V_addr = getelementptr i23 %gb_conj_M_real_V, i64 0, i64 %i_1_cast" [mult_project_wlo/mul.cpp:54]   --->   Operation 120 'getelementptr' 'gb_conj_M_real_V_addr' <Predicate = true> <Delay = 0.00>
ST_9 : Operation 121 [2/2] (3.25ns)   --->   "%c_re_V = load i10 %gb_conj_M_real_V_addr" [mult_project_wlo/mul.cpp:54]   --->   Operation 121 'load' 'c_re_V' <Predicate = true> <Delay = 3.25> <CoreInst = "ROM">   --->   Core 95 'ROM' <Latency = 1> <II = 1> <Delay = 3.25> <Storage> <Opcode : 'load'> <Ports = 0> <Width = 23> <Depth = 1024> <ROM>
ST_9 : Operation 122 [1/1] (0.00ns)   --->   "%gb_conj_M_imag_V_addr = getelementptr i22 %gb_conj_M_imag_V, i64 0, i64 %i_1_cast" [mult_project_wlo/mul.cpp:55]   --->   Operation 122 'getelementptr' 'gb_conj_M_imag_V_addr' <Predicate = true> <Delay = 0.00>
ST_9 : Operation 123 [2/2] (3.25ns)   --->   "%c_im_V = load i10 %gb_conj_M_imag_V_addr" [mult_project_wlo/mul.cpp:55]   --->   Operation 123 'load' 'c_im_V' <Predicate = true> <Delay = 3.25> <CoreInst = "ROM">   --->   Core 95 'ROM' <Latency = 1> <II = 1> <Delay = 3.25> <Storage> <Opcode : 'load'> <Ports = 0> <Width = 22> <Depth = 1024> <ROM>
ST_9 : Operation 124 [1/1] (1.88ns)   --->   "%tmp_last_V = icmp_eq  i11 %i_1, i11 1023" [mult_project_wlo/mul.cpp:65]   --->   Operation 124 'icmp' 'tmp_last_V' <Predicate = true> <Delay = 1.88> <CoreInst = "Cmp">   --->   Core 9 'Cmp' <Latency = 0> <II = 1> <Delay = 1.88> <FuncUnit> <Opcode : 'icmp'> <InPorts = 2> <OutPorts = 1>

State 10 <SV = 9> <Delay = 5.41>
ST_10 : Operation 125 [1/1] (0.00ns) (grouped into LUT with out node select_ln616)   --->   "%zext_ln621 = zext i32 %sext_ln616"   --->   Operation 125 'zext' 'zext_ln621' <Predicate = (icmp_ln620 & and_ln616 & !icmp_ln606)> <Delay = 0.00>
ST_10 : Operation 126 [1/1] (0.00ns) (grouped into LUT with out node select_ln616)   --->   "%ashr_ln621 = ashr i54 %man_V_2, i54 %zext_ln621"   --->   Operation 126 'ashr' 'ashr_ln621' <Predicate = (icmp_ln620 & and_ln616 & !icmp_ln606)> <Delay = 0.00> <CoreInst = "Shifter">   --->   Core 75 'Shifter' <Latency = 0> <II = 1> <Delay = 4.61> <FuncUnit> <Opcode : 'shl' 'lshr' 'ashr'> <InPorts = 2> <OutPorts = 1>
ST_10 : Operation 127 [1/1] (0.00ns) (grouped into LUT with out node select_ln616)   --->   "%trunc_ln621 = trunc i54 %ashr_ln621"   --->   Operation 127 'trunc' 'trunc_ln621' <Predicate = (icmp_ln620 & and_ln616 & !icmp_ln606)> <Delay = 0.00>
ST_10 : Operation 128 [1/1] (0.00ns) (grouped into LUT with out node select_ln616)   --->   "%bitcast_ln768 = bitcast i32 %v_assign_2"   --->   Operation 128 'bitcast' 'bitcast_ln768' <Predicate = (!icmp_ln620 & and_ln616 & !icmp_ln606)> <Delay = 0.00>
ST_10 : Operation 129 [1/1] (0.00ns) (grouped into LUT with out node select_ln616)   --->   "%tmp = bitselect i1 @_ssdm_op_BitSelect.i1.i32.i32, i32 %bitcast_ln768, i32 31"   --->   Operation 129 'bitselect' 'tmp' <Predicate = (!icmp_ln620 & and_ln616 & !icmp_ln606)> <Delay = 0.00>
ST_10 : Operation 130 [1/1] (0.00ns) (grouped into LUT with out node select_ln616)   --->   "%select_ln623 = select i1 %tmp, i27 134217727, i27 0"   --->   Operation 130 'select' 'select_ln623' <Predicate = (!icmp_ln620 & and_ln616 & !icmp_ln606)> <Delay = 0.00> <CoreInst = "Sel">   --->   Core 73 'Sel' <Latency = 0> <II = 1> <Delay = 0.99> <FuncUnit> <Opcode : 'select'> <InPorts = 3> <OutPorts = 1>
ST_10 : Operation 131 [1/1] (0.00ns) (grouped into LUT with out node select_ln616)   --->   "%select_ln620 = select i1 %icmp_ln620, i27 %trunc_ln621, i27 %select_ln623"   --->   Operation 131 'select' 'select_ln620' <Predicate = (and_ln616 & !icmp_ln606)> <Delay = 0.00> <CoreInst = "Sel">   --->   Core 73 'Sel' <Latency = 0> <II = 1> <Delay = 0.80> <FuncUnit> <Opcode : 'select'> <InPorts = 3> <OutPorts = 1>
ST_10 : Operation 132 [1/1] (4.61ns) (out node of the LUT)   --->   "%select_ln616 = select i1 %and_ln616, i27 %select_ln620, i27 %select_ln617"   --->   Operation 132 'select' 'select_ln616' <Predicate = (!icmp_ln606)> <Delay = 4.61> <CoreInst = "Sel">   --->   Core 73 'Sel' <Latency = 0> <II = 1> <Delay = 0.80> <FuncUnit> <Opcode : 'select'> <InPorts = 3> <OutPorts = 1>
ST_10 : Operation 133 [1/1] (0.80ns) (out node of the LUT)   --->   "%in_re_V = select i1 %icmp_ln606, i27 0, i27 %select_ln616"   --->   Operation 133 'select' 'in_re_V' <Predicate = true> <Delay = 0.80> <CoreInst = "Sel">   --->   Core 73 'Sel' <Latency = 0> <II = 1> <Delay = 0.80> <FuncUnit> <Opcode : 'select'> <InPorts = 3> <OutPorts = 1>
ST_10 : Operation 134 [1/1] (0.00ns) (grouped into LUT with out node select_ln616_2)   --->   "%zext_ln621_1 = zext i32 %sext_ln616_1"   --->   Operation 134 'zext' 'zext_ln621_1' <Predicate = (icmp_ln620_1 & and_ln616_1 & !icmp_ln606_1)> <Delay = 0.00>
ST_10 : Operation 135 [1/1] (0.00ns) (grouped into LUT with out node select_ln616_2)   --->   "%ashr_ln621_1 = ashr i54 %man_V_5, i54 %zext_ln621_1"   --->   Operation 135 'ashr' 'ashr_ln621_1' <Predicate = (icmp_ln620_1 & and_ln616_1 & !icmp_ln606_1)> <Delay = 0.00> <CoreInst = "Shifter">   --->   Core 75 'Shifter' <Latency = 0> <II = 1> <Delay = 4.61> <FuncUnit> <Opcode : 'shl' 'lshr' 'ashr'> <InPorts = 2> <OutPorts = 1>
ST_10 : Operation 136 [1/1] (0.00ns) (grouped into LUT with out node select_ln616_2)   --->   "%trunc_ln621_1 = trunc i54 %ashr_ln621_1"   --->   Operation 136 'trunc' 'trunc_ln621_1' <Predicate = (icmp_ln620_1 & and_ln616_1 & !icmp_ln606_1)> <Delay = 0.00>
ST_10 : Operation 137 [1/1] (0.00ns) (grouped into LUT with out node select_ln616_2)   --->   "%bitcast_ln768_2 = bitcast i32 %v_assign_3"   --->   Operation 137 'bitcast' 'bitcast_ln768_2' <Predicate = (!icmp_ln620_1 & and_ln616_1 & !icmp_ln606_1)> <Delay = 0.00>
ST_10 : Operation 138 [1/1] (0.00ns) (grouped into LUT with out node select_ln616_2)   --->   "%tmp_2 = bitselect i1 @_ssdm_op_BitSelect.i1.i32.i32, i32 %bitcast_ln768_2, i32 31"   --->   Operation 138 'bitselect' 'tmp_2' <Predicate = (!icmp_ln620_1 & and_ln616_1 & !icmp_ln606_1)> <Delay = 0.00>
ST_10 : Operation 139 [1/1] (0.00ns) (grouped into LUT with out node select_ln616_2)   --->   "%select_ln623_1 = select i1 %tmp_2, i27 134217727, i27 0"   --->   Operation 139 'select' 'select_ln623_1' <Predicate = (!icmp_ln620_1 & and_ln616_1 & !icmp_ln606_1)> <Delay = 0.00> <CoreInst = "Sel">   --->   Core 73 'Sel' <Latency = 0> <II = 1> <Delay = 0.99> <FuncUnit> <Opcode : 'select'> <InPorts = 3> <OutPorts = 1>
ST_10 : Operation 140 [1/1] (0.00ns) (grouped into LUT with out node select_ln616_2)   --->   "%select_ln620_1 = select i1 %icmp_ln620_1, i27 %trunc_ln621_1, i27 %select_ln623_1"   --->   Operation 140 'select' 'select_ln620_1' <Predicate = (and_ln616_1 & !icmp_ln606_1)> <Delay = 0.00> <CoreInst = "Sel">   --->   Core 73 'Sel' <Latency = 0> <II = 1> <Delay = 0.80> <FuncUnit> <Opcode : 'select'> <InPorts = 3> <OutPorts = 1>
ST_10 : Operation 141 [1/1] (4.61ns) (out node of the LUT)   --->   "%select_ln616_2 = select i1 %and_ln616_1, i27 %select_ln620_1, i27 %select_ln617_1"   --->   Operation 141 'select' 'select_ln616_2' <Predicate = (!icmp_ln606_1)> <Delay = 4.61> <CoreInst = "Sel">   --->   Core 73 'Sel' <Latency = 0> <II = 1> <Delay = 0.80> <FuncUnit> <Opcode : 'select'> <InPorts = 3> <OutPorts = 1>
ST_10 : Operation 142 [1/1] (0.80ns) (out node of the LUT)   --->   "%in_im_V = select i1 %icmp_ln606_1, i27 0, i27 %select_ln616_2"   --->   Operation 142 'select' 'in_im_V' <Predicate = true> <Delay = 0.80> <CoreInst = "Sel">   --->   Core 73 'Sel' <Latency = 0> <II = 1> <Delay = 0.80> <FuncUnit> <Opcode : 'select'> <InPorts = 3> <OutPorts = 1>
ST_10 : Operation 143 [1/2] (3.25ns)   --->   "%c_re_V = load i10 %gb_conj_M_real_V_addr" [mult_project_wlo/mul.cpp:54]   --->   Operation 143 'load' 'c_re_V' <Predicate = true> <Delay = 3.25> <CoreInst = "ROM">   --->   Core 95 'ROM' <Latency = 1> <II = 1> <Delay = 3.25> <Storage> <Opcode : 'load'> <Ports = 0> <Width = 23> <Depth = 1024> <ROM>
ST_10 : Operation 144 [1/2] (3.25ns)   --->   "%c_im_V = load i10 %gb_conj_M_imag_V_addr" [mult_project_wlo/mul.cpp:55]   --->   Operation 144 'load' 'c_im_V' <Predicate = true> <Delay = 3.25> <CoreInst = "ROM">   --->   Core 95 'ROM' <Latency = 1> <II = 1> <Delay = 3.25> <Storage> <Opcode : 'load'> <Ports = 0> <Width = 22> <Depth = 1024> <ROM>

State 11 <SV = 10> <Delay = 7.18>
ST_11 : Operation 145 [1/1] (0.00ns)   --->   "%shl_ln887_2 = bitconcatenate i25 @_ssdm_op_BitConcatenate.i25.i23.i2, i23 %c_re_V, i2 0"   --->   Operation 145 'bitconcatenate' 'shl_ln887_2' <Predicate = true> <Delay = 0.00>
ST_11 : Operation 146 [1/1] (0.00ns)   --->   "%sext_ln1319 = sext i25 %shl_ln887_2"   --->   Operation 146 'sext' 'sext_ln1319' <Predicate = true> <Delay = 0.00>
ST_11 : Operation 147 [1/1] (0.00ns)   --->   "%sext_ln1319_1 = sext i27 %in_re_V"   --->   Operation 147 'sext' 'sext_ln1319_1' <Predicate = true> <Delay = 0.00>
ST_11 : Operation 148 [1/1] (0.00ns)   --->   "%shl_ln887_3 = bitconcatenate i24 @_ssdm_op_BitConcatenate.i24.i22.i2, i22 %c_im_V, i2 0"   --->   Operation 148 'bitconcatenate' 'shl_ln887_3' <Predicate = true> <Delay = 0.00>
ST_11 : Operation 149 [1/1] (0.00ns)   --->   "%sext_ln1319_2 = sext i24 %shl_ln887_3"   --->   Operation 149 'sext' 'sext_ln1319_2' <Predicate = true> <Delay = 0.00>
ST_11 : Operation 150 [1/1] (0.00ns)   --->   "%sext_ln1319_3 = sext i27 %in_im_V"   --->   Operation 150 'sext' 'sext_ln1319_3' <Predicate = true> <Delay = 0.00>
ST_11 : Operation 151 [1/1] (7.18ns)   --->   "%mul_ln859 = mul i45 %sext_ln1319, i45 %sext_ln1319_1"   --->   Operation 151 'mul' 'mul_ln859' <Predicate = true> <Delay = 7.18> <CoreInst = "Multiplier">   --->   Core 3 'Multiplier' <Latency = 0> <II = 1> <Delay = 7.18> <FuncUnit> <Opcode : 'mul'> <InPorts = 2> <OutPorts = 1>
ST_11 : Operation 152 [1/1] (7.18ns)   --->   "%mul_ln1394 = mul i45 %sext_ln1319_2, i45 %sext_ln1319_3"   --->   Operation 152 'mul' 'mul_ln1394' <Predicate = true> <Delay = 7.18> <CoreInst = "Multiplier">   --->   Core 3 'Multiplier' <Latency = 0> <II = 1> <Delay = 7.18> <FuncUnit> <Opcode : 'mul'> <InPorts = 2> <OutPorts = 1>
ST_11 : Operation 153 [1/1] (7.18ns)   --->   "%mul_ln859_1 = mul i45 %sext_ln1319_2, i45 %sext_ln1319_1"   --->   Operation 153 'mul' 'mul_ln859_1' <Predicate = true> <Delay = 7.18> <CoreInst = "Multiplier">   --->   Core 3 'Multiplier' <Latency = 0> <II = 1> <Delay = 7.18> <FuncUnit> <Opcode : 'mul'> <InPorts = 2> <OutPorts = 1>
ST_11 : Operation 154 [1/1] (7.18ns)   --->   "%mul_ln1393 = mul i45 %sext_ln1319, i45 %sext_ln1319_3"   --->   Operation 154 'mul' 'mul_ln1393' <Predicate = true> <Delay = 7.18> <CoreInst = "Multiplier">   --->   Core 3 'Multiplier' <Latency = 0> <II = 1> <Delay = 7.18> <FuncUnit> <Opcode : 'mul'> <InPorts = 2> <OutPorts = 1>

State 12 <SV = 11> <Delay = 3.01>
ST_12 : Operation 155 [1/1] (3.01ns)   --->   "%ret_V = sub i45 %mul_ln859, i45 %mul_ln1394"   --->   Operation 155 'sub' 'ret_V' <Predicate = true> <Delay = 3.01> <CoreInst = "Adder">   --->   Core 1 'Adder' <Latency = 0> <II = 1> <Delay = 3.01> <FuncUnit> <Opcode : 'add' 'sub'> <InPorts = 2> <OutPorts = 1>
ST_12 : Operation 156 [1/1] (0.00ns)   --->   "%p_re_V = partselect i27 @_ssdm_op_PartSelect.i27.i45.i32.i32, i45 %ret_V, i32 18, i32 44"   --->   Operation 156 'partselect' 'p_re_V' <Predicate = true> <Delay = 0.00>
ST_12 : Operation 157 [1/1] (3.01ns)   --->   "%ret_V_1 = add i45 %mul_ln859_1, i45 %mul_ln1393"   --->   Operation 157 'add' 'ret_V_1' <Predicate = true> <Delay = 3.01> <CoreInst = "Adder">   --->   Core 1 'Adder' <Latency = 0> <II = 1> <Delay = 3.01> <FuncUnit> <Opcode : 'add' 'sub'> <InPorts = 2> <OutPorts = 1>
ST_12 : Operation 158 [1/1] (0.00ns)   --->   "%p_im_V = partselect i27 @_ssdm_op_PartSelect.i27.i45.i32.i32, i45 %ret_V_1, i32 18, i32 44"   --->   Operation 158 'partselect' 'p_im_V' <Predicate = true> <Delay = 0.00>
ST_12 : Operation 159 [1/1] (0.00ns)   --->   "%p_Result_17 = bitselect i1 @_ssdm_op_BitSelect.i1.i45.i32, i45 %ret_V, i32 44"   --->   Operation 159 'bitselect' 'p_Result_17' <Predicate = true> <Delay = 0.00>
ST_12 : Operation 160 [1/1] (0.00ns)   --->   "%p_Result_20 = bitselect i1 @_ssdm_op_BitSelect.i1.i45.i32, i45 %ret_V_1, i32 44"   --->   Operation 160 'bitselect' 'p_Result_20' <Predicate = true> <Delay = 0.00>

State 13 <SV = 12> <Delay = 5.75>
ST_13 : Operation 161 [1/1] (2.45ns)   --->   "%icmp_ln1136 = icmp_eq  i27 %p_re_V, i27 0"   --->   Operation 161 'icmp' 'icmp_ln1136' <Predicate = true> <Delay = 2.45> <CoreInst = "Cmp">   --->   Core 9 'Cmp' <Latency = 0> <II = 1> <Delay = 2.45> <FuncUnit> <Opcode : 'icmp'> <InPorts = 2> <OutPorts = 1>
ST_13 : Operation 162 [1/1] (2.40ns)   --->   "%tmp_V = sub i27 0, i27 %p_re_V"   --->   Operation 162 'sub' 'tmp_V' <Predicate = (p_Result_17)> <Delay = 2.40> <CoreInst = "Adder">   --->   Core 1 'Adder' <Latency = 0> <II = 1> <Delay = 2.40> <FuncUnit> <Opcode : 'add' 'sub'> <InPorts = 2> <OutPorts = 1>
ST_13 : Operation 163 [1/1] (0.80ns)   --->   "%tmp_V_4 = select i1 %p_Result_17, i27 %tmp_V, i27 %p_re_V"   --->   Operation 163 'select' 'tmp_V_4' <Predicate = true> <Delay = 0.80> <CoreInst = "Sel">   --->   Core 73 'Sel' <Latency = 0> <II = 1> <Delay = 0.80> <FuncUnit> <Opcode : 'select'> <InPorts = 3> <OutPorts = 1>
ST_13 : Operation 164 [1/1] (0.00ns)   --->   "%p_Result_s = partselect i27 @llvm.part.select.i27, i27 %tmp_V_4, i32 26, i32 0"   --->   Operation 164 'partselect' 'p_Result_s' <Predicate = true> <Delay = 0.00>
ST_13 : Operation 165 [1/1] (0.00ns)   --->   "%p_Result_18 = bitconcatenate i28 @_ssdm_op_BitConcatenate.i28.i1.i27, i1 1, i27 %p_Result_s"   --->   Operation 165 'bitconcatenate' 'p_Result_18' <Predicate = true> <Delay = 0.00>
ST_13 : Operation 166 [1/1] (0.00ns)   --->   "%sext_ln1244 = sext i28 %p_Result_18"   --->   Operation 166 'sext' 'sext_ln1244' <Predicate = true> <Delay = 0.00>
ST_13 : Operation 167 [1/1] (0.00ns)   --->   "%l = cttz i32 @llvm.cttz.i32, i32 %sext_ln1244, i1 1"   --->   Operation 167 'cttz' 'l' <Predicate = true> <Delay = 0.00>
ST_13 : Operation 168 [1/1] (2.55ns)   --->   "%sub_ln1145 = sub i32 27, i32 %l"   --->   Operation 168 'sub' 'sub_ln1145' <Predicate = true> <Delay = 2.55> <CoreInst = "Adder">   --->   Core 1 'Adder' <Latency = 0> <II = 1> <Delay = 2.55> <FuncUnit> <Opcode : 'add' 'sub'> <InPorts = 2> <OutPorts = 1>
ST_13 : Operation 169 [1/1] (0.00ns)   --->   "%trunc_ln1145 = trunc i32 %sub_ln1145"   --->   Operation 169 'trunc' 'trunc_ln1145' <Predicate = true> <Delay = 0.00>
ST_13 : Operation 170 [1/1] (0.00ns)   --->   "%trunc_ln1148 = trunc i32 %sub_ln1145"   --->   Operation 170 'trunc' 'trunc_ln1148' <Predicate = true> <Delay = 0.00>
ST_13 : Operation 171 [1/1] (0.00ns)   --->   "%trunc_ln1144 = trunc i32 %l"   --->   Operation 171 'trunc' 'trunc_ln1144' <Predicate = true> <Delay = 0.00>
ST_13 : Operation 172 [1/1] (2.45ns)   --->   "%icmp_ln1136_1 = icmp_eq  i27 %p_im_V, i27 0"   --->   Operation 172 'icmp' 'icmp_ln1136_1' <Predicate = true> <Delay = 2.45> <CoreInst = "Cmp">   --->   Core 9 'Cmp' <Latency = 0> <II = 1> <Delay = 2.45> <FuncUnit> <Opcode : 'icmp'> <InPorts = 2> <OutPorts = 1>
ST_13 : Operation 173 [1/1] (2.40ns)   --->   "%tmp_V_2 = sub i27 0, i27 %p_im_V"   --->   Operation 173 'sub' 'tmp_V_2' <Predicate = (p_Result_20)> <Delay = 2.40> <CoreInst = "Adder">   --->   Core 1 'Adder' <Latency = 0> <II = 1> <Delay = 2.40> <FuncUnit> <Opcode : 'add' 'sub'> <InPorts = 2> <OutPorts = 1>
ST_13 : Operation 174 [1/1] (0.80ns)   --->   "%tmp_V_5 = select i1 %p_Result_20, i27 %tmp_V_2, i27 %p_im_V"   --->   Operation 174 'select' 'tmp_V_5' <Predicate = true> <Delay = 0.80> <CoreInst = "Sel">   --->   Core 73 'Sel' <Latency = 0> <II = 1> <Delay = 0.80> <FuncUnit> <Opcode : 'select'> <InPorts = 3> <OutPorts = 1>
ST_13 : Operation 175 [1/1] (0.00ns)   --->   "%p_Result_7 = partselect i27 @llvm.part.select.i27, i27 %tmp_V_5, i32 26, i32 0"   --->   Operation 175 'partselect' 'p_Result_7' <Predicate = true> <Delay = 0.00>
ST_13 : Operation 176 [1/1] (0.00ns)   --->   "%p_Result_21 = bitconcatenate i28 @_ssdm_op_BitConcatenate.i28.i1.i27, i1 1, i27 %p_Result_7"   --->   Operation 176 'bitconcatenate' 'p_Result_21' <Predicate = true> <Delay = 0.00>
ST_13 : Operation 177 [1/1] (0.00ns)   --->   "%sext_ln1244_1 = sext i28 %p_Result_21"   --->   Operation 177 'sext' 'sext_ln1244_1' <Predicate = true> <Delay = 0.00>
ST_13 : Operation 178 [1/1] (0.00ns)   --->   "%l_1 = cttz i32 @llvm.cttz.i32, i32 %sext_ln1244_1, i1 1"   --->   Operation 178 'cttz' 'l_1' <Predicate = true> <Delay = 0.00>
ST_13 : Operation 179 [1/1] (2.55ns)   --->   "%sub_ln1145_1 = sub i32 27, i32 %l_1"   --->   Operation 179 'sub' 'sub_ln1145_1' <Predicate = true> <Delay = 2.55> <CoreInst = "Adder">   --->   Core 1 'Adder' <Latency = 0> <II = 1> <Delay = 2.55> <FuncUnit> <Opcode : 'add' 'sub'> <InPorts = 2> <OutPorts = 1>
ST_13 : Operation 180 [1/1] (0.00ns)   --->   "%trunc_ln1145_1 = trunc i32 %sub_ln1145_1"   --->   Operation 180 'trunc' 'trunc_ln1145_1' <Predicate = true> <Delay = 0.00>
ST_13 : Operation 181 [1/1] (0.00ns)   --->   "%trunc_ln1148_1 = trunc i32 %sub_ln1145_1"   --->   Operation 181 'trunc' 'trunc_ln1148_1' <Predicate = true> <Delay = 0.00>
ST_13 : Operation 182 [1/1] (0.00ns)   --->   "%trunc_ln1144_1 = trunc i32 %l_1"   --->   Operation 182 'trunc' 'trunc_ln1144_1' <Predicate = true> <Delay = 0.00>

State 14 <SV = 13> <Delay = 6.00>
ST_14 : Operation 183 [1/1] (2.55ns)   --->   "%lsb_index = add i32 %sub_ln1145, i32 4294967272"   --->   Operation 183 'add' 'lsb_index' <Predicate = (!icmp_ln1136)> <Delay = 2.55> <CoreInst = "Adder">   --->   Core 1 'Adder' <Latency = 0> <II = 1> <Delay = 2.55> <FuncUnit> <Opcode : 'add' 'sub'> <InPorts = 2> <OutPorts = 1>
ST_14 : Operation 184 [1/1] (0.00ns)   --->   "%tmp_4 = partselect i31 @_ssdm_op_PartSelect.i31.i32.i32.i32, i32 %lsb_index, i32 1, i32 31"   --->   Operation 184 'partselect' 'tmp_4' <Predicate = (!icmp_ln1136)> <Delay = 0.00>
ST_14 : Operation 185 [1/1] (2.47ns)   --->   "%icmp_ln1147 = icmp_sgt  i31 %tmp_4, i31 0"   --->   Operation 185 'icmp' 'icmp_ln1147' <Predicate = (!icmp_ln1136)> <Delay = 2.47> <CoreInst = "Cmp">   --->   Core 9 'Cmp' <Latency = 0> <II = 1> <Delay = 2.47> <FuncUnit> <Opcode : 'icmp'> <InPorts = 2> <OutPorts = 1>
ST_14 : Operation 186 [1/1] (1.78ns)   --->   "%sub_ln1148 = sub i5 20, i5 %trunc_ln1148"   --->   Operation 186 'sub' 'sub_ln1148' <Predicate = (!icmp_ln1136)> <Delay = 1.78> <CoreInst = "Adder">   --->   Core 1 'Adder' <Latency = 0> <II = 1> <Delay = 1.78> <FuncUnit> <Opcode : 'add' 'sub'> <InPorts = 2> <OutPorts = 1>
ST_14 : Operation 187 [1/1] (0.00ns) (grouped into LUT with out node icmp_ln1148)   --->   "%zext_ln1148 = zext i5 %sub_ln1148"   --->   Operation 187 'zext' 'zext_ln1148' <Predicate = (!icmp_ln1136)> <Delay = 0.00>
ST_14 : Operation 188 [1/1] (0.00ns) (grouped into LUT with out node icmp_ln1148)   --->   "%lshr_ln1148 = lshr i27 134217727, i27 %zext_ln1148"   --->   Operation 188 'lshr' 'lshr_ln1148' <Predicate = (!icmp_ln1136)> <Delay = 0.00> <CoreInst = "Shifter">   --->   Core 75 'Shifter' <Latency = 0> <II = 1> <Delay = 2.66> <FuncUnit> <Opcode : 'shl' 'lshr' 'ashr'> <InPorts = 2> <OutPorts = 1>
ST_14 : Operation 189 [1/1] (0.00ns) (grouped into LUT with out node icmp_ln1148)   --->   "%p_Result_2 = and i27 %tmp_V_4, i27 %lshr_ln1148"   --->   Operation 189 'and' 'p_Result_2' <Predicate = (!icmp_ln1136)> <Delay = 0.00> <CoreInst = "LogicGate">   --->   Core 74 'LogicGate' <Latency = 0> <II = 1> <Delay = 1.00> <FuncUnit> <Opcode : 'and' 'or' 'xor'> <InPorts = 2> <OutPorts = 1>
ST_14 : Operation 190 [1/1] (2.66ns) (out node of the LUT)   --->   "%icmp_ln1148 = icmp_ne  i27 %p_Result_2, i27 0"   --->   Operation 190 'icmp' 'icmp_ln1148' <Predicate = (!icmp_ln1136)> <Delay = 2.66> <CoreInst = "Cmp">   --->   Core 9 'Cmp' <Latency = 0> <II = 1> <Delay = 2.45> <FuncUnit> <Opcode : 'icmp'> <InPorts = 2> <OutPorts = 1>
ST_14 : Operation 191 [1/1] (0.00ns) (grouped into LUT with out node or_ln1150_1)   --->   "%a = and i1 %icmp_ln1147, i1 %icmp_ln1148"   --->   Operation 191 'and' 'a' <Predicate = (!icmp_ln1136)> <Delay = 0.00> <CoreInst = "LogicGate">   --->   Core 74 'LogicGate' <Latency = 0> <II = 1> <Delay = 0.97> <FuncUnit> <Opcode : 'and' 'or' 'xor'> <InPorts = 2> <OutPorts = 1>
ST_14 : Operation 192 [1/1] (0.00ns) (grouped into LUT with out node or_ln1150_1)   --->   "%tmp_6 = bitselect i1 @_ssdm_op_BitSelect.i1.i32.i32, i32 %lsb_index, i32 31"   --->   Operation 192 'bitselect' 'tmp_6' <Predicate = (!icmp_ln1136)> <Delay = 0.00>
ST_14 : Operation 193 [1/1] (0.00ns) (grouped into LUT with out node or_ln1150_1)   --->   "%xor_ln1150 = xor i1 %tmp_6, i1 1"   --->   Operation 193 'xor' 'xor_ln1150' <Predicate = (!icmp_ln1136)> <Delay = 0.00> <CoreInst = "LogicGate">   --->   Core 74 'LogicGate' <Latency = 0> <II = 1> <Delay = 0.97> <FuncUnit> <Opcode : 'and' 'or' 'xor'> <InPorts = 2> <OutPorts = 1>
ST_14 : Operation 194 [1/1] (2.40ns)   --->   "%add_ln1150 = add i27 %trunc_ln1145, i27 134217704"   --->   Operation 194 'add' 'add_ln1150' <Predicate = (!icmp_ln1136)> <Delay = 2.40> <CoreInst = "Adder">   --->   Core 1 'Adder' <Latency = 0> <II = 1> <Delay = 2.40> <FuncUnit> <Opcode : 'add' 'sub'> <InPorts = 2> <OutPorts = 1>
ST_14 : Operation 195 [1/1] (0.00ns) (grouped into LUT with out node or_ln1150_1)   --->   "%p_Result_3 = bitselect i1 @_ssdm_op_BitSelect.i1.i27.i27, i27 %tmp_V_4, i27 %add_ln1150"   --->   Operation 195 'bitselect' 'p_Result_3' <Predicate = (!icmp_ln1136)> <Delay = 0.00>
ST_14 : Operation 196 [1/1] (0.00ns) (grouped into LUT with out node or_ln1150_1)   --->   "%and_ln1150 = and i1 %p_Result_3, i1 %xor_ln1150"   --->   Operation 196 'and' 'and_ln1150' <Predicate = (!icmp_ln1136)> <Delay = 0.00> <CoreInst = "LogicGate">   --->   Core 74 'LogicGate' <Latency = 0> <II = 1> <Delay = 0.97> <FuncUnit> <Opcode : 'and' 'or' 'xor'> <InPorts = 2> <OutPorts = 1>
ST_14 : Operation 197 [1/1] (0.00ns) (grouped into LUT with out node or_ln1150_1)   --->   "%or_ln1150 = or i1 %and_ln1150, i1 %a"   --->   Operation 197 'or' 'or_ln1150' <Predicate = (!icmp_ln1136)> <Delay = 0.00> <CoreInst = "LogicGate">   --->   Core 74 'LogicGate' <Latency = 0> <II = 1> <Delay = 0.97> <FuncUnit> <Opcode : 'and' 'or' 'xor'> <InPorts = 2> <OutPorts = 1>
ST_14 : Operation 198 [1/1] (0.97ns) (out node of the LUT)   --->   "%or_ln1150_1 = bitconcatenate i2 @_ssdm_op_BitConcatenate.i2.i1.i1, i1 0, i1 %or_ln1150"   --->   Operation 198 'bitconcatenate' 'or_ln1150_1' <Predicate = (!icmp_ln1136)> <Delay = 0.97>
ST_14 : Operation 199 [1/1] (2.47ns)   --->   "%icmp_ln1159 = icmp_sgt  i32 %lsb_index, i32 0"   --->   Operation 199 'icmp' 'icmp_ln1159' <Predicate = (!icmp_ln1136)> <Delay = 2.47> <CoreInst = "Cmp">   --->   Core 9 'Cmp' <Latency = 0> <II = 1> <Delay = 2.47> <FuncUnit> <Opcode : 'icmp'> <InPorts = 2> <OutPorts = 1>
ST_14 : Operation 200 [1/1] (2.55ns)   --->   "%lsb_index_1 = add i32 %sub_ln1145_1, i32 4294967272"   --->   Operation 200 'add' 'lsb_index_1' <Predicate = (!icmp_ln1136_1)> <Delay = 2.55> <CoreInst = "Adder">   --->   Core 1 'Adder' <Latency = 0> <II = 1> <Delay = 2.55> <FuncUnit> <Opcode : 'add' 'sub'> <InPorts = 2> <OutPorts = 1>
ST_14 : Operation 201 [1/1] (0.00ns)   --->   "%tmp_10 = partselect i31 @_ssdm_op_PartSelect.i31.i32.i32.i32, i32 %lsb_index_1, i32 1, i32 31"   --->   Operation 201 'partselect' 'tmp_10' <Predicate = (!icmp_ln1136_1)> <Delay = 0.00>
ST_14 : Operation 202 [1/1] (2.47ns)   --->   "%icmp_ln1147_1 = icmp_sgt  i31 %tmp_10, i31 0"   --->   Operation 202 'icmp' 'icmp_ln1147_1' <Predicate = (!icmp_ln1136_1)> <Delay = 2.47> <CoreInst = "Cmp">   --->   Core 9 'Cmp' <Latency = 0> <II = 1> <Delay = 2.47> <FuncUnit> <Opcode : 'icmp'> <InPorts = 2> <OutPorts = 1>
ST_14 : Operation 203 [1/1] (1.78ns)   --->   "%sub_ln1148_1 = sub i5 20, i5 %trunc_ln1148_1"   --->   Operation 203 'sub' 'sub_ln1148_1' <Predicate = (!icmp_ln1136_1)> <Delay = 1.78> <CoreInst = "Adder">   --->   Core 1 'Adder' <Latency = 0> <II = 1> <Delay = 1.78> <FuncUnit> <Opcode : 'add' 'sub'> <InPorts = 2> <OutPorts = 1>
ST_14 : Operation 204 [1/1] (0.00ns) (grouped into LUT with out node icmp_ln1148_1)   --->   "%zext_ln1148_1 = zext i5 %sub_ln1148_1"   --->   Operation 204 'zext' 'zext_ln1148_1' <Predicate = (!icmp_ln1136_1)> <Delay = 0.00>
ST_14 : Operation 205 [1/1] (0.00ns) (grouped into LUT with out node icmp_ln1148_1)   --->   "%lshr_ln1148_1 = lshr i27 134217727, i27 %zext_ln1148_1"   --->   Operation 205 'lshr' 'lshr_ln1148_1' <Predicate = (!icmp_ln1136_1)> <Delay = 0.00> <CoreInst = "Shifter">   --->   Core 75 'Shifter' <Latency = 0> <II = 1> <Delay = 2.66> <FuncUnit> <Opcode : 'shl' 'lshr' 'ashr'> <InPorts = 2> <OutPorts = 1>
ST_14 : Operation 206 [1/1] (0.00ns) (grouped into LUT with out node icmp_ln1148_1)   --->   "%p_Result_9 = and i27 %tmp_V_5, i27 %lshr_ln1148_1"   --->   Operation 206 'and' 'p_Result_9' <Predicate = (!icmp_ln1136_1)> <Delay = 0.00> <CoreInst = "LogicGate">   --->   Core 74 'LogicGate' <Latency = 0> <II = 1> <Delay = 1.00> <FuncUnit> <Opcode : 'and' 'or' 'xor'> <InPorts = 2> <OutPorts = 1>
ST_14 : Operation 207 [1/1] (2.66ns) (out node of the LUT)   --->   "%icmp_ln1148_1 = icmp_ne  i27 %p_Result_9, i27 0"   --->   Operation 207 'icmp' 'icmp_ln1148_1' <Predicate = (!icmp_ln1136_1)> <Delay = 2.66> <CoreInst = "Cmp">   --->   Core 9 'Cmp' <Latency = 0> <II = 1> <Delay = 2.45> <FuncUnit> <Opcode : 'icmp'> <InPorts = 2> <OutPorts = 1>
ST_14 : Operation 208 [1/1] (0.00ns) (grouped into LUT with out node or_ln1150_3)   --->   "%a_1 = and i1 %icmp_ln1147_1, i1 %icmp_ln1148_1"   --->   Operation 208 'and' 'a_1' <Predicate = (!icmp_ln1136_1)> <Delay = 0.00> <CoreInst = "LogicGate">   --->   Core 74 'LogicGate' <Latency = 0> <II = 1> <Delay = 0.97> <FuncUnit> <Opcode : 'and' 'or' 'xor'> <InPorts = 2> <OutPorts = 1>
ST_14 : Operation 209 [1/1] (0.00ns) (grouped into LUT with out node or_ln1150_3)   --->   "%tmp_11 = bitselect i1 @_ssdm_op_BitSelect.i1.i32.i32, i32 %lsb_index_1, i32 31"   --->   Operation 209 'bitselect' 'tmp_11' <Predicate = (!icmp_ln1136_1)> <Delay = 0.00>
ST_14 : Operation 210 [1/1] (0.00ns) (grouped into LUT with out node or_ln1150_3)   --->   "%xor_ln1150_1 = xor i1 %tmp_11, i1 1"   --->   Operation 210 'xor' 'xor_ln1150_1' <Predicate = (!icmp_ln1136_1)> <Delay = 0.00> <CoreInst = "LogicGate">   --->   Core 74 'LogicGate' <Latency = 0> <II = 1> <Delay = 0.97> <FuncUnit> <Opcode : 'and' 'or' 'xor'> <InPorts = 2> <OutPorts = 1>
ST_14 : Operation 211 [1/1] (2.40ns)   --->   "%add_ln1150_1 = add i27 %trunc_ln1145_1, i27 134217704"   --->   Operation 211 'add' 'add_ln1150_1' <Predicate = (!icmp_ln1136_1)> <Delay = 2.40> <CoreInst = "Adder">   --->   Core 1 'Adder' <Latency = 0> <II = 1> <Delay = 2.40> <FuncUnit> <Opcode : 'add' 'sub'> <InPorts = 2> <OutPorts = 1>
ST_14 : Operation 212 [1/1] (0.00ns) (grouped into LUT with out node or_ln1150_3)   --->   "%p_Result_10 = bitselect i1 @_ssdm_op_BitSelect.i1.i27.i27, i27 %tmp_V_5, i27 %add_ln1150_1"   --->   Operation 212 'bitselect' 'p_Result_10' <Predicate = (!icmp_ln1136_1)> <Delay = 0.00>
ST_14 : Operation 213 [1/1] (0.00ns) (grouped into LUT with out node or_ln1150_3)   --->   "%and_ln1150_1 = and i1 %p_Result_10, i1 %xor_ln1150_1"   --->   Operation 213 'and' 'and_ln1150_1' <Predicate = (!icmp_ln1136_1)> <Delay = 0.00> <CoreInst = "LogicGate">   --->   Core 74 'LogicGate' <Latency = 0> <II = 1> <Delay = 0.97> <FuncUnit> <Opcode : 'and' 'or' 'xor'> <InPorts = 2> <OutPorts = 1>
ST_14 : Operation 214 [1/1] (0.00ns) (grouped into LUT with out node or_ln1150_3)   --->   "%or_ln1150_2 = or i1 %and_ln1150_1, i1 %a_1"   --->   Operation 214 'or' 'or_ln1150_2' <Predicate = (!icmp_ln1136_1)> <Delay = 0.00> <CoreInst = "LogicGate">   --->   Core 74 'LogicGate' <Latency = 0> <II = 1> <Delay = 0.97> <FuncUnit> <Opcode : 'and' 'or' 'xor'> <InPorts = 2> <OutPorts = 1>
ST_14 : Operation 215 [1/1] (0.97ns) (out node of the LUT)   --->   "%or_ln1150_3 = bitconcatenate i2 @_ssdm_op_BitConcatenate.i2.i1.i1, i1 0, i1 %or_ln1150_2"   --->   Operation 215 'bitconcatenate' 'or_ln1150_3' <Predicate = (!icmp_ln1136_1)> <Delay = 0.97>
ST_14 : Operation 216 [1/1] (2.47ns)   --->   "%icmp_ln1159_1 = icmp_sgt  i32 %lsb_index_1, i32 0"   --->   Operation 216 'icmp' 'icmp_ln1159_1' <Predicate = (!icmp_ln1136_1)> <Delay = 2.47> <CoreInst = "Cmp">   --->   Core 9 'Cmp' <Latency = 0> <II = 1> <Delay = 2.47> <FuncUnit> <Opcode : 'icmp'> <InPorts = 2> <OutPorts = 1>

State 15 <SV = 14> <Delay = 6.97>
ST_15 : Operation 217 [1/1] (0.00ns)   --->   "%zext_ln1158 = zext i27 %tmp_V_4"   --->   Operation 217 'zext' 'zext_ln1158' <Predicate = (!icmp_ln1136)> <Delay = 0.00>
ST_15 : Operation 218 [1/1] (2.55ns)   --->   "%add_ln1159 = add i32 %sub_ln1145, i32 4294967271"   --->   Operation 218 'add' 'add_ln1159' <Predicate = (!icmp_ln1136 & icmp_ln1159)> <Delay = 2.55> <CoreInst = "Adder">   --->   Core 1 'Adder' <Latency = 0> <II = 1> <Delay = 2.55> <FuncUnit> <Opcode : 'add' 'sub'> <InPorts = 2> <OutPorts = 1>
ST_15 : Operation 219 [1/1] (0.00ns) (grouped into LUT with out node m_2)   --->   "%zext_ln1159 = zext i32 %add_ln1159"   --->   Operation 219 'zext' 'zext_ln1159' <Predicate = (!icmp_ln1136 & icmp_ln1159)> <Delay = 0.00>
ST_15 : Operation 220 [1/1] (0.00ns) (grouped into LUT with out node m_2)   --->   "%lshr_ln1159 = lshr i64 %zext_ln1158, i64 %zext_ln1159"   --->   Operation 220 'lshr' 'lshr_ln1159' <Predicate = (!icmp_ln1136 & icmp_ln1159)> <Delay = 0.00> <CoreInst = "Shifter">   --->   Core 75 'Shifter' <Latency = 0> <II = 1> <Delay = 4.42> <FuncUnit> <Opcode : 'shl' 'lshr' 'ashr'> <InPorts = 2> <OutPorts = 1>
ST_15 : Operation 221 [1/1] (2.55ns)   --->   "%sub_ln1160 = sub i32 25, i32 %sub_ln1145"   --->   Operation 221 'sub' 'sub_ln1160' <Predicate = (!icmp_ln1136 & !icmp_ln1159)> <Delay = 2.55> <CoreInst = "Adder">   --->   Core 1 'Adder' <Latency = 0> <II = 1> <Delay = 2.55> <FuncUnit> <Opcode : 'add' 'sub'> <InPorts = 2> <OutPorts = 1>
ST_15 : Operation 222 [1/1] (0.00ns) (grouped into LUT with out node m_2)   --->   "%zext_ln1160 = zext i32 %sub_ln1160"   --->   Operation 222 'zext' 'zext_ln1160' <Predicate = (!icmp_ln1136 & !icmp_ln1159)> <Delay = 0.00>
ST_15 : Operation 223 [1/1] (0.00ns) (grouped into LUT with out node m_2)   --->   "%shl_ln1160 = shl i64 %zext_ln1158, i64 %zext_ln1160"   --->   Operation 223 'shl' 'shl_ln1160' <Predicate = (!icmp_ln1136 & !icmp_ln1159)> <Delay = 0.00> <CoreInst = "Shifter">   --->   Core 75 'Shifter' <Latency = 0> <II = 1> <Delay = 4.42> <FuncUnit> <Opcode : 'shl' 'lshr' 'ashr'> <InPorts = 2> <OutPorts = 1>
ST_15 : Operation 224 [1/1] (0.00ns) (grouped into LUT with out node m_2)   --->   "%m_1 = select i1 %icmp_ln1159, i64 %lshr_ln1159, i64 %shl_ln1160"   --->   Operation 224 'select' 'm_1' <Predicate = (!icmp_ln1136)> <Delay = 0.00> <CoreInst = "Sel">   --->   Core 73 'Sel' <Latency = 0> <II = 1> <Delay = 1.48> <FuncUnit> <Opcode : 'select'> <InPorts = 3> <OutPorts = 1>
ST_15 : Operation 225 [1/1] (0.00ns) (grouped into LUT with out node m_2)   --->   "%zext_ln1162 = zext i2 %or_ln1150_1"   --->   Operation 225 'zext' 'zext_ln1162' <Predicate = (!icmp_ln1136)> <Delay = 0.00>
ST_15 : Operation 226 [1/1] (4.42ns) (out node of the LUT)   --->   "%m_2 = add i64 %m_1, i64 %zext_ln1162"   --->   Operation 226 'add' 'm_2' <Predicate = (!icmp_ln1136)> <Delay = 4.42> <CoreInst = "Adder">   --->   Core 1 'Adder' <Latency = 0> <II = 1> <Delay = 3.52> <FuncUnit> <Opcode : 'add' 'sub'> <InPorts = 2> <OutPorts = 1>
ST_15 : Operation 227 [1/1] (0.00ns)   --->   "%m = partselect i63 @_ssdm_op_PartSelect.i63.i64.i32.i32, i64 %m_2, i32 1, i32 63"   --->   Operation 227 'partselect' 'm' <Predicate = (!icmp_ln1136)> <Delay = 0.00>
ST_15 : Operation 228 [1/1] (0.00ns)   --->   "%p_Result_4 = bitselect i1 @_ssdm_op_BitSelect.i1.i64.i32, i64 %m_2, i32 25"   --->   Operation 228 'bitselect' 'p_Result_4' <Predicate = (!icmp_ln1136)> <Delay = 0.00>
ST_15 : Operation 229 [1/1] (0.00ns)   --->   "%zext_ln1158_1 = zext i27 %tmp_V_5"   --->   Operation 229 'zext' 'zext_ln1158_1' <Predicate = (!icmp_ln1136_1)> <Delay = 0.00>
ST_15 : Operation 230 [1/1] (2.55ns)   --->   "%add_ln1159_1 = add i32 %sub_ln1145_1, i32 4294967271"   --->   Operation 230 'add' 'add_ln1159_1' <Predicate = (!icmp_ln1136_1 & icmp_ln1159_1)> <Delay = 2.55> <CoreInst = "Adder">   --->   Core 1 'Adder' <Latency = 0> <II = 1> <Delay = 2.55> <FuncUnit> <Opcode : 'add' 'sub'> <InPorts = 2> <OutPorts = 1>
ST_15 : Operation 231 [1/1] (0.00ns) (grouped into LUT with out node m_7)   --->   "%zext_ln1159_1 = zext i32 %add_ln1159_1"   --->   Operation 231 'zext' 'zext_ln1159_1' <Predicate = (!icmp_ln1136_1 & icmp_ln1159_1)> <Delay = 0.00>
ST_15 : Operation 232 [1/1] (0.00ns) (grouped into LUT with out node m_7)   --->   "%lshr_ln1159_1 = lshr i64 %zext_ln1158_1, i64 %zext_ln1159_1"   --->   Operation 232 'lshr' 'lshr_ln1159_1' <Predicate = (!icmp_ln1136_1 & icmp_ln1159_1)> <Delay = 0.00> <CoreInst = "Shifter">   --->   Core 75 'Shifter' <Latency = 0> <II = 1> <Delay = 4.42> <FuncUnit> <Opcode : 'shl' 'lshr' 'ashr'> <InPorts = 2> <OutPorts = 1>
ST_15 : Operation 233 [1/1] (2.55ns)   --->   "%sub_ln1160_1 = sub i32 25, i32 %sub_ln1145_1"   --->   Operation 233 'sub' 'sub_ln1160_1' <Predicate = (!icmp_ln1136_1 & !icmp_ln1159_1)> <Delay = 2.55> <CoreInst = "Adder">   --->   Core 1 'Adder' <Latency = 0> <II = 1> <Delay = 2.55> <FuncUnit> <Opcode : 'add' 'sub'> <InPorts = 2> <OutPorts = 1>
ST_15 : Operation 234 [1/1] (0.00ns) (grouped into LUT with out node m_7)   --->   "%zext_ln1160_1 = zext i32 %sub_ln1160_1"   --->   Operation 234 'zext' 'zext_ln1160_1' <Predicate = (!icmp_ln1136_1 & !icmp_ln1159_1)> <Delay = 0.00>
ST_15 : Operation 235 [1/1] (0.00ns) (grouped into LUT with out node m_7)   --->   "%shl_ln1160_1 = shl i64 %zext_ln1158_1, i64 %zext_ln1160_1"   --->   Operation 235 'shl' 'shl_ln1160_1' <Predicate = (!icmp_ln1136_1 & !icmp_ln1159_1)> <Delay = 0.00> <CoreInst = "Shifter">   --->   Core 75 'Shifter' <Latency = 0> <II = 1> <Delay = 4.42> <FuncUnit> <Opcode : 'shl' 'lshr' 'ashr'> <InPorts = 2> <OutPorts = 1>
ST_15 : Operation 236 [1/1] (0.00ns) (grouped into LUT with out node m_7)   --->   "%m_6 = select i1 %icmp_ln1159_1, i64 %lshr_ln1159_1, i64 %shl_ln1160_1"   --->   Operation 236 'select' 'm_6' <Predicate = (!icmp_ln1136_1)> <Delay = 0.00> <CoreInst = "Sel">   --->   Core 73 'Sel' <Latency = 0> <II = 1> <Delay = 1.48> <FuncUnit> <Opcode : 'select'> <InPorts = 3> <OutPorts = 1>
ST_15 : Operation 237 [1/1] (0.00ns) (grouped into LUT with out node m_7)   --->   "%zext_ln1162_1 = zext i2 %or_ln1150_3"   --->   Operation 237 'zext' 'zext_ln1162_1' <Predicate = (!icmp_ln1136_1)> <Delay = 0.00>
ST_15 : Operation 238 [1/1] (4.42ns) (out node of the LUT)   --->   "%m_7 = add i64 %m_6, i64 %zext_ln1162_1"   --->   Operation 238 'add' 'm_7' <Predicate = (!icmp_ln1136_1)> <Delay = 4.42> <CoreInst = "Adder">   --->   Core 1 'Adder' <Latency = 0> <II = 1> <Delay = 3.52> <FuncUnit> <Opcode : 'add' 'sub'> <InPorts = 2> <OutPorts = 1>
ST_15 : Operation 239 [1/1] (0.00ns)   --->   "%m_10 = partselect i63 @_ssdm_op_PartSelect.i63.i64.i32.i32, i64 %m_7, i32 1, i32 63"   --->   Operation 239 'partselect' 'm_10' <Predicate = (!icmp_ln1136_1)> <Delay = 0.00>
ST_15 : Operation 240 [1/1] (0.00ns)   --->   "%p_Result_11 = bitselect i1 @_ssdm_op_BitSelect.i1.i64.i32, i64 %m_7, i32 25"   --->   Operation 240 'bitselect' 'p_Result_11' <Predicate = (!icmp_ln1136_1)> <Delay = 0.00>

State 16 <SV = 15> <Delay = 4.91>
ST_16 : Operation 241 [1/1] (0.00ns)   --->   "%zext_ln1163 = zext i63 %m"   --->   Operation 241 'zext' 'zext_ln1163' <Predicate = (!icmp_ln1136)> <Delay = 0.00>
ST_16 : Operation 242 [1/1] (1.24ns)   --->   "%select_ln1144 = select i1 %p_Result_4, i8 127, i8 126"   --->   Operation 242 'select' 'select_ln1144' <Predicate = (!icmp_ln1136)> <Delay = 1.24> <CoreInst = "Sel">   --->   Core 73 'Sel' <Latency = 0> <II = 1> <Delay = 1.24> <FuncUnit> <Opcode : 'select'> <InPorts = 3> <OutPorts = 1>
ST_16 : Operation 243 [1/1] (0.00ns) (grouped into TernaryAdder)   --->   "%sub_ln1165 = sub i8 9, i8 %trunc_ln1144"   --->   Operation 243 'sub' 'sub_ln1165' <Predicate = (!icmp_ln1136)> <Delay = 0.00> <CoreInst = "TAddSub">   --->   Core 10 'TAddSub' <Latency = 0> <II = 1> <Delay = 1.83> <IPBlock> <Opcode : 'add' 'sub'> <InPorts = 3> <OutPorts = 1> <Sync> <CReg>
ST_16 : Operation 244 [1/1] (3.66ns) (root node of TernaryAdder)   --->   "%add_ln1170 = add i8 %sub_ln1165, i8 %select_ln1144"   --->   Operation 244 'add' 'add_ln1170' <Predicate = (!icmp_ln1136)> <Delay = 3.66> <CoreInst = "TAddSub">   --->   Core 10 'TAddSub' <Latency = 0> <II = 1> <Delay = 1.83> <IPBlock> <Opcode : 'add' 'sub'> <InPorts = 3> <OutPorts = 1> <Sync> <CReg>
ST_16 : Operation 245 [1/1] (0.00ns)   --->   "%tmp_5 = bitconcatenate i9 @_ssdm_op_BitConcatenate.i9.i1.i8, i1 %p_Result_17, i8 %add_ln1170"   --->   Operation 245 'bitconcatenate' 'tmp_5' <Predicate = (!icmp_ln1136)> <Delay = 0.00>
ST_16 : Operation 246 [1/1] (0.00ns)   --->   "%p_Result_19 = partset i64 @_ssdm_op_PartSet.i64.i64.i9.i32.i32, i64 %zext_ln1163, i9 %tmp_5, i32 23, i32 31"   --->   Operation 246 'partset' 'p_Result_19' <Predicate = (!icmp_ln1136)> <Delay = 0.00>
ST_16 : Operation 247 [1/1] (0.00ns)   --->   "%LD_2 = trunc i64 %p_Result_19"   --->   Operation 247 'trunc' 'LD_2' <Predicate = (!icmp_ln1136)> <Delay = 0.00>
ST_16 : Operation 248 [1/1] (0.00ns)   --->   "%zext_ln1163_1 = zext i63 %m_10"   --->   Operation 248 'zext' 'zext_ln1163_1' <Predicate = (!icmp_ln1136_1)> <Delay = 0.00>
ST_16 : Operation 249 [1/1] (1.24ns)   --->   "%select_ln1144_1 = select i1 %p_Result_11, i8 127, i8 126"   --->   Operation 249 'select' 'select_ln1144_1' <Predicate = (!icmp_ln1136_1)> <Delay = 1.24> <CoreInst = "Sel">   --->   Core 73 'Sel' <Latency = 0> <II = 1> <Delay = 1.24> <FuncUnit> <Opcode : 'select'> <InPorts = 3> <OutPorts = 1>
ST_16 : Operation 250 [1/1] (0.00ns) (grouped into TernaryAdder)   --->   "%sub_ln1165_1 = sub i8 9, i8 %trunc_ln1144_1"   --->   Operation 250 'sub' 'sub_ln1165_1' <Predicate = (!icmp_ln1136_1)> <Delay = 0.00> <CoreInst = "TAddSub">   --->   Core 10 'TAddSub' <Latency = 0> <II = 1> <Delay = 1.83> <IPBlock> <Opcode : 'add' 'sub'> <InPorts = 3> <OutPorts = 1> <Sync> <CReg>
ST_16 : Operation 251 [1/1] (3.66ns) (root node of TernaryAdder)   --->   "%add_ln1170_1 = add i8 %sub_ln1165_1, i8 %select_ln1144_1"   --->   Operation 251 'add' 'add_ln1170_1' <Predicate = (!icmp_ln1136_1)> <Delay = 3.66> <CoreInst = "TAddSub">   --->   Core 10 'TAddSub' <Latency = 0> <II = 1> <Delay = 1.83> <IPBlock> <Opcode : 'add' 'sub'> <InPorts = 3> <OutPorts = 1> <Sync> <CReg>
ST_16 : Operation 252 [1/1] (0.00ns)   --->   "%tmp_7 = bitconcatenate i9 @_ssdm_op_BitConcatenate.i9.i1.i8, i1 %p_Result_20, i8 %add_ln1170_1"   --->   Operation 252 'bitconcatenate' 'tmp_7' <Predicate = (!icmp_ln1136_1)> <Delay = 0.00>
ST_16 : Operation 253 [1/1] (0.00ns)   --->   "%p_Result_22 = partset i64 @_ssdm_op_PartSet.i64.i64.i9.i32.i32, i64 %zext_ln1163_1, i9 %tmp_7, i32 23, i32 31"   --->   Operation 253 'partset' 'p_Result_22' <Predicate = (!icmp_ln1136_1)> <Delay = 0.00>
ST_16 : Operation 254 [1/1] (0.00ns)   --->   "%LD_3 = trunc i64 %p_Result_22"   --->   Operation 254 'trunc' 'LD_3' <Predicate = (!icmp_ln1136_1)> <Delay = 0.00>

State 17 <SV = 16> <Delay = 5.70>
ST_17 : Operation 255 [1/1] (0.00ns)   --->   "%bitcast_ln810 = bitcast i32 %LD_2"   --->   Operation 255 'bitcast' 'bitcast_ln810' <Predicate = (!icmp_ln1136)> <Delay = 0.00>
ST_17 : Operation 256 [4/4] (5.70ns)   --->   "%phitmp = fmul i32 %bitcast_ln810, i32 2048"   --->   Operation 256 'fmul' 'phitmp' <Predicate = (!icmp_ln1136)> <Delay = 5.70> <CoreInst = "FMul_maxdsp">   --->   Core 30 'FMul_maxdsp' <Latency = 3> <II = 1> <Delay = 5.70> <FuncUnit> <Opcode : 'fmul'> <InPorts = 2> <OutPorts = 1>
ST_17 : Operation 257 [1/1] (0.00ns)   --->   "%bitcast_ln810_1 = bitcast i32 %LD_3"   --->   Operation 257 'bitcast' 'bitcast_ln810_1' <Predicate = (!icmp_ln1136_1)> <Delay = 0.00>
ST_17 : Operation 258 [4/4] (5.70ns)   --->   "%phitmp9 = fmul i32 %bitcast_ln810_1, i32 2048"   --->   Operation 258 'fmul' 'phitmp9' <Predicate = (!icmp_ln1136_1)> <Delay = 5.70> <CoreInst = "FMul_maxdsp">   --->   Core 30 'FMul_maxdsp' <Latency = 3> <II = 1> <Delay = 5.70> <FuncUnit> <Opcode : 'fmul'> <InPorts = 2> <OutPorts = 1>

State 18 <SV = 17> <Delay = 5.70>
ST_18 : Operation 259 [3/4] (5.70ns)   --->   "%phitmp = fmul i32 %bitcast_ln810, i32 2048"   --->   Operation 259 'fmul' 'phitmp' <Predicate = (!icmp_ln1136)> <Delay = 5.70> <CoreInst = "FMul_maxdsp">   --->   Core 30 'FMul_maxdsp' <Latency = 3> <II = 1> <Delay = 5.70> <FuncUnit> <Opcode : 'fmul'> <InPorts = 2> <OutPorts = 1>
ST_18 : Operation 260 [3/4] (5.70ns)   --->   "%phitmp9 = fmul i32 %bitcast_ln810_1, i32 2048"   --->   Operation 260 'fmul' 'phitmp9' <Predicate = (!icmp_ln1136_1)> <Delay = 5.70> <CoreInst = "FMul_maxdsp">   --->   Core 30 'FMul_maxdsp' <Latency = 3> <II = 1> <Delay = 5.70> <FuncUnit> <Opcode : 'fmul'> <InPorts = 2> <OutPorts = 1>

State 19 <SV = 18> <Delay = 5.70>
ST_19 : Operation 261 [2/4] (5.70ns)   --->   "%phitmp = fmul i32 %bitcast_ln810, i32 2048"   --->   Operation 261 'fmul' 'phitmp' <Predicate = (!icmp_ln1136)> <Delay = 5.70> <CoreInst = "FMul_maxdsp">   --->   Core 30 'FMul_maxdsp' <Latency = 3> <II = 1> <Delay = 5.70> <FuncUnit> <Opcode : 'fmul'> <InPorts = 2> <OutPorts = 1>
ST_19 : Operation 262 [2/4] (5.70ns)   --->   "%phitmp9 = fmul i32 %bitcast_ln810_1, i32 2048"   --->   Operation 262 'fmul' 'phitmp9' <Predicate = (!icmp_ln1136_1)> <Delay = 5.70> <CoreInst = "FMul_maxdsp">   --->   Core 30 'FMul_maxdsp' <Latency = 3> <II = 1> <Delay = 5.70> <FuncUnit> <Opcode : 'fmul'> <InPorts = 2> <OutPorts = 1>
ST_19 : Operation 273 [1/1] (0.00ns)   --->   "%ret_ln0 = ret"   --->   Operation 273 'ret' 'ret_ln0' <Predicate = (icmp_ln48)> <Delay = 0.00>

State 20 <SV = 19> <Delay = 6.40>
ST_20 : Operation 263 [1/1] (0.00ns)   --->   "%specloopname_ln0 = specloopname void @_ssdm_op_SpecLoopName, void @empty_4"   --->   Operation 263 'specloopname' 'specloopname_ln0' <Predicate = true> <Delay = 0.00>
ST_20 : Operation 264 [1/4] (5.70ns)   --->   "%phitmp = fmul i32 %bitcast_ln810, i32 2048"   --->   Operation 264 'fmul' 'phitmp' <Predicate = (!icmp_ln1136)> <Delay = 5.70> <CoreInst = "FMul_maxdsp">   --->   Core 30 'FMul_maxdsp' <Latency = 3> <II = 1> <Delay = 5.70> <FuncUnit> <Opcode : 'fmul'> <InPorts = 2> <OutPorts = 1>
ST_20 : Operation 265 [1/4] (5.70ns)   --->   "%phitmp9 = fmul i32 %bitcast_ln810_1, i32 2048"   --->   Operation 265 'fmul' 'phitmp9' <Predicate = (!icmp_ln1136_1)> <Delay = 5.70> <CoreInst = "FMul_maxdsp">   --->   Core 30 'FMul_maxdsp' <Latency = 3> <II = 1> <Delay = 5.70> <FuncUnit> <Opcode : 'fmul'> <InPorts = 2> <OutPorts = 1>
ST_20 : Operation 266 [1/1] (0.00ns)   --->   "%bitcast_ln304 = bitcast i32 %phitmp"   --->   Operation 266 'bitcast' 'bitcast_ln304' <Predicate = (!icmp_ln1136)> <Delay = 0.00>
ST_20 : Operation 267 [1/1] (0.69ns)   --->   "%select_ln304 = select i1 %icmp_ln1136, i32 0, i32 %bitcast_ln304"   --->   Operation 267 'select' 'select_ln304' <Predicate = true> <Delay = 0.69> <CoreInst = "Sel">   --->   Core 73 'Sel' <Latency = 0> <II = 1> <Delay = 0.69> <FuncUnit> <Opcode : 'select'> <InPorts = 3> <OutPorts = 1>
ST_20 : Operation 268 [1/1] (0.00ns)   --->   "%bitcast_ln304_1 = bitcast i32 %phitmp9"   --->   Operation 268 'bitcast' 'bitcast_ln304_1' <Predicate = (!icmp_ln1136_1)> <Delay = 0.00>
ST_20 : Operation 269 [1/1] (0.69ns)   --->   "%select_ln304_1 = select i1 %icmp_ln1136_1, i32 0, i32 %bitcast_ln304_1"   --->   Operation 269 'select' 'select_ln304_1' <Predicate = true> <Delay = 0.69> <CoreInst = "Sel">   --->   Core 73 'Sel' <Latency = 0> <II = 1> <Delay = 0.69> <FuncUnit> <Opcode : 'select'> <InPorts = 3> <OutPorts = 1>
ST_20 : Operation 270 [1/1] (0.00ns)   --->   "%p_0 = bitconcatenate i64 @_ssdm_op_BitConcatenate.i64.i32.i32, i32 %select_ln304_1, i32 %select_ln304"   --->   Operation 270 'bitconcatenate' 'p_0' <Predicate = true> <Delay = 0.00>
ST_20 : Operation 271 [1/1] (0.00ns)   --->   "%write_ln304 = write void @_ssdm_op_Write.axis.volatile.i64P0A.i8P0A.i8P0A.i1P0A, i64 %output_r_V_data_V, i8 %output_r_V_keep_V, i8 %output_r_V_strb_V, i1 %output_r_V_last_V, i64 %p_0, i8 255, i8 0, i1 %tmp_last_V"   --->   Operation 271 'write' 'write_ln304' <Predicate = true> <Delay = 0.00> <CoreInst = "axis">   --->   Core 115 'axis' <Latency = 0> <II = 1> <Delay = 1.00> <Adapter> <Opcode : >
ST_20 : Operation 272 [1/1] (0.00ns)   --->   "%br_ln48 = br void %for.body31" [mult_project_wlo/mul.cpp:48]   --->   Operation 272 'br' 'br_ln48' <Predicate = true> <Delay = 0.00>


============================================================
+ Verbose Summary: Timing violations
============================================================
Target clock period: 10ns, clock uncertainty: 2.7ns.

 <State 1>: 3.47ns
The critical path consists of the following:
	'alloca' operation ('i') [11]  (0 ns)
	'load' operation ('i', mult_project_wlo/mul.cpp:48) on local variable 'i' [23]  (0 ns)
	'add' operation ('add_ln48', mult_project_wlo/mul.cpp:48) [27]  (1.64 ns)
	'store' operation ('store_ln48', mult_project_wlo/mul.cpp:48) of variable 'add_ln48', mult_project_wlo/mul.cpp:48 on local variable 'i' [245]  (1.59 ns)
	blocking operation 0.241 ns on control path)

 <State 2>: 5.7ns
The critical path consists of the following:
	'fmul' operation ('v', mult_project_wlo/mul.cpp:51) [38]  (5.7 ns)

 <State 3>: 5.7ns
The critical path consists of the following:
	'fmul' operation ('v', mult_project_wlo/mul.cpp:51) [38]  (5.7 ns)

 <State 4>: 5.7ns
The critical path consists of the following:
	'fmul' operation ('v', mult_project_wlo/mul.cpp:51) [38]  (5.7 ns)

 <State 5>: 5.7ns
The critical path consists of the following:
	'fmul' operation ('v', mult_project_wlo/mul.cpp:51) [38]  (5.7 ns)

 <State 6>: 4.44ns
The critical path consists of the following:
	'fpext' operation ('d') [39]  (4.44 ns)

 <State 7>: 7.22ns
The critical path consists of the following:
	'fpext' operation ('d') [39]  (4.44 ns)
	'icmp' operation ('icmp_ln606') [50]  (2.79 ns)

 <State 8>: 4.51ns
The critical path consists of the following:
	'sub' operation ('F2') [51]  (1.55 ns)
	'icmp' operation ('icmp_ln616') [52]  (1.99 ns)
	'and' operation ('and_ln616') [76]  (0.978 ns)

 <State 9>: 6.28ns
The critical path consists of the following:
	'icmp' operation ('icmp_ln638') [67]  (1.99 ns)
	'select' operation ('select_ln638') [70]  (0 ns)
	'select' operation ('select_ln617') [73]  (4.29 ns)

 <State 10>: 5.41ns
The critical path consists of the following:
	'ashr' operation ('ashr_ln621') [61]  (0 ns)
	'select' operation ('select_ln620') [66]  (0 ns)
	'select' operation ('select_ln616') [77]  (4.61 ns)
	'select' operation ('in_re.V') [78]  (0.803 ns)

 <State 11>: 7.18ns
The critical path consists of the following:
	'mul' operation ('mul_ln859') [130]  (7.18 ns)

 <State 12>: 3.02ns
The critical path consists of the following:
	'sub' operation ('ret.V') [132]  (3.02 ns)

 <State 13>: 5.76ns
The critical path consists of the following:
	'sub' operation ('tmp.V') [140]  (2.4 ns)
	'select' operation ('tmp.V') [141]  (0.803 ns)
	'cttz' operation ('l') [145]  (0 ns)
	'sub' operation ('sub_ln1145') [146]  (2.55 ns)

 <State 14>: 6ns
The critical path consists of the following:
	'add' operation ('lsb_index') [148]  (2.55 ns)
	'icmp' operation ('icmp_ln1147') [150]  (2.47 ns)
	'and' operation ('a') [157]  (0 ns)
	'or' operation ('or_ln1150') [163]  (0 ns)
	blocking operation 0.978 ns on control path)

 <State 15>: 6.97ns
The critical path consists of the following:
	'add' operation ('add_ln1159') [167]  (2.55 ns)
	'lshr' operation ('lshr_ln1159') [169]  (0 ns)
	'select' operation ('m') [173]  (0 ns)
	'add' operation ('m') [175]  (4.42 ns)

 <State 16>: 4.92ns
The critical path consists of the following:
	'select' operation ('select_ln1144') [179]  (1.25 ns)
	'add' operation ('add_ln1170') [182]  (3.67 ns)

 <State 17>: 5.7ns
The critical path consists of the following:
	'fmul' operation ('phitmp') [187]  (5.7 ns)

 <State 18>: 5.7ns
The critical path consists of the following:
	'fmul' operation ('phitmp') [187]  (5.7 ns)

 <State 19>: 5.7ns
The critical path consists of the following:
	'fmul' operation ('phitmp') [187]  (5.7 ns)

 <State 20>: 6.4ns
The critical path consists of the following:
	'fmul' operation ('phitmp') [187]  (5.7 ns)
	'select' operation ('select_ln304') [240]  (0.698 ns)


============================================================
+ Verbose Summary: Binding
============================================================
N/A
* FSMD analyzer results:
  - Output states:
 - Input state : 
  - Chain level:
	State 1
	State 2
	State 3
	State 4
	State 5
	State 6
	State 7
	State 8
	State 9
	State 10
	State 11
	State 12
	State 13
	State 14
	State 15
	State 16
	State 17
	State 18
	State 19
	State 20


============================================================
+ Verbose Summary: Datapath Resource usage 
============================================================
N/A
