

================================================================
== Vitis HLS Report for 'ifft_fast'
================================================================
* Date:           Tue Apr 28 14:35:50 2026

* Version:        2022.1 (Build 3526262 on Mon Apr 18 15:47:01 MDT 2022)
* Project:        ifft_1024
* Solution:       solution1 (Vivado IP Flow Target)
* Product family: zynq
* Target device:  xc7z020-clg484-1


================================================================
== Performance Estimates
================================================================
+ Timing: 
    * Summary: 
    +--------+----------+----------+------------+
    |  Clock |  Target  | Estimated| Uncertainty|
    +--------+----------+----------+------------+
    |ap_clk  |  10.00 ns|  7.256 ns|     2.70 ns|
    +--------+----------+----------+------------+

+ Latency: 
    * Summary: 
    +---------+---------+----------+----------+-----+-----+---------+
    |  Latency (cycles) |  Latency (absolute) |  Interval | Pipeline|
    |   min   |   max   |    min   |    max   | min | max |   Type  |
    +---------+---------+----------+----------+-----+-----+---------+
    |        ?|        ?|         ?|         ?|    ?|    ?|       no|
    +---------+---------+----------+----------+-----+-----+---------+

    + Detail: 
        * Instance: 
        +----------------------------------------------+------------------------------------+---------+---------+-----------+-----------+------+------+---------+
        |                                              |                                    |  Latency (cycles) |   Latency (absolute)  |   Interval  | Pipeline|
        |                   Instance                   |               Module               |   min   |   max   |    min    |    max    |  min |  max |   Type  |
        +----------------------------------------------+------------------------------------+---------+---------+-----------+-----------+------+------+---------+
        |grp_ifft_fast_Pipeline_VITIS_LOOP_7_1_fu_67   |ifft_fast_Pipeline_VITIS_LOOP_7_1   |     3075|     3075|  30.750 us|  30.750 us|  3075|  3075|       no|
        |grp_ifft_fast_Pipeline_VITIS_LOOP_33_5_fu_77  |ifft_fast_Pipeline_VITIS_LOOP_33_5  |     1031|     1031|  10.310 us|  10.310 us|  1031|  1031|       no|
        |grp_ifft_fast_Pipeline_VITIS_LOOP_22_4_fu_85  |ifft_fast_Pipeline_VITIS_LOOP_22_4  |       20|     9218|   0.200 us|  92.180 us|    20|  9218|       no|
        +----------------------------------------------+------------------------------------+---------+---------+-----------+-----------+------+------+---------+

        * Loop: 
        +--------------------+---------+---------+-----------+-----------+-----------+------+----------+
        |                    |  Latency (cycles) | Iteration |  Initiation Interval  | Trip |          |
        |      Loop Name     |   min   |   max   |  Latency  |  achieved |   target  | Count| Pipelined|
        +--------------------+---------+---------+-----------+-----------+-----------+------+----------+
        |- VITIS_LOOP_18_2   |        ?|        ?|          ?|          -|          -|    10|        no|
        | + VITIS_LOOP_21_3  |        ?|        ?|  23 ~ 9221|          -|          -|     ?|        no|
        +--------------------+---------+---------+-----------+-----------+-----------+------+----------+



================================================================
== Utilization Estimates
================================================================
* Summary: 
+-----------------+---------+-----+--------+-------+-----+
|       Name      | BRAM_18K| DSP |   FF   |  LUT  | URAM|
+-----------------+---------+-----+--------+-------+-----+
|DSP              |        -|    -|       -|      -|    -|
|Expression       |        -|    -|       0|    156|    -|
|FIFO             |        -|    -|       -|      -|    -|
|Instance         |        5|   16|    1944|   2680|    -|
|Memory           |        -|    -|       -|      -|    -|
|Multiplexer      |        -|    -|       -|    449|    -|
|Register         |        -|    -|     206|      -|    -|
+-----------------+---------+-----+--------+-------+-----+
|Total            |        5|   16|    2150|   3285|    0|
+-----------------+---------+-----+--------+-------+-----+
|Available        |      280|  220|  106400|  53200|    0|
+-----------------+---------+-----+--------+-------+-----+
|Utilization (%)  |        1|    7|       2|      6|    0|
+-----------------+---------+-----+--------+-------+-----+

+ Detail: 
    * Instance: 
    +----------------------------------------------+------------------------------------+---------+----+------+------+-----+
    |                   Instance                   |               Module               | BRAM_18K| DSP|  FF  |  LUT | URAM|
    +----------------------------------------------+------------------------------------+---------+----+------+------+-----+
    |fmul_32ns_32ns_32_4_max_dsp_1_U39             |fmul_32ns_32ns_32_4_max_dsp_1       |        0|   3|   143|   321|    0|
    |fmul_32ns_32ns_32_4_max_dsp_1_U40             |fmul_32ns_32ns_32_4_max_dsp_1       |        0|   3|   143|   321|    0|
    |grp_ifft_fast_Pipeline_VITIS_LOOP_22_4_fu_85  |ifft_fast_Pipeline_VITIS_LOOP_22_4  |        4|  10|  1213|  1745|    0|
    |grp_ifft_fast_Pipeline_VITIS_LOOP_33_5_fu_77  |ifft_fast_Pipeline_VITIS_LOOP_33_5  |        0|   0|   300|   126|    0|
    |grp_ifft_fast_Pipeline_VITIS_LOOP_7_1_fu_67   |ifft_fast_Pipeline_VITIS_LOOP_7_1   |        1|   0|   145|   167|    0|
    +----------------------------------------------+------------------------------------+---------+----+------+------+-----+
    |Total                                         |                                    |        5|  16|  1944|  2680|    0|
    +----------------------------------------------+------------------------------------+---------+----+------+------+-----+

    * DSP: 
    N/A

    * Memory: 
    N/A

    * FIFO: 
    N/A

    * Expression: 
    +---------------------+----------+----+---+----+------------+------------+
    |    Variable Name    | Operation| DSP| FF| LUT| Bitwidth P0| Bitwidth P1|
    +---------------------+----------+----+---+----+------------+------------+
    |add_ln21_fu_174_p2   |         +|   0|  0|  71|          64|          64|
    |s_3_fu_184_p2        |         +|   0|  0|  13|           4|           1|
    |ti_1_fu_179_p2       |         +|   0|  0|  14|          13|          13|
    |icmp_ln18_fu_116_p2  |      icmp|   0|  0|   9|           4|           4|
    |icmp_ln21_fu_164_p2  |      icmp|   0|  0|  25|          54|           1|
    |m_fu_126_p2          |       shl|   0|  0|  24|           1|          11|
    +---------------------+----------+----+---+----+------------+------------+
    |Total                |          |   0|  0| 156|         140|          94|
    +---------------------+----------+----+---+----+------------+------------+

    * Multiplexer: 
    +---------------+----+-----------+-----+-----------+
    |      Name     | LUT| Input Size| Bits| Total Bits|
    +---------------+----+-----------+-----+-----------+
    |ap_NS_fsm      |  42|          8|    1|          8|
    |grp_fu_252_ce  |  14|          3|    1|          3|
    |grp_fu_252_p0  |  14|          3|   32|         96|
    |grp_fu_252_p1  |  14|          3|   32|         96|
    |grp_fu_256_ce  |  14|          3|    1|          3|
    |grp_fu_256_p0  |  14|          3|   32|         96|
    |grp_fu_256_p1  |  14|          3|   32|         96|
    |k_reg_56       |   9|          2|   64|        128|
    |s_fu_52        |   9|          2|    4|          8|
    |ti_fu_48       |   9|          2|   13|         26|
    |x_0_address0   |  20|          4|   10|         40|
    |x_0_address1   |  20|          4|   10|         40|
    |x_0_ce0        |  20|          4|    1|          4|
    |x_0_ce1        |  20|          4|    1|          4|
    |x_0_d0         |  20|          4|   32|        128|
    |x_0_d1         |  14|          3|   32|         96|
    |x_0_we0        |  20|          4|    1|          4|
    |x_0_we1        |  14|          3|    1|          3|
    |x_1_address0   |  20|          4|   10|         40|
    |x_1_address1   |  20|          4|   10|         40|
    |x_1_ce0        |  20|          4|    1|          4|
    |x_1_ce1        |  20|          4|    1|          4|
    |x_1_d0         |  20|          4|   32|        128|
    |x_1_d1         |  14|          3|   32|         96|
    |x_1_we0        |  20|          4|    1|          4|
    |x_1_we1        |  14|          3|    1|          3|
    +---------------+----+-----------+-----+-----------+
    |Total          | 449|         92|  388|       1198|
    +---------------+----+-----------+-----+-----------+

    * Register: 
    +-----------------------------------------------------------+----+----+-----+-----------+
    |                            Name                           | FF | LUT| Bits| Const Bits|
    +-----------------------------------------------------------+----+----+-----+-----------+
    |add_ln21_reg_247                                           |  64|   0|   64|          0|
    |ap_CS_fsm                                                  |   7|   0|    7|          0|
    |grp_ifft_fast_Pipeline_VITIS_LOOP_22_4_fu_85_ap_start_reg  |   1|   0|    1|          0|
    |grp_ifft_fast_Pipeline_VITIS_LOOP_33_5_fu_77_ap_start_reg  |   1|   0|    1|          0|
    |grp_ifft_fast_Pipeline_VITIS_LOOP_7_1_fu_67_ap_start_reg   |   1|   0|    1|          0|
    |k_reg_56                                                   |  64|   0|   64|          0|
    |m2_reg_219                                                 |  10|   0|   10|          0|
    |s_fu_52                                                    |   4|   0|    4|          0|
    |ti_fu_48                                                   |  13|   0|   13|          0|
    |trunc_ln21_1_reg_242                                       |  10|   0|   10|          0|
    |trunc_ln21_reg_229                                         |  10|   0|   10|          0|
    |zext_ln20_reg_224                                          |  10|   0|   13|          3|
    |zext_ln21_reg_234                                          |  11|   0|   64|         53|
    +-----------------------------------------------------------+----+----+-----+-----------+
    |Total                                                      | 206|   0|  262|         56|
    +-----------------------------------------------------------+----+----+-----+-----------+



================================================================
== Interface
================================================================
* Summary: 
+--------------+-----+-----+------------+--------------+--------------+
|   RTL Ports  | Dir | Bits|  Protocol  | Source Object|    C Type    |
+--------------+-----+-----+------------+--------------+--------------+
|ap_clk        |   in|    1|  ap_ctrl_hs|     ifft_fast|  return value|
|ap_rst        |   in|    1|  ap_ctrl_hs|     ifft_fast|  return value|
|ap_start      |   in|    1|  ap_ctrl_hs|     ifft_fast|  return value|
|ap_done       |  out|    1|  ap_ctrl_hs|     ifft_fast|  return value|
|ap_idle       |  out|    1|  ap_ctrl_hs|     ifft_fast|  return value|
|ap_ready      |  out|    1|  ap_ctrl_hs|     ifft_fast|  return value|
|x_0_address0  |  out|   10|   ap_memory|           x_0|         array|
|x_0_ce0       |  out|    1|   ap_memory|           x_0|         array|
|x_0_we0       |  out|    1|   ap_memory|           x_0|         array|
|x_0_d0        |  out|   32|   ap_memory|           x_0|         array|
|x_0_q0        |   in|   32|   ap_memory|           x_0|         array|
|x_0_address1  |  out|   10|   ap_memory|           x_0|         array|
|x_0_ce1       |  out|    1|   ap_memory|           x_0|         array|
|x_0_we1       |  out|    1|   ap_memory|           x_0|         array|
|x_0_d1        |  out|   32|   ap_memory|           x_0|         array|
|x_0_q1        |   in|   32|   ap_memory|           x_0|         array|
|x_1_address0  |  out|   10|   ap_memory|           x_1|         array|
|x_1_ce0       |  out|    1|   ap_memory|           x_1|         array|
|x_1_we0       |  out|    1|   ap_memory|           x_1|         array|
|x_1_d0        |  out|   32|   ap_memory|           x_1|         array|
|x_1_q0        |   in|   32|   ap_memory|           x_1|         array|
|x_1_address1  |  out|   10|   ap_memory|           x_1|         array|
|x_1_ce1       |  out|    1|   ap_memory|           x_1|         array|
|x_1_we1       |  out|    1|   ap_memory|           x_1|         array|
|x_1_d1        |  out|   32|   ap_memory|           x_1|         array|
|x_1_q1        |   in|   32|   ap_memory|           x_1|         array|
+--------------+-----+-----+------------+--------------+--------------+

