

================================================================
== Vitis HLS Report for 'ifft_1024_top'
================================================================
* Date:           Tue Apr 28 14:35:50 2026

* Version:        2022.1 (Build 3526262 on Mon Apr 18 15:47:01 MDT 2022)
* Project:        ifft_1024
* Solution:       solution1 (Vivado IP Flow Target)
* Product family: zynq
* Target device:  xc7z020-clg484-1


================================================================
== Performance Estimates
================================================================
+ Timing: 
    * Summary: 
    +--------+----------+----------+------------+
    |  Clock |  Target  | Estimated| Uncertainty|
    +--------+----------+----------+------------+
    |ap_clk  |  10.00 ns|  7.256 ns|     2.70 ns|
    +--------+----------+----------+------------+

+ Latency: 
    * Summary: 
    +---------+---------+----------+----------+-----+-----+---------+
    |  Latency (cycles) |  Latency (absolute) |  Interval | Pipeline|
    |   min   |   max   |    min   |    max   | min | max |   Type  |
    +---------+---------+----------+----------+-----+-----+---------+
    |        ?|        ?|         ?|         ?|    ?|    ?|       no|
    +---------+---------+----------+----------+-----+-----+---------+

    + Detail: 
        * Instance: 
        +---------------------------------------------------+----------------------------------------+---------+---------+-----------+-----------+------+------+---------+
        |                                                   |                                        |  Latency (cycles) |   Latency (absolute)  |   Interval  | Pipeline|
        |                      Instance                     |                 Module                 |   min   |   max   |    min    |    max    |  min |  max |   Type  |
        +---------------------------------------------------+----------------------------------------+---------+---------+-----------+-----------+------+------+---------+
        |grp_ifft_1024_top_Pipeline_1_fu_140                |ifft_1024_top_Pipeline_1                |     1025|     1025|  10.250 us|  10.250 us|  1025|  1025|       no|
        |grp_ifft_1024_top_Pipeline_2_fu_146                |ifft_1024_top_Pipeline_2                |     1025|     1025|  10.250 us|  10.250 us|  1025|  1025|       no|
        |grp_ifft_1024_top_Pipeline_VITIS_LOOP_48_1_fu_152  |ifft_1024_top_Pipeline_VITIS_LOOP_48_1  |     1026|     1026|  10.260 us|  10.260 us|  1026|  1026|       no|
        |grp_ifft_1024_top_Pipeline_VITIS_LOOP_53_2_fu_166  |ifft_1024_top_Pipeline_VITIS_LOOP_53_2  |     1026|     1026|  10.260 us|  10.260 us|  1026|  1026|       no|
        |grp_ifft_fast_fu_180                               |ifft_fast                               |        ?|        ?|          ?|          ?|     ?|     ?|       no|
        |grp_ifft_fast_fu_192                               |ifft_fast                               |        ?|        ?|          ?|          ?|     ?|     ?|       no|
        |grp_ifft_1024_top_Pipeline_VITIS_LOOP_85_3_fu_204  |ifft_1024_top_Pipeline_VITIS_LOOP_85_3  |     1031|     1031|  10.310 us|  10.310 us|  1031|  1031|       no|
        +---------------------------------------------------+----------------------------------------+---------+---------+-----------+-----------+------+------+---------+

        * Loop: 
        N/A



================================================================
== Utilization Estimates
================================================================
* Summary: 
+-----------------+---------+-----+--------+-------+-----+
|       Name      | BRAM_18K| DSP |   FF   |  LUT  | URAM|
+-----------------+---------+-----+--------+-------+-----+
|DSP              |        -|    -|       -|      -|    -|
|Expression       |        -|    -|       0|      6|    -|
|FIFO             |        -|    -|       -|      -|    -|
|Instance         |       10|   36|    4977|   7696|    -|
|Memory           |        8|    -|       0|      0|    0|
|Multiplexer      |        -|    -|       -|    599|    -|
|Register         |        -|    -|      20|      -|    -|
+-----------------+---------+-----+--------+-------+-----+
|Total            |       18|   36|    4997|   8301|    0|
+-----------------+---------+-----+--------+-------+-----+
|Available        |      280|  220|  106400|  53200|    0|
+-----------------+---------+-----+--------+-------+-----+
|Utilization (%)  |        6|   16|       4|     15|    0|
+-----------------+---------+-----+--------+-------+-----+

+ Detail: 
    * Instance: 
    +---------------------------------------------------+----------------------------------------+---------+----+------+------+-----+
    |                      Instance                     |                 Module                 | BRAM_18K| DSP|  FF  |  LUT | URAM|
    +---------------------------------------------------+----------------------------------------+---------+----+------+------+-----+
    |grp_ifft_1024_top_Pipeline_1_fu_140                |ifft_1024_top_Pipeline_1                |        0|   0|    12|    51|    0|
    |grp_ifft_1024_top_Pipeline_2_fu_146                |ifft_1024_top_Pipeline_2                |        0|   0|    12|    51|    0|
    |grp_ifft_1024_top_Pipeline_VITIS_LOOP_48_1_fu_152  |ifft_1024_top_Pipeline_VITIS_LOOP_48_1  |        0|   0|    13|    64|    0|
    |grp_ifft_1024_top_Pipeline_VITIS_LOOP_53_2_fu_166  |ifft_1024_top_Pipeline_VITIS_LOOP_53_2  |        0|   0|    13|    64|    0|
    |grp_ifft_1024_top_Pipeline_VITIS_LOOP_85_3_fu_204  |ifft_1024_top_Pipeline_VITIS_LOOP_85_3  |        0|   4|   627|   896|    0|
    |grp_ifft_fast_fu_180                               |ifft_fast                               |        5|  16|  2150|  3285|    0|
    |grp_ifft_fast_fu_192                               |ifft_fast                               |        5|  16|  2150|  3285|    0|
    +---------------------------------------------------+----------------------------------------+---------+----+------+------+-----+
    |Total                                              |                                        |       10|  36|  4977|  7696|    0|
    +---------------------------------------------------+----------------------------------------+---------+----+------+------+-----+

    * DSP: 
    N/A

    * Memory: 
    +----------------+--------------------------+---------+---+----+-----+------+-----+------+-------------+
    |     Memory     |          Module          | BRAM_18K| FF| LUT| URAM| Words| Bits| Banks| W*Bits*Banks|
    +----------------+--------------------------+---------+---+----+-----+------+-----+------+-------------+
    |ga_M_value_U    |ga_M_value_RAM_AUTO_1R1W  |        2|  0|   0|    0|  1024|   32|     1|        32768|
    |ga_M_value_1_U  |ga_M_value_RAM_AUTO_1R1W  |        2|  0|   0|    0|  1024|   32|     1|        32768|
    |gb_M_value_U    |ga_M_value_RAM_AUTO_1R1W  |        2|  0|   0|    0|  1024|   32|     1|        32768|
    |gb_M_value_1_U  |ga_M_value_RAM_AUTO_1R1W  |        2|  0|   0|    0|  1024|   32|     1|        32768|
    +----------------+--------------------------+---------+---+----+-----+------+-----+------+-------------+
    |Total           |                          |        8|  0|   0|    0|  4096|  128|     4|       131072|
    +----------------+--------------------------+---------+---+----+-----+------+-----+------+-------------+

    * FIFO: 
    N/A

    * Expression: 
    +-------------------------------------------------------------------+----------+----+---+----+------------+------------+
    |                           Variable Name                           | Operation| DSP| FF| LUT| Bitwidth P0| Bitwidth P1|
    +-------------------------------------------------------------------+----------+----+---+----+------------+------------+
    |grp_ifft_1024_top_Pipeline_VITIS_LOOP_85_3_fu_204_output_r_TREADY  |       and|   0|  0|   2|           1|           1|
    |ap_block_state10_on_subcall_done                                   |        or|   0|  0|   2|           1|           1|
    |ap_block_state3_on_subcall_done                                    |        or|   0|  0|   2|           1|           1|
    +-------------------------------------------------------------------+----------+----+---+----+------------+------------+
    |Total                                                              |          |   0|  0|   6|           3|           3|
    +-------------------------------------------------------------------+----------+----+---+----+------------+------------+

    * Multiplexer: 
    +-----------------------------+----+-----------+-----+-----------+
    |             Name            | LUT| Input Size| Bits| Total Bits|
    +-----------------------------+----+-----------+-----+-----------+
    |ap_NS_fsm                    |  65|         14|    1|         14|
    |ga_M_value_1_address0        |  31|          6|   10|         60|
    |ga_M_value_1_ce0             |  31|          6|    1|          6|
    |ga_M_value_1_ce1             |   9|          2|    1|          2|
    |ga_M_value_1_d0              |  25|          5|   32|        160|
    |ga_M_value_1_we0             |  25|          5|    1|          5|
    |ga_M_value_1_we1             |   9|          2|    1|          2|
    |ga_M_value_address0          |  31|          6|   10|         60|
    |ga_M_value_ce0               |  31|          6|    1|          6|
    |ga_M_value_ce1               |   9|          2|    1|          2|
    |ga_M_value_d0                |  25|          5|   32|        160|
    |ga_M_value_we0               |  25|          5|    1|          5|
    |ga_M_value_we1               |   9|          2|    1|          2|
    |gb_M_value_1_address0        |  31|          6|   10|         60|
    |gb_M_value_1_ce0             |  31|          6|    1|          6|
    |gb_M_value_1_ce1             |   9|          2|    1|          2|
    |gb_M_value_1_d0              |  25|          5|   32|        160|
    |gb_M_value_1_we0             |  25|          5|    1|          5|
    |gb_M_value_1_we1             |   9|          2|    1|          2|
    |gb_M_value_address0          |  31|          6|   10|         60|
    |gb_M_value_ce0               |  31|          6|    1|          6|
    |gb_M_value_ce1               |   9|          2|    1|          2|
    |gb_M_value_d0                |  25|          5|   32|        160|
    |gb_M_value_we0               |  25|          5|    1|          5|
    |gb_M_value_we1               |   9|          2|    1|          2|
    |input_r_TREADY_int_regslice  |  14|          3|    1|          3|
    +-----------------------------+----+-----------+-----+-----------+
    |Total                        | 599|        121|  186|        957|
    +-----------------------------+----+-----------+-----+-----------+

    * Register: 
    +----------------------------------------------------------------+----+----+-----+-----------+
    |                              Name                              | FF | LUT| Bits| Const Bits|
    +----------------------------------------------------------------+----+----+-----+-----------+
    |ap_CS_fsm                                                       |  13|   0|   13|          0|
    |grp_ifft_1024_top_Pipeline_1_fu_140_ap_start_reg                |   1|   0|    1|          0|
    |grp_ifft_1024_top_Pipeline_2_fu_146_ap_start_reg                |   1|   0|    1|          0|
    |grp_ifft_1024_top_Pipeline_VITIS_LOOP_48_1_fu_152_ap_start_reg  |   1|   0|    1|          0|
    |grp_ifft_1024_top_Pipeline_VITIS_LOOP_53_2_fu_166_ap_start_reg  |   1|   0|    1|          0|
    |grp_ifft_1024_top_Pipeline_VITIS_LOOP_85_3_fu_204_ap_start_reg  |   1|   0|    1|          0|
    |grp_ifft_fast_fu_180_ap_start_reg                               |   1|   0|    1|          0|
    |grp_ifft_fast_fu_192_ap_start_reg                               |   1|   0|    1|          0|
    +----------------------------------------------------------------+----+----+-----+-----------+
    |Total                                                           |  20|   0|   20|          0|
    +----------------------------------------------------------------+----+----+-----+-----------+



================================================================
== Interface
================================================================
* Summary: 
+-----------------+-----+-----+--------------+-------------------+--------------+
|    RTL Ports    | Dir | Bits|   Protocol   |   Source Object   |    C Type    |
+-----------------+-----+-----+--------------+-------------------+--------------+
|ap_clk           |   in|    1|  ap_ctrl_none|      ifft_1024_top|  return value|
|ap_rst_n         |   in|    1|  ap_ctrl_none|      ifft_1024_top|  return value|
|input_r_TDATA    |   in|   64|          axis|   input_r_V_data_V|       pointer|
|input_r_TVALID   |   in|    1|          axis|   input_r_V_last_V|       pointer|
|input_r_TREADY   |  out|    1|          axis|   input_r_V_last_V|       pointer|
|input_r_TLAST    |   in|    1|          axis|   input_r_V_last_V|       pointer|
|input_r_TKEEP    |   in|    8|          axis|   input_r_V_keep_V|       pointer|
|input_r_TSTRB    |   in|    8|          axis|   input_r_V_strb_V|       pointer|
|output_r_TDATA   |  out|   64|          axis|  output_r_V_data_V|       pointer|
|output_r_TVALID  |  out|    1|          axis|  output_r_V_last_V|       pointer|
|output_r_TREADY  |   in|    1|          axis|  output_r_V_last_V|       pointer|
|output_r_TLAST   |  out|    1|          axis|  output_r_V_last_V|       pointer|
|output_r_TKEEP   |  out|    8|          axis|  output_r_V_keep_V|       pointer|
|output_r_TSTRB   |  out|    8|          axis|  output_r_V_strb_V|       pointer|
+-----------------+-----+-----+--------------+-------------------+--------------+

