

================================================================
== Vitis HLS Report for 'ifft_1024_top_Pipeline_VITIS_LOOP_85_3'
================================================================
* Date:           Tue Apr 28 14:35:50 2026

* Version:        2022.1 (Build 3526262 on Mon Apr 18 15:47:01 MDT 2022)
* Project:        ifft_1024
* Solution:       solution1 (Vivado IP Flow Target)
* Product family: zynq
* Target device:  xc7z020-clg484-1


================================================================
== Performance Estimates
================================================================
+ Timing: 
    * Summary: 
    +--------+----------+----------+------------+
    |  Clock |  Target  | Estimated| Uncertainty|
    +--------+----------+----------+------------+
    |ap_clk  |  10.00 ns|  7.256 ns|     2.70 ns|
    +--------+----------+----------+------------+

+ Latency: 
    * Summary: 
    +---------+---------+-----------+-----------+------+------+---------+
    |  Latency (cycles) |   Latency (absolute)  |   Interval  | Pipeline|
    |   min   |   max   |    min    |    max    |  min |  max |   Type  |
    +---------+---------+-----------+-----------+------+------+---------+
    |     1031|     1031|  10.310 us|  10.310 us|  1031|  1031|       no|
    +---------+---------+-----------+-----------+------+------+---------+

    + Detail: 
        * Instance: 
        N/A

        * Loop: 
        +-------------------+---------+---------+----------+-----------+-----------+------+----------+
        |                   |  Latency (cycles) | Iteration|  Initiation Interval  | Trip |          |
        |     Loop Name     |   min   |   max   |  Latency |  achieved |   target  | Count| Pipelined|
        +-------------------+---------+---------+----------+-----------+-----------+------+----------+
        |- VITIS_LOOP_85_3  |     1029|     1029|         7|          1|          1|  1024|       yes|
        +-------------------+---------+---------+----------+-----------+-----------+------+----------+



================================================================
== Utilization Estimates
================================================================
* Summary: 
+-----------------+---------+-----+--------+-------+-----+
|       Name      | BRAM_18K| DSP |   FF   |  LUT  | URAM|
+-----------------+---------+-----+--------+-------+-----+
|DSP              |        -|    -|       -|      -|    -|
|Expression       |        -|    -|       0|     39|    -|
|FIFO             |        -|    -|       -|      -|    -|
|Instance         |        -|    4|     410|    780|    -|
|Memory           |        -|    -|       -|      -|    -|
|Multiplexer      |        -|    -|       -|     45|    -|
|Register         |        -|    -|     217|     32|    -|
+-----------------+---------+-----+--------+-------+-----+
|Total            |        0|    4|     627|    896|    0|
+-----------------+---------+-----+--------+-------+-----+
|Available        |      280|  220|  106400|  53200|    0|
+-----------------+---------+-----+--------+-------+-----+
|Utilization (%)  |        0|    1|      ~0|      1|    0|
+-----------------+---------+-----+--------+-------+-----+

+ Detail: 
    * Instance: 
    +------------------------------------+--------------------------------+---------+----+-----+-----+-----+
    |              Instance              |             Module             | BRAM_18K| DSP|  FF | LUT | URAM|
    +------------------------------------+--------------------------------+---------+----+-----+-----+-----+
    |fadd_32ns_32ns_32_5_full_dsp_1_U45  |fadd_32ns_32ns_32_5_full_dsp_1  |        0|   2|  205|  390|    0|
    |fadd_32ns_32ns_32_5_full_dsp_1_U46  |fadd_32ns_32ns_32_5_full_dsp_1  |        0|   2|  205|  390|    0|
    +------------------------------------+--------------------------------+---------+----+-----+-----+-----+
    |Total                               |                                |        0|   4|  410|  780|    0|
    +------------------------------------+--------------------------------+---------+----+-----+-----+-----+

    * DSP: 
    N/A

    * Memory: 
    N/A

    * FIFO: 
    N/A

    * Expression: 
    +---------------------------+----------+----+---+----+------------+------------+
    |       Variable Name       | Operation| DSP| FF| LUT| Bitwidth P0| Bitwidth P1|
    +---------------------------+----------+----+---+----+------------+------------+
    |add_ln85_fu_156_p2         |         +|   0|  0|  12|          11|           1|
    |ap_block_pp0_stage0_01001  |       and|   0|  0|   2|           1|           1|
    |icmp_ln85_fu_150_p2        |      icmp|   0|  0|  12|          11|          12|
    |tmp_last_V_fu_170_p2       |      icmp|   0|  0|  11|          11|          10|
    |ap_enable_pp0              |       xor|   0|  0|   2|           1|           2|
    +---------------------------+----------+----+---+----+------------+------------+
    |Total                      |          |   0|  0|  39|          35|          26|
    +---------------------------+----------+----+---+----+------------+------------+

    * Multiplexer: 
    +-------------------------+----+-----------+-----+-----------+
    |           Name          | LUT| Input Size| Bits| Total Bits|
    +-------------------------+----+-----------+-----+-----------+
    |ap_done_int              |   9|          2|    1|          2|
    |ap_enable_reg_pp0_iter1  |   9|          2|    1|          2|
    |ap_sig_allocacmp_i_2     |   9|          2|   11|         22|
    |i_fu_60                  |   9|          2|   11|         22|
    |output_r_TDATA_blk_n     |   9|          2|    1|          2|
    +-------------------------+----+-----------+-----+-----------+
    |Total                    |  45|         10|   25|         50|
    +-------------------------+----+-----------+-----+-----------+

    * Register: 
    +----------------------------------+----+----+-----+-----------+
    |               Name               | FF | LUT| Bits| Const Bits|
    +----------------------------------+----+----+-----+-----------+
    |ap_CS_fsm                         |   1|   0|    1|          0|
    |ap_done_reg                       |   1|   0|    1|          0|
    |ap_enable_reg_pp0_iter1           |   1|   0|    1|          0|
    |ap_enable_reg_pp0_iter2           |   1|   0|    1|          0|
    |ap_enable_reg_pp0_iter3           |   1|   0|    1|          0|
    |ap_enable_reg_pp0_iter4           |   1|   0|    1|          0|
    |ap_enable_reg_pp0_iter5           |   1|   0|    1|          0|
    |ap_enable_reg_pp0_iter6           |   1|   0|    1|          0|
    |ap_loop_exit_ready_pp0_iter1_reg  |   1|   0|    1|          0|
    |ap_loop_exit_ready_pp0_iter2_reg  |   1|   0|    1|          0|
    |ap_loop_exit_ready_pp0_iter3_reg  |   1|   0|    1|          0|
    |ap_loop_exit_ready_pp0_iter4_reg  |   1|   0|    1|          0|
    |ap_loop_exit_ready_pp0_iter5_reg  |   1|   0|    1|          0|
    |gb_M_value_1_load_reg_249         |  32|   0|   32|          0|
    |gb_M_value_load_reg_244           |  32|   0|   32|          0|
    |i_fu_60                           |  11|   0|   11|          0|
    |p_r_M_value_8_reg_239             |  32|   0|   32|          0|
    |p_r_M_value_reg_234               |  32|   0|   32|          0|
    |tmp_last_V_reg_229                |   1|   0|    1|          0|
    |tmp_last_V_reg_229                |  64|  32|    1|          0|
    +----------------------------------+----+----+-----+-----------+
    |Total                             | 217|  32|  154|          0|
    +----------------------------------+----+----+-----+-----------+



================================================================
== Interface
================================================================
* Summary: 
+-----------------------+-----+-----+------------+----------------------------------------+--------------+
|       RTL Ports       | Dir | Bits|  Protocol  |              Source Object             |    C Type    |
+-----------------------+-----+-----+------------+----------------------------------------+--------------+
|ap_clk                 |   in|    1|  ap_ctrl_hs|  ifft_1024_top_Pipeline_VITIS_LOOP_85_3|  return value|
|ap_rst                 |   in|    1|  ap_ctrl_hs|  ifft_1024_top_Pipeline_VITIS_LOOP_85_3|  return value|
|ap_start               |   in|    1|  ap_ctrl_hs|  ifft_1024_top_Pipeline_VITIS_LOOP_85_3|  return value|
|ap_done                |  out|    1|  ap_ctrl_hs|  ifft_1024_top_Pipeline_VITIS_LOOP_85_3|  return value|
|ap_idle                |  out|    1|  ap_ctrl_hs|  ifft_1024_top_Pipeline_VITIS_LOOP_85_3|  return value|
|ap_ready               |  out|    1|  ap_ctrl_hs|  ifft_1024_top_Pipeline_VITIS_LOOP_85_3|  return value|
|output_r_TREADY        |   in|    1|        axis|                       output_r_V_data_V|       pointer|
|output_r_TDATA         |  out|   64|        axis|                       output_r_V_data_V|       pointer|
|ga_M_value_address0    |  out|   10|   ap_memory|                              ga_M_value|         array|
|ga_M_value_ce0         |  out|    1|   ap_memory|                              ga_M_value|         array|
|ga_M_value_q0          |   in|   32|   ap_memory|                              ga_M_value|         array|
|ga_M_value_1_address0  |  out|   10|   ap_memory|                            ga_M_value_1|         array|
|ga_M_value_1_ce0       |  out|    1|   ap_memory|                            ga_M_value_1|         array|
|ga_M_value_1_q0        |   in|   32|   ap_memory|                            ga_M_value_1|         array|
|gb_M_value_address0    |  out|   10|   ap_memory|                              gb_M_value|         array|
|gb_M_value_ce0         |  out|    1|   ap_memory|                              gb_M_value|         array|
|gb_M_value_q0          |   in|   32|   ap_memory|                              gb_M_value|         array|
|gb_M_value_1_address0  |  out|   10|   ap_memory|                            gb_M_value_1|         array|
|gb_M_value_1_ce0       |  out|    1|   ap_memory|                            gb_M_value_1|         array|
|gb_M_value_1_q0        |   in|   32|   ap_memory|                            gb_M_value_1|         array|
|output_r_TVALID        |  out|    1|        axis|                       output_r_V_last_V|       pointer|
|output_r_TLAST         |  out|    1|        axis|                       output_r_V_last_V|       pointer|
|output_r_TKEEP         |  out|    8|        axis|                       output_r_V_keep_V|       pointer|
|output_r_TSTRB         |  out|    8|        axis|                       output_r_V_strb_V|       pointer|
+-----------------------+-----+-----+------------+----------------------------------------+--------------+

