01:43:37 DEBUG : Logs will be stored at '/mnt/arch/home/adi/repo/AELD_Lab_2026/as_close_as_midsem/vivado_zc_full_opt_acp/IDE.log'.
01:43:38 INFO  : Launching XSCT server: xsct -n  -interactive /mnt/arch/home/adi/repo/AELD_Lab_2026/as_close_as_midsem/vivado_zc_full_opt_acp/temp_xsdb_launch_script.tcl
01:43:38 INFO  : Registering command handlers for Vitis TCF services
01:43:38 INFO  : Platform repository initialization has completed.
01:43:40 INFO  : XSCT server has started successfully.
01:43:40 INFO  : Successfully done setting XSCT server connection channel  
01:43:40 INFO  : plnx-install-location is set to ''
01:43:40 INFO  : Successfully done setting workspace for the tool. 
01:43:40 INFO  : Successfully done query RDI_DATADIR 
01:44:13 INFO  : Result from executing command 'getProjects': design_1_wrapper
01:44:13 INFO  : Result from executing command 'getPlatforms': xilinx_vck190_base_202210_1|/tools/Xilinx/Vitis/2022.1/base_platforms/xilinx_vck190_base_202210_1/xilinx_vck190_base_202210_1.xpfm;xilinx_vck190_base_dfx_202210_1|/tools/Xilinx/Vitis/2022.1/base_platforms/xilinx_vck190_base_dfx_202210_1/xilinx_vck190_base_dfx_202210_1.xpfm;xilinx_vmk180_base_202210_1|/tools/Xilinx/Vitis/2022.1/base_platforms/xilinx_vmk180_base_202210_1/xilinx_vmk180_base_202210_1.xpfm;xilinx_zcu102_base_202210_1|/tools/Xilinx/Vitis/2022.1/base_platforms/xilinx_zcu102_base_202210_1/xilinx_zcu102_base_202210_1.xpfm;xilinx_zcu102_base_dfx_202210_1|/tools/Xilinx/Vitis/2022.1/base_platforms/xilinx_zcu102_base_dfx_202210_1/xilinx_zcu102_base_dfx_202210_1.xpfm;xilinx_zcu104_base_202210_1|/tools/Xilinx/Vitis/2022.1/base_platforms/xilinx_zcu104_base_202210_1/xilinx_zcu104_base_202210_1.xpfm
01:44:13 WARN  : An unexpected exception occurred in the module 'platform project logging'
01:44:14 INFO  : Platform 'design_1_wrapper' is added to custom repositories.
01:44:19 INFO  : Platform 'design_1_wrapper' is added to custom repositories.
01:47:16 INFO  : Result from executing command 'getProjects': design_1_wrapper
01:47:16 INFO  : Result from executing command 'getPlatforms': design_1_wrapper|/mnt/arch/home/adi/repo/AELD_Lab_2026/as_close_as_midsem/vivado_zc_full_opt_acp/design_1_wrapper/export/design_1_wrapper/design_1_wrapper.xpfm;xilinx_vck190_base_202210_1|/tools/Xilinx/Vitis/2022.1/base_platforms/xilinx_vck190_base_202210_1/xilinx_vck190_base_202210_1.xpfm;xilinx_vck190_base_dfx_202210_1|/tools/Xilinx/Vitis/2022.1/base_platforms/xilinx_vck190_base_dfx_202210_1/xilinx_vck190_base_dfx_202210_1.xpfm;xilinx_vmk180_base_202210_1|/tools/Xilinx/Vitis/2022.1/base_platforms/xilinx_vmk180_base_202210_1/xilinx_vmk180_base_202210_1.xpfm;xilinx_zcu102_base_202210_1|/tools/Xilinx/Vitis/2022.1/base_platforms/xilinx_zcu102_base_202210_1/xilinx_zcu102_base_202210_1.xpfm;xilinx_zcu102_base_dfx_202210_1|/tools/Xilinx/Vitis/2022.1/base_platforms/xilinx_zcu102_base_dfx_202210_1/xilinx_zcu102_base_dfx_202210_1.xpfm;xilinx_zcu104_base_202210_1|/tools/Xilinx/Vitis/2022.1/base_platforms/xilinx_zcu104_base_202210_1/xilinx_zcu104_base_202210_1.xpfm
01:47:20 INFO  : Checking for BSP changes to sync application flags for project 'zc_acp_wlo'...
01:47:21 INFO  : Updating application flags with new BSP settings...
01:47:21 INFO  : Successfully updated application flags for project zc_acp_wlo.
01:48:39 INFO  : Connected through redirection to target on host '192.168.224.251' and port '61680'.
01:48:40 WARN  : IDE version '2022.1.0' doesn't match hw_server version '2024.1.0'. Some debug features may not work.
01:48:41 INFO  : Jtag cable 'Digilent Zed 210248722265' is selected.
01:48:42 INFO  : 'jtag frequency' command is executed.
01:48:42 INFO  : Context for 'APU' is selected.
01:48:42 INFO  : System reset is completed.
01:48:45 INFO  : 'after 3000' command is executed.
01:48:45 INFO  : 'targets -set -filter {jtag_cable_name =~ "Digilent Zed 210248722265" && level==0 && jtag_device_ctx=="jsn-Zed-210248722265-23727093-0"}' command is executed.
01:48:48 INFO  : Device configured successfully with "/mnt/arch/home/adi/repo/AELD_Lab_2026/as_close_as_midsem/vivado_zc_full_opt_acp/zc_acp_wlo/_ide/bitstream/design_1_wrapper.bit"
01:48:48 INFO  : Context for 'APU' is selected.
01:48:48 INFO  : Hardware design and registers information is loaded from '/mnt/arch/home/adi/repo/AELD_Lab_2026/as_close_as_midsem/vivado_zc_full_opt_acp/design_1_wrapper/export/design_1_wrapper/hw/design_1_wrapper.xsa'.
01:48:48 INFO  : 'configparams force-mem-access 1' command is executed.
01:48:49 INFO  : Context for 'APU' is selected.
01:48:49 INFO  : Sourcing of '/mnt/arch/home/adi/repo/AELD_Lab_2026/as_close_as_midsem/vivado_zc_full_opt_acp/zc_acp_wlo/_ide/psinit/ps7_init.tcl' is done.
01:49:02 INFO  : 'ps7_init' command is executed.
01:49:03 INFO  : 'ps7_post_config' command is executed.
01:49:03 INFO  : Context for processor 'ps7_cortexa9_0' is selected.
01:49:03 INFO  : The application '/mnt/arch/home/adi/repo/AELD_Lab_2026/as_close_as_midsem/vivado_zc_full_opt_acp/zc_acp_wlo/Debug/zc_acp_wlo.elf' is downloaded to processor 'ps7_cortexa9_0'.
01:49:04 INFO  : 'configparams force-mem-access 0' command is executed.
01:49:04 INFO  : ----------------XSDB Script----------------
connect -path [list tcp::1534 tcp:192.168.224.251:61680]
targets -set -nocase -filter {name =~"APU*"}
rst -system
after 3000
targets -set -filter {jtag_cable_name =~ "Digilent Zed 210248722265" && level==0 && jtag_device_ctx=="jsn-Zed-210248722265-23727093-0"}
fpga -file /mnt/arch/home/adi/repo/AELD_Lab_2026/as_close_as_midsem/vivado_zc_full_opt_acp/zc_acp_wlo/_ide/bitstream/design_1_wrapper.bit
targets -set -nocase -filter {name =~"APU*"}
loadhw -hw /mnt/arch/home/adi/repo/AELD_Lab_2026/as_close_as_midsem/vivado_zc_full_opt_acp/design_1_wrapper/export/design_1_wrapper/hw/design_1_wrapper.xsa -mem-ranges [list {0x40000000 0xbfffffff}] -regs
configparams force-mem-access 1
targets -set -nocase -filter {name =~"APU*"}
source /mnt/arch/home/adi/repo/AELD_Lab_2026/as_close_as_midsem/vivado_zc_full_opt_acp/zc_acp_wlo/_ide/psinit/ps7_init.tcl
ps7_init
ps7_post_config
targets -set -nocase -filter {name =~ "*A9*#0"}
dow /mnt/arch/home/adi/repo/AELD_Lab_2026/as_close_as_midsem/vivado_zc_full_opt_acp/zc_acp_wlo/Debug/zc_acp_wlo.elf
configparams force-mem-access 0
----------------End of Script----------------

01:49:04 INFO  : Context for processor 'ps7_cortexa9_0' is selected.
01:49:05 INFO  : 'con' command is executed.
01:49:05 INFO  : ----------------XSDB Script (After Launch)----------------
targets -set -nocase -filter {name =~ "*A9*#0"}
con
----------------End of Script----------------

01:49:05 INFO  : Launch script is exported to file '/mnt/arch/home/adi/repo/AELD_Lab_2026/as_close_as_midsem/vivado_zc_full_opt_acp/zc_acp_wlo_system/_ide/scripts/debugger_zc_acp_wlo-default.tcl'
01:55:14 INFO  : Checking for BSP changes to sync application flags for project 'zc_acp_wlo'...
01:55:19 INFO  : Disconnected from the channel tcfchan#3.
01:55:43 INFO  : Checking for BSP changes to sync application flags for project 'zc_acp_wlo'...
01:57:30 ERROR : Failed to redirect connection to hardware server on host '192.168.224.251' and port '61680'.
Reason: Connection timed out
01:57:30 INFO  : ----------------XSDB Script----------------
connect -path [list tcp::1534 tcp:192.168.224.251:61680]
----------------End of Script----------------

01:57:30 ERROR : Failed to redirect connection to hardware server on host '192.168.224.251' and port '61680'.
Reason: Connection timed out
01:57:39 DEBUG : Logs will be stored at '/mnt/arch/home/adi/repo/AELD_Lab_2026/as_close_as_midsem/vivado_zc_full_opt_acp/IDE.log'.
01:57:39 INFO  : Launching XSCT server: xsct -n  -interactive /mnt/arch/home/adi/repo/AELD_Lab_2026/as_close_as_midsem/vivado_zc_full_opt_acp/temp_xsdb_launch_script.tcl
01:57:41 INFO  : Registering command handlers for Vitis TCF services
01:57:41 INFO  : Platform repository initialization has completed.
01:57:41 INFO  : XSCT server has started successfully.
01:57:41 INFO  : Successfully done setting XSCT server connection channel  
01:57:41 INFO  : plnx-install-location is set to ''
01:57:41 INFO  : Successfully done setting workspace for the tool. 
01:57:41 INFO  : Successfully done query RDI_DATADIR 
02:00:04 DEBUG : Logs will be stored at '/mnt/arch/home/adi/repo/AELD_Lab_2026/as_close_as_midsem/vivado_zc_full_opt_acp/IDE.log'.
02:00:04 INFO  : Launching XSCT server: xsct -n  -interactive /mnt/arch/home/adi/repo/AELD_Lab_2026/as_close_as_midsem/vivado_zc_full_opt_acp/temp_xsdb_launch_script.tcl
02:00:06 INFO  : Registering command handlers for Vitis TCF services
02:00:06 INFO  : Platform repository initialization has completed.
02:00:06 INFO  : XSCT server has started successfully.
02:00:06 INFO  : plnx-install-location is set to ''
02:00:06 INFO  : Successfully done setting XSCT server connection channel  
02:00:06 INFO  : Successfully done setting workspace for the tool. 
02:00:06 INFO  : Successfully done query RDI_DATADIR 
02:00:24 INFO  : Result from executing command 'getProjects': design_1_wrapper
02:00:24 INFO  : Result from executing command 'getPlatforms': design_1_wrapper|/mnt/arch/home/adi/repo/AELD_Lab_2026/as_close_as_midsem/vivado_zc_full_opt_acp/design_1_wrapper/export/design_1_wrapper/design_1_wrapper.xpfm;xilinx_vck190_base_202210_1|/tools/Xilinx/Vitis/2022.1/base_platforms/xilinx_vck190_base_202210_1/xilinx_vck190_base_202210_1.xpfm;xilinx_vck190_base_dfx_202210_1|/tools/Xilinx/Vitis/2022.1/base_platforms/xilinx_vck190_base_dfx_202210_1/xilinx_vck190_base_dfx_202210_1.xpfm;xilinx_vmk180_base_202210_1|/tools/Xilinx/Vitis/2022.1/base_platforms/xilinx_vmk180_base_202210_1/xilinx_vmk180_base_202210_1.xpfm;xilinx_zcu102_base_202210_1|/tools/Xilinx/Vitis/2022.1/base_platforms/xilinx_zcu102_base_202210_1/xilinx_zcu102_base_202210_1.xpfm;xilinx_zcu102_base_dfx_202210_1|/tools/Xilinx/Vitis/2022.1/base_platforms/xilinx_zcu102_base_dfx_202210_1/xilinx_zcu102_base_dfx_202210_1.xpfm;xilinx_zcu104_base_202210_1|/tools/Xilinx/Vitis/2022.1/base_platforms/xilinx_zcu104_base_202210_1/xilinx_zcu104_base_202210_1.xpfm
02:00:28 INFO  : Checking for BSP changes to sync application flags for project 'zc_acp_wlo'...
02:05:20 DEBUG : Logs will be stored at '/mnt/arch/home/adi/repo/AELD_Lab_2026/as_close_as_midsem/vivado_zc_full_opt_acp/IDE.log'.
02:05:20 INFO  : Launching XSCT server: xsct -n  -interactive /mnt/arch/home/adi/repo/AELD_Lab_2026/as_close_as_midsem/vivado_zc_full_opt_acp/temp_xsdb_launch_script.tcl
02:05:22 INFO  : Registering command handlers for Vitis TCF services
02:05:22 INFO  : Platform repository initialization has completed.
02:05:22 INFO  : XSCT server has started successfully.
02:05:22 INFO  : plnx-install-location is set to ''
02:05:22 INFO  : Successfully done setting XSCT server connection channel  
02:05:22 INFO  : Successfully done query RDI_DATADIR 
02:05:22 INFO  : Successfully done setting workspace for the tool. 
02:05:47 INFO  : Connected through redirection to target on host '192.168.224.251' and port '62377'.
02:05:48 WARN  : IDE version '2022.1.0' doesn't match hw_server version '2024.1.0'. Some debug features may not work.
02:05:49 INFO  : Jtag cable 'Digilent Zed 210248722265' is selected.
02:05:49 INFO  : 'jtag frequency' command is executed.
02:05:49 INFO  : Context for 'APU' is selected.
02:05:50 INFO  : System reset is completed.
02:05:53 INFO  : 'after 3000' command is executed.
02:05:53 INFO  : 'targets -set -filter {jtag_cable_name =~ "Digilent Zed 210248722265" && level==0 && jtag_device_ctx=="jsn-Zed-210248722265-23727093-0"}' command is executed.
02:05:55 INFO  : Device configured successfully with "/mnt/arch/home/adi/repo/AELD_Lab_2026/as_close_as_midsem/vivado_zc_full_opt_acp/zc_acp_wlo/_ide/bitstream/design_1_wrapper.bit"
02:05:55 INFO  : Context for 'APU' is selected.
02:05:56 INFO  : Hardware design and registers information is loaded from '/mnt/arch/home/adi/repo/AELD_Lab_2026/as_close_as_midsem/vivado_zc_full_opt_acp/design_1_wrapper/export/design_1_wrapper/hw/design_1_wrapper.xsa'.
02:05:56 INFO  : 'configparams force-mem-access 1' command is executed.
02:05:56 INFO  : Context for 'APU' is selected.
02:05:56 INFO  : Sourcing of '/mnt/arch/home/adi/repo/AELD_Lab_2026/as_close_as_midsem/vivado_zc_full_opt_acp/zc_acp_wlo/_ide/psinit/ps7_init.tcl' is done.
02:06:12 INFO  : 'ps7_init' command is executed.
02:06:12 INFO  : 'ps7_post_config' command is executed.
02:06:13 INFO  : Context for processor 'ps7_cortexa9_0' is selected.
02:06:14 INFO  : The application '/mnt/arch/home/adi/repo/AELD_Lab_2026/as_close_as_midsem/vivado_zc_full_opt_acp/zc_acp_wlo/Debug/zc_acp_wlo.elf' is downloaded to processor 'ps7_cortexa9_0'.
02:06:15 INFO  : 'configparams force-mem-access 0' command is executed.
02:06:15 INFO  : ----------------XSDB Script----------------
connect -path [list tcp::1534 tcp:192.168.224.251:62377]
targets -set -nocase -filter {name =~"APU*"}
rst -system
after 3000
targets -set -filter {jtag_cable_name =~ "Digilent Zed 210248722265" && level==0 && jtag_device_ctx=="jsn-Zed-210248722265-23727093-0"}
fpga -file /mnt/arch/home/adi/repo/AELD_Lab_2026/as_close_as_midsem/vivado_zc_full_opt_acp/zc_acp_wlo/_ide/bitstream/design_1_wrapper.bit
targets -set -nocase -filter {name =~"APU*"}
loadhw -hw /mnt/arch/home/adi/repo/AELD_Lab_2026/as_close_as_midsem/vivado_zc_full_opt_acp/design_1_wrapper/export/design_1_wrapper/hw/design_1_wrapper.xsa -mem-ranges [list {0x40000000 0xbfffffff}] -regs
configparams force-mem-access 1
targets -set -nocase -filter {name =~"APU*"}
source /mnt/arch/home/adi/repo/AELD_Lab_2026/as_close_as_midsem/vivado_zc_full_opt_acp/zc_acp_wlo/_ide/psinit/ps7_init.tcl
ps7_init
ps7_post_config
targets -set -nocase -filter {name =~ "*A9*#0"}
dow /mnt/arch/home/adi/repo/AELD_Lab_2026/as_close_as_midsem/vivado_zc_full_opt_acp/zc_acp_wlo/Debug/zc_acp_wlo.elf
configparams force-mem-access 0
----------------End of Script----------------

02:06:15 INFO  : Context for processor 'ps7_cortexa9_0' is selected.
02:06:15 INFO  : 'con' command is executed.
02:06:15 INFO  : ----------------XSDB Script (After Launch)----------------
targets -set -nocase -filter {name =~ "*A9*#0"}
con
----------------End of Script----------------

02:06:15 INFO  : Launch script is exported to file '/mnt/arch/home/adi/repo/AELD_Lab_2026/as_close_as_midsem/vivado_zc_full_opt_acp/zc_acp_wlo_system/_ide/scripts/debugger_zc_acp_wlo-default.tcl'
02:07:16 INFO  : Checking for BSP changes to sync application flags for project 'zc_acp_wlo'...
02:07:21 INFO  : Disconnected from the channel tcfchan#1.
02:07:22 INFO  : Connected through redirection to target on host '192.168.224.251' and port '62377'.
02:07:22 WARN  : IDE version '2022.1.0' doesn't match hw_server version '2024.1.0'. Some debug features may not work.
02:07:33 INFO  : ----------------XSDB Script----------------
connect -path [list tcp::1534 tcp:192.168.224.251:62377]
----------------End of Script----------------

02:07:33 ERROR : Could not find ARM device on the board for connection 'rem'.
Check if the target is in:
1. Split JTAG - No operations are possible with ARM DAP.
2. Non JTAG bootmode - Bootrom may need time to enable DAP.
Please try again.


Troubleshooting hints:
1. Check whether board is connected to system properly.
2. In case of zynq board, check whether Digilent/Xilinx cable switch settings are correct.
3. If you are using Xilinx Platform Cable USB, ensure that status LED is green.
02:07:37 INFO  : Connected through redirection to target on host '192.168.224.251' and port '62377'.
02:07:37 WARN  : IDE version '2022.1.0' doesn't match hw_server version '2024.1.0'. Some debug features may not work.
02:07:39 INFO  : Jtag cable 'Digilent Zed 210248722265' is selected.
02:07:39 INFO  : 'jtag frequency' command is executed.
02:07:39 INFO  : Context for 'APU' is selected.
02:07:39 INFO  : System reset is completed.
02:07:42 INFO  : 'after 3000' command is executed.
02:07:42 INFO  : 'targets -set -filter {jtag_cable_name =~ "Digilent Zed 210248722265" && level==0 && jtag_device_ctx=="jsn-Zed-210248722265-23727093-0"}' command is executed.
02:07:45 INFO  : Device configured successfully with "/mnt/arch/home/adi/repo/AELD_Lab_2026/as_close_as_midsem/vivado_zc_full_opt_acp/zc_acp_wlo/_ide/bitstream/design_1_wrapper.bit"
02:07:45 INFO  : Context for 'APU' is selected.
02:07:47 INFO  : Hardware design and registers information is loaded from '/mnt/arch/home/adi/repo/AELD_Lab_2026/as_close_as_midsem/vivado_zc_full_opt_acp/design_1_wrapper/export/design_1_wrapper/hw/design_1_wrapper.xsa'.
02:07:47 INFO  : 'configparams force-mem-access 1' command is executed.
02:07:47 INFO  : Context for 'APU' is selected.
02:07:47 INFO  : Sourcing of '/mnt/arch/home/adi/repo/AELD_Lab_2026/as_close_as_midsem/vivado_zc_full_opt_acp/zc_acp_wlo/_ide/psinit/ps7_init.tcl' is done.
02:08:02 INFO  : 'ps7_init' command is executed.
02:08:02 INFO  : 'ps7_post_config' command is executed.
02:08:02 INFO  : Context for processor 'ps7_cortexa9_0' is selected.
02:08:03 INFO  : The application '/mnt/arch/home/adi/repo/AELD_Lab_2026/as_close_as_midsem/vivado_zc_full_opt_acp/zc_acp_wlo/Debug/zc_acp_wlo.elf' is downloaded to processor 'ps7_cortexa9_0'.
02:08:03 INFO  : 'configparams force-mem-access 0' command is executed.
02:08:03 INFO  : ----------------XSDB Script----------------
connect -path [list tcp::1534 tcp:192.168.224.251:62377]
targets -set -nocase -filter {name =~"APU*"}
rst -system
after 3000
targets -set -filter {jtag_cable_name =~ "Digilent Zed 210248722265" && level==0 && jtag_device_ctx=="jsn-Zed-210248722265-23727093-0"}
fpga -file /mnt/arch/home/adi/repo/AELD_Lab_2026/as_close_as_midsem/vivado_zc_full_opt_acp/zc_acp_wlo/_ide/bitstream/design_1_wrapper.bit
targets -set -nocase -filter {name =~"APU*"}
loadhw -hw /mnt/arch/home/adi/repo/AELD_Lab_2026/as_close_as_midsem/vivado_zc_full_opt_acp/design_1_wrapper/export/design_1_wrapper/hw/design_1_wrapper.xsa -mem-ranges [list {0x40000000 0xbfffffff}] -regs
configparams force-mem-access 1
targets -set -nocase -filter {name =~"APU*"}
source /mnt/arch/home/adi/repo/AELD_Lab_2026/as_close_as_midsem/vivado_zc_full_opt_acp/zc_acp_wlo/_ide/psinit/ps7_init.tcl
ps7_init
ps7_post_config
targets -set -nocase -filter {name =~ "*A9*#0"}
dow /mnt/arch/home/adi/repo/AELD_Lab_2026/as_close_as_midsem/vivado_zc_full_opt_acp/zc_acp_wlo/Debug/zc_acp_wlo.elf
configparams force-mem-access 0
----------------End of Script----------------

02:08:04 INFO  : Context for processor 'ps7_cortexa9_0' is selected.
02:08:04 INFO  : 'con' command is executed.
02:08:04 INFO  : ----------------XSDB Script (After Launch)----------------
targets -set -nocase -filter {name =~ "*A9*#0"}
con
----------------End of Script----------------

02:08:04 INFO  : Launch script is exported to file '/mnt/arch/home/adi/repo/AELD_Lab_2026/as_close_as_midsem/vivado_zc_full_opt_acp/zc_acp_wlo_system/_ide/scripts/debugger_zc_acp_wlo-default.tcl'
02:27:47 INFO  : Disconnected from the channel tcfchan#2.
