Copyright 1986-2022 Xilinx, Inc. All Rights Reserved.
------------------------------------------------------------------------------------
| Tool Version : Vivado v.2022.1 (lin64) Build 3526262 Mon Apr 18 15:47:01 MDT 2022
| Date         : Tue May  5 23:32:25 2026
| Host         : adi-ubuntu running 64-bit Ubuntu 20.04.3 LTS
| Command      : upgrade_ip
| Device       : xc7z020clg484-1
------------------------------------------------------------------------------------

Upgrade Log for IP 'design_1_doppler_fft_256_0_0'

1. Summary
----------

SUCCESS in the upgrade of design_1_doppler_fft_256_0_0 (xilinx.com:hls:doppler_fft_256:1.0) from (Rev. 2114585630) to (Rev. 2114596059)






Copyright 1986-2022 Xilinx, Inc. All Rights Reserved.
------------------------------------------------------------------------------------
| Tool Version : Vivado v.2022.1 (lin64) Build 3526262 Mon Apr 18 15:47:01 MDT 2022
| Date         : Tue May  5 17:50:07 2026
| Host         : adi-ubuntu running 64-bit Ubuntu 20.04.3 LTS
| Command      : upgrade_ip
| Device       : xc7z020clg484-1
------------------------------------------------------------------------------------

Upgrade Log for IP 'design_1_ifft_1024_top_0_0'

1. Summary
----------

SUCCESS in the upgrade of design_1_ifft_1024_top_0_0 (xilinx.com:hls:ifft_1024_top:1.0) from (Rev. 2114595550) to (Rev. 2114595784)






Copyright 1986-2022 Xilinx, Inc. All Rights Reserved.
------------------------------------------------------------------------------------
| Tool Version : Vivado v.2022.1 (lin64) Build 3526262 Mon Apr 18 15:47:01 MDT 2022
| Date         : Tue May  5 17:50:07 2026
| Host         : adi-ubuntu running 64-bit Ubuntu 20.04.3 LTS
| Command      : upgrade_ip
| Device       : xc7z020clg484-1
------------------------------------------------------------------------------------

Upgrade Log for IP 'design_1_fft_1024_top_0_0'

1. Summary
----------

SUCCESS in the upgrade of design_1_fft_1024_top_0_0 (xilinx.com:hls:fft_1024_top:1.0) from (Rev. 2114595552) to (Rev. 2114595784)






Copyright 1986-2022 Xilinx, Inc. All Rights Reserved.
------------------------------------------------------------------------------------
| Tool Version : Vivado v.2022.1 (lin64) Build 3526262 Mon Apr 18 15:47:01 MDT 2022
| Date         : Tue May  5 17:50:07 2026
| Host         : adi-ubuntu running 64-bit Ubuntu 20.04.3 LTS
| Command      : upgrade_ip
| Device       : xc7z020clg484-1
------------------------------------------------------------------------------------

Upgrade Log for IP 'design_1_corr_multiplication_0_0'

1. Summary
----------

SUCCESS in the upgrade of design_1_corr_multiplication_0_0 (xilinx.com:hls:corr_multiplication:1.0) from (Rev. 2114595557) to (Rev. 2114595786)

