

================================================================
== Vitis HLS Report for 'mul512'
================================================================
* Date:           Tue May  5 12:35:43 2026

* Version:        2022.1 (Build 3526262 on Mon Apr 18 15:47:01 MDT 2022)
* Project:        mul2_512
* Solution:       solution1 (Vivado IP Flow Target)
* Product family: zynq
* Target device:  xc7z020-clg484-1


================================================================
== Performance Estimates
================================================================
+ Timing: 
    * Summary: 
    +--------+----------+----------+------------+
    |  Clock |  Target  | Estimated| Uncertainty|
    +--------+----------+----------+------------+
    |ap_clk  |  10.00 ns|  7.256 ns|     2.70 ns|
    +--------+----------+----------+------------+

+ Latency: 
    * Summary: 
    +---------+---------+-----------+-----------+------+------+---------+
    |  Latency (cycles) |   Latency (absolute)  |   Interval  | Pipeline|
    |   min   |   max   |    min    |    max    |  min |  max |   Type  |
    +---------+---------+-----------+-----------+------+------+---------+
    |     2074|     2074|  20.740 us|  20.740 us|  2075|  2075|       no|
    +---------+---------+-----------+-----------+------+------+---------+

    + Detail: 
        * Instance: 
        +--------------------------------------------+---------------------------------+---------+---------+----------+----------+-----+-----+---------+
        |                                            |                                 |  Latency (cycles) |  Latency (absolute) |  Interval | Pipeline|
        |                  Instance                  |              Module             |   min   |   max   |    min   |    max   | min | max |   Type  |
        +--------------------------------------------+---------------------------------+---------+---------+----------+----------+-----+-----+---------+
        |grp_mul512_Pipeline_1_fu_136                |mul512_Pipeline_1                |      513|      513|  5.130 us|  5.130 us|  513|  513|       no|
        |grp_mul512_Pipeline_2_fu_142                |mul512_Pipeline_2                |      513|      513|  5.130 us|  5.130 us|  513|  513|       no|
        |grp_mul512_Pipeline_VITIS_LOOP_15_1_fu_148  |mul512_Pipeline_VITIS_LOOP_15_1  |      514|      514|  5.140 us|  5.140 us|  514|  514|       no|
        |grp_mul512_Pipeline_VITIS_LOOP_20_2_fu_162  |mul512_Pipeline_VITIS_LOOP_20_2  |      524|      524|  5.240 us|  5.240 us|  524|  524|       no|
        |grp_mul512_Pipeline_VITIS_LOOP_25_3_fu_174  |mul512_Pipeline_VITIS_LOOP_25_3  |      514|      514|  5.140 us|  5.140 us|  514|  514|       no|
        +--------------------------------------------+---------------------------------+---------+---------+----------+----------+-----+-----+---------+

        * Loop: 
        N/A

============================================================
+ Verbose Summary: Synthesis Manager
============================================================
InlineROM: 1
ExposeGlobal: 0
============================================================
+ Verbose Summary: CDFG Model
============================================================
IsTopModel: 1
ResetActiveHigh: 1
IsCombinational: 0
IsDatapathOnly: 0
HasWiredReturn: 1
HasMFsm: 0
HasVarLatency: 1
IsPipeline: 0
IsRtlPipelined: 0
IsInstanceOverlapped: 0
IsDontTouch: 0
HasImplIP: 0
IsGatedGlobalClock: 0


============================================================
+ Verbose Summary: Schedule
============================================================
* Number of FSM states : 10
* Pipeline : 0
* Dataflow Pipeline: 0

* FSM state transitions: 
1 --> 2 
2 --> 3 
3 --> 4 
4 --> 5 
5 --> 6 
6 --> 7 
7 --> 8 
8 --> 9 
9 --> 10 
10 --> 

* FSM state operations: 

State 1 <SV = 0> <Delay = 6.50>
ST_1 : Operation 11 [1/1] (3.25ns)   --->   "%zc_M_value = alloca i64 1" [mul2_512/mul.cpp:10]   --->   Operation 11 'alloca' 'zc_M_value' <Predicate = true> <Delay = 3.25> <CoreInst = "RAM">   --->   Core 82 'RAM' <Latency = 1> <II = 1> <Delay = 3.25> <Storage> <Opcode : 'load' 'store'> <Ports = 2> <Width = 32> <Depth = 512> <RAM>
ST_1 : Operation 12 [1/1] (3.25ns)   --->   "%zc_M_value_1 = alloca i64 1" [mul2_512/mul.cpp:10]   --->   Operation 12 'alloca' 'zc_M_value_1' <Predicate = true> <Delay = 3.25> <CoreInst = "RAM">   --->   Core 82 'RAM' <Latency = 1> <II = 1> <Delay = 3.25> <Storage> <Opcode : 'load' 'store'> <Ports = 2> <Width = 32> <Depth = 512> <RAM>
ST_1 : Operation 13 [1/1] (3.25ns)   --->   "%output_zc_M_value = alloca i64 1" [mul2_512/mul.cpp:11]   --->   Operation 13 'alloca' 'output_zc_M_value' <Predicate = true> <Delay = 3.25> <CoreInst = "RAM">   --->   Core 82 'RAM' <Latency = 1> <II = 1> <Delay = 3.25> <Storage> <Opcode : 'load' 'store'> <Ports = 2> <Width = 32> <Depth = 512> <RAM>
ST_1 : Operation 14 [1/1] (3.25ns)   --->   "%output_zc_M_value_1 = alloca i64 1" [mul2_512/mul.cpp:11]   --->   Operation 14 'alloca' 'output_zc_M_value_1' <Predicate = true> <Delay = 3.25> <CoreInst = "RAM">   --->   Core 82 'RAM' <Latency = 1> <II = 1> <Delay = 3.25> <Storage> <Opcode : 'load' 'store'> <Ports = 2> <Width = 32> <Depth = 512> <RAM>
ST_1 : Operation 15 [1/1] (0.00ns)   --->   "%zc_M_value_addr = getelementptr i32 %zc_M_value, i64 0, i64 0"   --->   Operation 15 'getelementptr' 'zc_M_value_addr' <Predicate = true> <Delay = 0.00>
ST_1 : Operation 16 [1/1] (0.00ns)   --->   "%zc_M_value_1_addr = getelementptr i32 %zc_M_value_1, i64 0, i64 0"   --->   Operation 16 'getelementptr' 'zc_M_value_1_addr' <Predicate = true> <Delay = 0.00>
ST_1 : Operation 17 [1/1] (3.25ns)   --->   "%store_ln1081 = store i32 0, i9 %zc_M_value_addr"   --->   Operation 17 'store' 'store_ln1081' <Predicate = true> <Delay = 3.25> <CoreInst = "RAM">   --->   Core 82 'RAM' <Latency = 1> <II = 1> <Delay = 3.25> <Storage> <Opcode : 'load' 'store'> <Ports = 2> <Width = 32> <Depth = 512> <RAM>
ST_1 : Operation 18 [1/1] (3.25ns)   --->   "%store_ln1081 = store i32 0, i9 %zc_M_value_1_addr"   --->   Operation 18 'store' 'store_ln1081' <Predicate = true> <Delay = 3.25> <CoreInst = "RAM">   --->   Core 82 'RAM' <Latency = 1> <II = 1> <Delay = 3.25> <Storage> <Opcode : 'load' 'store'> <Ports = 2> <Width = 32> <Depth = 512> <RAM>
ST_1 : Operation 19 [1/1] (0.00ns)   --->   "%output_zc_M_value_addr = getelementptr i32 %output_zc_M_value, i64 0, i64 0"   --->   Operation 19 'getelementptr' 'output_zc_M_value_addr' <Predicate = true> <Delay = 0.00>
ST_1 : Operation 20 [1/1] (0.00ns)   --->   "%output_zc_M_value_1_addr = getelementptr i32 %output_zc_M_value_1, i64 0, i64 0"   --->   Operation 20 'getelementptr' 'output_zc_M_value_1_addr' <Predicate = true> <Delay = 0.00>
ST_1 : Operation 21 [1/1] (3.25ns)   --->   "%store_ln1081 = store i32 0, i9 %output_zc_M_value_addr"   --->   Operation 21 'store' 'store_ln1081' <Predicate = true> <Delay = 3.25> <CoreInst = "RAM">   --->   Core 82 'RAM' <Latency = 1> <II = 1> <Delay = 3.25> <Storage> <Opcode : 'load' 'store'> <Ports = 2> <Width = 32> <Depth = 512> <RAM>
ST_1 : Operation 22 [1/1] (3.25ns)   --->   "%store_ln1081 = store i32 0, i9 %output_zc_M_value_1_addr"   --->   Operation 22 'store' 'store_ln1081' <Predicate = true> <Delay = 3.25> <CoreInst = "RAM">   --->   Core 82 'RAM' <Latency = 1> <II = 1> <Delay = 3.25> <Storage> <Opcode : 'load' 'store'> <Ports = 2> <Width = 32> <Depth = 512> <RAM>

State 2 <SV = 1> <Delay = 0.00>
ST_2 : Operation 23 [2/2] (0.00ns)   --->   "%call_ln0 = call void @mul512_Pipeline_1, i32 %zc_M_value, i32 %zc_M_value_1"   --->   Operation 23 'call' 'call_ln0' <Predicate = true> <Delay = 0.00> <CoreType = "Generic">   --->   Core 0 '' <Latency = 0> <II = 1> <Delay = 1.00> <Generic> <Opcode : >
ST_2 : Operation 24 [2/2] (0.00ns)   --->   "%call_ln0 = call void @mul512_Pipeline_2, i32 %output_zc_M_value, i32 %output_zc_M_value_1"   --->   Operation 24 'call' 'call_ln0' <Predicate = true> <Delay = 0.00> <CoreType = "Generic">   --->   Core 0 '' <Latency = 0> <II = 1> <Delay = 1.00> <Generic> <Opcode : >

State 3 <SV = 2> <Delay = 0.00>
ST_3 : Operation 25 [1/2] (0.00ns)   --->   "%call_ln0 = call void @mul512_Pipeline_1, i32 %zc_M_value, i32 %zc_M_value_1"   --->   Operation 25 'call' 'call_ln0' <Predicate = true> <Delay = 0.00> <CoreType = "Generic">   --->   Core 0 '' <Latency = 0> <II = 1> <Delay = 1.00> <Generic> <Opcode : >
ST_3 : Operation 26 [1/2] (0.00ns)   --->   "%call_ln0 = call void @mul512_Pipeline_2, i32 %output_zc_M_value, i32 %output_zc_M_value_1"   --->   Operation 26 'call' 'call_ln0' <Predicate = true> <Delay = 0.00> <CoreType = "Generic">   --->   Core 0 '' <Latency = 0> <II = 1> <Delay = 1.00> <Generic> <Opcode : >

State 4 <SV = 3> <Delay = 3.25>
ST_4 : Operation 27 [1/1] (0.00ns)   --->   "%empty = wait i32 @_ssdm_op_Wait"   --->   Operation 27 'wait' 'empty' <Predicate = true> <Delay = 0.00>
ST_4 : Operation 28 [2/2] (3.25ns)   --->   "%call_ln0 = call void @mul512_Pipeline_VITIS_LOOP_15_1, i64 %input_r_V_data_V, i8 %input_r_V_keep_V, i8 %input_r_V_strb_V, i1 %input_r_V_last_V, i32 %zc_M_value, i32 %zc_M_value_1"   --->   Operation 28 'call' 'call_ln0' <Predicate = true> <Delay = 3.25> <CoreType = "Generic">   --->   Core 0 '' <Latency = 0> <II = 1> <Delay = 1.00> <Generic> <Opcode : >

State 5 <SV = 4> <Delay = 0.00>
ST_5 : Operation 29 [1/2] (0.00ns)   --->   "%call_ln0 = call void @mul512_Pipeline_VITIS_LOOP_15_1, i64 %input_r_V_data_V, i8 %input_r_V_keep_V, i8 %input_r_V_strb_V, i1 %input_r_V_last_V, i32 %zc_M_value, i32 %zc_M_value_1"   --->   Operation 29 'call' 'call_ln0' <Predicate = true> <Delay = 0.00> <CoreType = "Generic">   --->   Core 0 '' <Latency = 0> <II = 1> <Delay = 1.00> <Generic> <Opcode : >

State 6 <SV = 5> <Delay = 0.00>
ST_6 : Operation 30 [1/1] (0.00ns)   --->   "%empty_13 = wait i32 @_ssdm_op_Wait"   --->   Operation 30 'wait' 'empty_13' <Predicate = true> <Delay = 0.00>
ST_6 : Operation 31 [2/2] (0.00ns)   --->   "%call_ln0 = call void @mul512_Pipeline_VITIS_LOOP_20_2, i32 %zc_M_value, i32 %zc_M_value_1, i32 %output_zc_M_value, i32 %output_zc_M_value_1, i32 %zc_conj_M_value_1, i32 %zc_conj_M_value"   --->   Operation 31 'call' 'call_ln0' <Predicate = true> <Delay = 0.00> <CoreType = "Generic">   --->   Core 0 '' <Latency = 0> <II = 1> <Delay = 1.00> <Generic> <Opcode : >

State 7 <SV = 6> <Delay = 0.00>
ST_7 : Operation 32 [1/2] (0.00ns)   --->   "%call_ln0 = call void @mul512_Pipeline_VITIS_LOOP_20_2, i32 %zc_M_value, i32 %zc_M_value_1, i32 %output_zc_M_value, i32 %output_zc_M_value_1, i32 %zc_conj_M_value_1, i32 %zc_conj_M_value"   --->   Operation 32 'call' 'call_ln0' <Predicate = true> <Delay = 0.00> <CoreType = "Generic">   --->   Core 0 '' <Latency = 0> <II = 1> <Delay = 1.00> <Generic> <Opcode : >

State 8 <SV = 7> <Delay = 0.00>
ST_8 : Operation 33 [1/1] (0.00ns)   --->   "%empty_14 = wait i32 @_ssdm_op_Wait"   --->   Operation 33 'wait' 'empty_14' <Predicate = true> <Delay = 0.00>
ST_8 : Operation 34 [2/2] (0.00ns)   --->   "%call_ln0 = call void @mul512_Pipeline_VITIS_LOOP_25_3, i32 %output_zc_M_value, i32 %output_zc_M_value_1, i64 %output_r_V_data_V, i8 %output_r_V_keep_V, i8 %output_r_V_strb_V, i1 %output_r_V_last_V"   --->   Operation 34 'call' 'call_ln0' <Predicate = true> <Delay = 0.00> <CoreType = "Generic">   --->   Core 0 '' <Latency = 0> <II = 1> <Delay = 1.00> <Generic> <Opcode : >

State 9 <SV = 8> <Delay = 3.25>
ST_9 : Operation 35 [1/2] (3.25ns)   --->   "%call_ln0 = call void @mul512_Pipeline_VITIS_LOOP_25_3, i32 %output_zc_M_value, i32 %output_zc_M_value_1, i64 %output_r_V_data_V, i8 %output_r_V_keep_V, i8 %output_r_V_strb_V, i1 %output_r_V_last_V"   --->   Operation 35 'call' 'call_ln0' <Predicate = true> <Delay = 3.25> <CoreType = "Generic">   --->   Core 0 '' <Latency = 0> <II = 1> <Delay = 1.00> <Generic> <Opcode : >

State 10 <SV = 9> <Delay = 0.00>
ST_10 : Operation 36 [1/1] (0.00ns)   --->   "%spectopmodule_ln4 = spectopmodule void @_ssdm_op_SpecTopModule, void @empty_2" [mul2_512/mul.cpp:4]   --->   Operation 36 'spectopmodule' 'spectopmodule_ln4' <Predicate = true> <Delay = 0.00>
ST_10 : Operation 37 [1/1] (0.00ns)   --->   "%specinterface_ln4 = specinterface void @_ssdm_op_SpecInterface, i32 0, void @empty_3, i32 0, i32 0, void @empty_1, i32 0, i32 0, void @empty_1, void @empty_1, void @empty_1, i32 0, i32 0, i32 0, i32 0, void @empty_1, void @empty_1, i32 4294967295, i32 0" [mul2_512/mul.cpp:4]   --->   Operation 37 'specinterface' 'specinterface_ln4' <Predicate = true> <Delay = 0.00>
ST_10 : Operation 38 [1/1] (0.00ns)   --->   "%specinterface_ln0 = specinterface void @_ssdm_op_SpecInterface, i64 %input_r_V_data_V, i8 %input_r_V_keep_V, i8 %input_r_V_strb_V, i1 %input_r_V_last_V, void @empty, i32 1, i32 1, void @empty_0, i32 0, i32 0, void @empty_1, void @empty_1, void @empty_1, i32 0, i32 0, i32 0, i32 0, void @empty_1, void @empty_1, i32 4294967295, i32 0"   --->   Operation 38 'specinterface' 'specinterface_ln0' <Predicate = true> <Delay = 0.00>
ST_10 : Operation 39 [1/1] (0.00ns)   --->   "%specbitsmap_ln0 = specbitsmap void @_ssdm_op_SpecBitsMap, i64 %input_r_V_data_V"   --->   Operation 39 'specbitsmap' 'specbitsmap_ln0' <Predicate = true> <Delay = 0.00>
ST_10 : Operation 40 [1/1] (0.00ns)   --->   "%specbitsmap_ln0 = specbitsmap void @_ssdm_op_SpecBitsMap, i8 %input_r_V_keep_V"   --->   Operation 40 'specbitsmap' 'specbitsmap_ln0' <Predicate = true> <Delay = 0.00>
ST_10 : Operation 41 [1/1] (0.00ns)   --->   "%specbitsmap_ln0 = specbitsmap void @_ssdm_op_SpecBitsMap, i8 %input_r_V_strb_V"   --->   Operation 41 'specbitsmap' 'specbitsmap_ln0' <Predicate = true> <Delay = 0.00>
ST_10 : Operation 42 [1/1] (0.00ns)   --->   "%specbitsmap_ln0 = specbitsmap void @_ssdm_op_SpecBitsMap, i1 %input_r_V_last_V"   --->   Operation 42 'specbitsmap' 'specbitsmap_ln0' <Predicate = true> <Delay = 0.00>
ST_10 : Operation 43 [1/1] (0.00ns)   --->   "%specinterface_ln0 = specinterface void @_ssdm_op_SpecInterface, i64 %output_r_V_data_V, i8 %output_r_V_keep_V, i8 %output_r_V_strb_V, i1 %output_r_V_last_V, void @empty, i32 1, i32 1, void @empty_0, i32 0, i32 0, void @empty_1, void @empty_1, void @empty_1, i32 0, i32 0, i32 0, i32 0, void @empty_1, void @empty_1, i32 4294967295, i32 0"   --->   Operation 43 'specinterface' 'specinterface_ln0' <Predicate = true> <Delay = 0.00>
ST_10 : Operation 44 [1/1] (0.00ns)   --->   "%specbitsmap_ln0 = specbitsmap void @_ssdm_op_SpecBitsMap, i64 %output_r_V_data_V"   --->   Operation 44 'specbitsmap' 'specbitsmap_ln0' <Predicate = true> <Delay = 0.00>
ST_10 : Operation 45 [1/1] (0.00ns)   --->   "%specbitsmap_ln0 = specbitsmap void @_ssdm_op_SpecBitsMap, i8 %output_r_V_keep_V"   --->   Operation 45 'specbitsmap' 'specbitsmap_ln0' <Predicate = true> <Delay = 0.00>
ST_10 : Operation 46 [1/1] (0.00ns)   --->   "%specbitsmap_ln0 = specbitsmap void @_ssdm_op_SpecBitsMap, i8 %output_r_V_strb_V"   --->   Operation 46 'specbitsmap' 'specbitsmap_ln0' <Predicate = true> <Delay = 0.00>
ST_10 : Operation 47 [1/1] (0.00ns)   --->   "%specbitsmap_ln0 = specbitsmap void @_ssdm_op_SpecBitsMap, i1 %output_r_V_last_V"   --->   Operation 47 'specbitsmap' 'specbitsmap_ln0' <Predicate = true> <Delay = 0.00>
ST_10 : Operation 48 [1/1] (0.00ns)   --->   "%ret_ln39 = ret" [mul2_512/mul.cpp:39]   --->   Operation 48 'ret' 'ret_ln39' <Predicate = true> <Delay = 0.00>


============================================================
+ Verbose Summary: Binding
============================================================
STG Binding: 
---------------- STG Properties BEGIN ----------------
- Is combinational: 0
- Is one-state seq: 0
- Is datapath-only: 0
- Is pipelined: 0
- Is top level: 1
Port [ Return ] is wired: 1; IO mode=ap_ctrl_none:ce=0
Port [ input_r_V_data_V]:  wired=1; compound=1; hidden=0; nouse=0; global=0; static=0; extern=0; dir=0; type=0; pingpong=0; private_global=0; IO mode=axis:ce=0
Port [ input_r_V_keep_V]:  wired=1; compound=1; hidden=0; nouse=0; global=0; static=0; extern=0; dir=0; type=0; pingpong=0; private_global=0; IO mode=axis:ce=0
Port [ input_r_V_strb_V]:  wired=1; compound=1; hidden=0; nouse=0; global=0; static=0; extern=0; dir=0; type=0; pingpong=0; private_global=0; IO mode=axis:ce=0
Port [ input_r_V_last_V]:  wired=1; compound=1; hidden=0; nouse=0; global=0; static=0; extern=0; dir=0; type=0; pingpong=0; private_global=0; IO mode=axis:ce=0
Port [ output_r_V_data_V]:  wired=1; compound=1; hidden=0; nouse=0; global=0; static=0; extern=0; dir=1; type=0; pingpong=0; private_global=0; IO mode=axis:ce=0
Port [ output_r_V_keep_V]:  wired=1; compound=1; hidden=0; nouse=0; global=0; static=0; extern=0; dir=1; type=0; pingpong=0; private_global=0; IO mode=axis:ce=0
Port [ output_r_V_strb_V]:  wired=1; compound=1; hidden=0; nouse=0; global=0; static=0; extern=0; dir=1; type=0; pingpong=0; private_global=0; IO mode=axis:ce=0
Port [ output_r_V_last_V]:  wired=1; compound=1; hidden=0; nouse=0; global=0; static=0; extern=0; dir=1; type=0; pingpong=0; private_global=0; IO mode=axis:ce=0
Port [ zc_conj_M_value_1]:  wired=0; compound=1; hidden=1; nouse=1; global=1; static=1; extern=0; dir=0; type=1; pingpong=0; private_global=0; MemPort=[1]; IO mode=ap_memory:ce=0
Port [ zc_conj_M_value]:  wired=0; compound=1; hidden=1; nouse=1; global=1; static=1; extern=0; dir=0; type=1; pingpong=0; private_global=0; MemPort=[1]; IO mode=ap_memory:ce=0
---------------- STG Properties END ------------------

---------------- Datapath Model BEGIN ----------------

<LifeTime>
<method=bitvector/>
zc_M_value               (alloca       ) [ 00111111000]
zc_M_value_1             (alloca       ) [ 00111111000]
output_zc_M_value        (alloca       ) [ 00111111110]
output_zc_M_value_1      (alloca       ) [ 00111111110]
zc_M_value_addr          (getelementptr) [ 00000000000]
zc_M_value_1_addr        (getelementptr) [ 00000000000]
store_ln1081             (store        ) [ 00000000000]
store_ln1081             (store        ) [ 00000000000]
output_zc_M_value_addr   (getelementptr) [ 00000000000]
output_zc_M_value_1_addr (getelementptr) [ 00000000000]
store_ln1081             (store        ) [ 00000000000]
store_ln1081             (store        ) [ 00000000000]
call_ln0                 (call         ) [ 00000000000]
call_ln0                 (call         ) [ 00000000000]
empty                    (wait         ) [ 00000000000]
call_ln0                 (call         ) [ 00000000000]
empty_13                 (wait         ) [ 00000000000]
call_ln0                 (call         ) [ 00000000000]
empty_14                 (wait         ) [ 00000000000]
call_ln0                 (call         ) [ 00000000000]
spectopmodule_ln4        (spectopmodule) [ 00000000000]
specinterface_ln4        (specinterface) [ 00000000000]
specinterface_ln0        (specinterface) [ 00000000000]
specbitsmap_ln0          (specbitsmap  ) [ 00000000000]
specbitsmap_ln0          (specbitsmap  ) [ 00000000000]
specbitsmap_ln0          (specbitsmap  ) [ 00000000000]
specbitsmap_ln0          (specbitsmap  ) [ 00000000000]
specinterface_ln0        (specinterface) [ 00000000000]
specbitsmap_ln0          (specbitsmap  ) [ 00000000000]
specbitsmap_ln0          (specbitsmap  ) [ 00000000000]
specbitsmap_ln0          (specbitsmap  ) [ 00000000000]
specbitsmap_ln0          (specbitsmap  ) [ 00000000000]
ret_ln39                 (ret          ) [ 00000000000]
</LifeTime>

<model>

<comp_list>
<comp id="0" class="1000" name="input_r_V_data_V">
<pin_list>
<pin id="1" dir="1" index="0" bw="1" slack="0"/>
</pin_list>
<bind>
<StgValue><ssdm name="input_r_V_data_V"/></StgValue>
</bind>
</comp>

<comp id="2" class="1000" name="input_r_V_keep_V">
<pin_list>
<pin id="3" dir="1" index="0" bw="1" slack="0"/>
</pin_list>
<bind>
<StgValue><ssdm name="input_r_V_keep_V"/></StgValue>
</bind>
</comp>

<comp id="4" class="1000" name="input_r_V_strb_V">
<pin_list>
<pin id="5" dir="1" index="0" bw="1" slack="0"/>
</pin_list>
<bind>
<StgValue><ssdm name="input_r_V_strb_V"/></StgValue>
</bind>
</comp>

<comp id="6" class="1000" name="input_r_V_last_V">
<pin_list>
<pin id="7" dir="1" index="0" bw="1" slack="0"/>
</pin_list>
<bind>
<StgValue><ssdm name="input_r_V_last_V"/></StgValue>
</bind>
</comp>

<comp id="8" class="1000" name="output_r_V_data_V">
<pin_list>
<pin id="9" dir="1" index="0" bw="1" slack="0"/>
</pin_list>
<bind>
<StgValue><ssdm name="output_r_V_data_V"/></StgValue>
</bind>
</comp>

<comp id="10" class="1000" name="output_r_V_keep_V">
<pin_list>
<pin id="11" dir="1" index="0" bw="1" slack="0"/>
</pin_list>
<bind>
<StgValue><ssdm name="output_r_V_keep_V"/></StgValue>
</bind>
</comp>

<comp id="12" class="1000" name="output_r_V_strb_V">
<pin_list>
<pin id="13" dir="1" index="0" bw="1" slack="0"/>
</pin_list>
<bind>
<StgValue><ssdm name="output_r_V_strb_V"/></StgValue>
</bind>
</comp>

<comp id="14" class="1000" name="output_r_V_last_V">
<pin_list>
<pin id="15" dir="1" index="0" bw="1" slack="0"/>
</pin_list>
<bind>
<StgValue><ssdm name="output_r_V_last_V"/></StgValue>
</bind>
</comp>

<comp id="16" class="1000" name="zc_conj_M_value_1">
<pin_list>
<pin id="17" dir="1" index="0" bw="1" slack="0"/>
</pin_list>
<bind>
<StgValue><ssdm name="zc_conj_M_value_1"/><MemPortTyVec>1 </MemPortTyVec>
</StgValue>
</bind>
</comp>

<comp id="18" class="1000" name="zc_conj_M_value">
<pin_list>
<pin id="19" dir="1" index="0" bw="1" slack="0"/>
</pin_list>
<bind>
<StgValue><ssdm name="zc_conj_M_value"/><MemPortTyVec>1 </MemPortTyVec>
</StgValue>
</bind>
</comp>

<comp id="20" class="1001" name="const_20">
<pin_list>
<pin id="21" dir="1" index="0" bw="1" slack="0"/>
</pin_list>
<bind>
<StgValue><ssdm name=""/></StgValue>
</bind>
</comp>

<comp id="22" class="1001" name="const_22">
<pin_list>
<pin id="23" dir="1" index="0" bw="1" slack="0"/>
</pin_list>
<bind>
<StgValue><ssdm name=""/></StgValue>
</bind>
</comp>

<comp id="24" class="1001" name="const_24">
<pin_list>
<pin id="25" dir="1" index="0" bw="1" slack="0"/>
</pin_list>
<bind>
<StgValue><ssdm name=""/></StgValue>
</bind>
</comp>

<comp id="26" class="1001" name="const_26">
<pin_list>
<pin id="27" dir="1" index="0" bw="1" slack="0"/>
</pin_list>
<bind>
<StgValue><ssdm name="mul512_Pipeline_1"/></StgValue>
</bind>
</comp>

<comp id="28" class="1001" name="const_28">
<pin_list>
<pin id="29" dir="1" index="0" bw="1" slack="0"/>
</pin_list>
<bind>
<StgValue><ssdm name="mul512_Pipeline_2"/></StgValue>
</bind>
</comp>

<comp id="30" class="1001" name="const_30">
<pin_list>
<pin id="31" dir="1" index="0" bw="1" slack="2147483647"/>
</pin_list>
<bind>
<StgValue><ssdm name="_ssdm_op_Wait"/></StgValue>
</bind>
</comp>

<comp id="32" class="1001" name="const_32">
<pin_list>
<pin id="33" dir="1" index="0" bw="1" slack="0"/>
</pin_list>
<bind>
<StgValue><ssdm name="mul512_Pipeline_VITIS_LOOP_15_1"/></StgValue>
</bind>
</comp>

<comp id="34" class="1001" name="const_34">
<pin_list>
<pin id="35" dir="1" index="0" bw="1" slack="0"/>
</pin_list>
<bind>
<StgValue><ssdm name="mul512_Pipeline_VITIS_LOOP_20_2"/></StgValue>
</bind>
</comp>

<comp id="36" class="1001" name="const_36">
<pin_list>
<pin id="37" dir="1" index="0" bw="1" slack="0"/>
</pin_list>
<bind>
<StgValue><ssdm name="mul512_Pipeline_VITIS_LOOP_25_3"/></StgValue>
</bind>
</comp>

<comp id="38" class="1001" name="const_38">
<pin_list>
<pin id="39" dir="1" index="0" bw="1" slack="2147483647"/>
</pin_list>
<bind>
<StgValue><ssdm name="_ssdm_op_SpecTopModule"/></StgValue>
</bind>
</comp>

<comp id="40" class="1001" name="const_40">
<pin_list>
<pin id="41" dir="1" index="0" bw="1" slack="2147483647"/>
</pin_list>
<bind>
<StgValue><ssdm name="empty_2"/></StgValue>
</bind>
</comp>

<comp id="42" class="1001" name="const_42">
<pin_list>
<pin id="43" dir="1" index="0" bw="1" slack="2147483647"/>
</pin_list>
<bind>
<StgValue><ssdm name="_ssdm_op_SpecInterface"/></StgValue>
</bind>
</comp>

<comp id="44" class="1001" name="const_44">
<pin_list>
<pin id="45" dir="1" index="0" bw="1" slack="2147483647"/>
</pin_list>
<bind>
<StgValue><ssdm name=""/></StgValue>
</bind>
</comp>

<comp id="46" class="1001" name="const_46">
<pin_list>
<pin id="47" dir="1" index="0" bw="1" slack="2147483647"/>
</pin_list>
<bind>
<StgValue><ssdm name="empty_3"/></StgValue>
</bind>
</comp>

<comp id="48" class="1001" name="const_48">
<pin_list>
<pin id="49" dir="1" index="0" bw="1" slack="2147483647"/>
</pin_list>
<bind>
<StgValue><ssdm name="empty_1"/></StgValue>
</bind>
</comp>

<comp id="50" class="1001" name="const_50">
<pin_list>
<pin id="51" dir="1" index="0" bw="1" slack="2147483647"/>
</pin_list>
<bind>
<StgValue><ssdm name=""/></StgValue>
</bind>
</comp>

<comp id="52" class="1001" name="const_52">
<pin_list>
<pin id="53" dir="1" index="0" bw="1" slack="2147483647"/>
</pin_list>
<bind>
<StgValue><ssdm name="empty"/></StgValue>
</bind>
</comp>

<comp id="54" class="1001" name="const_54">
<pin_list>
<pin id="55" dir="1" index="0" bw="1" slack="2147483647"/>
</pin_list>
<bind>
<StgValue><ssdm name=""/></StgValue>
</bind>
</comp>

<comp id="56" class="1001" name="const_56">
<pin_list>
<pin id="57" dir="1" index="0" bw="1" slack="2147483647"/>
</pin_list>
<bind>
<StgValue><ssdm name="empty_0"/></StgValue>
</bind>
</comp>

<comp id="58" class="1001" name="const_58">
<pin_list>
<pin id="59" dir="1" index="0" bw="1" slack="2147483647"/>
</pin_list>
<bind>
<StgValue><ssdm name="_ssdm_op_SpecBitsMap"/></StgValue>
</bind>
</comp>

<comp id="60" class="1004" name="zc_M_value_alloca_fu_60">
<pin_list>
<pin id="61" dir="0" index="0" bw="1" slack="0"/>
<pin id="62" dir="1" index="1" bw="32" slack="0"/>
</pin_list>
<bind>
<opcode="alloca(26) " fcode="alloca"/>
<opset="zc_M_value/1 "/>
</bind>
</comp>

<comp id="64" class="1004" name="zc_M_value_1_alloca_fu_64">
<pin_list>
<pin id="65" dir="0" index="0" bw="1" slack="0"/>
<pin id="66" dir="1" index="1" bw="32" slack="0"/>
</pin_list>
<bind>
<opcode="alloca(26) " fcode="alloca"/>
<opset="zc_M_value_1/1 "/>
</bind>
</comp>

<comp id="68" class="1004" name="output_zc_M_value_alloca_fu_68">
<pin_list>
<pin id="69" dir="0" index="0" bw="1" slack="0"/>
<pin id="70" dir="1" index="1" bw="32" slack="0"/>
</pin_list>
<bind>
<opcode="alloca(26) " fcode="alloca"/>
<opset="output_zc_M_value/1 "/>
</bind>
</comp>

<comp id="72" class="1004" name="output_zc_M_value_1_alloca_fu_72">
<pin_list>
<pin id="73" dir="0" index="0" bw="1" slack="0"/>
<pin id="74" dir="1" index="1" bw="32" slack="0"/>
</pin_list>
<bind>
<opcode="alloca(26) " fcode="alloca"/>
<opset="output_zc_M_value_1/1 "/>
</bind>
</comp>

<comp id="76" class="1004" name="zc_M_value_addr_gep_fu_76">
<pin_list>
<pin id="77" dir="0" index="0" bw="32" slack="0"/>
<pin id="78" dir="0" index="1" bw="1" slack="0"/>
<pin id="79" dir="0" index="2" bw="1" slack="0"/>
<pin id="80" dir="1" index="3" bw="9" slack="0"/>
</pin_list>
<bind>
<opcode="getelementptr(29) " fcode="getelementptr"/>
<opset="zc_M_value_addr/1 "/>
</bind>
</comp>

<comp id="84" class="1004" name="zc_M_value_1_addr_gep_fu_84">
<pin_list>
<pin id="85" dir="0" index="0" bw="32" slack="0"/>
<pin id="86" dir="0" index="1" bw="1" slack="0"/>
<pin id="87" dir="0" index="2" bw="1" slack="0"/>
<pin id="88" dir="1" index="3" bw="9" slack="0"/>
</pin_list>
<bind>
<opcode="getelementptr(29) " fcode="getelementptr"/>
<opset="zc_M_value_1_addr/1 "/>
</bind>
</comp>

<comp id="92" class="1004" name="store_ln1081_access_fu_92">
<pin_list>
<pin id="93" dir="0" index="0" bw="9" slack="0"/>
<pin id="94" dir="0" index="1" bw="32" slack="0"/>
<pin id="95" dir="0" index="2" bw="0" slack="2147483647"/>
<pin id="96" dir="1" index="3" bw="32" slack="2147483647"/>
</pin_list>
<bind>
<opcode="store(28) " fcode="store"/>
<opset="store_ln1081/1 "/>
</bind>
</comp>

<comp id="99" class="1004" name="store_ln1081_access_fu_99">
<pin_list>
<pin id="100" dir="0" index="0" bw="9" slack="0"/>
<pin id="101" dir="0" index="1" bw="32" slack="0"/>
<pin id="102" dir="0" index="2" bw="0" slack="2147483647"/>
<pin id="103" dir="1" index="3" bw="32" slack="2147483647"/>
</pin_list>
<bind>
<opcode="store(28) " fcode="store"/>
<opset="store_ln1081/1 "/>
</bind>
</comp>

<comp id="106" class="1004" name="output_zc_M_value_addr_gep_fu_106">
<pin_list>
<pin id="107" dir="0" index="0" bw="32" slack="0"/>
<pin id="108" dir="0" index="1" bw="1" slack="0"/>
<pin id="109" dir="0" index="2" bw="1" slack="0"/>
<pin id="110" dir="1" index="3" bw="9" slack="0"/>
</pin_list>
<bind>
<opcode="getelementptr(29) " fcode="getelementptr"/>
<opset="output_zc_M_value_addr/1 "/>
</bind>
</comp>

<comp id="114" class="1004" name="output_zc_M_value_1_addr_gep_fu_114">
<pin_list>
<pin id="115" dir="0" index="0" bw="32" slack="0"/>
<pin id="116" dir="0" index="1" bw="1" slack="0"/>
<pin id="117" dir="0" index="2" bw="1" slack="0"/>
<pin id="118" dir="1" index="3" bw="9" slack="0"/>
</pin_list>
<bind>
<opcode="getelementptr(29) " fcode="getelementptr"/>
<opset="output_zc_M_value_1_addr/1 "/>
</bind>
</comp>

<comp id="122" class="1004" name="store_ln1081_access_fu_122">
<pin_list>
<pin id="123" dir="0" index="0" bw="9" slack="0"/>
<pin id="124" dir="0" index="1" bw="32" slack="0"/>
<pin id="125" dir="0" index="2" bw="0" slack="2147483647"/>
<pin id="126" dir="1" index="3" bw="32" slack="2147483647"/>
</pin_list>
<bind>
<opcode="store(28) " fcode="store"/>
<opset="store_ln1081/1 "/>
</bind>
</comp>

<comp id="129" class="1004" name="store_ln1081_access_fu_129">
<pin_list>
<pin id="130" dir="0" index="0" bw="9" slack="0"/>
<pin id="131" dir="0" index="1" bw="32" slack="0"/>
<pin id="132" dir="0" index="2" bw="0" slack="2147483647"/>
<pin id="133" dir="1" index="3" bw="32" slack="2147483647"/>
</pin_list>
<bind>
<opcode="store(28) " fcode="store"/>
<opset="store_ln1081/1 "/>
</bind>
</comp>

<comp id="136" class="1004" name="grp_mul512_Pipeline_1_fu_136">
<pin_list>
<pin id="137" dir="0" index="0" bw="0" slack="0"/>
<pin id="138" dir="0" index="1" bw="32" slack="2147483647"/>
<pin id="139" dir="0" index="2" bw="32" slack="2147483647"/>
<pin id="140" dir="1" index="3" bw="0" slack="2147483647"/>
</pin_list>
<bind>
<opcode="call(48) " fcode="call"/>
<opset="call_ln0/2 "/>
</bind>
</comp>

<comp id="142" class="1004" name="grp_mul512_Pipeline_2_fu_142">
<pin_list>
<pin id="143" dir="0" index="0" bw="0" slack="0"/>
<pin id="144" dir="0" index="1" bw="32" slack="2147483647"/>
<pin id="145" dir="0" index="2" bw="32" slack="2147483647"/>
<pin id="146" dir="1" index="3" bw="0" slack="2147483647"/>
</pin_list>
<bind>
<opcode="call(48) " fcode="call"/>
<opset="call_ln0/2 "/>
</bind>
</comp>

<comp id="148" class="1004" name="grp_mul512_Pipeline_VITIS_LOOP_15_1_fu_148">
<pin_list>
<pin id="149" dir="0" index="0" bw="0" slack="0"/>
<pin id="150" dir="0" index="1" bw="64" slack="0"/>
<pin id="151" dir="0" index="2" bw="8" slack="0"/>
<pin id="152" dir="0" index="3" bw="8" slack="0"/>
<pin id="153" dir="0" index="4" bw="1" slack="0"/>
<pin id="154" dir="0" index="5" bw="32" slack="2147483647"/>
<pin id="155" dir="0" index="6" bw="32" slack="2147483647"/>
<pin id="156" dir="1" index="7" bw="0" slack="2147483647"/>
</pin_list>
<bind>
<opcode="call(48) " fcode="call"/>
<opset="call_ln0/4 "/>
</bind>
</comp>

<comp id="162" class="1004" name="grp_mul512_Pipeline_VITIS_LOOP_20_2_fu_162">
<pin_list>
<pin id="163" dir="0" index="0" bw="0" slack="0"/>
<pin id="164" dir="0" index="1" bw="32" slack="2147483647"/>
<pin id="165" dir="0" index="2" bw="32" slack="2147483647"/>
<pin id="166" dir="0" index="3" bw="32" slack="2147483647"/>
<pin id="167" dir="0" index="4" bw="32" slack="2147483647"/>
<pin id="168" dir="0" index="5" bw="32" slack="0"/>
<pin id="169" dir="0" index="6" bw="32" slack="0"/>
<pin id="170" dir="1" index="7" bw="0" slack="2147483647"/>
</pin_list>
<bind>
<opcode="call(48) " fcode="call"/>
<opset="call_ln0/6 "/>
</bind>
</comp>

<comp id="174" class="1004" name="grp_mul512_Pipeline_VITIS_LOOP_25_3_fu_174">
<pin_list>
<pin id="175" dir="0" index="0" bw="0" slack="0"/>
<pin id="176" dir="0" index="1" bw="32" slack="2147483647"/>
<pin id="177" dir="0" index="2" bw="32" slack="2147483647"/>
<pin id="178" dir="0" index="3" bw="64" slack="0"/>
<pin id="179" dir="0" index="4" bw="8" slack="0"/>
<pin id="180" dir="0" index="5" bw="8" slack="0"/>
<pin id="181" dir="0" index="6" bw="1" slack="0"/>
<pin id="182" dir="1" index="7" bw="0" slack="2147483647"/>
</pin_list>
<bind>
<opcode="call(48) " fcode="call"/>
<opset="call_ln0/8 "/>
</bind>
</comp>

</comp_list>

<net_list>
<net id="63"><net_src comp="20" pin="0"/><net_sink comp="60" pin=0"/></net>

<net id="67"><net_src comp="20" pin="0"/><net_sink comp="64" pin=0"/></net>

<net id="71"><net_src comp="20" pin="0"/><net_sink comp="68" pin=0"/></net>

<net id="75"><net_src comp="20" pin="0"/><net_sink comp="72" pin=0"/></net>

<net id="81"><net_src comp="60" pin="1"/><net_sink comp="76" pin=0"/></net>

<net id="82"><net_src comp="22" pin="0"/><net_sink comp="76" pin=1"/></net>

<net id="83"><net_src comp="22" pin="0"/><net_sink comp="76" pin=2"/></net>

<net id="89"><net_src comp="64" pin="1"/><net_sink comp="84" pin=0"/></net>

<net id="90"><net_src comp="22" pin="0"/><net_sink comp="84" pin=1"/></net>

<net id="91"><net_src comp="22" pin="0"/><net_sink comp="84" pin=2"/></net>

<net id="97"><net_src comp="24" pin="0"/><net_sink comp="92" pin=1"/></net>

<net id="98"><net_src comp="76" pin="3"/><net_sink comp="92" pin=0"/></net>

<net id="104"><net_src comp="24" pin="0"/><net_sink comp="99" pin=1"/></net>

<net id="105"><net_src comp="84" pin="3"/><net_sink comp="99" pin=0"/></net>

<net id="111"><net_src comp="68" pin="1"/><net_sink comp="106" pin=0"/></net>

<net id="112"><net_src comp="22" pin="0"/><net_sink comp="106" pin=1"/></net>

<net id="113"><net_src comp="22" pin="0"/><net_sink comp="106" pin=2"/></net>

<net id="119"><net_src comp="72" pin="1"/><net_sink comp="114" pin=0"/></net>

<net id="120"><net_src comp="22" pin="0"/><net_sink comp="114" pin=1"/></net>

<net id="121"><net_src comp="22" pin="0"/><net_sink comp="114" pin=2"/></net>

<net id="127"><net_src comp="24" pin="0"/><net_sink comp="122" pin=1"/></net>

<net id="128"><net_src comp="106" pin="3"/><net_sink comp="122" pin=0"/></net>

<net id="134"><net_src comp="24" pin="0"/><net_sink comp="129" pin=1"/></net>

<net id="135"><net_src comp="114" pin="3"/><net_sink comp="129" pin=0"/></net>

<net id="141"><net_src comp="26" pin="0"/><net_sink comp="136" pin=0"/></net>

<net id="147"><net_src comp="28" pin="0"/><net_sink comp="142" pin=0"/></net>

<net id="157"><net_src comp="32" pin="0"/><net_sink comp="148" pin=0"/></net>

<net id="158"><net_src comp="0" pin="0"/><net_sink comp="148" pin=1"/></net>

<net id="159"><net_src comp="2" pin="0"/><net_sink comp="148" pin=2"/></net>

<net id="160"><net_src comp="4" pin="0"/><net_sink comp="148" pin=3"/></net>

<net id="161"><net_src comp="6" pin="0"/><net_sink comp="148" pin=4"/></net>

<net id="171"><net_src comp="34" pin="0"/><net_sink comp="162" pin=0"/></net>

<net id="172"><net_src comp="16" pin="0"/><net_sink comp="162" pin=5"/></net>

<net id="173"><net_src comp="18" pin="0"/><net_sink comp="162" pin=6"/></net>

<net id="183"><net_src comp="36" pin="0"/><net_sink comp="174" pin=0"/></net>

<net id="184"><net_src comp="8" pin="0"/><net_sink comp="174" pin=3"/></net>

<net id="185"><net_src comp="10" pin="0"/><net_sink comp="174" pin=4"/></net>

<net id="186"><net_src comp="12" pin="0"/><net_sink comp="174" pin=5"/></net>

<net id="187"><net_src comp="14" pin="0"/><net_sink comp="174" pin=6"/></net>

</net_list>

</model> 
---------------- Datapath Model END ------------------

* FSMD analyzer results:
  - Output states:
	Port: output_r_V_data_V | {8 9 }
	Port: output_r_V_keep_V | {8 9 }
	Port: output_r_V_strb_V | {8 9 }
	Port: output_r_V_last_V | {8 9 }
 - Input state : 
	Port: mul512 : input_r_V_data_V | {4 5 }
	Port: mul512 : input_r_V_keep_V | {4 5 }
	Port: mul512 : input_r_V_strb_V | {4 5 }
	Port: mul512 : input_r_V_last_V | {4 5 }
	Port: mul512 : zc_conj_M_value_1 | {6 7 }
	Port: mul512 : zc_conj_M_value | {6 7 }
  - Chain level:
	State 1
		zc_M_value_addr : 1
		zc_M_value_1_addr : 1
		store_ln1081 : 2
		store_ln1081 : 2
		output_zc_M_value_addr : 1
		output_zc_M_value_1_addr : 1
		store_ln1081 : 2
		store_ln1081 : 2
	State 2
	State 3
	State 4
	State 5
	State 6
	State 7
	State 8
	State 9
	State 10


============================================================
+ Verbose Summary: Datapath Resource usage 
============================================================

* Functional unit list:
|----------|--------------------------------------------|---------|---------|---------|---------|
| Operation|               Functional Unit              |   DSP   |  Delay  |    FF   |   LUT   |
|----------|--------------------------------------------|---------|---------|---------|---------|
|          |        grp_mul512_Pipeline_1_fu_136        |    0    |    0    |    9    |    25   |
|          |        grp_mul512_Pipeline_2_fu_142        |    0    |    0    |    9    |    25   |
|   call   | grp_mul512_Pipeline_VITIS_LOOP_15_1_fu_148 |    0    |    0    |    10   |    24   |
|          | grp_mul512_Pipeline_VITIS_LOOP_20_2_fu_162 |    16   |  6.352  |   1413  |   2124  |
|          | grp_mul512_Pipeline_VITIS_LOOP_25_3_fu_174 |    0    |  3.176  |    29   |    53   |
|----------|--------------------------------------------|---------|---------|---------|---------|
|   Total  |                                            |    16   |  9.528  |   1470  |   2251  |
|----------|--------------------------------------------|---------|---------|---------|---------|

Memories:
+-------------------+--------+--------+--------+--------+
|                   |  BRAM  |   FF   |   LUT  |  URAM  |
+-------------------+--------+--------+--------+--------+
| output_zc_M_value |    1   |    0   |    0   |    0   |
|output_zc_M_value_1|    1   |    0   |    0   |    0   |
|     zc_M_value    |    1   |    0   |    0   |    0   |
|    zc_M_value_1   |    1   |    0   |    0   |    0   |
|  zc_conj_M_value  |    1   |    0   |    0   |    -   |
| zc_conj_M_value_1 |    1   |    0   |    0   |    -   |
+-------------------+--------+--------+--------+--------+
|       Total       |    6   |    0   |    0   |    0   |
+-------------------+--------+--------+--------+--------+

* Register list:
N/A

* Multiplexer (MUX) list: 
|--------|------|------|------|--------|
|  Comp  |  Pin | Size |  BW  | S x BW |
|--------|------|------|------|--------|
|  Total |      |      |      |    0   |
|--------|------|------|------|--------|



* Summary:
+-----------+--------+--------+--------+--------+--------+--------+
|           |  BRAM  |   DSP  |  Delay |   FF   |   LUT  |  URAM  |
+-----------+--------+--------+--------+--------+--------+--------+
|  Function |    -   |   16   |    9   |  1470  |  2251  |    -   |
|   Memory  |    6   |    -   |    -   |    0   |    0   |    0   |
|Multiplexer|    -   |    -   |    -   |    -   |    -   |    -   |
|  Register |    -   |    -   |    -   |    -   |    -   |    -   |
+-----------+--------+--------+--------+--------+--------+--------+
|   Total   |    6   |   16   |    9   |  1470  |  2251  |    0   |
+-----------+--------+--------+--------+--------+--------+--------+
