

================================================================
== Vitis HLS Report for 'ifft_1024_top_Pipeline_VITIS_LOOP_72_3'
================================================================
* Date:           Tue May  5 17:00:45 2026

* Version:        2022.1 (Build 3526262 on Mon Apr 18 15:48:16 MDT 2022)
* Project:        ifft_project_wlo
* Solution:       solution1 (Vivado IP Flow Target)
* Product family: zynq
* Target device:  xc7z020-clg484-1


================================================================
== Performance Estimates
================================================================
+ Timing: 
    * Summary: 
    +--------+----------+----------+------------+
    |  Clock |  Target  | Estimated| Uncertainty|
    +--------+----------+----------+------------+
    |ap_clk  |  10.00 ns|  6.972 ns|     2.70 ns|
    +--------+----------+----------+------------+

+ Latency: 
    * Summary: 
    +---------+---------+-----------+-----------+------+------+---------+
    |  Latency (cycles) |   Latency (absolute)  |   Interval  | Pipeline|
    |   min   |   max   |    min    |    max    |  min |  max |   Type  |
    +---------+---------+-----------+-----------+------+------+---------+
    |     1034|     1034|  10.340 us|  10.340 us|  1034|  1034|       no|
    +---------+---------+-----------+-----------+------+------+---------+

    + Detail: 
        * Instance: 
        N/A

        * Loop: 
        +-------------------+---------+---------+----------+-----------+-----------+------+----------+
        |                   |  Latency (cycles) | Iteration|  Initiation Interval  | Trip |          |
        |     Loop Name     |   min   |   max   |  Latency |  achieved |   target  | Count| Pipelined|
        +-------------------+---------+---------+----------+-----------+-----------+------+----------+
        |- VITIS_LOOP_72_3  |     1032|     1032|        10|          1|          1|  1024|       yes|
        +-------------------+---------+---------+----------+-----------+-----------+------+----------+

============================================================
+ Verbose Summary: Synthesis Manager
============================================================
InlineROM: 1
ExposeGlobal: 0
============================================================
+ Verbose Summary: CDFG Model
============================================================
IsTopModel: 0
ResetActiveHigh: 1
IsCombinational: 0
IsDatapathOnly: 0
HasWiredReturn: 1
HasMFsm: 2
HasVarLatency: 1
IsPipeline: 0
IsRtlPipelined: 0
IsInstanceOverlapped: 0
IsDontTouch: 0
HasImplIP: 0
IsGatedGlobalClock: 0

+ Individual pipeline summary: 
  * Pipeline-0: initiation interval (II) = 1, depth = 10


============================================================
+ Verbose Summary: Schedule
============================================================
* Number of FSM states : 10
* Pipeline : 1
  Pipeline-0 : II = 1, D = 10, States = { 1 2 3 4 5 6 7 8 9 10 }
* Dataflow Pipeline: 0

* FSM state transitions: 
1 --> 2 
2 --> 3 
3 --> 4 
4 --> 5 
5 --> 6 
6 --> 7 
7 --> 8 
8 --> 9 
9 --> 10 
10 --> 

* FSM state operations: 

State 1 <SV = 0> <Delay = 3.46>
ST_1 : Operation 13 [1/1] (0.00ns)   --->   "%i = alloca i32 1"   --->   Operation 13 'alloca' 'i' <Predicate = true> <Delay = 0.00>
ST_1 : Operation 14 [1/1] (0.00ns)   --->   "%specinterface_ln0 = specinterface void @_ssdm_op_SpecInterface, i1 %output_r_V_last_V, i8 %output_r_V_strb_V, i8 %output_r_V_keep_V, i64 %output_r_V_data_V, void @empty, i32 0, i32 0, void @empty_0, i32 0, i32 0, void @empty_1, void @empty_1, void @empty_1, i32 0, i32 0, i32 0, i32 0, void @empty_1, void @empty_1, i32 4294967295, i32 0"   --->   Operation 14 'specinterface' 'specinterface_ln0' <Predicate = true> <Delay = 0.00>
ST_1 : Operation 15 [1/1] (1.58ns)   --->   "%store_ln0 = store i11 0, i11 %i"   --->   Operation 15 'store' 'store_ln0' <Predicate = true> <Delay = 1.58>
ST_1 : Operation 16 [1/1] (0.00ns)   --->   "%br_ln0 = br void %for.body41"   --->   Operation 16 'br' 'br_ln0' <Predicate = true> <Delay = 0.00>
ST_1 : Operation 17 [1/1] (0.00ns)   --->   "%i_2 = load i11 %i" [ifft_project_wlo/ifft.cpp:72]   --->   Operation 17 'load' 'i_2' <Predicate = true> <Delay = 0.00>
ST_1 : Operation 18 [1/1] (0.00ns)   --->   "%specpipeline_ln0 = specpipeline void @_ssdm_op_SpecPipeline, i32 4294967295, i32 0, i32 1, i32 0, void @p_str"   --->   Operation 18 'specpipeline' 'specpipeline_ln0' <Predicate = true> <Delay = 0.00>
ST_1 : Operation 19 [1/1] (1.88ns)   --->   "%icmp_ln72 = icmp_eq  i11 %i_2, i11 1024" [ifft_project_wlo/ifft.cpp:72]   --->   Operation 19 'icmp' 'icmp_ln72' <Predicate = true> <Delay = 1.88> <CoreInst = "Cmp">   --->   Core 9 'Cmp' <Latency = 0> <II = 1> <Delay = 1.88> <FuncUnit> <Opcode : 'icmp'> <InPorts = 2> <OutPorts = 1>
ST_1 : Operation 20 [1/1] (0.00ns)   --->   "%empty = speclooptripcount i32 @_ssdm_op_SpecLoopTripCount, i64 1024, i64 1024, i64 1024"   --->   Operation 20 'speclooptripcount' 'empty' <Predicate = true> <Delay = 0.00>
ST_1 : Operation 21 [1/1] (1.63ns)   --->   "%add_ln72 = add i11 %i_2, i11 1" [ifft_project_wlo/ifft.cpp:72]   --->   Operation 21 'add' 'add_ln72' <Predicate = true> <Delay = 1.63> <CoreInst = "Adder">   --->   Core 1 'Adder' <Latency = 0> <II = 1> <Delay = 1.63> <FuncUnit> <Opcode : 'add' 'sub'> <InPorts = 2> <OutPorts = 1>
ST_1 : Operation 22 [1/1] (0.00ns)   --->   "%br_ln72 = br i1 %icmp_ln72, void %for.body41.split_ifconv, void %for.end66.exitStub" [ifft_project_wlo/ifft.cpp:72]   --->   Operation 22 'br' 'br_ln72' <Predicate = true> <Delay = 0.00>
ST_1 : Operation 23 [1/1] (0.00ns)   --->   "%i_2_cast = zext i11 %i_2" [ifft_project_wlo/ifft.cpp:72]   --->   Operation 23 'zext' 'i_2_cast' <Predicate = (!icmp_ln72)> <Delay = 0.00>
ST_1 : Operation 24 [1/1] (0.00ns)   --->   "%ga_M_real_V_addr = getelementptr i24 %ga_M_real_V, i64 0, i64 %i_2_cast"   --->   Operation 24 'getelementptr' 'ga_M_real_V_addr' <Predicate = (!icmp_ln72)> <Delay = 0.00>
ST_1 : Operation 25 [2/2] (3.25ns)   --->   "%lhs = load i10 %ga_M_real_V_addr"   --->   Operation 25 'load' 'lhs' <Predicate = (!icmp_ln72)> <Delay = 3.25> <CoreInst = "RAM">   --->   Core 82 'RAM' <Latency = 1> <II = 1> <Delay = 3.25> <Storage> <Opcode : 'load' 'store'> <Ports = 2> <Width = 24> <Depth = 1024> <RAM>
ST_1 : Operation 26 [1/1] (0.00ns)   --->   "%gb_M_real_V_addr = getelementptr i24 %gb_M_real_V, i64 0, i64 %i_2_cast"   --->   Operation 26 'getelementptr' 'gb_M_real_V_addr' <Predicate = (!icmp_ln72)> <Delay = 0.00>
ST_1 : Operation 27 [2/2] (3.25ns)   --->   "%rhs = load i10 %gb_M_real_V_addr"   --->   Operation 27 'load' 'rhs' <Predicate = (!icmp_ln72)> <Delay = 3.25> <CoreInst = "RAM">   --->   Core 82 'RAM' <Latency = 1> <II = 1> <Delay = 3.25> <Storage> <Opcode : 'load' 'store'> <Ports = 2> <Width = 24> <Depth = 1024> <RAM>
ST_1 : Operation 28 [1/1] (0.00ns)   --->   "%ga_M_imag_V_addr = getelementptr i24 %ga_M_imag_V, i64 0, i64 %i_2_cast"   --->   Operation 28 'getelementptr' 'ga_M_imag_V_addr' <Predicate = (!icmp_ln72)> <Delay = 0.00>
ST_1 : Operation 29 [2/2] (3.25ns)   --->   "%lhs_1 = load i10 %ga_M_imag_V_addr"   --->   Operation 29 'load' 'lhs_1' <Predicate = (!icmp_ln72)> <Delay = 3.25> <CoreInst = "RAM">   --->   Core 82 'RAM' <Latency = 1> <II = 1> <Delay = 3.25> <Storage> <Opcode : 'load' 'store'> <Ports = 2> <Width = 24> <Depth = 1024> <RAM>
ST_1 : Operation 30 [1/1] (0.00ns)   --->   "%gb_M_imag_V_addr = getelementptr i24 %gb_M_imag_V, i64 0, i64 %i_2_cast"   --->   Operation 30 'getelementptr' 'gb_M_imag_V_addr' <Predicate = (!icmp_ln72)> <Delay = 0.00>
ST_1 : Operation 31 [2/2] (3.25ns)   --->   "%rhs_1 = load i10 %gb_M_imag_V_addr"   --->   Operation 31 'load' 'rhs_1' <Predicate = (!icmp_ln72)> <Delay = 3.25> <CoreInst = "RAM">   --->   Core 82 'RAM' <Latency = 1> <II = 1> <Delay = 3.25> <Storage> <Opcode : 'load' 'store'> <Ports = 2> <Width = 24> <Depth = 1024> <RAM>
ST_1 : Operation 32 [1/1] (1.88ns)   --->   "%tmp_last_V = icmp_eq  i11 %i_2, i11 1023" [ifft_project_wlo/ifft.cpp:77]   --->   Operation 32 'icmp' 'tmp_last_V' <Predicate = (!icmp_ln72)> <Delay = 1.88> <CoreInst = "Cmp">   --->   Core 9 'Cmp' <Latency = 0> <II = 1> <Delay = 1.88> <FuncUnit> <Opcode : 'icmp'> <InPorts = 2> <OutPorts = 1>
ST_1 : Operation 33 [1/1] (1.58ns)   --->   "%store_ln72 = store i11 %add_ln72, i11 %i" [ifft_project_wlo/ifft.cpp:72]   --->   Operation 33 'store' 'store_ln72' <Predicate = (!icmp_ln72)> <Delay = 1.58>

State 2 <SV = 1> <Delay = 5.56>
ST_2 : Operation 34 [1/2] (3.25ns)   --->   "%lhs = load i10 %ga_M_real_V_addr"   --->   Operation 34 'load' 'lhs' <Predicate = true> <Delay = 3.25> <CoreInst = "RAM">   --->   Core 82 'RAM' <Latency = 1> <II = 1> <Delay = 3.25> <Storage> <Opcode : 'load' 'store'> <Ports = 2> <Width = 24> <Depth = 1024> <RAM>
ST_2 : Operation 35 [1/1] (0.00ns)   --->   "%sext_ln859 = sext i24 %lhs"   --->   Operation 35 'sext' 'sext_ln859' <Predicate = true> <Delay = 0.00>
ST_2 : Operation 36 [1/2] (3.25ns)   --->   "%rhs = load i10 %gb_M_real_V_addr"   --->   Operation 36 'load' 'rhs' <Predicate = true> <Delay = 3.25> <CoreInst = "RAM">   --->   Core 82 'RAM' <Latency = 1> <II = 1> <Delay = 3.25> <Storage> <Opcode : 'load' 'store'> <Ports = 2> <Width = 24> <Depth = 1024> <RAM>
ST_2 : Operation 37 [1/1] (0.00ns)   --->   "%sext_ln859_1 = sext i24 %rhs"   --->   Operation 37 'sext' 'sext_ln859_1' <Predicate = true> <Delay = 0.00>
ST_2 : Operation 38 [1/1] (2.31ns)   --->   "%ret_V = add i25 %sext_ln859_1, i25 %sext_ln859"   --->   Operation 38 'add' 'ret_V' <Predicate = true> <Delay = 2.31> <CoreInst = "Adder">   --->   Core 1 'Adder' <Latency = 0> <II = 1> <Delay = 2.31> <FuncUnit> <Opcode : 'add' 'sub'> <InPorts = 2> <OutPorts = 1>
ST_2 : Operation 39 [1/1] (0.00ns)   --->   "%p_Result_14 = bitselect i1 @_ssdm_op_BitSelect.i1.i25.i32, i25 %ret_V, i32 24"   --->   Operation 39 'bitselect' 'p_Result_14' <Predicate = true> <Delay = 0.00>
ST_2 : Operation 40 [1/2] (3.25ns)   --->   "%lhs_1 = load i10 %ga_M_imag_V_addr"   --->   Operation 40 'load' 'lhs_1' <Predicate = true> <Delay = 3.25> <CoreInst = "RAM">   --->   Core 82 'RAM' <Latency = 1> <II = 1> <Delay = 3.25> <Storage> <Opcode : 'load' 'store'> <Ports = 2> <Width = 24> <Depth = 1024> <RAM>
ST_2 : Operation 41 [1/1] (0.00ns)   --->   "%sext_ln859_2 = sext i24 %lhs_1"   --->   Operation 41 'sext' 'sext_ln859_2' <Predicate = true> <Delay = 0.00>
ST_2 : Operation 42 [1/2] (3.25ns)   --->   "%rhs_1 = load i10 %gb_M_imag_V_addr"   --->   Operation 42 'load' 'rhs_1' <Predicate = true> <Delay = 3.25> <CoreInst = "RAM">   --->   Core 82 'RAM' <Latency = 1> <II = 1> <Delay = 3.25> <Storage> <Opcode : 'load' 'store'> <Ports = 2> <Width = 24> <Depth = 1024> <RAM>
ST_2 : Operation 43 [1/1] (0.00ns)   --->   "%sext_ln859_3 = sext i24 %rhs_1"   --->   Operation 43 'sext' 'sext_ln859_3' <Predicate = true> <Delay = 0.00>
ST_2 : Operation 44 [1/1] (2.31ns)   --->   "%ret_V_6 = add i25 %sext_ln859_3, i25 %sext_ln859_2"   --->   Operation 44 'add' 'ret_V_6' <Predicate = true> <Delay = 2.31> <CoreInst = "Adder">   --->   Core 1 'Adder' <Latency = 0> <II = 1> <Delay = 2.31> <FuncUnit> <Opcode : 'add' 'sub'> <InPorts = 2> <OutPorts = 1>
ST_2 : Operation 45 [1/1] (0.00ns)   --->   "%p_Result_17 = bitselect i1 @_ssdm_op_BitSelect.i1.i25.i32, i25 %ret_V_6, i32 24"   --->   Operation 45 'bitselect' 'p_Result_17' <Predicate = true> <Delay = 0.00>

State 3 <SV = 2> <Delay = 5.62>
ST_3 : Operation 46 [1/1] (2.45ns)   --->   "%icmp_ln1136 = icmp_eq  i25 %ret_V, i25 0"   --->   Operation 46 'icmp' 'icmp_ln1136' <Predicate = true> <Delay = 2.45> <CoreInst = "Cmp">   --->   Core 9 'Cmp' <Latency = 0> <II = 1> <Delay = 2.45> <FuncUnit> <Opcode : 'icmp'> <InPorts = 2> <OutPorts = 1>
ST_3 : Operation 47 [1/1] (2.34ns)   --->   "%tmp_V = sub i25 0, i25 %ret_V"   --->   Operation 47 'sub' 'tmp_V' <Predicate = (p_Result_14)> <Delay = 2.34> <CoreInst = "Adder">   --->   Core 1 'Adder' <Latency = 0> <II = 1> <Delay = 2.34> <FuncUnit> <Opcode : 'add' 'sub'> <InPorts = 2> <OutPorts = 1>
ST_3 : Operation 48 [1/1] (0.73ns)   --->   "%tmp_V_4 = select i1 %p_Result_14, i25 %tmp_V, i25 %ret_V"   --->   Operation 48 'select' 'tmp_V_4' <Predicate = true> <Delay = 0.73> <CoreInst = "Sel">   --->   Core 73 'Sel' <Latency = 0> <II = 1> <Delay = 0.73> <FuncUnit> <Opcode : 'select'> <InPorts = 3> <OutPorts = 1>
ST_3 : Operation 49 [1/1] (0.00ns)   --->   "%p_Result_s = partselect i25 @llvm.part.select.i25, i25 %tmp_V_4, i32 24, i32 0"   --->   Operation 49 'partselect' 'p_Result_s' <Predicate = true> <Delay = 0.00>
ST_3 : Operation 50 [1/1] (0.00ns)   --->   "%p_Result_15 = bitconcatenate i26 @_ssdm_op_BitConcatenate.i26.i1.i25, i1 1, i25 %p_Result_s"   --->   Operation 50 'bitconcatenate' 'p_Result_15' <Predicate = true> <Delay = 0.00>
ST_3 : Operation 51 [1/1] (0.00ns)   --->   "%sext_ln1244 = sext i26 %p_Result_15"   --->   Operation 51 'sext' 'sext_ln1244' <Predicate = true> <Delay = 0.00>
ST_3 : Operation 52 [1/1] (0.00ns)   --->   "%l = cttz i32 @llvm.cttz.i32, i32 %sext_ln1244, i1 1"   --->   Operation 52 'cttz' 'l' <Predicate = true> <Delay = 0.00>
ST_3 : Operation 53 [1/1] (2.55ns)   --->   "%sub_ln1145 = sub i32 25, i32 %l"   --->   Operation 53 'sub' 'sub_ln1145' <Predicate = true> <Delay = 2.55> <CoreInst = "Adder">   --->   Core 1 'Adder' <Latency = 0> <II = 1> <Delay = 2.55> <FuncUnit> <Opcode : 'add' 'sub'> <InPorts = 2> <OutPorts = 1>
ST_3 : Operation 54 [1/1] (0.00ns)   --->   "%trunc_ln1145 = trunc i32 %sub_ln1145"   --->   Operation 54 'trunc' 'trunc_ln1145' <Predicate = true> <Delay = 0.00>
ST_3 : Operation 55 [1/1] (0.00ns)   --->   "%trunc_ln1148 = trunc i32 %sub_ln1145"   --->   Operation 55 'trunc' 'trunc_ln1148' <Predicate = true> <Delay = 0.00>
ST_3 : Operation 56 [1/1] (0.00ns)   --->   "%trunc_ln1144 = trunc i32 %l"   --->   Operation 56 'trunc' 'trunc_ln1144' <Predicate = true> <Delay = 0.00>
ST_3 : Operation 57 [1/1] (2.45ns)   --->   "%icmp_ln1136_1 = icmp_eq  i25 %ret_V_6, i25 0"   --->   Operation 57 'icmp' 'icmp_ln1136_1' <Predicate = true> <Delay = 2.45> <CoreInst = "Cmp">   --->   Core 9 'Cmp' <Latency = 0> <II = 1> <Delay = 2.45> <FuncUnit> <Opcode : 'icmp'> <InPorts = 2> <OutPorts = 1>
ST_3 : Operation 58 [1/1] (2.34ns)   --->   "%tmp_V_2 = sub i25 0, i25 %ret_V_6"   --->   Operation 58 'sub' 'tmp_V_2' <Predicate = (p_Result_17)> <Delay = 2.34> <CoreInst = "Adder">   --->   Core 1 'Adder' <Latency = 0> <II = 1> <Delay = 2.34> <FuncUnit> <Opcode : 'add' 'sub'> <InPorts = 2> <OutPorts = 1>
ST_3 : Operation 59 [1/1] (0.73ns)   --->   "%tmp_V_5 = select i1 %p_Result_17, i25 %tmp_V_2, i25 %ret_V_6"   --->   Operation 59 'select' 'tmp_V_5' <Predicate = true> <Delay = 0.73> <CoreInst = "Sel">   --->   Core 73 'Sel' <Latency = 0> <II = 1> <Delay = 0.73> <FuncUnit> <Opcode : 'select'> <InPorts = 3> <OutPorts = 1>
ST_3 : Operation 60 [1/1] (0.00ns)   --->   "%p_Result_8 = partselect i25 @llvm.part.select.i25, i25 %tmp_V_5, i32 24, i32 0"   --->   Operation 60 'partselect' 'p_Result_8' <Predicate = true> <Delay = 0.00>
ST_3 : Operation 61 [1/1] (0.00ns)   --->   "%p_Result_18 = bitconcatenate i26 @_ssdm_op_BitConcatenate.i26.i1.i25, i1 1, i25 %p_Result_8"   --->   Operation 61 'bitconcatenate' 'p_Result_18' <Predicate = true> <Delay = 0.00>
ST_3 : Operation 62 [1/1] (0.00ns)   --->   "%sext_ln1244_1 = sext i26 %p_Result_18"   --->   Operation 62 'sext' 'sext_ln1244_1' <Predicate = true> <Delay = 0.00>
ST_3 : Operation 63 [1/1] (0.00ns)   --->   "%l_1 = cttz i32 @llvm.cttz.i32, i32 %sext_ln1244_1, i1 1"   --->   Operation 63 'cttz' 'l_1' <Predicate = true> <Delay = 0.00>
ST_3 : Operation 64 [1/1] (2.55ns)   --->   "%sub_ln1145_1 = sub i32 25, i32 %l_1"   --->   Operation 64 'sub' 'sub_ln1145_1' <Predicate = true> <Delay = 2.55> <CoreInst = "Adder">   --->   Core 1 'Adder' <Latency = 0> <II = 1> <Delay = 2.55> <FuncUnit> <Opcode : 'add' 'sub'> <InPorts = 2> <OutPorts = 1>
ST_3 : Operation 65 [1/1] (0.00ns)   --->   "%trunc_ln1145_1 = trunc i32 %sub_ln1145_1"   --->   Operation 65 'trunc' 'trunc_ln1145_1' <Predicate = true> <Delay = 0.00>
ST_3 : Operation 66 [1/1] (0.00ns)   --->   "%trunc_ln1148_1 = trunc i32 %sub_ln1145_1"   --->   Operation 66 'trunc' 'trunc_ln1148_1' <Predicate = true> <Delay = 0.00>
ST_3 : Operation 67 [1/1] (0.00ns)   --->   "%trunc_ln1144_1 = trunc i32 %l_1"   --->   Operation 67 'trunc' 'trunc_ln1144_1' <Predicate = true> <Delay = 0.00>

State 4 <SV = 3> <Delay = 6.00>
ST_4 : Operation 68 [1/1] (2.55ns)   --->   "%lsb_index = add i32 %sub_ln1145, i32 4294967272"   --->   Operation 68 'add' 'lsb_index' <Predicate = (!icmp_ln1136)> <Delay = 2.55> <CoreInst = "Adder">   --->   Core 1 'Adder' <Latency = 0> <II = 1> <Delay = 2.55> <FuncUnit> <Opcode : 'add' 'sub'> <InPorts = 2> <OutPorts = 1>
ST_4 : Operation 69 [1/1] (0.00ns)   --->   "%tmp = partselect i31 @_ssdm_op_PartSelect.i31.i32.i32.i32, i32 %lsb_index, i32 1, i32 31"   --->   Operation 69 'partselect' 'tmp' <Predicate = (!icmp_ln1136)> <Delay = 0.00>
ST_4 : Operation 70 [1/1] (2.47ns)   --->   "%icmp_ln1147 = icmp_sgt  i31 %tmp, i31 0"   --->   Operation 70 'icmp' 'icmp_ln1147' <Predicate = (!icmp_ln1136)> <Delay = 2.47> <CoreInst = "Cmp">   --->   Core 9 'Cmp' <Latency = 0> <II = 1> <Delay = 2.47> <FuncUnit> <Opcode : 'icmp'> <InPorts = 2> <OutPorts = 1>
ST_4 : Operation 71 [1/1] (1.78ns)   --->   "%sub_ln1148 = sub i5 18, i5 %trunc_ln1148"   --->   Operation 71 'sub' 'sub_ln1148' <Predicate = (!icmp_ln1136)> <Delay = 1.78> <CoreInst = "Adder">   --->   Core 1 'Adder' <Latency = 0> <II = 1> <Delay = 1.78> <FuncUnit> <Opcode : 'add' 'sub'> <InPorts = 2> <OutPorts = 1>
ST_4 : Operation 72 [1/1] (0.00ns) (grouped into LUT with out node icmp_ln1148)   --->   "%zext_ln1148 = zext i5 %sub_ln1148"   --->   Operation 72 'zext' 'zext_ln1148' <Predicate = (!icmp_ln1136)> <Delay = 0.00>
ST_4 : Operation 73 [1/1] (0.00ns) (grouped into LUT with out node icmp_ln1148)   --->   "%lshr_ln1148 = lshr i25 33554431, i25 %zext_ln1148"   --->   Operation 73 'lshr' 'lshr_ln1148' <Predicate = (!icmp_ln1136)> <Delay = 0.00> <CoreInst = "Shifter">   --->   Core 75 'Shifter' <Latency = 0> <II = 1> <Delay = 2.66> <FuncUnit> <Opcode : 'shl' 'lshr' 'ashr'> <InPorts = 2> <OutPorts = 1>
ST_4 : Operation 74 [1/1] (0.00ns) (grouped into LUT with out node icmp_ln1148)   --->   "%p_Result_3 = and i25 %tmp_V_4, i25 %lshr_ln1148"   --->   Operation 74 'and' 'p_Result_3' <Predicate = (!icmp_ln1136)> <Delay = 0.00> <CoreInst = "LogicGate">   --->   Core 74 'LogicGate' <Latency = 0> <II = 1> <Delay = 1.02> <FuncUnit> <Opcode : 'and' 'or' 'xor'> <InPorts = 2> <OutPorts = 1>
ST_4 : Operation 75 [1/1] (2.66ns) (out node of the LUT)   --->   "%icmp_ln1148 = icmp_ne  i25 %p_Result_3, i25 0"   --->   Operation 75 'icmp' 'icmp_ln1148' <Predicate = (!icmp_ln1136)> <Delay = 2.66> <CoreInst = "Cmp">   --->   Core 9 'Cmp' <Latency = 0> <II = 1> <Delay = 2.45> <FuncUnit> <Opcode : 'icmp'> <InPorts = 2> <OutPorts = 1>
ST_4 : Operation 76 [1/1] (0.00ns) (grouped into LUT with out node or_ln)   --->   "%a = and i1 %icmp_ln1147, i1 %icmp_ln1148"   --->   Operation 76 'and' 'a' <Predicate = (!icmp_ln1136)> <Delay = 0.00> <CoreInst = "LogicGate">   --->   Core 74 'LogicGate' <Latency = 0> <II = 1> <Delay = 0.97> <FuncUnit> <Opcode : 'and' 'or' 'xor'> <InPorts = 2> <OutPorts = 1>
ST_4 : Operation 77 [1/1] (0.00ns) (grouped into LUT with out node or_ln)   --->   "%tmp_1 = bitselect i1 @_ssdm_op_BitSelect.i1.i32.i32, i32 %lsb_index, i32 31"   --->   Operation 77 'bitselect' 'tmp_1' <Predicate = (!icmp_ln1136)> <Delay = 0.00>
ST_4 : Operation 78 [1/1] (0.00ns) (grouped into LUT with out node or_ln)   --->   "%xor_ln1150 = xor i1 %tmp_1, i1 1"   --->   Operation 78 'xor' 'xor_ln1150' <Predicate = (!icmp_ln1136)> <Delay = 0.00> <CoreInst = "LogicGate">   --->   Core 74 'LogicGate' <Latency = 0> <II = 1> <Delay = 0.97> <FuncUnit> <Opcode : 'and' 'or' 'xor'> <InPorts = 2> <OutPorts = 1>
ST_4 : Operation 79 [1/1] (2.34ns)   --->   "%add_ln1150 = add i25 %trunc_ln1145, i25 33554408"   --->   Operation 79 'add' 'add_ln1150' <Predicate = (!icmp_ln1136)> <Delay = 2.34> <CoreInst = "Adder">   --->   Core 1 'Adder' <Latency = 0> <II = 1> <Delay = 2.34> <FuncUnit> <Opcode : 'add' 'sub'> <InPorts = 2> <OutPorts = 1>
ST_4 : Operation 80 [1/1] (0.00ns) (grouped into LUT with out node or_ln)   --->   "%p_Result_4 = bitselect i1 @_ssdm_op_BitSelect.i1.i25.i25, i25 %tmp_V_4, i25 %add_ln1150"   --->   Operation 80 'bitselect' 'p_Result_4' <Predicate = (!icmp_ln1136)> <Delay = 0.00>
ST_4 : Operation 81 [1/1] (0.00ns) (grouped into LUT with out node or_ln)   --->   "%and_ln1150 = and i1 %p_Result_4, i1 %xor_ln1150"   --->   Operation 81 'and' 'and_ln1150' <Predicate = (!icmp_ln1136)> <Delay = 0.00> <CoreInst = "LogicGate">   --->   Core 74 'LogicGate' <Latency = 0> <II = 1> <Delay = 0.97> <FuncUnit> <Opcode : 'and' 'or' 'xor'> <InPorts = 2> <OutPorts = 1>
ST_4 : Operation 82 [1/1] (0.00ns) (grouped into LUT with out node or_ln)   --->   "%or_ln1150_2 = or i1 %and_ln1150, i1 %a"   --->   Operation 82 'or' 'or_ln1150_2' <Predicate = (!icmp_ln1136)> <Delay = 0.00> <CoreInst = "LogicGate">   --->   Core 74 'LogicGate' <Latency = 0> <II = 1> <Delay = 0.97> <FuncUnit> <Opcode : 'and' 'or' 'xor'> <InPorts = 2> <OutPorts = 1>
ST_4 : Operation 83 [1/1] (0.97ns) (out node of the LUT)   --->   "%or_ln = bitconcatenate i2 @_ssdm_op_BitConcatenate.i2.i1.i1, i1 0, i1 %or_ln1150_2"   --->   Operation 83 'bitconcatenate' 'or_ln' <Predicate = (!icmp_ln1136)> <Delay = 0.97>
ST_4 : Operation 84 [1/1] (2.47ns)   --->   "%icmp_ln1159 = icmp_sgt  i32 %lsb_index, i32 0"   --->   Operation 84 'icmp' 'icmp_ln1159' <Predicate = (!icmp_ln1136)> <Delay = 2.47> <CoreInst = "Cmp">   --->   Core 9 'Cmp' <Latency = 0> <II = 1> <Delay = 2.47> <FuncUnit> <Opcode : 'icmp'> <InPorts = 2> <OutPorts = 1>
ST_4 : Operation 85 [1/1] (2.55ns)   --->   "%lsb_index_1 = add i32 %sub_ln1145_1, i32 4294967272"   --->   Operation 85 'add' 'lsb_index_1' <Predicate = (!icmp_ln1136_1)> <Delay = 2.55> <CoreInst = "Adder">   --->   Core 1 'Adder' <Latency = 0> <II = 1> <Delay = 2.55> <FuncUnit> <Opcode : 'add' 'sub'> <InPorts = 2> <OutPorts = 1>
ST_4 : Operation 86 [1/1] (0.00ns)   --->   "%tmp_5 = partselect i31 @_ssdm_op_PartSelect.i31.i32.i32.i32, i32 %lsb_index_1, i32 1, i32 31"   --->   Operation 86 'partselect' 'tmp_5' <Predicate = (!icmp_ln1136_1)> <Delay = 0.00>
ST_4 : Operation 87 [1/1] (2.47ns)   --->   "%icmp_ln1147_1 = icmp_sgt  i31 %tmp_5, i31 0"   --->   Operation 87 'icmp' 'icmp_ln1147_1' <Predicate = (!icmp_ln1136_1)> <Delay = 2.47> <CoreInst = "Cmp">   --->   Core 9 'Cmp' <Latency = 0> <II = 1> <Delay = 2.47> <FuncUnit> <Opcode : 'icmp'> <InPorts = 2> <OutPorts = 1>
ST_4 : Operation 88 [1/1] (1.78ns)   --->   "%sub_ln1148_1 = sub i5 18, i5 %trunc_ln1148_1"   --->   Operation 88 'sub' 'sub_ln1148_1' <Predicate = (!icmp_ln1136_1)> <Delay = 1.78> <CoreInst = "Adder">   --->   Core 1 'Adder' <Latency = 0> <II = 1> <Delay = 1.78> <FuncUnit> <Opcode : 'add' 'sub'> <InPorts = 2> <OutPorts = 1>
ST_4 : Operation 89 [1/1] (0.00ns) (grouped into LUT with out node icmp_ln1148_1)   --->   "%zext_ln1148_1 = zext i5 %sub_ln1148_1"   --->   Operation 89 'zext' 'zext_ln1148_1' <Predicate = (!icmp_ln1136_1)> <Delay = 0.00>
ST_4 : Operation 90 [1/1] (0.00ns) (grouped into LUT with out node icmp_ln1148_1)   --->   "%lshr_ln1148_1 = lshr i25 33554431, i25 %zext_ln1148_1"   --->   Operation 90 'lshr' 'lshr_ln1148_1' <Predicate = (!icmp_ln1136_1)> <Delay = 0.00> <CoreInst = "Shifter">   --->   Core 75 'Shifter' <Latency = 0> <II = 1> <Delay = 2.66> <FuncUnit> <Opcode : 'shl' 'lshr' 'ashr'> <InPorts = 2> <OutPorts = 1>
ST_4 : Operation 91 [1/1] (0.00ns) (grouped into LUT with out node icmp_ln1148_1)   --->   "%p_Result_10 = and i25 %tmp_V_5, i25 %lshr_ln1148_1"   --->   Operation 91 'and' 'p_Result_10' <Predicate = (!icmp_ln1136_1)> <Delay = 0.00> <CoreInst = "LogicGate">   --->   Core 74 'LogicGate' <Latency = 0> <II = 1> <Delay = 1.02> <FuncUnit> <Opcode : 'and' 'or' 'xor'> <InPorts = 2> <OutPorts = 1>
ST_4 : Operation 92 [1/1] (2.66ns) (out node of the LUT)   --->   "%icmp_ln1148_1 = icmp_ne  i25 %p_Result_10, i25 0"   --->   Operation 92 'icmp' 'icmp_ln1148_1' <Predicate = (!icmp_ln1136_1)> <Delay = 2.66> <CoreInst = "Cmp">   --->   Core 9 'Cmp' <Latency = 0> <II = 1> <Delay = 2.45> <FuncUnit> <Opcode : 'icmp'> <InPorts = 2> <OutPorts = 1>
ST_4 : Operation 93 [1/1] (0.00ns) (grouped into LUT with out node or_ln1150_1)   --->   "%a_1 = and i1 %icmp_ln1147_1, i1 %icmp_ln1148_1"   --->   Operation 93 'and' 'a_1' <Predicate = (!icmp_ln1136_1)> <Delay = 0.00> <CoreInst = "LogicGate">   --->   Core 74 'LogicGate' <Latency = 0> <II = 1> <Delay = 0.97> <FuncUnit> <Opcode : 'and' 'or' 'xor'> <InPorts = 2> <OutPorts = 1>
ST_4 : Operation 94 [1/1] (0.00ns) (grouped into LUT with out node or_ln1150_1)   --->   "%tmp_6 = bitselect i1 @_ssdm_op_BitSelect.i1.i32.i32, i32 %lsb_index_1, i32 31"   --->   Operation 94 'bitselect' 'tmp_6' <Predicate = (!icmp_ln1136_1)> <Delay = 0.00>
ST_4 : Operation 95 [1/1] (0.00ns) (grouped into LUT with out node or_ln1150_1)   --->   "%xor_ln1150_1 = xor i1 %tmp_6, i1 1"   --->   Operation 95 'xor' 'xor_ln1150_1' <Predicate = (!icmp_ln1136_1)> <Delay = 0.00> <CoreInst = "LogicGate">   --->   Core 74 'LogicGate' <Latency = 0> <II = 1> <Delay = 0.97> <FuncUnit> <Opcode : 'and' 'or' 'xor'> <InPorts = 2> <OutPorts = 1>
ST_4 : Operation 96 [1/1] (2.34ns)   --->   "%add_ln1150_1 = add i25 %trunc_ln1145_1, i25 33554408"   --->   Operation 96 'add' 'add_ln1150_1' <Predicate = (!icmp_ln1136_1)> <Delay = 2.34> <CoreInst = "Adder">   --->   Core 1 'Adder' <Latency = 0> <II = 1> <Delay = 2.34> <FuncUnit> <Opcode : 'add' 'sub'> <InPorts = 2> <OutPorts = 1>
ST_4 : Operation 97 [1/1] (0.00ns) (grouped into LUT with out node or_ln1150_1)   --->   "%p_Result_11 = bitselect i1 @_ssdm_op_BitSelect.i1.i25.i25, i25 %tmp_V_5, i25 %add_ln1150_1"   --->   Operation 97 'bitselect' 'p_Result_11' <Predicate = (!icmp_ln1136_1)> <Delay = 0.00>
ST_4 : Operation 98 [1/1] (0.00ns) (grouped into LUT with out node or_ln1150_1)   --->   "%and_ln1150_1 = and i1 %p_Result_11, i1 %xor_ln1150_1"   --->   Operation 98 'and' 'and_ln1150_1' <Predicate = (!icmp_ln1136_1)> <Delay = 0.00> <CoreInst = "LogicGate">   --->   Core 74 'LogicGate' <Latency = 0> <II = 1> <Delay = 0.97> <FuncUnit> <Opcode : 'and' 'or' 'xor'> <InPorts = 2> <OutPorts = 1>
ST_4 : Operation 99 [1/1] (0.00ns) (grouped into LUT with out node or_ln1150_1)   --->   "%or_ln1150 = or i1 %and_ln1150_1, i1 %a_1"   --->   Operation 99 'or' 'or_ln1150' <Predicate = (!icmp_ln1136_1)> <Delay = 0.00> <CoreInst = "LogicGate">   --->   Core 74 'LogicGate' <Latency = 0> <II = 1> <Delay = 0.97> <FuncUnit> <Opcode : 'and' 'or' 'xor'> <InPorts = 2> <OutPorts = 1>
ST_4 : Operation 100 [1/1] (0.97ns) (out node of the LUT)   --->   "%or_ln1150_1 = bitconcatenate i2 @_ssdm_op_BitConcatenate.i2.i1.i1, i1 0, i1 %or_ln1150"   --->   Operation 100 'bitconcatenate' 'or_ln1150_1' <Predicate = (!icmp_ln1136_1)> <Delay = 0.97>
ST_4 : Operation 101 [1/1] (2.47ns)   --->   "%icmp_ln1159_1 = icmp_sgt  i32 %lsb_index_1, i32 0"   --->   Operation 101 'icmp' 'icmp_ln1159_1' <Predicate = (!icmp_ln1136_1)> <Delay = 2.47> <CoreInst = "Cmp">   --->   Core 9 'Cmp' <Latency = 0> <II = 1> <Delay = 2.47> <FuncUnit> <Opcode : 'icmp'> <InPorts = 2> <OutPorts = 1>

State 5 <SV = 4> <Delay = 6.97>
ST_5 : Operation 102 [1/1] (0.00ns)   --->   "%zext_ln1158 = zext i25 %tmp_V_4"   --->   Operation 102 'zext' 'zext_ln1158' <Predicate = (!icmp_ln1136)> <Delay = 0.00>
ST_5 : Operation 103 [1/1] (2.55ns)   --->   "%add_ln1159 = add i32 %sub_ln1145, i32 4294967271"   --->   Operation 103 'add' 'add_ln1159' <Predicate = (!icmp_ln1136 & icmp_ln1159)> <Delay = 2.55> <CoreInst = "Adder">   --->   Core 1 'Adder' <Latency = 0> <II = 1> <Delay = 2.55> <FuncUnit> <Opcode : 'add' 'sub'> <InPorts = 2> <OutPorts = 1>
ST_5 : Operation 104 [1/1] (0.00ns) (grouped into LUT with out node m_3)   --->   "%zext_ln1159 = zext i32 %add_ln1159"   --->   Operation 104 'zext' 'zext_ln1159' <Predicate = (!icmp_ln1136 & icmp_ln1159)> <Delay = 0.00>
ST_5 : Operation 105 [1/1] (0.00ns) (grouped into LUT with out node m_3)   --->   "%lshr_ln1159 = lshr i64 %zext_ln1158, i64 %zext_ln1159"   --->   Operation 105 'lshr' 'lshr_ln1159' <Predicate = (!icmp_ln1136 & icmp_ln1159)> <Delay = 0.00> <CoreInst = "Shifter">   --->   Core 75 'Shifter' <Latency = 0> <II = 1> <Delay = 4.42> <FuncUnit> <Opcode : 'shl' 'lshr' 'ashr'> <InPorts = 2> <OutPorts = 1>
ST_5 : Operation 106 [1/1] (0.00ns) (grouped into LUT with out node m_3)   --->   "%zext_ln1160 = zext i32 %l"   --->   Operation 106 'zext' 'zext_ln1160' <Predicate = (!icmp_ln1136 & !icmp_ln1159)> <Delay = 0.00>
ST_5 : Operation 107 [1/1] (0.00ns) (grouped into LUT with out node m_3)   --->   "%shl_ln1160 = shl i64 %zext_ln1158, i64 %zext_ln1160"   --->   Operation 107 'shl' 'shl_ln1160' <Predicate = (!icmp_ln1136 & !icmp_ln1159)> <Delay = 0.00> <CoreInst = "Shifter">   --->   Core 75 'Shifter' <Latency = 0> <II = 1> <Delay = 4.42> <FuncUnit> <Opcode : 'shl' 'lshr' 'ashr'> <InPorts = 2> <OutPorts = 1>
ST_5 : Operation 108 [1/1] (0.00ns) (grouped into LUT with out node m_3)   --->   "%m_2 = select i1 %icmp_ln1159, i64 %lshr_ln1159, i64 %shl_ln1160"   --->   Operation 108 'select' 'm_2' <Predicate = (!icmp_ln1136)> <Delay = 0.00> <CoreInst = "Sel">   --->   Core 73 'Sel' <Latency = 0> <II = 1> <Delay = 1.48> <FuncUnit> <Opcode : 'select'> <InPorts = 3> <OutPorts = 1>
ST_5 : Operation 109 [1/1] (0.00ns) (grouped into LUT with out node m_3)   --->   "%zext_ln1162 = zext i2 %or_ln"   --->   Operation 109 'zext' 'zext_ln1162' <Predicate = (!icmp_ln1136)> <Delay = 0.00>
ST_5 : Operation 110 [1/1] (4.42ns) (out node of the LUT)   --->   "%m_3 = add i64 %m_2, i64 %zext_ln1162"   --->   Operation 110 'add' 'm_3' <Predicate = (!icmp_ln1136)> <Delay = 4.42> <CoreInst = "Adder">   --->   Core 1 'Adder' <Latency = 0> <II = 1> <Delay = 3.52> <FuncUnit> <Opcode : 'add' 'sub'> <InPorts = 2> <OutPorts = 1>
ST_5 : Operation 111 [1/1] (0.00ns)   --->   "%m_9 = partselect i63 @_ssdm_op_PartSelect.i63.i64.i32.i32, i64 %m_3, i32 1, i32 63"   --->   Operation 111 'partselect' 'm_9' <Predicate = (!icmp_ln1136)> <Delay = 0.00>
ST_5 : Operation 112 [1/1] (0.00ns)   --->   "%p_Result_5 = bitselect i1 @_ssdm_op_BitSelect.i1.i64.i32, i64 %m_3, i32 25"   --->   Operation 112 'bitselect' 'p_Result_5' <Predicate = (!icmp_ln1136)> <Delay = 0.00>
ST_5 : Operation 113 [1/1] (0.00ns)   --->   "%zext_ln1158_1 = zext i25 %tmp_V_5"   --->   Operation 113 'zext' 'zext_ln1158_1' <Predicate = (!icmp_ln1136_1)> <Delay = 0.00>
ST_5 : Operation 114 [1/1] (2.55ns)   --->   "%add_ln1159_1 = add i32 %sub_ln1145_1, i32 4294967271"   --->   Operation 114 'add' 'add_ln1159_1' <Predicate = (!icmp_ln1136_1 & icmp_ln1159_1)> <Delay = 2.55> <CoreInst = "Adder">   --->   Core 1 'Adder' <Latency = 0> <II = 1> <Delay = 2.55> <FuncUnit> <Opcode : 'add' 'sub'> <InPorts = 2> <OutPorts = 1>
ST_5 : Operation 115 [1/1] (0.00ns) (grouped into LUT with out node m_6)   --->   "%zext_ln1159_1 = zext i32 %add_ln1159_1"   --->   Operation 115 'zext' 'zext_ln1159_1' <Predicate = (!icmp_ln1136_1 & icmp_ln1159_1)> <Delay = 0.00>
ST_5 : Operation 116 [1/1] (0.00ns) (grouped into LUT with out node m_6)   --->   "%lshr_ln1159_1 = lshr i64 %zext_ln1158_1, i64 %zext_ln1159_1"   --->   Operation 116 'lshr' 'lshr_ln1159_1' <Predicate = (!icmp_ln1136_1 & icmp_ln1159_1)> <Delay = 0.00> <CoreInst = "Shifter">   --->   Core 75 'Shifter' <Latency = 0> <II = 1> <Delay = 4.42> <FuncUnit> <Opcode : 'shl' 'lshr' 'ashr'> <InPorts = 2> <OutPorts = 1>
ST_5 : Operation 117 [1/1] (0.00ns) (grouped into LUT with out node m_6)   --->   "%zext_ln1160_1 = zext i32 %l_1"   --->   Operation 117 'zext' 'zext_ln1160_1' <Predicate = (!icmp_ln1136_1 & !icmp_ln1159_1)> <Delay = 0.00>
ST_5 : Operation 118 [1/1] (0.00ns) (grouped into LUT with out node m_6)   --->   "%shl_ln1160_1 = shl i64 %zext_ln1158_1, i64 %zext_ln1160_1"   --->   Operation 118 'shl' 'shl_ln1160_1' <Predicate = (!icmp_ln1136_1 & !icmp_ln1159_1)> <Delay = 0.00> <CoreInst = "Shifter">   --->   Core 75 'Shifter' <Latency = 0> <II = 1> <Delay = 4.42> <FuncUnit> <Opcode : 'shl' 'lshr' 'ashr'> <InPorts = 2> <OutPorts = 1>
ST_5 : Operation 119 [1/1] (0.00ns) (grouped into LUT with out node m_6)   --->   "%m_5 = select i1 %icmp_ln1159_1, i64 %lshr_ln1159_1, i64 %shl_ln1160_1"   --->   Operation 119 'select' 'm_5' <Predicate = (!icmp_ln1136_1)> <Delay = 0.00> <CoreInst = "Sel">   --->   Core 73 'Sel' <Latency = 0> <II = 1> <Delay = 1.48> <FuncUnit> <Opcode : 'select'> <InPorts = 3> <OutPorts = 1>
ST_5 : Operation 120 [1/1] (0.00ns) (grouped into LUT with out node m_6)   --->   "%zext_ln1162_1 = zext i2 %or_ln1150_1"   --->   Operation 120 'zext' 'zext_ln1162_1' <Predicate = (!icmp_ln1136_1)> <Delay = 0.00>
ST_5 : Operation 121 [1/1] (4.42ns) (out node of the LUT)   --->   "%m_6 = add i64 %m_5, i64 %zext_ln1162_1"   --->   Operation 121 'add' 'm_6' <Predicate = (!icmp_ln1136_1)> <Delay = 4.42> <CoreInst = "Adder">   --->   Core 1 'Adder' <Latency = 0> <II = 1> <Delay = 3.52> <FuncUnit> <Opcode : 'add' 'sub'> <InPorts = 2> <OutPorts = 1>
ST_5 : Operation 122 [1/1] (0.00ns)   --->   "%m = partselect i63 @_ssdm_op_PartSelect.i63.i64.i32.i32, i64 %m_6, i32 1, i32 63"   --->   Operation 122 'partselect' 'm' <Predicate = (!icmp_ln1136_1)> <Delay = 0.00>
ST_5 : Operation 123 [1/1] (0.00ns)   --->   "%p_Result_12 = bitselect i1 @_ssdm_op_BitSelect.i1.i64.i32, i64 %m_6, i32 25"   --->   Operation 123 'bitselect' 'p_Result_12' <Predicate = (!icmp_ln1136_1)> <Delay = 0.00>

State 6 <SV = 5> <Delay = 4.91>
ST_6 : Operation 124 [1/1] (0.00ns)   --->   "%zext_ln1163 = zext i63 %m_9"   --->   Operation 124 'zext' 'zext_ln1163' <Predicate = (!icmp_ln1136)> <Delay = 0.00>
ST_6 : Operation 125 [1/1] (1.24ns)   --->   "%select_ln1144 = select i1 %p_Result_5, i8 127, i8 126"   --->   Operation 125 'select' 'select_ln1144' <Predicate = (!icmp_ln1136)> <Delay = 1.24> <CoreInst = "Sel">   --->   Core 73 'Sel' <Latency = 0> <II = 1> <Delay = 1.24> <FuncUnit> <Opcode : 'select'> <InPorts = 3> <OutPorts = 1>
ST_6 : Operation 126 [1/1] (0.00ns) (grouped into TernaryAdder)   --->   "%sub_ln1165 = sub i8 3, i8 %trunc_ln1144"   --->   Operation 126 'sub' 'sub_ln1165' <Predicate = (!icmp_ln1136)> <Delay = 0.00> <CoreInst = "TAddSub">   --->   Core 10 'TAddSub' <Latency = 0> <II = 1> <Delay = 1.83> <IPBlock> <Opcode : 'add' 'sub'> <InPorts = 3> <OutPorts = 1> <Sync> <CReg>
ST_6 : Operation 127 [1/1] (3.66ns) (root node of TernaryAdder)   --->   "%add_ln1170 = add i8 %sub_ln1165, i8 %select_ln1144"   --->   Operation 127 'add' 'add_ln1170' <Predicate = (!icmp_ln1136)> <Delay = 3.66> <CoreInst = "TAddSub">   --->   Core 10 'TAddSub' <Latency = 0> <II = 1> <Delay = 1.83> <IPBlock> <Opcode : 'add' 'sub'> <InPorts = 3> <OutPorts = 1> <Sync> <CReg>
ST_6 : Operation 128 [1/1] (0.00ns)   --->   "%tmp_9 = bitconcatenate i9 @_ssdm_op_BitConcatenate.i9.i1.i8, i1 %p_Result_14, i8 %add_ln1170"   --->   Operation 128 'bitconcatenate' 'tmp_9' <Predicate = (!icmp_ln1136)> <Delay = 0.00>
ST_6 : Operation 129 [1/1] (0.00ns)   --->   "%p_Result_16 = partset i64 @_ssdm_op_PartSet.i64.i64.i9.i32.i32, i64 %zext_ln1163, i9 %tmp_9, i32 23, i32 31"   --->   Operation 129 'partset' 'p_Result_16' <Predicate = (!icmp_ln1136)> <Delay = 0.00>
ST_6 : Operation 130 [1/1] (0.00ns)   --->   "%LD = trunc i64 %p_Result_16"   --->   Operation 130 'trunc' 'LD' <Predicate = (!icmp_ln1136)> <Delay = 0.00>
ST_6 : Operation 131 [1/1] (0.00ns)   --->   "%zext_ln1163_1 = zext i63 %m"   --->   Operation 131 'zext' 'zext_ln1163_1' <Predicate = (!icmp_ln1136_1)> <Delay = 0.00>
ST_6 : Operation 132 [1/1] (1.24ns)   --->   "%select_ln1144_1 = select i1 %p_Result_12, i8 127, i8 126"   --->   Operation 132 'select' 'select_ln1144_1' <Predicate = (!icmp_ln1136_1)> <Delay = 1.24> <CoreInst = "Sel">   --->   Core 73 'Sel' <Latency = 0> <II = 1> <Delay = 1.24> <FuncUnit> <Opcode : 'select'> <InPorts = 3> <OutPorts = 1>
ST_6 : Operation 133 [1/1] (0.00ns) (grouped into TernaryAdder)   --->   "%sub_ln1165_1 = sub i8 3, i8 %trunc_ln1144_1"   --->   Operation 133 'sub' 'sub_ln1165_1' <Predicate = (!icmp_ln1136_1)> <Delay = 0.00> <CoreInst = "TAddSub">   --->   Core 10 'TAddSub' <Latency = 0> <II = 1> <Delay = 1.83> <IPBlock> <Opcode : 'add' 'sub'> <InPorts = 3> <OutPorts = 1> <Sync> <CReg>
ST_6 : Operation 134 [1/1] (3.66ns) (root node of TernaryAdder)   --->   "%add_ln1170_1 = add i8 %sub_ln1165_1, i8 %select_ln1144_1"   --->   Operation 134 'add' 'add_ln1170_1' <Predicate = (!icmp_ln1136_1)> <Delay = 3.66> <CoreInst = "TAddSub">   --->   Core 10 'TAddSub' <Latency = 0> <II = 1> <Delay = 1.83> <IPBlock> <Opcode : 'add' 'sub'> <InPorts = 3> <OutPorts = 1> <Sync> <CReg>
ST_6 : Operation 135 [1/1] (0.00ns)   --->   "%tmp_2 = bitconcatenate i9 @_ssdm_op_BitConcatenate.i9.i1.i8, i1 %p_Result_17, i8 %add_ln1170_1"   --->   Operation 135 'bitconcatenate' 'tmp_2' <Predicate = (!icmp_ln1136_1)> <Delay = 0.00>
ST_6 : Operation 136 [1/1] (0.00ns)   --->   "%p_Result_19 = partset i64 @_ssdm_op_PartSet.i64.i64.i9.i32.i32, i64 %zext_ln1163_1, i9 %tmp_2, i32 23, i32 31"   --->   Operation 136 'partset' 'p_Result_19' <Predicate = (!icmp_ln1136_1)> <Delay = 0.00>
ST_6 : Operation 137 [1/1] (0.00ns)   --->   "%LD_1 = trunc i64 %p_Result_19"   --->   Operation 137 'trunc' 'LD_1' <Predicate = (!icmp_ln1136_1)> <Delay = 0.00>

State 7 <SV = 6> <Delay = 5.70>
ST_7 : Operation 138 [1/1] (0.00ns)   --->   "%bitcast_ln810 = bitcast i32 %LD"   --->   Operation 138 'bitcast' 'bitcast_ln810' <Predicate = (!icmp_ln1136)> <Delay = 0.00>
ST_7 : Operation 139 [4/4] (5.70ns)   --->   "%phitmp = fmul i32 %bitcast_ln810, i32 262144"   --->   Operation 139 'fmul' 'phitmp' <Predicate = (!icmp_ln1136)> <Delay = 5.70> <CoreInst = "FMul_maxdsp">   --->   Core 30 'FMul_maxdsp' <Latency = 3> <II = 1> <Delay = 5.70> <FuncUnit> <Opcode : 'fmul'> <InPorts = 2> <OutPorts = 1>
ST_7 : Operation 140 [1/1] (0.00ns)   --->   "%bitcast_ln810_1 = bitcast i32 %LD_1"   --->   Operation 140 'bitcast' 'bitcast_ln810_1' <Predicate = (!icmp_ln1136_1)> <Delay = 0.00>
ST_7 : Operation 141 [4/4] (5.70ns)   --->   "%phitmp2 = fmul i32 %bitcast_ln810_1, i32 262144"   --->   Operation 141 'fmul' 'phitmp2' <Predicate = (!icmp_ln1136_1)> <Delay = 5.70> <CoreInst = "FMul_maxdsp">   --->   Core 30 'FMul_maxdsp' <Latency = 3> <II = 1> <Delay = 5.70> <FuncUnit> <Opcode : 'fmul'> <InPorts = 2> <OutPorts = 1>

State 8 <SV = 7> <Delay = 5.70>
ST_8 : Operation 142 [3/4] (5.70ns)   --->   "%phitmp = fmul i32 %bitcast_ln810, i32 262144"   --->   Operation 142 'fmul' 'phitmp' <Predicate = (!icmp_ln1136)> <Delay = 5.70> <CoreInst = "FMul_maxdsp">   --->   Core 30 'FMul_maxdsp' <Latency = 3> <II = 1> <Delay = 5.70> <FuncUnit> <Opcode : 'fmul'> <InPorts = 2> <OutPorts = 1>
ST_8 : Operation 143 [3/4] (5.70ns)   --->   "%phitmp2 = fmul i32 %bitcast_ln810_1, i32 262144"   --->   Operation 143 'fmul' 'phitmp2' <Predicate = (!icmp_ln1136_1)> <Delay = 5.70> <CoreInst = "FMul_maxdsp">   --->   Core 30 'FMul_maxdsp' <Latency = 3> <II = 1> <Delay = 5.70> <FuncUnit> <Opcode : 'fmul'> <InPorts = 2> <OutPorts = 1>

State 9 <SV = 8> <Delay = 5.70>
ST_9 : Operation 144 [2/4] (5.70ns)   --->   "%phitmp = fmul i32 %bitcast_ln810, i32 262144"   --->   Operation 144 'fmul' 'phitmp' <Predicate = (!icmp_ln1136)> <Delay = 5.70> <CoreInst = "FMul_maxdsp">   --->   Core 30 'FMul_maxdsp' <Latency = 3> <II = 1> <Delay = 5.70> <FuncUnit> <Opcode : 'fmul'> <InPorts = 2> <OutPorts = 1>
ST_9 : Operation 145 [2/4] (5.70ns)   --->   "%phitmp2 = fmul i32 %bitcast_ln810_1, i32 262144"   --->   Operation 145 'fmul' 'phitmp2' <Predicate = (!icmp_ln1136_1)> <Delay = 5.70> <CoreInst = "FMul_maxdsp">   --->   Core 30 'FMul_maxdsp' <Latency = 3> <II = 1> <Delay = 5.70> <FuncUnit> <Opcode : 'fmul'> <InPorts = 2> <OutPorts = 1>
ST_9 : Operation 156 [1/1] (0.00ns)   --->   "%ret_ln0 = ret"   --->   Operation 156 'ret' 'ret_ln0' <Predicate = (icmp_ln72)> <Delay = 0.00>

State 10 <SV = 9> <Delay = 6.40>
ST_10 : Operation 146 [1/1] (0.00ns)   --->   "%specloopname_ln72 = specloopname void @_ssdm_op_SpecLoopName, void @empty_4" [ifft_project_wlo/ifft.cpp:72]   --->   Operation 146 'specloopname' 'specloopname_ln72' <Predicate = true> <Delay = 0.00>
ST_10 : Operation 147 [1/4] (5.70ns)   --->   "%phitmp = fmul i32 %bitcast_ln810, i32 262144"   --->   Operation 147 'fmul' 'phitmp' <Predicate = (!icmp_ln1136)> <Delay = 5.70> <CoreInst = "FMul_maxdsp">   --->   Core 30 'FMul_maxdsp' <Latency = 3> <II = 1> <Delay = 5.70> <FuncUnit> <Opcode : 'fmul'> <InPorts = 2> <OutPorts = 1>
ST_10 : Operation 148 [1/4] (5.70ns)   --->   "%phitmp2 = fmul i32 %bitcast_ln810_1, i32 262144"   --->   Operation 148 'fmul' 'phitmp2' <Predicate = (!icmp_ln1136_1)> <Delay = 5.70> <CoreInst = "FMul_maxdsp">   --->   Core 30 'FMul_maxdsp' <Latency = 3> <II = 1> <Delay = 5.70> <FuncUnit> <Opcode : 'fmul'> <InPorts = 2> <OutPorts = 1>
ST_10 : Operation 149 [1/1] (0.00ns)   --->   "%bitcast_ln304_1 = bitcast i32 %phitmp"   --->   Operation 149 'bitcast' 'bitcast_ln304_1' <Predicate = (!icmp_ln1136)> <Delay = 0.00>
ST_10 : Operation 150 [1/1] (0.69ns)   --->   "%select_ln304 = select i1 %icmp_ln1136, i32 0, i32 %bitcast_ln304_1"   --->   Operation 150 'select' 'select_ln304' <Predicate = true> <Delay = 0.69> <CoreInst = "Sel">   --->   Core 73 'Sel' <Latency = 0> <II = 1> <Delay = 0.69> <FuncUnit> <Opcode : 'select'> <InPorts = 3> <OutPorts = 1>
ST_10 : Operation 151 [1/1] (0.00ns)   --->   "%bitcast_ln304 = bitcast i32 %phitmp2"   --->   Operation 151 'bitcast' 'bitcast_ln304' <Predicate = (!icmp_ln1136_1)> <Delay = 0.00>
ST_10 : Operation 152 [1/1] (0.69ns)   --->   "%select_ln304_1 = select i1 %icmp_ln1136_1, i32 0, i32 %bitcast_ln304"   --->   Operation 152 'select' 'select_ln304_1' <Predicate = true> <Delay = 0.69> <CoreInst = "Sel">   --->   Core 73 'Sel' <Latency = 0> <II = 1> <Delay = 0.69> <FuncUnit> <Opcode : 'select'> <InPorts = 3> <OutPorts = 1>
ST_10 : Operation 153 [1/1] (0.00ns)   --->   "%p_0 = bitconcatenate i64 @_ssdm_op_BitConcatenate.i64.i32.i32, i32 %select_ln304_1, i32 %select_ln304"   --->   Operation 153 'bitconcatenate' 'p_0' <Predicate = true> <Delay = 0.00>
ST_10 : Operation 154 [1/1] (0.00ns)   --->   "%write_ln304 = write void @_ssdm_op_Write.axis.volatile.i64P0A.i8P0A.i8P0A.i1P0A, i64 %output_r_V_data_V, i8 %output_r_V_keep_V, i8 %output_r_V_strb_V, i1 %output_r_V_last_V, i64 %p_0, i8 255, i8 0, i1 %tmp_last_V"   --->   Operation 154 'write' 'write_ln304' <Predicate = true> <Delay = 0.00> <CoreInst = "axis">   --->   Core 115 'axis' <Latency = 0> <II = 1> <Delay = 1.00> <Adapter> <Opcode : >
ST_10 : Operation 155 [1/1] (0.00ns)   --->   "%br_ln72 = br void %for.body41" [ifft_project_wlo/ifft.cpp:72]   --->   Operation 155 'br' 'br_ln72' <Predicate = true> <Delay = 0.00>


============================================================
+ Verbose Summary: Timing violations
============================================================
Target clock period: 10ns, clock uncertainty: 2.7ns.

 <State 1>: 3.47ns
The critical path consists of the following:
	'alloca' operation ('i') [9]  (0 ns)
	'load' operation ('i', ifft_project_wlo/ifft.cpp:72) on local variable 'i' [14]  (0 ns)
	'getelementptr' operation ('ga_M_real_V_addr') [23]  (0 ns)
	'load' operation ('lhs') on array 'ga_M_real_V' [24]  (3.25 ns)
	blocking operation 0.214 ns on control path)

 <State 2>: 5.57ns
The critical path consists of the following:
	'load' operation ('lhs') on array 'ga_M_real_V' [24]  (3.25 ns)
	'add' operation ('ret.V') [29]  (2.31 ns)

 <State 3>: 5.63ns
The critical path consists of the following:
	'sub' operation ('tmp.V') [32]  (2.34 ns)
	'select' operation ('tmp.V') [33]  (0.73 ns)
	'cttz' operation ('l') [37]  (0 ns)
	'sub' operation ('sub_ln1145') [38]  (2.55 ns)

 <State 4>: 6ns
The critical path consists of the following:
	'add' operation ('lsb_index') [40]  (2.55 ns)
	'icmp' operation ('icmp_ln1147') [42]  (2.47 ns)
	'and' operation ('a') [49]  (0 ns)
	'or' operation ('or_ln1150_2') [55]  (0 ns)
	blocking operation 0.978 ns on control path)

 <State 5>: 6.97ns
The critical path consists of the following:
	'add' operation ('add_ln1159') [59]  (2.55 ns)
	'lshr' operation ('lshr_ln1159') [61]  (0 ns)
	'select' operation ('m') [64]  (0 ns)
	'add' operation ('m') [66]  (4.42 ns)

 <State 6>: 4.92ns
The critical path consists of the following:
	'select' operation ('select_ln1144') [70]  (1.25 ns)
	'add' operation ('add_ln1170') [73]  (3.67 ns)

 <State 7>: 5.7ns
The critical path consists of the following:
	'fmul' operation ('phitmp') [78]  (5.7 ns)

 <State 8>: 5.7ns
The critical path consists of the following:
	'fmul' operation ('phitmp') [78]  (5.7 ns)

 <State 9>: 5.7ns
The critical path consists of the following:
	'fmul' operation ('phitmp') [78]  (5.7 ns)

 <State 10>: 6.4ns
The critical path consists of the following:
	'fmul' operation ('phitmp') [78]  (5.7 ns)
	'select' operation ('select_ln304') [137]  (0.698 ns)


============================================================
+ Verbose Summary: Binding
============================================================
N/A
* FSMD analyzer results:
  - Output states:
 - Input state : 
  - Chain level:
	State 1
	State 2
	State 3
	State 4
	State 5
	State 6
	State 7
	State 8
	State 9
	State 10


============================================================
+ Verbose Summary: Datapath Resource usage 
============================================================
N/A
