

================================================================
== Vitis HLS Report for 'ifft_1024_top'
================================================================
* Date:           Tue May  5 17:00:49 2026

* Version:        2022.1 (Build 3526262 on Mon Apr 18 15:48:16 MDT 2022)
* Project:        ifft_project_wlo
* Solution:       solution1 (Vivado IP Flow Target)
* Product family: zynq
* Target device:  xc7z020-clg484-1


================================================================
== Performance Estimates
================================================================
+ Timing: 
    * Summary: 
    +--------+----------+----------+------------+
    |  Clock |  Target  | Estimated| Uncertainty|
    +--------+----------+----------+------------+
    |ap_clk  |  10.00 ns|  7.222 ns|     2.70 ns|
    +--------+----------+----------+------------+

+ Latency: 
    * Summary: 
    +---------+---------+----------+----------+-----+-----+---------+
    |  Latency (cycles) |  Latency (absolute) |  Interval | Pipeline|
    |   min   |   max   |    min   |    max   | min | max |   Type  |
    +---------+---------+----------+----------+-----+-----+---------+
    |        ?|        ?|         ?|         ?|    ?|    ?|       no|
    +---------+---------+----------+----------+-----+-----+---------+

    + Detail: 
        * Instance: 
        +---------------------------------------------------+----------------------------------------+---------+---------+-----------+-----------+------+------+---------+
        |                                                   |                                        |  Latency (cycles) |   Latency (absolute)  |   Interval  | Pipeline|
        |                      Instance                     |                 Module                 |   min   |   max   |    min    |    max    |  min |  max |   Type  |
        +---------------------------------------------------+----------------------------------------+---------+---------+-----------+-----------+------+------+---------+
        |grp_ifft_1024_top_Pipeline_VITIS_LOOP_57_1_fu_72   |ifft_1024_top_Pipeline_VITIS_LOOP_57_1  |     1035|     1035|  10.350 us|  10.350 us|  1035|  1035|       no|
        |grp_ifft_1024_top_Pipeline_VITIS_LOOP_63_2_fu_86   |ifft_1024_top_Pipeline_VITIS_LOOP_63_2  |     1035|     1035|  10.350 us|  10.350 us|  1035|  1035|       no|
        |grp_ifft_fast_fu_100                               |ifft_fast                               |        ?|        ?|          ?|          ?|     ?|     ?|       no|
        |grp_ifft_fast_fu_112                               |ifft_fast                               |        ?|        ?|          ?|          ?|     ?|     ?|       no|
        |grp_ifft_1024_top_Pipeline_VITIS_LOOP_72_3_fu_124  |ifft_1024_top_Pipeline_VITIS_LOOP_72_3  |     1034|     1034|  10.340 us|  10.340 us|  1034|  1034|       no|
        +---------------------------------------------------+----------------------------------------+---------+---------+-----------+-----------+------+------+---------+

        * Loop: 
        N/A

============================================================
+ Verbose Summary: Synthesis Manager
============================================================
InlineROM: 1
ExposeGlobal: 0
============================================================
+ Verbose Summary: CDFG Model
============================================================
IsTopModel: 1
ResetActiveHigh: 1
IsCombinational: 0
IsDatapathOnly: 0
HasWiredReturn: 1
HasMFsm: 0
HasVarLatency: 1
IsPipeline: 0
IsRtlPipelined: 0
IsInstanceOverlapped: 0
IsDontTouch: 0
HasImplIP: 0
IsGatedGlobalClock: 0


============================================================
+ Verbose Summary: Schedule
============================================================
* Number of FSM states : 11
* Pipeline : 0
* Dataflow Pipeline: 0

* FSM state transitions: 
1 --> 2 
2 --> 3 
3 --> 4 
4 --> 5 
5 --> 6 
6 --> 7 
7 --> 8 
8 --> 9 
9 --> 10 
10 --> 11 
11 --> 

* FSM state operations: 

State 1 <SV = 0> <Delay = 3.25>
ST_1 : Operation 12 [1/1] (3.25ns)   --->   "%ga_M_real_V = alloca i64 1" [ifft_project_wlo/ifft.cpp:54]   --->   Operation 12 'alloca' 'ga_M_real_V' <Predicate = true> <Delay = 3.25>
ST_1 : Operation 13 [1/1] (3.25ns)   --->   "%ga_M_imag_V = alloca i64 1" [ifft_project_wlo/ifft.cpp:54]   --->   Operation 13 'alloca' 'ga_M_imag_V' <Predicate = true> <Delay = 3.25>
ST_1 : Operation 14 [1/1] (3.25ns)   --->   "%gb_M_real_V = alloca i64 1" [ifft_project_wlo/ifft.cpp:55]   --->   Operation 14 'alloca' 'gb_M_real_V' <Predicate = true> <Delay = 3.25>
ST_1 : Operation 15 [1/1] (3.25ns)   --->   "%gb_M_imag_V = alloca i64 1" [ifft_project_wlo/ifft.cpp:55]   --->   Operation 15 'alloca' 'gb_M_imag_V' <Predicate = true> <Delay = 3.25>
ST_1 : Operation 16 [1/1] (0.00ns)   --->   "%empty = wait i32 @_ssdm_op_Wait"   --->   Operation 16 'wait' 'empty' <Predicate = true> <Delay = 0.00>

State 2 <SV = 1> <Delay = 0.00>
ST_2 : Operation 17 [2/2] (0.00ns)   --->   "%call_ln0 = call void @ifft_1024_top_Pipeline_VITIS_LOOP_57_1, i64 %input_r_V_data_V, i8 %input_r_V_keep_V, i8 %input_r_V_strb_V, i1 %input_r_V_last_V, i24 %ga_M_real_V, i24 %ga_M_imag_V"   --->   Operation 17 'call' 'call_ln0' <Predicate = true> <Delay = 0.00> <CoreType = "Generic">   --->   Core 0 '' <Latency = 0> <II = 1> <Delay = 1.00> <Generic> <Opcode : >

State 3 <SV = 2> <Delay = 0.00>
ST_3 : Operation 18 [1/2] (0.00ns)   --->   "%call_ln0 = call void @ifft_1024_top_Pipeline_VITIS_LOOP_57_1, i64 %input_r_V_data_V, i8 %input_r_V_keep_V, i8 %input_r_V_strb_V, i1 %input_r_V_last_V, i24 %ga_M_real_V, i24 %ga_M_imag_V"   --->   Operation 18 'call' 'call_ln0' <Predicate = true> <Delay = 0.00> <CoreType = "Generic">   --->   Core 0 '' <Latency = 0> <II = 1> <Delay = 1.00> <Generic> <Opcode : >

State 4 <SV = 3> <Delay = 0.00>
ST_4 : Operation 19 [1/1] (0.00ns)   --->   "%empty_30 = wait i32 @_ssdm_op_Wait"   --->   Operation 19 'wait' 'empty_30' <Predicate = true> <Delay = 0.00>

State 5 <SV = 4> <Delay = 0.00>
ST_5 : Operation 20 [1/1] (0.00ns)   --->   "%empty_31 = wait i32 @_ssdm_op_Wait"   --->   Operation 20 'wait' 'empty_31' <Predicate = true> <Delay = 0.00>
ST_5 : Operation 21 [2/2] (0.00ns)   --->   "%call_ln0 = call void @ifft_1024_top_Pipeline_VITIS_LOOP_63_2, i64 %input_r_V_data_V, i8 %input_r_V_keep_V, i8 %input_r_V_strb_V, i1 %input_r_V_last_V, i24 %gb_M_real_V, i24 %gb_M_imag_V"   --->   Operation 21 'call' 'call_ln0' <Predicate = true> <Delay = 0.00> <CoreType = "Generic">   --->   Core 0 '' <Latency = 0> <II = 1> <Delay = 1.00> <Generic> <Opcode : >

State 6 <SV = 5> <Delay = 0.00>
ST_6 : Operation 22 [1/2] (0.00ns)   --->   "%call_ln0 = call void @ifft_1024_top_Pipeline_VITIS_LOOP_63_2, i64 %input_r_V_data_V, i8 %input_r_V_keep_V, i8 %input_r_V_strb_V, i1 %input_r_V_last_V, i24 %gb_M_real_V, i24 %gb_M_imag_V"   --->   Operation 22 'call' 'call_ln0' <Predicate = true> <Delay = 0.00> <CoreType = "Generic">   --->   Core 0 '' <Latency = 0> <II = 1> <Delay = 1.00> <Generic> <Opcode : >

State 7 <SV = 6> <Delay = 0.00>
ST_7 : Operation 23 [1/1] (0.00ns)   --->   "%empty_32 = wait i32 @_ssdm_op_Wait"   --->   Operation 23 'wait' 'empty_32' <Predicate = true> <Delay = 0.00>
ST_7 : Operation 24 [2/2] (0.00ns)   --->   "%call_ln69 = call void @ifft_fast, i24 %ga_M_real_V, i24 %ga_M_imag_V, i10 %br_lut, i24 %tw_M_real_V, i23 %tw_M_imag_V" [ifft_project_wlo/ifft.cpp:69]   --->   Operation 24 'call' 'call_ln69' <Predicate = true> <Delay = 0.00> <CoreType = "Generic">   --->   Core 0 '' <Latency = 0> <II = 1> <Delay = 1.00> <Generic> <Opcode : >
ST_7 : Operation 25 [2/2] (0.00ns)   --->   "%call_ln70 = call void @ifft_fast, i24 %gb_M_real_V, i24 %gb_M_imag_V, i10 %br_lut, i24 %tw_M_real_V, i23 %tw_M_imag_V" [ifft_project_wlo/ifft.cpp:70]   --->   Operation 25 'call' 'call_ln70' <Predicate = true> <Delay = 0.00> <CoreType = "Generic">   --->   Core 0 '' <Latency = 0> <II = 1> <Delay = 1.00> <Generic> <Opcode : >

State 8 <SV = 7> <Delay = 0.00>
ST_8 : Operation 26 [1/2] (0.00ns)   --->   "%call_ln69 = call void @ifft_fast, i24 %ga_M_real_V, i24 %ga_M_imag_V, i10 %br_lut, i24 %tw_M_real_V, i23 %tw_M_imag_V" [ifft_project_wlo/ifft.cpp:69]   --->   Operation 26 'call' 'call_ln69' <Predicate = true> <Delay = 0.00> <CoreType = "Generic">   --->   Core 0 '' <Latency = 0> <II = 1> <Delay = 1.00> <Generic> <Opcode : >
ST_8 : Operation 27 [1/2] (0.00ns)   --->   "%call_ln70 = call void @ifft_fast, i24 %gb_M_real_V, i24 %gb_M_imag_V, i10 %br_lut, i24 %tw_M_real_V, i23 %tw_M_imag_V" [ifft_project_wlo/ifft.cpp:70]   --->   Operation 27 'call' 'call_ln70' <Predicate = true> <Delay = 0.00> <CoreType = "Generic">   --->   Core 0 '' <Latency = 0> <II = 1> <Delay = 1.00> <Generic> <Opcode : >

State 9 <SV = 8> <Delay = 0.00>
ST_9 : Operation 28 [1/1] (0.00ns)   --->   "%empty_33 = wait i32 @_ssdm_op_Wait"   --->   Operation 28 'wait' 'empty_33' <Predicate = true> <Delay = 0.00>
ST_9 : Operation 29 [2/2] (0.00ns)   --->   "%call_ln0 = call void @ifft_1024_top_Pipeline_VITIS_LOOP_72_3, i24 %ga_M_real_V, i24 %gb_M_real_V, i24 %ga_M_imag_V, i24 %gb_M_imag_V, i64 %output_r_V_data_V, i8 %output_r_V_keep_V, i8 %output_r_V_strb_V, i1 %output_r_V_last_V"   --->   Operation 29 'call' 'call_ln0' <Predicate = true> <Delay = 0.00> <CoreType = "Generic">   --->   Core 0 '' <Latency = 0> <II = 1> <Delay = 1.00> <Generic> <Opcode : >

State 10 <SV = 9> <Delay = 6.40>
ST_10 : Operation 30 [1/2] (6.40ns)   --->   "%call_ln0 = call void @ifft_1024_top_Pipeline_VITIS_LOOP_72_3, i24 %ga_M_real_V, i24 %gb_M_real_V, i24 %ga_M_imag_V, i24 %gb_M_imag_V, i64 %output_r_V_data_V, i8 %output_r_V_keep_V, i8 %output_r_V_strb_V, i1 %output_r_V_last_V"   --->   Operation 30 'call' 'call_ln0' <Predicate = true> <Delay = 6.40> <CoreType = "Generic">   --->   Core 0 '' <Latency = 0> <II = 1> <Delay = 1.00> <Generic> <Opcode : >

State 11 <SV = 10> <Delay = 0.00>
ST_11 : Operation 31 [1/1] (0.00ns)   --->   "%spectopmodule_ln47 = spectopmodule void @_ssdm_op_SpecTopModule, void @empty_2" [ifft_project_wlo/ifft.cpp:47]   --->   Operation 31 'spectopmodule' 'spectopmodule_ln47' <Predicate = true> <Delay = 0.00>
ST_11 : Operation 32 [1/1] (0.00ns)   --->   "%specinterface_ln47 = specinterface void @_ssdm_op_SpecInterface, i32 0, void @empty_3, i32 0, i32 0, void @empty_1, i32 0, i32 0, void @empty_1, void @empty_1, void @empty_1, i32 0, i32 0, i32 0, i32 0, void @empty_1, void @empty_1, i32 4294967295, i32 0" [ifft_project_wlo/ifft.cpp:47]   --->   Operation 32 'specinterface' 'specinterface_ln47' <Predicate = true> <Delay = 0.00>
ST_11 : Operation 33 [1/1] (0.00ns)   --->   "%specinterface_ln0 = specinterface void @_ssdm_op_SpecInterface, i64 %input_r_V_data_V, i8 %input_r_V_keep_V, i8 %input_r_V_strb_V, i1 %input_r_V_last_V, void @empty, i32 1, i32 1, void @empty_0, i32 0, i32 0, void @empty_1, void @empty_1, void @empty_1, i32 0, i32 0, i32 0, i32 0, void @empty_1, void @empty_1, i32 4294967295, i32 0"   --->   Operation 33 'specinterface' 'specinterface_ln0' <Predicate = true> <Delay = 0.00>
ST_11 : Operation 34 [1/1] (0.00ns)   --->   "%specbitsmap_ln0 = specbitsmap void @_ssdm_op_SpecBitsMap, i64 %input_r_V_data_V"   --->   Operation 34 'specbitsmap' 'specbitsmap_ln0' <Predicate = true> <Delay = 0.00>
ST_11 : Operation 35 [1/1] (0.00ns)   --->   "%specbitsmap_ln0 = specbitsmap void @_ssdm_op_SpecBitsMap, i8 %input_r_V_keep_V"   --->   Operation 35 'specbitsmap' 'specbitsmap_ln0' <Predicate = true> <Delay = 0.00>
ST_11 : Operation 36 [1/1] (0.00ns)   --->   "%specbitsmap_ln0 = specbitsmap void @_ssdm_op_SpecBitsMap, i8 %input_r_V_strb_V"   --->   Operation 36 'specbitsmap' 'specbitsmap_ln0' <Predicate = true> <Delay = 0.00>
ST_11 : Operation 37 [1/1] (0.00ns)   --->   "%specbitsmap_ln0 = specbitsmap void @_ssdm_op_SpecBitsMap, i1 %input_r_V_last_V"   --->   Operation 37 'specbitsmap' 'specbitsmap_ln0' <Predicate = true> <Delay = 0.00>
ST_11 : Operation 38 [1/1] (0.00ns)   --->   "%specinterface_ln0 = specinterface void @_ssdm_op_SpecInterface, i64 %output_r_V_data_V, i8 %output_r_V_keep_V, i8 %output_r_V_strb_V, i1 %output_r_V_last_V, void @empty, i32 1, i32 1, void @empty_0, i32 0, i32 0, void @empty_1, void @empty_1, void @empty_1, i32 0, i32 0, i32 0, i32 0, void @empty_1, void @empty_1, i32 4294967295, i32 0"   --->   Operation 38 'specinterface' 'specinterface_ln0' <Predicate = true> <Delay = 0.00>
ST_11 : Operation 39 [1/1] (0.00ns)   --->   "%specbitsmap_ln0 = specbitsmap void @_ssdm_op_SpecBitsMap, i64 %output_r_V_data_V"   --->   Operation 39 'specbitsmap' 'specbitsmap_ln0' <Predicate = true> <Delay = 0.00>
ST_11 : Operation 40 [1/1] (0.00ns)   --->   "%specbitsmap_ln0 = specbitsmap void @_ssdm_op_SpecBitsMap, i8 %output_r_V_keep_V"   --->   Operation 40 'specbitsmap' 'specbitsmap_ln0' <Predicate = true> <Delay = 0.00>
ST_11 : Operation 41 [1/1] (0.00ns)   --->   "%specbitsmap_ln0 = specbitsmap void @_ssdm_op_SpecBitsMap, i8 %output_r_V_strb_V"   --->   Operation 41 'specbitsmap' 'specbitsmap_ln0' <Predicate = true> <Delay = 0.00>
ST_11 : Operation 42 [1/1] (0.00ns)   --->   "%specbitsmap_ln0 = specbitsmap void @_ssdm_op_SpecBitsMap, i1 %output_r_V_last_V"   --->   Operation 42 'specbitsmap' 'specbitsmap_ln0' <Predicate = true> <Delay = 0.00>
ST_11 : Operation 43 [1/1] (0.00ns)   --->   "%ret_ln80 = ret" [ifft_project_wlo/ifft.cpp:80]   --->   Operation 43 'ret' 'ret_ln80' <Predicate = true> <Delay = 0.00>


============================================================
+ Verbose Summary: Binding
============================================================
STG Binding: 
---------------- STG Properties BEGIN ----------------
- Is combinational: 0
- Is one-state seq: 0
- Is datapath-only: 0
- Is pipelined: 0
- Is top level: 1
Port [ Return ] is wired: 1; IO mode=ap_ctrl_none:ce=0
Port [ input_r_V_data_V]:  wired=1; compound=1; hidden=0; nouse=0; global=0; static=0; extern=0; dir=0; type=0; pingpong=0; private_global=0; IO mode=axis:ce=0
Port [ input_r_V_keep_V]:  wired=1; compound=1; hidden=0; nouse=0; global=0; static=0; extern=0; dir=0; type=0; pingpong=0; private_global=0; IO mode=axis:ce=0
Port [ input_r_V_strb_V]:  wired=1; compound=1; hidden=0; nouse=0; global=0; static=0; extern=0; dir=0; type=0; pingpong=0; private_global=0; IO mode=axis:ce=0
Port [ input_r_V_last_V]:  wired=1; compound=1; hidden=0; nouse=0; global=0; static=0; extern=0; dir=0; type=0; pingpong=0; private_global=0; IO mode=axis:ce=0
Port [ output_r_V_data_V]:  wired=1; compound=1; hidden=0; nouse=0; global=0; static=0; extern=0; dir=1; type=0; pingpong=0; private_global=0; IO mode=axis:ce=0
Port [ output_r_V_keep_V]:  wired=1; compound=1; hidden=0; nouse=0; global=0; static=0; extern=0; dir=1; type=0; pingpong=0; private_global=0; IO mode=axis:ce=0
Port [ output_r_V_strb_V]:  wired=1; compound=1; hidden=0; nouse=0; global=0; static=0; extern=0; dir=1; type=0; pingpong=0; private_global=0; IO mode=axis:ce=0
Port [ output_r_V_last_V]:  wired=1; compound=1; hidden=0; nouse=0; global=0; static=0; extern=0; dir=1; type=0; pingpong=0; private_global=0; IO mode=axis:ce=0
Port [ br_lut]:  wired=0; compound=1; hidden=1; nouse=1; global=1; static=1; extern=0; dir=0; type=1; pingpong=0; private_global=0; MemPort=[1]; IO mode=ap_memory:ce=0
Port [ tw_M_real_V]:  wired=0; compound=1; hidden=1; nouse=1; global=1; static=1; extern=0; dir=0; type=1; pingpong=0; private_global=0; MemPort=[1]; IO mode=ap_memory:ce=0
Port [ tw_M_imag_V]:  wired=0; compound=1; hidden=1; nouse=1; global=1; static=1; extern=0; dir=0; type=1; pingpong=0; private_global=0; MemPort=[1]; IO mode=ap_memory:ce=0
---------------- STG Properties END ------------------

---------------- Datapath Model BEGIN ----------------

<LifeTime>
<method=bitvector/>
ga_M_real_V        (alloca       ) [ 001111111110]
ga_M_imag_V        (alloca       ) [ 001111111110]
gb_M_real_V        (alloca       ) [ 001111111110]
gb_M_imag_V        (alloca       ) [ 001111111110]
empty              (wait         ) [ 000000000000]
call_ln0           (call         ) [ 000000000000]
empty_30           (wait         ) [ 000000000000]
empty_31           (wait         ) [ 000000000000]
call_ln0           (call         ) [ 000000000000]
empty_32           (wait         ) [ 000000000000]
call_ln69          (call         ) [ 000000000000]
call_ln70          (call         ) [ 000000000000]
empty_33           (wait         ) [ 000000000000]
call_ln0           (call         ) [ 000000000000]
spectopmodule_ln47 (spectopmodule) [ 000000000000]
specinterface_ln47 (specinterface) [ 000000000000]
specinterface_ln0  (specinterface) [ 000000000000]
specbitsmap_ln0    (specbitsmap  ) [ 000000000000]
specbitsmap_ln0    (specbitsmap  ) [ 000000000000]
specbitsmap_ln0    (specbitsmap  ) [ 000000000000]
specbitsmap_ln0    (specbitsmap  ) [ 000000000000]
specinterface_ln0  (specinterface) [ 000000000000]
specbitsmap_ln0    (specbitsmap  ) [ 000000000000]
specbitsmap_ln0    (specbitsmap  ) [ 000000000000]
specbitsmap_ln0    (specbitsmap  ) [ 000000000000]
specbitsmap_ln0    (specbitsmap  ) [ 000000000000]
ret_ln80           (ret          ) [ 000000000000]
</LifeTime>

<model>

<comp_list>
<comp id="0" class="1000" name="input_r_V_data_V">
<pin_list>
<pin id="1" dir="1" index="0" bw="1" slack="0"/>
</pin_list>
<bind>
<StgValue><ssdm name="input_r_V_data_V"/></StgValue>
</bind>
</comp>

<comp id="2" class="1000" name="input_r_V_keep_V">
<pin_list>
<pin id="3" dir="1" index="0" bw="1" slack="0"/>
</pin_list>
<bind>
<StgValue><ssdm name="input_r_V_keep_V"/></StgValue>
</bind>
</comp>

<comp id="4" class="1000" name="input_r_V_strb_V">
<pin_list>
<pin id="5" dir="1" index="0" bw="1" slack="0"/>
</pin_list>
<bind>
<StgValue><ssdm name="input_r_V_strb_V"/></StgValue>
</bind>
</comp>

<comp id="6" class="1000" name="input_r_V_last_V">
<pin_list>
<pin id="7" dir="1" index="0" bw="1" slack="0"/>
</pin_list>
<bind>
<StgValue><ssdm name="input_r_V_last_V"/></StgValue>
</bind>
</comp>

<comp id="8" class="1000" name="output_r_V_data_V">
<pin_list>
<pin id="9" dir="1" index="0" bw="1" slack="0"/>
</pin_list>
<bind>
<StgValue><ssdm name="output_r_V_data_V"/></StgValue>
</bind>
</comp>

<comp id="10" class="1000" name="output_r_V_keep_V">
<pin_list>
<pin id="11" dir="1" index="0" bw="1" slack="0"/>
</pin_list>
<bind>
<StgValue><ssdm name="output_r_V_keep_V"/></StgValue>
</bind>
</comp>

<comp id="12" class="1000" name="output_r_V_strb_V">
<pin_list>
<pin id="13" dir="1" index="0" bw="1" slack="0"/>
</pin_list>
<bind>
<StgValue><ssdm name="output_r_V_strb_V"/></StgValue>
</bind>
</comp>

<comp id="14" class="1000" name="output_r_V_last_V">
<pin_list>
<pin id="15" dir="1" index="0" bw="1" slack="0"/>
</pin_list>
<bind>
<StgValue><ssdm name="output_r_V_last_V"/></StgValue>
</bind>
</comp>

<comp id="16" class="1000" name="br_lut">
<pin_list>
<pin id="17" dir="1" index="0" bw="1" slack="0"/>
</pin_list>
<bind>
<StgValue><ssdm name="br_lut"/><MemPortTyVec>1 </MemPortTyVec>
</StgValue>
</bind>
</comp>

<comp id="18" class="1000" name="tw_M_real_V">
<pin_list>
<pin id="19" dir="1" index="0" bw="1" slack="0"/>
</pin_list>
<bind>
<StgValue><ssdm name="tw_M_real_V"/><MemPortTyVec>1 </MemPortTyVec>
</StgValue>
</bind>
</comp>

<comp id="20" class="1000" name="tw_M_imag_V">
<pin_list>
<pin id="21" dir="1" index="0" bw="1" slack="0"/>
</pin_list>
<bind>
<StgValue><ssdm name="tw_M_imag_V"/><MemPortTyVec>1 </MemPortTyVec>
</StgValue>
</bind>
</comp>

<comp id="22" class="1001" name="const_22">
<pin_list>
<pin id="23" dir="1" index="0" bw="1" slack="0"/>
</pin_list>
<bind>
<StgValue><ssdm name=""/></StgValue>
</bind>
</comp>

<comp id="24" class="1001" name="const_24">
<pin_list>
<pin id="25" dir="1" index="0" bw="1" slack="2147483647"/>
</pin_list>
<bind>
<StgValue><ssdm name="_ssdm_op_Wait"/></StgValue>
</bind>
</comp>

<comp id="26" class="1001" name="const_26">
<pin_list>
<pin id="27" dir="1" index="0" bw="1" slack="0"/>
</pin_list>
<bind>
<StgValue><ssdm name="ifft_1024_top_Pipeline_VITIS_LOOP_57_1"/></StgValue>
</bind>
</comp>

<comp id="28" class="1001" name="const_28">
<pin_list>
<pin id="29" dir="1" index="0" bw="1" slack="0"/>
</pin_list>
<bind>
<StgValue><ssdm name="ifft_1024_top_Pipeline_VITIS_LOOP_63_2"/></StgValue>
</bind>
</comp>

<comp id="30" class="1001" name="const_30">
<pin_list>
<pin id="31" dir="1" index="0" bw="1" slack="0"/>
</pin_list>
<bind>
<StgValue><ssdm name="ifft_fast"/></StgValue>
</bind>
</comp>

<comp id="32" class="1001" name="const_32">
<pin_list>
<pin id="33" dir="1" index="0" bw="1" slack="0"/>
</pin_list>
<bind>
<StgValue><ssdm name="ifft_1024_top_Pipeline_VITIS_LOOP_72_3"/></StgValue>
</bind>
</comp>

<comp id="34" class="1001" name="const_34">
<pin_list>
<pin id="35" dir="1" index="0" bw="1" slack="2147483647"/>
</pin_list>
<bind>
<StgValue><ssdm name="_ssdm_op_SpecTopModule"/></StgValue>
</bind>
</comp>

<comp id="36" class="1001" name="const_36">
<pin_list>
<pin id="37" dir="1" index="0" bw="1" slack="2147483647"/>
</pin_list>
<bind>
<StgValue><ssdm name="empty_2"/></StgValue>
</bind>
</comp>

<comp id="38" class="1001" name="const_38">
<pin_list>
<pin id="39" dir="1" index="0" bw="1" slack="2147483647"/>
</pin_list>
<bind>
<StgValue><ssdm name="_ssdm_op_SpecInterface"/></StgValue>
</bind>
</comp>

<comp id="40" class="1001" name="const_40">
<pin_list>
<pin id="41" dir="1" index="0" bw="1" slack="2147483647"/>
</pin_list>
<bind>
<StgValue><ssdm name=""/></StgValue>
</bind>
</comp>

<comp id="42" class="1001" name="const_42">
<pin_list>
<pin id="43" dir="1" index="0" bw="1" slack="2147483647"/>
</pin_list>
<bind>
<StgValue><ssdm name="empty_3"/></StgValue>
</bind>
</comp>

<comp id="44" class="1001" name="const_44">
<pin_list>
<pin id="45" dir="1" index="0" bw="1" slack="2147483647"/>
</pin_list>
<bind>
<StgValue><ssdm name="empty_1"/></StgValue>
</bind>
</comp>

<comp id="46" class="1001" name="const_46">
<pin_list>
<pin id="47" dir="1" index="0" bw="1" slack="2147483647"/>
</pin_list>
<bind>
<StgValue><ssdm name=""/></StgValue>
</bind>
</comp>

<comp id="48" class="1001" name="const_48">
<pin_list>
<pin id="49" dir="1" index="0" bw="1" slack="2147483647"/>
</pin_list>
<bind>
<StgValue><ssdm name="empty"/></StgValue>
</bind>
</comp>

<comp id="50" class="1001" name="const_50">
<pin_list>
<pin id="51" dir="1" index="0" bw="1" slack="2147483647"/>
</pin_list>
<bind>
<StgValue><ssdm name=""/></StgValue>
</bind>
</comp>

<comp id="52" class="1001" name="const_52">
<pin_list>
<pin id="53" dir="1" index="0" bw="1" slack="2147483647"/>
</pin_list>
<bind>
<StgValue><ssdm name="empty_0"/></StgValue>
</bind>
</comp>

<comp id="54" class="1001" name="const_54">
<pin_list>
<pin id="55" dir="1" index="0" bw="1" slack="2147483647"/>
</pin_list>
<bind>
<StgValue><ssdm name="_ssdm_op_SpecBitsMap"/></StgValue>
</bind>
</comp>

<comp id="56" class="1004" name="ga_M_real_V_alloca_fu_56">
<pin_list>
<pin id="57" dir="0" index="0" bw="1" slack="0"/>
<pin id="58" dir="1" index="1" bw="24" slack="2147483647"/>
</pin_list>
<bind>
<opcode="alloca(26) " fcode="alloca"/>
<opset="ga_M_real_V/1 "/>
</bind>
</comp>

<comp id="60" class="1004" name="ga_M_imag_V_alloca_fu_60">
<pin_list>
<pin id="61" dir="0" index="0" bw="1" slack="0"/>
<pin id="62" dir="1" index="1" bw="24" slack="2147483647"/>
</pin_list>
<bind>
<opcode="alloca(26) " fcode="alloca"/>
<opset="ga_M_imag_V/1 "/>
</bind>
</comp>

<comp id="64" class="1004" name="gb_M_real_V_alloca_fu_64">
<pin_list>
<pin id="65" dir="0" index="0" bw="1" slack="0"/>
<pin id="66" dir="1" index="1" bw="24" slack="2147483647"/>
</pin_list>
<bind>
<opcode="alloca(26) " fcode="alloca"/>
<opset="gb_M_real_V/1 "/>
</bind>
</comp>

<comp id="68" class="1004" name="gb_M_imag_V_alloca_fu_68">
<pin_list>
<pin id="69" dir="0" index="0" bw="1" slack="0"/>
<pin id="70" dir="1" index="1" bw="24" slack="2147483647"/>
</pin_list>
<bind>
<opcode="alloca(26) " fcode="alloca"/>
<opset="gb_M_imag_V/1 "/>
</bind>
</comp>

<comp id="72" class="1004" name="grp_ifft_1024_top_Pipeline_VITIS_LOOP_57_1_fu_72">
<pin_list>
<pin id="73" dir="0" index="0" bw="0" slack="0"/>
<pin id="74" dir="0" index="1" bw="64" slack="0"/>
<pin id="75" dir="0" index="2" bw="8" slack="0"/>
<pin id="76" dir="0" index="3" bw="8" slack="0"/>
<pin id="77" dir="0" index="4" bw="1" slack="0"/>
<pin id="78" dir="0" index="5" bw="24" slack="2147483647"/>
<pin id="79" dir="0" index="6" bw="24" slack="2147483647"/>
<pin id="80" dir="1" index="7" bw="0" slack="2147483647"/>
</pin_list>
<bind>
<opcode="call(48) " fcode="call"/>
<opset="call_ln0/2 "/>
</bind>
</comp>

<comp id="86" class="1004" name="grp_ifft_1024_top_Pipeline_VITIS_LOOP_63_2_fu_86">
<pin_list>
<pin id="87" dir="0" index="0" bw="0" slack="0"/>
<pin id="88" dir="0" index="1" bw="64" slack="0"/>
<pin id="89" dir="0" index="2" bw="8" slack="0"/>
<pin id="90" dir="0" index="3" bw="8" slack="0"/>
<pin id="91" dir="0" index="4" bw="1" slack="0"/>
<pin id="92" dir="0" index="5" bw="24" slack="2147483647"/>
<pin id="93" dir="0" index="6" bw="24" slack="2147483647"/>
<pin id="94" dir="1" index="7" bw="0" slack="2147483647"/>
</pin_list>
<bind>
<opcode="call(48) " fcode="call"/>
<opset="call_ln0/5 "/>
</bind>
</comp>

<comp id="100" class="1004" name="grp_ifft_fast_fu_100">
<pin_list>
<pin id="101" dir="0" index="0" bw="0" slack="0"/>
<pin id="102" dir="0" index="1" bw="24" slack="2147483647"/>
<pin id="103" dir="0" index="2" bw="24" slack="2147483647"/>
<pin id="104" dir="0" index="3" bw="10" slack="0"/>
<pin id="105" dir="0" index="4" bw="24" slack="0"/>
<pin id="106" dir="0" index="5" bw="23" slack="0"/>
<pin id="107" dir="1" index="6" bw="0" slack="2147483647"/>
</pin_list>
<bind>
<opcode="call(48) " fcode="call"/>
<opset="call_ln69/7 "/>
</bind>
</comp>

<comp id="112" class="1004" name="grp_ifft_fast_fu_112">
<pin_list>
<pin id="113" dir="0" index="0" bw="0" slack="0"/>
<pin id="114" dir="0" index="1" bw="24" slack="2147483647"/>
<pin id="115" dir="0" index="2" bw="24" slack="2147483647"/>
<pin id="116" dir="0" index="3" bw="10" slack="0"/>
<pin id="117" dir="0" index="4" bw="24" slack="0"/>
<pin id="118" dir="0" index="5" bw="23" slack="0"/>
<pin id="119" dir="1" index="6" bw="0" slack="2147483647"/>
</pin_list>
<bind>
<opcode="call(48) " fcode="call"/>
<opset="call_ln70/7 "/>
</bind>
</comp>

<comp id="124" class="1004" name="grp_ifft_1024_top_Pipeline_VITIS_LOOP_72_3_fu_124">
<pin_list>
<pin id="125" dir="0" index="0" bw="0" slack="0"/>
<pin id="126" dir="0" index="1" bw="24" slack="2147483647"/>
<pin id="127" dir="0" index="2" bw="24" slack="2147483647"/>
<pin id="128" dir="0" index="3" bw="24" slack="2147483647"/>
<pin id="129" dir="0" index="4" bw="24" slack="2147483647"/>
<pin id="130" dir="0" index="5" bw="64" slack="0"/>
<pin id="131" dir="0" index="6" bw="8" slack="0"/>
<pin id="132" dir="0" index="7" bw="8" slack="0"/>
<pin id="133" dir="0" index="8" bw="1" slack="0"/>
<pin id="134" dir="1" index="9" bw="0" slack="2147483647"/>
</pin_list>
<bind>
<opcode="call(48) " fcode="call"/>
<opset="call_ln0/9 "/>
</bind>
</comp>

</comp_list>

<net_list>
<net id="59"><net_src comp="22" pin="0"/><net_sink comp="56" pin=0"/></net>

<net id="63"><net_src comp="22" pin="0"/><net_sink comp="60" pin=0"/></net>

<net id="67"><net_src comp="22" pin="0"/><net_sink comp="64" pin=0"/></net>

<net id="71"><net_src comp="22" pin="0"/><net_sink comp="68" pin=0"/></net>

<net id="81"><net_src comp="26" pin="0"/><net_sink comp="72" pin=0"/></net>

<net id="82"><net_src comp="0" pin="0"/><net_sink comp="72" pin=1"/></net>

<net id="83"><net_src comp="2" pin="0"/><net_sink comp="72" pin=2"/></net>

<net id="84"><net_src comp="4" pin="0"/><net_sink comp="72" pin=3"/></net>

<net id="85"><net_src comp="6" pin="0"/><net_sink comp="72" pin=4"/></net>

<net id="95"><net_src comp="28" pin="0"/><net_sink comp="86" pin=0"/></net>

<net id="96"><net_src comp="0" pin="0"/><net_sink comp="86" pin=1"/></net>

<net id="97"><net_src comp="2" pin="0"/><net_sink comp="86" pin=2"/></net>

<net id="98"><net_src comp="4" pin="0"/><net_sink comp="86" pin=3"/></net>

<net id="99"><net_src comp="6" pin="0"/><net_sink comp="86" pin=4"/></net>

<net id="108"><net_src comp="30" pin="0"/><net_sink comp="100" pin=0"/></net>

<net id="109"><net_src comp="16" pin="0"/><net_sink comp="100" pin=3"/></net>

<net id="110"><net_src comp="18" pin="0"/><net_sink comp="100" pin=4"/></net>

<net id="111"><net_src comp="20" pin="0"/><net_sink comp="100" pin=5"/></net>

<net id="120"><net_src comp="30" pin="0"/><net_sink comp="112" pin=0"/></net>

<net id="121"><net_src comp="16" pin="0"/><net_sink comp="112" pin=3"/></net>

<net id="122"><net_src comp="18" pin="0"/><net_sink comp="112" pin=4"/></net>

<net id="123"><net_src comp="20" pin="0"/><net_sink comp="112" pin=5"/></net>

<net id="135"><net_src comp="32" pin="0"/><net_sink comp="124" pin=0"/></net>

<net id="136"><net_src comp="8" pin="0"/><net_sink comp="124" pin=5"/></net>

<net id="137"><net_src comp="10" pin="0"/><net_sink comp="124" pin=6"/></net>

<net id="138"><net_src comp="12" pin="0"/><net_sink comp="124" pin=7"/></net>

<net id="139"><net_src comp="14" pin="0"/><net_sink comp="124" pin=8"/></net>

</net_list>

</model> 
---------------- Datapath Model END ------------------

* FSMD analyzer results:
  - Output states:
	Port: output_r_V_data_V | {9 10 }
	Port: output_r_V_keep_V | {9 10 }
	Port: output_r_V_strb_V | {9 10 }
	Port: output_r_V_last_V | {9 10 }
 - Input state : 
	Port: ifft_1024_top : input_r_V_data_V | {2 3 5 6 }
	Port: ifft_1024_top : input_r_V_keep_V | {2 3 5 6 }
	Port: ifft_1024_top : input_r_V_strb_V | {2 3 5 6 }
	Port: ifft_1024_top : input_r_V_last_V | {2 3 5 6 }
	Port: ifft_1024_top : br_lut | {7 8 }
	Port: ifft_1024_top : tw_M_real_V | {7 8 }
	Port: ifft_1024_top : tw_M_imag_V | {7 8 }
  - Chain level:
	State 1
	State 2
	State 3
	State 4
	State 5
	State 6
	State 7
	State 8
	State 9
	State 10
	State 11


============================================================
+ Verbose Summary: Datapath Resource usage 
============================================================

* Functional unit list:
|----------|---------------------------------------------------|---------|---------|---------|---------|
| Operation|                  Functional Unit                  |   DSP   |  Delay  |    FF   |   LUT   |
|----------|---------------------------------------------------|---------|---------|---------|---------|
|          |  grp_ifft_1024_top_Pipeline_VITIS_LOOP_57_1_fu_72 |    6    |  3.176  |   977   |   1879  |
|          |  grp_ifft_1024_top_Pipeline_VITIS_LOOP_63_2_fu_86 |    6    |  3.176  |   977   |   1879  |
|   call   |                grp_ifft_fast_fu_100               |    4    |  17.468 |   931   |   719   |
|          |                grp_ifft_fast_fu_112               |    4    |  17.468 |   931   |   719   |
|          | grp_ifft_1024_top_Pipeline_VITIS_LOOP_72_3_fu_124 |    6    |  9.528  |   909   |   2230  |
|----------|---------------------------------------------------|---------|---------|---------|---------|
|   Total  |                                                   |    26   |  50.816 |   4725  |   7426  |
|----------|---------------------------------------------------|---------|---------|---------|---------|

Memories:
+-----------+--------+--------+--------+--------+
|           |  BRAM  |   FF   |   LUT  |  URAM  |
+-----------+--------+--------+--------+--------+
|   br_lut  |    1   |    0   |    0   |    -   |
|ga_M_imag_V|    2   |    0   |    0   |    0   |
|ga_M_real_V|    2   |    0   |    0   |    0   |
|gb_M_imag_V|    2   |    0   |    0   |    0   |
|gb_M_real_V|    2   |    0   |    0   |    0   |
|tw_M_imag_V|    2   |    0   |    0   |    -   |
|tw_M_real_V|    2   |    0   |    0   |    -   |
+-----------+--------+--------+--------+--------+
|   Total   |   13   |    0   |    0   |    0   |
+-----------+--------+--------+--------+--------+

* Register list:
N/A

* Multiplexer (MUX) list: 
|--------|------|------|------|--------|
|  Comp  |  Pin | Size |  BW  | S x BW |
|--------|------|------|------|--------|
|  Total |      |      |      |    0   |
|--------|------|------|------|--------|



* Summary:
+-----------+--------+--------+--------+--------+--------+--------+
|           |  BRAM  |   DSP  |  Delay |   FF   |   LUT  |  URAM  |
+-----------+--------+--------+--------+--------+--------+--------+
|  Function |    -   |   26   |   50   |  4725  |  7426  |    -   |
|   Memory  |   13   |    -   |    -   |    0   |    0   |    0   |
|Multiplexer|    -   |    -   |    -   |    -   |    -   |    -   |
|  Register |    -   |    -   |    -   |    -   |    -   |    -   |
+-----------+--------+--------+--------+--------+--------+--------+
|   Total   |   13   |   26   |   50   |  4725  |  7426  |    0   |
+-----------+--------+--------+--------+--------+--------+--------+
