

================================================================
== Vitis HLS Report for 'ifft_fast_Pipeline_VITIS_LOOP_26_4'
================================================================
* Date:           Tue May  5 17:00:42 2026

* Version:        2022.1 (Build 3526262 on Mon Apr 18 15:48:16 MDT 2022)
* Project:        ifft_project_wlo
* Solution:       solution1 (Vivado IP Flow Target)
* Product family: zynq
* Target device:  xc7z020-clg484-1


================================================================
== Performance Estimates
================================================================
+ Timing: 
    * Summary: 
    +--------+----------+----------+------------+
    |  Clock |  Target  | Estimated| Uncertainty|
    +--------+----------+----------+------------+
    |ap_clk  |  10.00 ns|  6.716 ns|     2.70 ns|
    +--------+----------+----------+------------+

+ Latency: 
    * Summary: 
    +---------+---------+-----------+-----------+-----+------+---------+
    |  Latency (cycles) |   Latency (absolute)  |  Interval  | Pipeline|
    |   min   |   max   |    min    |    max    | min |  max |   Type  |
    +---------+---------+-----------+-----------+-----+------+---------+
    |        8|     3074|  80.000 ns|  30.740 us|    8|  3074|       no|
    +---------+---------+-----------+-----------+-----+------+---------+

    + Detail: 
        * Instance: 
        N/A

        * Loop: 
        +-------------------+---------+---------+----------+-----------+-----------+---------+----------+
        |                   |  Latency (cycles) | Iteration|  Initiation Interval  |   Trip  |          |
        |     Loop Name     |   min   |   max   |  Latency |  achieved |   target  |  Count  | Pipelined|
        +-------------------+---------+---------+----------+-----------+-----------+---------+----------+
        |- VITIS_LOOP_26_4  |        6|     3072|         6|          6|          1|  1 ~ 512|       yes|
        +-------------------+---------+---------+----------+-----------+-----------+---------+----------+

============================================================
+ Verbose Summary: Synthesis Manager
============================================================
InlineROM: 1
ExposeGlobal: 0
============================================================
+ Verbose Summary: CDFG Model
============================================================
IsTopModel: 0
ResetActiveHigh: 1
IsCombinational: 0
IsDatapathOnly: 0
HasWiredReturn: 1
HasMFsm: 2
HasVarLatency: 1
IsPipeline: 0
IsRtlPipelined: 0
IsInstanceOverlapped: 0
IsDontTouch: 0
HasImplIP: 0
IsGatedGlobalClock: 0

+ Individual pipeline summary: 
  * Pipeline-0: initiation interval (II) = 6, depth = 6


============================================================
+ Verbose Summary: Schedule
============================================================
* Number of FSM states : 6
* Pipeline : 1
  Pipeline-0 : II = 6, D = 6, States = { 1 2 3 4 5 6 }
* Dataflow Pipeline: 0

* FSM state transitions: 
1 --> 2 
2 --> 3 
3 --> 4 
4 --> 5 
5 --> 6 
6 --> 

* FSM state operations: 

State 1 <SV = 0> <Delay = 6.71>
ST_1 : Operation 9 [1/1] (0.00ns)   --->   "%j = alloca i32 1"   --->   Operation 9 'alloca' 'j' <Predicate = true> <Delay = 0.00>
ST_1 : Operation 10 [1/1] (0.00ns)   --->   "%trunc_ln25_2_read = read i10 @_ssdm_op_Read.ap_auto.i10, i10 %trunc_ln25_2"   --->   Operation 10 'read' 'trunc_ln25_2_read' <Predicate = true> <Delay = 0.00>
ST_1 : Operation 11 [1/1] (0.00ns)   --->   "%trunc_ln25_1_read = read i10 @_ssdm_op_Read.ap_auto.i10, i10 %trunc_ln25_1"   --->   Operation 11 'read' 'trunc_ln25_1_read' <Predicate = true> <Delay = 0.00>
ST_1 : Operation 12 [1/1] (0.00ns)   --->   "%m2_read = read i10 @_ssdm_op_Read.ap_auto.i10, i10 %m2"   --->   Operation 12 'read' 'm2_read' <Predicate = true> <Delay = 0.00>
ST_1 : Operation 13 [1/1] (1.58ns)   --->   "%store_ln0 = store i10 0, i10 %j"   --->   Operation 13 'store' 'store_ln0' <Predicate = true> <Delay = 1.58>
ST_1 : Operation 14 [1/1] (0.00ns)   --->   "%br_ln0 = br void %for.body21"   --->   Operation 14 'br' 'br_ln0' <Predicate = true> <Delay = 0.00>
ST_1 : Operation 15 [1/1] (0.00ns)   --->   "%j_1 = load i10 %j" [ifft_project_wlo/ifft.cpp:27]   --->   Operation 15 'load' 'j_1' <Predicate = true> <Delay = 0.00>
ST_1 : Operation 16 [1/1] (0.00ns)   --->   "%specpipeline_ln0 = specpipeline void @_ssdm_op_SpecPipeline, i32 4294967295, i32 0, i32 1, i32 0, void @p_str"   --->   Operation 16 'specpipeline' 'specpipeline_ln0' <Predicate = true> <Delay = 0.00>
ST_1 : Operation 17 [1/1] (1.77ns)   --->   "%icmp_ln26 = icmp_eq  i10 %j_1, i10 %m2_read" [ifft_project_wlo/ifft.cpp:26]   --->   Operation 17 'icmp' 'icmp_ln26' <Predicate = true> <Delay = 1.77> <CoreInst = "Cmp">   --->   Core 9 'Cmp' <Latency = 0> <II = 1> <Delay = 1.77> <FuncUnit> <Opcode : 'icmp'> <InPorts = 2> <OutPorts = 1>
ST_1 : Operation 18 [1/1] (0.00ns)   --->   "%empty = speclooptripcount i32 @_ssdm_op_SpecLoopTripCount, i64 1, i64 512, i64 0"   --->   Operation 18 'speclooptripcount' 'empty' <Predicate = true> <Delay = 0.00>
ST_1 : Operation 19 [1/1] (1.73ns)   --->   "%add_ln26 = add i10 %j_1, i10 1" [ifft_project_wlo/ifft.cpp:26]   --->   Operation 19 'add' 'add_ln26' <Predicate = true> <Delay = 1.73> <CoreInst = "Adder">   --->   Core 1 'Adder' <Latency = 0> <II = 1> <Delay = 1.73> <FuncUnit> <Opcode : 'add' 'sub'> <InPorts = 2> <OutPorts = 1>
ST_1 : Operation 20 [1/1] (0.00ns)   --->   "%br_ln26 = br i1 %icmp_ln26, void %for.body21.split, void %for.inc76.loopexit.exitStub" [ifft_project_wlo/ifft.cpp:26]   --->   Operation 20 'br' 'br_ln26' <Predicate = true> <Delay = 0.00>
ST_1 : Operation 21 [1/1] (1.73ns)   --->   "%add_ln27 = add i10 %j_1, i10 %trunc_ln25_1_read" [ifft_project_wlo/ifft.cpp:27]   --->   Operation 21 'add' 'add_ln27' <Predicate = (!icmp_ln26)> <Delay = 1.73> <CoreInst = "Adder">   --->   Core 1 'Adder' <Latency = 0> <II = 1> <Delay = 1.73> <FuncUnit> <Opcode : 'add' 'sub'> <InPorts = 2> <OutPorts = 1>
ST_1 : Operation 22 [1/1] (0.00ns)   --->   "%zext_ln27 = zext i10 %add_ln27" [ifft_project_wlo/ifft.cpp:27]   --->   Operation 22 'zext' 'zext_ln27' <Predicate = (!icmp_ln26)> <Delay = 0.00>
ST_1 : Operation 23 [1/1] (0.00ns)   --->   "%tw_M_real_V_addr = getelementptr i24 %tw_M_real_V, i64 0, i64 %zext_ln27" [ifft_project_wlo/ifft.cpp:27]   --->   Operation 23 'getelementptr' 'tw_M_real_V_addr' <Predicate = (!icmp_ln26)> <Delay = 0.00>
ST_1 : Operation 24 [2/2] (3.25ns)   --->   "%tw_re_V = load i10 %tw_M_real_V_addr" [ifft_project_wlo/ifft.cpp:27]   --->   Operation 24 'load' 'tw_re_V' <Predicate = (!icmp_ln26)> <Delay = 3.25> <CoreInst = "ROM">   --->   Core 95 'ROM' <Latency = 1> <II = 1> <Delay = 3.25> <Storage> <Opcode : 'load'> <Ports = 0> <Width = 24> <Depth = 1024> <ROM>
ST_1 : Operation 25 [1/1] (0.00ns)   --->   "%tw_M_imag_V_addr = getelementptr i23 %tw_M_imag_V, i64 0, i64 %zext_ln27" [ifft_project_wlo/ifft.cpp:28]   --->   Operation 25 'getelementptr' 'tw_M_imag_V_addr' <Predicate = (!icmp_ln26)> <Delay = 0.00>
ST_1 : Operation 26 [2/2] (3.25ns)   --->   "%tw_im_V = load i10 %tw_M_imag_V_addr" [ifft_project_wlo/ifft.cpp:28]   --->   Operation 26 'load' 'tw_im_V' <Predicate = (!icmp_ln26)> <Delay = 3.25> <CoreInst = "ROM">   --->   Core 95 'ROM' <Latency = 1> <II = 1> <Delay = 3.25> <Storage> <Opcode : 'load'> <Ports = 0> <Width = 23> <Depth = 1024> <ROM>
ST_1 : Operation 27 [1/1] (1.73ns)   --->   "%add_ln29 = add i10 %j_1, i10 %trunc_ln25_2_read" [ifft_project_wlo/ifft.cpp:29]   --->   Operation 27 'add' 'add_ln29' <Predicate = (!icmp_ln26)> <Delay = 1.73> <CoreInst = "Adder">   --->   Core 1 'Adder' <Latency = 0> <II = 1> <Delay = 1.73> <FuncUnit> <Opcode : 'add' 'sub'> <InPorts = 2> <OutPorts = 1>
ST_1 : Operation 28 [1/1] (0.00ns)   --->   "%zext_ln29 = zext i10 %add_ln29" [ifft_project_wlo/ifft.cpp:29]   --->   Operation 28 'zext' 'zext_ln29' <Predicate = (!icmp_ln26)> <Delay = 0.00>
ST_1 : Operation 29 [1/1] (1.73ns)   --->   "%add_ln29_1 = add i10 %add_ln29, i10 %m2_read" [ifft_project_wlo/ifft.cpp:29]   --->   Operation 29 'add' 'add_ln29_1' <Predicate = (!icmp_ln26)> <Delay = 1.73> <CoreInst = "Adder">   --->   Core 1 'Adder' <Latency = 0> <II = 1> <Delay = 1.73> <FuncUnit> <Opcode : 'add' 'sub'> <InPorts = 2> <OutPorts = 1>
ST_1 : Operation 30 [1/1] (0.00ns)   --->   "%zext_ln29_1 = zext i10 %add_ln29_1" [ifft_project_wlo/ifft.cpp:29]   --->   Operation 30 'zext' 'zext_ln29_1' <Predicate = (!icmp_ln26)> <Delay = 0.00>
ST_1 : Operation 31 [1/1] (0.00ns)   --->   "%x_M_real_addr = getelementptr i24 %x_M_real, i64 0, i64 %zext_ln29_1" [ifft_project_wlo/ifft.cpp:29]   --->   Operation 31 'getelementptr' 'x_M_real_addr' <Predicate = (!icmp_ln26)> <Delay = 0.00>
ST_1 : Operation 32 [2/2] (3.25ns)   --->   "%upper_M_real = load i10 %x_M_real_addr" [ifft_project_wlo/ifft.cpp:29]   --->   Operation 32 'load' 'upper_M_real' <Predicate = (!icmp_ln26)> <Delay = 3.25> <CoreInst = "RAM">   --->   Core 82 'RAM' <Latency = 1> <II = 1> <Delay = 3.25> <Storage> <Opcode : 'load' 'store'> <Ports = 2> <Width = 24> <Depth = 1024> <RAM>
ST_1 : Operation 33 [1/1] (0.00ns)   --->   "%x_M_imag_addr = getelementptr i24 %x_M_imag, i64 0, i64 %zext_ln29_1" [ifft_project_wlo/ifft.cpp:29]   --->   Operation 33 'getelementptr' 'x_M_imag_addr' <Predicate = (!icmp_ln26)> <Delay = 0.00>
ST_1 : Operation 34 [2/2] (3.25ns)   --->   "%upper_M_imag = load i10 %x_M_imag_addr" [ifft_project_wlo/ifft.cpp:29]   --->   Operation 34 'load' 'upper_M_imag' <Predicate = (!icmp_ln26)> <Delay = 3.25> <CoreInst = "RAM">   --->   Core 82 'RAM' <Latency = 1> <II = 1> <Delay = 3.25> <Storage> <Opcode : 'load' 'store'> <Ports = 2> <Width = 24> <Depth = 1024> <RAM>
ST_1 : Operation 35 [1/1] (0.00ns)   --->   "%x_M_real_addr_1 = getelementptr i24 %x_M_real, i64 0, i64 %zext_ln29" [ifft_project_wlo/ifft.cpp:34]   --->   Operation 35 'getelementptr' 'x_M_real_addr_1' <Predicate = (!icmp_ln26)> <Delay = 0.00>
ST_1 : Operation 36 [2/2] (3.25ns)   --->   "%x_M_real_load = load i10 %x_M_real_addr_1" [ifft_project_wlo/ifft.cpp:34]   --->   Operation 36 'load' 'x_M_real_load' <Predicate = (!icmp_ln26)> <Delay = 3.25> <CoreInst = "RAM">   --->   Core 82 'RAM' <Latency = 1> <II = 1> <Delay = 3.25> <Storage> <Opcode : 'load' 'store'> <Ports = 2> <Width = 24> <Depth = 1024> <RAM>
ST_1 : Operation 37 [1/1] (0.00ns)   --->   "%x_M_imag_addr_1 = getelementptr i24 %x_M_imag, i64 0, i64 %zext_ln29" [ifft_project_wlo/ifft.cpp:34]   --->   Operation 37 'getelementptr' 'x_M_imag_addr_1' <Predicate = (!icmp_ln26)> <Delay = 0.00>
ST_1 : Operation 38 [2/2] (3.25ns)   --->   "%x_M_imag_load = load i10 %x_M_imag_addr_1" [ifft_project_wlo/ifft.cpp:34]   --->   Operation 38 'load' 'x_M_imag_load' <Predicate = (!icmp_ln26)> <Delay = 3.25> <CoreInst = "RAM">   --->   Core 82 'RAM' <Latency = 1> <II = 1> <Delay = 3.25> <Storage> <Opcode : 'load' 'store'> <Ports = 2> <Width = 24> <Depth = 1024> <RAM>
ST_1 : Operation 39 [1/1] (1.58ns)   --->   "%store_ln26 = store i10 %add_ln26, i10 %j" [ifft_project_wlo/ifft.cpp:26]   --->   Operation 39 'store' 'store_ln26' <Predicate = (!icmp_ln26)> <Delay = 1.58>
ST_1 : Operation 76 [1/1] (0.00ns)   --->   "%ret_ln0 = ret"   --->   Operation 76 'ret' 'ret_ln0' <Predicate = (icmp_ln26)> <Delay = 0.00>

State 2 <SV = 1> <Delay = 3.25>
ST_2 : Operation 40 [1/2] (3.25ns)   --->   "%tw_re_V = load i10 %tw_M_real_V_addr" [ifft_project_wlo/ifft.cpp:27]   --->   Operation 40 'load' 'tw_re_V' <Predicate = true> <Delay = 3.25> <CoreInst = "ROM">   --->   Core 95 'ROM' <Latency = 1> <II = 1> <Delay = 3.25> <Storage> <Opcode : 'load'> <Ports = 0> <Width = 24> <Depth = 1024> <ROM>
ST_2 : Operation 41 [1/2] (3.25ns)   --->   "%tw_im_V = load i10 %tw_M_imag_V_addr" [ifft_project_wlo/ifft.cpp:28]   --->   Operation 41 'load' 'tw_im_V' <Predicate = true> <Delay = 3.25> <CoreInst = "ROM">   --->   Core 95 'ROM' <Latency = 1> <II = 1> <Delay = 3.25> <Storage> <Opcode : 'load'> <Ports = 0> <Width = 23> <Depth = 1024> <ROM>
ST_2 : Operation 42 [1/2] (3.25ns)   --->   "%upper_M_real = load i10 %x_M_real_addr" [ifft_project_wlo/ifft.cpp:29]   --->   Operation 42 'load' 'upper_M_real' <Predicate = true> <Delay = 3.25> <CoreInst = "RAM">   --->   Core 82 'RAM' <Latency = 1> <II = 1> <Delay = 3.25> <Storage> <Opcode : 'load' 'store'> <Ports = 2> <Width = 24> <Depth = 1024> <RAM>
ST_2 : Operation 43 [1/2] (3.25ns)   --->   "%upper_M_imag = load i10 %x_M_imag_addr" [ifft_project_wlo/ifft.cpp:29]   --->   Operation 43 'load' 'upper_M_imag' <Predicate = true> <Delay = 3.25> <CoreInst = "RAM">   --->   Core 82 'RAM' <Latency = 1> <II = 1> <Delay = 3.25> <Storage> <Opcode : 'load' 'store'> <Ports = 2> <Width = 24> <Depth = 1024> <RAM>
ST_2 : Operation 44 [1/2] (3.25ns)   --->   "%x_M_real_load = load i10 %x_M_real_addr_1" [ifft_project_wlo/ifft.cpp:34]   --->   Operation 44 'load' 'x_M_real_load' <Predicate = true> <Delay = 3.25> <CoreInst = "RAM">   --->   Core 82 'RAM' <Latency = 1> <II = 1> <Delay = 3.25> <Storage> <Opcode : 'load' 'store'> <Ports = 2> <Width = 24> <Depth = 1024> <RAM>
ST_2 : Operation 45 [1/2] (3.25ns)   --->   "%x_M_imag_load = load i10 %x_M_imag_addr_1" [ifft_project_wlo/ifft.cpp:34]   --->   Operation 45 'load' 'x_M_imag_load' <Predicate = true> <Delay = 3.25> <CoreInst = "RAM">   --->   Core 82 'RAM' <Latency = 1> <II = 1> <Delay = 3.25> <Storage> <Opcode : 'load' 'store'> <Ports = 2> <Width = 24> <Depth = 1024> <RAM>

State 3 <SV = 2> <Delay = 6.54>
ST_3 : Operation 46 [1/1] (0.00ns)   --->   "%sext_ln1319 = sext i24 %upper_M_real"   --->   Operation 46 'sext' 'sext_ln1319' <Predicate = true> <Delay = 0.00>
ST_3 : Operation 47 [1/1] (0.00ns)   --->   "%sext_ln1319_1 = sext i24 %tw_re_V"   --->   Operation 47 'sext' 'sext_ln1319_1' <Predicate = true> <Delay = 0.00>
ST_3 : Operation 48 [1/1] (0.00ns)   --->   "%sext_ln1319_2 = sext i24 %upper_M_imag"   --->   Operation 48 'sext' 'sext_ln1319_2' <Predicate = true> <Delay = 0.00>
ST_3 : Operation 49 [1/1] (0.00ns)   --->   "%zext_ln1319 = zext i23 %tw_im_V"   --->   Operation 49 'zext' 'zext_ln1319' <Predicate = true> <Delay = 0.00>
ST_3 : Operation 50 [1/1] (6.54ns)   --->   "%mul_ln859 = mul i46 %sext_ln1319, i46 %sext_ln1319_1"   --->   Operation 50 'mul' 'mul_ln859' <Predicate = true> <Delay = 6.54> <CoreInst = "Multiplier">   --->   Core 3 'Multiplier' <Latency = 0> <II = 1> <Delay = 6.54> <FuncUnit> <Opcode : 'mul'> <InPorts = 2> <OutPorts = 1>
ST_3 : Operation 51 [1/1] (6.54ns)   --->   "%mul_ln1394 = mul i46 %sext_ln1319_2, i46 %zext_ln1319"   --->   Operation 51 'mul' 'mul_ln1394' <Predicate = true> <Delay = 6.54> <CoreInst = "Multiplier">   --->   Core 3 'Multiplier' <Latency = 0> <II = 1> <Delay = 6.54> <FuncUnit> <Opcode : 'mul'> <InPorts = 2> <OutPorts = 1>
ST_3 : Operation 52 [1/1] (6.54ns)   --->   "%mul_ln859_1 = mul i46 %sext_ln1319_2, i46 %sext_ln1319_1"   --->   Operation 52 'mul' 'mul_ln859_1' <Predicate = true> <Delay = 6.54> <CoreInst = "Multiplier">   --->   Core 3 'Multiplier' <Latency = 0> <II = 1> <Delay = 6.54> <FuncUnit> <Opcode : 'mul'> <InPorts = 2> <OutPorts = 1>
ST_3 : Operation 53 [1/1] (6.54ns)   --->   "%mul_ln1393 = mul i46 %sext_ln1319, i46 %zext_ln1319"   --->   Operation 53 'mul' 'mul_ln1393' <Predicate = true> <Delay = 6.54> <CoreInst = "Multiplier">   --->   Core 3 'Multiplier' <Latency = 0> <II = 1> <Delay = 6.54> <FuncUnit> <Opcode : 'mul'> <InPorts = 2> <OutPorts = 1>

State 4 <SV = 3> <Delay = 3.04>
ST_4 : Operation 54 [1/1] (3.04ns)   --->   "%ret_V = sub i46 %mul_ln859, i46 %mul_ln1394"   --->   Operation 54 'sub' 'ret_V' <Predicate = true> <Delay = 3.04> <CoreInst = "Adder">   --->   Core 1 'Adder' <Latency = 0> <II = 1> <Delay = 3.04> <FuncUnit> <Opcode : 'add' 'sub'> <InPorts = 2> <OutPorts = 1>
ST_4 : Operation 55 [1/1] (0.00ns)   --->   "%tm_re_V = partselect i24 @_ssdm_op_PartSelect.i24.i46.i32.i32, i46 %ret_V, i32 22, i32 45"   --->   Operation 55 'partselect' 'tm_re_V' <Predicate = true> <Delay = 0.00>
ST_4 : Operation 56 [1/1] (3.04ns)   --->   "%ret_V_1 = add i46 %mul_ln859_1, i46 %mul_ln1393"   --->   Operation 56 'add' 'ret_V_1' <Predicate = true> <Delay = 3.04> <CoreInst = "Adder">   --->   Core 1 'Adder' <Latency = 0> <II = 1> <Delay = 3.04> <FuncUnit> <Opcode : 'add' 'sub'> <InPorts = 2> <OutPorts = 1>
ST_4 : Operation 57 [1/1] (0.00ns)   --->   "%tm_im_V = partselect i24 @_ssdm_op_PartSelect.i24.i46.i32.i32, i46 %ret_V_1, i32 22, i32 45"   --->   Operation 57 'partselect' 'tm_im_V' <Predicate = true> <Delay = 0.00>

State 5 <SV = 4> <Delay = 5.56>
ST_5 : Operation 58 [1/1] (0.00ns)   --->   "%sext_ln1393 = sext i24 %x_M_real_load"   --->   Operation 58 'sext' 'sext_ln1393' <Predicate = true> <Delay = 0.00>
ST_5 : Operation 59 [1/1] (0.00ns)   --->   "%sext_ln1393_1 = sext i24 %tm_re_V"   --->   Operation 59 'sext' 'sext_ln1393_1' <Predicate = true> <Delay = 0.00>
ST_5 : Operation 60 [1/1] (2.31ns)   --->   "%ret_V_2 = add i25 %sext_ln1393_1, i25 %sext_ln1393"   --->   Operation 60 'add' 'ret_V_2' <Predicate = true> <Delay = 2.31> <CoreInst = "Adder">   --->   Core 1 'Adder' <Latency = 0> <II = 1> <Delay = 2.31> <FuncUnit> <Opcode : 'add' 'sub'> <InPorts = 2> <OutPorts = 1>
ST_5 : Operation 61 [1/1] (0.00ns)   --->   "%trunc_ln1 = partselect i24 @_ssdm_op_PartSelect.i24.i25.i32.i32, i25 %ret_V_2, i32 1, i32 24"   --->   Operation 61 'partselect' 'trunc_ln1' <Predicate = true> <Delay = 0.00>
ST_5 : Operation 62 [1/1] (0.00ns)   --->   "%sext_ln1393_2 = sext i24 %x_M_imag_load"   --->   Operation 62 'sext' 'sext_ln1393_2' <Predicate = true> <Delay = 0.00>
ST_5 : Operation 63 [1/1] (0.00ns)   --->   "%sext_ln1393_3 = sext i24 %tm_im_V"   --->   Operation 63 'sext' 'sext_ln1393_3' <Predicate = true> <Delay = 0.00>
ST_5 : Operation 64 [1/1] (2.31ns)   --->   "%ret_V_3 = add i25 %sext_ln1393_3, i25 %sext_ln1393_2"   --->   Operation 64 'add' 'ret_V_3' <Predicate = true> <Delay = 2.31> <CoreInst = "Adder">   --->   Core 1 'Adder' <Latency = 0> <II = 1> <Delay = 2.31> <FuncUnit> <Opcode : 'add' 'sub'> <InPorts = 2> <OutPorts = 1>
ST_5 : Operation 65 [1/1] (0.00ns)   --->   "%trunc_ln864_1 = partselect i24 @_ssdm_op_PartSelect.i24.i25.i32.i32, i25 %ret_V_3, i32 1, i32 24"   --->   Operation 65 'partselect' 'trunc_ln864_1' <Predicate = true> <Delay = 0.00>
ST_5 : Operation 66 [1/1] (3.25ns)   --->   "%store_ln37 = store i24 %trunc_ln1, i10 %x_M_real_addr_1" [ifft_project_wlo/ifft.cpp:37]   --->   Operation 66 'store' 'store_ln37' <Predicate = true> <Delay = 3.25> <CoreInst = "RAM">   --->   Core 82 'RAM' <Latency = 1> <II = 1> <Delay = 3.25> <Storage> <Opcode : 'load' 'store'> <Ports = 2> <Width = 24> <Depth = 1024> <RAM>
ST_5 : Operation 67 [1/1] (3.25ns)   --->   "%store_ln37 = store i24 %trunc_ln864_1, i10 %x_M_imag_addr_1" [ifft_project_wlo/ifft.cpp:37]   --->   Operation 67 'store' 'store_ln37' <Predicate = true> <Delay = 3.25> <CoreInst = "RAM">   --->   Core 82 'RAM' <Latency = 1> <II = 1> <Delay = 3.25> <Storage> <Opcode : 'load' 'store'> <Ports = 2> <Width = 24> <Depth = 1024> <RAM>
ST_5 : Operation 68 [1/1] (2.31ns)   --->   "%ret_V_4 = sub i25 %sext_ln1393, i25 %sext_ln1393_1"   --->   Operation 68 'sub' 'ret_V_4' <Predicate = true> <Delay = 2.31> <CoreInst = "Adder">   --->   Core 1 'Adder' <Latency = 0> <II = 1> <Delay = 2.31> <FuncUnit> <Opcode : 'add' 'sub'> <InPorts = 2> <OutPorts = 1>
ST_5 : Operation 69 [1/1] (0.00ns)   --->   "%trunc_ln864_2 = partselect i24 @_ssdm_op_PartSelect.i24.i25.i32.i32, i25 %ret_V_4, i32 1, i32 24"   --->   Operation 69 'partselect' 'trunc_ln864_2' <Predicate = true> <Delay = 0.00>
ST_5 : Operation 70 [1/1] (2.31ns)   --->   "%ret_V_5 = sub i25 %sext_ln1393_2, i25 %sext_ln1393_3"   --->   Operation 70 'sub' 'ret_V_5' <Predicate = true> <Delay = 2.31> <CoreInst = "Adder">   --->   Core 1 'Adder' <Latency = 0> <II = 1> <Delay = 2.31> <FuncUnit> <Opcode : 'add' 'sub'> <InPorts = 2> <OutPorts = 1>
ST_5 : Operation 71 [1/1] (0.00ns)   --->   "%trunc_ln864_3 = partselect i24 @_ssdm_op_PartSelect.i24.i25.i32.i32, i25 %ret_V_5, i32 1, i32 24"   --->   Operation 71 'partselect' 'trunc_ln864_3' <Predicate = true> <Delay = 0.00>

State 6 <SV = 5> <Delay = 3.25>
ST_6 : Operation 72 [1/1] (0.00ns)   --->   "%specloopname_ln26 = specloopname void @_ssdm_op_SpecLoopName, void @empty_7" [ifft_project_wlo/ifft.cpp:26]   --->   Operation 72 'specloopname' 'specloopname_ln26' <Predicate = true> <Delay = 0.00>
ST_6 : Operation 73 [1/1] (3.25ns)   --->   "%store_ln39 = store i24 %trunc_ln864_2, i10 %x_M_real_addr" [ifft_project_wlo/ifft.cpp:39]   --->   Operation 73 'store' 'store_ln39' <Predicate = true> <Delay = 3.25> <CoreInst = "RAM">   --->   Core 82 'RAM' <Latency = 1> <II = 1> <Delay = 3.25> <Storage> <Opcode : 'load' 'store'> <Ports = 2> <Width = 24> <Depth = 1024> <RAM>
ST_6 : Operation 74 [1/1] (3.25ns)   --->   "%store_ln39 = store i24 %trunc_ln864_3, i10 %x_M_imag_addr" [ifft_project_wlo/ifft.cpp:39]   --->   Operation 74 'store' 'store_ln39' <Predicate = true> <Delay = 3.25> <CoreInst = "RAM">   --->   Core 82 'RAM' <Latency = 1> <II = 1> <Delay = 3.25> <Storage> <Opcode : 'load' 'store'> <Ports = 2> <Width = 24> <Depth = 1024> <RAM>
ST_6 : Operation 75 [1/1] (0.00ns)   --->   "%br_ln26 = br void %for.body21" [ifft_project_wlo/ifft.cpp:26]   --->   Operation 75 'br' 'br_ln26' <Predicate = true> <Delay = 0.00>


============================================================
+ Verbose Summary: Binding
============================================================
STG Binding: 
---------------- STG Properties BEGIN ----------------
- Is combinational: 0
- Is one-state seq: 0
- Is datapath-only: 0
- Is pipelined: 0
- Is top level: 0
Port [ Return ] is wired: 1; IO mode=ap_ctrl_hs:ce=0
Port [ m2]:  wired=1; compound=0; hidden=0; nouse=0; global=0; static=0; extern=0; dir=0; type=0; pingpong=0; private_global=0; IO mode=ap_none:ce=0
Port [ trunc_ln25_1]:  wired=1; compound=0; hidden=0; nouse=0; global=0; static=0; extern=0; dir=0; type=0; pingpong=0; private_global=0; IO mode=ap_none:ce=0
Port [ trunc_ln25_2]:  wired=1; compound=0; hidden=0; nouse=0; global=0; static=0; extern=0; dir=0; type=0; pingpong=0; private_global=0; IO mode=ap_none:ce=0
Port [ x_M_real]:  wired=1; compound=1; hidden=0; nouse=0; global=0; static=0; extern=0; dir=2; type=1; pingpong=0; private_global=0; MemPort=[22]; IO mode=ap_memory:ce=0
Port [ x_M_imag]:  wired=1; compound=1; hidden=0; nouse=0; global=0; static=0; extern=0; dir=2; type=1; pingpong=0; private_global=0; MemPort=[22]; IO mode=ap_memory:ce=0
Port [ tw_M_real_V]:  wired=0; compound=1; hidden=1; nouse=0; global=1; static=1; extern=0; dir=0; type=1; pingpong=0; private_global=1; MemPort=[1]; IO mode=ap_memory:ce=0
Port [ tw_M_imag_V]:  wired=0; compound=1; hidden=1; nouse=0; global=1; static=1; extern=0; dir=0; type=1; pingpong=0; private_global=1; MemPort=[1]; IO mode=ap_memory:ce=0
---------------- STG Properties END ------------------

---------------- Datapath Model BEGIN ----------------

<LifeTime>
<method=bitvector/>
j                 (alloca           ) [ 0100000]
trunc_ln25_2_read (read             ) [ 0000000]
trunc_ln25_1_read (read             ) [ 0000000]
m2_read           (read             ) [ 0000000]
store_ln0         (store            ) [ 0000000]
br_ln0            (br               ) [ 0000000]
j_1               (load             ) [ 0000000]
specpipeline_ln0  (specpipeline     ) [ 0000000]
icmp_ln26         (icmp             ) [ 0100000]
empty             (speclooptripcount) [ 0000000]
add_ln26          (add              ) [ 0000000]
br_ln26           (br               ) [ 0000000]
add_ln27          (add              ) [ 0000000]
zext_ln27         (zext             ) [ 0000000]
tw_M_real_V_addr  (getelementptr    ) [ 0010000]
tw_M_imag_V_addr  (getelementptr    ) [ 0010000]
add_ln29          (add              ) [ 0000000]
zext_ln29         (zext             ) [ 0000000]
add_ln29_1        (add              ) [ 0000000]
zext_ln29_1       (zext             ) [ 0000000]
x_M_real_addr     (getelementptr    ) [ 0011111]
x_M_imag_addr     (getelementptr    ) [ 0011111]
x_M_real_addr_1   (getelementptr    ) [ 0011110]
x_M_imag_addr_1   (getelementptr    ) [ 0011110]
store_ln26        (store            ) [ 0000000]
tw_re_V           (load             ) [ 0001000]
tw_im_V           (load             ) [ 0001000]
upper_M_real      (load             ) [ 0001000]
upper_M_imag      (load             ) [ 0001000]
x_M_real_load     (load             ) [ 0001110]
x_M_imag_load     (load             ) [ 0001110]
sext_ln1319       (sext             ) [ 0000000]
sext_ln1319_1     (sext             ) [ 0000000]
sext_ln1319_2     (sext             ) [ 0000000]
zext_ln1319       (zext             ) [ 0000000]
mul_ln859         (mul              ) [ 0000100]
mul_ln1394        (mul              ) [ 0000100]
mul_ln859_1       (mul              ) [ 0000100]
mul_ln1393        (mul              ) [ 0000100]
ret_V             (sub              ) [ 0000000]
tm_re_V           (partselect       ) [ 0000010]
ret_V_1           (add              ) [ 0000000]
tm_im_V           (partselect       ) [ 0000010]
sext_ln1393       (sext             ) [ 0000000]
sext_ln1393_1     (sext             ) [ 0000000]
ret_V_2           (add              ) [ 0000000]
trunc_ln1         (partselect       ) [ 0000000]
sext_ln1393_2     (sext             ) [ 0000000]
sext_ln1393_3     (sext             ) [ 0000000]
ret_V_3           (add              ) [ 0000000]
trunc_ln864_1     (partselect       ) [ 0000000]
store_ln37        (store            ) [ 0000000]
store_ln37        (store            ) [ 0000000]
ret_V_4           (sub              ) [ 0000000]
trunc_ln864_2     (partselect       ) [ 0000001]
ret_V_5           (sub              ) [ 0000000]
trunc_ln864_3     (partselect       ) [ 0000001]
specloopname_ln26 (specloopname     ) [ 0000000]
store_ln39        (store            ) [ 0000000]
store_ln39        (store            ) [ 0000000]
br_ln26           (br               ) [ 0000000]
ret_ln0           (ret              ) [ 0000000]
</LifeTime>

<model>

<comp_list>
<comp id="0" class="1000" name="m2">
<pin_list>
<pin id="1" dir="1" index="0" bw="1" slack="0"/>
</pin_list>
<bind>
<StgValue><ssdm name="m2"/></StgValue>
</bind>
</comp>

<comp id="2" class="1000" name="trunc_ln25_1">
<pin_list>
<pin id="3" dir="1" index="0" bw="1" slack="0"/>
</pin_list>
<bind>
<StgValue><ssdm name="trunc_ln25_1"/></StgValue>
</bind>
</comp>

<comp id="4" class="1000" name="trunc_ln25_2">
<pin_list>
<pin id="5" dir="1" index="0" bw="1" slack="0"/>
</pin_list>
<bind>
<StgValue><ssdm name="trunc_ln25_2"/></StgValue>
</bind>
</comp>

<comp id="6" class="1000" name="x_M_real">
<pin_list>
<pin id="7" dir="1" index="0" bw="1" slack="0"/>
</pin_list>
<bind>
<StgValue><ssdm name="x_M_real"/><MemPortTyVec>2 2 </MemPortTyVec>
</StgValue>
</bind>
</comp>

<comp id="8" class="1000" name="x_M_imag">
<pin_list>
<pin id="9" dir="1" index="0" bw="1" slack="0"/>
</pin_list>
<bind>
<StgValue><ssdm name="x_M_imag"/><MemPortTyVec>2 2 </MemPortTyVec>
</StgValue>
</bind>
</comp>

<comp id="10" class="1000" name="tw_M_real_V">
<pin_list>
<pin id="11" dir="1" index="0" bw="1" slack="0"/>
</pin_list>
<bind>
<StgValue><ssdm name="tw_M_real_V"/><MemPortTyVec>1 </MemPortTyVec>
</StgValue>
</bind>
</comp>

<comp id="12" class="1000" name="tw_M_imag_V">
<pin_list>
<pin id="13" dir="1" index="0" bw="1" slack="0"/>
</pin_list>
<bind>
<StgValue><ssdm name="tw_M_imag_V"/><MemPortTyVec>1 </MemPortTyVec>
</StgValue>
</bind>
</comp>

<comp id="14" class="1001" name="const_14">
<pin_list>
<pin id="15" dir="1" index="0" bw="1" slack="0"/>
</pin_list>
<bind>
<StgValue><ssdm name=""/></StgValue>
</bind>
</comp>

<comp id="16" class="1001" name="const_16">
<pin_list>
<pin id="17" dir="1" index="0" bw="1" slack="0"/>
</pin_list>
<bind>
<StgValue><ssdm name="_ssdm_op_Read.ap_auto.i10"/></StgValue>
</bind>
</comp>

<comp id="18" class="1001" name="const_18">
<pin_list>
<pin id="19" dir="1" index="0" bw="1" slack="0"/>
</pin_list>
<bind>
<StgValue><ssdm name=""/></StgValue>
</bind>
</comp>

<comp id="20" class="1001" name="const_20">
<pin_list>
<pin id="21" dir="1" index="0" bw="1" slack="2147483647"/>
</pin_list>
<bind>
<StgValue><ssdm name="_ssdm_op_SpecPipeline"/></StgValue>
</bind>
</comp>

<comp id="22" class="1001" name="const_22">
<pin_list>
<pin id="23" dir="1" index="0" bw="1" slack="2147483647"/>
</pin_list>
<bind>
<StgValue><ssdm name=""/></StgValue>
</bind>
</comp>

<comp id="24" class="1001" name="const_24">
<pin_list>
<pin id="25" dir="1" index="0" bw="1" slack="2147483647"/>
</pin_list>
<bind>
<StgValue><ssdm name=""/></StgValue>
</bind>
</comp>

<comp id="26" class="1001" name="const_26">
<pin_list>
<pin id="27" dir="1" index="0" bw="1" slack="2147483647"/>
</pin_list>
<bind>
<StgValue><ssdm name="p_str"/></StgValue>
</bind>
</comp>

<comp id="28" class="1001" name="const_28">
<pin_list>
<pin id="29" dir="1" index="0" bw="1" slack="2147483647"/>
</pin_list>
<bind>
<StgValue><ssdm name="_ssdm_op_SpecLoopTripCount"/></StgValue>
</bind>
</comp>

<comp id="30" class="1001" name="const_30">
<pin_list>
<pin id="31" dir="1" index="0" bw="1" slack="2147483647"/>
</pin_list>
<bind>
<StgValue><ssdm name=""/></StgValue>
</bind>
</comp>

<comp id="32" class="1001" name="const_32">
<pin_list>
<pin id="33" dir="1" index="0" bw="1" slack="2147483647"/>
</pin_list>
<bind>
<StgValue><ssdm name=""/></StgValue>
</bind>
</comp>

<comp id="34" class="1001" name="const_34">
<pin_list>
<pin id="35" dir="1" index="0" bw="1" slack="0"/>
</pin_list>
<bind>
<StgValue><ssdm name=""/></StgValue>
</bind>
</comp>

<comp id="36" class="1001" name="const_36">
<pin_list>
<pin id="37" dir="1" index="0" bw="1" slack="0"/>
</pin_list>
<bind>
<StgValue><ssdm name=""/></StgValue>
</bind>
</comp>

<comp id="38" class="1001" name="const_38">
<pin_list>
<pin id="39" dir="1" index="0" bw="1" slack="0"/>
</pin_list>
<bind>
<StgValue><ssdm name="_ssdm_op_PartSelect.i24.i46.i32.i32"/></StgValue>
</bind>
</comp>

<comp id="40" class="1001" name="const_40">
<pin_list>
<pin id="41" dir="1" index="0" bw="1" slack="0"/>
</pin_list>
<bind>
<StgValue><ssdm name=""/></StgValue>
</bind>
</comp>

<comp id="42" class="1001" name="const_42">
<pin_list>
<pin id="43" dir="1" index="0" bw="1" slack="0"/>
</pin_list>
<bind>
<StgValue><ssdm name=""/></StgValue>
</bind>
</comp>

<comp id="44" class="1001" name="const_44">
<pin_list>
<pin id="45" dir="1" index="0" bw="1" slack="0"/>
</pin_list>
<bind>
<StgValue><ssdm name="_ssdm_op_PartSelect.i24.i25.i32.i32"/></StgValue>
</bind>
</comp>

<comp id="46" class="1001" name="const_46">
<pin_list>
<pin id="47" dir="1" index="0" bw="1" slack="0"/>
</pin_list>
<bind>
<StgValue><ssdm name=""/></StgValue>
</bind>
</comp>

<comp id="48" class="1001" name="const_48">
<pin_list>
<pin id="49" dir="1" index="0" bw="1" slack="2147483647"/>
</pin_list>
<bind>
<StgValue><ssdm name="_ssdm_op_SpecLoopName"/></StgValue>
</bind>
</comp>

<comp id="50" class="1001" name="const_50">
<pin_list>
<pin id="51" dir="1" index="0" bw="1" slack="2147483647"/>
</pin_list>
<bind>
<StgValue><ssdm name="empty_7"/></StgValue>
</bind>
</comp>

<comp id="52" class="1004" name="j_fu_52">
<pin_list>
<pin id="53" dir="0" index="0" bw="1" slack="0"/>
<pin id="54" dir="1" index="1" bw="10" slack="0"/>
</pin_list>
<bind>
<opcode="alloca(26) " fcode="alloca"/>
<opset="j/1 "/>
</bind>
</comp>

<comp id="56" class="1004" name="trunc_ln25_2_read_read_fu_56">
<pin_list>
<pin id="57" dir="0" index="0" bw="10" slack="0"/>
<pin id="58" dir="0" index="1" bw="10" slack="0"/>
<pin id="59" dir="1" index="2" bw="10" slack="0"/>
</pin_list>
<bind>
<opcode="read(1150) " fcode="read"/>
<opset="trunc_ln25_2_read/1 "/>
</bind>
</comp>

<comp id="62" class="1004" name="trunc_ln25_1_read_read_fu_62">
<pin_list>
<pin id="63" dir="0" index="0" bw="10" slack="0"/>
<pin id="64" dir="0" index="1" bw="10" slack="0"/>
<pin id="65" dir="1" index="2" bw="10" slack="0"/>
</pin_list>
<bind>
<opcode="read(1150) " fcode="read"/>
<opset="trunc_ln25_1_read/1 "/>
</bind>
</comp>

<comp id="68" class="1004" name="m2_read_read_fu_68">
<pin_list>
<pin id="69" dir="0" index="0" bw="10" slack="0"/>
<pin id="70" dir="0" index="1" bw="10" slack="0"/>
<pin id="71" dir="1" index="2" bw="10" slack="0"/>
</pin_list>
<bind>
<opcode="read(1150) " fcode="read"/>
<opset="m2_read/1 "/>
</bind>
</comp>

<comp id="74" class="1004" name="tw_M_real_V_addr_gep_fu_74">
<pin_list>
<pin id="75" dir="0" index="0" bw="24" slack="0"/>
<pin id="76" dir="0" index="1" bw="1" slack="0"/>
<pin id="77" dir="0" index="2" bw="10" slack="0"/>
<pin id="78" dir="1" index="3" bw="10" slack="0"/>
</pin_list>
<bind>
<opcode="getelementptr(29) " fcode="getelementptr"/>
<opset="tw_M_real_V_addr/1 "/>
</bind>
</comp>

<comp id="81" class="1004" name="grp_access_fu_81">
<pin_list>
<pin id="82" dir="0" index="0" bw="10" slack="0"/>
<pin id="83" dir="0" index="1" bw="24" slack="2147483647"/>
<pin id="84" dir="0" index="2" bw="0" slack="2147483647"/>
<pin id="85" dir="1" index="3" bw="24" slack="1"/>
</pin_list>
<bind>
<opcode="load(27) " fcode="load"/>
<opset="tw_re_V/1 "/>
</bind>
</comp>

<comp id="87" class="1004" name="tw_M_imag_V_addr_gep_fu_87">
<pin_list>
<pin id="88" dir="0" index="0" bw="23" slack="0"/>
<pin id="89" dir="0" index="1" bw="1" slack="0"/>
<pin id="90" dir="0" index="2" bw="10" slack="0"/>
<pin id="91" dir="1" index="3" bw="10" slack="0"/>
</pin_list>
<bind>
<opcode="getelementptr(29) " fcode="getelementptr"/>
<opset="tw_M_imag_V_addr/1 "/>
</bind>
</comp>

<comp id="94" class="1004" name="grp_access_fu_94">
<pin_list>
<pin id="95" dir="0" index="0" bw="10" slack="0"/>
<pin id="96" dir="0" index="1" bw="23" slack="2147483647"/>
<pin id="97" dir="0" index="2" bw="0" slack="2147483647"/>
<pin id="98" dir="1" index="3" bw="23" slack="1"/>
</pin_list>
<bind>
<opcode="load(27) " fcode="load"/>
<opset="tw_im_V/1 "/>
</bind>
</comp>

<comp id="100" class="1004" name="x_M_real_addr_gep_fu_100">
<pin_list>
<pin id="101" dir="0" index="0" bw="24" slack="0"/>
<pin id="102" dir="0" index="1" bw="1" slack="0"/>
<pin id="103" dir="0" index="2" bw="10" slack="0"/>
<pin id="104" dir="1" index="3" bw="10" slack="0"/>
</pin_list>
<bind>
<opcode="getelementptr(29) " fcode="getelementptr"/>
<opset="x_M_real_addr/1 "/>
</bind>
</comp>

<comp id="107" class="1004" name="grp_access_fu_107">
<pin_list>
<pin id="108" dir="0" index="0" bw="10" slack="0"/>
<pin id="109" dir="0" index="1" bw="24" slack="0"/>
<pin id="110" dir="0" index="2" bw="0" slack="0"/>
<pin id="112" dir="0" index="4" bw="10" slack="1"/>
<pin id="113" dir="0" index="5" bw="24" slack="2147483647"/>
<pin id="114" dir="0" index="6" bw="0" slack="2147483647"/>
<pin id="111" dir="1" index="3" bw="24" slack="3"/>
<pin id="115" dir="1" index="7" bw="24" slack="1"/>
</pin_list>
<bind>
<opcode="load(27) store(28) " fcode="store"/>
<opset="upper_M_real/1 x_M_real_load/1 store_ln37/5 store_ln39/6 "/>
</bind>
</comp>

<comp id="117" class="1004" name="x_M_imag_addr_gep_fu_117">
<pin_list>
<pin id="118" dir="0" index="0" bw="24" slack="0"/>
<pin id="119" dir="0" index="1" bw="1" slack="0"/>
<pin id="120" dir="0" index="2" bw="10" slack="0"/>
<pin id="121" dir="1" index="3" bw="10" slack="0"/>
</pin_list>
<bind>
<opcode="getelementptr(29) " fcode="getelementptr"/>
<opset="x_M_imag_addr/1 "/>
</bind>
</comp>

<comp id="124" class="1004" name="grp_access_fu_124">
<pin_list>
<pin id="125" dir="0" index="0" bw="10" slack="0"/>
<pin id="126" dir="0" index="1" bw="24" slack="0"/>
<pin id="127" dir="0" index="2" bw="0" slack="0"/>
<pin id="129" dir="0" index="4" bw="10" slack="1"/>
<pin id="130" dir="0" index="5" bw="24" slack="2147483647"/>
<pin id="131" dir="0" index="6" bw="0" slack="2147483647"/>
<pin id="128" dir="1" index="3" bw="24" slack="3"/>
<pin id="132" dir="1" index="7" bw="24" slack="1"/>
</pin_list>
<bind>
<opcode="load(27) store(28) " fcode="store"/>
<opset="upper_M_imag/1 x_M_imag_load/1 store_ln37/5 store_ln39/6 "/>
</bind>
</comp>

<comp id="134" class="1004" name="x_M_real_addr_1_gep_fu_134">
<pin_list>
<pin id="135" dir="0" index="0" bw="24" slack="0"/>
<pin id="136" dir="0" index="1" bw="1" slack="0"/>
<pin id="137" dir="0" index="2" bw="10" slack="0"/>
<pin id="138" dir="1" index="3" bw="10" slack="0"/>
</pin_list>
<bind>
<opcode="getelementptr(29) " fcode="getelementptr"/>
<opset="x_M_real_addr_1/1 "/>
</bind>
</comp>

<comp id="142" class="1004" name="x_M_imag_addr_1_gep_fu_142">
<pin_list>
<pin id="143" dir="0" index="0" bw="24" slack="0"/>
<pin id="144" dir="0" index="1" bw="1" slack="0"/>
<pin id="145" dir="0" index="2" bw="10" slack="0"/>
<pin id="146" dir="1" index="3" bw="10" slack="0"/>
</pin_list>
<bind>
<opcode="getelementptr(29) " fcode="getelementptr"/>
<opset="x_M_imag_addr_1/1 "/>
</bind>
</comp>

<comp id="150" class="1004" name="store_ln0_store_fu_150">
<pin_list>
<pin id="151" dir="0" index="0" bw="1" slack="0"/>
<pin id="152" dir="0" index="1" bw="10" slack="0"/>
<pin id="153" dir="1" index="2" bw="0" slack="2147483647"/>
</pin_list>
<bind>
<opcode="store(28) " fcode="store"/>
<opset="store_ln0/1 "/>
</bind>
</comp>

<comp id="155" class="1004" name="j_1_load_fu_155">
<pin_list>
<pin id="156" dir="0" index="0" bw="10" slack="0"/>
<pin id="157" dir="1" index="1" bw="10" slack="0"/>
</pin_list>
<bind>
<opcode="load(27) " fcode="load"/>
<opset="j_1/1 "/>
</bind>
</comp>

<comp id="158" class="1004" name="icmp_ln26_fu_158">
<pin_list>
<pin id="159" dir="0" index="0" bw="10" slack="0"/>
<pin id="160" dir="0" index="1" bw="10" slack="0"/>
<pin id="161" dir="1" index="2" bw="1" slack="2147483647"/>
</pin_list>
<bind>
<opcode="icmp(45) " fcode="icmp"/>
<opset="icmp_ln26/1 "/>
</bind>
</comp>

<comp id="164" class="1004" name="add_ln26_fu_164">
<pin_list>
<pin id="165" dir="0" index="0" bw="10" slack="0"/>
<pin id="166" dir="0" index="1" bw="1" slack="0"/>
<pin id="167" dir="1" index="2" bw="10" slack="0"/>
</pin_list>
<bind>
<opcode="add(8) " fcode="add"/>
<opset="add_ln26/1 "/>
</bind>
</comp>

<comp id="170" class="1004" name="add_ln27_fu_170">
<pin_list>
<pin id="171" dir="0" index="0" bw="10" slack="0"/>
<pin id="172" dir="0" index="1" bw="10" slack="0"/>
<pin id="173" dir="1" index="2" bw="10" slack="0"/>
</pin_list>
<bind>
<opcode="add(8) " fcode="add"/>
<opset="add_ln27/1 "/>
</bind>
</comp>

<comp id="176" class="1004" name="zext_ln27_fu_176">
<pin_list>
<pin id="177" dir="0" index="0" bw="10" slack="0"/>
<pin id="178" dir="1" index="1" bw="64" slack="0"/>
</pin_list>
<bind>
<opcode="zext(34) " fcode="zext"/>
<opset="zext_ln27/1 "/>
</bind>
</comp>

<comp id="182" class="1004" name="add_ln29_fu_182">
<pin_list>
<pin id="183" dir="0" index="0" bw="10" slack="0"/>
<pin id="184" dir="0" index="1" bw="10" slack="0"/>
<pin id="185" dir="1" index="2" bw="10" slack="0"/>
</pin_list>
<bind>
<opcode="add(8) " fcode="add"/>
<opset="add_ln29/1 "/>
</bind>
</comp>

<comp id="188" class="1004" name="zext_ln29_fu_188">
<pin_list>
<pin id="189" dir="0" index="0" bw="10" slack="0"/>
<pin id="190" dir="1" index="1" bw="64" slack="0"/>
</pin_list>
<bind>
<opcode="zext(34) " fcode="zext"/>
<opset="zext_ln29/1 "/>
</bind>
</comp>

<comp id="194" class="1004" name="add_ln29_1_fu_194">
<pin_list>
<pin id="195" dir="0" index="0" bw="10" slack="0"/>
<pin id="196" dir="0" index="1" bw="10" slack="0"/>
<pin id="197" dir="1" index="2" bw="10" slack="0"/>
</pin_list>
<bind>
<opcode="add(8) " fcode="add"/>
<opset="add_ln29_1/1 "/>
</bind>
</comp>

<comp id="200" class="1004" name="zext_ln29_1_fu_200">
<pin_list>
<pin id="201" dir="0" index="0" bw="10" slack="0"/>
<pin id="202" dir="1" index="1" bw="64" slack="0"/>
</pin_list>
<bind>
<opcode="zext(34) " fcode="zext"/>
<opset="zext_ln29_1/1 "/>
</bind>
</comp>

<comp id="206" class="1004" name="store_ln26_store_fu_206">
<pin_list>
<pin id="207" dir="0" index="0" bw="10" slack="0"/>
<pin id="208" dir="0" index="1" bw="10" slack="0"/>
<pin id="209" dir="1" index="2" bw="0" slack="2147483647"/>
</pin_list>
<bind>
<opcode="store(28) " fcode="store"/>
<opset="store_ln26/1 "/>
</bind>
</comp>

<comp id="211" class="1004" name="sext_ln1319_fu_211">
<pin_list>
<pin id="212" dir="0" index="0" bw="24" slack="1"/>
<pin id="213" dir="1" index="1" bw="46" slack="0"/>
</pin_list>
<bind>
<opcode="sext(35) " fcode="sext"/>
<opset="sext_ln1319/3 "/>
</bind>
</comp>

<comp id="214" class="1004" name="sext_ln1319_1_fu_214">
<pin_list>
<pin id="215" dir="0" index="0" bw="24" slack="1"/>
<pin id="216" dir="1" index="1" bw="46" slack="0"/>
</pin_list>
<bind>
<opcode="sext(35) " fcode="sext"/>
<opset="sext_ln1319_1/3 "/>
</bind>
</comp>

<comp id="217" class="1004" name="sext_ln1319_2_fu_217">
<pin_list>
<pin id="218" dir="0" index="0" bw="24" slack="1"/>
<pin id="219" dir="1" index="1" bw="46" slack="0"/>
</pin_list>
<bind>
<opcode="sext(35) " fcode="sext"/>
<opset="sext_ln1319_2/3 "/>
</bind>
</comp>

<comp id="220" class="1004" name="zext_ln1319_fu_220">
<pin_list>
<pin id="221" dir="0" index="0" bw="23" slack="1"/>
<pin id="222" dir="1" index="1" bw="46" slack="0"/>
</pin_list>
<bind>
<opcode="zext(34) " fcode="zext"/>
<opset="zext_ln1319/3 "/>
</bind>
</comp>

<comp id="223" class="1004" name="mul_ln859_fu_223">
<pin_list>
<pin id="224" dir="0" index="0" bw="24" slack="0"/>
<pin id="225" dir="0" index="1" bw="24" slack="0"/>
<pin id="226" dir="1" index="2" bw="46" slack="1"/>
</pin_list>
<bind>
<opcode="mul(12) " fcode="mul"/>
<opset="mul_ln859/3 "/>
</bind>
</comp>

<comp id="229" class="1004" name="mul_ln1394_fu_229">
<pin_list>
<pin id="230" dir="0" index="0" bw="24" slack="0"/>
<pin id="231" dir="0" index="1" bw="23" slack="0"/>
<pin id="232" dir="1" index="2" bw="46" slack="1"/>
</pin_list>
<bind>
<opcode="mul(12) " fcode="mul"/>
<opset="mul_ln1394/3 "/>
</bind>
</comp>

<comp id="235" class="1004" name="mul_ln859_1_fu_235">
<pin_list>
<pin id="236" dir="0" index="0" bw="24" slack="0"/>
<pin id="237" dir="0" index="1" bw="24" slack="0"/>
<pin id="238" dir="1" index="2" bw="46" slack="1"/>
</pin_list>
<bind>
<opcode="mul(12) " fcode="mul"/>
<opset="mul_ln859_1/3 "/>
</bind>
</comp>

<comp id="241" class="1004" name="mul_ln1393_fu_241">
<pin_list>
<pin id="242" dir="0" index="0" bw="24" slack="0"/>
<pin id="243" dir="0" index="1" bw="23" slack="0"/>
<pin id="244" dir="1" index="2" bw="46" slack="1"/>
</pin_list>
<bind>
<opcode="mul(12) " fcode="mul"/>
<opset="mul_ln1393/3 "/>
</bind>
</comp>

<comp id="247" class="1004" name="ret_V_fu_247">
<pin_list>
<pin id="248" dir="0" index="0" bw="46" slack="1"/>
<pin id="249" dir="0" index="1" bw="46" slack="1"/>
<pin id="250" dir="1" index="2" bw="46" slack="0"/>
</pin_list>
<bind>
<opcode="sub(10) " fcode="sub"/>
<opset="ret_V/4 "/>
</bind>
</comp>

<comp id="251" class="1004" name="tm_re_V_fu_251">
<pin_list>
<pin id="252" dir="0" index="0" bw="24" slack="0"/>
<pin id="253" dir="0" index="1" bw="46" slack="0"/>
<pin id="254" dir="0" index="2" bw="6" slack="0"/>
<pin id="255" dir="0" index="3" bw="7" slack="0"/>
<pin id="256" dir="1" index="4" bw="24" slack="1"/>
</pin_list>
<bind>
<opcode="partselect(1002) " fcode="partselect"/>
<opset="tm_re_V/4 "/>
</bind>
</comp>

<comp id="261" class="1004" name="ret_V_1_fu_261">
<pin_list>
<pin id="262" dir="0" index="0" bw="46" slack="1"/>
<pin id="263" dir="0" index="1" bw="46" slack="1"/>
<pin id="264" dir="1" index="2" bw="46" slack="0"/>
</pin_list>
<bind>
<opcode="add(8) " fcode="add"/>
<opset="ret_V_1/4 "/>
</bind>
</comp>

<comp id="265" class="1004" name="tm_im_V_fu_265">
<pin_list>
<pin id="266" dir="0" index="0" bw="24" slack="0"/>
<pin id="267" dir="0" index="1" bw="46" slack="0"/>
<pin id="268" dir="0" index="2" bw="6" slack="0"/>
<pin id="269" dir="0" index="3" bw="7" slack="0"/>
<pin id="270" dir="1" index="4" bw="24" slack="1"/>
</pin_list>
<bind>
<opcode="partselect(1002) " fcode="partselect"/>
<opset="tm_im_V/4 "/>
</bind>
</comp>

<comp id="275" class="1004" name="sext_ln1393_fu_275">
<pin_list>
<pin id="276" dir="0" index="0" bw="24" slack="3"/>
<pin id="277" dir="1" index="1" bw="25" slack="0"/>
</pin_list>
<bind>
<opcode="sext(35) " fcode="sext"/>
<opset="sext_ln1393/5 "/>
</bind>
</comp>

<comp id="278" class="1004" name="sext_ln1393_1_fu_278">
<pin_list>
<pin id="279" dir="0" index="0" bw="24" slack="1"/>
<pin id="280" dir="1" index="1" bw="25" slack="0"/>
</pin_list>
<bind>
<opcode="sext(35) " fcode="sext"/>
<opset="sext_ln1393_1/5 "/>
</bind>
</comp>

<comp id="281" class="1004" name="ret_V_2_fu_281">
<pin_list>
<pin id="282" dir="0" index="0" bw="24" slack="0"/>
<pin id="283" dir="0" index="1" bw="24" slack="0"/>
<pin id="284" dir="1" index="2" bw="25" slack="0"/>
</pin_list>
<bind>
<opcode="add(8) " fcode="add"/>
<opset="ret_V_2/5 "/>
</bind>
</comp>

<comp id="287" class="1004" name="trunc_ln1_fu_287">
<pin_list>
<pin id="288" dir="0" index="0" bw="24" slack="0"/>
<pin id="289" dir="0" index="1" bw="25" slack="0"/>
<pin id="290" dir="0" index="2" bw="1" slack="0"/>
<pin id="291" dir="0" index="3" bw="6" slack="0"/>
<pin id="292" dir="1" index="4" bw="24" slack="0"/>
</pin_list>
<bind>
<opcode="partselect(1002) " fcode="partselect"/>
<opset="trunc_ln1/5 "/>
</bind>
</comp>

<comp id="298" class="1004" name="sext_ln1393_2_fu_298">
<pin_list>
<pin id="299" dir="0" index="0" bw="24" slack="3"/>
<pin id="300" dir="1" index="1" bw="25" slack="0"/>
</pin_list>
<bind>
<opcode="sext(35) " fcode="sext"/>
<opset="sext_ln1393_2/5 "/>
</bind>
</comp>

<comp id="301" class="1004" name="sext_ln1393_3_fu_301">
<pin_list>
<pin id="302" dir="0" index="0" bw="24" slack="1"/>
<pin id="303" dir="1" index="1" bw="25" slack="0"/>
</pin_list>
<bind>
<opcode="sext(35) " fcode="sext"/>
<opset="sext_ln1393_3/5 "/>
</bind>
</comp>

<comp id="304" class="1004" name="ret_V_3_fu_304">
<pin_list>
<pin id="305" dir="0" index="0" bw="24" slack="0"/>
<pin id="306" dir="0" index="1" bw="24" slack="0"/>
<pin id="307" dir="1" index="2" bw="25" slack="0"/>
</pin_list>
<bind>
<opcode="add(8) " fcode="add"/>
<opset="ret_V_3/5 "/>
</bind>
</comp>

<comp id="310" class="1004" name="trunc_ln864_1_fu_310">
<pin_list>
<pin id="311" dir="0" index="0" bw="24" slack="0"/>
<pin id="312" dir="0" index="1" bw="25" slack="0"/>
<pin id="313" dir="0" index="2" bw="1" slack="0"/>
<pin id="314" dir="0" index="3" bw="6" slack="0"/>
<pin id="315" dir="1" index="4" bw="24" slack="0"/>
</pin_list>
<bind>
<opcode="partselect(1002) " fcode="partselect"/>
<opset="trunc_ln864_1/5 "/>
</bind>
</comp>

<comp id="321" class="1004" name="ret_V_4_fu_321">
<pin_list>
<pin id="322" dir="0" index="0" bw="24" slack="0"/>
<pin id="323" dir="0" index="1" bw="24" slack="0"/>
<pin id="324" dir="1" index="2" bw="25" slack="0"/>
</pin_list>
<bind>
<opcode="sub(10) " fcode="sub"/>
<opset="ret_V_4/5 "/>
</bind>
</comp>

<comp id="327" class="1004" name="trunc_ln864_2_fu_327">
<pin_list>
<pin id="328" dir="0" index="0" bw="24" slack="0"/>
<pin id="329" dir="0" index="1" bw="25" slack="0"/>
<pin id="330" dir="0" index="2" bw="1" slack="0"/>
<pin id="331" dir="0" index="3" bw="6" slack="0"/>
<pin id="332" dir="1" index="4" bw="24" slack="1"/>
</pin_list>
<bind>
<opcode="partselect(1002) " fcode="partselect"/>
<opset="trunc_ln864_2/5 "/>
</bind>
</comp>

<comp id="337" class="1004" name="ret_V_5_fu_337">
<pin_list>
<pin id="338" dir="0" index="0" bw="24" slack="0"/>
<pin id="339" dir="0" index="1" bw="24" slack="0"/>
<pin id="340" dir="1" index="2" bw="25" slack="0"/>
</pin_list>
<bind>
<opcode="sub(10) " fcode="sub"/>
<opset="ret_V_5/5 "/>
</bind>
</comp>

<comp id="343" class="1004" name="trunc_ln864_3_fu_343">
<pin_list>
<pin id="344" dir="0" index="0" bw="24" slack="0"/>
<pin id="345" dir="0" index="1" bw="25" slack="0"/>
<pin id="346" dir="0" index="2" bw="1" slack="0"/>
<pin id="347" dir="0" index="3" bw="6" slack="0"/>
<pin id="348" dir="1" index="4" bw="24" slack="1"/>
</pin_list>
<bind>
<opcode="partselect(1002) " fcode="partselect"/>
<opset="trunc_ln864_3/5 "/>
</bind>
</comp>

<comp id="353" class="1005" name="j_reg_353">
<pin_list>
<pin id="354" dir="0" index="0" bw="10" slack="0"/>
<pin id="355" dir="1" index="1" bw="10" slack="0"/>
</pin_list>
<bind>
<opset="j "/>
</bind>
</comp>

<comp id="363" class="1005" name="tw_M_real_V_addr_reg_363">
<pin_list>
<pin id="364" dir="0" index="0" bw="10" slack="1"/>
<pin id="365" dir="1" index="1" bw="10" slack="1"/>
</pin_list>
<bind>
<opset="tw_M_real_V_addr "/>
</bind>
</comp>

<comp id="368" class="1005" name="tw_M_imag_V_addr_reg_368">
<pin_list>
<pin id="369" dir="0" index="0" bw="10" slack="1"/>
<pin id="370" dir="1" index="1" bw="10" slack="1"/>
</pin_list>
<bind>
<opset="tw_M_imag_V_addr "/>
</bind>
</comp>

<comp id="373" class="1005" name="x_M_real_addr_reg_373">
<pin_list>
<pin id="374" dir="0" index="0" bw="10" slack="1"/>
<pin id="375" dir="1" index="1" bw="10" slack="1"/>
</pin_list>
<bind>
<opset="x_M_real_addr "/>
</bind>
</comp>

<comp id="378" class="1005" name="x_M_imag_addr_reg_378">
<pin_list>
<pin id="379" dir="0" index="0" bw="10" slack="1"/>
<pin id="380" dir="1" index="1" bw="10" slack="1"/>
</pin_list>
<bind>
<opset="x_M_imag_addr "/>
</bind>
</comp>

<comp id="383" class="1005" name="x_M_real_addr_1_reg_383">
<pin_list>
<pin id="384" dir="0" index="0" bw="10" slack="1"/>
<pin id="385" dir="1" index="1" bw="10" slack="1"/>
</pin_list>
<bind>
<opset="x_M_real_addr_1 "/>
</bind>
</comp>

<comp id="388" class="1005" name="x_M_imag_addr_1_reg_388">
<pin_list>
<pin id="389" dir="0" index="0" bw="10" slack="1"/>
<pin id="390" dir="1" index="1" bw="10" slack="1"/>
</pin_list>
<bind>
<opset="x_M_imag_addr_1 "/>
</bind>
</comp>

<comp id="393" class="1005" name="tw_re_V_reg_393">
<pin_list>
<pin id="394" dir="0" index="0" bw="24" slack="1"/>
<pin id="395" dir="1" index="1" bw="24" slack="1"/>
</pin_list>
<bind>
<opset="tw_re_V "/>
</bind>
</comp>

<comp id="398" class="1005" name="tw_im_V_reg_398">
<pin_list>
<pin id="399" dir="0" index="0" bw="23" slack="1"/>
<pin id="400" dir="1" index="1" bw="23" slack="1"/>
</pin_list>
<bind>
<opset="tw_im_V "/>
</bind>
</comp>

<comp id="403" class="1005" name="upper_M_real_reg_403">
<pin_list>
<pin id="404" dir="0" index="0" bw="24" slack="1"/>
<pin id="405" dir="1" index="1" bw="24" slack="1"/>
</pin_list>
<bind>
<opset="upper_M_real "/>
</bind>
</comp>

<comp id="408" class="1005" name="upper_M_imag_reg_408">
<pin_list>
<pin id="409" dir="0" index="0" bw="24" slack="1"/>
<pin id="410" dir="1" index="1" bw="24" slack="1"/>
</pin_list>
<bind>
<opset="upper_M_imag "/>
</bind>
</comp>

<comp id="413" class="1005" name="x_M_real_load_reg_413">
<pin_list>
<pin id="414" dir="0" index="0" bw="24" slack="3"/>
<pin id="415" dir="1" index="1" bw="24" slack="3"/>
</pin_list>
<bind>
<opset="x_M_real_load "/>
</bind>
</comp>

<comp id="418" class="1005" name="x_M_imag_load_reg_418">
<pin_list>
<pin id="419" dir="0" index="0" bw="24" slack="3"/>
<pin id="420" dir="1" index="1" bw="24" slack="3"/>
</pin_list>
<bind>
<opset="x_M_imag_load "/>
</bind>
</comp>

<comp id="423" class="1005" name="mul_ln859_reg_423">
<pin_list>
<pin id="424" dir="0" index="0" bw="46" slack="1"/>
<pin id="425" dir="1" index="1" bw="46" slack="1"/>
</pin_list>
<bind>
<opset="mul_ln859 "/>
</bind>
</comp>

<comp id="428" class="1005" name="mul_ln1394_reg_428">
<pin_list>
<pin id="429" dir="0" index="0" bw="46" slack="1"/>
<pin id="430" dir="1" index="1" bw="46" slack="1"/>
</pin_list>
<bind>
<opset="mul_ln1394 "/>
</bind>
</comp>

<comp id="433" class="1005" name="mul_ln859_1_reg_433">
<pin_list>
<pin id="434" dir="0" index="0" bw="46" slack="1"/>
<pin id="435" dir="1" index="1" bw="46" slack="1"/>
</pin_list>
<bind>
<opset="mul_ln859_1 "/>
</bind>
</comp>

<comp id="438" class="1005" name="mul_ln1393_reg_438">
<pin_list>
<pin id="439" dir="0" index="0" bw="46" slack="1"/>
<pin id="440" dir="1" index="1" bw="46" slack="1"/>
</pin_list>
<bind>
<opset="mul_ln1393 "/>
</bind>
</comp>

<comp id="443" class="1005" name="tm_re_V_reg_443">
<pin_list>
<pin id="444" dir="0" index="0" bw="24" slack="1"/>
<pin id="445" dir="1" index="1" bw="24" slack="1"/>
</pin_list>
<bind>
<opset="tm_re_V "/>
</bind>
</comp>

<comp id="448" class="1005" name="tm_im_V_reg_448">
<pin_list>
<pin id="449" dir="0" index="0" bw="24" slack="1"/>
<pin id="450" dir="1" index="1" bw="24" slack="1"/>
</pin_list>
<bind>
<opset="tm_im_V "/>
</bind>
</comp>

<comp id="453" class="1005" name="trunc_ln864_2_reg_453">
<pin_list>
<pin id="454" dir="0" index="0" bw="24" slack="1"/>
<pin id="455" dir="1" index="1" bw="24" slack="1"/>
</pin_list>
<bind>
<opset="trunc_ln864_2 "/>
</bind>
</comp>

<comp id="458" class="1005" name="trunc_ln864_3_reg_458">
<pin_list>
<pin id="459" dir="0" index="0" bw="24" slack="1"/>
<pin id="460" dir="1" index="1" bw="24" slack="1"/>
</pin_list>
<bind>
<opset="trunc_ln864_3 "/>
</bind>
</comp>

</comp_list>

<net_list>
<net id="55"><net_src comp="14" pin="0"/><net_sink comp="52" pin=0"/></net>

<net id="60"><net_src comp="16" pin="0"/><net_sink comp="56" pin=0"/></net>

<net id="61"><net_src comp="4" pin="0"/><net_sink comp="56" pin=1"/></net>

<net id="66"><net_src comp="16" pin="0"/><net_sink comp="62" pin=0"/></net>

<net id="67"><net_src comp="2" pin="0"/><net_sink comp="62" pin=1"/></net>

<net id="72"><net_src comp="16" pin="0"/><net_sink comp="68" pin=0"/></net>

<net id="73"><net_src comp="0" pin="0"/><net_sink comp="68" pin=1"/></net>

<net id="79"><net_src comp="10" pin="0"/><net_sink comp="74" pin=0"/></net>

<net id="80"><net_src comp="34" pin="0"/><net_sink comp="74" pin=1"/></net>

<net id="86"><net_src comp="74" pin="3"/><net_sink comp="81" pin=0"/></net>

<net id="92"><net_src comp="12" pin="0"/><net_sink comp="87" pin=0"/></net>

<net id="93"><net_src comp="34" pin="0"/><net_sink comp="87" pin=1"/></net>

<net id="99"><net_src comp="87" pin="3"/><net_sink comp="94" pin=0"/></net>

<net id="105"><net_src comp="6" pin="0"/><net_sink comp="100" pin=0"/></net>

<net id="106"><net_src comp="34" pin="0"/><net_sink comp="100" pin=1"/></net>

<net id="116"><net_src comp="100" pin="3"/><net_sink comp="107" pin=2"/></net>

<net id="122"><net_src comp="8" pin="0"/><net_sink comp="117" pin=0"/></net>

<net id="123"><net_src comp="34" pin="0"/><net_sink comp="117" pin=1"/></net>

<net id="133"><net_src comp="117" pin="3"/><net_sink comp="124" pin=2"/></net>

<net id="139"><net_src comp="6" pin="0"/><net_sink comp="134" pin=0"/></net>

<net id="140"><net_src comp="34" pin="0"/><net_sink comp="134" pin=1"/></net>

<net id="141"><net_src comp="134" pin="3"/><net_sink comp="107" pin=0"/></net>

<net id="147"><net_src comp="8" pin="0"/><net_sink comp="142" pin=0"/></net>

<net id="148"><net_src comp="34" pin="0"/><net_sink comp="142" pin=1"/></net>

<net id="149"><net_src comp="142" pin="3"/><net_sink comp="124" pin=0"/></net>

<net id="154"><net_src comp="18" pin="0"/><net_sink comp="150" pin=0"/></net>

<net id="162"><net_src comp="155" pin="1"/><net_sink comp="158" pin=0"/></net>

<net id="163"><net_src comp="68" pin="2"/><net_sink comp="158" pin=1"/></net>

<net id="168"><net_src comp="155" pin="1"/><net_sink comp="164" pin=0"/></net>

<net id="169"><net_src comp="36" pin="0"/><net_sink comp="164" pin=1"/></net>

<net id="174"><net_src comp="155" pin="1"/><net_sink comp="170" pin=0"/></net>

<net id="175"><net_src comp="62" pin="2"/><net_sink comp="170" pin=1"/></net>

<net id="179"><net_src comp="170" pin="2"/><net_sink comp="176" pin=0"/></net>

<net id="180"><net_src comp="176" pin="1"/><net_sink comp="74" pin=2"/></net>

<net id="181"><net_src comp="176" pin="1"/><net_sink comp="87" pin=2"/></net>

<net id="186"><net_src comp="155" pin="1"/><net_sink comp="182" pin=0"/></net>

<net id="187"><net_src comp="56" pin="2"/><net_sink comp="182" pin=1"/></net>

<net id="191"><net_src comp="182" pin="2"/><net_sink comp="188" pin=0"/></net>

<net id="192"><net_src comp="188" pin="1"/><net_sink comp="134" pin=2"/></net>

<net id="193"><net_src comp="188" pin="1"/><net_sink comp="142" pin=2"/></net>

<net id="198"><net_src comp="182" pin="2"/><net_sink comp="194" pin=0"/></net>

<net id="199"><net_src comp="68" pin="2"/><net_sink comp="194" pin=1"/></net>

<net id="203"><net_src comp="194" pin="2"/><net_sink comp="200" pin=0"/></net>

<net id="204"><net_src comp="200" pin="1"/><net_sink comp="100" pin=2"/></net>

<net id="205"><net_src comp="200" pin="1"/><net_sink comp="117" pin=2"/></net>

<net id="210"><net_src comp="164" pin="2"/><net_sink comp="206" pin=0"/></net>

<net id="227"><net_src comp="211" pin="1"/><net_sink comp="223" pin=0"/></net>

<net id="228"><net_src comp="214" pin="1"/><net_sink comp="223" pin=1"/></net>

<net id="233"><net_src comp="217" pin="1"/><net_sink comp="229" pin=0"/></net>

<net id="234"><net_src comp="220" pin="1"/><net_sink comp="229" pin=1"/></net>

<net id="239"><net_src comp="217" pin="1"/><net_sink comp="235" pin=0"/></net>

<net id="240"><net_src comp="214" pin="1"/><net_sink comp="235" pin=1"/></net>

<net id="245"><net_src comp="211" pin="1"/><net_sink comp="241" pin=0"/></net>

<net id="246"><net_src comp="220" pin="1"/><net_sink comp="241" pin=1"/></net>

<net id="257"><net_src comp="38" pin="0"/><net_sink comp="251" pin=0"/></net>

<net id="258"><net_src comp="247" pin="2"/><net_sink comp="251" pin=1"/></net>

<net id="259"><net_src comp="40" pin="0"/><net_sink comp="251" pin=2"/></net>

<net id="260"><net_src comp="42" pin="0"/><net_sink comp="251" pin=3"/></net>

<net id="271"><net_src comp="38" pin="0"/><net_sink comp="265" pin=0"/></net>

<net id="272"><net_src comp="261" pin="2"/><net_sink comp="265" pin=1"/></net>

<net id="273"><net_src comp="40" pin="0"/><net_sink comp="265" pin=2"/></net>

<net id="274"><net_src comp="42" pin="0"/><net_sink comp="265" pin=3"/></net>

<net id="285"><net_src comp="278" pin="1"/><net_sink comp="281" pin=0"/></net>

<net id="286"><net_src comp="275" pin="1"/><net_sink comp="281" pin=1"/></net>

<net id="293"><net_src comp="44" pin="0"/><net_sink comp="287" pin=0"/></net>

<net id="294"><net_src comp="281" pin="2"/><net_sink comp="287" pin=1"/></net>

<net id="295"><net_src comp="14" pin="0"/><net_sink comp="287" pin=2"/></net>

<net id="296"><net_src comp="46" pin="0"/><net_sink comp="287" pin=3"/></net>

<net id="297"><net_src comp="287" pin="4"/><net_sink comp="107" pin=1"/></net>

<net id="308"><net_src comp="301" pin="1"/><net_sink comp="304" pin=0"/></net>

<net id="309"><net_src comp="298" pin="1"/><net_sink comp="304" pin=1"/></net>

<net id="316"><net_src comp="44" pin="0"/><net_sink comp="310" pin=0"/></net>

<net id="317"><net_src comp="304" pin="2"/><net_sink comp="310" pin=1"/></net>

<net id="318"><net_src comp="14" pin="0"/><net_sink comp="310" pin=2"/></net>

<net id="319"><net_src comp="46" pin="0"/><net_sink comp="310" pin=3"/></net>

<net id="320"><net_src comp="310" pin="4"/><net_sink comp="124" pin=1"/></net>

<net id="325"><net_src comp="275" pin="1"/><net_sink comp="321" pin=0"/></net>

<net id="326"><net_src comp="278" pin="1"/><net_sink comp="321" pin=1"/></net>

<net id="333"><net_src comp="44" pin="0"/><net_sink comp="327" pin=0"/></net>

<net id="334"><net_src comp="321" pin="2"/><net_sink comp="327" pin=1"/></net>

<net id="335"><net_src comp="14" pin="0"/><net_sink comp="327" pin=2"/></net>

<net id="336"><net_src comp="46" pin="0"/><net_sink comp="327" pin=3"/></net>

<net id="341"><net_src comp="298" pin="1"/><net_sink comp="337" pin=0"/></net>

<net id="342"><net_src comp="301" pin="1"/><net_sink comp="337" pin=1"/></net>

<net id="349"><net_src comp="44" pin="0"/><net_sink comp="343" pin=0"/></net>

<net id="350"><net_src comp="337" pin="2"/><net_sink comp="343" pin=1"/></net>

<net id="351"><net_src comp="14" pin="0"/><net_sink comp="343" pin=2"/></net>

<net id="352"><net_src comp="46" pin="0"/><net_sink comp="343" pin=3"/></net>

<net id="356"><net_src comp="52" pin="1"/><net_sink comp="353" pin=0"/></net>

<net id="357"><net_src comp="353" pin="1"/><net_sink comp="150" pin=1"/></net>

<net id="358"><net_src comp="353" pin="1"/><net_sink comp="155" pin=0"/></net>

<net id="359"><net_src comp="353" pin="1"/><net_sink comp="206" pin=1"/></net>

<net id="366"><net_src comp="74" pin="3"/><net_sink comp="363" pin=0"/></net>

<net id="367"><net_src comp="363" pin="1"/><net_sink comp="81" pin=0"/></net>

<net id="371"><net_src comp="87" pin="3"/><net_sink comp="368" pin=0"/></net>

<net id="372"><net_src comp="368" pin="1"/><net_sink comp="94" pin=0"/></net>

<net id="376"><net_src comp="100" pin="3"/><net_sink comp="373" pin=0"/></net>

<net id="377"><net_src comp="373" pin="1"/><net_sink comp="107" pin=2"/></net>

<net id="381"><net_src comp="117" pin="3"/><net_sink comp="378" pin=0"/></net>

<net id="382"><net_src comp="378" pin="1"/><net_sink comp="124" pin=2"/></net>

<net id="386"><net_src comp="134" pin="3"/><net_sink comp="383" pin=0"/></net>

<net id="387"><net_src comp="383" pin="1"/><net_sink comp="107" pin=0"/></net>

<net id="391"><net_src comp="142" pin="3"/><net_sink comp="388" pin=0"/></net>

<net id="392"><net_src comp="388" pin="1"/><net_sink comp="124" pin=0"/></net>

<net id="396"><net_src comp="81" pin="3"/><net_sink comp="393" pin=0"/></net>

<net id="397"><net_src comp="393" pin="1"/><net_sink comp="214" pin=0"/></net>

<net id="401"><net_src comp="94" pin="3"/><net_sink comp="398" pin=0"/></net>

<net id="402"><net_src comp="398" pin="1"/><net_sink comp="220" pin=0"/></net>

<net id="406"><net_src comp="107" pin="7"/><net_sink comp="403" pin=0"/></net>

<net id="407"><net_src comp="403" pin="1"/><net_sink comp="211" pin=0"/></net>

<net id="411"><net_src comp="124" pin="7"/><net_sink comp="408" pin=0"/></net>

<net id="412"><net_src comp="408" pin="1"/><net_sink comp="217" pin=0"/></net>

<net id="416"><net_src comp="107" pin="3"/><net_sink comp="413" pin=0"/></net>

<net id="417"><net_src comp="413" pin="1"/><net_sink comp="275" pin=0"/></net>

<net id="421"><net_src comp="124" pin="3"/><net_sink comp="418" pin=0"/></net>

<net id="422"><net_src comp="418" pin="1"/><net_sink comp="298" pin=0"/></net>

<net id="426"><net_src comp="223" pin="2"/><net_sink comp="423" pin=0"/></net>

<net id="427"><net_src comp="423" pin="1"/><net_sink comp="247" pin=0"/></net>

<net id="431"><net_src comp="229" pin="2"/><net_sink comp="428" pin=0"/></net>

<net id="432"><net_src comp="428" pin="1"/><net_sink comp="247" pin=1"/></net>

<net id="436"><net_src comp="235" pin="2"/><net_sink comp="433" pin=0"/></net>

<net id="437"><net_src comp="433" pin="1"/><net_sink comp="261" pin=0"/></net>

<net id="441"><net_src comp="241" pin="2"/><net_sink comp="438" pin=0"/></net>

<net id="442"><net_src comp="438" pin="1"/><net_sink comp="261" pin=1"/></net>

<net id="446"><net_src comp="251" pin="4"/><net_sink comp="443" pin=0"/></net>

<net id="447"><net_src comp="443" pin="1"/><net_sink comp="278" pin=0"/></net>

<net id="451"><net_src comp="265" pin="4"/><net_sink comp="448" pin=0"/></net>

<net id="452"><net_src comp="448" pin="1"/><net_sink comp="301" pin=0"/></net>

<net id="456"><net_src comp="327" pin="4"/><net_sink comp="453" pin=0"/></net>

<net id="457"><net_src comp="453" pin="1"/><net_sink comp="107" pin=4"/></net>

<net id="461"><net_src comp="343" pin="4"/><net_sink comp="458" pin=0"/></net>

<net id="462"><net_src comp="458" pin="1"/><net_sink comp="124" pin=4"/></net>

</net_list>

</model> 
---------------- Datapath Model END ------------------

* FSMD analyzer results:
  - Output states:
	Port: x_M_real | {5 6 }
	Port: x_M_imag | {5 6 }
 - Input state : 
	Port: ifft_fast_Pipeline_VITIS_LOOP_26_4 : m2 | {1 }
	Port: ifft_fast_Pipeline_VITIS_LOOP_26_4 : trunc_ln25_1 | {1 }
	Port: ifft_fast_Pipeline_VITIS_LOOP_26_4 : trunc_ln25_2 | {1 }
	Port: ifft_fast_Pipeline_VITIS_LOOP_26_4 : x_M_real | {1 2 }
	Port: ifft_fast_Pipeline_VITIS_LOOP_26_4 : x_M_imag | {1 2 }
	Port: ifft_fast_Pipeline_VITIS_LOOP_26_4 : tw_M_real_V | {1 2 }
	Port: ifft_fast_Pipeline_VITIS_LOOP_26_4 : tw_M_imag_V | {1 2 }
  - Chain level:
	State 1
		store_ln0 : 1
		j_1 : 1
		icmp_ln26 : 2
		add_ln26 : 2
		br_ln26 : 3
		add_ln27 : 2
		zext_ln27 : 3
		tw_M_real_V_addr : 4
		tw_re_V : 5
		tw_M_imag_V_addr : 4
		tw_im_V : 5
		add_ln29 : 2
		zext_ln29 : 3
		add_ln29_1 : 3
		zext_ln29_1 : 4
		x_M_real_addr : 5
		upper_M_real : 6
		x_M_imag_addr : 5
		upper_M_imag : 6
		x_M_real_addr_1 : 4
		x_M_real_load : 5
		x_M_imag_addr_1 : 4
		x_M_imag_load : 5
		store_ln26 : 3
	State 2
	State 3
		mul_ln859 : 1
		mul_ln1394 : 1
		mul_ln859_1 : 1
		mul_ln1393 : 1
	State 4
		tm_re_V : 1
		tm_im_V : 1
	State 5
		ret_V_2 : 1
		trunc_ln1 : 2
		ret_V_3 : 1
		trunc_ln864_1 : 2
		store_ln37 : 3
		store_ln37 : 3
		ret_V_4 : 1
		trunc_ln864_2 : 2
		ret_V_5 : 1
		trunc_ln864_3 : 2
	State 6


============================================================
+ Verbose Summary: Datapath Resource usage 
============================================================

* Functional unit list:
|----------|------------------------------|---------|---------|---------|
| Operation|        Functional Unit       |   DSP   |    FF   |   LUT   |
|----------|------------------------------|---------|---------|---------|
|          |        add_ln26_fu_164       |    0    |    0    |    13   |
|          |        add_ln27_fu_170       |    0    |    0    |    13   |
|          |        add_ln29_fu_182       |    0    |    0    |    13   |
|    add   |       add_ln29_1_fu_194      |    0    |    0    |    13   |
|          |        ret_V_1_fu_261        |    0    |    0    |    53   |
|          |        ret_V_2_fu_281        |    0    |    0    |    31   |
|          |        ret_V_3_fu_304        |    0    |    0    |    31   |
|----------|------------------------------|---------|---------|---------|
|          |       mul_ln859_fu_223       |    1    |    0    |    38   |
|    mul   |       mul_ln1394_fu_229      |    1    |    0    |    38   |
|          |      mul_ln859_1_fu_235      |    1    |    0    |    38   |
|          |       mul_ln1393_fu_241      |    1    |    0    |    38   |
|----------|------------------------------|---------|---------|---------|
|          |         ret_V_fu_247         |    0    |    0    |    53   |
|    sub   |        ret_V_4_fu_321        |    0    |    0    |    31   |
|          |        ret_V_5_fu_337        |    0    |    0    |    31   |
|----------|------------------------------|---------|---------|---------|
|   icmp   |       icmp_ln26_fu_158       |    0    |    0    |    11   |
|----------|------------------------------|---------|---------|---------|
|          | trunc_ln25_2_read_read_fu_56 |    0    |    0    |    0    |
|   read   | trunc_ln25_1_read_read_fu_62 |    0    |    0    |    0    |
|          |      m2_read_read_fu_68      |    0    |    0    |    0    |
|----------|------------------------------|---------|---------|---------|
|          |       zext_ln27_fu_176       |    0    |    0    |    0    |
|   zext   |       zext_ln29_fu_188       |    0    |    0    |    0    |
|          |      zext_ln29_1_fu_200      |    0    |    0    |    0    |
|          |      zext_ln1319_fu_220      |    0    |    0    |    0    |
|----------|------------------------------|---------|---------|---------|
|          |      sext_ln1319_fu_211      |    0    |    0    |    0    |
|          |     sext_ln1319_1_fu_214     |    0    |    0    |    0    |
|          |     sext_ln1319_2_fu_217     |    0    |    0    |    0    |
|   sext   |      sext_ln1393_fu_275      |    0    |    0    |    0    |
|          |     sext_ln1393_1_fu_278     |    0    |    0    |    0    |
|          |     sext_ln1393_2_fu_298     |    0    |    0    |    0    |
|          |     sext_ln1393_3_fu_301     |    0    |    0    |    0    |
|----------|------------------------------|---------|---------|---------|
|          |        tm_re_V_fu_251        |    0    |    0    |    0    |
|          |        tm_im_V_fu_265        |    0    |    0    |    0    |
|partselect|       trunc_ln1_fu_287       |    0    |    0    |    0    |
|          |     trunc_ln864_1_fu_310     |    0    |    0    |    0    |
|          |     trunc_ln864_2_fu_327     |    0    |    0    |    0    |
|          |     trunc_ln864_3_fu_343     |    0    |    0    |    0    |
|----------|------------------------------|---------|---------|---------|
|   Total  |                              |    4    |    0    |   445   |
|----------|------------------------------|---------|---------|---------|

Memories:
N/A

* Register list:
+------------------------+--------+
|                        |   FF   |
+------------------------+--------+
|        j_reg_353       |   10   |
|   mul_ln1393_reg_438   |   46   |
|   mul_ln1394_reg_428   |   46   |
|   mul_ln859_1_reg_433  |   46   |
|    mul_ln859_reg_423   |   46   |
|     tm_im_V_reg_448    |   24   |
|     tm_re_V_reg_443    |   24   |
|  trunc_ln864_2_reg_453 |   24   |
|  trunc_ln864_3_reg_458 |   24   |
|tw_M_imag_V_addr_reg_368|   10   |
|tw_M_real_V_addr_reg_363|   10   |
|     tw_im_V_reg_398    |   23   |
|     tw_re_V_reg_393    |   24   |
|  upper_M_imag_reg_408  |   24   |
|  upper_M_real_reg_403  |   24   |
| x_M_imag_addr_1_reg_388|   10   |
|  x_M_imag_addr_reg_378 |   10   |
|  x_M_imag_load_reg_418 |   24   |
| x_M_real_addr_1_reg_383|   10   |
|  x_M_real_addr_reg_373 |   10   |
|  x_M_real_load_reg_413 |   24   |
+------------------------+--------+
|          Total         |   493  |
+------------------------+--------+

* Multiplexer (MUX) list: 
|-------------------|------|------|------|--------||---------||---------|
|        Comp       |  Pin | Size |  BW  | S x BW ||  Delay  ||   LUT   |
|-------------------|------|------|------|--------||---------||---------|
|  grp_access_fu_81 |  p0  |   2  |  10  |   20   ||    9    |
|  grp_access_fu_94 |  p0  |   2  |  10  |   20   ||    9    |
| grp_access_fu_107 |  p0  |   2  |  10  |   20   ||    9    |
| grp_access_fu_107 |  p2  |   2  |   0  |    0   ||    9    |
| grp_access_fu_124 |  p0  |   2  |  10  |   20   ||    9    |
| grp_access_fu_124 |  p2  |   2  |   0  |    0   ||    9    |
|-------------------|------|------|------|--------||---------||---------|
|       Total       |      |      |      |   80   ||  9.528  ||    54   |
|-------------------|------|------|------|--------||---------||---------|



* Summary:
+-----------+--------+--------+--------+--------+
|           |   DSP  |  Delay |   FF   |   LUT  |
+-----------+--------+--------+--------+--------+
|  Function |    4   |    -   |    0   |   445  |
|   Memory  |    -   |    -   |    -   |    -   |
|Multiplexer|    -   |    9   |    -   |   54   |
|  Register |    -   |    -   |   493  |    -   |
+-----------+--------+--------+--------+--------+
|   Total   |    4   |    9   |   493  |   499  |
+-----------+--------+--------+--------+--------+
