

================================================================
== Vitis HLS Report for 'ifft_fast_Pipeline_VITIS_LOOP_26_4'
================================================================
* Date:           Tue May  5 17:00:41 2026

* Version:        2022.1 (Build 3526262 on Mon Apr 18 15:48:16 MDT 2022)
* Project:        ifft_project_wlo
* Solution:       solution1 (Vivado IP Flow Target)
* Product family: zynq
* Target device:  xc7z020-clg484-1


================================================================
== Performance Estimates
================================================================
+ Timing: 
    * Summary: 
    +--------+----------+----------+------------+
    |  Clock |  Target  | Estimated| Uncertainty|
    +--------+----------+----------+------------+
    |ap_clk  |  10.00 ns|  6.716 ns|     2.70 ns|
    +--------+----------+----------+------------+

+ Latency: 
    * Summary: 
    +---------+---------+-----------+-----------+-----+------+---------+
    |  Latency (cycles) |   Latency (absolute)  |  Interval  | Pipeline|
    |   min   |   max   |    min    |    max    | min |  max |   Type  |
    +---------+---------+-----------+-----------+-----+------+---------+
    |        8|     3074|  80.000 ns|  30.740 us|    8|  3074|       no|
    +---------+---------+-----------+-----------+-----+------+---------+

    + Detail: 
        * Instance: 
        N/A

        * Loop: 
        +-------------------+---------+---------+----------+-----------+-----------+---------+----------+
        |                   |  Latency (cycles) | Iteration|  Initiation Interval  |   Trip  |          |
        |     Loop Name     |   min   |   max   |  Latency |  achieved |   target  |  Count  | Pipelined|
        +-------------------+---------+---------+----------+-----------+-----------+---------+----------+
        |- VITIS_LOOP_26_4  |        6|     3072|         6|          6|          1|  1 ~ 512|       yes|
        +-------------------+---------+---------+----------+-----------+-----------+---------+----------+

============================================================
+ Verbose Summary: Synthesis Manager
============================================================
InlineROM: 1
ExposeGlobal: 0
============================================================
+ Verbose Summary: CDFG Model
============================================================
IsTopModel: 0
ResetActiveHigh: 1
IsCombinational: 0
IsDatapathOnly: 0
HasWiredReturn: 1
HasMFsm: 2
HasVarLatency: 1
IsPipeline: 0
IsRtlPipelined: 0
IsInstanceOverlapped: 0
IsDontTouch: 0
HasImplIP: 0
IsGatedGlobalClock: 0

+ Individual pipeline summary: 
  * Pipeline-0: initiation interval (II) = 6, depth = 6


============================================================
+ Verbose Summary: Schedule
============================================================
* Number of FSM states : 6
* Pipeline : 1
  Pipeline-0 : II = 6, D = 6, States = { 1 2 3 4 5 6 }
* Dataflow Pipeline: 0

* FSM state transitions: 
1 --> 2 
2 --> 3 
3 --> 4 
4 --> 5 
5 --> 6 
6 --> 

* FSM state operations: 

State 1 <SV = 0> <Delay = 6.71>
ST_1 : Operation 9 [1/1] (0.00ns)   --->   "%j = alloca i32 1"   --->   Operation 9 'alloca' 'j' <Predicate = true> <Delay = 0.00>
ST_1 : Operation 10 [1/1] (0.00ns)   --->   "%trunc_ln25_2_read = read i10 @_ssdm_op_Read.ap_auto.i10, i10 %trunc_ln25_2"   --->   Operation 10 'read' 'trunc_ln25_2_read' <Predicate = true> <Delay = 0.00>
ST_1 : Operation 11 [1/1] (0.00ns)   --->   "%trunc_ln25_1_read = read i10 @_ssdm_op_Read.ap_auto.i10, i10 %trunc_ln25_1"   --->   Operation 11 'read' 'trunc_ln25_1_read' <Predicate = true> <Delay = 0.00>
ST_1 : Operation 12 [1/1] (0.00ns)   --->   "%m2_read = read i10 @_ssdm_op_Read.ap_auto.i10, i10 %m2"   --->   Operation 12 'read' 'm2_read' <Predicate = true> <Delay = 0.00>
ST_1 : Operation 13 [1/1] (1.58ns)   --->   "%store_ln0 = store i10 0, i10 %j"   --->   Operation 13 'store' 'store_ln0' <Predicate = true> <Delay = 1.58>
ST_1 : Operation 14 [1/1] (0.00ns)   --->   "%br_ln0 = br void %for.body21"   --->   Operation 14 'br' 'br_ln0' <Predicate = true> <Delay = 0.00>
ST_1 : Operation 15 [1/1] (0.00ns)   --->   "%j_1 = load i10 %j" [ifft_project_wlo/ifft.cpp:27]   --->   Operation 15 'load' 'j_1' <Predicate = true> <Delay = 0.00>
ST_1 : Operation 16 [1/1] (0.00ns)   --->   "%specpipeline_ln0 = specpipeline void @_ssdm_op_SpecPipeline, i32 4294967295, i32 0, i32 1, i32 0, void @p_str"   --->   Operation 16 'specpipeline' 'specpipeline_ln0' <Predicate = true> <Delay = 0.00>
ST_1 : Operation 17 [1/1] (1.77ns)   --->   "%icmp_ln26 = icmp_eq  i10 %j_1, i10 %m2_read" [ifft_project_wlo/ifft.cpp:26]   --->   Operation 17 'icmp' 'icmp_ln26' <Predicate = true> <Delay = 1.77> <CoreInst = "Cmp">   --->   Core 9 'Cmp' <Latency = 0> <II = 1> <Delay = 1.77> <FuncUnit> <Opcode : 'icmp'> <InPorts = 2> <OutPorts = 1>
ST_1 : Operation 18 [1/1] (0.00ns)   --->   "%empty = speclooptripcount i32 @_ssdm_op_SpecLoopTripCount, i64 1, i64 512, i64 0"   --->   Operation 18 'speclooptripcount' 'empty' <Predicate = true> <Delay = 0.00>
ST_1 : Operation 19 [1/1] (1.73ns)   --->   "%add_ln26 = add i10 %j_1, i10 1" [ifft_project_wlo/ifft.cpp:26]   --->   Operation 19 'add' 'add_ln26' <Predicate = true> <Delay = 1.73> <CoreInst = "Adder">   --->   Core 1 'Adder' <Latency = 0> <II = 1> <Delay = 1.73> <FuncUnit> <Opcode : 'add' 'sub'> <InPorts = 2> <OutPorts = 1>
ST_1 : Operation 20 [1/1] (0.00ns)   --->   "%br_ln26 = br i1 %icmp_ln26, void %for.body21.split, void %for.inc76.loopexit.exitStub" [ifft_project_wlo/ifft.cpp:26]   --->   Operation 20 'br' 'br_ln26' <Predicate = true> <Delay = 0.00>
ST_1 : Operation 21 [1/1] (1.73ns)   --->   "%add_ln27 = add i10 %j_1, i10 %trunc_ln25_1_read" [ifft_project_wlo/ifft.cpp:27]   --->   Operation 21 'add' 'add_ln27' <Predicate = (!icmp_ln26)> <Delay = 1.73> <CoreInst = "Adder">   --->   Core 1 'Adder' <Latency = 0> <II = 1> <Delay = 1.73> <FuncUnit> <Opcode : 'add' 'sub'> <InPorts = 2> <OutPorts = 1>
ST_1 : Operation 22 [1/1] (0.00ns)   --->   "%zext_ln27 = zext i10 %add_ln27" [ifft_project_wlo/ifft.cpp:27]   --->   Operation 22 'zext' 'zext_ln27' <Predicate = (!icmp_ln26)> <Delay = 0.00>
ST_1 : Operation 23 [1/1] (0.00ns)   --->   "%tw_M_real_V_addr = getelementptr i24 %tw_M_real_V, i64 0, i64 %zext_ln27" [ifft_project_wlo/ifft.cpp:27]   --->   Operation 23 'getelementptr' 'tw_M_real_V_addr' <Predicate = (!icmp_ln26)> <Delay = 0.00>
ST_1 : Operation 24 [2/2] (3.25ns)   --->   "%tw_re_V = load i10 %tw_M_real_V_addr" [ifft_project_wlo/ifft.cpp:27]   --->   Operation 24 'load' 'tw_re_V' <Predicate = (!icmp_ln26)> <Delay = 3.25> <CoreInst = "ROM">   --->   Core 95 'ROM' <Latency = 1> <II = 1> <Delay = 3.25> <Storage> <Opcode : 'load'> <Ports = 0> <Width = 24> <Depth = 1024> <ROM>
ST_1 : Operation 25 [1/1] (0.00ns)   --->   "%tw_M_imag_V_addr = getelementptr i23 %tw_M_imag_V, i64 0, i64 %zext_ln27" [ifft_project_wlo/ifft.cpp:28]   --->   Operation 25 'getelementptr' 'tw_M_imag_V_addr' <Predicate = (!icmp_ln26)> <Delay = 0.00>
ST_1 : Operation 26 [2/2] (3.25ns)   --->   "%tw_im_V = load i10 %tw_M_imag_V_addr" [ifft_project_wlo/ifft.cpp:28]   --->   Operation 26 'load' 'tw_im_V' <Predicate = (!icmp_ln26)> <Delay = 3.25> <CoreInst = "ROM">   --->   Core 95 'ROM' <Latency = 1> <II = 1> <Delay = 3.25> <Storage> <Opcode : 'load'> <Ports = 0> <Width = 23> <Depth = 1024> <ROM>
ST_1 : Operation 27 [1/1] (1.73ns)   --->   "%add_ln29 = add i10 %j_1, i10 %trunc_ln25_2_read" [ifft_project_wlo/ifft.cpp:29]   --->   Operation 27 'add' 'add_ln29' <Predicate = (!icmp_ln26)> <Delay = 1.73> <CoreInst = "Adder">   --->   Core 1 'Adder' <Latency = 0> <II = 1> <Delay = 1.73> <FuncUnit> <Opcode : 'add' 'sub'> <InPorts = 2> <OutPorts = 1>
ST_1 : Operation 28 [1/1] (0.00ns)   --->   "%zext_ln29 = zext i10 %add_ln29" [ifft_project_wlo/ifft.cpp:29]   --->   Operation 28 'zext' 'zext_ln29' <Predicate = (!icmp_ln26)> <Delay = 0.00>
ST_1 : Operation 29 [1/1] (1.73ns)   --->   "%add_ln29_1 = add i10 %add_ln29, i10 %m2_read" [ifft_project_wlo/ifft.cpp:29]   --->   Operation 29 'add' 'add_ln29_1' <Predicate = (!icmp_ln26)> <Delay = 1.73> <CoreInst = "Adder">   --->   Core 1 'Adder' <Latency = 0> <II = 1> <Delay = 1.73> <FuncUnit> <Opcode : 'add' 'sub'> <InPorts = 2> <OutPorts = 1>
ST_1 : Operation 30 [1/1] (0.00ns)   --->   "%zext_ln29_1 = zext i10 %add_ln29_1" [ifft_project_wlo/ifft.cpp:29]   --->   Operation 30 'zext' 'zext_ln29_1' <Predicate = (!icmp_ln26)> <Delay = 0.00>
ST_1 : Operation 31 [1/1] (0.00ns)   --->   "%x_M_real_addr = getelementptr i24 %x_M_real, i64 0, i64 %zext_ln29_1" [ifft_project_wlo/ifft.cpp:29]   --->   Operation 31 'getelementptr' 'x_M_real_addr' <Predicate = (!icmp_ln26)> <Delay = 0.00>
ST_1 : Operation 32 [2/2] (3.25ns)   --->   "%upper_M_real = load i10 %x_M_real_addr" [ifft_project_wlo/ifft.cpp:29]   --->   Operation 32 'load' 'upper_M_real' <Predicate = (!icmp_ln26)> <Delay = 3.25> <CoreInst = "RAM">   --->   Core 82 'RAM' <Latency = 1> <II = 1> <Delay = 3.25> <Storage> <Opcode : 'load' 'store'> <Ports = 2> <Width = 24> <Depth = 1024> <RAM>
ST_1 : Operation 33 [1/1] (0.00ns)   --->   "%x_M_imag_addr = getelementptr i24 %x_M_imag, i64 0, i64 %zext_ln29_1" [ifft_project_wlo/ifft.cpp:29]   --->   Operation 33 'getelementptr' 'x_M_imag_addr' <Predicate = (!icmp_ln26)> <Delay = 0.00>
ST_1 : Operation 34 [2/2] (3.25ns)   --->   "%upper_M_imag = load i10 %x_M_imag_addr" [ifft_project_wlo/ifft.cpp:29]   --->   Operation 34 'load' 'upper_M_imag' <Predicate = (!icmp_ln26)> <Delay = 3.25> <CoreInst = "RAM">   --->   Core 82 'RAM' <Latency = 1> <II = 1> <Delay = 3.25> <Storage> <Opcode : 'load' 'store'> <Ports = 2> <Width = 24> <Depth = 1024> <RAM>
ST_1 : Operation 35 [1/1] (0.00ns)   --->   "%x_M_real_addr_1 = getelementptr i24 %x_M_real, i64 0, i64 %zext_ln29" [ifft_project_wlo/ifft.cpp:34]   --->   Operation 35 'getelementptr' 'x_M_real_addr_1' <Predicate = (!icmp_ln26)> <Delay = 0.00>
ST_1 : Operation 36 [2/2] (3.25ns)   --->   "%x_M_real_load = load i10 %x_M_real_addr_1" [ifft_project_wlo/ifft.cpp:34]   --->   Operation 36 'load' 'x_M_real_load' <Predicate = (!icmp_ln26)> <Delay = 3.25> <CoreInst = "RAM">   --->   Core 82 'RAM' <Latency = 1> <II = 1> <Delay = 3.25> <Storage> <Opcode : 'load' 'store'> <Ports = 2> <Width = 24> <Depth = 1024> <RAM>
ST_1 : Operation 37 [1/1] (0.00ns)   --->   "%x_M_imag_addr_1 = getelementptr i24 %x_M_imag, i64 0, i64 %zext_ln29" [ifft_project_wlo/ifft.cpp:34]   --->   Operation 37 'getelementptr' 'x_M_imag_addr_1' <Predicate = (!icmp_ln26)> <Delay = 0.00>
ST_1 : Operation 38 [2/2] (3.25ns)   --->   "%x_M_imag_load = load i10 %x_M_imag_addr_1" [ifft_project_wlo/ifft.cpp:34]   --->   Operation 38 'load' 'x_M_imag_load' <Predicate = (!icmp_ln26)> <Delay = 3.25> <CoreInst = "RAM">   --->   Core 82 'RAM' <Latency = 1> <II = 1> <Delay = 3.25> <Storage> <Opcode : 'load' 'store'> <Ports = 2> <Width = 24> <Depth = 1024> <RAM>
ST_1 : Operation 39 [1/1] (1.58ns)   --->   "%store_ln26 = store i10 %add_ln26, i10 %j" [ifft_project_wlo/ifft.cpp:26]   --->   Operation 39 'store' 'store_ln26' <Predicate = (!icmp_ln26)> <Delay = 1.58>
ST_1 : Operation 76 [1/1] (0.00ns)   --->   "%ret_ln0 = ret"   --->   Operation 76 'ret' 'ret_ln0' <Predicate = (icmp_ln26)> <Delay = 0.00>

State 2 <SV = 1> <Delay = 3.25>
ST_2 : Operation 40 [1/2] (3.25ns)   --->   "%tw_re_V = load i10 %tw_M_real_V_addr" [ifft_project_wlo/ifft.cpp:27]   --->   Operation 40 'load' 'tw_re_V' <Predicate = true> <Delay = 3.25> <CoreInst = "ROM">   --->   Core 95 'ROM' <Latency = 1> <II = 1> <Delay = 3.25> <Storage> <Opcode : 'load'> <Ports = 0> <Width = 24> <Depth = 1024> <ROM>
ST_2 : Operation 41 [1/2] (3.25ns)   --->   "%tw_im_V = load i10 %tw_M_imag_V_addr" [ifft_project_wlo/ifft.cpp:28]   --->   Operation 41 'load' 'tw_im_V' <Predicate = true> <Delay = 3.25> <CoreInst = "ROM">   --->   Core 95 'ROM' <Latency = 1> <II = 1> <Delay = 3.25> <Storage> <Opcode : 'load'> <Ports = 0> <Width = 23> <Depth = 1024> <ROM>
ST_2 : Operation 42 [1/2] (3.25ns)   --->   "%upper_M_real = load i10 %x_M_real_addr" [ifft_project_wlo/ifft.cpp:29]   --->   Operation 42 'load' 'upper_M_real' <Predicate = true> <Delay = 3.25> <CoreInst = "RAM">   --->   Core 82 'RAM' <Latency = 1> <II = 1> <Delay = 3.25> <Storage> <Opcode : 'load' 'store'> <Ports = 2> <Width = 24> <Depth = 1024> <RAM>
ST_2 : Operation 43 [1/2] (3.25ns)   --->   "%upper_M_imag = load i10 %x_M_imag_addr" [ifft_project_wlo/ifft.cpp:29]   --->   Operation 43 'load' 'upper_M_imag' <Predicate = true> <Delay = 3.25> <CoreInst = "RAM">   --->   Core 82 'RAM' <Latency = 1> <II = 1> <Delay = 3.25> <Storage> <Opcode : 'load' 'store'> <Ports = 2> <Width = 24> <Depth = 1024> <RAM>
ST_2 : Operation 44 [1/2] (3.25ns)   --->   "%x_M_real_load = load i10 %x_M_real_addr_1" [ifft_project_wlo/ifft.cpp:34]   --->   Operation 44 'load' 'x_M_real_load' <Predicate = true> <Delay = 3.25> <CoreInst = "RAM">   --->   Core 82 'RAM' <Latency = 1> <II = 1> <Delay = 3.25> <Storage> <Opcode : 'load' 'store'> <Ports = 2> <Width = 24> <Depth = 1024> <RAM>
ST_2 : Operation 45 [1/2] (3.25ns)   --->   "%x_M_imag_load = load i10 %x_M_imag_addr_1" [ifft_project_wlo/ifft.cpp:34]   --->   Operation 45 'load' 'x_M_imag_load' <Predicate = true> <Delay = 3.25> <CoreInst = "RAM">   --->   Core 82 'RAM' <Latency = 1> <II = 1> <Delay = 3.25> <Storage> <Opcode : 'load' 'store'> <Ports = 2> <Width = 24> <Depth = 1024> <RAM>

State 3 <SV = 2> <Delay = 6.54>
ST_3 : Operation 46 [1/1] (0.00ns)   --->   "%sext_ln1319 = sext i24 %upper_M_real"   --->   Operation 46 'sext' 'sext_ln1319' <Predicate = true> <Delay = 0.00>
ST_3 : Operation 47 [1/1] (0.00ns)   --->   "%sext_ln1319_1 = sext i24 %tw_re_V"   --->   Operation 47 'sext' 'sext_ln1319_1' <Predicate = true> <Delay = 0.00>
ST_3 : Operation 48 [1/1] (0.00ns)   --->   "%sext_ln1319_2 = sext i24 %upper_M_imag"   --->   Operation 48 'sext' 'sext_ln1319_2' <Predicate = true> <Delay = 0.00>
ST_3 : Operation 49 [1/1] (0.00ns)   --->   "%zext_ln1319 = zext i23 %tw_im_V"   --->   Operation 49 'zext' 'zext_ln1319' <Predicate = true> <Delay = 0.00>
ST_3 : Operation 50 [1/1] (6.54ns)   --->   "%mul_ln859 = mul i46 %sext_ln1319, i46 %sext_ln1319_1"   --->   Operation 50 'mul' 'mul_ln859' <Predicate = true> <Delay = 6.54> <CoreInst = "Multiplier">   --->   Core 3 'Multiplier' <Latency = 0> <II = 1> <Delay = 6.54> <FuncUnit> <Opcode : 'mul'> <InPorts = 2> <OutPorts = 1>
ST_3 : Operation 51 [1/1] (6.54ns)   --->   "%mul_ln1394 = mul i46 %sext_ln1319_2, i46 %zext_ln1319"   --->   Operation 51 'mul' 'mul_ln1394' <Predicate = true> <Delay = 6.54> <CoreInst = "Multiplier">   --->   Core 3 'Multiplier' <Latency = 0> <II = 1> <Delay = 6.54> <FuncUnit> <Opcode : 'mul'> <InPorts = 2> <OutPorts = 1>
ST_3 : Operation 52 [1/1] (6.54ns)   --->   "%mul_ln859_1 = mul i46 %sext_ln1319_2, i46 %sext_ln1319_1"   --->   Operation 52 'mul' 'mul_ln859_1' <Predicate = true> <Delay = 6.54> <CoreInst = "Multiplier">   --->   Core 3 'Multiplier' <Latency = 0> <II = 1> <Delay = 6.54> <FuncUnit> <Opcode : 'mul'> <InPorts = 2> <OutPorts = 1>
ST_3 : Operation 53 [1/1] (6.54ns)   --->   "%mul_ln1393 = mul i46 %sext_ln1319, i46 %zext_ln1319"   --->   Operation 53 'mul' 'mul_ln1393' <Predicate = true> <Delay = 6.54> <CoreInst = "Multiplier">   --->   Core 3 'Multiplier' <Latency = 0> <II = 1> <Delay = 6.54> <FuncUnit> <Opcode : 'mul'> <InPorts = 2> <OutPorts = 1>

State 4 <SV = 3> <Delay = 3.04>
ST_4 : Operation 54 [1/1] (3.04ns)   --->   "%ret_V = sub i46 %mul_ln859, i46 %mul_ln1394"   --->   Operation 54 'sub' 'ret_V' <Predicate = true> <Delay = 3.04> <CoreInst = "Adder">   --->   Core 1 'Adder' <Latency = 0> <II = 1> <Delay = 3.04> <FuncUnit> <Opcode : 'add' 'sub'> <InPorts = 2> <OutPorts = 1>
ST_4 : Operation 55 [1/1] (0.00ns)   --->   "%tm_re_V = partselect i24 @_ssdm_op_PartSelect.i24.i46.i32.i32, i46 %ret_V, i32 22, i32 45"   --->   Operation 55 'partselect' 'tm_re_V' <Predicate = true> <Delay = 0.00>
ST_4 : Operation 56 [1/1] (3.04ns)   --->   "%ret_V_1 = add i46 %mul_ln859_1, i46 %mul_ln1393"   --->   Operation 56 'add' 'ret_V_1' <Predicate = true> <Delay = 3.04> <CoreInst = "Adder">   --->   Core 1 'Adder' <Latency = 0> <II = 1> <Delay = 3.04> <FuncUnit> <Opcode : 'add' 'sub'> <InPorts = 2> <OutPorts = 1>
ST_4 : Operation 57 [1/1] (0.00ns)   --->   "%tm_im_V = partselect i24 @_ssdm_op_PartSelect.i24.i46.i32.i32, i46 %ret_V_1, i32 22, i32 45"   --->   Operation 57 'partselect' 'tm_im_V' <Predicate = true> <Delay = 0.00>

State 5 <SV = 4> <Delay = 5.56>
ST_5 : Operation 58 [1/1] (0.00ns)   --->   "%sext_ln1393 = sext i24 %x_M_real_load"   --->   Operation 58 'sext' 'sext_ln1393' <Predicate = true> <Delay = 0.00>
ST_5 : Operation 59 [1/1] (0.00ns)   --->   "%sext_ln1393_1 = sext i24 %tm_re_V"   --->   Operation 59 'sext' 'sext_ln1393_1' <Predicate = true> <Delay = 0.00>
ST_5 : Operation 60 [1/1] (2.31ns)   --->   "%ret_V_2 = add i25 %sext_ln1393_1, i25 %sext_ln1393"   --->   Operation 60 'add' 'ret_V_2' <Predicate = true> <Delay = 2.31> <CoreInst = "Adder">   --->   Core 1 'Adder' <Latency = 0> <II = 1> <Delay = 2.31> <FuncUnit> <Opcode : 'add' 'sub'> <InPorts = 2> <OutPorts = 1>
ST_5 : Operation 61 [1/1] (0.00ns)   --->   "%trunc_ln1 = partselect i24 @_ssdm_op_PartSelect.i24.i25.i32.i32, i25 %ret_V_2, i32 1, i32 24"   --->   Operation 61 'partselect' 'trunc_ln1' <Predicate = true> <Delay = 0.00>
ST_5 : Operation 62 [1/1] (0.00ns)   --->   "%sext_ln1393_2 = sext i24 %x_M_imag_load"   --->   Operation 62 'sext' 'sext_ln1393_2' <Predicate = true> <Delay = 0.00>
ST_5 : Operation 63 [1/1] (0.00ns)   --->   "%sext_ln1393_3 = sext i24 %tm_im_V"   --->   Operation 63 'sext' 'sext_ln1393_3' <Predicate = true> <Delay = 0.00>
ST_5 : Operation 64 [1/1] (2.31ns)   --->   "%ret_V_3 = add i25 %sext_ln1393_3, i25 %sext_ln1393_2"   --->   Operation 64 'add' 'ret_V_3' <Predicate = true> <Delay = 2.31> <CoreInst = "Adder">   --->   Core 1 'Adder' <Latency = 0> <II = 1> <Delay = 2.31> <FuncUnit> <Opcode : 'add' 'sub'> <InPorts = 2> <OutPorts = 1>
ST_5 : Operation 65 [1/1] (0.00ns)   --->   "%trunc_ln864_1 = partselect i24 @_ssdm_op_PartSelect.i24.i25.i32.i32, i25 %ret_V_3, i32 1, i32 24"   --->   Operation 65 'partselect' 'trunc_ln864_1' <Predicate = true> <Delay = 0.00>
ST_5 : Operation 66 [1/1] (3.25ns)   --->   "%store_ln37 = store i24 %trunc_ln1, i10 %x_M_real_addr_1" [ifft_project_wlo/ifft.cpp:37]   --->   Operation 66 'store' 'store_ln37' <Predicate = true> <Delay = 3.25> <CoreInst = "RAM">   --->   Core 82 'RAM' <Latency = 1> <II = 1> <Delay = 3.25> <Storage> <Opcode : 'load' 'store'> <Ports = 2> <Width = 24> <Depth = 1024> <RAM>
ST_5 : Operation 67 [1/1] (3.25ns)   --->   "%store_ln37 = store i24 %trunc_ln864_1, i10 %x_M_imag_addr_1" [ifft_project_wlo/ifft.cpp:37]   --->   Operation 67 'store' 'store_ln37' <Predicate = true> <Delay = 3.25> <CoreInst = "RAM">   --->   Core 82 'RAM' <Latency = 1> <II = 1> <Delay = 3.25> <Storage> <Opcode : 'load' 'store'> <Ports = 2> <Width = 24> <Depth = 1024> <RAM>
ST_5 : Operation 68 [1/1] (2.31ns)   --->   "%ret_V_4 = sub i25 %sext_ln1393, i25 %sext_ln1393_1"   --->   Operation 68 'sub' 'ret_V_4' <Predicate = true> <Delay = 2.31> <CoreInst = "Adder">   --->   Core 1 'Adder' <Latency = 0> <II = 1> <Delay = 2.31> <FuncUnit> <Opcode : 'add' 'sub'> <InPorts = 2> <OutPorts = 1>
ST_5 : Operation 69 [1/1] (0.00ns)   --->   "%trunc_ln864_2 = partselect i24 @_ssdm_op_PartSelect.i24.i25.i32.i32, i25 %ret_V_4, i32 1, i32 24"   --->   Operation 69 'partselect' 'trunc_ln864_2' <Predicate = true> <Delay = 0.00>
ST_5 : Operation 70 [1/1] (2.31ns)   --->   "%ret_V_5 = sub i25 %sext_ln1393_2, i25 %sext_ln1393_3"   --->   Operation 70 'sub' 'ret_V_5' <Predicate = true> <Delay = 2.31> <CoreInst = "Adder">   --->   Core 1 'Adder' <Latency = 0> <II = 1> <Delay = 2.31> <FuncUnit> <Opcode : 'add' 'sub'> <InPorts = 2> <OutPorts = 1>
ST_5 : Operation 71 [1/1] (0.00ns)   --->   "%trunc_ln864_3 = partselect i24 @_ssdm_op_PartSelect.i24.i25.i32.i32, i25 %ret_V_5, i32 1, i32 24"   --->   Operation 71 'partselect' 'trunc_ln864_3' <Predicate = true> <Delay = 0.00>

State 6 <SV = 5> <Delay = 3.25>
ST_6 : Operation 72 [1/1] (0.00ns)   --->   "%specloopname_ln26 = specloopname void @_ssdm_op_SpecLoopName, void @empty_7" [ifft_project_wlo/ifft.cpp:26]   --->   Operation 72 'specloopname' 'specloopname_ln26' <Predicate = true> <Delay = 0.00>
ST_6 : Operation 73 [1/1] (3.25ns)   --->   "%store_ln39 = store i24 %trunc_ln864_2, i10 %x_M_real_addr" [ifft_project_wlo/ifft.cpp:39]   --->   Operation 73 'store' 'store_ln39' <Predicate = true> <Delay = 3.25> <CoreInst = "RAM">   --->   Core 82 'RAM' <Latency = 1> <II = 1> <Delay = 3.25> <Storage> <Opcode : 'load' 'store'> <Ports = 2> <Width = 24> <Depth = 1024> <RAM>
ST_6 : Operation 74 [1/1] (3.25ns)   --->   "%store_ln39 = store i24 %trunc_ln864_3, i10 %x_M_imag_addr" [ifft_project_wlo/ifft.cpp:39]   --->   Operation 74 'store' 'store_ln39' <Predicate = true> <Delay = 3.25> <CoreInst = "RAM">   --->   Core 82 'RAM' <Latency = 1> <II = 1> <Delay = 3.25> <Storage> <Opcode : 'load' 'store'> <Ports = 2> <Width = 24> <Depth = 1024> <RAM>
ST_6 : Operation 75 [1/1] (0.00ns)   --->   "%br_ln26 = br void %for.body21" [ifft_project_wlo/ifft.cpp:26]   --->   Operation 75 'br' 'br_ln26' <Predicate = true> <Delay = 0.00>


============================================================
+ Verbose Summary: Timing violations
============================================================
Target clock period: 10ns, clock uncertainty: 2.7ns.

 <State 1>: 6.72ns
The critical path consists of the following:
	'alloca' operation ('j') [8]  (0 ns)
	'load' operation ('j', ifft_project_wlo/ifft.cpp:27) on local variable 'j' [15]  (0 ns)
	'add' operation ('add_ln29', ifft_project_wlo/ifft.cpp:29) [29]  (1.73 ns)
	'add' operation ('add_ln29_1', ifft_project_wlo/ifft.cpp:29) [31]  (1.73 ns)
	'getelementptr' operation ('x_M_real_addr', ifft_project_wlo/ifft.cpp:29) [33]  (0 ns)
	'load' operation ('upper._M_real', ifft_project_wlo/ifft.cpp:29) on array 'x_M_real' [34]  (3.25 ns)

 <State 2>: 3.25ns
The critical path consists of the following:
	'load' operation ('tw_re.V', ifft_project_wlo/ifft.cpp:27) on array 'tw_M_real_V' [26]  (3.25 ns)

 <State 3>: 6.54ns
The critical path consists of the following:
	'mul' operation ('mul_ln859') [41]  (6.54 ns)

 <State 4>: 3.05ns
The critical path consists of the following:
	'sub' operation ('ret.V') [43]  (3.05 ns)

 <State 5>: 5.57ns
The critical path consists of the following:
	'add' operation ('ret.V') [55]  (2.31 ns)
	'store' operation ('store_ln37', ifft_project_wlo/ifft.cpp:37) of variable 'trunc_ln1' on array 'x_M_real' [61]  (3.25 ns)

 <State 6>: 3.25ns
The critical path consists of the following:
	'store' operation ('store_ln39', ifft_project_wlo/ifft.cpp:39) of variable 'trunc_ln864_2' on array 'x_M_real' [67]  (3.25 ns)


============================================================
+ Verbose Summary: Binding
============================================================
N/A
* FSMD analyzer results:
  - Output states:
 - Input state : 
  - Chain level:
	State 1
	State 2
	State 3
	State 4
	State 5
	State 6


============================================================
+ Verbose Summary: Datapath Resource usage 
============================================================
N/A
