

================================================================
== Vitis HLS Report for 'fft_1024_top'
================================================================
* Date:           Wed Apr 29 22:40:59 2026

* Version:        2022.1 (Build 3526262 on Mon Apr 18 15:47:01 MDT 2022)
* Project:        fft_1024
* Solution:       solution1 (Vivado IP Flow Target)
* Product family: zynq
* Target device:  xc7z020-clg484-1


================================================================
== Performance Estimates
================================================================
+ Timing: 
    * Summary: 
    +--------+----------+----------+------------+
    |  Clock |  Target  | Estimated| Uncertainty|
    +--------+----------+----------+------------+
    |ap_clk  |  10.00 ns|  7.256 ns|     2.70 ns|
    +--------+----------+----------+------------+

+ Latency: 
    * Summary: 
    +---------+---------+----------+----------+-----+-----+---------+
    |  Latency (cycles) |  Latency (absolute) |  Interval | Pipeline|
    |   min   |   max   |    min   |    max   | min | max |   Type  |
    +---------+---------+----------+----------+-----+-----+---------+
    |        ?|        ?|         ?|         ?|    ?|    ?|       no|
    +---------+---------+----------+----------+-----+-----+---------+

    + Detail: 
        * Instance: 
        N/A

        * Loop: 
        N/A

============================================================
+ Verbose Summary: Synthesis Manager
============================================================
InlineROM: 1
ExposeGlobal: 0
============================================================
+ Verbose Summary: CDFG Model
============================================================
IsTopModel: 1
ResetActiveHigh: 1
IsCombinational: 0
IsDatapathOnly: 0
HasWiredReturn: 1
HasMFsm: 0
HasVarLatency: 1
IsPipeline: 0
IsRtlPipelined: 0
IsInstanceOverlapped: 0
IsDontTouch: 0
HasImplIP: 0
IsGatedGlobalClock: 0


============================================================
+ Verbose Summary: Schedule
============================================================
* Number of FSM states : 16
* Pipeline : 0
* Dataflow Pipeline: 0

* FSM state transitions: 
1 --> 2 
2 --> 3 
3 --> 4 
4 --> 5 
5 --> 6 
6 --> 7 
7 --> 8 
8 --> 9 
9 --> 10 
10 --> 11 
11 --> 12 
12 --> 13 
13 --> 14 
14 --> 15 
15 --> 16 
16 --> 

* FSM state operations: 

State 1 <SV = 0> <Delay = 3.25>
ST_1 : Operation 17 [1/1] (0.00ns)   --->   "%ga_M_value = alloca i64 1" [fft_1024/fft.cpp:41]   --->   Operation 17 'alloca' 'ga_M_value' <Predicate = true> <Delay = 0.00> <CoreInst = "RAM">   --->   Core 82 'RAM' <Latency = 1> <II = 1> <Delay = 3.25> <Storage> <Opcode : 'load' 'store'> <Ports = 2> <Width = 32> <Depth = 1024> <RAM>
ST_1 : Operation 18 [1/1] (0.00ns)   --->   "%ga_M_value_1 = alloca i64 1" [fft_1024/fft.cpp:41]   --->   Operation 18 'alloca' 'ga_M_value_1' <Predicate = true> <Delay = 0.00> <CoreInst = "RAM">   --->   Core 82 'RAM' <Latency = 1> <II = 1> <Delay = 3.25> <Storage> <Opcode : 'load' 'store'> <Ports = 2> <Width = 32> <Depth = 1024> <RAM>
ST_1 : Operation 19 [1/1] (0.00ns)   --->   "%gb_M_value = alloca i64 1" [fft_1024/fft.cpp:42]   --->   Operation 19 'alloca' 'gb_M_value' <Predicate = true> <Delay = 0.00> <CoreInst = "RAM">   --->   Core 82 'RAM' <Latency = 1> <II = 1> <Delay = 3.25> <Storage> <Opcode : 'load' 'store'> <Ports = 2> <Width = 32> <Depth = 1024> <RAM>
ST_1 : Operation 20 [1/1] (0.00ns)   --->   "%gb_M_value_1 = alloca i64 1" [fft_1024/fft.cpp:42]   --->   Operation 20 'alloca' 'gb_M_value_1' <Predicate = true> <Delay = 0.00> <CoreInst = "RAM">   --->   Core 82 'RAM' <Latency = 1> <II = 1> <Delay = 3.25> <Storage> <Opcode : 'load' 'store'> <Ports = 2> <Width = 32> <Depth = 1024> <RAM>
ST_1 : Operation 21 [1/1] (0.00ns)   --->   "%ga_M_value_addr = getelementptr i32 %ga_M_value, i64 0, i64 0"   --->   Operation 21 'getelementptr' 'ga_M_value_addr' <Predicate = true> <Delay = 0.00>
ST_1 : Operation 22 [1/1] (0.00ns)   --->   "%ga_M_value_1_addr = getelementptr i32 %ga_M_value_1, i64 0, i64 0"   --->   Operation 22 'getelementptr' 'ga_M_value_1_addr' <Predicate = true> <Delay = 0.00>
ST_1 : Operation 23 [1/1] (3.25ns)   --->   "%store_ln1081 = store i32 0, i10 %ga_M_value_addr"   --->   Operation 23 'store' 'store_ln1081' <Predicate = true> <Delay = 3.25> <CoreInst = "RAM">   --->   Core 82 'RAM' <Latency = 1> <II = 1> <Delay = 3.25> <Storage> <Opcode : 'load' 'store'> <Ports = 2> <Width = 32> <Depth = 1024> <RAM>
ST_1 : Operation 24 [1/1] (3.25ns)   --->   "%store_ln1081 = store i32 0, i10 %ga_M_value_1_addr"   --->   Operation 24 'store' 'store_ln1081' <Predicate = true> <Delay = 3.25> <CoreInst = "RAM">   --->   Core 82 'RAM' <Latency = 1> <II = 1> <Delay = 3.25> <Storage> <Opcode : 'load' 'store'> <Ports = 2> <Width = 32> <Depth = 1024> <RAM>
ST_1 : Operation 25 [1/1] (0.00ns)   --->   "%gb_M_value_addr = getelementptr i32 %gb_M_value, i64 0, i64 0"   --->   Operation 25 'getelementptr' 'gb_M_value_addr' <Predicate = true> <Delay = 0.00>
ST_1 : Operation 26 [1/1] (0.00ns)   --->   "%gb_M_value_1_addr = getelementptr i32 %gb_M_value_1, i64 0, i64 0"   --->   Operation 26 'getelementptr' 'gb_M_value_1_addr' <Predicate = true> <Delay = 0.00>
ST_1 : Operation 27 [1/1] (3.25ns)   --->   "%store_ln1081 = store i32 0, i10 %gb_M_value_addr"   --->   Operation 27 'store' 'store_ln1081' <Predicate = true> <Delay = 3.25> <CoreInst = "RAM">   --->   Core 82 'RAM' <Latency = 1> <II = 1> <Delay = 3.25> <Storage> <Opcode : 'load' 'store'> <Ports = 2> <Width = 32> <Depth = 1024> <RAM>
ST_1 : Operation 28 [1/1] (3.25ns)   --->   "%store_ln1081 = store i32 0, i10 %gb_M_value_1_addr"   --->   Operation 28 'store' 'store_ln1081' <Predicate = true> <Delay = 3.25> <CoreInst = "RAM">   --->   Core 82 'RAM' <Latency = 1> <II = 1> <Delay = 3.25> <Storage> <Opcode : 'load' 'store'> <Ports = 2> <Width = 32> <Depth = 1024> <RAM>

State 2 <SV = 1> <Delay = 0.00>
ST_2 : Operation 29 [2/2] (0.00ns)   --->   "%call_ln0 = call void @fft_1024_top_Pipeline_1, i32 %ga_M_value, i32 %ga_M_value_1"   --->   Operation 29 'call' 'call_ln0' <Predicate = true> <Delay = 0.00> <CoreType = "Generic">   --->   Core 0 '' <Latency = 0> <II = 1> <Delay = 1.00> <Generic> <Opcode : >
ST_2 : Operation 30 [2/2] (0.00ns)   --->   "%call_ln0 = call void @fft_1024_top_Pipeline_2, i32 %gb_M_value, i32 %gb_M_value_1"   --->   Operation 30 'call' 'call_ln0' <Predicate = true> <Delay = 0.00> <CoreType = "Generic">   --->   Core 0 '' <Latency = 0> <II = 1> <Delay = 1.00> <Generic> <Opcode : >

State 3 <SV = 2> <Delay = 0.00>
ST_3 : Operation 31 [1/2] (0.00ns)   --->   "%call_ln0 = call void @fft_1024_top_Pipeline_1, i32 %ga_M_value, i32 %ga_M_value_1"   --->   Operation 31 'call' 'call_ln0' <Predicate = true> <Delay = 0.00> <CoreType = "Generic">   --->   Core 0 '' <Latency = 0> <II = 1> <Delay = 1.00> <Generic> <Opcode : >
ST_3 : Operation 32 [1/2] (0.00ns)   --->   "%call_ln0 = call void @fft_1024_top_Pipeline_2, i32 %gb_M_value, i32 %gb_M_value_1"   --->   Operation 32 'call' 'call_ln0' <Predicate = true> <Delay = 0.00> <CoreType = "Generic">   --->   Core 0 '' <Latency = 0> <II = 1> <Delay = 1.00> <Generic> <Opcode : >

State 4 <SV = 3> <Delay = 3.25>
ST_4 : Operation 33 [1/1] (0.00ns)   --->   "%empty = wait i32 @_ssdm_op_Wait"   --->   Operation 33 'wait' 'empty' <Predicate = true> <Delay = 0.00>
ST_4 : Operation 34 [2/2] (3.25ns)   --->   "%call_ln0 = call void @fft_1024_top_Pipeline_VITIS_LOOP_45_1, i64 %input_r_V_data_V, i8 %input_r_V_keep_V, i8 %input_r_V_strb_V, i1 %input_r_V_last_V, i32 %ga_M_value, i32 %ga_M_value_1"   --->   Operation 34 'call' 'call_ln0' <Predicate = true> <Delay = 3.25> <CoreType = "Generic">   --->   Core 0 '' <Latency = 0> <II = 1> <Delay = 1.00> <Generic> <Opcode : >

State 5 <SV = 4> <Delay = 0.00>
ST_5 : Operation 35 [1/2] (0.00ns)   --->   "%call_ln0 = call void @fft_1024_top_Pipeline_VITIS_LOOP_45_1, i64 %input_r_V_data_V, i8 %input_r_V_keep_V, i8 %input_r_V_strb_V, i1 %input_r_V_last_V, i32 %ga_M_value, i32 %ga_M_value_1"   --->   Operation 35 'call' 'call_ln0' <Predicate = true> <Delay = 0.00> <CoreType = "Generic">   --->   Core 0 '' <Latency = 0> <II = 1> <Delay = 1.00> <Generic> <Opcode : >

State 6 <SV = 5> <Delay = 0.00>
ST_6 : Operation 36 [1/1] (0.00ns)   --->   "%empty_21 = wait i32 @_ssdm_op_Wait"   --->   Operation 36 'wait' 'empty_21' <Predicate = true> <Delay = 0.00>

State 7 <SV = 6> <Delay = 3.25>
ST_7 : Operation 37 [1/1] (0.00ns)   --->   "%empty_22 = wait i32 @_ssdm_op_Wait"   --->   Operation 37 'wait' 'empty_22' <Predicate = true> <Delay = 0.00>
ST_7 : Operation 38 [2/2] (3.25ns)   --->   "%call_ln0 = call void @fft_1024_top_Pipeline_VITIS_LOOP_50_2, i64 %input_r_V_data_V, i8 %input_r_V_keep_V, i8 %input_r_V_strb_V, i1 %input_r_V_last_V, i32 %gb_M_value, i32 %gb_M_value_1"   --->   Operation 38 'call' 'call_ln0' <Predicate = true> <Delay = 3.25> <CoreType = "Generic">   --->   Core 0 '' <Latency = 0> <II = 1> <Delay = 1.00> <Generic> <Opcode : >

State 8 <SV = 7> <Delay = 0.00>
ST_8 : Operation 39 [1/2] (0.00ns)   --->   "%call_ln0 = call void @fft_1024_top_Pipeline_VITIS_LOOP_50_2, i64 %input_r_V_data_V, i8 %input_r_V_keep_V, i8 %input_r_V_strb_V, i1 %input_r_V_last_V, i32 %gb_M_value, i32 %gb_M_value_1"   --->   Operation 39 'call' 'call_ln0' <Predicate = true> <Delay = 0.00> <CoreType = "Generic">   --->   Core 0 '' <Latency = 0> <II = 1> <Delay = 1.00> <Generic> <Opcode : >

State 9 <SV = 8> <Delay = 0.00>
ST_9 : Operation 40 [1/1] (0.00ns)   --->   "%empty_23 = wait i32 @_ssdm_op_Wait"   --->   Operation 40 'wait' 'empty_23' <Predicate = true> <Delay = 0.00>
ST_9 : Operation 41 [2/2] (0.00ns)   --->   "%call_ln55 = call void @fft_fast, i32 %ga_M_value, i32 %ga_M_value_1, i10 %br_lut, i32 %tw_M_value_1, i32 %tw_M_value" [fft_1024/fft.cpp:55]   --->   Operation 41 'call' 'call_ln55' <Predicate = true> <Delay = 0.00> <CoreType = "Generic">   --->   Core 0 '' <Latency = 0> <II = 1> <Delay = 1.00> <Generic> <Opcode : >
ST_9 : Operation 42 [2/2] (0.00ns)   --->   "%call_ln56 = call void @fft_fast, i32 %gb_M_value, i32 %gb_M_value_1, i10 %br_lut, i32 %tw_M_value_1, i32 %tw_M_value" [fft_1024/fft.cpp:56]   --->   Operation 42 'call' 'call_ln56' <Predicate = true> <Delay = 0.00> <CoreType = "Generic">   --->   Core 0 '' <Latency = 0> <II = 1> <Delay = 1.00> <Generic> <Opcode : >

State 10 <SV = 9> <Delay = 0.00>
ST_10 : Operation 43 [1/2] (0.00ns)   --->   "%call_ln55 = call void @fft_fast, i32 %ga_M_value, i32 %ga_M_value_1, i10 %br_lut, i32 %tw_M_value_1, i32 %tw_M_value" [fft_1024/fft.cpp:55]   --->   Operation 43 'call' 'call_ln55' <Predicate = true> <Delay = 0.00> <CoreType = "Generic">   --->   Core 0 '' <Latency = 0> <II = 1> <Delay = 1.00> <Generic> <Opcode : >
ST_10 : Operation 44 [1/2] (0.00ns)   --->   "%call_ln56 = call void @fft_fast, i32 %gb_M_value, i32 %gb_M_value_1, i10 %br_lut, i32 %tw_M_value_1, i32 %tw_M_value" [fft_1024/fft.cpp:56]   --->   Operation 44 'call' 'call_ln56' <Predicate = true> <Delay = 0.00> <CoreType = "Generic">   --->   Core 0 '' <Latency = 0> <II = 1> <Delay = 1.00> <Generic> <Opcode : >

State 11 <SV = 10> <Delay = 0.00>
ST_11 : Operation 45 [1/1] (0.00ns)   --->   "%empty_24 = wait i32 @_ssdm_op_Wait"   --->   Operation 45 'wait' 'empty_24' <Predicate = true> <Delay = 0.00>
ST_11 : Operation 46 [2/2] (0.00ns)   --->   "%call_ln0 = call void @fft_1024_top_Pipeline_VITIS_LOOP_59_3, i32 %ga_M_value, i32 %ga_M_value_1, i64 %output_r_V_data_V, i8 %output_r_V_keep_V, i8 %output_r_V_strb_V, i1 %output_r_V_last_V"   --->   Operation 46 'call' 'call_ln0' <Predicate = true> <Delay = 0.00> <CoreType = "Generic">   --->   Core 0 '' <Latency = 0> <II = 1> <Delay = 1.00> <Generic> <Opcode : >

State 12 <SV = 11> <Delay = 3.25>
ST_12 : Operation 47 [1/2] (3.25ns)   --->   "%call_ln0 = call void @fft_1024_top_Pipeline_VITIS_LOOP_59_3, i32 %ga_M_value, i32 %ga_M_value_1, i64 %output_r_V_data_V, i8 %output_r_V_keep_V, i8 %output_r_V_strb_V, i1 %output_r_V_last_V"   --->   Operation 47 'call' 'call_ln0' <Predicate = true> <Delay = 3.25> <CoreType = "Generic">   --->   Core 0 '' <Latency = 0> <II = 1> <Delay = 1.00> <Generic> <Opcode : >

State 13 <SV = 12> <Delay = 0.00>
ST_13 : Operation 48 [1/1] (0.00ns)   --->   "%empty_25 = wait i32 @_ssdm_op_Wait"   --->   Operation 48 'wait' 'empty_25' <Predicate = true> <Delay = 0.00>

State 14 <SV = 13> <Delay = 0.00>
ST_14 : Operation 49 [1/1] (0.00ns)   --->   "%empty_26 = wait i32 @_ssdm_op_Wait"   --->   Operation 49 'wait' 'empty_26' <Predicate = true> <Delay = 0.00>
ST_14 : Operation 50 [2/2] (0.00ns)   --->   "%call_ln0 = call void @fft_1024_top_Pipeline_VITIS_LOOP_65_4, i32 %gb_M_value, i32 %gb_M_value_1, i64 %output_r_V_data_V, i8 %output_r_V_keep_V, i8 %output_r_V_strb_V, i1 %output_r_V_last_V"   --->   Operation 50 'call' 'call_ln0' <Predicate = true> <Delay = 0.00> <CoreType = "Generic">   --->   Core 0 '' <Latency = 0> <II = 1> <Delay = 1.00> <Generic> <Opcode : >

State 15 <SV = 14> <Delay = 3.25>
ST_15 : Operation 51 [1/2] (3.25ns)   --->   "%call_ln0 = call void @fft_1024_top_Pipeline_VITIS_LOOP_65_4, i32 %gb_M_value, i32 %gb_M_value_1, i64 %output_r_V_data_V, i8 %output_r_V_keep_V, i8 %output_r_V_strb_V, i1 %output_r_V_last_V"   --->   Operation 51 'call' 'call_ln0' <Predicate = true> <Delay = 3.25> <CoreType = "Generic">   --->   Core 0 '' <Latency = 0> <II = 1> <Delay = 1.00> <Generic> <Opcode : >

State 16 <SV = 15> <Delay = 0.00>
ST_16 : Operation 52 [1/1] (0.00ns)   --->   "%spectopmodule_ln34 = spectopmodule void @_ssdm_op_SpecTopModule, void @empty_6" [fft_1024/fft.cpp:34]   --->   Operation 52 'spectopmodule' 'spectopmodule_ln34' <Predicate = true> <Delay = 0.00>
ST_16 : Operation 53 [1/1] (0.00ns)   --->   "%specinterface_ln34 = specinterface void @_ssdm_op_SpecInterface, i32 0, void @empty_7, i32 0, i32 0, void @empty_2, i32 0, i32 0, void @empty_2, void @empty_2, void @empty_2, i32 0, i32 0, i32 0, i32 0, void @empty_2, void @empty_2, i32 4294967295, i32 0" [fft_1024/fft.cpp:34]   --->   Operation 53 'specinterface' 'specinterface_ln34' <Predicate = true> <Delay = 0.00>
ST_16 : Operation 54 [1/1] (0.00ns)   --->   "%specinterface_ln0 = specinterface void @_ssdm_op_SpecInterface, i64 %input_r_V_data_V, i8 %input_r_V_keep_V, i8 %input_r_V_strb_V, i1 %input_r_V_last_V, void @empty_1, i32 1, i32 1, void @empty_5, i32 0, i32 0, void @empty_2, void @empty_2, void @empty_2, i32 0, i32 0, i32 0, i32 0, void @empty_2, void @empty_2, i32 4294967295, i32 0"   --->   Operation 54 'specinterface' 'specinterface_ln0' <Predicate = true> <Delay = 0.00>
ST_16 : Operation 55 [1/1] (0.00ns)   --->   "%specbitsmap_ln0 = specbitsmap void @_ssdm_op_SpecBitsMap, i64 %input_r_V_data_V"   --->   Operation 55 'specbitsmap' 'specbitsmap_ln0' <Predicate = true> <Delay = 0.00>
ST_16 : Operation 56 [1/1] (0.00ns)   --->   "%specbitsmap_ln0 = specbitsmap void @_ssdm_op_SpecBitsMap, i8 %input_r_V_keep_V"   --->   Operation 56 'specbitsmap' 'specbitsmap_ln0' <Predicate = true> <Delay = 0.00>
ST_16 : Operation 57 [1/1] (0.00ns)   --->   "%specbitsmap_ln0 = specbitsmap void @_ssdm_op_SpecBitsMap, i8 %input_r_V_strb_V"   --->   Operation 57 'specbitsmap' 'specbitsmap_ln0' <Predicate = true> <Delay = 0.00>
ST_16 : Operation 58 [1/1] (0.00ns)   --->   "%specbitsmap_ln0 = specbitsmap void @_ssdm_op_SpecBitsMap, i1 %input_r_V_last_V"   --->   Operation 58 'specbitsmap' 'specbitsmap_ln0' <Predicate = true> <Delay = 0.00>
ST_16 : Operation 59 [1/1] (0.00ns)   --->   "%specinterface_ln0 = specinterface void @_ssdm_op_SpecInterface, i64 %output_r_V_data_V, i8 %output_r_V_keep_V, i8 %output_r_V_strb_V, i1 %output_r_V_last_V, void @empty_1, i32 1, i32 1, void @empty_5, i32 0, i32 0, void @empty_2, void @empty_2, void @empty_2, i32 0, i32 0, i32 0, i32 0, void @empty_2, void @empty_2, i32 4294967295, i32 0"   --->   Operation 59 'specinterface' 'specinterface_ln0' <Predicate = true> <Delay = 0.00>
ST_16 : Operation 60 [1/1] (0.00ns)   --->   "%specbitsmap_ln0 = specbitsmap void @_ssdm_op_SpecBitsMap, i64 %output_r_V_data_V"   --->   Operation 60 'specbitsmap' 'specbitsmap_ln0' <Predicate = true> <Delay = 0.00>
ST_16 : Operation 61 [1/1] (0.00ns)   --->   "%specbitsmap_ln0 = specbitsmap void @_ssdm_op_SpecBitsMap, i8 %output_r_V_keep_V"   --->   Operation 61 'specbitsmap' 'specbitsmap_ln0' <Predicate = true> <Delay = 0.00>
ST_16 : Operation 62 [1/1] (0.00ns)   --->   "%specbitsmap_ln0 = specbitsmap void @_ssdm_op_SpecBitsMap, i8 %output_r_V_strb_V"   --->   Operation 62 'specbitsmap' 'specbitsmap_ln0' <Predicate = true> <Delay = 0.00>
ST_16 : Operation 63 [1/1] (0.00ns)   --->   "%specbitsmap_ln0 = specbitsmap void @_ssdm_op_SpecBitsMap, i1 %output_r_V_last_V"   --->   Operation 63 'specbitsmap' 'specbitsmap_ln0' <Predicate = true> <Delay = 0.00>
ST_16 : Operation 64 [1/1] (0.00ns)   --->   "%ret_ln79 = ret" [fft_1024/fft.cpp:79]   --->   Operation 64 'ret' 'ret_ln79' <Predicate = true> <Delay = 0.00>


============================================================
+ Verbose Summary: Timing violations
============================================================
Target clock period: 10ns, clock uncertainty: 2.7ns.

 <State 1>: 3.25ns
The critical path consists of the following:
	'alloca' operation ('ga._M_value', fft_1024/fft.cpp:41) [24]  (0 ns)
	'getelementptr' operation ('ga_M_value_addr') [28]  (0 ns)
	'store' operation ('store_ln1081') of constant 0 on array 'ga._M_value', fft_1024/fft.cpp:41 [30]  (3.25 ns)

 <State 2>: 0ns
The critical path consists of the following:

 <State 3>: 0ns
The critical path consists of the following:

 <State 4>: 3.25ns
The critical path consists of the following:
	'call' operation ('call_ln0') to 'fft_1024_top_Pipeline_VITIS_LOOP_45_1' [39]  (3.25 ns)

 <State 5>: 0ns
The critical path consists of the following:

 <State 6>: 0ns
The critical path consists of the following:

 <State 7>: 3.25ns
The critical path consists of the following:
	'call' operation ('call_ln0') to 'fft_1024_top_Pipeline_VITIS_LOOP_50_2' [42]  (3.25 ns)

 <State 8>: 0ns
The critical path consists of the following:

 <State 9>: 0ns
The critical path consists of the following:

 <State 10>: 0ns
The critical path consists of the following:

 <State 11>: 0ns
The critical path consists of the following:

 <State 12>: 3.25ns
The critical path consists of the following:
	'call' operation ('call_ln0') to 'fft_1024_top_Pipeline_VITIS_LOOP_59_3' [47]  (3.25 ns)

 <State 13>: 0ns
The critical path consists of the following:

 <State 14>: 0ns
The critical path consists of the following:

 <State 15>: 3.25ns
The critical path consists of the following:
	'call' operation ('call_ln0') to 'fft_1024_top_Pipeline_VITIS_LOOP_65_4' [50]  (3.25 ns)

 <State 16>: 0ns
The critical path consists of the following:


============================================================
+ Verbose Summary: Binding
============================================================
N/A
* FSMD analyzer results:
  - Output states:
 - Input state : 
  - Chain level:
	State 1
	State 2
	State 3
	State 4
	State 5
	State 6
	State 7
	State 8
	State 9
	State 10
	State 11
	State 12
	State 13
	State 14
	State 15
	State 16


============================================================
+ Verbose Summary: Datapath Resource usage 
============================================================
N/A
