

================================================================
== Vitis HLS Report for 'fft_1024_top'
================================================================
* Date:           Wed Apr 29 22:40:59 2026

* Version:        2022.1 (Build 3526262 on Mon Apr 18 15:47:01 MDT 2022)
* Project:        fft_1024
* Solution:       solution1 (Vivado IP Flow Target)
* Product family: zynq
* Target device:  xc7z020-clg484-1


================================================================
== Performance Estimates
================================================================
+ Timing: 
    * Summary: 
    +--------+----------+----------+------------+
    |  Clock |  Target  | Estimated| Uncertainty|
    +--------+----------+----------+------------+
    |ap_clk  |  10.00 ns|  7.256 ns|     2.70 ns|
    +--------+----------+----------+------------+

+ Latency: 
    * Summary: 
    +---------+---------+----------+----------+-----+-----+---------+
    |  Latency (cycles) |  Latency (absolute) |  Interval | Pipeline|
    |   min   |   max   |    min   |    max   | min | max |   Type  |
    +---------+---------+----------+----------+-----+-----+---------+
    |        ?|        ?|         ?|         ?|    ?|    ?|       no|
    +---------+---------+----------+----------+-----+-----+---------+

    + Detail: 
        * Instance: 
        +--------------------------------------------------+---------------------------------------+---------+---------+-----------+-----------+------+------+---------+
        |                                                  |                                       |  Latency (cycles) |   Latency (absolute)  |   Interval  | Pipeline|
        |                     Instance                     |                 Module                |   min   |   max   |    min    |    max    |  min |  max |   Type  |
        +--------------------------------------------------+---------------------------------------+---------+---------+-----------+-----------+------+------+---------+
        |grp_fft_1024_top_Pipeline_1_fu_142                |fft_1024_top_Pipeline_1                |     1025|     1025|  10.250 us|  10.250 us|  1025|  1025|       no|
        |grp_fft_1024_top_Pipeline_2_fu_148                |fft_1024_top_Pipeline_2                |     1025|     1025|  10.250 us|  10.250 us|  1025|  1025|       no|
        |grp_fft_1024_top_Pipeline_VITIS_LOOP_45_1_fu_154  |fft_1024_top_Pipeline_VITIS_LOOP_45_1  |     1026|     1026|  10.260 us|  10.260 us|  1026|  1026|       no|
        |grp_fft_1024_top_Pipeline_VITIS_LOOP_50_2_fu_168  |fft_1024_top_Pipeline_VITIS_LOOP_50_2  |     1026|     1026|  10.260 us|  10.260 us|  1026|  1026|       no|
        |grp_fft_fast_fu_182                               |fft_fast                               |        ?|        ?|          ?|          ?|     ?|     ?|       no|
        |grp_fft_fast_fu_194                               |fft_fast                               |        ?|        ?|          ?|          ?|     ?|     ?|       no|
        |grp_fft_1024_top_Pipeline_VITIS_LOOP_59_3_fu_206  |fft_1024_top_Pipeline_VITIS_LOOP_59_3  |     1026|     1026|  10.260 us|  10.260 us|  1026|  1026|       no|
        |grp_fft_1024_top_Pipeline_VITIS_LOOP_65_4_fu_220  |fft_1024_top_Pipeline_VITIS_LOOP_65_4  |     1026|     1026|  10.260 us|  10.260 us|  1026|  1026|       no|
        +--------------------------------------------------+---------------------------------------+---------+---------+-----------+-----------+------+------+---------+

        * Loop: 
        N/A

============================================================
+ Verbose Summary: Synthesis Manager
============================================================
InlineROM: 1
ExposeGlobal: 0
============================================================
+ Verbose Summary: CDFG Model
============================================================
IsTopModel: 1
ResetActiveHigh: 1
IsCombinational: 0
IsDatapathOnly: 0
HasWiredReturn: 1
HasMFsm: 0
HasVarLatency: 1
IsPipeline: 0
IsRtlPipelined: 0
IsInstanceOverlapped: 0
IsDontTouch: 0
HasImplIP: 0
IsGatedGlobalClock: 0


============================================================
+ Verbose Summary: Schedule
============================================================
* Number of FSM states : 16
* Pipeline : 0
* Dataflow Pipeline: 0

* FSM state transitions: 
1 --> 2 
2 --> 3 
3 --> 4 
4 --> 5 
5 --> 6 
6 --> 7 
7 --> 8 
8 --> 9 
9 --> 10 
10 --> 11 
11 --> 12 
12 --> 13 
13 --> 14 
14 --> 15 
15 --> 16 
16 --> 

* FSM state operations: 

State 1 <SV = 0> <Delay = 6.50>
ST_1 : Operation 17 [1/1] (3.25ns)   --->   "%ga_M_value = alloca i64 1" [fft_1024/fft.cpp:41]   --->   Operation 17 'alloca' 'ga_M_value' <Predicate = true> <Delay = 3.25> <CoreInst = "RAM">   --->   Core 82 'RAM' <Latency = 1> <II = 1> <Delay = 3.25> <Storage> <Opcode : 'load' 'store'> <Ports = 2> <Width = 32> <Depth = 1024> <RAM>
ST_1 : Operation 18 [1/1] (3.25ns)   --->   "%ga_M_value_1 = alloca i64 1" [fft_1024/fft.cpp:41]   --->   Operation 18 'alloca' 'ga_M_value_1' <Predicate = true> <Delay = 3.25> <CoreInst = "RAM">   --->   Core 82 'RAM' <Latency = 1> <II = 1> <Delay = 3.25> <Storage> <Opcode : 'load' 'store'> <Ports = 2> <Width = 32> <Depth = 1024> <RAM>
ST_1 : Operation 19 [1/1] (3.25ns)   --->   "%gb_M_value = alloca i64 1" [fft_1024/fft.cpp:42]   --->   Operation 19 'alloca' 'gb_M_value' <Predicate = true> <Delay = 3.25> <CoreInst = "RAM">   --->   Core 82 'RAM' <Latency = 1> <II = 1> <Delay = 3.25> <Storage> <Opcode : 'load' 'store'> <Ports = 2> <Width = 32> <Depth = 1024> <RAM>
ST_1 : Operation 20 [1/1] (3.25ns)   --->   "%gb_M_value_1 = alloca i64 1" [fft_1024/fft.cpp:42]   --->   Operation 20 'alloca' 'gb_M_value_1' <Predicate = true> <Delay = 3.25> <CoreInst = "RAM">   --->   Core 82 'RAM' <Latency = 1> <II = 1> <Delay = 3.25> <Storage> <Opcode : 'load' 'store'> <Ports = 2> <Width = 32> <Depth = 1024> <RAM>
ST_1 : Operation 21 [1/1] (0.00ns)   --->   "%ga_M_value_addr = getelementptr i32 %ga_M_value, i64 0, i64 0"   --->   Operation 21 'getelementptr' 'ga_M_value_addr' <Predicate = true> <Delay = 0.00>
ST_1 : Operation 22 [1/1] (0.00ns)   --->   "%ga_M_value_1_addr = getelementptr i32 %ga_M_value_1, i64 0, i64 0"   --->   Operation 22 'getelementptr' 'ga_M_value_1_addr' <Predicate = true> <Delay = 0.00>
ST_1 : Operation 23 [1/1] (3.25ns)   --->   "%store_ln1081 = store i32 0, i10 %ga_M_value_addr"   --->   Operation 23 'store' 'store_ln1081' <Predicate = true> <Delay = 3.25> <CoreInst = "RAM">   --->   Core 82 'RAM' <Latency = 1> <II = 1> <Delay = 3.25> <Storage> <Opcode : 'load' 'store'> <Ports = 2> <Width = 32> <Depth = 1024> <RAM>
ST_1 : Operation 24 [1/1] (3.25ns)   --->   "%store_ln1081 = store i32 0, i10 %ga_M_value_1_addr"   --->   Operation 24 'store' 'store_ln1081' <Predicate = true> <Delay = 3.25> <CoreInst = "RAM">   --->   Core 82 'RAM' <Latency = 1> <II = 1> <Delay = 3.25> <Storage> <Opcode : 'load' 'store'> <Ports = 2> <Width = 32> <Depth = 1024> <RAM>
ST_1 : Operation 25 [1/1] (0.00ns)   --->   "%gb_M_value_addr = getelementptr i32 %gb_M_value, i64 0, i64 0"   --->   Operation 25 'getelementptr' 'gb_M_value_addr' <Predicate = true> <Delay = 0.00>
ST_1 : Operation 26 [1/1] (0.00ns)   --->   "%gb_M_value_1_addr = getelementptr i32 %gb_M_value_1, i64 0, i64 0"   --->   Operation 26 'getelementptr' 'gb_M_value_1_addr' <Predicate = true> <Delay = 0.00>
ST_1 : Operation 27 [1/1] (3.25ns)   --->   "%store_ln1081 = store i32 0, i10 %gb_M_value_addr"   --->   Operation 27 'store' 'store_ln1081' <Predicate = true> <Delay = 3.25> <CoreInst = "RAM">   --->   Core 82 'RAM' <Latency = 1> <II = 1> <Delay = 3.25> <Storage> <Opcode : 'load' 'store'> <Ports = 2> <Width = 32> <Depth = 1024> <RAM>
ST_1 : Operation 28 [1/1] (3.25ns)   --->   "%store_ln1081 = store i32 0, i10 %gb_M_value_1_addr"   --->   Operation 28 'store' 'store_ln1081' <Predicate = true> <Delay = 3.25> <CoreInst = "RAM">   --->   Core 82 'RAM' <Latency = 1> <II = 1> <Delay = 3.25> <Storage> <Opcode : 'load' 'store'> <Ports = 2> <Width = 32> <Depth = 1024> <RAM>

State 2 <SV = 1> <Delay = 0.00>
ST_2 : Operation 29 [2/2] (0.00ns)   --->   "%call_ln0 = call void @fft_1024_top_Pipeline_1, i32 %ga_M_value, i32 %ga_M_value_1"   --->   Operation 29 'call' 'call_ln0' <Predicate = true> <Delay = 0.00> <CoreType = "Generic">   --->   Core 0 '' <Latency = 0> <II = 1> <Delay = 1.00> <Generic> <Opcode : >
ST_2 : Operation 30 [2/2] (0.00ns)   --->   "%call_ln0 = call void @fft_1024_top_Pipeline_2, i32 %gb_M_value, i32 %gb_M_value_1"   --->   Operation 30 'call' 'call_ln0' <Predicate = true> <Delay = 0.00> <CoreType = "Generic">   --->   Core 0 '' <Latency = 0> <II = 1> <Delay = 1.00> <Generic> <Opcode : >

State 3 <SV = 2> <Delay = 0.00>
ST_3 : Operation 31 [1/2] (0.00ns)   --->   "%call_ln0 = call void @fft_1024_top_Pipeline_1, i32 %ga_M_value, i32 %ga_M_value_1"   --->   Operation 31 'call' 'call_ln0' <Predicate = true> <Delay = 0.00> <CoreType = "Generic">   --->   Core 0 '' <Latency = 0> <II = 1> <Delay = 1.00> <Generic> <Opcode : >
ST_3 : Operation 32 [1/2] (0.00ns)   --->   "%call_ln0 = call void @fft_1024_top_Pipeline_2, i32 %gb_M_value, i32 %gb_M_value_1"   --->   Operation 32 'call' 'call_ln0' <Predicate = true> <Delay = 0.00> <CoreType = "Generic">   --->   Core 0 '' <Latency = 0> <II = 1> <Delay = 1.00> <Generic> <Opcode : >

State 4 <SV = 3> <Delay = 3.25>
ST_4 : Operation 33 [1/1] (0.00ns)   --->   "%empty = wait i32 @_ssdm_op_Wait"   --->   Operation 33 'wait' 'empty' <Predicate = true> <Delay = 0.00>
ST_4 : Operation 34 [2/2] (3.25ns)   --->   "%call_ln0 = call void @fft_1024_top_Pipeline_VITIS_LOOP_45_1, i64 %input_r_V_data_V, i8 %input_r_V_keep_V, i8 %input_r_V_strb_V, i1 %input_r_V_last_V, i32 %ga_M_value, i32 %ga_M_value_1"   --->   Operation 34 'call' 'call_ln0' <Predicate = true> <Delay = 3.25> <CoreType = "Generic">   --->   Core 0 '' <Latency = 0> <II = 1> <Delay = 1.00> <Generic> <Opcode : >

State 5 <SV = 4> <Delay = 0.00>
ST_5 : Operation 35 [1/2] (0.00ns)   --->   "%call_ln0 = call void @fft_1024_top_Pipeline_VITIS_LOOP_45_1, i64 %input_r_V_data_V, i8 %input_r_V_keep_V, i8 %input_r_V_strb_V, i1 %input_r_V_last_V, i32 %ga_M_value, i32 %ga_M_value_1"   --->   Operation 35 'call' 'call_ln0' <Predicate = true> <Delay = 0.00> <CoreType = "Generic">   --->   Core 0 '' <Latency = 0> <II = 1> <Delay = 1.00> <Generic> <Opcode : >

State 6 <SV = 5> <Delay = 0.00>
ST_6 : Operation 36 [1/1] (0.00ns)   --->   "%empty_21 = wait i32 @_ssdm_op_Wait"   --->   Operation 36 'wait' 'empty_21' <Predicate = true> <Delay = 0.00>

State 7 <SV = 6> <Delay = 3.25>
ST_7 : Operation 37 [1/1] (0.00ns)   --->   "%empty_22 = wait i32 @_ssdm_op_Wait"   --->   Operation 37 'wait' 'empty_22' <Predicate = true> <Delay = 0.00>
ST_7 : Operation 38 [2/2] (3.25ns)   --->   "%call_ln0 = call void @fft_1024_top_Pipeline_VITIS_LOOP_50_2, i64 %input_r_V_data_V, i8 %input_r_V_keep_V, i8 %input_r_V_strb_V, i1 %input_r_V_last_V, i32 %gb_M_value, i32 %gb_M_value_1"   --->   Operation 38 'call' 'call_ln0' <Predicate = true> <Delay = 3.25> <CoreType = "Generic">   --->   Core 0 '' <Latency = 0> <II = 1> <Delay = 1.00> <Generic> <Opcode : >

State 8 <SV = 7> <Delay = 0.00>
ST_8 : Operation 39 [1/2] (0.00ns)   --->   "%call_ln0 = call void @fft_1024_top_Pipeline_VITIS_LOOP_50_2, i64 %input_r_V_data_V, i8 %input_r_V_keep_V, i8 %input_r_V_strb_V, i1 %input_r_V_last_V, i32 %gb_M_value, i32 %gb_M_value_1"   --->   Operation 39 'call' 'call_ln0' <Predicate = true> <Delay = 0.00> <CoreType = "Generic">   --->   Core 0 '' <Latency = 0> <II = 1> <Delay = 1.00> <Generic> <Opcode : >

State 9 <SV = 8> <Delay = 0.00>
ST_9 : Operation 40 [1/1] (0.00ns)   --->   "%empty_23 = wait i32 @_ssdm_op_Wait"   --->   Operation 40 'wait' 'empty_23' <Predicate = true> <Delay = 0.00>
ST_9 : Operation 41 [2/2] (0.00ns)   --->   "%call_ln55 = call void @fft_fast, i32 %ga_M_value, i32 %ga_M_value_1, i10 %br_lut, i32 %tw_M_value_1, i32 %tw_M_value" [fft_1024/fft.cpp:55]   --->   Operation 41 'call' 'call_ln55' <Predicate = true> <Delay = 0.00> <CoreType = "Generic">   --->   Core 0 '' <Latency = 0> <II = 1> <Delay = 1.00> <Generic> <Opcode : >
ST_9 : Operation 42 [2/2] (0.00ns)   --->   "%call_ln56 = call void @fft_fast, i32 %gb_M_value, i32 %gb_M_value_1, i10 %br_lut, i32 %tw_M_value_1, i32 %tw_M_value" [fft_1024/fft.cpp:56]   --->   Operation 42 'call' 'call_ln56' <Predicate = true> <Delay = 0.00> <CoreType = "Generic">   --->   Core 0 '' <Latency = 0> <II = 1> <Delay = 1.00> <Generic> <Opcode : >

State 10 <SV = 9> <Delay = 0.00>
ST_10 : Operation 43 [1/2] (0.00ns)   --->   "%call_ln55 = call void @fft_fast, i32 %ga_M_value, i32 %ga_M_value_1, i10 %br_lut, i32 %tw_M_value_1, i32 %tw_M_value" [fft_1024/fft.cpp:55]   --->   Operation 43 'call' 'call_ln55' <Predicate = true> <Delay = 0.00> <CoreType = "Generic">   --->   Core 0 '' <Latency = 0> <II = 1> <Delay = 1.00> <Generic> <Opcode : >
ST_10 : Operation 44 [1/2] (0.00ns)   --->   "%call_ln56 = call void @fft_fast, i32 %gb_M_value, i32 %gb_M_value_1, i10 %br_lut, i32 %tw_M_value_1, i32 %tw_M_value" [fft_1024/fft.cpp:56]   --->   Operation 44 'call' 'call_ln56' <Predicate = true> <Delay = 0.00> <CoreType = "Generic">   --->   Core 0 '' <Latency = 0> <II = 1> <Delay = 1.00> <Generic> <Opcode : >

State 11 <SV = 10> <Delay = 0.00>
ST_11 : Operation 45 [1/1] (0.00ns)   --->   "%empty_24 = wait i32 @_ssdm_op_Wait"   --->   Operation 45 'wait' 'empty_24' <Predicate = true> <Delay = 0.00>
ST_11 : Operation 46 [2/2] (0.00ns)   --->   "%call_ln0 = call void @fft_1024_top_Pipeline_VITIS_LOOP_59_3, i32 %ga_M_value, i32 %ga_M_value_1, i64 %output_r_V_data_V, i8 %output_r_V_keep_V, i8 %output_r_V_strb_V, i1 %output_r_V_last_V"   --->   Operation 46 'call' 'call_ln0' <Predicate = true> <Delay = 0.00> <CoreType = "Generic">   --->   Core 0 '' <Latency = 0> <II = 1> <Delay = 1.00> <Generic> <Opcode : >

State 12 <SV = 11> <Delay = 3.25>
ST_12 : Operation 47 [1/2] (3.25ns)   --->   "%call_ln0 = call void @fft_1024_top_Pipeline_VITIS_LOOP_59_3, i32 %ga_M_value, i32 %ga_M_value_1, i64 %output_r_V_data_V, i8 %output_r_V_keep_V, i8 %output_r_V_strb_V, i1 %output_r_V_last_V"   --->   Operation 47 'call' 'call_ln0' <Predicate = true> <Delay = 3.25> <CoreType = "Generic">   --->   Core 0 '' <Latency = 0> <II = 1> <Delay = 1.00> <Generic> <Opcode : >

State 13 <SV = 12> <Delay = 0.00>
ST_13 : Operation 48 [1/1] (0.00ns)   --->   "%empty_25 = wait i32 @_ssdm_op_Wait"   --->   Operation 48 'wait' 'empty_25' <Predicate = true> <Delay = 0.00>

State 14 <SV = 13> <Delay = 0.00>
ST_14 : Operation 49 [1/1] (0.00ns)   --->   "%empty_26 = wait i32 @_ssdm_op_Wait"   --->   Operation 49 'wait' 'empty_26' <Predicate = true> <Delay = 0.00>
ST_14 : Operation 50 [2/2] (0.00ns)   --->   "%call_ln0 = call void @fft_1024_top_Pipeline_VITIS_LOOP_65_4, i32 %gb_M_value, i32 %gb_M_value_1, i64 %output_r_V_data_V, i8 %output_r_V_keep_V, i8 %output_r_V_strb_V, i1 %output_r_V_last_V"   --->   Operation 50 'call' 'call_ln0' <Predicate = true> <Delay = 0.00> <CoreType = "Generic">   --->   Core 0 '' <Latency = 0> <II = 1> <Delay = 1.00> <Generic> <Opcode : >

State 15 <SV = 14> <Delay = 3.25>
ST_15 : Operation 51 [1/2] (3.25ns)   --->   "%call_ln0 = call void @fft_1024_top_Pipeline_VITIS_LOOP_65_4, i32 %gb_M_value, i32 %gb_M_value_1, i64 %output_r_V_data_V, i8 %output_r_V_keep_V, i8 %output_r_V_strb_V, i1 %output_r_V_last_V"   --->   Operation 51 'call' 'call_ln0' <Predicate = true> <Delay = 3.25> <CoreType = "Generic">   --->   Core 0 '' <Latency = 0> <II = 1> <Delay = 1.00> <Generic> <Opcode : >

State 16 <SV = 15> <Delay = 0.00>
ST_16 : Operation 52 [1/1] (0.00ns)   --->   "%spectopmodule_ln34 = spectopmodule void @_ssdm_op_SpecTopModule, void @empty_6" [fft_1024/fft.cpp:34]   --->   Operation 52 'spectopmodule' 'spectopmodule_ln34' <Predicate = true> <Delay = 0.00>
ST_16 : Operation 53 [1/1] (0.00ns)   --->   "%specinterface_ln34 = specinterface void @_ssdm_op_SpecInterface, i32 0, void @empty_7, i32 0, i32 0, void @empty_2, i32 0, i32 0, void @empty_2, void @empty_2, void @empty_2, i32 0, i32 0, i32 0, i32 0, void @empty_2, void @empty_2, i32 4294967295, i32 0" [fft_1024/fft.cpp:34]   --->   Operation 53 'specinterface' 'specinterface_ln34' <Predicate = true> <Delay = 0.00>
ST_16 : Operation 54 [1/1] (0.00ns)   --->   "%specinterface_ln0 = specinterface void @_ssdm_op_SpecInterface, i64 %input_r_V_data_V, i8 %input_r_V_keep_V, i8 %input_r_V_strb_V, i1 %input_r_V_last_V, void @empty_1, i32 1, i32 1, void @empty_5, i32 0, i32 0, void @empty_2, void @empty_2, void @empty_2, i32 0, i32 0, i32 0, i32 0, void @empty_2, void @empty_2, i32 4294967295, i32 0"   --->   Operation 54 'specinterface' 'specinterface_ln0' <Predicate = true> <Delay = 0.00>
ST_16 : Operation 55 [1/1] (0.00ns)   --->   "%specbitsmap_ln0 = specbitsmap void @_ssdm_op_SpecBitsMap, i64 %input_r_V_data_V"   --->   Operation 55 'specbitsmap' 'specbitsmap_ln0' <Predicate = true> <Delay = 0.00>
ST_16 : Operation 56 [1/1] (0.00ns)   --->   "%specbitsmap_ln0 = specbitsmap void @_ssdm_op_SpecBitsMap, i8 %input_r_V_keep_V"   --->   Operation 56 'specbitsmap' 'specbitsmap_ln0' <Predicate = true> <Delay = 0.00>
ST_16 : Operation 57 [1/1] (0.00ns)   --->   "%specbitsmap_ln0 = specbitsmap void @_ssdm_op_SpecBitsMap, i8 %input_r_V_strb_V"   --->   Operation 57 'specbitsmap' 'specbitsmap_ln0' <Predicate = true> <Delay = 0.00>
ST_16 : Operation 58 [1/1] (0.00ns)   --->   "%specbitsmap_ln0 = specbitsmap void @_ssdm_op_SpecBitsMap, i1 %input_r_V_last_V"   --->   Operation 58 'specbitsmap' 'specbitsmap_ln0' <Predicate = true> <Delay = 0.00>
ST_16 : Operation 59 [1/1] (0.00ns)   --->   "%specinterface_ln0 = specinterface void @_ssdm_op_SpecInterface, i64 %output_r_V_data_V, i8 %output_r_V_keep_V, i8 %output_r_V_strb_V, i1 %output_r_V_last_V, void @empty_1, i32 1, i32 1, void @empty_5, i32 0, i32 0, void @empty_2, void @empty_2, void @empty_2, i32 0, i32 0, i32 0, i32 0, void @empty_2, void @empty_2, i32 4294967295, i32 0"   --->   Operation 59 'specinterface' 'specinterface_ln0' <Predicate = true> <Delay = 0.00>
ST_16 : Operation 60 [1/1] (0.00ns)   --->   "%specbitsmap_ln0 = specbitsmap void @_ssdm_op_SpecBitsMap, i64 %output_r_V_data_V"   --->   Operation 60 'specbitsmap' 'specbitsmap_ln0' <Predicate = true> <Delay = 0.00>
ST_16 : Operation 61 [1/1] (0.00ns)   --->   "%specbitsmap_ln0 = specbitsmap void @_ssdm_op_SpecBitsMap, i8 %output_r_V_keep_V"   --->   Operation 61 'specbitsmap' 'specbitsmap_ln0' <Predicate = true> <Delay = 0.00>
ST_16 : Operation 62 [1/1] (0.00ns)   --->   "%specbitsmap_ln0 = specbitsmap void @_ssdm_op_SpecBitsMap, i8 %output_r_V_strb_V"   --->   Operation 62 'specbitsmap' 'specbitsmap_ln0' <Predicate = true> <Delay = 0.00>
ST_16 : Operation 63 [1/1] (0.00ns)   --->   "%specbitsmap_ln0 = specbitsmap void @_ssdm_op_SpecBitsMap, i1 %output_r_V_last_V"   --->   Operation 63 'specbitsmap' 'specbitsmap_ln0' <Predicate = true> <Delay = 0.00>
ST_16 : Operation 64 [1/1] (0.00ns)   --->   "%ret_ln79 = ret" [fft_1024/fft.cpp:79]   --->   Operation 64 'ret' 'ret_ln79' <Predicate = true> <Delay = 0.00>


============================================================
+ Verbose Summary: Binding
============================================================
STG Binding: 
---------------- STG Properties BEGIN ----------------
- Is combinational: 0
- Is one-state seq: 0
- Is datapath-only: 0
- Is pipelined: 0
- Is top level: 1
Port [ Return ] is wired: 1; IO mode=ap_ctrl_none:ce=0
Port [ input_r_V_data_V]:  wired=1; compound=1; hidden=0; nouse=0; global=0; static=0; extern=0; dir=0; type=0; pingpong=0; private_global=0; IO mode=axis:ce=0
Port [ input_r_V_keep_V]:  wired=1; compound=1; hidden=0; nouse=0; global=0; static=0; extern=0; dir=0; type=0; pingpong=0; private_global=0; IO mode=axis:ce=0
Port [ input_r_V_strb_V]:  wired=1; compound=1; hidden=0; nouse=0; global=0; static=0; extern=0; dir=0; type=0; pingpong=0; private_global=0; IO mode=axis:ce=0
Port [ input_r_V_last_V]:  wired=1; compound=1; hidden=0; nouse=0; global=0; static=0; extern=0; dir=0; type=0; pingpong=0; private_global=0; IO mode=axis:ce=0
Port [ output_r_V_data_V]:  wired=1; compound=1; hidden=0; nouse=0; global=0; static=0; extern=0; dir=1; type=0; pingpong=0; private_global=0; IO mode=axis:ce=0
Port [ output_r_V_keep_V]:  wired=1; compound=1; hidden=0; nouse=0; global=0; static=0; extern=0; dir=1; type=0; pingpong=0; private_global=0; IO mode=axis:ce=0
Port [ output_r_V_strb_V]:  wired=1; compound=1; hidden=0; nouse=0; global=0; static=0; extern=0; dir=1; type=0; pingpong=0; private_global=0; IO mode=axis:ce=0
Port [ output_r_V_last_V]:  wired=1; compound=1; hidden=0; nouse=0; global=0; static=0; extern=0; dir=1; type=0; pingpong=0; private_global=0; IO mode=axis:ce=0
Port [ br_lut]:  wired=0; compound=1; hidden=1; nouse=1; global=1; static=1; extern=0; dir=0; type=1; pingpong=0; private_global=0; MemPort=[1]; IO mode=ap_memory:ce=0
Port [ tw_M_value_1]:  wired=0; compound=1; hidden=1; nouse=1; global=1; static=1; extern=0; dir=0; type=1; pingpong=0; private_global=0; MemPort=[1]; IO mode=ap_memory:ce=0
Port [ tw_M_value]:  wired=0; compound=1; hidden=1; nouse=1; global=1; static=1; extern=0; dir=0; type=1; pingpong=0; private_global=0; MemPort=[1]; IO mode=ap_memory:ce=0
---------------- STG Properties END ------------------

---------------- Datapath Model BEGIN ----------------

<LifeTime>
<method=bitvector/>
ga_M_value         (alloca       ) [ 00111111111110000]
ga_M_value_1       (alloca       ) [ 00111111111110000]
gb_M_value         (alloca       ) [ 00111111111111110]
gb_M_value_1       (alloca       ) [ 00111111111111110]
ga_M_value_addr    (getelementptr) [ 00000000000000000]
ga_M_value_1_addr  (getelementptr) [ 00000000000000000]
store_ln1081       (store        ) [ 00000000000000000]
store_ln1081       (store        ) [ 00000000000000000]
gb_M_value_addr    (getelementptr) [ 00000000000000000]
gb_M_value_1_addr  (getelementptr) [ 00000000000000000]
store_ln1081       (store        ) [ 00000000000000000]
store_ln1081       (store        ) [ 00000000000000000]
call_ln0           (call         ) [ 00000000000000000]
call_ln0           (call         ) [ 00000000000000000]
empty              (wait         ) [ 00000000000000000]
call_ln0           (call         ) [ 00000000000000000]
empty_21           (wait         ) [ 00000000000000000]
empty_22           (wait         ) [ 00000000000000000]
call_ln0           (call         ) [ 00000000000000000]
empty_23           (wait         ) [ 00000000000000000]
call_ln55          (call         ) [ 00000000000000000]
call_ln56          (call         ) [ 00000000000000000]
empty_24           (wait         ) [ 00000000000000000]
call_ln0           (call         ) [ 00000000000000000]
empty_25           (wait         ) [ 00000000000000000]
empty_26           (wait         ) [ 00000000000000000]
call_ln0           (call         ) [ 00000000000000000]
spectopmodule_ln34 (spectopmodule) [ 00000000000000000]
specinterface_ln34 (specinterface) [ 00000000000000000]
specinterface_ln0  (specinterface) [ 00000000000000000]
specbitsmap_ln0    (specbitsmap  ) [ 00000000000000000]
specbitsmap_ln0    (specbitsmap  ) [ 00000000000000000]
specbitsmap_ln0    (specbitsmap  ) [ 00000000000000000]
specbitsmap_ln0    (specbitsmap  ) [ 00000000000000000]
specinterface_ln0  (specinterface) [ 00000000000000000]
specbitsmap_ln0    (specbitsmap  ) [ 00000000000000000]
specbitsmap_ln0    (specbitsmap  ) [ 00000000000000000]
specbitsmap_ln0    (specbitsmap  ) [ 00000000000000000]
specbitsmap_ln0    (specbitsmap  ) [ 00000000000000000]
ret_ln79           (ret          ) [ 00000000000000000]
</LifeTime>

<model>

<comp_list>
<comp id="0" class="1000" name="input_r_V_data_V">
<pin_list>
<pin id="1" dir="1" index="0" bw="1" slack="0"/>
</pin_list>
<bind>
<StgValue><ssdm name="input_r_V_data_V"/></StgValue>
</bind>
</comp>

<comp id="2" class="1000" name="input_r_V_keep_V">
<pin_list>
<pin id="3" dir="1" index="0" bw="1" slack="0"/>
</pin_list>
<bind>
<StgValue><ssdm name="input_r_V_keep_V"/></StgValue>
</bind>
</comp>

<comp id="4" class="1000" name="input_r_V_strb_V">
<pin_list>
<pin id="5" dir="1" index="0" bw="1" slack="0"/>
</pin_list>
<bind>
<StgValue><ssdm name="input_r_V_strb_V"/></StgValue>
</bind>
</comp>

<comp id="6" class="1000" name="input_r_V_last_V">
<pin_list>
<pin id="7" dir="1" index="0" bw="1" slack="0"/>
</pin_list>
<bind>
<StgValue><ssdm name="input_r_V_last_V"/></StgValue>
</bind>
</comp>

<comp id="8" class="1000" name="output_r_V_data_V">
<pin_list>
<pin id="9" dir="1" index="0" bw="1" slack="0"/>
</pin_list>
<bind>
<StgValue><ssdm name="output_r_V_data_V"/></StgValue>
</bind>
</comp>

<comp id="10" class="1000" name="output_r_V_keep_V">
<pin_list>
<pin id="11" dir="1" index="0" bw="1" slack="0"/>
</pin_list>
<bind>
<StgValue><ssdm name="output_r_V_keep_V"/></StgValue>
</bind>
</comp>

<comp id="12" class="1000" name="output_r_V_strb_V">
<pin_list>
<pin id="13" dir="1" index="0" bw="1" slack="0"/>
</pin_list>
<bind>
<StgValue><ssdm name="output_r_V_strb_V"/></StgValue>
</bind>
</comp>

<comp id="14" class="1000" name="output_r_V_last_V">
<pin_list>
<pin id="15" dir="1" index="0" bw="1" slack="0"/>
</pin_list>
<bind>
<StgValue><ssdm name="output_r_V_last_V"/></StgValue>
</bind>
</comp>

<comp id="16" class="1000" name="br_lut">
<pin_list>
<pin id="17" dir="1" index="0" bw="1" slack="0"/>
</pin_list>
<bind>
<StgValue><ssdm name="br_lut"/><MemPortTyVec>1 </MemPortTyVec>
</StgValue>
</bind>
</comp>

<comp id="18" class="1000" name="tw_M_value_1">
<pin_list>
<pin id="19" dir="1" index="0" bw="1" slack="0"/>
</pin_list>
<bind>
<StgValue><ssdm name="tw_M_value_1"/><MemPortTyVec>1 </MemPortTyVec>
</StgValue>
</bind>
</comp>

<comp id="20" class="1000" name="tw_M_value">
<pin_list>
<pin id="21" dir="1" index="0" bw="1" slack="0"/>
</pin_list>
<bind>
<StgValue><ssdm name="tw_M_value"/><MemPortTyVec>1 </MemPortTyVec>
</StgValue>
</bind>
</comp>

<comp id="22" class="1001" name="const_22">
<pin_list>
<pin id="23" dir="1" index="0" bw="1" slack="0"/>
</pin_list>
<bind>
<StgValue><ssdm name=""/></StgValue>
</bind>
</comp>

<comp id="24" class="1001" name="const_24">
<pin_list>
<pin id="25" dir="1" index="0" bw="1" slack="0"/>
</pin_list>
<bind>
<StgValue><ssdm name=""/></StgValue>
</bind>
</comp>

<comp id="26" class="1001" name="const_26">
<pin_list>
<pin id="27" dir="1" index="0" bw="1" slack="0"/>
</pin_list>
<bind>
<StgValue><ssdm name=""/></StgValue>
</bind>
</comp>

<comp id="28" class="1001" name="const_28">
<pin_list>
<pin id="29" dir="1" index="0" bw="1" slack="0"/>
</pin_list>
<bind>
<StgValue><ssdm name="fft_1024_top_Pipeline_1"/></StgValue>
</bind>
</comp>

<comp id="30" class="1001" name="const_30">
<pin_list>
<pin id="31" dir="1" index="0" bw="1" slack="0"/>
</pin_list>
<bind>
<StgValue><ssdm name="fft_1024_top_Pipeline_2"/></StgValue>
</bind>
</comp>

<comp id="32" class="1001" name="const_32">
<pin_list>
<pin id="33" dir="1" index="0" bw="1" slack="2147483647"/>
</pin_list>
<bind>
<StgValue><ssdm name="_ssdm_op_Wait"/></StgValue>
</bind>
</comp>

<comp id="34" class="1001" name="const_34">
<pin_list>
<pin id="35" dir="1" index="0" bw="1" slack="0"/>
</pin_list>
<bind>
<StgValue><ssdm name="fft_1024_top_Pipeline_VITIS_LOOP_45_1"/></StgValue>
</bind>
</comp>

<comp id="36" class="1001" name="const_36">
<pin_list>
<pin id="37" dir="1" index="0" bw="1" slack="0"/>
</pin_list>
<bind>
<StgValue><ssdm name="fft_1024_top_Pipeline_VITIS_LOOP_50_2"/></StgValue>
</bind>
</comp>

<comp id="38" class="1001" name="const_38">
<pin_list>
<pin id="39" dir="1" index="0" bw="1" slack="0"/>
</pin_list>
<bind>
<StgValue><ssdm name="fft_fast"/></StgValue>
</bind>
</comp>

<comp id="40" class="1001" name="const_40">
<pin_list>
<pin id="41" dir="1" index="0" bw="1" slack="0"/>
</pin_list>
<bind>
<StgValue><ssdm name="fft_1024_top_Pipeline_VITIS_LOOP_59_3"/></StgValue>
</bind>
</comp>

<comp id="42" class="1001" name="const_42">
<pin_list>
<pin id="43" dir="1" index="0" bw="1" slack="0"/>
</pin_list>
<bind>
<StgValue><ssdm name="fft_1024_top_Pipeline_VITIS_LOOP_65_4"/></StgValue>
</bind>
</comp>

<comp id="44" class="1001" name="const_44">
<pin_list>
<pin id="45" dir="1" index="0" bw="1" slack="2147483647"/>
</pin_list>
<bind>
<StgValue><ssdm name="_ssdm_op_SpecTopModule"/></StgValue>
</bind>
</comp>

<comp id="46" class="1001" name="const_46">
<pin_list>
<pin id="47" dir="1" index="0" bw="1" slack="2147483647"/>
</pin_list>
<bind>
<StgValue><ssdm name="empty_6"/></StgValue>
</bind>
</comp>

<comp id="48" class="1001" name="const_48">
<pin_list>
<pin id="49" dir="1" index="0" bw="1" slack="2147483647"/>
</pin_list>
<bind>
<StgValue><ssdm name="_ssdm_op_SpecInterface"/></StgValue>
</bind>
</comp>

<comp id="50" class="1001" name="const_50">
<pin_list>
<pin id="51" dir="1" index="0" bw="1" slack="2147483647"/>
</pin_list>
<bind>
<StgValue><ssdm name=""/></StgValue>
</bind>
</comp>

<comp id="52" class="1001" name="const_52">
<pin_list>
<pin id="53" dir="1" index="0" bw="1" slack="2147483647"/>
</pin_list>
<bind>
<StgValue><ssdm name="empty_7"/></StgValue>
</bind>
</comp>

<comp id="54" class="1001" name="const_54">
<pin_list>
<pin id="55" dir="1" index="0" bw="1" slack="2147483647"/>
</pin_list>
<bind>
<StgValue><ssdm name="empty_2"/></StgValue>
</bind>
</comp>

<comp id="56" class="1001" name="const_56">
<pin_list>
<pin id="57" dir="1" index="0" bw="1" slack="2147483647"/>
</pin_list>
<bind>
<StgValue><ssdm name=""/></StgValue>
</bind>
</comp>

<comp id="58" class="1001" name="const_58">
<pin_list>
<pin id="59" dir="1" index="0" bw="1" slack="2147483647"/>
</pin_list>
<bind>
<StgValue><ssdm name="empty_1"/></StgValue>
</bind>
</comp>

<comp id="60" class="1001" name="const_60">
<pin_list>
<pin id="61" dir="1" index="0" bw="1" slack="2147483647"/>
</pin_list>
<bind>
<StgValue><ssdm name=""/></StgValue>
</bind>
</comp>

<comp id="62" class="1001" name="const_62">
<pin_list>
<pin id="63" dir="1" index="0" bw="1" slack="2147483647"/>
</pin_list>
<bind>
<StgValue><ssdm name="empty_5"/></StgValue>
</bind>
</comp>

<comp id="64" class="1001" name="const_64">
<pin_list>
<pin id="65" dir="1" index="0" bw="1" slack="2147483647"/>
</pin_list>
<bind>
<StgValue><ssdm name="_ssdm_op_SpecBitsMap"/></StgValue>
</bind>
</comp>

<comp id="66" class="1004" name="ga_M_value_alloca_fu_66">
<pin_list>
<pin id="67" dir="0" index="0" bw="1" slack="0"/>
<pin id="68" dir="1" index="1" bw="32" slack="0"/>
</pin_list>
<bind>
<opcode="alloca(26) " fcode="alloca"/>
<opset="ga_M_value/1 "/>
</bind>
</comp>

<comp id="70" class="1004" name="ga_M_value_1_alloca_fu_70">
<pin_list>
<pin id="71" dir="0" index="0" bw="1" slack="0"/>
<pin id="72" dir="1" index="1" bw="32" slack="0"/>
</pin_list>
<bind>
<opcode="alloca(26) " fcode="alloca"/>
<opset="ga_M_value_1/1 "/>
</bind>
</comp>

<comp id="74" class="1004" name="gb_M_value_alloca_fu_74">
<pin_list>
<pin id="75" dir="0" index="0" bw="1" slack="0"/>
<pin id="76" dir="1" index="1" bw="32" slack="0"/>
</pin_list>
<bind>
<opcode="alloca(26) " fcode="alloca"/>
<opset="gb_M_value/1 "/>
</bind>
</comp>

<comp id="78" class="1004" name="gb_M_value_1_alloca_fu_78">
<pin_list>
<pin id="79" dir="0" index="0" bw="1" slack="0"/>
<pin id="80" dir="1" index="1" bw="32" slack="0"/>
</pin_list>
<bind>
<opcode="alloca(26) " fcode="alloca"/>
<opset="gb_M_value_1/1 "/>
</bind>
</comp>

<comp id="82" class="1004" name="ga_M_value_addr_gep_fu_82">
<pin_list>
<pin id="83" dir="0" index="0" bw="32" slack="0"/>
<pin id="84" dir="0" index="1" bw="1" slack="0"/>
<pin id="85" dir="0" index="2" bw="1" slack="0"/>
<pin id="86" dir="1" index="3" bw="10" slack="0"/>
</pin_list>
<bind>
<opcode="getelementptr(29) " fcode="getelementptr"/>
<opset="ga_M_value_addr/1 "/>
</bind>
</comp>

<comp id="90" class="1004" name="ga_M_value_1_addr_gep_fu_90">
<pin_list>
<pin id="91" dir="0" index="0" bw="32" slack="0"/>
<pin id="92" dir="0" index="1" bw="1" slack="0"/>
<pin id="93" dir="0" index="2" bw="1" slack="0"/>
<pin id="94" dir="1" index="3" bw="10" slack="0"/>
</pin_list>
<bind>
<opcode="getelementptr(29) " fcode="getelementptr"/>
<opset="ga_M_value_1_addr/1 "/>
</bind>
</comp>

<comp id="98" class="1004" name="store_ln1081_access_fu_98">
<pin_list>
<pin id="99" dir="0" index="0" bw="10" slack="0"/>
<pin id="100" dir="0" index="1" bw="32" slack="0"/>
<pin id="101" dir="0" index="2" bw="0" slack="2147483647"/>
<pin id="102" dir="1" index="3" bw="32" slack="2147483647"/>
</pin_list>
<bind>
<opcode="store(28) " fcode="store"/>
<opset="store_ln1081/1 "/>
</bind>
</comp>

<comp id="105" class="1004" name="store_ln1081_access_fu_105">
<pin_list>
<pin id="106" dir="0" index="0" bw="10" slack="0"/>
<pin id="107" dir="0" index="1" bw="32" slack="0"/>
<pin id="108" dir="0" index="2" bw="0" slack="2147483647"/>
<pin id="109" dir="1" index="3" bw="32" slack="2147483647"/>
</pin_list>
<bind>
<opcode="store(28) " fcode="store"/>
<opset="store_ln1081/1 "/>
</bind>
</comp>

<comp id="112" class="1004" name="gb_M_value_addr_gep_fu_112">
<pin_list>
<pin id="113" dir="0" index="0" bw="32" slack="0"/>
<pin id="114" dir="0" index="1" bw="1" slack="0"/>
<pin id="115" dir="0" index="2" bw="1" slack="0"/>
<pin id="116" dir="1" index="3" bw="10" slack="0"/>
</pin_list>
<bind>
<opcode="getelementptr(29) " fcode="getelementptr"/>
<opset="gb_M_value_addr/1 "/>
</bind>
</comp>

<comp id="120" class="1004" name="gb_M_value_1_addr_gep_fu_120">
<pin_list>
<pin id="121" dir="0" index="0" bw="32" slack="0"/>
<pin id="122" dir="0" index="1" bw="1" slack="0"/>
<pin id="123" dir="0" index="2" bw="1" slack="0"/>
<pin id="124" dir="1" index="3" bw="10" slack="0"/>
</pin_list>
<bind>
<opcode="getelementptr(29) " fcode="getelementptr"/>
<opset="gb_M_value_1_addr/1 "/>
</bind>
</comp>

<comp id="128" class="1004" name="store_ln1081_access_fu_128">
<pin_list>
<pin id="129" dir="0" index="0" bw="10" slack="0"/>
<pin id="130" dir="0" index="1" bw="32" slack="0"/>
<pin id="131" dir="0" index="2" bw="0" slack="2147483647"/>
<pin id="132" dir="1" index="3" bw="32" slack="2147483647"/>
</pin_list>
<bind>
<opcode="store(28) " fcode="store"/>
<opset="store_ln1081/1 "/>
</bind>
</comp>

<comp id="135" class="1004" name="store_ln1081_access_fu_135">
<pin_list>
<pin id="136" dir="0" index="0" bw="10" slack="0"/>
<pin id="137" dir="0" index="1" bw="32" slack="0"/>
<pin id="138" dir="0" index="2" bw="0" slack="2147483647"/>
<pin id="139" dir="1" index="3" bw="32" slack="2147483647"/>
</pin_list>
<bind>
<opcode="store(28) " fcode="store"/>
<opset="store_ln1081/1 "/>
</bind>
</comp>

<comp id="142" class="1004" name="grp_fft_1024_top_Pipeline_1_fu_142">
<pin_list>
<pin id="143" dir="0" index="0" bw="0" slack="0"/>
<pin id="144" dir="0" index="1" bw="32" slack="2147483647"/>
<pin id="145" dir="0" index="2" bw="32" slack="2147483647"/>
<pin id="146" dir="1" index="3" bw="0" slack="2147483647"/>
</pin_list>
<bind>
<opcode="call(48) " fcode="call"/>
<opset="call_ln0/2 "/>
</bind>
</comp>

<comp id="148" class="1004" name="grp_fft_1024_top_Pipeline_2_fu_148">
<pin_list>
<pin id="149" dir="0" index="0" bw="0" slack="0"/>
<pin id="150" dir="0" index="1" bw="32" slack="2147483647"/>
<pin id="151" dir="0" index="2" bw="32" slack="2147483647"/>
<pin id="152" dir="1" index="3" bw="0" slack="2147483647"/>
</pin_list>
<bind>
<opcode="call(48) " fcode="call"/>
<opset="call_ln0/2 "/>
</bind>
</comp>

<comp id="154" class="1004" name="grp_fft_1024_top_Pipeline_VITIS_LOOP_45_1_fu_154">
<pin_list>
<pin id="155" dir="0" index="0" bw="0" slack="0"/>
<pin id="156" dir="0" index="1" bw="64" slack="0"/>
<pin id="157" dir="0" index="2" bw="8" slack="0"/>
<pin id="158" dir="0" index="3" bw="8" slack="0"/>
<pin id="159" dir="0" index="4" bw="1" slack="0"/>
<pin id="160" dir="0" index="5" bw="32" slack="2147483647"/>
<pin id="161" dir="0" index="6" bw="32" slack="2147483647"/>
<pin id="162" dir="1" index="7" bw="0" slack="2147483647"/>
</pin_list>
<bind>
<opcode="call(48) " fcode="call"/>
<opset="call_ln0/4 "/>
</bind>
</comp>

<comp id="168" class="1004" name="grp_fft_1024_top_Pipeline_VITIS_LOOP_50_2_fu_168">
<pin_list>
<pin id="169" dir="0" index="0" bw="0" slack="0"/>
<pin id="170" dir="0" index="1" bw="64" slack="0"/>
<pin id="171" dir="0" index="2" bw="8" slack="0"/>
<pin id="172" dir="0" index="3" bw="8" slack="0"/>
<pin id="173" dir="0" index="4" bw="1" slack="0"/>
<pin id="174" dir="0" index="5" bw="32" slack="2147483647"/>
<pin id="175" dir="0" index="6" bw="32" slack="2147483647"/>
<pin id="176" dir="1" index="7" bw="0" slack="2147483647"/>
</pin_list>
<bind>
<opcode="call(48) " fcode="call"/>
<opset="call_ln0/7 "/>
</bind>
</comp>

<comp id="182" class="1004" name="grp_fft_fast_fu_182">
<pin_list>
<pin id="183" dir="0" index="0" bw="0" slack="0"/>
<pin id="184" dir="0" index="1" bw="32" slack="2147483647"/>
<pin id="185" dir="0" index="2" bw="32" slack="2147483647"/>
<pin id="186" dir="0" index="3" bw="10" slack="0"/>
<pin id="187" dir="0" index="4" bw="32" slack="0"/>
<pin id="188" dir="0" index="5" bw="32" slack="0"/>
<pin id="189" dir="1" index="6" bw="0" slack="2147483647"/>
</pin_list>
<bind>
<opcode="call(48) " fcode="call"/>
<opset="call_ln55/9 "/>
</bind>
</comp>

<comp id="194" class="1004" name="grp_fft_fast_fu_194">
<pin_list>
<pin id="195" dir="0" index="0" bw="0" slack="0"/>
<pin id="196" dir="0" index="1" bw="32" slack="2147483647"/>
<pin id="197" dir="0" index="2" bw="32" slack="2147483647"/>
<pin id="198" dir="0" index="3" bw="10" slack="0"/>
<pin id="199" dir="0" index="4" bw="32" slack="0"/>
<pin id="200" dir="0" index="5" bw="32" slack="0"/>
<pin id="201" dir="1" index="6" bw="0" slack="2147483647"/>
</pin_list>
<bind>
<opcode="call(48) " fcode="call"/>
<opset="call_ln56/9 "/>
</bind>
</comp>

<comp id="206" class="1004" name="grp_fft_1024_top_Pipeline_VITIS_LOOP_59_3_fu_206">
<pin_list>
<pin id="207" dir="0" index="0" bw="0" slack="0"/>
<pin id="208" dir="0" index="1" bw="32" slack="2147483647"/>
<pin id="209" dir="0" index="2" bw="32" slack="2147483647"/>
<pin id="210" dir="0" index="3" bw="64" slack="0"/>
<pin id="211" dir="0" index="4" bw="8" slack="0"/>
<pin id="212" dir="0" index="5" bw="8" slack="0"/>
<pin id="213" dir="0" index="6" bw="1" slack="0"/>
<pin id="214" dir="1" index="7" bw="0" slack="2147483647"/>
</pin_list>
<bind>
<opcode="call(48) " fcode="call"/>
<opset="call_ln0/11 "/>
</bind>
</comp>

<comp id="220" class="1004" name="grp_fft_1024_top_Pipeline_VITIS_LOOP_65_4_fu_220">
<pin_list>
<pin id="221" dir="0" index="0" bw="0" slack="0"/>
<pin id="222" dir="0" index="1" bw="32" slack="2147483647"/>
<pin id="223" dir="0" index="2" bw="32" slack="2147483647"/>
<pin id="224" dir="0" index="3" bw="64" slack="0"/>
<pin id="225" dir="0" index="4" bw="8" slack="0"/>
<pin id="226" dir="0" index="5" bw="8" slack="0"/>
<pin id="227" dir="0" index="6" bw="1" slack="0"/>
<pin id="228" dir="1" index="7" bw="0" slack="2147483647"/>
</pin_list>
<bind>
<opcode="call(48) " fcode="call"/>
<opset="call_ln0/14 "/>
</bind>
</comp>

</comp_list>

<net_list>
<net id="69"><net_src comp="22" pin="0"/><net_sink comp="66" pin=0"/></net>

<net id="73"><net_src comp="22" pin="0"/><net_sink comp="70" pin=0"/></net>

<net id="77"><net_src comp="22" pin="0"/><net_sink comp="74" pin=0"/></net>

<net id="81"><net_src comp="22" pin="0"/><net_sink comp="78" pin=0"/></net>

<net id="87"><net_src comp="66" pin="1"/><net_sink comp="82" pin=0"/></net>

<net id="88"><net_src comp="24" pin="0"/><net_sink comp="82" pin=1"/></net>

<net id="89"><net_src comp="24" pin="0"/><net_sink comp="82" pin=2"/></net>

<net id="95"><net_src comp="70" pin="1"/><net_sink comp="90" pin=0"/></net>

<net id="96"><net_src comp="24" pin="0"/><net_sink comp="90" pin=1"/></net>

<net id="97"><net_src comp="24" pin="0"/><net_sink comp="90" pin=2"/></net>

<net id="103"><net_src comp="26" pin="0"/><net_sink comp="98" pin=1"/></net>

<net id="104"><net_src comp="82" pin="3"/><net_sink comp="98" pin=0"/></net>

<net id="110"><net_src comp="26" pin="0"/><net_sink comp="105" pin=1"/></net>

<net id="111"><net_src comp="90" pin="3"/><net_sink comp="105" pin=0"/></net>

<net id="117"><net_src comp="74" pin="1"/><net_sink comp="112" pin=0"/></net>

<net id="118"><net_src comp="24" pin="0"/><net_sink comp="112" pin=1"/></net>

<net id="119"><net_src comp="24" pin="0"/><net_sink comp="112" pin=2"/></net>

<net id="125"><net_src comp="78" pin="1"/><net_sink comp="120" pin=0"/></net>

<net id="126"><net_src comp="24" pin="0"/><net_sink comp="120" pin=1"/></net>

<net id="127"><net_src comp="24" pin="0"/><net_sink comp="120" pin=2"/></net>

<net id="133"><net_src comp="26" pin="0"/><net_sink comp="128" pin=1"/></net>

<net id="134"><net_src comp="112" pin="3"/><net_sink comp="128" pin=0"/></net>

<net id="140"><net_src comp="26" pin="0"/><net_sink comp="135" pin=1"/></net>

<net id="141"><net_src comp="120" pin="3"/><net_sink comp="135" pin=0"/></net>

<net id="147"><net_src comp="28" pin="0"/><net_sink comp="142" pin=0"/></net>

<net id="153"><net_src comp="30" pin="0"/><net_sink comp="148" pin=0"/></net>

<net id="163"><net_src comp="34" pin="0"/><net_sink comp="154" pin=0"/></net>

<net id="164"><net_src comp="0" pin="0"/><net_sink comp="154" pin=1"/></net>

<net id="165"><net_src comp="2" pin="0"/><net_sink comp="154" pin=2"/></net>

<net id="166"><net_src comp="4" pin="0"/><net_sink comp="154" pin=3"/></net>

<net id="167"><net_src comp="6" pin="0"/><net_sink comp="154" pin=4"/></net>

<net id="177"><net_src comp="36" pin="0"/><net_sink comp="168" pin=0"/></net>

<net id="178"><net_src comp="0" pin="0"/><net_sink comp="168" pin=1"/></net>

<net id="179"><net_src comp="2" pin="0"/><net_sink comp="168" pin=2"/></net>

<net id="180"><net_src comp="4" pin="0"/><net_sink comp="168" pin=3"/></net>

<net id="181"><net_src comp="6" pin="0"/><net_sink comp="168" pin=4"/></net>

<net id="190"><net_src comp="38" pin="0"/><net_sink comp="182" pin=0"/></net>

<net id="191"><net_src comp="16" pin="0"/><net_sink comp="182" pin=3"/></net>

<net id="192"><net_src comp="18" pin="0"/><net_sink comp="182" pin=4"/></net>

<net id="193"><net_src comp="20" pin="0"/><net_sink comp="182" pin=5"/></net>

<net id="202"><net_src comp="38" pin="0"/><net_sink comp="194" pin=0"/></net>

<net id="203"><net_src comp="16" pin="0"/><net_sink comp="194" pin=3"/></net>

<net id="204"><net_src comp="18" pin="0"/><net_sink comp="194" pin=4"/></net>

<net id="205"><net_src comp="20" pin="0"/><net_sink comp="194" pin=5"/></net>

<net id="215"><net_src comp="40" pin="0"/><net_sink comp="206" pin=0"/></net>

<net id="216"><net_src comp="8" pin="0"/><net_sink comp="206" pin=3"/></net>

<net id="217"><net_src comp="10" pin="0"/><net_sink comp="206" pin=4"/></net>

<net id="218"><net_src comp="12" pin="0"/><net_sink comp="206" pin=5"/></net>

<net id="219"><net_src comp="14" pin="0"/><net_sink comp="206" pin=6"/></net>

<net id="229"><net_src comp="42" pin="0"/><net_sink comp="220" pin=0"/></net>

<net id="230"><net_src comp="8" pin="0"/><net_sink comp="220" pin=3"/></net>

<net id="231"><net_src comp="10" pin="0"/><net_sink comp="220" pin=4"/></net>

<net id="232"><net_src comp="12" pin="0"/><net_sink comp="220" pin=5"/></net>

<net id="233"><net_src comp="14" pin="0"/><net_sink comp="220" pin=6"/></net>

</net_list>

</model> 
---------------- Datapath Model END ------------------

* FSMD analyzer results:
  - Output states:
	Port: output_r_V_data_V | {11 12 14 15 }
	Port: output_r_V_keep_V | {11 12 14 15 }
	Port: output_r_V_strb_V | {11 12 14 15 }
	Port: output_r_V_last_V | {11 12 14 15 }
 - Input state : 
	Port: fft_1024_top : input_r_V_data_V | {4 5 7 8 }
	Port: fft_1024_top : input_r_V_keep_V | {4 5 7 8 }
	Port: fft_1024_top : input_r_V_strb_V | {4 5 7 8 }
	Port: fft_1024_top : input_r_V_last_V | {4 5 7 8 }
	Port: fft_1024_top : br_lut | {9 10 }
	Port: fft_1024_top : tw_M_value_1 | {9 10 }
	Port: fft_1024_top : tw_M_value | {9 10 }
  - Chain level:
	State 1
		ga_M_value_addr : 1
		ga_M_value_1_addr : 1
		store_ln1081 : 2
		store_ln1081 : 2
		gb_M_value_addr : 1
		gb_M_value_1_addr : 1
		store_ln1081 : 2
		store_ln1081 : 2
	State 2
	State 3
	State 4
	State 5
	State 6
	State 7
	State 8
	State 9
	State 10
	State 11
	State 12
	State 13
	State 14
	State 15
	State 16


============================================================
+ Verbose Summary: Datapath Resource usage 
============================================================

* Functional unit list:
|----------|--------------------------------------------------|---------|---------|---------|---------|
| Operation|                  Functional Unit                 |   DSP   |  Delay  |    FF   |   LUT   |
|----------|--------------------------------------------------|---------|---------|---------|---------|
|          |        grp_fft_1024_top_Pipeline_1_fu_142        |    0    |    0    |    10   |    24   |
|          |        grp_fft_1024_top_Pipeline_2_fu_148        |    0    |    0    |    10   |    24   |
|          | grp_fft_1024_top_Pipeline_VITIS_LOOP_45_1_fu_154 |    0    |    0    |    11   |    23   |
|   call   | grp_fft_1024_top_Pipeline_VITIS_LOOP_50_2_fu_168 |    0    |    0    |    11   |    23   |
|          |                grp_fft_fast_fu_182               |    16   |  23.82  |   1954  |   2437  |
|          |                grp_fft_fast_fu_194               |    16   |  23.82  |   1954  |   2437  |
|          | grp_fft_1024_top_Pipeline_VITIS_LOOP_59_3_fu_206 |    0    |  3.176  |    31   |    41   |
|          | grp_fft_1024_top_Pipeline_VITIS_LOOP_65_4_fu_220 |    0    |  3.176  |    32   |    52   |
|----------|--------------------------------------------------|---------|---------|---------|---------|
|   Total  |                                                  |    32   |  53.992 |   4013  |   5061  |
|----------|--------------------------------------------------|---------|---------|---------|---------|

Memories:
+------------+--------+--------+--------+--------+
|            |  BRAM  |   FF   |   LUT  |  URAM  |
+------------+--------+--------+--------+--------+
|   br_lut   |    1   |    0   |    0   |    -   |
| ga_M_value |    2   |    0   |    0   |    0   |
|ga_M_value_1|    2   |    0   |    0   |    0   |
| gb_M_value |    2   |    0   |    0   |    0   |
|gb_M_value_1|    2   |    0   |    0   |    0   |
| tw_M_value |    2   |    0   |    0   |    -   |
|tw_M_value_1|    2   |    0   |    0   |    -   |
+------------+--------+--------+--------+--------+
|    Total   |   13   |    0   |    0   |    0   |
+------------+--------+--------+--------+--------+

* Register list:
N/A

* Multiplexer (MUX) list: 
|--------|------|------|------|--------|
|  Comp  |  Pin | Size |  BW  | S x BW |
|--------|------|------|------|--------|
|  Total |      |      |      |    0   |
|--------|------|------|------|--------|



* Summary:
+-----------+--------+--------+--------+--------+--------+--------+
|           |  BRAM  |   DSP  |  Delay |   FF   |   LUT  |  URAM  |
+-----------+--------+--------+--------+--------+--------+--------+
|  Function |    -   |   32   |   53   |  4013  |  5061  |    -   |
|   Memory  |   13   |    -   |    -   |    0   |    0   |    0   |
|Multiplexer|    -   |    -   |    -   |    -   |    -   |    -   |
|  Register |    -   |    -   |    -   |    -   |    -   |    -   |
+-----------+--------+--------+--------+--------+--------+--------+
|   Total   |   13   |   32   |   53   |  4013  |  5061  |    0   |
+-----------+--------+--------+--------+--------+--------+--------+
