INFO: [SIM 2] *************** CSIM start ***************
INFO: [SIM 4] CSIM will launch GCC as the compiler.
   Compiling ../../../fft_tb.cpp in debug mode
   Compiling ../../../fft.cpp in debug mode
   Generating csim.exe
{46.232056,-736.795898} | {46.232056,-736.795898}
{5419.337891,-2051.607666} | {5419.339355,-2051.608398}
{112.034271,48.032776} | {112.034164,48.028809}
{-2648.473633,-1085.182861} | {-2648.471680,-1085.179932}
{1559.675537,-872.051147} | {1559.675903,-872.051514}
{1746.293091,2969.228516} | {1746.296021,2969.229492}
{-653.875610,3.204102} | {-653.878052,3.206543}
{25.077744,360.171509} | {25.076736,360.171875}
{761.911987,-617.419678} | {761.913330,-617.422119}
{-1953.983276,-1774.208984} | {-1953.983154,-1774.210327}
{2082.293213,1317.815918} | {2082.295410,1317.814087}
{-1766.324951,1490.203613} | {-1766.325073,1490.206299}
{848.229492,2667.007324} | {848.227539,2667.005859}
{-107.583984,1535.424561} | {-107.580963,1535.424194}
{1645.198975,696.694458} | {1645.200684,696.693420}
{-2465.014160,-1837.643311} | {-2465.016113,-1837.644531}
{5139.468262,-627.821045} | {5139.468750,-627.817139}
{1436.779053,-971.895020} | {1436.780151,-971.898438}
{-152.727173,832.638794} | {-152.727661,832.636963}
{915.791687,-6076.774902} | {915.786499,-6076.771973}
{-703.459229,2488.573730} | {-703.459595,2488.571777}
{4900.395508,-4372.968262} | {4900.394531,-4372.965820}
{2396.733398,107.630249} | {2396.734863,107.630859}
{-1746.829346,1374.839355} | {-1746.828491,1374.839111}
{-415.729401,-4046.333008} | {-415.726562,-4046.332031}
{3340.625488,-2800.885986} | {3340.626953,-2800.884277}
{-580.549927,-6624.192383} | {-580.550293,-6624.194336}
{-2465.343018,-3057.757568} | {-2465.339844,-3057.761475}
{5611.361328,-584.196289} | {5611.356445,-584.197266}
{4282.033203,539.312256} | {4282.028809,539.311646}
{3511.518555,-3285.479492} | {3511.516602,-3285.477539}
{-2472.962891,-1707.775391} | {-2472.967285,-1707.773804}
{3046.692383,2120.407959} | {3046.693848,2120.408203}
{-3700.786621,1481.456055} | {-3700.789062,1481.455566}
{-234.493195,-1125.224365} | {-234.490173,-1125.224609}
{-572.066895,346.899109} | {-572.067871,346.900146}
{-14.812378,-946.539795} | {-14.811462,-946.540894}
{1031.763306,-804.785400} | {1031.766357,-804.788086}
{-1459.120605,-2139.608154} | {-1459.117920,-2139.607422}
{252.803589,3437.119873} | {252.801758,3437.118164}
{6491.459473,4960.240723} | {6491.459961,4960.241211}
{400.499512,-1409.760132} | {400.501709,-1409.761475}
{876.937683,3081.709229} | {876.935547,3081.713867}
{-3872.028076,1331.619141} | {-3872.027832,1331.618164}
{-924.202637,-4779.604980} | {-924.202271,-4779.600586}
{1865.853271,686.927185} | {1865.851929,686.924622}
{-1995.132324,4640.996582} | {-1995.131226,4640.993164}
{-5373.573242,2549.375000} | {-5373.575195,2549.376953}
{3789.934570,-1423.645996} | {3789.932861,-1423.648926}
{2341.834961,-1724.139160} | {2341.835938,-1724.139893}
{-1599.128418,747.367188} | {-1599.125610,747.362305}
{4255.011719,3426.181152} | {4255.010742,3426.180664}
{2865.551025,-3016.241455} | {2865.552246,-3016.245361}
{-330.450195,481.633301} | {-330.456543,481.629028}
{-2137.467285,3055.549316} | {-2137.464355,3055.548340}
{-3747.168945,3758.875732} | {-3747.164795,3758.875732}
{-2333.375000,4544.734375} | {-2333.377930,4544.735352}
{-3328.515625,-2891.571045} | {-3328.512451,-2891.573242}
{-6686.416016,1915.378052} | {-6686.416992,1915.380615}
{2252.285400,4360.445312} | {2252.287109,4360.448730}
{2537.759766,160.261963} | {2537.758789,160.260986}
{-524.436035,1834.658936} | {-524.435547,1834.659912}
{-3573.195801,-581.625366} | {-3573.193359,-581.627258}
{-4585.531738,-2140.627930} | {-4585.538086,-2140.625488}
{735.351807,-4691.330078} | {735.356934,-4691.332031}
{-3118.806152,1437.640503} | {-3118.808594,1437.637207}
{-866.535217,946.456665} | {-866.535950,946.455811}
{1147.579712,228.090088} | {1147.583252,228.094360}
{3930.610107,3504.857422} | {3930.610352,3504.862549}
{1798.838623,669.523071} | {1798.839233,669.522766}
{-31.933105,-830.457275} | {-31.931702,-830.457397}
{-1378.575195,588.563477} | {-1378.574219,588.570801}
{1735.875732,-3710.010742} | {1735.877319,-3710.011230}
{1629.225098,-1690.418579} | {1629.222656,-1690.418823}
{-4930.675781,-5371.773926} | {-4930.676758,-5371.774414}
{-5349.904297,-1074.345703} | {-5349.906738,-1074.344360}
{1497.085083,1315.845459} | {1497.086914,1315.841553}
{1596.934082,50.652710} | {1596.939697,50.653076}
{3383.576172,765.654053} | {3383.581299,765.653076}
{2799.220703,594.400879} | {2799.217529,594.400513}
{281.141479,6567.824219} | {281.136597,6567.834961}
{-1700.002441,-4299.323242} | {-1699.994873,-4299.330566}
{-2206.765381,1064.398560} | {-2206.765625,1064.396484}
{-1752.794556,1361.905518} | {-1752.794189,1361.907593}
{-5913.193848,-5206.042969} | {-5913.190430,-5206.043457}
{4868.568359,230.629517} | {4868.570312,230.626465}
{-510.409668,-2937.199219} | {-510.411621,-2937.205078}
{-2823.699707,867.904053} | {-2823.704102,867.903137}
{2317.839600,-2724.703125} | {2317.842041,-2724.702393}
{-3199.508789,-3274.959473} | {-3199.510742,-3274.966797}
{-4492.962891,-4326.248047} | {-4492.969727,-4326.255859}
{-6314.753418,-8267.442383} | {-6314.759766,-8267.453125}
{-898.549500,2479.405762} | {-898.550171,2479.411133}
{-1300.077393,-27.909058} | {-1300.075439,-27.908447}
{-1719.704834,-1480.868896} | {-1719.706787,-1480.871948}
{3292.179688,2284.547363} | {3292.181152,2284.546387}
{2142.544922,656.911133} | {2142.544678,656.914551}
{365.397827,-1686.043457} | {365.399658,-1686.044067}
{4639.041016,-993.876770} | {4639.044434,-993.875061}
{2360.914062,-1925.146606} | {2360.910156,-1925.151733}
{1102.907837,-588.786377} | {1102.907837,-588.790161}
{1413.055542,-4185.973145} | {1413.061035,-4185.979004}
{-2010.673340,2193.625977} | {-2010.674438,2193.627930}
{1940.992188,7055.865234} | {1940.995117,7055.866211}
{-2584.459717,146.710632} | {-2584.463867,146.709595}
{-3923.689941,5304.186523} | {-3923.695312,5304.188477}
{-3446.128418,3912.980957} | {-3446.127686,3912.985596}
{1299.399902,-3031.963379} | {1299.398682,-3031.963379}
{4098.424316,285.069458} | {4098.431152,285.074951}
{3083.691650,-3739.738037} | {3083.689697,-3739.734131}
{-3101.939453,2668.150635} | {-3101.937012,2668.156250}
{1383.117432,7317.552246} | {1383.118408,7317.554199}
{-2844.957031,127.097229} | {-2844.957520,127.094009}
{1720.898438,2851.996582} | {1720.904175,2852.001465}
{-58.273956,-4529.743164} | {-58.273987,-4529.746582}
{-91.688171,3890.608398} | {-91.685059,3890.611816}
{-1181.659912,243.981934} | {-1181.661621,243.977539}
{-4342.028320,-719.538330} | {-4342.029297,-719.534668}
{1495.666016,-5021.847656} | {1495.666992,-5021.853516}
{-937.850342,-938.541565} | {-937.851990,-938.540161}
{-843.558594,4205.158203} | {-843.554932,4205.162109}
{2456.532959,-1049.669678} | {2456.530762,-1049.670166}
{-1906.659424,-2545.347412} | {-1906.656250,-2545.348145}
{77.525726,-6589.971191} | {77.526031,-6589.980469}
{-1739.352173,1080.223877} | {-1739.352539,1080.224854}
{-1804.189819,2663.382812} | {-1804.194580,2663.388184}
{3076.690430,-1213.427612} | {3076.691162,-1213.427734}
{4483.762695,2414.537109} | {4483.770020,2414.539062}
{5714.629883,-2198.656006} | {5714.634766,-2198.656006}
{-641.447571,-3084.403320} | {-641.446411,-3084.403564}
{-791.315735,804.733032} | {-791.314331,804.728149}
{879.140015,-2674.235352} | {879.144409,-2674.236084}
{1751.803223,-2792.996826} | {1751.809082,-2793.000488}
{94.450439,2957.892822} | {94.457764,2957.893311}
{816.598389,-3827.537842} | {816.592041,-3827.542969}
{-2071.273682,-1318.447998} | {-2071.271729,-1318.442871}
{575.115906,-4250.940918} | {575.114502,-4250.945801}
{-3601.469482,-561.632996} | {-3601.469727,-561.636108}
{-366.957031,-528.817871} | {-366.964844,-528.824341}
{486.464752,953.174744} | {486.461517,953.173889}
{679.285217,1525.604492} | {679.284180,1525.603882}
{-2899.061523,-2876.583008} | {-2899.059082,-2876.590576}
{-1697.507324,-3616.696777} | {-1697.504395,-3616.702637}
{2485.392090,-641.948792} | {2485.394287,-641.948853}
{-92.885925,-266.397888} | {-92.887329,-266.395508}
{8062.395508,3319.812012} | {8062.407715,3319.820801}
{-2759.230957,322.871826} | {-2759.236816,322.866699}
{1622.515869,-1210.800903} | {1622.512207,-1210.801880}
{3694.461670,-1765.337402} | {3694.459961,-1765.341675}
{-4858.881836,-81.260834} | {-4858.883789,-81.258575}
{-1064.369629,1434.067383} | {-1064.377686,1434.071533}
{3018.689453,2837.120605} | {3018.698242,2837.125977}
{-20.144073,2986.181885} | {-20.145050,2986.183105}
{2979.575195,3400.832520} | {2979.570312,3400.837646}
{-212.551392,-2532.108643} | {-212.559814,-2532.114746}
{-3000.949951,-1947.053711} | {-3000.958252,-1947.055542}
{-1660.424805,-4029.692871} | {-1660.428223,-4029.694580}
{3601.896240,-932.051270} | {3601.895020,-932.053467}
{1379.435791,-856.025146} | {1379.435913,-856.026245}
{-1176.011719,187.076050} | {-1176.011597,187.078552}
{-3001.660156,-1964.413086} | {-3001.667725,-1964.419067}
{-1448.815918,3105.990234} | {-1448.817383,3105.994873}
{-3215.535645,-30.351440} | {-3215.534668,-30.351685}
{-5501.855469,1035.088379} | {-5501.854980,1035.089355}
{686.462769,-1467.333252} | {686.461914,-1467.332153}
{-1156.383057,-2010.715454} | {-1156.382324,-2010.719238}
{-434.315308,-5480.214844} | {-434.317139,-5480.224609}
{-1493.206421,1286.184692} | {-1493.203125,1286.183838}
{651.638672,666.535034} | {651.644775,666.532104}
{2496.683838,4102.474609} | {2496.679688,4102.483398}
{1052.508911,665.949707} | {1052.515503,665.959473}
{1811.672363,98.929932} | {1811.674683,98.927734}
{-3598.461182,-3168.760254} | {-3598.469482,-3168.757080}
{-262.066772,-1444.526123} | {-262.064575,-1444.518311}
{-1137.942383,-2585.666992} | {-1137.943115,-2585.671875}
{-110.745239,-2341.970947} | {-110.749756,-2341.973633}
{-2786.123535,-998.064758} | {-2786.124756,-998.063599}
{1436.386719,-3320.297363} | {1436.395142,-3320.309570}
{1707.879639,-5550.435059} | {1707.885010,-5550.439453}
{3466.842041,-4315.823242} | {3466.844482,-4315.830078}
{-2006.407593,-4026.607910} | {-2006.415161,-4026.614990}
{-2187.768555,935.360474} | {-2187.771973,935.364990}
{152.892578,3613.241699} | {152.887695,3613.247559}
{194.432922,-683.513550} | {194.431396,-683.517700}
{4299.047852,572.751221} | {4299.056641,572.746460}
{-2244.972656,-1235.348389} | {-2244.969971,-1235.350464}
{-1119.031006,-126.003479} | {-1119.026611,-126.002014}
{3174.743164,3183.707031} | {3174.750000,3183.715332}
{2268.953369,-2639.285645} | {2268.957520,-2639.284180}
{2116.479736,1097.534912} | {2116.487305,1097.528076}
{3096.225098,-5202.699219} | {3096.225586,-5202.706055}
{4228.892090,-1324.474121} | {4228.892578,-1324.478882}
{-4087.469727,-1295.865723} | {-4087.483398,-1295.867798}
{1763.776367,-6526.525391} | {1763.785034,-6526.536133}
{1467.867920,3862.467529} | {1467.871216,3862.470459}
{1451.541748,4574.584961} | {1451.541382,4574.582520}
{-872.855469,-6869.961914} | {-872.860596,-6869.975586}
{-4030.160156,-7735.468262} | {-4030.169922,-7735.487793}
{-3734.417725,-1986.746338} | {-3734.420410,-1986.751343}
{-104.557556,-414.822296} | {-104.556412,-414.820587}
{-503.089050,6431.751953} | {-503.095215,6431.759766}
{3505.593506,5567.304688} | {3505.597656,5567.316406}
{1308.390991,4994.822754} | {1308.394653,4994.833008}
{2039.911499,6821.786133} | {2039.913452,6821.788574}
{1976.776733,1442.216919} | {1976.780029,1442.220825}
{169.005585,-3907.926758} | {169.006500,-3907.919678}
{-1354.881836,2622.094727} | {-1354.900146,2622.092041}
{-1449.635376,-429.651367} | {-1449.635010,-429.655762}
{5173.816406,-3475.971191} | {5173.823242,-3475.977539}
{-56.609741,-360.411133} | {-56.608459,-360.420410}
{-3062.908203,175.829132} | {-3062.906982,175.830292}
{-2438.739746,-3862.935791} | {-2438.741455,-3862.934326}
{-1804.074463,1151.310303} | {-1804.078369,1151.313354}
{2370.206299,1270.559204} | {2370.206055,1270.559204}
{5560.951660,495.944092} | {5560.959961,495.936035}
{4600.674805,1081.678101} | {4600.692871,1081.684814}
{-1542.092041,1918.012207} | {-1542.093140,1918.009521}
{-811.026489,-1883.296265} | {-811.030762,-1883.300415}
{495.802002,994.144897} | {495.798584,994.144165}
{-2264.149414,3058.474121} | {-2264.152832,3058.475342}
{3700.103516,-489.337646} | {3700.119141,-489.340820}
{5262.405273,-3928.946533} | {5262.411133,-3928.947754}
{-1263.373291,2215.358154} | {-1263.380127,2215.354492}
{-78.760498,2432.829346} | {-78.768066,2432.833496}
{823.092041,3024.998535} | {823.092224,3025.001709}
{1968.055176,214.858643} | {1968.058105,214.863068}
{-1058.105957,-1791.767578} | {-1058.113525,-1791.776733}
{-2270.789062,5952.881836} | {-2270.786133,5952.899414}
{3438.322021,-6962.200195} | {3438.329834,-6962.216309}
{1359.819336,1775.880615} | {1359.816650,1775.875366}
{3754.937012,431.880615} | {3754.935547,431.879639}
{984.406677,-2291.490723} | {984.402527,-2291.498535}
{1522.427368,1084.410889} | {1522.433594,1084.406616}
{2311.631348,-1791.107422} | {2311.639648,-1791.106445}
{-2336.937012,5689.585449} | {-2336.932861,5689.605469}
{589.720764,-993.524048} | {589.715271,-993.520508}
{-2224.420654,4935.845703} | {-2224.423828,4935.852051}
{-4188.722168,-1011.862549} | {-4188.727539,-1011.875977}
{-662.327881,-492.505219} | {-662.321533,-492.504150}
{2440.734863,2540.940918} | {2440.745605,2540.947998}
{685.104919,-921.363281} | {685.103821,-921.364258}
{-7593.451660,-1441.149902} | {-7593.479004,-1441.156982}
{1345.273926,1793.510742} | {1345.257812,1793.507324}
{3443.781738,-2713.971924} | {3443.791992,-2713.966797}
{-4328.958496,-1011.925354} | {-4328.967285,-1011.926880}
{795.791748,-2305.139160} | {795.802612,-2305.132812}
{-1700.990234,-800.293518} | {-1700.986572,-800.292969}
{2103.519043,3410.677979} | {2103.521973,3410.683350}
{-2679.731689,-3847.810791} | {-2679.745850,-3847.807617}
{-3054.468750,-2333.702637} | {-3054.482178,-2333.712646}
{2293.097900,2665.812500} | {2293.109375,2665.821289}
{-891.695801,3831.584229} | {-891.694641,3831.593994}
{-625.096497,-1262.039673} | {-625.100281,-1262.039551}
{1436.951172,-1381.806641} | {1436.969238,-1381.815918}
{3707.546387,619.445435} | {3707.551758,619.448975}
{-205.045654,-167.977783} | {-205.046173,-167.969604}
{-3436.073242,359.147461} | {-3436.073242,359.147461}
{347.833252,1415.294678} | {347.833496,1415.297363}
{491.583893,-1630.820557} | {491.583618,-1630.821533}
{-457.453003,1227.273926} | {-457.453979,1227.271240}
{-119.286621,-190.232513} | {-119.288086,-190.230103}
{-5449.409668,-5746.264648} | {-5449.415527,-5746.264648}
{651.647583,-4703.148438} | {651.647339,-4703.149902}
{212.742081,-3409.247559} | {212.744308,-3409.245605}
{4521.056641,727.145020} | {4521.057617,727.145996}
{2263.846191,-2306.330078} | {2263.850342,-2306.328125}
{-576.707275,-3287.305176} | {-576.708435,-3287.305664}
{3150.930420,-3863.786621} | {3150.927734,-3863.784912}
{5567.292969,2191.248047} | {5567.290039,2191.242188}
{-956.877075,1768.659180} | {-956.878052,1768.658325}
{-7226.676758,2077.578613} | {-7226.674316,2077.578125}
{-1007.585510,-2024.684814} | {-1007.585754,-2024.683594}
{-6346.020996,33.309784} | {-6346.022461,33.306396}
{1034.025879,-421.507812} | {1034.026245,-421.507355}
{1378.248291,-588.431274} | {1378.245483,-588.428467}
{-166.604431,-4169.570801} | {-166.604126,-4169.569824}
{2725.450439,-1543.676270} | {2725.447266,-1543.673462}
{1454.907104,-794.001465} | {1454.908325,-794.002197}
{314.576660,-2328.079590} | {314.572876,-2328.080566}
{475.135193,-6196.500000} | {475.135864,-6196.499023}
{-878.600342,-2976.084961} | {-878.598633,-2976.084961}
{2206.246094,-24.023682} | {2206.246094,-24.021973}
{2014.163940,-5230.588867} | {2014.166504,-5230.586914}
{1087.814697,2648.902100} | {1087.812500,2648.901123}
{5235.388672,855.505371} | {5235.387695,855.500977}
{1723.092896,2622.113037} | {1723.092163,2622.113770}
{1621.737793,-1253.894165} | {1621.735474,-1253.891479}
{4099.450684,-3112.620117} | {4099.449707,-3112.619141}
{-2020.802856,1984.618896} | {-2020.804688,1984.619141}
{3663.157715,3695.057617} | {3663.155273,3695.060547}
{568.238892,-3193.076416} | {568.239807,-3193.072266}
{5379.125488,-699.924011} | {5379.127441,-699.927002}
{-1484.222046,-155.876007} | {-1484.222656,-155.875397}
{1664.531616,6114.084961} | {1664.527588,6114.086914}
{-1331.587158,-2647.195557} | {-1331.586914,-2647.193359}
{3679.100586,-1340.599854} | {3679.099609,-1340.603394}
{3840.497559,3501.326660} | {3840.496826,3501.325195}
{-4437.914062,-794.869019} | {-4437.921875,-794.872253}
{-1009.046814,-3014.326416} | {-1009.047119,-3014.331055}
{-4224.134277,2368.424805} | {-4224.128418,2368.427246}
{-4972.563965,-659.171387} | {-4972.557617,-659.170654}
{3202.895752,2548.411377} | {3202.894043,2548.413574}
{-3229.337402,5395.527832} | {-3229.335938,5395.525391}
{1937.829712,-7785.021484} | {1937.827271,-7785.026367}
{-1394.021851,610.579773} | {-1394.023682,610.580688}
{-5569.236328,1181.831543} | {-5569.241211,1181.830811}
{-41.193970,6130.350586} | {-41.198120,6130.352539}
{-2644.089600,-109.013550} | {-2644.089844,-109.017212}
{-1325.406006,5915.665039} | {-1325.410522,5915.666992}
{8833.504883,1221.208984} | {8833.507812,1221.207153}
{174.029785,882.466187} | {174.028320,882.464355}
{-5240.762695,3257.587158} | {-5240.760742,3257.584229}
{2984.129883,-1253.867920} | {2984.130859,-1253.870361}
{-1261.265259,2173.649658} | {-1261.266846,2173.652832}
{-4982.645508,-5203.370117} | {-4982.641602,-5203.373047}
{-4103.690918,-4138.192383} | {-4103.691406,-4138.194824}
{-3784.117188,-1729.953613} | {-3784.117188,-1729.955078}
{4810.914551,-944.812256} | {4810.913574,-944.814209}
{1291.886841,1682.391724} | {1291.888184,1682.391846}
{-441.828125,-78.848633} | {-441.826172,-78.847046}
{-3407.792236,2028.815186} | {-3407.797363,2028.817139}
{-204.747192,-1618.070679} | {-204.743530,-1618.068848}
{-581.235901,-1822.710815} | {-581.234558,-1822.712402}
{-3920.494629,-3538.050049} | {-3920.496338,-3538.052734}
{-699.391846,2747.371094} | {-699.397583,2747.371338}
{2252.300049,2654.777832} | {2252.302246,2654.779053}
{-398.859863,1174.682373} | {-398.859924,1174.685547}
{-5132.523926,-4890.103516} | {-5132.526367,-4890.104004}
{1984.178711,1249.999512} | {1984.178345,1250.001465}
{4029.548340,-674.309448} | {4029.546387,-674.304077}
{-469.908936,-1321.770508} | {-469.908447,-1321.769531}
{3630.684814,-3613.483398} | {3630.688965,-3613.485352}
{-2766.537598,6759.871094} | {-2766.531250,6759.870117}
{-5414.981934,47.119019} | {-5414.980469,47.113525}
{-4487.739258,1374.585693} | {-4487.743164,1374.587158}
{3125.928711,-387.229065} | {3125.929443,-387.229523}
{2593.456055,-4237.703125} | {2593.458984,-4237.713867}
{-6234.045898,2305.764648} | {-6234.055664,2305.766357}
{1517.832520,3232.846191} | {1517.834106,3232.845703}
{-887.883179,-1671.518555} | {-887.882812,-1671.520386}
{-6861.265137,-3639.453125} | {-6861.262695,-3639.451660}
{-1659.621338,-2047.630249} | {-1659.621338,-2047.631836}
{3710.755371,4600.694336} | {3710.756348,4600.696289}
{1665.576660,581.789795} | {1665.577759,581.791809}
{-471.009766,-4254.636230} | {-471.011536,-4254.636719}
{-1837.911987,6098.657715} | {-1837.914062,6098.662109}
{22.460693,3219.039307} | {22.465820,3219.043457}
{1967.350098,5185.353516} | {1967.356201,5185.365234}
{296.944763,-4565.612793} | {296.945465,-4565.615234}
{-94.236084,-3617.894043} | {-94.236145,-3617.891602}
{2863.114502,2369.337646} | {2863.115967,2369.338867}
{-18.137085,-52.760132} | {-18.141113,-52.764526}
{2909.377930,-3685.283691} | {2909.379150,-3685.288574}
{-1913.475952,1515.257080} | {-1913.478516,1515.257935}
{-24.862061,-118.115784} | {-24.865723,-118.115662}
{5154.607422,-605.646362} | {5154.610352,-605.651489}
{1577.642944,1279.046143} | {1577.642944,1279.046265}
{4127.351074,4020.268066} | {4127.354492,4020.275879}
{1572.884277,-305.073730} | {1572.889282,-305.077209}
{-1219.472168,3484.172119} | {-1219.475586,3484.166748}
{2178.620850,795.162170} | {2178.625977,795.161987}
{-2621.240723,2331.156250} | {-2621.242188,2331.152344}
{-2787.724609,599.042358} | {-2787.725830,599.037842}
{2302.002441,-1125.158203} | {2302.002197,-1125.155762}
{-6158.424316,-3409.241699} | {-6158.428223,-3409.243408}
{2597.396729,-5097.234375} | {2597.396240,-5097.232422}
{-4427.956055,-2596.823975} | {-4427.955566,-2596.826172}
{4628.095703,4374.619629} | {4628.101562,4374.617676}
{-705.055054,153.164368} | {-705.051880,153.164780}
{-737.860107,-3050.707031} | {-737.860962,-3050.712891}
{787.234619,-1457.221680} | {787.236389,-1457.217285}
{-1632.131592,-5077.030273} | {-1632.133789,-5077.036621}
{110.163635,5356.304688} | {110.161560,5356.309570}
{-1646.782837,-4117.113281} | {-1646.778442,-4117.115723}
{-454.607178,3031.572510} | {-454.606506,3031.581543}
{1547.833496,2021.586914} | {1547.837891,2021.586548}
{-237.286713,220.663818} | {-237.286743,220.659058}
{1108.426758,296.479248} | {1108.428711,296.481384}
{-2934.985596,307.813477} | {-2934.987305,307.814819}
{703.264526,3597.815918} | {703.264160,3597.826172}
{1594.880493,-474.443909} | {1594.880371,-474.446350}
{3683.344238,-1296.797852} | {3683.341553,-1296.803833}
{2333.000000,1741.869995} | {2332.995850,1741.871582}
{-1246.689453,1897.527344} | {-1246.693481,1897.526367}
{1395.173340,-2000.980713} | {1395.168701,-2000.980591}
{237.560608,-1438.005859} | {237.562653,-1438.004150}
{-2264.226807,4405.562012} | {-2264.229004,4405.566895}
{-3312.761719,-2470.666016} | {-3312.766113,-2470.661865}
{-1074.590332,-2118.188232} | {-1074.593018,-2118.189453}
{-4247.654297,2635.560303} | {-4247.658203,2635.559814}
{4241.388672,-731.108643} | {4241.395508,-731.101562}
{-2342.955322,-4508.204102} | {-2342.952881,-4508.208008}
{2379.361572,187.925415} | {2379.363525,187.930786}
{-666.083252,2293.427979} | {-666.079956,2293.432129}
{4340.166992,3844.657715} | {4340.173340,3844.662598}
{-258.869354,2157.361816} | {-258.868927,2157.361328}
{1578.717773,2476.690918} | {1578.719971,2476.690918}
{-1305.907715,1643.619019} | {-1305.904907,1643.623291}
{-1956.697266,3049.016113} | {-1956.698730,3049.024414}
{350.832642,905.166443} | {350.829102,905.168091}
{-1433.804443,-1777.971924} | {-1433.804077,-1777.975830}
{178.606201,3665.493164} | {178.593262,3665.495117}
{4055.449707,4872.872070} | {4055.454590,4872.873535}
{3505.048584,-2474.229004} | {3505.046387,-2474.232422}
{1919.137939,2530.962891} | {1919.134888,2530.969727}
{-755.841064,-210.372711} | {-755.837891,-210.371552}
{4601.439453,-2522.627930} | {4601.445312,-2522.632080}
{-5364.090820,-426.610352} | {-5364.096680,-426.614380}
{-988.544067,1292.284912} | {-988.546387,1292.281738}
{3371.544434,1514.384766} | {3371.544922,1514.384033}
{3078.801758,1829.297119} | {3078.806396,1829.303223}
{2174.859619,1657.954590} | {2174.869873,1657.957642}
{2257.127930,2059.391602} | {2257.133789,2059.394775}
{952.714111,3688.678223} | {952.711304,3688.677979}
{-961.977295,1560.603760} | {-961.979126,1560.609009}
{200.113831,-501.299927} | {200.114258,-501.296814}
{3351.455078,1280.135742} | {3351.463135,1280.140991}
{-1327.972168,-2305.406250} | {-1327.971924,-2305.413330}
{-219.987793,-1901.430786} | {-219.983276,-1901.429810}
{-5476.179688,-141.595154} | {-5476.178223,-141.593811}
{908.686890,-2514.076660} | {908.688843,-2514.079102}
{132.521057,1165.063110} | {132.523132,1165.064209}
{-1157.083862,2723.865234} | {-1157.084473,2723.876709}
{-2607.072754,1264.773804} | {-2607.074219,1264.774902}
{-2757.736816,4277.504883} | {-2757.744873,4277.510254}
{3137.445557,280.065430} | {3137.449707,280.060669}
{-3901.256836,-5484.908691} | {-3901.266602,-5484.922363}
{-3212.681152,2048.523193} | {-3212.685547,2048.525879}
{1465.861084,-1802.977173} | {1465.869385,-1802.971436}
{-2064.167480,-5729.083984} | {-2064.166016,-5729.086914}
{81.425964,2302.175781} | {81.425049,2302.183594}
{3039.739746,104.106689} | {3039.744141,104.110718}
{-317.567505,-1014.055481} | {-317.563721,-1014.053467}
{-1138.868408,4698.198730} | {-1138.877319,4698.208008}
{-170.835632,993.652832} | {-170.838135,993.663086}
{1224.731689,-637.827881} | {1224.726807,-637.822632}
{3294.754883,844.449707} | {3294.762695,844.457764}
{487.074097,-649.627563} | {487.073242,-649.632324}
{2585.054688,-3745.992676} | {2585.057617,-3746.000977}
{2188.664307,2833.722656} | {2188.663818,2833.726562}
{-637.122192,4084.218018} | {-637.129150,4084.221680}
{-1819.725098,-2354.561279} | {-1819.721558,-2354.562012}
{-4932.590820,-1559.683350} | {-4932.598633,-1559.681152}
{-1756.279297,-651.110352} | {-1756.286011,-651.117065}
{-2268.028076,-2464.361816} | {-2268.035645,-2464.362305}
{-610.611511,5268.473633} | {-610.618530,5268.472656}
{1785.449707,1207.916138} | {1785.445679,1207.928711}
{4021.943848,661.950623} | {4021.944580,661.951416}
{4760.565430,-59.307678} | {4760.579102,-59.305542}
{-1047.939453,64.655029} | {-1047.945435,64.667236}
{-1224.767822,3123.956299} | {-1224.771118,3123.954346}
{-340.726562,1910.117065} | {-340.727905,1910.111816}
{5729.593262,-1076.864502} | {5729.604492,-1076.851807}
{521.394531,2205.270020} | {521.402344,2205.287598}
{352.073975,2087.442139} | {352.079590,2087.446045}
{-297.250549,-785.095703} | {-297.248291,-785.097412}
{660.449402,1257.566650} | {660.453491,1257.554443}
{-448.062500,621.168213} | {-448.068848,621.157227}
{-1398.516235,243.379883} | {-1398.519409,243.370361}
{1532.965942,5124.720703} | {1532.968140,5124.717285}
{-2126.885254,-1171.841431} | {-2126.890869,-1171.844849}
{-481.480560,-4375.813477} | {-481.479279,-4375.809570}
{7848.315430,3237.807129} | {7848.328125,3237.804443}
{-2021.747192,2666.509033} | {-2021.748291,2666.515137}
{3062.257568,47.405273} | {3062.255859,47.411987}
{-1424.535278,4937.900879} | {-1424.541504,4937.910156}
{-2621.717773,-169.725128} | {-2621.713135,-169.725067}
{-1027.147949,-4495.568359} | {-1027.145996,-4495.565430}
{40.012390,-792.165833} | {40.017761,-792.169800}
{1878.739868,993.424866} | {1878.738159,993.423218}
{901.055176,4953.803711} | {901.046875,4953.809082}
{-6129.778320,-1671.010132} | {-6129.794434,-1671.015137}
{-1635.960938,3148.048828} | {-1635.963013,3148.050537}
{3003.172363,-973.220581} | {3003.180664,-973.217896}
{3076.680908,1567.372192} | {3076.687988,1567.370972}
{-262.457458,1556.196655} | {-262.447754,1556.193115}
{-5522.271484,-684.718994} | {-5522.288086,-684.716309}
{-1260.282715,-969.924072} | {-1260.294189,-969.916016}
{3020.307373,3111.120361} | {3020.315674,3111.119141}
{4630.447266,60.120605} | {4630.455566,60.116821}
{366.030548,1733.565063} | {366.030090,1733.563232}
{641.441345,-540.715454} | {641.439270,-540.718262}
{5248.045898,2953.650879} | {5248.051758,2953.664551}
{-2438.935547,-1008.666260} | {-2438.938477,-1008.678223}
{1083.421143,2157.292236} | {1083.415283,2157.312012}
{1554.400879,4142.956055} | {1554.397705,4142.960449}
{5000.682129,416.720215} | {5000.682617,416.721558}
{1858.360840,1564.045044} | {1858.360352,1564.049805}
{-1820.246216,3453.877197} | {-1820.251465,3453.883301}
{-999.290527,-1137.936523} | {-999.293091,-1137.938232}
{-4728.999023,-2671.579590} | {-4729.004883,-2671.600342}
{2473.199219,-3780.403320} | {2473.201172,-3780.408203}
{-281.465576,-150.786865} | {-281.463135,-150.794922}
{653.677734,5476.918945} | {653.684570,5476.925781}
{-4501.956055,-337.541473} | {-4501.960938,-337.540039}
{-3573.239746,-2045.929688} | {-3573.252930,-2045.934814}
{219.501053,359.993164} | {219.499695,359.995850}
{2936.346191,-1682.411133} | {2936.371582,-1682.408203}
{7287.383301,3158.712891} | {7287.392578,3158.718262}
{-1899.180786,-5053.708008} | {-1899.192261,-5053.709961}
{681.780884,105.344299} | {681.792480,105.346069}
{-4335.617188,-2927.684082} | {-4335.627441,-2927.683594}
{-1662.484619,-567.570251} | {-1662.482178,-567.571777}
{1129.104614,-253.012451} | {1129.102539,-253.019775}
{3604.911865,-5261.164062} | {3604.923096,-5261.165039}
{3555.117676,1265.106567} | {3555.130615,1265.114258}
{-3230.100342,-1511.136108} | {-3230.113770,-1511.143188}
{-322.654053,258.084717} | {-322.656067,258.074707}
{832.600891,-1295.730103} | {832.601868,-1295.728271}
{-5670.055664,3494.632812} | {-5670.069336,3494.640625}
{-1471.728394,-2166.475586} | {-1471.736816,-2166.479492}
{137.405029,-3899.228027} | {137.404816,-3899.235840}
No Error
INFO: [SIM 1] CSim done with 0 errors.
INFO: [SIM 3] *************** CSIM finish ***************
