

================================================================
== Vitis HLS Report for 'ifft_1024_top_Pipeline_VITIS_LOOP_85_3'
================================================================
* Date:           Tue Apr 28 14:35:49 2026

* Version:        2022.1 (Build 3526262 on Mon Apr 18 15:47:01 MDT 2022)
* Project:        ifft_1024
* Solution:       solution1 (Vivado IP Flow Target)
* Product family: zynq
* Target device:  xc7z020-clg484-1


================================================================
== Performance Estimates
================================================================
+ Timing: 
    * Summary: 
    +--------+----------+----------+------------+
    |  Clock |  Target  | Estimated| Uncertainty|
    +--------+----------+----------+------------+
    |ap_clk  |  10.00 ns|  7.256 ns|     2.70 ns|
    +--------+----------+----------+------------+

+ Latency: 
    * Summary: 
    +---------+---------+-----------+-----------+------+------+---------+
    |  Latency (cycles) |   Latency (absolute)  |   Interval  | Pipeline|
    |   min   |   max   |    min    |    max    |  min |  max |   Type  |
    +---------+---------+-----------+-----------+------+------+---------+
    |     1031|     1031|  10.310 us|  10.310 us|  1031|  1031|       no|
    +---------+---------+-----------+-----------+------+------+---------+

    + Detail: 
        * Instance: 
        N/A

        * Loop: 
        +-------------------+---------+---------+----------+-----------+-----------+------+----------+
        |                   |  Latency (cycles) | Iteration|  Initiation Interval  | Trip |          |
        |     Loop Name     |   min   |   max   |  Latency |  achieved |   target  | Count| Pipelined|
        +-------------------+---------+---------+----------+-----------+-----------+------+----------+
        |- VITIS_LOOP_85_3  |     1029|     1029|         7|          1|          1|  1024|       yes|
        +-------------------+---------+---------+----------+-----------+-----------+------+----------+

============================================================
+ Verbose Summary: Synthesis Manager
============================================================
InlineROM: 1
ExposeGlobal: 0
============================================================
+ Verbose Summary: CDFG Model
============================================================
IsTopModel: 0
ResetActiveHigh: 1
IsCombinational: 0
IsDatapathOnly: 0
HasWiredReturn: 1
HasMFsm: 2
HasVarLatency: 1
IsPipeline: 0
IsRtlPipelined: 0
IsInstanceOverlapped: 0
IsDontTouch: 0
HasImplIP: 0
IsGatedGlobalClock: 0

+ Individual pipeline summary: 
  * Pipeline-0: initiation interval (II) = 1, depth = 7


============================================================
+ Verbose Summary: Schedule
============================================================
* Number of FSM states : 7
* Pipeline : 1
  Pipeline-0 : II = 1, D = 7, States = { 1 2 3 4 5 6 7 }
* Dataflow Pipeline: 0

* FSM state transitions: 
1 --> 2 
2 --> 3 
3 --> 4 
4 --> 5 
5 --> 6 
6 --> 7 
7 --> 

* FSM state operations: 

State 1 <SV = 0> <Delay = 3.46>
ST_1 : Operation 10 [1/1] (0.00ns)   --->   "%i = alloca i32 1"   --->   Operation 10 'alloca' 'i' <Predicate = true> <Delay = 0.00>
ST_1 : Operation 11 [1/1] (0.00ns)   --->   "%specinterface_ln0 = specinterface void @_ssdm_op_SpecInterface, i1 %output_r_V_last_V, i8 %output_r_V_strb_V, i8 %output_r_V_keep_V, i64 %output_r_V_data_V, void @empty_1, i32 0, i32 0, void @empty_5, i32 0, i32 0, void @empty_2, void @empty_2, void @empty_2, i32 0, i32 0, i32 0, i32 0, void @empty_2, void @empty_2, i32 4294967295, i32 0"   --->   Operation 11 'specinterface' 'specinterface_ln0' <Predicate = true> <Delay = 0.00>
ST_1 : Operation 12 [1/1] (1.58ns)   --->   "%store_ln0 = store i11 0, i11 %i"   --->   Operation 12 'store' 'store_ln0' <Predicate = true> <Delay = 1.58>
ST_1 : Operation 13 [1/1] (0.00ns)   --->   "%br_ln0 = br void %for.body27"   --->   Operation 13 'br' 'br_ln0' <Predicate = true> <Delay = 0.00>
ST_1 : Operation 14 [1/1] (0.00ns)   --->   "%i_2 = load i11 %i" [ifft_1024/ifft.cpp:85]   --->   Operation 14 'load' 'i_2' <Predicate = true> <Delay = 0.00>
ST_1 : Operation 15 [1/1] (0.00ns)   --->   "%specpipeline_ln0 = specpipeline void @_ssdm_op_SpecPipeline, i32 4294967295, i32 0, i32 1, i32 0, void @p_str"   --->   Operation 15 'specpipeline' 'specpipeline_ln0' <Predicate = true> <Delay = 0.00>
ST_1 : Operation 16 [1/1] (1.88ns)   --->   "%icmp_ln85 = icmp_eq  i11 %i_2, i11 1024" [ifft_1024/ifft.cpp:85]   --->   Operation 16 'icmp' 'icmp_ln85' <Predicate = true> <Delay = 1.88> <CoreInst = "Cmp">   --->   Core 9 'Cmp' <Latency = 0> <II = 1> <Delay = 1.88> <FuncUnit> <Opcode : 'icmp'> <InPorts = 2> <OutPorts = 1>
ST_1 : Operation 17 [1/1] (0.00ns)   --->   "%empty = speclooptripcount i32 @_ssdm_op_SpecLoopTripCount, i64 1024, i64 1024, i64 1024"   --->   Operation 17 'speclooptripcount' 'empty' <Predicate = true> <Delay = 0.00>
ST_1 : Operation 18 [1/1] (1.63ns)   --->   "%add_ln85 = add i11 %i_2, i11 1" [ifft_1024/ifft.cpp:85]   --->   Operation 18 'add' 'add_ln85' <Predicate = true> <Delay = 1.63> <CoreInst = "Adder">   --->   Core 1 'Adder' <Latency = 0> <II = 1> <Delay = 1.63> <FuncUnit> <Opcode : 'add' 'sub'> <InPorts = 2> <OutPorts = 1>
ST_1 : Operation 19 [1/1] (0.00ns)   --->   "%br_ln85 = br i1 %icmp_ln85, void %for.body27.split, void %for.cond.cleanup26.exitStub" [ifft_1024/ifft.cpp:85]   --->   Operation 19 'br' 'br_ln85' <Predicate = true> <Delay = 0.00>
ST_1 : Operation 20 [1/1] (0.00ns)   --->   "%i_3_cast = zext i11 %i_2" [ifft_1024/ifft.cpp:85]   --->   Operation 20 'zext' 'i_3_cast' <Predicate = (!icmp_ln85)> <Delay = 0.00>
ST_1 : Operation 21 [1/1] (0.00ns)   --->   "%ga_M_value_addr = getelementptr i32 %ga_M_value, i64 0, i64 %i_3_cast"   --->   Operation 21 'getelementptr' 'ga_M_value_addr' <Predicate = (!icmp_ln85)> <Delay = 0.00>
ST_1 : Operation 22 [2/2] (3.25ns)   --->   "%p_r_M_value = load i10 %ga_M_value_addr"   --->   Operation 22 'load' 'p_r_M_value' <Predicate = (!icmp_ln85)> <Delay = 3.25> <CoreInst = "RAM">   --->   Core 82 'RAM' <Latency = 1> <II = 1> <Delay = 3.25> <Storage> <Opcode : 'load' 'store'> <Ports = 2> <Width = 32> <Depth = 1024> <RAM>
ST_1 : Operation 23 [1/1] (0.00ns)   --->   "%ga_M_value_1_addr = getelementptr i32 %ga_M_value_1, i64 0, i64 %i_3_cast"   --->   Operation 23 'getelementptr' 'ga_M_value_1_addr' <Predicate = (!icmp_ln85)> <Delay = 0.00>
ST_1 : Operation 24 [2/2] (3.25ns)   --->   "%p_r_M_value_8 = load i10 %ga_M_value_1_addr"   --->   Operation 24 'load' 'p_r_M_value_8' <Predicate = (!icmp_ln85)> <Delay = 3.25> <CoreInst = "RAM">   --->   Core 82 'RAM' <Latency = 1> <II = 1> <Delay = 3.25> <Storage> <Opcode : 'load' 'store'> <Ports = 2> <Width = 32> <Depth = 1024> <RAM>
ST_1 : Operation 25 [1/1] (0.00ns)   --->   "%gb_M_value_addr = getelementptr i32 %gb_M_value, i64 0, i64 %i_3_cast"   --->   Operation 25 'getelementptr' 'gb_M_value_addr' <Predicate = (!icmp_ln85)> <Delay = 0.00>
ST_1 : Operation 26 [2/2] (3.25ns)   --->   "%gb_M_value_load = load i10 %gb_M_value_addr"   --->   Operation 26 'load' 'gb_M_value_load' <Predicate = (!icmp_ln85)> <Delay = 3.25> <CoreInst = "RAM">   --->   Core 82 'RAM' <Latency = 1> <II = 1> <Delay = 3.25> <Storage> <Opcode : 'load' 'store'> <Ports = 2> <Width = 32> <Depth = 1024> <RAM>
ST_1 : Operation 27 [1/1] (0.00ns)   --->   "%gb_M_value_1_addr = getelementptr i32 %gb_M_value_1, i64 0, i64 %i_3_cast"   --->   Operation 27 'getelementptr' 'gb_M_value_1_addr' <Predicate = (!icmp_ln85)> <Delay = 0.00>
ST_1 : Operation 28 [2/2] (3.25ns)   --->   "%gb_M_value_1_load = load i10 %gb_M_value_1_addr"   --->   Operation 28 'load' 'gb_M_value_1_load' <Predicate = (!icmp_ln85)> <Delay = 3.25> <CoreInst = "RAM">   --->   Core 82 'RAM' <Latency = 1> <II = 1> <Delay = 3.25> <Storage> <Opcode : 'load' 'store'> <Ports = 2> <Width = 32> <Depth = 1024> <RAM>
ST_1 : Operation 29 [1/1] (1.88ns)   --->   "%tmp_last_V = icmp_eq  i11 %i_2, i11 1023" [ifft_1024/ifft.cpp:89]   --->   Operation 29 'icmp' 'tmp_last_V' <Predicate = (!icmp_ln85)> <Delay = 1.88> <CoreInst = "Cmp">   --->   Core 9 'Cmp' <Latency = 0> <II = 1> <Delay = 1.88> <FuncUnit> <Opcode : 'icmp'> <InPorts = 2> <OutPorts = 1>
ST_1 : Operation 30 [1/1] (1.58ns)   --->   "%store_ln85 = store i11 %add_ln85, i11 %i" [ifft_1024/ifft.cpp:85]   --->   Operation 30 'store' 'store_ln85' <Predicate = (!icmp_ln85)> <Delay = 1.58>

State 2 <SV = 1> <Delay = 3.25>
ST_2 : Operation 31 [1/2] (3.25ns)   --->   "%p_r_M_value = load i10 %ga_M_value_addr"   --->   Operation 31 'load' 'p_r_M_value' <Predicate = true> <Delay = 3.25> <CoreInst = "RAM">   --->   Core 82 'RAM' <Latency = 1> <II = 1> <Delay = 3.25> <Storage> <Opcode : 'load' 'store'> <Ports = 2> <Width = 32> <Depth = 1024> <RAM>
ST_2 : Operation 32 [1/2] (3.25ns)   --->   "%p_r_M_value_8 = load i10 %ga_M_value_1_addr"   --->   Operation 32 'load' 'p_r_M_value_8' <Predicate = true> <Delay = 3.25> <CoreInst = "RAM">   --->   Core 82 'RAM' <Latency = 1> <II = 1> <Delay = 3.25> <Storage> <Opcode : 'load' 'store'> <Ports = 2> <Width = 32> <Depth = 1024> <RAM>
ST_2 : Operation 33 [1/2] (3.25ns)   --->   "%gb_M_value_load = load i10 %gb_M_value_addr"   --->   Operation 33 'load' 'gb_M_value_load' <Predicate = true> <Delay = 3.25> <CoreInst = "RAM">   --->   Core 82 'RAM' <Latency = 1> <II = 1> <Delay = 3.25> <Storage> <Opcode : 'load' 'store'> <Ports = 2> <Width = 32> <Depth = 1024> <RAM>
ST_2 : Operation 34 [1/2] (3.25ns)   --->   "%gb_M_value_1_load = load i10 %gb_M_value_1_addr"   --->   Operation 34 'load' 'gb_M_value_1_load' <Predicate = true> <Delay = 3.25> <CoreInst = "RAM">   --->   Core 82 'RAM' <Latency = 1> <II = 1> <Delay = 3.25> <Storage> <Opcode : 'load' 'store'> <Ports = 2> <Width = 32> <Depth = 1024> <RAM>

State 3 <SV = 2> <Delay = 7.25>
ST_3 : Operation 35 [5/5] (7.25ns)   --->   "%p_r_M_value_11 = fadd i32 %p_r_M_value, i32 %gb_M_value_load"   --->   Operation 35 'fadd' 'p_r_M_value_11' <Predicate = true> <Delay = 7.25> <CoreInst = "FAddSub_fulldsp">   --->   Core 18 'FAddSub_fulldsp' <Latency = 4> <II = 1> <Delay = 7.25> <FuncUnit> <Opcode : 'fadd' 'fsub'> <InPorts = 2> <OutPorts = 1>
ST_3 : Operation 36 [5/5] (7.25ns)   --->   "%p_r_M_value_12 = fadd i32 %p_r_M_value_8, i32 %gb_M_value_1_load"   --->   Operation 36 'fadd' 'p_r_M_value_12' <Predicate = true> <Delay = 7.25> <CoreInst = "FAddSub_fulldsp">   --->   Core 18 'FAddSub_fulldsp' <Latency = 4> <II = 1> <Delay = 7.25> <FuncUnit> <Opcode : 'fadd' 'fsub'> <InPorts = 2> <OutPorts = 1>

State 4 <SV = 3> <Delay = 7.25>
ST_4 : Operation 37 [4/5] (7.25ns)   --->   "%p_r_M_value_11 = fadd i32 %p_r_M_value, i32 %gb_M_value_load"   --->   Operation 37 'fadd' 'p_r_M_value_11' <Predicate = true> <Delay = 7.25> <CoreInst = "FAddSub_fulldsp">   --->   Core 18 'FAddSub_fulldsp' <Latency = 4> <II = 1> <Delay = 7.25> <FuncUnit> <Opcode : 'fadd' 'fsub'> <InPorts = 2> <OutPorts = 1>
ST_4 : Operation 38 [4/5] (7.25ns)   --->   "%p_r_M_value_12 = fadd i32 %p_r_M_value_8, i32 %gb_M_value_1_load"   --->   Operation 38 'fadd' 'p_r_M_value_12' <Predicate = true> <Delay = 7.25> <CoreInst = "FAddSub_fulldsp">   --->   Core 18 'FAddSub_fulldsp' <Latency = 4> <II = 1> <Delay = 7.25> <FuncUnit> <Opcode : 'fadd' 'fsub'> <InPorts = 2> <OutPorts = 1>

State 5 <SV = 4> <Delay = 7.25>
ST_5 : Operation 39 [3/5] (7.25ns)   --->   "%p_r_M_value_11 = fadd i32 %p_r_M_value, i32 %gb_M_value_load"   --->   Operation 39 'fadd' 'p_r_M_value_11' <Predicate = true> <Delay = 7.25> <CoreInst = "FAddSub_fulldsp">   --->   Core 18 'FAddSub_fulldsp' <Latency = 4> <II = 1> <Delay = 7.25> <FuncUnit> <Opcode : 'fadd' 'fsub'> <InPorts = 2> <OutPorts = 1>
ST_5 : Operation 40 [3/5] (7.25ns)   --->   "%p_r_M_value_12 = fadd i32 %p_r_M_value_8, i32 %gb_M_value_1_load"   --->   Operation 40 'fadd' 'p_r_M_value_12' <Predicate = true> <Delay = 7.25> <CoreInst = "FAddSub_fulldsp">   --->   Core 18 'FAddSub_fulldsp' <Latency = 4> <II = 1> <Delay = 7.25> <FuncUnit> <Opcode : 'fadd' 'fsub'> <InPorts = 2> <OutPorts = 1>

State 6 <SV = 5> <Delay = 7.25>
ST_6 : Operation 41 [2/5] (7.25ns)   --->   "%p_r_M_value_11 = fadd i32 %p_r_M_value, i32 %gb_M_value_load"   --->   Operation 41 'fadd' 'p_r_M_value_11' <Predicate = true> <Delay = 7.25> <CoreInst = "FAddSub_fulldsp">   --->   Core 18 'FAddSub_fulldsp' <Latency = 4> <II = 1> <Delay = 7.25> <FuncUnit> <Opcode : 'fadd' 'fsub'> <InPorts = 2> <OutPorts = 1>
ST_6 : Operation 42 [2/5] (7.25ns)   --->   "%p_r_M_value_12 = fadd i32 %p_r_M_value_8, i32 %gb_M_value_1_load"   --->   Operation 42 'fadd' 'p_r_M_value_12' <Predicate = true> <Delay = 7.25> <CoreInst = "FAddSub_fulldsp">   --->   Core 18 'FAddSub_fulldsp' <Latency = 4> <II = 1> <Delay = 7.25> <FuncUnit> <Opcode : 'fadd' 'fsub'> <InPorts = 2> <OutPorts = 1>
ST_6 : Operation 51 [1/1] (0.00ns)   --->   "%ret_ln0 = ret"   --->   Operation 51 'ret' 'ret_ln0' <Predicate = (icmp_ln85)> <Delay = 0.00>

State 7 <SV = 6> <Delay = 7.25>
ST_7 : Operation 43 [1/1] (0.00ns)   --->   "%specloopname_ln85 = specloopname void @_ssdm_op_SpecLoopName, void @empty_8" [ifft_1024/ifft.cpp:85]   --->   Operation 43 'specloopname' 'specloopname_ln85' <Predicate = true> <Delay = 0.00>
ST_7 : Operation 44 [1/5] (7.25ns)   --->   "%p_r_M_value_11 = fadd i32 %p_r_M_value, i32 %gb_M_value_load"   --->   Operation 44 'fadd' 'p_r_M_value_11' <Predicate = true> <Delay = 7.25> <CoreInst = "FAddSub_fulldsp">   --->   Core 18 'FAddSub_fulldsp' <Latency = 4> <II = 1> <Delay = 7.25> <FuncUnit> <Opcode : 'fadd' 'fsub'> <InPorts = 2> <OutPorts = 1>
ST_7 : Operation 45 [1/5] (7.25ns)   --->   "%p_r_M_value_12 = fadd i32 %p_r_M_value_8, i32 %gb_M_value_1_load"   --->   Operation 45 'fadd' 'p_r_M_value_12' <Predicate = true> <Delay = 7.25> <CoreInst = "FAddSub_fulldsp">   --->   Core 18 'FAddSub_fulldsp' <Latency = 4> <II = 1> <Delay = 7.25> <FuncUnit> <Opcode : 'fadd' 'fsub'> <InPorts = 2> <OutPorts = 1>
ST_7 : Operation 46 [1/1] (0.00ns)   --->   "%bitcast_ln304 = bitcast i32 %p_r_M_value_11"   --->   Operation 46 'bitcast' 'bitcast_ln304' <Predicate = true> <Delay = 0.00>
ST_7 : Operation 47 [1/1] (0.00ns)   --->   "%bitcast_ln304_1 = bitcast i32 %p_r_M_value_12"   --->   Operation 47 'bitcast' 'bitcast_ln304_1' <Predicate = true> <Delay = 0.00>
ST_7 : Operation 48 [1/1] (0.00ns)   --->   "%p_0 = bitconcatenate i64 @_ssdm_op_BitConcatenate.i64.i32.i32, i32 %bitcast_ln304_1, i32 %bitcast_ln304"   --->   Operation 48 'bitconcatenate' 'p_0' <Predicate = true> <Delay = 0.00>
ST_7 : Operation 49 [1/1] (0.00ns)   --->   "%write_ln304 = write void @_ssdm_op_Write.axis.volatile.i64P0A.i8P0A.i8P0A.i1P0A, i64 %output_r_V_data_V, i8 %output_r_V_keep_V, i8 %output_r_V_strb_V, i1 %output_r_V_last_V, i64 %p_0, i8 255, i8 0, i1 %tmp_last_V"   --->   Operation 49 'write' 'write_ln304' <Predicate = true> <Delay = 0.00> <CoreInst = "axis">   --->   Core 115 'axis' <Latency = 0> <II = 1> <Delay = 1.00> <Adapter> <Opcode : >
ST_7 : Operation 50 [1/1] (0.00ns)   --->   "%br_ln85 = br void %for.body27" [ifft_1024/ifft.cpp:85]   --->   Operation 50 'br' 'br_ln85' <Predicate = true> <Delay = 0.00>


============================================================
+ Verbose Summary: Timing violations
============================================================
Target clock period: 10ns, clock uncertainty: 2.7ns.

 <State 1>: 3.47ns
The critical path consists of the following:
	'alloca' operation ('i') [9]  (0 ns)
	'load' operation ('i', ifft_1024/ifft.cpp:85) on local variable 'i' [14]  (0 ns)
	'getelementptr' operation ('ga_M_value_addr') [23]  (0 ns)
	'load' operation ('__r._M_value') on array 'ga_M_value' [24]  (3.25 ns)
	blocking operation 0.214 ns on control path)

 <State 2>: 3.25ns
The critical path consists of the following:
	'load' operation ('__r._M_value') on array 'ga_M_value' [24]  (3.25 ns)

 <State 3>: 7.26ns
The critical path consists of the following:
	'fadd' operation ('__r._M_value') [29]  (7.26 ns)

 <State 4>: 7.26ns
The critical path consists of the following:
	'fadd' operation ('__r._M_value') [29]  (7.26 ns)

 <State 5>: 7.26ns
The critical path consists of the following:
	'fadd' operation ('__r._M_value') [29]  (7.26 ns)

 <State 6>: 7.26ns
The critical path consists of the following:
	'fadd' operation ('__r._M_value') [29]  (7.26 ns)

 <State 7>: 7.26ns
The critical path consists of the following:
	'fadd' operation ('__r._M_value') [29]  (7.26 ns)


============================================================
+ Verbose Summary: Binding
============================================================
N/A
* FSMD analyzer results:
  - Output states:
 - Input state : 
  - Chain level:
	State 1
	State 2
	State 3
	State 4
	State 5
	State 6
	State 7


============================================================
+ Verbose Summary: Datapath Resource usage 
============================================================
N/A
