

================================================================
== Vitis HLS Report for 'ifft_fast_Pipeline_VITIS_LOOP_22_4'
================================================================
* Date:           Tue Apr 28 14:35:49 2026

* Version:        2022.1 (Build 3526262 on Mon Apr 18 15:47:01 MDT 2022)
* Project:        ifft_1024
* Solution:       solution1 (Vivado IP Flow Target)
* Product family: zynq
* Target device:  xc7z020-clg484-1


================================================================
== Performance Estimates
================================================================
+ Timing: 
    * Summary: 
    +--------+----------+----------+------------+
    |  Clock |  Target  | Estimated| Uncertainty|
    +--------+----------+----------+------------+
    |ap_clk  |  10.00 ns|  7.256 ns|     2.70 ns|
    +--------+----------+----------+------------+

+ Latency: 
    * Summary: 
    +---------+---------+----------+-----------+-----+------+---------+
    |  Latency (cycles) |  Latency (absolute)  |  Interval  | Pipeline|
    |   min   |   max   |    min   |    max    | min |  max |   Type  |
    +---------+---------+----------+-----------+-----+------+---------+
    |       20|     9218|  0.200 us|  92.180 us|   20|  9218|       no|
    +---------+---------+----------+-----------+-----+------+---------+

    + Detail: 
        * Instance: 
        N/A

        * Loop: 
        +-------------------+---------+---------+----------+-----------+-----------+---------+----------+
        |                   |  Latency (cycles) | Iteration|  Initiation Interval  |   Trip  |          |
        |     Loop Name     |   min   |   max   |  Latency |  achieved |   target  |  Count  | Pipelined|
        +-------------------+---------+---------+----------+-----------+-----------+---------+----------+
        |- VITIS_LOOP_22_4  |       18|     9216|        18|         18|          1|  1 ~ 512|       yes|
        +-------------------+---------+---------+----------+-----------+-----------+---------+----------+

============================================================
+ Verbose Summary: Synthesis Manager
============================================================
InlineROM: 1
ExposeGlobal: 0
============================================================
+ Verbose Summary: CDFG Model
============================================================
IsTopModel: 0
ResetActiveHigh: 1
IsCombinational: 0
IsDatapathOnly: 0
HasWiredReturn: 1
HasMFsm: 2
HasVarLatency: 1
IsPipeline: 0
IsRtlPipelined: 0
IsInstanceOverlapped: 0
IsDontTouch: 0
HasImplIP: 0
IsGatedGlobalClock: 0

+ Individual pipeline summary: 
  * Pipeline-0: initiation interval (II) = 18, depth = 18


============================================================
+ Verbose Summary: Schedule
============================================================
* Number of FSM states : 18
* Pipeline : 1
  Pipeline-0 : II = 18, D = 18, States = { 1 2 3 4 5 6 7 8 9 10 11 12 13 14 15 16 17 18 }
* Dataflow Pipeline: 0

* FSM state transitions: 
1 --> 2 
2 --> 3 
3 --> 4 
4 --> 5 
5 --> 6 
6 --> 7 
7 --> 8 
8 --> 9 
9 --> 10 
10 --> 11 
11 --> 12 
12 --> 13 
13 --> 14 
14 --> 15 
15 --> 16 
16 --> 17 
17 --> 18 
18 --> 

* FSM state operations: 

State 1 <SV = 0> <Delay = 6.71>
ST_1 : Operation 21 [1/1] (0.00ns)   --->   "%j = alloca i32 1"   --->   Operation 21 'alloca' 'j' <Predicate = true> <Delay = 0.00>
ST_1 : Operation 22 [1/1] (0.00ns)   --->   "%trunc_ln21_2_read = read i10 @_ssdm_op_Read.ap_auto.i10, i10 %trunc_ln21_2"   --->   Operation 22 'read' 'trunc_ln21_2_read' <Predicate = true> <Delay = 0.00>
ST_1 : Operation 23 [1/1] (0.00ns)   --->   "%trunc_ln21_1_read = read i10 @_ssdm_op_Read.ap_auto.i10, i10 %trunc_ln21_1"   --->   Operation 23 'read' 'trunc_ln21_1_read' <Predicate = true> <Delay = 0.00>
ST_1 : Operation 24 [1/1] (0.00ns)   --->   "%m2_read = read i10 @_ssdm_op_Read.ap_auto.i10, i10 %m2"   --->   Operation 24 'read' 'm2_read' <Predicate = true> <Delay = 0.00>
ST_1 : Operation 25 [1/1] (1.58ns)   --->   "%store_ln0 = store i10 0, i10 %j"   --->   Operation 25 'store' 'store_ln0' <Predicate = true> <Delay = 1.58>
ST_1 : Operation 26 [1/1] (0.00ns)   --->   "%br_ln0 = br void %for.inc39"   --->   Operation 26 'br' 'br_ln0' <Predicate = true> <Delay = 0.00>
ST_1 : Operation 27 [1/1] (0.00ns)   --->   "%j_1 = load i10 %j" [ifft_1024/ifft.cpp:23]   --->   Operation 27 'load' 'j_1' <Predicate = true> <Delay = 0.00>
ST_1 : Operation 28 [1/1] (0.00ns)   --->   "%specpipeline_ln0 = specpipeline void @_ssdm_op_SpecPipeline, i32 4294967295, i32 0, i32 1, i32 0, void @p_str"   --->   Operation 28 'specpipeline' 'specpipeline_ln0' <Predicate = true> <Delay = 0.00>
ST_1 : Operation 29 [1/1] (1.77ns)   --->   "%icmp_ln22 = icmp_eq  i10 %j_1, i10 %m2_read" [ifft_1024/ifft.cpp:22]   --->   Operation 29 'icmp' 'icmp_ln22' <Predicate = true> <Delay = 1.77> <CoreInst = "Cmp">   --->   Core 9 'Cmp' <Latency = 0> <II = 1> <Delay = 1.77> <FuncUnit> <Opcode : 'icmp'> <InPorts = 2> <OutPorts = 1>
ST_1 : Operation 30 [1/1] (0.00ns)   --->   "%empty = speclooptripcount i32 @_ssdm_op_SpecLoopTripCount, i64 1, i64 512, i64 0"   --->   Operation 30 'speclooptripcount' 'empty' <Predicate = true> <Delay = 0.00>
ST_1 : Operation 31 [1/1] (1.73ns)   --->   "%add_ln22 = add i10 %j_1, i10 1" [ifft_1024/ifft.cpp:22]   --->   Operation 31 'add' 'add_ln22' <Predicate = true> <Delay = 1.73> <CoreInst = "Adder">   --->   Core 1 'Adder' <Latency = 0> <II = 1> <Delay = 1.73> <FuncUnit> <Opcode : 'add' 'sub'> <InPorts = 2> <OutPorts = 1>
ST_1 : Operation 32 [1/1] (0.00ns)   --->   "%br_ln22 = br i1 %icmp_ln22, void %for.inc39.split, void %for.inc42.loopexit.exitStub" [ifft_1024/ifft.cpp:22]   --->   Operation 32 'br' 'br_ln22' <Predicate = true> <Delay = 0.00>
ST_1 : Operation 33 [1/1] (1.73ns)   --->   "%add_ln23 = add i10 %j_1, i10 %trunc_ln21_1_read" [ifft_1024/ifft.cpp:23]   --->   Operation 33 'add' 'add_ln23' <Predicate = (!icmp_ln22)> <Delay = 1.73> <CoreInst = "Adder">   --->   Core 1 'Adder' <Latency = 0> <II = 1> <Delay = 1.73> <FuncUnit> <Opcode : 'add' 'sub'> <InPorts = 2> <OutPorts = 1>
ST_1 : Operation 34 [1/1] (0.00ns)   --->   "%zext_ln23 = zext i10 %add_ln23" [ifft_1024/ifft.cpp:23]   --->   Operation 34 'zext' 'zext_ln23' <Predicate = (!icmp_ln22)> <Delay = 0.00>
ST_1 : Operation 35 [1/1] (0.00ns)   --->   "%tw_M_value_1_addr = getelementptr i32 %tw_M_value_1, i64 0, i64 %zext_ln23" [ifft_1024/ifft.cpp:23]   --->   Operation 35 'getelementptr' 'tw_M_value_1_addr' <Predicate = (!icmp_ln22)> <Delay = 0.00>
ST_1 : Operation 36 [2/2] (3.25ns)   --->   "%tw_M_value_2 = load i10 %tw_M_value_1_addr" [ifft_1024/ifft.cpp:23]   --->   Operation 36 'load' 'tw_M_value_2' <Predicate = (!icmp_ln22)> <Delay = 3.25> <CoreInst = "ROM">   --->   Core 95 'ROM' <Latency = 1> <II = 1> <Delay = 3.25> <Storage> <Opcode : 'load'> <Ports = 0> <Width = 32> <Depth = 1024> <ROM>
ST_1 : Operation 37 [1/1] (0.00ns)   --->   "%tw_M_value_addr = getelementptr i32 %tw_M_value, i64 0, i64 %zext_ln23" [ifft_1024/ifft.cpp:23]   --->   Operation 37 'getelementptr' 'tw_M_value_addr' <Predicate = (!icmp_ln22)> <Delay = 0.00>
ST_1 : Operation 38 [2/2] (3.25ns)   --->   "%tw_M_value_3 = load i10 %tw_M_value_addr" [ifft_1024/ifft.cpp:23]   --->   Operation 38 'load' 'tw_M_value_3' <Predicate = (!icmp_ln22)> <Delay = 3.25> <CoreInst = "ROM">   --->   Core 95 'ROM' <Latency = 1> <II = 1> <Delay = 3.25> <Storage> <Opcode : 'load'> <Ports = 0> <Width = 32> <Depth = 1024> <ROM>
ST_1 : Operation 39 [1/1] (1.73ns)   --->   "%add_ln24 = add i10 %j_1, i10 %trunc_ln21_2_read" [ifft_1024/ifft.cpp:24]   --->   Operation 39 'add' 'add_ln24' <Predicate = (!icmp_ln22)> <Delay = 1.73> <CoreInst = "Adder">   --->   Core 1 'Adder' <Latency = 0> <II = 1> <Delay = 1.73> <FuncUnit> <Opcode : 'add' 'sub'> <InPorts = 2> <OutPorts = 1>
ST_1 : Operation 40 [1/1] (0.00ns)   --->   "%zext_ln388 = zext i10 %add_ln24"   --->   Operation 40 'zext' 'zext_ln388' <Predicate = (!icmp_ln22)> <Delay = 0.00>
ST_1 : Operation 41 [1/1] (1.73ns)   --->   "%add_ln1097 = add i10 %add_ln24, i10 %m2_read"   --->   Operation 41 'add' 'add_ln1097' <Predicate = (!icmp_ln22)> <Delay = 1.73> <CoreInst = "Adder">   --->   Core 1 'Adder' <Latency = 0> <II = 1> <Delay = 1.73> <FuncUnit> <Opcode : 'add' 'sub'> <InPorts = 2> <OutPorts = 1>
ST_1 : Operation 42 [1/1] (0.00ns)   --->   "%zext_ln1097 = zext i10 %add_ln1097"   --->   Operation 42 'zext' 'zext_ln1097' <Predicate = (!icmp_ln22)> <Delay = 0.00>
ST_1 : Operation 43 [1/1] (0.00ns)   --->   "%x_0_addr = getelementptr i32 %x_0, i64 0, i64 %zext_ln1097"   --->   Operation 43 'getelementptr' 'x_0_addr' <Predicate = (!icmp_ln22)> <Delay = 0.00>
ST_1 : Operation 44 [2/2] (3.25ns)   --->   "%p_t = load i10 %x_0_addr"   --->   Operation 44 'load' 'p_t' <Predicate = (!icmp_ln22)> <Delay = 3.25> <CoreInst = "RAM">   --->   Core 82 'RAM' <Latency = 1> <II = 1> <Delay = 3.25> <Storage> <Opcode : 'load' 'store'> <Ports = 2> <Width = 32> <Depth = 1024> <RAM>
ST_1 : Operation 45 [1/1] (0.00ns)   --->   "%x_1_addr = getelementptr i32 %x_1, i64 0, i64 %zext_ln1097"   --->   Operation 45 'getelementptr' 'x_1_addr' <Predicate = (!icmp_ln22)> <Delay = 0.00>
ST_1 : Operation 46 [2/2] (3.25ns)   --->   "%p_t_1 = load i10 %x_1_addr"   --->   Operation 46 'load' 'p_t_1' <Predicate = (!icmp_ln22)> <Delay = 3.25> <CoreInst = "RAM">   --->   Core 82 'RAM' <Latency = 1> <II = 1> <Delay = 3.25> <Storage> <Opcode : 'load' 'store'> <Ports = 2> <Width = 32> <Depth = 1024> <RAM>
ST_1 : Operation 47 [1/1] (0.00ns)   --->   "%x_0_addr_2 = getelementptr i32 %x_0, i64 0, i64 %zext_ln388" [ifft_1024/ifft.cpp:25]   --->   Operation 47 'getelementptr' 'x_0_addr_2' <Predicate = (!icmp_ln22)> <Delay = 0.00>
ST_1 : Operation 48 [2/2] (3.25ns)   --->   "%u_M_value = load i10 %x_0_addr_2" [ifft_1024/ifft.cpp:25]   --->   Operation 48 'load' 'u_M_value' <Predicate = (!icmp_ln22)> <Delay = 3.25> <CoreInst = "RAM">   --->   Core 82 'RAM' <Latency = 1> <II = 1> <Delay = 3.25> <Storage> <Opcode : 'load' 'store'> <Ports = 2> <Width = 32> <Depth = 1024> <RAM>
ST_1 : Operation 49 [1/1] (0.00ns)   --->   "%x_1_addr_2 = getelementptr i32 %x_1, i64 0, i64 %zext_ln388" [ifft_1024/ifft.cpp:25]   --->   Operation 49 'getelementptr' 'x_1_addr_2' <Predicate = (!icmp_ln22)> <Delay = 0.00>
ST_1 : Operation 50 [2/2] (3.25ns)   --->   "%u_M_value_2 = load i10 %x_1_addr_2" [ifft_1024/ifft.cpp:25]   --->   Operation 50 'load' 'u_M_value_2' <Predicate = (!icmp_ln22)> <Delay = 3.25> <CoreInst = "RAM">   --->   Core 82 'RAM' <Latency = 1> <II = 1> <Delay = 3.25> <Storage> <Opcode : 'load' 'store'> <Ports = 2> <Width = 32> <Depth = 1024> <RAM>
ST_1 : Operation 51 [1/1] (1.58ns)   --->   "%store_ln22 = store i10 %add_ln22, i10 %j" [ifft_1024/ifft.cpp:22]   --->   Operation 51 'store' 'store_ln22' <Predicate = (!icmp_ln22)> <Delay = 1.58>
ST_1 : Operation 110 [1/1] (0.00ns)   --->   "%ret_ln0 = ret"   --->   Operation 110 'ret' 'ret_ln0' <Predicate = (icmp_ln22)> <Delay = 0.00>

State 2 <SV = 1> <Delay = 3.25>
ST_2 : Operation 52 [1/2] (3.25ns)   --->   "%tw_M_value_2 = load i10 %tw_M_value_1_addr" [ifft_1024/ifft.cpp:23]   --->   Operation 52 'load' 'tw_M_value_2' <Predicate = true> <Delay = 3.25> <CoreInst = "ROM">   --->   Core 95 'ROM' <Latency = 1> <II = 1> <Delay = 3.25> <Storage> <Opcode : 'load'> <Ports = 0> <Width = 32> <Depth = 1024> <ROM>
ST_2 : Operation 53 [1/2] (3.25ns)   --->   "%tw_M_value_3 = load i10 %tw_M_value_addr" [ifft_1024/ifft.cpp:23]   --->   Operation 53 'load' 'tw_M_value_3' <Predicate = true> <Delay = 3.25> <CoreInst = "ROM">   --->   Core 95 'ROM' <Latency = 1> <II = 1> <Delay = 3.25> <Storage> <Opcode : 'load'> <Ports = 0> <Width = 32> <Depth = 1024> <ROM>
ST_2 : Operation 54 [1/2] (3.25ns)   --->   "%p_t = load i10 %x_0_addr"   --->   Operation 54 'load' 'p_t' <Predicate = true> <Delay = 3.25> <CoreInst = "RAM">   --->   Core 82 'RAM' <Latency = 1> <II = 1> <Delay = 3.25> <Storage> <Opcode : 'load' 'store'> <Ports = 2> <Width = 32> <Depth = 1024> <RAM>
ST_2 : Operation 55 [1/2] (3.25ns)   --->   "%p_t_1 = load i10 %x_1_addr"   --->   Operation 55 'load' 'p_t_1' <Predicate = true> <Delay = 3.25> <CoreInst = "RAM">   --->   Core 82 'RAM' <Latency = 1> <II = 1> <Delay = 3.25> <Storage> <Opcode : 'load' 'store'> <Ports = 2> <Width = 32> <Depth = 1024> <RAM>
ST_2 : Operation 56 [1/2] (3.25ns)   --->   "%u_M_value = load i10 %x_0_addr_2" [ifft_1024/ifft.cpp:25]   --->   Operation 56 'load' 'u_M_value' <Predicate = true> <Delay = 3.25> <CoreInst = "RAM">   --->   Core 82 'RAM' <Latency = 1> <II = 1> <Delay = 3.25> <Storage> <Opcode : 'load' 'store'> <Ports = 2> <Width = 32> <Depth = 1024> <RAM>
ST_2 : Operation 57 [1/2] (3.25ns)   --->   "%u_M_value_2 = load i10 %x_1_addr_2" [ifft_1024/ifft.cpp:25]   --->   Operation 57 'load' 'u_M_value_2' <Predicate = true> <Delay = 3.25> <CoreInst = "RAM">   --->   Core 82 'RAM' <Latency = 1> <II = 1> <Delay = 3.25> <Storage> <Opcode : 'load' 'store'> <Ports = 2> <Width = 32> <Depth = 1024> <RAM>

State 3 <SV = 2> <Delay = 5.70>
ST_3 : Operation 58 [4/4] (5.70ns)   --->   "%mul_ac_i_i = fmul i32 %tw_M_value_2, i32 %p_t"   --->   Operation 58 'fmul' 'mul_ac_i_i' <Predicate = true> <Delay = 5.70> <CoreInst = "FMul_maxdsp">   --->   Core 30 'FMul_maxdsp' <Latency = 3> <II = 1> <Delay = 5.70> <FuncUnit> <Opcode : 'fmul'> <InPorts = 2> <OutPorts = 1>
ST_3 : Operation 59 [4/4] (5.70ns)   --->   "%mul_bd_i_i = fmul i32 %tw_M_value_3, i32 %p_t_1"   --->   Operation 59 'fmul' 'mul_bd_i_i' <Predicate = true> <Delay = 5.70> <CoreInst = "FMul_maxdsp">   --->   Core 30 'FMul_maxdsp' <Latency = 3> <II = 1> <Delay = 5.70> <FuncUnit> <Opcode : 'fmul'> <InPorts = 2> <OutPorts = 1>
ST_3 : Operation 60 [4/4] (5.70ns)   --->   "%mul_ad_i_i = fmul i32 %tw_M_value_2, i32 %p_t_1"   --->   Operation 60 'fmul' 'mul_ad_i_i' <Predicate = true> <Delay = 5.70> <CoreInst = "FMul_maxdsp">   --->   Core 30 'FMul_maxdsp' <Latency = 3> <II = 1> <Delay = 5.70> <FuncUnit> <Opcode : 'fmul'> <InPorts = 2> <OutPorts = 1>
ST_3 : Operation 61 [4/4] (5.70ns)   --->   "%mul_bc_i_i = fmul i32 %tw_M_value_3, i32 %p_t"   --->   Operation 61 'fmul' 'mul_bc_i_i' <Predicate = true> <Delay = 5.70> <CoreInst = "FMul_maxdsp">   --->   Core 30 'FMul_maxdsp' <Latency = 3> <II = 1> <Delay = 5.70> <FuncUnit> <Opcode : 'fmul'> <InPorts = 2> <OutPorts = 1>

State 4 <SV = 3> <Delay = 5.70>
ST_4 : Operation 62 [3/4] (5.70ns)   --->   "%mul_ac_i_i = fmul i32 %tw_M_value_2, i32 %p_t"   --->   Operation 62 'fmul' 'mul_ac_i_i' <Predicate = true> <Delay = 5.70> <CoreInst = "FMul_maxdsp">   --->   Core 30 'FMul_maxdsp' <Latency = 3> <II = 1> <Delay = 5.70> <FuncUnit> <Opcode : 'fmul'> <InPorts = 2> <OutPorts = 1>
ST_4 : Operation 63 [3/4] (5.70ns)   --->   "%mul_bd_i_i = fmul i32 %tw_M_value_3, i32 %p_t_1"   --->   Operation 63 'fmul' 'mul_bd_i_i' <Predicate = true> <Delay = 5.70> <CoreInst = "FMul_maxdsp">   --->   Core 30 'FMul_maxdsp' <Latency = 3> <II = 1> <Delay = 5.70> <FuncUnit> <Opcode : 'fmul'> <InPorts = 2> <OutPorts = 1>
ST_4 : Operation 64 [3/4] (5.70ns)   --->   "%mul_ad_i_i = fmul i32 %tw_M_value_2, i32 %p_t_1"   --->   Operation 64 'fmul' 'mul_ad_i_i' <Predicate = true> <Delay = 5.70> <CoreInst = "FMul_maxdsp">   --->   Core 30 'FMul_maxdsp' <Latency = 3> <II = 1> <Delay = 5.70> <FuncUnit> <Opcode : 'fmul'> <InPorts = 2> <OutPorts = 1>
ST_4 : Operation 65 [3/4] (5.70ns)   --->   "%mul_bc_i_i = fmul i32 %tw_M_value_3, i32 %p_t"   --->   Operation 65 'fmul' 'mul_bc_i_i' <Predicate = true> <Delay = 5.70> <CoreInst = "FMul_maxdsp">   --->   Core 30 'FMul_maxdsp' <Latency = 3> <II = 1> <Delay = 5.70> <FuncUnit> <Opcode : 'fmul'> <InPorts = 2> <OutPorts = 1>

State 5 <SV = 4> <Delay = 5.70>
ST_5 : Operation 66 [2/4] (5.70ns)   --->   "%mul_ac_i_i = fmul i32 %tw_M_value_2, i32 %p_t"   --->   Operation 66 'fmul' 'mul_ac_i_i' <Predicate = true> <Delay = 5.70> <CoreInst = "FMul_maxdsp">   --->   Core 30 'FMul_maxdsp' <Latency = 3> <II = 1> <Delay = 5.70> <FuncUnit> <Opcode : 'fmul'> <InPorts = 2> <OutPorts = 1>
ST_5 : Operation 67 [2/4] (5.70ns)   --->   "%mul_bd_i_i = fmul i32 %tw_M_value_3, i32 %p_t_1"   --->   Operation 67 'fmul' 'mul_bd_i_i' <Predicate = true> <Delay = 5.70> <CoreInst = "FMul_maxdsp">   --->   Core 30 'FMul_maxdsp' <Latency = 3> <II = 1> <Delay = 5.70> <FuncUnit> <Opcode : 'fmul'> <InPorts = 2> <OutPorts = 1>
ST_5 : Operation 68 [2/4] (5.70ns)   --->   "%mul_ad_i_i = fmul i32 %tw_M_value_2, i32 %p_t_1"   --->   Operation 68 'fmul' 'mul_ad_i_i' <Predicate = true> <Delay = 5.70> <CoreInst = "FMul_maxdsp">   --->   Core 30 'FMul_maxdsp' <Latency = 3> <II = 1> <Delay = 5.70> <FuncUnit> <Opcode : 'fmul'> <InPorts = 2> <OutPorts = 1>
ST_5 : Operation 69 [2/4] (5.70ns)   --->   "%mul_bc_i_i = fmul i32 %tw_M_value_3, i32 %p_t"   --->   Operation 69 'fmul' 'mul_bc_i_i' <Predicate = true> <Delay = 5.70> <CoreInst = "FMul_maxdsp">   --->   Core 30 'FMul_maxdsp' <Latency = 3> <II = 1> <Delay = 5.70> <FuncUnit> <Opcode : 'fmul'> <InPorts = 2> <OutPorts = 1>

State 6 <SV = 5> <Delay = 5.70>
ST_6 : Operation 70 [1/4] (5.70ns)   --->   "%mul_ac_i_i = fmul i32 %tw_M_value_2, i32 %p_t"   --->   Operation 70 'fmul' 'mul_ac_i_i' <Predicate = true> <Delay = 5.70> <CoreInst = "FMul_maxdsp">   --->   Core 30 'FMul_maxdsp' <Latency = 3> <II = 1> <Delay = 5.70> <FuncUnit> <Opcode : 'fmul'> <InPorts = 2> <OutPorts = 1>
ST_6 : Operation 71 [1/4] (5.70ns)   --->   "%mul_bd_i_i = fmul i32 %tw_M_value_3, i32 %p_t_1"   --->   Operation 71 'fmul' 'mul_bd_i_i' <Predicate = true> <Delay = 5.70> <CoreInst = "FMul_maxdsp">   --->   Core 30 'FMul_maxdsp' <Latency = 3> <II = 1> <Delay = 5.70> <FuncUnit> <Opcode : 'fmul'> <InPorts = 2> <OutPorts = 1>
ST_6 : Operation 72 [1/4] (5.70ns)   --->   "%mul_ad_i_i = fmul i32 %tw_M_value_2, i32 %p_t_1"   --->   Operation 72 'fmul' 'mul_ad_i_i' <Predicate = true> <Delay = 5.70> <CoreInst = "FMul_maxdsp">   --->   Core 30 'FMul_maxdsp' <Latency = 3> <II = 1> <Delay = 5.70> <FuncUnit> <Opcode : 'fmul'> <InPorts = 2> <OutPorts = 1>
ST_6 : Operation 73 [1/4] (5.70ns)   --->   "%mul_bc_i_i = fmul i32 %tw_M_value_3, i32 %p_t"   --->   Operation 73 'fmul' 'mul_bc_i_i' <Predicate = true> <Delay = 5.70> <CoreInst = "FMul_maxdsp">   --->   Core 30 'FMul_maxdsp' <Latency = 3> <II = 1> <Delay = 5.70> <FuncUnit> <Opcode : 'fmul'> <InPorts = 2> <OutPorts = 1>

State 7 <SV = 6> <Delay = 7.25>
ST_7 : Operation 74 [5/5] (7.25ns)   --->   "%p_r_M_value_6 = fsub i32 %mul_ac_i_i, i32 %mul_bd_i_i"   --->   Operation 74 'fsub' 'p_r_M_value_6' <Predicate = true> <Delay = 7.25> <CoreInst = "FAddSub_fulldsp">   --->   Core 18 'FAddSub_fulldsp' <Latency = 4> <II = 1> <Delay = 7.25> <FuncUnit> <Opcode : 'fadd' 'fsub'> <InPorts = 2> <OutPorts = 1>
ST_7 : Operation 75 [5/5] (7.25ns)   --->   "%p_r_M_value_7 = fadd i32 %mul_ad_i_i, i32 %mul_bc_i_i"   --->   Operation 75 'fadd' 'p_r_M_value_7' <Predicate = true> <Delay = 7.25> <CoreInst = "FAddSub_fulldsp">   --->   Core 18 'FAddSub_fulldsp' <Latency = 4> <II = 1> <Delay = 7.25> <FuncUnit> <Opcode : 'fadd' 'fsub'> <InPorts = 2> <OutPorts = 1>

State 8 <SV = 7> <Delay = 7.25>
ST_8 : Operation 76 [4/5] (7.25ns)   --->   "%p_r_M_value_6 = fsub i32 %mul_ac_i_i, i32 %mul_bd_i_i"   --->   Operation 76 'fsub' 'p_r_M_value_6' <Predicate = true> <Delay = 7.25> <CoreInst = "FAddSub_fulldsp">   --->   Core 18 'FAddSub_fulldsp' <Latency = 4> <II = 1> <Delay = 7.25> <FuncUnit> <Opcode : 'fadd' 'fsub'> <InPorts = 2> <OutPorts = 1>
ST_8 : Operation 77 [4/5] (7.25ns)   --->   "%p_r_M_value_7 = fadd i32 %mul_ad_i_i, i32 %mul_bc_i_i"   --->   Operation 77 'fadd' 'p_r_M_value_7' <Predicate = true> <Delay = 7.25> <CoreInst = "FAddSub_fulldsp">   --->   Core 18 'FAddSub_fulldsp' <Latency = 4> <II = 1> <Delay = 7.25> <FuncUnit> <Opcode : 'fadd' 'fsub'> <InPorts = 2> <OutPorts = 1>

State 9 <SV = 8> <Delay = 7.25>
ST_9 : Operation 78 [3/5] (7.25ns)   --->   "%p_r_M_value_6 = fsub i32 %mul_ac_i_i, i32 %mul_bd_i_i"   --->   Operation 78 'fsub' 'p_r_M_value_6' <Predicate = true> <Delay = 7.25> <CoreInst = "FAddSub_fulldsp">   --->   Core 18 'FAddSub_fulldsp' <Latency = 4> <II = 1> <Delay = 7.25> <FuncUnit> <Opcode : 'fadd' 'fsub'> <InPorts = 2> <OutPorts = 1>
ST_9 : Operation 79 [3/5] (7.25ns)   --->   "%p_r_M_value_7 = fadd i32 %mul_ad_i_i, i32 %mul_bc_i_i"   --->   Operation 79 'fadd' 'p_r_M_value_7' <Predicate = true> <Delay = 7.25> <CoreInst = "FAddSub_fulldsp">   --->   Core 18 'FAddSub_fulldsp' <Latency = 4> <II = 1> <Delay = 7.25> <FuncUnit> <Opcode : 'fadd' 'fsub'> <InPorts = 2> <OutPorts = 1>

State 10 <SV = 9> <Delay = 7.25>
ST_10 : Operation 80 [2/5] (7.25ns)   --->   "%p_r_M_value_6 = fsub i32 %mul_ac_i_i, i32 %mul_bd_i_i"   --->   Operation 80 'fsub' 'p_r_M_value_6' <Predicate = true> <Delay = 7.25> <CoreInst = "FAddSub_fulldsp">   --->   Core 18 'FAddSub_fulldsp' <Latency = 4> <II = 1> <Delay = 7.25> <FuncUnit> <Opcode : 'fadd' 'fsub'> <InPorts = 2> <OutPorts = 1>
ST_10 : Operation 81 [2/5] (7.25ns)   --->   "%p_r_M_value_7 = fadd i32 %mul_ad_i_i, i32 %mul_bc_i_i"   --->   Operation 81 'fadd' 'p_r_M_value_7' <Predicate = true> <Delay = 7.25> <CoreInst = "FAddSub_fulldsp">   --->   Core 18 'FAddSub_fulldsp' <Latency = 4> <II = 1> <Delay = 7.25> <FuncUnit> <Opcode : 'fadd' 'fsub'> <InPorts = 2> <OutPorts = 1>

State 11 <SV = 10> <Delay = 7.25>
ST_11 : Operation 82 [1/5] (7.25ns)   --->   "%p_r_M_value_6 = fsub i32 %mul_ac_i_i, i32 %mul_bd_i_i"   --->   Operation 82 'fsub' 'p_r_M_value_6' <Predicate = true> <Delay = 7.25> <CoreInst = "FAddSub_fulldsp">   --->   Core 18 'FAddSub_fulldsp' <Latency = 4> <II = 1> <Delay = 7.25> <FuncUnit> <Opcode : 'fadd' 'fsub'> <InPorts = 2> <OutPorts = 1>
ST_11 : Operation 83 [1/5] (7.25ns)   --->   "%p_r_M_value_7 = fadd i32 %mul_ad_i_i, i32 %mul_bc_i_i"   --->   Operation 83 'fadd' 'p_r_M_value_7' <Predicate = true> <Delay = 7.25> <CoreInst = "FAddSub_fulldsp">   --->   Core 18 'FAddSub_fulldsp' <Latency = 4> <II = 1> <Delay = 7.25> <FuncUnit> <Opcode : 'fadd' 'fsub'> <InPorts = 2> <OutPorts = 1>

State 12 <SV = 11> <Delay = 7.25>
ST_12 : Operation 84 [5/5] (7.25ns)   --->   "%p_r_M_value_2 = fadd i32 %u_M_value, i32 %p_r_M_value_6"   --->   Operation 84 'fadd' 'p_r_M_value_2' <Predicate = true> <Delay = 7.25> <CoreInst = "FAddSub_fulldsp">   --->   Core 18 'FAddSub_fulldsp' <Latency = 4> <II = 1> <Delay = 7.25> <FuncUnit> <Opcode : 'fadd' 'fsub'> <InPorts = 2> <OutPorts = 1>
ST_12 : Operation 85 [5/5] (7.25ns)   --->   "%p_r_M_value_3 = fadd i32 %u_M_value_2, i32 %p_r_M_value_7"   --->   Operation 85 'fadd' 'p_r_M_value_3' <Predicate = true> <Delay = 7.25> <CoreInst = "FAddSub_fulldsp">   --->   Core 18 'FAddSub_fulldsp' <Latency = 4> <II = 1> <Delay = 7.25> <FuncUnit> <Opcode : 'fadd' 'fsub'> <InPorts = 2> <OutPorts = 1>

State 13 <SV = 12> <Delay = 7.25>
ST_13 : Operation 86 [4/5] (7.25ns)   --->   "%p_r_M_value_2 = fadd i32 %u_M_value, i32 %p_r_M_value_6"   --->   Operation 86 'fadd' 'p_r_M_value_2' <Predicate = true> <Delay = 7.25> <CoreInst = "FAddSub_fulldsp">   --->   Core 18 'FAddSub_fulldsp' <Latency = 4> <II = 1> <Delay = 7.25> <FuncUnit> <Opcode : 'fadd' 'fsub'> <InPorts = 2> <OutPorts = 1>
ST_13 : Operation 87 [4/5] (7.25ns)   --->   "%p_r_M_value_3 = fadd i32 %u_M_value_2, i32 %p_r_M_value_7"   --->   Operation 87 'fadd' 'p_r_M_value_3' <Predicate = true> <Delay = 7.25> <CoreInst = "FAddSub_fulldsp">   --->   Core 18 'FAddSub_fulldsp' <Latency = 4> <II = 1> <Delay = 7.25> <FuncUnit> <Opcode : 'fadd' 'fsub'> <InPorts = 2> <OutPorts = 1>
ST_13 : Operation 88 [5/5] (7.25ns)   --->   "%p_r_M_value_4 = fsub i32 %u_M_value, i32 %p_r_M_value_6"   --->   Operation 88 'fsub' 'p_r_M_value_4' <Predicate = true> <Delay = 7.25> <CoreInst = "FAddSub_fulldsp">   --->   Core 18 'FAddSub_fulldsp' <Latency = 4> <II = 1> <Delay = 7.25> <FuncUnit> <Opcode : 'fadd' 'fsub'> <InPorts = 2> <OutPorts = 1>
ST_13 : Operation 89 [5/5] (7.25ns)   --->   "%p_r_M_value_5 = fsub i32 %u_M_value_2, i32 %p_r_M_value_7"   --->   Operation 89 'fsub' 'p_r_M_value_5' <Predicate = true> <Delay = 7.25> <CoreInst = "FAddSub_fulldsp">   --->   Core 18 'FAddSub_fulldsp' <Latency = 4> <II = 1> <Delay = 7.25> <FuncUnit> <Opcode : 'fadd' 'fsub'> <InPorts = 2> <OutPorts = 1>

State 14 <SV = 13> <Delay = 7.25>
ST_14 : Operation 90 [3/5] (7.25ns)   --->   "%p_r_M_value_2 = fadd i32 %u_M_value, i32 %p_r_M_value_6"   --->   Operation 90 'fadd' 'p_r_M_value_2' <Predicate = true> <Delay = 7.25> <CoreInst = "FAddSub_fulldsp">   --->   Core 18 'FAddSub_fulldsp' <Latency = 4> <II = 1> <Delay = 7.25> <FuncUnit> <Opcode : 'fadd' 'fsub'> <InPorts = 2> <OutPorts = 1>
ST_14 : Operation 91 [3/5] (7.25ns)   --->   "%p_r_M_value_3 = fadd i32 %u_M_value_2, i32 %p_r_M_value_7"   --->   Operation 91 'fadd' 'p_r_M_value_3' <Predicate = true> <Delay = 7.25> <CoreInst = "FAddSub_fulldsp">   --->   Core 18 'FAddSub_fulldsp' <Latency = 4> <II = 1> <Delay = 7.25> <FuncUnit> <Opcode : 'fadd' 'fsub'> <InPorts = 2> <OutPorts = 1>
ST_14 : Operation 92 [4/5] (7.25ns)   --->   "%p_r_M_value_4 = fsub i32 %u_M_value, i32 %p_r_M_value_6"   --->   Operation 92 'fsub' 'p_r_M_value_4' <Predicate = true> <Delay = 7.25> <CoreInst = "FAddSub_fulldsp">   --->   Core 18 'FAddSub_fulldsp' <Latency = 4> <II = 1> <Delay = 7.25> <FuncUnit> <Opcode : 'fadd' 'fsub'> <InPorts = 2> <OutPorts = 1>
ST_14 : Operation 93 [4/5] (7.25ns)   --->   "%p_r_M_value_5 = fsub i32 %u_M_value_2, i32 %p_r_M_value_7"   --->   Operation 93 'fsub' 'p_r_M_value_5' <Predicate = true> <Delay = 7.25> <CoreInst = "FAddSub_fulldsp">   --->   Core 18 'FAddSub_fulldsp' <Latency = 4> <II = 1> <Delay = 7.25> <FuncUnit> <Opcode : 'fadd' 'fsub'> <InPorts = 2> <OutPorts = 1>

State 15 <SV = 14> <Delay = 7.25>
ST_15 : Operation 94 [2/5] (7.25ns)   --->   "%p_r_M_value_2 = fadd i32 %u_M_value, i32 %p_r_M_value_6"   --->   Operation 94 'fadd' 'p_r_M_value_2' <Predicate = true> <Delay = 7.25> <CoreInst = "FAddSub_fulldsp">   --->   Core 18 'FAddSub_fulldsp' <Latency = 4> <II = 1> <Delay = 7.25> <FuncUnit> <Opcode : 'fadd' 'fsub'> <InPorts = 2> <OutPorts = 1>
ST_15 : Operation 95 [2/5] (7.25ns)   --->   "%p_r_M_value_3 = fadd i32 %u_M_value_2, i32 %p_r_M_value_7"   --->   Operation 95 'fadd' 'p_r_M_value_3' <Predicate = true> <Delay = 7.25> <CoreInst = "FAddSub_fulldsp">   --->   Core 18 'FAddSub_fulldsp' <Latency = 4> <II = 1> <Delay = 7.25> <FuncUnit> <Opcode : 'fadd' 'fsub'> <InPorts = 2> <OutPorts = 1>
ST_15 : Operation 96 [3/5] (7.25ns)   --->   "%p_r_M_value_4 = fsub i32 %u_M_value, i32 %p_r_M_value_6"   --->   Operation 96 'fsub' 'p_r_M_value_4' <Predicate = true> <Delay = 7.25> <CoreInst = "FAddSub_fulldsp">   --->   Core 18 'FAddSub_fulldsp' <Latency = 4> <II = 1> <Delay = 7.25> <FuncUnit> <Opcode : 'fadd' 'fsub'> <InPorts = 2> <OutPorts = 1>
ST_15 : Operation 97 [3/5] (7.25ns)   --->   "%p_r_M_value_5 = fsub i32 %u_M_value_2, i32 %p_r_M_value_7"   --->   Operation 97 'fsub' 'p_r_M_value_5' <Predicate = true> <Delay = 7.25> <CoreInst = "FAddSub_fulldsp">   --->   Core 18 'FAddSub_fulldsp' <Latency = 4> <II = 1> <Delay = 7.25> <FuncUnit> <Opcode : 'fadd' 'fsub'> <InPorts = 2> <OutPorts = 1>

State 16 <SV = 15> <Delay = 7.25>
ST_16 : Operation 98 [1/5] (7.25ns)   --->   "%p_r_M_value_2 = fadd i32 %u_M_value, i32 %p_r_M_value_6"   --->   Operation 98 'fadd' 'p_r_M_value_2' <Predicate = true> <Delay = 7.25> <CoreInst = "FAddSub_fulldsp">   --->   Core 18 'FAddSub_fulldsp' <Latency = 4> <II = 1> <Delay = 7.25> <FuncUnit> <Opcode : 'fadd' 'fsub'> <InPorts = 2> <OutPorts = 1>
ST_16 : Operation 99 [1/5] (7.25ns)   --->   "%p_r_M_value_3 = fadd i32 %u_M_value_2, i32 %p_r_M_value_7"   --->   Operation 99 'fadd' 'p_r_M_value_3' <Predicate = true> <Delay = 7.25> <CoreInst = "FAddSub_fulldsp">   --->   Core 18 'FAddSub_fulldsp' <Latency = 4> <II = 1> <Delay = 7.25> <FuncUnit> <Opcode : 'fadd' 'fsub'> <InPorts = 2> <OutPorts = 1>
ST_16 : Operation 100 [2/5] (7.25ns)   --->   "%p_r_M_value_4 = fsub i32 %u_M_value, i32 %p_r_M_value_6"   --->   Operation 100 'fsub' 'p_r_M_value_4' <Predicate = true> <Delay = 7.25> <CoreInst = "FAddSub_fulldsp">   --->   Core 18 'FAddSub_fulldsp' <Latency = 4> <II = 1> <Delay = 7.25> <FuncUnit> <Opcode : 'fadd' 'fsub'> <InPorts = 2> <OutPorts = 1>
ST_16 : Operation 101 [2/5] (7.25ns)   --->   "%p_r_M_value_5 = fsub i32 %u_M_value_2, i32 %p_r_M_value_7"   --->   Operation 101 'fsub' 'p_r_M_value_5' <Predicate = true> <Delay = 7.25> <CoreInst = "FAddSub_fulldsp">   --->   Core 18 'FAddSub_fulldsp' <Latency = 4> <II = 1> <Delay = 7.25> <FuncUnit> <Opcode : 'fadd' 'fsub'> <InPorts = 2> <OutPorts = 1>

State 17 <SV = 16> <Delay = 7.25>
ST_17 : Operation 102 [1/1] (3.25ns)   --->   "%store_ln26 = store i32 %p_r_M_value_2, i10 %x_0_addr_2" [ifft_1024/ifft.cpp:26]   --->   Operation 102 'store' 'store_ln26' <Predicate = true> <Delay = 3.25> <CoreInst = "RAM">   --->   Core 82 'RAM' <Latency = 1> <II = 1> <Delay = 3.25> <Storage> <Opcode : 'load' 'store'> <Ports = 2> <Width = 32> <Depth = 1024> <RAM>
ST_17 : Operation 103 [1/1] (3.25ns)   --->   "%store_ln26 = store i32 %p_r_M_value_3, i10 %x_1_addr_2" [ifft_1024/ifft.cpp:26]   --->   Operation 103 'store' 'store_ln26' <Predicate = true> <Delay = 3.25> <CoreInst = "RAM">   --->   Core 82 'RAM' <Latency = 1> <II = 1> <Delay = 3.25> <Storage> <Opcode : 'load' 'store'> <Ports = 2> <Width = 32> <Depth = 1024> <RAM>
ST_17 : Operation 104 [1/5] (7.25ns)   --->   "%p_r_M_value_4 = fsub i32 %u_M_value, i32 %p_r_M_value_6"   --->   Operation 104 'fsub' 'p_r_M_value_4' <Predicate = true> <Delay = 7.25> <CoreInst = "FAddSub_fulldsp">   --->   Core 18 'FAddSub_fulldsp' <Latency = 4> <II = 1> <Delay = 7.25> <FuncUnit> <Opcode : 'fadd' 'fsub'> <InPorts = 2> <OutPorts = 1>
ST_17 : Operation 105 [1/5] (7.25ns)   --->   "%p_r_M_value_5 = fsub i32 %u_M_value_2, i32 %p_r_M_value_7"   --->   Operation 105 'fsub' 'p_r_M_value_5' <Predicate = true> <Delay = 7.25> <CoreInst = "FAddSub_fulldsp">   --->   Core 18 'FAddSub_fulldsp' <Latency = 4> <II = 1> <Delay = 7.25> <FuncUnit> <Opcode : 'fadd' 'fsub'> <InPorts = 2> <OutPorts = 1>

State 18 <SV = 17> <Delay = 3.25>
ST_18 : Operation 106 [1/1] (0.00ns)   --->   "%specloopname_ln22 = specloopname void @_ssdm_op_SpecLoopName, void @empty_11" [ifft_1024/ifft.cpp:22]   --->   Operation 106 'specloopname' 'specloopname_ln22' <Predicate = true> <Delay = 0.00>
ST_18 : Operation 107 [1/1] (3.25ns)   --->   "%store_ln27 = store i32 %p_r_M_value_4, i10 %x_0_addr" [ifft_1024/ifft.cpp:27]   --->   Operation 107 'store' 'store_ln27' <Predicate = true> <Delay = 3.25> <CoreInst = "RAM">   --->   Core 82 'RAM' <Latency = 1> <II = 1> <Delay = 3.25> <Storage> <Opcode : 'load' 'store'> <Ports = 2> <Width = 32> <Depth = 1024> <RAM>
ST_18 : Operation 108 [1/1] (3.25ns)   --->   "%store_ln27 = store i32 %p_r_M_value_5, i10 %x_1_addr" [ifft_1024/ifft.cpp:27]   --->   Operation 108 'store' 'store_ln27' <Predicate = true> <Delay = 3.25> <CoreInst = "RAM">   --->   Core 82 'RAM' <Latency = 1> <II = 1> <Delay = 3.25> <Storage> <Opcode : 'load' 'store'> <Ports = 2> <Width = 32> <Depth = 1024> <RAM>
ST_18 : Operation 109 [1/1] (0.00ns)   --->   "%br_ln22 = br void %for.inc39" [ifft_1024/ifft.cpp:22]   --->   Operation 109 'br' 'br_ln22' <Predicate = true> <Delay = 0.00>


============================================================
+ Verbose Summary: Timing violations
============================================================
Target clock period: 10ns, clock uncertainty: 2.7ns.

 <State 1>: 6.72ns
The critical path consists of the following:
	'alloca' operation ('j') [8]  (0 ns)
	'load' operation ('j', ifft_1024/ifft.cpp:23) on local variable 'j' [15]  (0 ns)
	'add' operation ('add_ln24', ifft_1024/ifft.cpp:24) [29]  (1.73 ns)
	'add' operation ('add_ln1097') [31]  (1.73 ns)
	'getelementptr' operation ('x_0_addr') [33]  (0 ns)
	'load' operation ('__t') on array 'x_0' [34]  (3.25 ns)

 <State 2>: 3.25ns
The critical path consists of the following:
	'load' operation ('tw._M_value', ifft_1024/ifft.cpp:23) on array 'tw_M_value_1' [26]  (3.25 ns)

 <State 3>: 5.7ns
The critical path consists of the following:
	'fmul' operation ('mul_ac_i_i') [37]  (5.7 ns)

 <State 4>: 5.7ns
The critical path consists of the following:
	'fmul' operation ('mul_ac_i_i') [37]  (5.7 ns)

 <State 5>: 5.7ns
The critical path consists of the following:
	'fmul' operation ('mul_ac_i_i') [37]  (5.7 ns)

 <State 6>: 5.7ns
The critical path consists of the following:
	'fmul' operation ('mul_ac_i_i') [37]  (5.7 ns)

 <State 7>: 7.26ns
The critical path consists of the following:
	'fsub' operation ('__r._M_value') [41]  (7.26 ns)

 <State 8>: 7.26ns
The critical path consists of the following:
	'fsub' operation ('__r._M_value') [41]  (7.26 ns)

 <State 9>: 7.26ns
The critical path consists of the following:
	'fsub' operation ('__r._M_value') [41]  (7.26 ns)

 <State 10>: 7.26ns
The critical path consists of the following:
	'fsub' operation ('__r._M_value') [41]  (7.26 ns)

 <State 11>: 7.26ns
The critical path consists of the following:
	'fsub' operation ('__r._M_value') [41]  (7.26 ns)

 <State 12>: 7.26ns
The critical path consists of the following:
	'fadd' operation ('__r._M_value') [47]  (7.26 ns)

 <State 13>: 7.26ns
The critical path consists of the following:
	'fadd' operation ('__r._M_value') [47]  (7.26 ns)

 <State 14>: 7.26ns
The critical path consists of the following:
	'fadd' operation ('__r._M_value') [47]  (7.26 ns)

 <State 15>: 7.26ns
The critical path consists of the following:
	'fadd' operation ('__r._M_value') [47]  (7.26 ns)

 <State 16>: 7.26ns
The critical path consists of the following:
	'fadd' operation ('__r._M_value') [47]  (7.26 ns)

 <State 17>: 7.26ns
The critical path consists of the following:
	'fsub' operation ('__r._M_value') [51]  (7.26 ns)

 <State 18>: 3.25ns
The critical path consists of the following:
	'store' operation ('store_ln27', ifft_1024/ifft.cpp:27) of variable '__r._M_value' on array 'x_0' [53]  (3.25 ns)


============================================================
+ Verbose Summary: Binding
============================================================
N/A
* FSMD analyzer results:
  - Output states:
 - Input state : 
  - Chain level:
	State 1
	State 2
	State 3
	State 4
	State 5
	State 6
	State 7
	State 8
	State 9
	State 10
	State 11
	State 12
	State 13
	State 14
	State 15
	State 16
	State 17
	State 18


============================================================
+ Verbose Summary: Datapath Resource usage 
============================================================
N/A
