

================================================================
== Vitis HLS Report for 'ifft_fast'
================================================================
* Date:           Tue Apr 28 14:35:49 2026

* Version:        2022.1 (Build 3526262 on Mon Apr 18 15:47:01 MDT 2022)
* Project:        ifft_1024
* Solution:       solution1 (Vivado IP Flow Target)
* Product family: zynq
* Target device:  xc7z020-clg484-1


================================================================
== Performance Estimates
================================================================
+ Timing: 
    * Summary: 
    +--------+----------+----------+------------+
    |  Clock |  Target  | Estimated| Uncertainty|
    +--------+----------+----------+------------+
    |ap_clk  |  10.00 ns|  7.256 ns|     2.70 ns|
    +--------+----------+----------+------------+

+ Latency: 
    * Summary: 
    +---------+---------+----------+----------+-----+-----+---------+
    |  Latency (cycles) |  Latency (absolute) |  Interval | Pipeline|
    |   min   |   max   |    min   |    max   | min | max |   Type  |
    +---------+---------+----------+----------+-----+-----+---------+
    |        ?|        ?|         ?|         ?|    ?|    ?|       no|
    +---------+---------+----------+----------+-----+-----+---------+

    + Detail: 
        * Instance: 
        +----------------------------------------------+------------------------------------+---------+---------+-----------+-----------+------+------+---------+
        |                                              |                                    |  Latency (cycles) |   Latency (absolute)  |   Interval  | Pipeline|
        |                   Instance                   |               Module               |   min   |   max   |    min    |    max    |  min |  max |   Type  |
        +----------------------------------------------+------------------------------------+---------+---------+-----------+-----------+------+------+---------+
        |grp_ifft_fast_Pipeline_VITIS_LOOP_7_1_fu_67   |ifft_fast_Pipeline_VITIS_LOOP_7_1   |     3075|     3075|  30.750 us|  30.750 us|  3075|  3075|       no|
        |grp_ifft_fast_Pipeline_VITIS_LOOP_33_5_fu_77  |ifft_fast_Pipeline_VITIS_LOOP_33_5  |     1031|     1031|  10.310 us|  10.310 us|  1031|  1031|       no|
        |grp_ifft_fast_Pipeline_VITIS_LOOP_22_4_fu_85  |ifft_fast_Pipeline_VITIS_LOOP_22_4  |       20|     9218|   0.200 us|  92.180 us|    20|  9218|       no|
        +----------------------------------------------+------------------------------------+---------+---------+-----------+-----------+------+------+---------+

        * Loop: 
        +--------------------+---------+---------+-----------+-----------+-----------+------+----------+
        |                    |  Latency (cycles) | Iteration |  Initiation Interval  | Trip |          |
        |      Loop Name     |   min   |   max   |  Latency  |  achieved |   target  | Count| Pipelined|
        +--------------------+---------+---------+-----------+-----------+-----------+------+----------+
        |- VITIS_LOOP_18_2   |        ?|        ?|          ?|          -|          -|    10|        no|
        | + VITIS_LOOP_21_3  |        ?|        ?|  23 ~ 9221|          -|          -|     ?|        no|
        +--------------------+---------+---------+-----------+-----------+-----------+------+----------+

============================================================
+ Verbose Summary: Synthesis Manager
============================================================
InlineROM: 1
ExposeGlobal: 0
============================================================
+ Verbose Summary: CDFG Model
============================================================
IsTopModel: 0
ResetActiveHigh: 1
IsCombinational: 0
IsDatapathOnly: 0
HasWiredReturn: 1
HasMFsm: 0
HasVarLatency: 1
IsPipeline: 0
IsRtlPipelined: 0
IsInstanceOverlapped: 0
IsDontTouch: 0
HasImplIP: 0
IsGatedGlobalClock: 0


============================================================
+ Verbose Summary: Schedule
============================================================
* Number of FSM states : 7
* Pipeline : 0
* Dataflow Pipeline: 0

* FSM state transitions: 
1 --> 2 
2 --> 3 
3 --> 7 4 
4 --> 5 3 
5 --> 6 
6 --> 4 
7 --> 

* FSM state operations: 

State 1 <SV = 0> <Delay = 1.58>
ST_1 : Operation 8 [1/1] (0.00ns)   --->   "%ti = alloca i32 1"   --->   Operation 8 'alloca' 'ti' <Predicate = true> <Delay = 0.00>
ST_1 : Operation 9 [1/1] (0.00ns)   --->   "%s = alloca i32 1"   --->   Operation 9 'alloca' 's' <Predicate = true> <Delay = 0.00>
ST_1 : Operation 10 [2/2] (0.00ns)   --->   "%call_ln0 = call void @ifft_fast_Pipeline_VITIS_LOOP_7_1, i32 %x_0, i32 %x_1, i10 %br_lut"   --->   Operation 10 'call' 'call_ln0' <Predicate = true> <Delay = 0.00> <CoreType = "Generic">   --->   Core 0 '' <Latency = 0> <II = 1> <Delay = 1.00> <Generic> <Opcode : >
ST_1 : Operation 11 [1/1] (1.58ns)   --->   "%store_ln18 = store i4 1, i4 %s" [ifft_1024/ifft.cpp:18]   --->   Operation 11 'store' 'store_ln18' <Predicate = true> <Delay = 1.58>
ST_1 : Operation 12 [1/1] (1.58ns)   --->   "%store_ln18 = store i13 0, i13 %ti" [ifft_1024/ifft.cpp:18]   --->   Operation 12 'store' 'store_ln18' <Predicate = true> <Delay = 1.58>

State 2 <SV = 1> <Delay = 0.00>
ST_2 : Operation 13 [1/2] (0.00ns)   --->   "%call_ln0 = call void @ifft_fast_Pipeline_VITIS_LOOP_7_1, i32 %x_0, i32 %x_1, i10 %br_lut"   --->   Operation 13 'call' 'call_ln0' <Predicate = true> <Delay = 0.00> <CoreType = "Generic">   --->   Core 0 '' <Latency = 0> <II = 1> <Delay = 1.00> <Generic> <Opcode : >
ST_2 : Operation 14 [1/1] (0.00ns)   --->   "%br_ln18 = br void %VITIS_LOOP_21_3" [ifft_1024/ifft.cpp:18]   --->   Operation 14 'br' 'br_ln18' <Predicate = true> <Delay = 0.00>

State 3 <SV = 2> <Delay = 2.39>
ST_3 : Operation 15 [1/1] (0.00ns)   --->   "%s_2 = load i4 %s" [ifft_1024/ifft.cpp:18]   --->   Operation 15 'load' 's_2' <Predicate = true> <Delay = 0.00>
ST_3 : Operation 16 [1/1] (1.30ns)   --->   "%icmp_ln18 = icmp_eq  i4 %s_2, i4 11" [ifft_1024/ifft.cpp:18]   --->   Operation 16 'icmp' 'icmp_ln18' <Predicate = true> <Delay = 1.30> <CoreInst = "Cmp">   --->   Core 9 'Cmp' <Latency = 0> <II = 1> <Delay = 1.30> <FuncUnit> <Opcode : 'icmp'> <InPorts = 2> <OutPorts = 1>
ST_3 : Operation 17 [1/1] (0.00ns)   --->   "%empty = speclooptripcount i32 @_ssdm_op_SpecLoopTripCount, i64 10, i64 10, i64 10"   --->   Operation 17 'speclooptripcount' 'empty' <Predicate = true> <Delay = 0.00>
ST_3 : Operation 18 [1/1] (0.00ns)   --->   "%br_ln18 = br i1 %icmp_ln18, void %VITIS_LOOP_21_3.split, void %for.inc58.preheader" [ifft_1024/ifft.cpp:18]   --->   Operation 18 'br' 'br_ln18' <Predicate = true> <Delay = 0.00>
ST_3 : Operation 19 [1/1] (0.00ns)   --->   "%ti_load = load i13 %ti" [ifft_1024/ifft.cpp:21]   --->   Operation 19 'load' 'ti_load' <Predicate = (!icmp_ln18)> <Delay = 0.00>
ST_3 : Operation 20 [1/1] (0.00ns)   --->   "%zext_ln18 = zext i4 %s_2" [ifft_1024/ifft.cpp:18]   --->   Operation 20 'zext' 'zext_ln18' <Predicate = (!icmp_ln18)> <Delay = 0.00>
ST_3 : Operation 21 [1/1] (0.00ns)   --->   "%specloopname_ln17 = specloopname void @_ssdm_op_SpecLoopName, void @empty_0" [ifft_1024/ifft.cpp:17]   --->   Operation 21 'specloopname' 'specloopname_ln17' <Predicate = (!icmp_ln18)> <Delay = 0.00>
ST_3 : Operation 22 [1/1] (2.39ns)   --->   "%m = shl i11 1, i11 %zext_ln18" [ifft_1024/ifft.cpp:19]   --->   Operation 22 'shl' 'm' <Predicate = (!icmp_ln18)> <Delay = 2.39> <CoreInst = "Shifter">   --->   Core 75 'Shifter' <Latency = 0> <II = 1> <Delay = 2.39> <FuncUnit> <Opcode : 'shl' 'lshr' 'ashr'> <InPorts = 2> <OutPorts = 1>
ST_3 : Operation 23 [1/1] (0.00ns)   --->   "%m2 = partselect i10 @_ssdm_op_PartSelect.i10.i11.i32.i32, i11 %m, i32 1, i32 10" [ifft_1024/ifft.cpp:20]   --->   Operation 23 'partselect' 'm2' <Predicate = (!icmp_ln18)> <Delay = 0.00>
ST_3 : Operation 24 [1/1] (0.00ns)   --->   "%zext_ln20 = zext i10 %m2" [ifft_1024/ifft.cpp:20]   --->   Operation 24 'zext' 'zext_ln20' <Predicate = (!icmp_ln18)> <Delay = 0.00>
ST_3 : Operation 25 [1/1] (0.00ns)   --->   "%trunc_ln21 = trunc i13 %ti_load" [ifft_1024/ifft.cpp:21]   --->   Operation 25 'trunc' 'trunc_ln21' <Predicate = (!icmp_ln18)> <Delay = 0.00>
ST_3 : Operation 26 [1/1] (0.00ns)   --->   "%zext_ln21 = zext i11 %m" [ifft_1024/ifft.cpp:21]   --->   Operation 26 'zext' 'zext_ln21' <Predicate = (!icmp_ln18)> <Delay = 0.00>
ST_3 : Operation 27 [1/1] (1.58ns)   --->   "%br_ln21 = br void %for.cond14" [ifft_1024/ifft.cpp:21]   --->   Operation 27 'br' 'br_ln21' <Predicate = (!icmp_ln18)> <Delay = 1.58>
ST_3 : Operation 28 [2/2] (0.00ns)   --->   "%call_ln0 = call void @ifft_fast_Pipeline_VITIS_LOOP_33_5, i32 %x_0, i32 %x_1"   --->   Operation 28 'call' 'call_ln0' <Predicate = (icmp_ln18)> <Delay = 0.00> <CoreType = "Generic">   --->   Core 0 '' <Latency = 0> <II = 1> <Delay = 1.00> <Generic> <Opcode : >

State 4 <SV = 3> <Delay = 4.46>
ST_4 : Operation 29 [1/1] (0.00ns)   --->   "%k = phi i64 %add_ln21, void %VITIS_LOOP_22_4, i64 0, void %VITIS_LOOP_21_3.split" [ifft_1024/ifft.cpp:21]   --->   Operation 29 'phi' 'k' <Predicate = true> <Delay = 0.00>
ST_4 : Operation 30 [1/1] (0.00ns)   --->   "%tmp = partselect i54 @_ssdm_op_PartSelect.i54.i64.i32.i32, i64 %k, i32 10, i32 63" [ifft_1024/ifft.cpp:21]   --->   Operation 30 'partselect' 'tmp' <Predicate = true> <Delay = 0.00>
ST_4 : Operation 31 [1/1] (2.87ns)   --->   "%icmp_ln21 = icmp_slt  i54 %tmp, i54 1" [ifft_1024/ifft.cpp:21]   --->   Operation 31 'icmp' 'icmp_ln21' <Predicate = true> <Delay = 2.87> <CoreInst = "Cmp">   --->   Core 9 'Cmp' <Latency = 0> <II = 1> <Delay = 2.87> <FuncUnit> <Opcode : 'icmp'> <InPorts = 2> <OutPorts = 1>
ST_4 : Operation 32 [1/1] (0.00ns)   --->   "%br_ln21 = br i1 %icmp_ln21, void %for.inc46, void %VITIS_LOOP_22_4" [ifft_1024/ifft.cpp:21]   --->   Operation 32 'br' 'br_ln21' <Predicate = true> <Delay = 0.00>
ST_4 : Operation 33 [1/1] (0.00ns)   --->   "%trunc_ln21_1 = trunc i64 %k" [ifft_1024/ifft.cpp:21]   --->   Operation 33 'trunc' 'trunc_ln21_1' <Predicate = (icmp_ln21)> <Delay = 0.00>
ST_4 : Operation 34 [1/1] (3.52ns)   --->   "%add_ln21 = add i64 %zext_ln21, i64 %k" [ifft_1024/ifft.cpp:21]   --->   Operation 34 'add' 'add_ln21' <Predicate = (icmp_ln21)> <Delay = 3.52> <CoreInst = "Adder">   --->   Core 1 'Adder' <Latency = 0> <II = 1> <Delay = 3.52> <FuncUnit> <Opcode : 'add' 'sub'> <InPorts = 2> <OutPorts = 1>
ST_4 : Operation 35 [1/1] (0.00ns)   --->   "%ti_load_1 = load i13 %ti" [ifft_1024/ifft.cpp:30]   --->   Operation 35 'load' 'ti_load_1' <Predicate = (!icmp_ln21)> <Delay = 0.00>
ST_4 : Operation 36 [1/1] (1.67ns)   --->   "%ti_1 = add i13 %zext_ln20, i13 %ti_load_1" [ifft_1024/ifft.cpp:30]   --->   Operation 36 'add' 'ti_1' <Predicate = (!icmp_ln21)> <Delay = 1.67> <CoreInst = "Adder">   --->   Core 1 'Adder' <Latency = 0> <II = 1> <Delay = 1.67> <FuncUnit> <Opcode : 'add' 'sub'> <InPorts = 2> <OutPorts = 1>
ST_4 : Operation 37 [1/1] (1.73ns)   --->   "%s_3 = add i4 %s_2, i4 1" [ifft_1024/ifft.cpp:18]   --->   Operation 37 'add' 's_3' <Predicate = (!icmp_ln21)> <Delay = 1.73> <CoreInst = "Adder">   --->   Core 1 'Adder' <Latency = 0> <II = 1> <Delay = 1.73> <FuncUnit> <Opcode : 'add' 'sub'> <InPorts = 2> <OutPorts = 1>
ST_4 : Operation 38 [1/1] (1.58ns)   --->   "%store_ln18 = store i4 %s_3, i4 %s" [ifft_1024/ifft.cpp:18]   --->   Operation 38 'store' 'store_ln18' <Predicate = (!icmp_ln21)> <Delay = 1.58>
ST_4 : Operation 39 [1/1] (1.58ns)   --->   "%store_ln18 = store i13 %ti_1, i13 %ti" [ifft_1024/ifft.cpp:18]   --->   Operation 39 'store' 'store_ln18' <Predicate = (!icmp_ln21)> <Delay = 1.58>
ST_4 : Operation 40 [1/1] (0.00ns)   --->   "%br_ln18 = br void %VITIS_LOOP_21_3" [ifft_1024/ifft.cpp:18]   --->   Operation 40 'br' 'br_ln18' <Predicate = (!icmp_ln21)> <Delay = 0.00>

State 5 <SV = 4> <Delay = 6.71>
ST_5 : Operation 41 [2/2] (6.71ns)   --->   "%call_ln20 = call void @ifft_fast_Pipeline_VITIS_LOOP_22_4, i10 %m2, i10 %trunc_ln21, i10 %trunc_ln21_1, i32 %x_0, i32 %x_1, i32 %tw_M_value_1, i32 %tw_M_value" [ifft_1024/ifft.cpp:20]   --->   Operation 41 'call' 'call_ln20' <Predicate = true> <Delay = 6.71> <CoreType = "Generic">   --->   Core 0 '' <Latency = 0> <II = 1> <Delay = 1.00> <Generic> <Opcode : >

State 6 <SV = 5> <Delay = 0.00>
ST_6 : Operation 42 [1/1] (0.00ns)   --->   "%specloopname_ln22 = specloopname void @_ssdm_op_SpecLoopName, void @empty_3" [ifft_1024/ifft.cpp:22]   --->   Operation 42 'specloopname' 'specloopname_ln22' <Predicate = true> <Delay = 0.00>
ST_6 : Operation 43 [1/2] (0.00ns)   --->   "%call_ln20 = call void @ifft_fast_Pipeline_VITIS_LOOP_22_4, i10 %m2, i10 %trunc_ln21, i10 %trunc_ln21_1, i32 %x_0, i32 %x_1, i32 %tw_M_value_1, i32 %tw_M_value" [ifft_1024/ifft.cpp:20]   --->   Operation 43 'call' 'call_ln20' <Predicate = true> <Delay = 0.00> <CoreType = "Generic">   --->   Core 0 '' <Latency = 0> <II = 1> <Delay = 1.00> <Generic> <Opcode : >
ST_6 : Operation 44 [1/1] (0.00ns)   --->   "%br_ln21 = br void %for.cond14" [ifft_1024/ifft.cpp:21]   --->   Operation 44 'br' 'br_ln21' <Predicate = true> <Delay = 0.00>

State 7 <SV = 3> <Delay = 0.00>
ST_7 : Operation 45 [1/2] (0.00ns)   --->   "%call_ln0 = call void @ifft_fast_Pipeline_VITIS_LOOP_33_5, i32 %x_0, i32 %x_1"   --->   Operation 45 'call' 'call_ln0' <Predicate = true> <Delay = 0.00> <CoreType = "Generic">   --->   Core 0 '' <Latency = 0> <II = 1> <Delay = 1.00> <Generic> <Opcode : >
ST_7 : Operation 46 [1/1] (0.00ns)   --->   "%ret_ln35 = ret" [ifft_1024/ifft.cpp:35]   --->   Operation 46 'ret' 'ret_ln35' <Predicate = true> <Delay = 0.00>


============================================================
+ Verbose Summary: Binding
============================================================
STG Binding: 
---------------- STG Properties BEGIN ----------------
- Is combinational: 0
- Is one-state seq: 0
- Is datapath-only: 0
- Is pipelined: 0
- Is top level: 0
Port [ Return ] is wired: 1; IO mode=ap_ctrl_hs:ce=0
Port [ x_0]:  wired=1; compound=1; hidden=0; nouse=0; global=0; static=0; extern=0; dir=2; type=1; pingpong=0; private_global=0; MemPort=[22]; IO mode=ap_memory:ce=0
Port [ x_1]:  wired=1; compound=1; hidden=0; nouse=0; global=0; static=0; extern=0; dir=2; type=1; pingpong=0; private_global=0; MemPort=[22]; IO mode=ap_memory:ce=0
Port [ br_lut]:  wired=0; compound=1; hidden=1; nouse=1; global=1; static=1; extern=0; dir=0; type=1; pingpong=0; private_global=0; MemPort=[1]; IO mode=ap_memory:ce=0
Port [ tw_M_value_1]:  wired=0; compound=1; hidden=1; nouse=1; global=1; static=1; extern=0; dir=0; type=1; pingpong=0; private_global=0; MemPort=[1]; IO mode=ap_memory:ce=0
Port [ tw_M_value]:  wired=0; compound=1; hidden=1; nouse=1; global=1; static=1; extern=0; dir=0; type=1; pingpong=0; private_global=0; MemPort=[1]; IO mode=ap_memory:ce=0
---------------- STG Properties END ------------------

---------------- Datapath Model BEGIN ----------------

<LifeTime>
<method=bitvector/>
ti                (alloca           ) [ 01111110]
s                 (alloca           ) [ 01111110]
store_ln18        (store            ) [ 00000000]
store_ln18        (store            ) [ 00000000]
call_ln0          (call             ) [ 00000000]
br_ln18           (br               ) [ 00000000]
s_2               (load             ) [ 00001110]
icmp_ln18         (icmp             ) [ 00011110]
empty             (speclooptripcount) [ 00000000]
br_ln18           (br               ) [ 00000000]
ti_load           (load             ) [ 00000000]
zext_ln18         (zext             ) [ 00000000]
specloopname_ln17 (specloopname     ) [ 00000000]
m                 (shl              ) [ 00000000]
m2                (partselect       ) [ 00001110]
zext_ln20         (zext             ) [ 00001110]
trunc_ln21        (trunc            ) [ 00001110]
zext_ln21         (zext             ) [ 00001110]
br_ln21           (br               ) [ 00011110]
k                 (phi              ) [ 00001000]
tmp               (partselect       ) [ 00000000]
icmp_ln21         (icmp             ) [ 00011110]
br_ln21           (br               ) [ 00000000]
trunc_ln21_1      (trunc            ) [ 00000110]
add_ln21          (add              ) [ 00011110]
ti_load_1         (load             ) [ 00000000]
ti_1              (add              ) [ 00000000]
s_3               (add              ) [ 00000000]
store_ln18        (store            ) [ 00000000]
store_ln18        (store            ) [ 00000000]
br_ln18           (br               ) [ 00000000]
specloopname_ln22 (specloopname     ) [ 00000000]
call_ln20         (call             ) [ 00000000]
br_ln21           (br               ) [ 00011110]
call_ln0          (call             ) [ 00000000]
ret_ln35          (ret              ) [ 00000000]
</LifeTime>

<model>

<comp_list>
<comp id="0" class="1000" name="x_0">
<pin_list>
<pin id="1" dir="1" index="0" bw="1" slack="0"/>
</pin_list>
<bind>
<StgValue><ssdm name="x_0"/><MemPortTyVec>2 2 </MemPortTyVec>
</StgValue>
</bind>
</comp>

<comp id="2" class="1000" name="x_1">
<pin_list>
<pin id="3" dir="1" index="0" bw="1" slack="0"/>
</pin_list>
<bind>
<StgValue><ssdm name="x_1"/><MemPortTyVec>2 2 </MemPortTyVec>
</StgValue>
</bind>
</comp>

<comp id="4" class="1000" name="br_lut">
<pin_list>
<pin id="5" dir="1" index="0" bw="1" slack="0"/>
</pin_list>
<bind>
<StgValue><ssdm name="br_lut"/><MemPortTyVec>1 </MemPortTyVec>
</StgValue>
</bind>
</comp>

<comp id="6" class="1000" name="tw_M_value_1">
<pin_list>
<pin id="7" dir="1" index="0" bw="1" slack="0"/>
</pin_list>
<bind>
<StgValue><ssdm name="tw_M_value_1"/><MemPortTyVec>1 </MemPortTyVec>
</StgValue>
</bind>
</comp>

<comp id="8" class="1000" name="tw_M_value">
<pin_list>
<pin id="9" dir="1" index="0" bw="1" slack="0"/>
</pin_list>
<bind>
<StgValue><ssdm name="tw_M_value"/><MemPortTyVec>1 </MemPortTyVec>
</StgValue>
</bind>
</comp>

<comp id="10" class="1001" name="const_10">
<pin_list>
<pin id="11" dir="1" index="0" bw="1" slack="0"/>
</pin_list>
<bind>
<StgValue><ssdm name=""/></StgValue>
</bind>
</comp>

<comp id="12" class="1001" name="const_12">
<pin_list>
<pin id="13" dir="1" index="0" bw="1" slack="0"/>
</pin_list>
<bind>
<StgValue><ssdm name="ifft_fast_Pipeline_VITIS_LOOP_7_1"/></StgValue>
</bind>
</comp>

<comp id="14" class="1001" name="const_14">
<pin_list>
<pin id="15" dir="1" index="0" bw="1" slack="0"/>
</pin_list>
<bind>
<StgValue><ssdm name=""/></StgValue>
</bind>
</comp>

<comp id="16" class="1001" name="const_16">
<pin_list>
<pin id="17" dir="1" index="0" bw="1" slack="0"/>
</pin_list>
<bind>
<StgValue><ssdm name=""/></StgValue>
</bind>
</comp>

<comp id="18" class="1001" name="const_18">
<pin_list>
<pin id="19" dir="1" index="0" bw="1" slack="0"/>
</pin_list>
<bind>
<StgValue><ssdm name=""/></StgValue>
</bind>
</comp>

<comp id="20" class="1001" name="const_20">
<pin_list>
<pin id="21" dir="1" index="0" bw="1" slack="2147483647"/>
</pin_list>
<bind>
<StgValue><ssdm name="_ssdm_op_SpecLoopTripCount"/></StgValue>
</bind>
</comp>

<comp id="22" class="1001" name="const_22">
<pin_list>
<pin id="23" dir="1" index="0" bw="1" slack="2147483647"/>
</pin_list>
<bind>
<StgValue><ssdm name=""/></StgValue>
</bind>
</comp>

<comp id="24" class="1001" name="const_24">
<pin_list>
<pin id="25" dir="1" index="0" bw="1" slack="2147483647"/>
</pin_list>
<bind>
<StgValue><ssdm name="_ssdm_op_SpecLoopName"/></StgValue>
</bind>
</comp>

<comp id="26" class="1001" name="const_26">
<pin_list>
<pin id="27" dir="1" index="0" bw="1" slack="2147483647"/>
</pin_list>
<bind>
<StgValue><ssdm name="empty_0"/></StgValue>
</bind>
</comp>

<comp id="28" class="1001" name="const_28">
<pin_list>
<pin id="29" dir="1" index="0" bw="1" slack="0"/>
</pin_list>
<bind>
<StgValue><ssdm name=""/></StgValue>
</bind>
</comp>

<comp id="30" class="1001" name="const_30">
<pin_list>
<pin id="31" dir="1" index="0" bw="1" slack="0"/>
</pin_list>
<bind>
<StgValue><ssdm name="_ssdm_op_PartSelect.i10.i11.i32.i32"/></StgValue>
</bind>
</comp>

<comp id="32" class="1001" name="const_32">
<pin_list>
<pin id="33" dir="1" index="0" bw="1" slack="0"/>
</pin_list>
<bind>
<StgValue><ssdm name=""/></StgValue>
</bind>
</comp>

<comp id="34" class="1001" name="const_34">
<pin_list>
<pin id="35" dir="1" index="0" bw="1" slack="0"/>
</pin_list>
<bind>
<StgValue><ssdm name="ifft_fast_Pipeline_VITIS_LOOP_33_5"/></StgValue>
</bind>
</comp>

<comp id="36" class="1001" name="const_36">
<pin_list>
<pin id="37" dir="1" index="0" bw="1" slack="1"/>
</pin_list>
<bind>
<StgValue><ssdm name=""/></StgValue>
</bind>
</comp>

<comp id="38" class="1001" name="const_38">
<pin_list>
<pin id="39" dir="1" index="0" bw="1" slack="0"/>
</pin_list>
<bind>
<StgValue><ssdm name="_ssdm_op_PartSelect.i54.i64.i32.i32"/></StgValue>
</bind>
</comp>

<comp id="40" class="1001" name="const_40">
<pin_list>
<pin id="41" dir="1" index="0" bw="1" slack="0"/>
</pin_list>
<bind>
<StgValue><ssdm name=""/></StgValue>
</bind>
</comp>

<comp id="42" class="1001" name="const_42">
<pin_list>
<pin id="43" dir="1" index="0" bw="1" slack="0"/>
</pin_list>
<bind>
<StgValue><ssdm name=""/></StgValue>
</bind>
</comp>

<comp id="44" class="1001" name="const_44">
<pin_list>
<pin id="45" dir="1" index="0" bw="1" slack="0"/>
</pin_list>
<bind>
<StgValue><ssdm name="ifft_fast_Pipeline_VITIS_LOOP_22_4"/></StgValue>
</bind>
</comp>

<comp id="46" class="1001" name="const_46">
<pin_list>
<pin id="47" dir="1" index="0" bw="1" slack="2147483647"/>
</pin_list>
<bind>
<StgValue><ssdm name="empty_3"/></StgValue>
</bind>
</comp>

<comp id="48" class="1004" name="ti_fu_48">
<pin_list>
<pin id="49" dir="0" index="0" bw="1" slack="0"/>
<pin id="50" dir="1" index="1" bw="13" slack="0"/>
</pin_list>
<bind>
<opcode="alloca(26) " fcode="alloca"/>
<opset="ti/1 "/>
</bind>
</comp>

<comp id="52" class="1004" name="s_fu_52">
<pin_list>
<pin id="53" dir="0" index="0" bw="1" slack="0"/>
<pin id="54" dir="1" index="1" bw="4" slack="0"/>
</pin_list>
<bind>
<opcode="alloca(26) " fcode="alloca"/>
<opset="s/1 "/>
</bind>
</comp>

<comp id="56" class="1005" name="k_reg_56">
<pin_list>
<pin id="57" dir="0" index="0" bw="64" slack="1"/>
<pin id="58" dir="1" index="1" bw="64" slack="1"/>
</pin_list>
<bind>
<opset="k (phireg) "/>
</bind>
</comp>

<comp id="60" class="1004" name="k_phi_fu_60">
<pin_list>
<pin id="61" dir="0" index="0" bw="64" slack="0"/>
<pin id="62" dir="0" index="1" bw="0" slack="2147483647"/>
<pin id="63" dir="0" index="2" bw="1" slack="1"/>
<pin id="64" dir="0" index="3" bw="0" slack="2147483647"/>
<pin id="65" dir="1" index="4" bw="64" slack="0"/>
</pin_list>
<bind>
<opcode="phi(47) " fcode="phi"/>
<opset="k/4 "/>
</bind>
</comp>

<comp id="67" class="1004" name="grp_ifft_fast_Pipeline_VITIS_LOOP_7_1_fu_67">
<pin_list>
<pin id="68" dir="0" index="0" bw="0" slack="0"/>
<pin id="69" dir="0" index="1" bw="32" slack="0"/>
<pin id="70" dir="0" index="2" bw="32" slack="0"/>
<pin id="71" dir="0" index="3" bw="10" slack="0"/>
<pin id="72" dir="1" index="4" bw="0" slack="2147483647"/>
</pin_list>
<bind>
<opcode="call(48) " fcode="call"/>
<opset="call_ln0/1 "/>
</bind>
</comp>

<comp id="77" class="1004" name="grp_ifft_fast_Pipeline_VITIS_LOOP_33_5_fu_77">
<pin_list>
<pin id="78" dir="0" index="0" bw="0" slack="0"/>
<pin id="79" dir="0" index="1" bw="32" slack="0"/>
<pin id="80" dir="0" index="2" bw="32" slack="0"/>
<pin id="81" dir="1" index="3" bw="0" slack="2147483647"/>
</pin_list>
<bind>
<opcode="call(48) " fcode="call"/>
<opset="call_ln0/3 "/>
</bind>
</comp>

<comp id="85" class="1004" name="grp_ifft_fast_Pipeline_VITIS_LOOP_22_4_fu_85">
<pin_list>
<pin id="86" dir="0" index="0" bw="0" slack="0"/>
<pin id="87" dir="0" index="1" bw="10" slack="2"/>
<pin id="88" dir="0" index="2" bw="10" slack="2"/>
<pin id="89" dir="0" index="3" bw="10" slack="1"/>
<pin id="90" dir="0" index="4" bw="32" slack="0"/>
<pin id="91" dir="0" index="5" bw="32" slack="0"/>
<pin id="92" dir="0" index="6" bw="32" slack="0"/>
<pin id="93" dir="0" index="7" bw="32" slack="0"/>
<pin id="94" dir="1" index="8" bw="0" slack="2147483647"/>
</pin_list>
<bind>
<opcode="call(48) " fcode="call"/>
<opset="call_ln20/5 "/>
</bind>
</comp>

<comp id="100" class="1004" name="grp_load_fu_100">
<pin_list>
<pin id="101" dir="0" index="0" bw="13" slack="2"/>
<pin id="102" dir="1" index="1" bw="13" slack="0"/>
</pin_list>
<bind>
<opcode="load(27) " fcode="load"/>
<opset="ti_load/3 ti_load_1/4 "/>
</bind>
</comp>

<comp id="103" class="1004" name="store_ln18_store_fu_103">
<pin_list>
<pin id="104" dir="0" index="0" bw="1" slack="0"/>
<pin id="105" dir="0" index="1" bw="4" slack="0"/>
<pin id="106" dir="1" index="2" bw="0" slack="2147483647"/>
</pin_list>
<bind>
<opcode="store(28) " fcode="store"/>
<opset="store_ln18/1 "/>
</bind>
</comp>

<comp id="108" class="1004" name="store_ln18_store_fu_108">
<pin_list>
<pin id="109" dir="0" index="0" bw="1" slack="0"/>
<pin id="110" dir="0" index="1" bw="13" slack="0"/>
<pin id="111" dir="1" index="2" bw="0" slack="2147483647"/>
</pin_list>
<bind>
<opcode="store(28) " fcode="store"/>
<opset="store_ln18/1 "/>
</bind>
</comp>

<comp id="113" class="1004" name="s_2_load_fu_113">
<pin_list>
<pin id="114" dir="0" index="0" bw="4" slack="2"/>
<pin id="115" dir="1" index="1" bw="4" slack="0"/>
</pin_list>
<bind>
<opcode="load(27) " fcode="load"/>
<opset="s_2/3 "/>
</bind>
</comp>

<comp id="116" class="1004" name="icmp_ln18_fu_116">
<pin_list>
<pin id="117" dir="0" index="0" bw="4" slack="0"/>
<pin id="118" dir="0" index="1" bw="4" slack="0"/>
<pin id="119" dir="1" index="2" bw="1" slack="2147483647"/>
</pin_list>
<bind>
<opcode="icmp(45) " fcode="icmp"/>
<opset="icmp_ln18/3 "/>
</bind>
</comp>

<comp id="122" class="1004" name="zext_ln18_fu_122">
<pin_list>
<pin id="123" dir="0" index="0" bw="4" slack="0"/>
<pin id="124" dir="1" index="1" bw="11" slack="0"/>
</pin_list>
<bind>
<opcode="zext(34) " fcode="zext"/>
<opset="zext_ln18/3 "/>
</bind>
</comp>

<comp id="126" class="1004" name="m_fu_126">
<pin_list>
<pin id="127" dir="0" index="0" bw="1" slack="0"/>
<pin id="128" dir="0" index="1" bw="4" slack="0"/>
<pin id="129" dir="1" index="2" bw="11" slack="0"/>
</pin_list>
<bind>
<opcode="shl(20) " fcode="shl"/>
<opset="m/3 "/>
</bind>
</comp>

<comp id="132" class="1004" name="m2_fu_132">
<pin_list>
<pin id="133" dir="0" index="0" bw="10" slack="0"/>
<pin id="134" dir="0" index="1" bw="11" slack="0"/>
<pin id="135" dir="0" index="2" bw="1" slack="0"/>
<pin id="136" dir="0" index="3" bw="5" slack="0"/>
<pin id="137" dir="1" index="4" bw="10" slack="0"/>
</pin_list>
<bind>
<opcode="partselect(1002) " fcode="partselect"/>
<opset="m2/3 "/>
</bind>
</comp>

<comp id="142" class="1004" name="zext_ln20_fu_142">
<pin_list>
<pin id="143" dir="0" index="0" bw="10" slack="0"/>
<pin id="144" dir="1" index="1" bw="13" slack="1"/>
</pin_list>
<bind>
<opcode="zext(34) " fcode="zext"/>
<opset="zext_ln20/3 "/>
</bind>
</comp>

<comp id="146" class="1004" name="trunc_ln21_fu_146">
<pin_list>
<pin id="147" dir="0" index="0" bw="13" slack="0"/>
<pin id="148" dir="1" index="1" bw="10" slack="2"/>
</pin_list>
<bind>
<opcode="trunc(33) " fcode="trunc"/>
<opset="trunc_ln21/3 "/>
</bind>
</comp>

<comp id="150" class="1004" name="zext_ln21_fu_150">
<pin_list>
<pin id="151" dir="0" index="0" bw="11" slack="0"/>
<pin id="152" dir="1" index="1" bw="64" slack="1"/>
</pin_list>
<bind>
<opcode="zext(34) " fcode="zext"/>
<opset="zext_ln21/3 "/>
</bind>
</comp>

<comp id="154" class="1004" name="tmp_fu_154">
<pin_list>
<pin id="155" dir="0" index="0" bw="54" slack="0"/>
<pin id="156" dir="0" index="1" bw="64" slack="0"/>
<pin id="157" dir="0" index="2" bw="5" slack="0"/>
<pin id="158" dir="0" index="3" bw="7" slack="0"/>
<pin id="159" dir="1" index="4" bw="54" slack="0"/>
</pin_list>
<bind>
<opcode="partselect(1002) " fcode="partselect"/>
<opset="tmp/4 "/>
</bind>
</comp>

<comp id="164" class="1004" name="icmp_ln21_fu_164">
<pin_list>
<pin id="165" dir="0" index="0" bw="54" slack="0"/>
<pin id="166" dir="0" index="1" bw="1" slack="0"/>
<pin id="167" dir="1" index="2" bw="1" slack="2147483647"/>
</pin_list>
<bind>
<opcode="icmp(45) " fcode="icmp"/>
<opset="icmp_ln21/4 "/>
</bind>
</comp>

<comp id="170" class="1004" name="trunc_ln21_1_fu_170">
<pin_list>
<pin id="171" dir="0" index="0" bw="64" slack="0"/>
<pin id="172" dir="1" index="1" bw="10" slack="1"/>
</pin_list>
<bind>
<opcode="trunc(33) " fcode="trunc"/>
<opset="trunc_ln21_1/4 "/>
</bind>
</comp>

<comp id="174" class="1004" name="add_ln21_fu_174">
<pin_list>
<pin id="175" dir="0" index="0" bw="11" slack="1"/>
<pin id="176" dir="0" index="1" bw="64" slack="0"/>
<pin id="177" dir="1" index="2" bw="64" slack="0"/>
</pin_list>
<bind>
<opcode="add(8) " fcode="add"/>
<opset="add_ln21/4 "/>
</bind>
</comp>

<comp id="179" class="1004" name="ti_1_fu_179">
<pin_list>
<pin id="180" dir="0" index="0" bw="10" slack="1"/>
<pin id="181" dir="0" index="1" bw="13" slack="0"/>
<pin id="182" dir="1" index="2" bw="13" slack="0"/>
</pin_list>
<bind>
<opcode="add(8) " fcode="add"/>
<opset="ti_1/4 "/>
</bind>
</comp>

<comp id="184" class="1004" name="s_3_fu_184">
<pin_list>
<pin id="185" dir="0" index="0" bw="4" slack="2147483647"/>
<pin id="186" dir="0" index="1" bw="1" slack="0"/>
<pin id="187" dir="1" index="2" bw="4" slack="0"/>
</pin_list>
<bind>
<opcode="add(8) " fcode="add"/>
<opset="s_3/4 "/>
</bind>
</comp>

<comp id="189" class="1004" name="store_ln18_store_fu_189">
<pin_list>
<pin id="190" dir="0" index="0" bw="4" slack="0"/>
<pin id="191" dir="0" index="1" bw="4" slack="3"/>
<pin id="192" dir="1" index="2" bw="0" slack="2147483647"/>
</pin_list>
<bind>
<opcode="store(28) " fcode="store"/>
<opset="store_ln18/4 "/>
</bind>
</comp>

<comp id="194" class="1004" name="store_ln18_store_fu_194">
<pin_list>
<pin id="195" dir="0" index="0" bw="13" slack="0"/>
<pin id="196" dir="0" index="1" bw="13" slack="3"/>
<pin id="197" dir="1" index="2" bw="0" slack="2147483647"/>
</pin_list>
<bind>
<opcode="store(28) " fcode="store"/>
<opset="store_ln18/4 "/>
</bind>
</comp>

<comp id="199" class="1005" name="ti_reg_199">
<pin_list>
<pin id="200" dir="0" index="0" bw="13" slack="0"/>
<pin id="201" dir="1" index="1" bw="13" slack="0"/>
</pin_list>
<bind>
<opset="ti "/>
</bind>
</comp>

<comp id="206" class="1005" name="s_reg_206">
<pin_list>
<pin id="207" dir="0" index="0" bw="4" slack="0"/>
<pin id="208" dir="1" index="1" bw="4" slack="0"/>
</pin_list>
<bind>
<opset="s "/>
</bind>
</comp>

<comp id="219" class="1005" name="m2_reg_219">
<pin_list>
<pin id="220" dir="0" index="0" bw="10" slack="2"/>
<pin id="221" dir="1" index="1" bw="10" slack="2"/>
</pin_list>
<bind>
<opset="m2 "/>
</bind>
</comp>

<comp id="224" class="1005" name="zext_ln20_reg_224">
<pin_list>
<pin id="225" dir="0" index="0" bw="13" slack="1"/>
<pin id="226" dir="1" index="1" bw="13" slack="1"/>
</pin_list>
<bind>
<opset="zext_ln20 "/>
</bind>
</comp>

<comp id="229" class="1005" name="trunc_ln21_reg_229">
<pin_list>
<pin id="230" dir="0" index="0" bw="10" slack="2"/>
<pin id="231" dir="1" index="1" bw="10" slack="2"/>
</pin_list>
<bind>
<opset="trunc_ln21 "/>
</bind>
</comp>

<comp id="234" class="1005" name="zext_ln21_reg_234">
<pin_list>
<pin id="235" dir="0" index="0" bw="64" slack="1"/>
<pin id="236" dir="1" index="1" bw="64" slack="1"/>
</pin_list>
<bind>
<opset="zext_ln21 "/>
</bind>
</comp>

<comp id="242" class="1005" name="trunc_ln21_1_reg_242">
<pin_list>
<pin id="243" dir="0" index="0" bw="10" slack="1"/>
<pin id="244" dir="1" index="1" bw="10" slack="1"/>
</pin_list>
<bind>
<opset="trunc_ln21_1 "/>
</bind>
</comp>

<comp id="247" class="1005" name="add_ln21_reg_247">
<pin_list>
<pin id="248" dir="0" index="0" bw="64" slack="0"/>
<pin id="249" dir="1" index="1" bw="64" slack="0"/>
</pin_list>
<bind>
<opset="add_ln21 "/>
</bind>
</comp>

</comp_list>

<net_list>
<net id="51"><net_src comp="10" pin="0"/><net_sink comp="48" pin=0"/></net>

<net id="55"><net_src comp="10" pin="0"/><net_sink comp="52" pin=0"/></net>

<net id="59"><net_src comp="36" pin="0"/><net_sink comp="56" pin=0"/></net>

<net id="66"><net_src comp="56" pin="1"/><net_sink comp="60" pin=2"/></net>

<net id="73"><net_src comp="12" pin="0"/><net_sink comp="67" pin=0"/></net>

<net id="74"><net_src comp="0" pin="0"/><net_sink comp="67" pin=1"/></net>

<net id="75"><net_src comp="2" pin="0"/><net_sink comp="67" pin=2"/></net>

<net id="76"><net_src comp="4" pin="0"/><net_sink comp="67" pin=3"/></net>

<net id="82"><net_src comp="34" pin="0"/><net_sink comp="77" pin=0"/></net>

<net id="83"><net_src comp="0" pin="0"/><net_sink comp="77" pin=1"/></net>

<net id="84"><net_src comp="2" pin="0"/><net_sink comp="77" pin=2"/></net>

<net id="95"><net_src comp="44" pin="0"/><net_sink comp="85" pin=0"/></net>

<net id="96"><net_src comp="0" pin="0"/><net_sink comp="85" pin=4"/></net>

<net id="97"><net_src comp="2" pin="0"/><net_sink comp="85" pin=5"/></net>

<net id="98"><net_src comp="6" pin="0"/><net_sink comp="85" pin=6"/></net>

<net id="99"><net_src comp="8" pin="0"/><net_sink comp="85" pin=7"/></net>

<net id="107"><net_src comp="14" pin="0"/><net_sink comp="103" pin=0"/></net>

<net id="112"><net_src comp="16" pin="0"/><net_sink comp="108" pin=0"/></net>

<net id="120"><net_src comp="113" pin="1"/><net_sink comp="116" pin=0"/></net>

<net id="121"><net_src comp="18" pin="0"/><net_sink comp="116" pin=1"/></net>

<net id="125"><net_src comp="113" pin="1"/><net_sink comp="122" pin=0"/></net>

<net id="130"><net_src comp="28" pin="0"/><net_sink comp="126" pin=0"/></net>

<net id="131"><net_src comp="122" pin="1"/><net_sink comp="126" pin=1"/></net>

<net id="138"><net_src comp="30" pin="0"/><net_sink comp="132" pin=0"/></net>

<net id="139"><net_src comp="126" pin="2"/><net_sink comp="132" pin=1"/></net>

<net id="140"><net_src comp="10" pin="0"/><net_sink comp="132" pin=2"/></net>

<net id="141"><net_src comp="32" pin="0"/><net_sink comp="132" pin=3"/></net>

<net id="145"><net_src comp="132" pin="4"/><net_sink comp="142" pin=0"/></net>

<net id="149"><net_src comp="100" pin="1"/><net_sink comp="146" pin=0"/></net>

<net id="153"><net_src comp="126" pin="2"/><net_sink comp="150" pin=0"/></net>

<net id="160"><net_src comp="38" pin="0"/><net_sink comp="154" pin=0"/></net>

<net id="161"><net_src comp="60" pin="4"/><net_sink comp="154" pin=1"/></net>

<net id="162"><net_src comp="32" pin="0"/><net_sink comp="154" pin=2"/></net>

<net id="163"><net_src comp="40" pin="0"/><net_sink comp="154" pin=3"/></net>

<net id="168"><net_src comp="154" pin="4"/><net_sink comp="164" pin=0"/></net>

<net id="169"><net_src comp="42" pin="0"/><net_sink comp="164" pin=1"/></net>

<net id="173"><net_src comp="60" pin="4"/><net_sink comp="170" pin=0"/></net>

<net id="178"><net_src comp="60" pin="4"/><net_sink comp="174" pin=1"/></net>

<net id="183"><net_src comp="100" pin="1"/><net_sink comp="179" pin=1"/></net>

<net id="188"><net_src comp="14" pin="0"/><net_sink comp="184" pin=1"/></net>

<net id="193"><net_src comp="184" pin="2"/><net_sink comp="189" pin=0"/></net>

<net id="198"><net_src comp="179" pin="2"/><net_sink comp="194" pin=0"/></net>

<net id="202"><net_src comp="48" pin="1"/><net_sink comp="199" pin=0"/></net>

<net id="203"><net_src comp="199" pin="1"/><net_sink comp="108" pin=1"/></net>

<net id="204"><net_src comp="199" pin="1"/><net_sink comp="100" pin=0"/></net>

<net id="205"><net_src comp="199" pin="1"/><net_sink comp="194" pin=1"/></net>

<net id="209"><net_src comp="52" pin="1"/><net_sink comp="206" pin=0"/></net>

<net id="210"><net_src comp="206" pin="1"/><net_sink comp="103" pin=1"/></net>

<net id="211"><net_src comp="206" pin="1"/><net_sink comp="113" pin=0"/></net>

<net id="212"><net_src comp="206" pin="1"/><net_sink comp="189" pin=1"/></net>

<net id="222"><net_src comp="132" pin="4"/><net_sink comp="219" pin=0"/></net>

<net id="223"><net_src comp="219" pin="1"/><net_sink comp="85" pin=1"/></net>

<net id="227"><net_src comp="142" pin="1"/><net_sink comp="224" pin=0"/></net>

<net id="228"><net_src comp="224" pin="1"/><net_sink comp="179" pin=0"/></net>

<net id="232"><net_src comp="146" pin="1"/><net_sink comp="229" pin=0"/></net>

<net id="233"><net_src comp="229" pin="1"/><net_sink comp="85" pin=2"/></net>

<net id="237"><net_src comp="150" pin="1"/><net_sink comp="234" pin=0"/></net>

<net id="238"><net_src comp="234" pin="1"/><net_sink comp="174" pin=0"/></net>

<net id="245"><net_src comp="170" pin="1"/><net_sink comp="242" pin=0"/></net>

<net id="246"><net_src comp="242" pin="1"/><net_sink comp="85" pin=3"/></net>

<net id="250"><net_src comp="174" pin="2"/><net_sink comp="247" pin=0"/></net>

<net id="251"><net_src comp="247" pin="1"/><net_sink comp="60" pin=0"/></net>

</net_list>

</model> 
---------------- Datapath Model END ------------------

* FSMD analyzer results:
  - Output states:
	Port: x_0 | {1 2 3 5 6 7 }
	Port: x_1 | {1 2 3 5 6 7 }
 - Input state : 
	Port: ifft_fast : x_0 | {1 2 3 5 6 7 }
	Port: ifft_fast : x_1 | {1 2 3 5 6 7 }
	Port: ifft_fast : br_lut | {1 2 }
	Port: ifft_fast : tw_M_value_1 | {5 6 }
	Port: ifft_fast : tw_M_value | {5 6 }
  - Chain level:
	State 1
		store_ln18 : 1
		store_ln18 : 1
	State 2
	State 3
		icmp_ln18 : 1
		br_ln18 : 2
		zext_ln18 : 1
		m : 2
		m2 : 3
		zext_ln20 : 4
		trunc_ln21 : 1
		zext_ln21 : 3
	State 4
		tmp : 1
		icmp_ln21 : 2
		br_ln21 : 3
		trunc_ln21_1 : 1
		add_ln21 : 1
		ti_1 : 1
		store_ln18 : 1
		store_ln18 : 2
	State 5
	State 6
	State 7


============================================================
+ Verbose Summary: Datapath Resource usage 
============================================================

* Functional unit list:
|----------|----------------------------------------------|---------|---------|---------|---------|
| Operation|                Functional Unit               |   DSP   |  Delay  |    FF   |   LUT   |
|----------|----------------------------------------------|---------|---------|---------|---------|
|          |  grp_ifft_fast_Pipeline_VITIS_LOOP_7_1_fu_67 |    0    |   7.94  |   202   |    79   |
|   call   | grp_ifft_fast_Pipeline_VITIS_LOOP_33_5_fu_77 |    6    |  3.176  |   446   |   683   |
|          | grp_ifft_fast_Pipeline_VITIS_LOOP_22_4_fu_85 |    16   |  15.88  |   1500  |   2217  |
|----------|----------------------------------------------|---------|---------|---------|---------|
|          |                add_ln21_fu_174               |    0    |    0    |    0    |    71   |
|    add   |                  ti_1_fu_179                 |    0    |    0    |    0    |    14   |
|          |                  s_3_fu_184                  |    0    |    0    |    0    |    13   |
|----------|----------------------------------------------|---------|---------|---------|---------|
|   icmp   |               icmp_ln18_fu_116               |    0    |    0    |    0    |    9    |
|          |               icmp_ln21_fu_164               |    0    |    0    |    0    |    25   |
|----------|----------------------------------------------|---------|---------|---------|---------|
|    shl   |                   m_fu_126                   |    0    |    0    |    0    |    9    |
|----------|----------------------------------------------|---------|---------|---------|---------|
|          |               zext_ln18_fu_122               |    0    |    0    |    0    |    0    |
|   zext   |               zext_ln20_fu_142               |    0    |    0    |    0    |    0    |
|          |               zext_ln21_fu_150               |    0    |    0    |    0    |    0    |
|----------|----------------------------------------------|---------|---------|---------|---------|
|partselect|                   m2_fu_132                  |    0    |    0    |    0    |    0    |
|          |                  tmp_fu_154                  |    0    |    0    |    0    |    0    |
|----------|----------------------------------------------|---------|---------|---------|---------|
|   trunc  |               trunc_ln21_fu_146              |    0    |    0    |    0    |    0    |
|          |              trunc_ln21_1_fu_170             |    0    |    0    |    0    |    0    |
|----------|----------------------------------------------|---------|---------|---------|---------|
|   Total  |                                              |    22   |  26.996 |   2148  |   3120  |
|----------|----------------------------------------------|---------|---------|---------|---------|

Memories:
N/A

* Register list:
+--------------------+--------+
|                    |   FF   |
+--------------------+--------+
|  add_ln21_reg_247  |   64   |
|      k_reg_56      |   64   |
|     m2_reg_219     |   10   |
|      s_reg_206     |    4   |
|     ti_reg_199     |   13   |
|trunc_ln21_1_reg_242|   10   |
| trunc_ln21_reg_229 |   10   |
|  zext_ln20_reg_224 |   13   |
|  zext_ln21_reg_234 |   64   |
+--------------------+--------+
|        Total       |   252  |
+--------------------+--------+

* Multiplexer (MUX) list: 
|--------|------|------|------|--------|
|  Comp  |  Pin | Size |  BW  | S x BW |
|--------|------|------|------|--------|
|  Total |      |      |      |    0   |
|--------|------|------|------|--------|



* Summary:
+-----------+--------+--------+--------+--------+
|           |   DSP  |  Delay |   FF   |   LUT  |
+-----------+--------+--------+--------+--------+
|  Function |   22   |   26   |  2148  |  3120  |
|   Memory  |    -   |    -   |    -   |    -   |
|Multiplexer|    -   |    -   |    -   |    -   |
|  Register |    -   |    -   |   252  |    -   |
+-----------+--------+--------+--------+--------+
|   Total   |   22   |   26   |  2400  |  3120  |
+-----------+--------+--------+--------+--------+
