

================================================================
== Vitis HLS Report for 'ifft_fast_Pipeline_VITIS_LOOP_22_4'
================================================================
* Date:           Tue Apr 28 14:35:50 2026

* Version:        2022.1 (Build 3526262 on Mon Apr 18 15:47:01 MDT 2022)
* Project:        ifft_1024
* Solution:       solution1 (Vivado IP Flow Target)
* Product family: zynq
* Target device:  xc7z020-clg484-1


================================================================
== Performance Estimates
================================================================
+ Timing: 
    * Summary: 
    +--------+----------+----------+------------+
    |  Clock |  Target  | Estimated| Uncertainty|
    +--------+----------+----------+------------+
    |ap_clk  |  10.00 ns|  7.256 ns|     2.70 ns|
    +--------+----------+----------+------------+

+ Latency: 
    * Summary: 
    +---------+---------+----------+-----------+-----+------+---------+
    |  Latency (cycles) |  Latency (absolute)  |  Interval  | Pipeline|
    |   min   |   max   |    min   |    max    | min |  max |   Type  |
    +---------+---------+----------+-----------+-----+------+---------+
    |       20|     9218|  0.200 us|  92.180 us|   20|  9218|       no|
    +---------+---------+----------+-----------+-----+------+---------+

    + Detail: 
        * Instance: 
        N/A

        * Loop: 
        +-------------------+---------+---------+----------+-----------+-----------+---------+----------+
        |                   |  Latency (cycles) | Iteration|  Initiation Interval  |   Trip  |          |
        |     Loop Name     |   min   |   max   |  Latency |  achieved |   target  |  Count  | Pipelined|
        +-------------------+---------+---------+----------+-----------+-----------+---------+----------+
        |- VITIS_LOOP_22_4  |       18|     9216|        18|         18|          1|  1 ~ 512|       yes|
        +-------------------+---------+---------+----------+-----------+-----------+---------+----------+



================================================================
== Utilization Estimates
================================================================
* Summary: 
+-----------------+---------+-----+--------+-------+-----+
|       Name      | BRAM_18K| DSP |   FF   |  LUT  | URAM|
+-----------------+---------+-----+--------+-------+-----+
|DSP              |        -|    -|       -|      -|    -|
|Expression       |        -|    -|       0|     63|    -|
|FIFO             |        -|    -|       -|      -|    -|
|Instance         |        -|   10|     696|   1422|    -|
|Memory           |        4|    -|       0|      0|    -|
|Multiplexer      |        -|    -|       -|    260|    -|
|Register         |        -|    -|     517|      -|    -|
+-----------------+---------+-----+--------+-------+-----+
|Total            |        4|   10|    1213|   1745|    0|
+-----------------+---------+-----+--------+-------+-----+
|Available        |      280|  220|  106400|  53200|    0|
+-----------------+---------+-----+--------+-------+-----+
|Utilization (%)  |        1|    4|       1|      3|    0|
+-----------------+---------+-----+--------+-------+-----+

+ Detail: 
    * Instance: 
    +----------------------------------------+------------------------------------+---------+----+-----+-----+-----+
    |                Instance                |               Module               | BRAM_18K| DSP|  FF | LUT | URAM|
    +----------------------------------------+------------------------------------+---------+----+-----+-----+-----+
    |faddfsub_32ns_32ns_32_5_full_dsp_1_U20  |faddfsub_32ns_32ns_32_5_full_dsp_1  |        0|   2|  205|  390|    0|
    |faddfsub_32ns_32ns_32_5_full_dsp_1_U21  |faddfsub_32ns_32ns_32_5_full_dsp_1  |        0|   2|  205|  390|    0|
    |fmul_32ns_32ns_32_4_max_dsp_1_U24       |fmul_32ns_32ns_32_4_max_dsp_1       |        0|   3|  143|  321|    0|
    |fmul_32ns_32ns_32_4_max_dsp_1_U25       |fmul_32ns_32ns_32_4_max_dsp_1       |        0|   3|  143|  321|    0|
    +----------------------------------------+------------------------------------+---------+----+-----+-----+-----+
    |Total                                   |                                    |        0|  10|  696| 1422|    0|
    +----------------------------------------+------------------------------------+---------+----+-----+-----+-----+

    * DSP: 
    N/A

    * Memory: 
    +----------------+-------------------------------------------------------------+---------+---+----+-----+------+-----+------+-------------+
    |     Memory     |                            Module                           | BRAM_18K| FF| LUT| URAM| Words| Bits| Banks| W*Bits*Banks|
    +----------------+-------------------------------------------------------------+---------+---+----+-----+------+-----+------+-------------+
    |tw_M_value_1_U  |ifft_fast_Pipeline_VITIS_LOOP_22_4_tw_M_value_1_ROM_AUTO_1R  |        2|  0|   0|    0|  1024|   32|     1|        32768|
    |tw_M_value_U    |ifft_fast_Pipeline_VITIS_LOOP_22_4_tw_M_value_ROM_AUTO_1R    |        2|  0|   0|    0|  1024|   32|     1|        32768|
    +----------------+-------------------------------------------------------------+---------+---+----+-----+------+-----+------+-------------+
    |Total           |                                                             |        4|  0|   0|    0|  2048|   64|     2|        65536|
    +----------------+-------------------------------------------------------------+---------+---+----+-----+------+-----+------+-------------+

    * FIFO: 
    N/A

    * Expression: 
    +----------------------+----------+----+---+----+------------+------------+
    |     Variable Name    | Operation| DSP| FF| LUT| Bitwidth P0| Bitwidth P1|
    +----------------------+----------+----+---+----+------------+------------+
    |add_ln1097_fu_220_p2  |         +|   0|  0|  13|          10|          10|
    |add_ln22_fu_190_p2    |         +|   0|  0|  13|          10|           1|
    |add_ln23_fu_196_p2    |         +|   0|  0|  13|          10|          10|
    |add_ln24_fu_208_p2    |         +|   0|  0|  13|          10|          10|
    |icmp_ln22_fu_184_p2   |      icmp|   0|  0|  11|          10|          10|
    +----------------------+----------+----+---+----+------------+------------+
    |Total                 |          |   0|  0|  63|          50|          41|
    +----------------------+----------+----+---+----+------------+------------+

    * Multiplexer: 
    +----------------------+----+-----------+-----+-----------+
    |         Name         | LUT| Input Size| Bits| Total Bits|
    +----------------------+----+-----------+-----+-----------+
    |ap_NS_fsm             |  93|         19|    1|         19|
    |ap_done_int           |   9|          2|    1|          2|
    |ap_sig_allocacmp_j_1  |   9|          2|   10|         20|
    |grp_fu_140_opcode     |  14|          3|    2|          6|
    |grp_fu_140_p0         |  14|          3|   32|         96|
    |grp_fu_140_p1         |  14|          3|   32|         96|
    |grp_fu_144_opcode     |  14|          3|    2|          6|
    |grp_fu_144_p0         |  14|          3|   32|         96|
    |grp_fu_144_p1         |  14|          3|   32|         96|
    |j_fu_42               |   9|          2|   10|         20|
    |x_0_address0          |  14|          3|   10|         30|
    |x_0_address1          |  14|          3|   10|         30|
    |x_1_address0          |  14|          3|   10|         30|
    |x_1_address1          |  14|          3|   10|         30|
    +----------------------+----+-----------+-----+-----------+
    |Total                 | 260|         55|  194|        577|
    +----------------------+----+-----------+-----+-----------+

    * Register: 
    +-----------------------+----+----+-----+-----------+
    |          Name         | FF | LUT| Bits| Const Bits|
    +-----------------------+----+----+-----+-----------+
    |ap_CS_fsm              |  18|   0|   18|          0|
    |ap_done_reg            |   1|   0|    1|          0|
    |j_fu_42                |  10|   0|   10|          0|
    |mul_ac_i_i_reg_311     |  32|   0|   32|          0|
    |mul_ad_i_i_reg_321     |  32|   0|   32|          0|
    |mul_bc_i_i_reg_326     |  32|   0|   32|          0|
    |mul_bd_i_i_reg_316     |  32|   0|   32|          0|
    |p_r_M_value_2_reg_331  |  32|   0|   32|          0|
    |p_r_M_value_3_reg_336  |  32|   0|   32|          0|
    |p_t_1_reg_295          |  32|   0|   32|          0|
    |p_t_reg_289            |  32|   0|   32|          0|
    |reg_164                |  32|   0|   32|          0|
    |reg_170                |  32|   0|   32|          0|
    |tw_M_value_2_reg_277   |  32|   0|   32|          0|
    |tw_M_value_3_reg_283   |  32|   0|   32|          0|
    |u_M_value_2_reg_306    |  32|   0|   32|          0|
    |u_M_value_reg_301      |  32|   0|   32|          0|
    |x_0_addr_2_reg_267     |  10|   0|   10|          0|
    |x_0_addr_reg_257       |  10|   0|   10|          0|
    |x_1_addr_2_reg_272     |  10|   0|   10|          0|
    |x_1_addr_reg_262       |  10|   0|   10|          0|
    +-----------------------+----+----+-----+-----------+
    |Total                  | 517|   0|  517|          0|
    +-----------------------+----+----+-----+-----------+



================================================================
== Interface
================================================================
* Summary: 
+--------------------+-----+-----+------------+------------------------------------+--------------+
|      RTL Ports     | Dir | Bits|  Protocol  |            Source Object           |    C Type    |
+--------------------+-----+-----+------------+------------------------------------+--------------+
|ap_clk              |   in|    1|  ap_ctrl_hs|  ifft_fast_Pipeline_VITIS_LOOP_22_4|  return value|
|ap_rst              |   in|    1|  ap_ctrl_hs|  ifft_fast_Pipeline_VITIS_LOOP_22_4|  return value|
|ap_start            |   in|    1|  ap_ctrl_hs|  ifft_fast_Pipeline_VITIS_LOOP_22_4|  return value|
|ap_done             |  out|    1|  ap_ctrl_hs|  ifft_fast_Pipeline_VITIS_LOOP_22_4|  return value|
|ap_idle             |  out|    1|  ap_ctrl_hs|  ifft_fast_Pipeline_VITIS_LOOP_22_4|  return value|
|ap_ready            |  out|    1|  ap_ctrl_hs|  ifft_fast_Pipeline_VITIS_LOOP_22_4|  return value|
|grp_fu_252_p_din0   |  out|   32|  ap_ctrl_hs|  ifft_fast_Pipeline_VITIS_LOOP_22_4|  return value|
|grp_fu_252_p_din1   |  out|   32|  ap_ctrl_hs|  ifft_fast_Pipeline_VITIS_LOOP_22_4|  return value|
|grp_fu_252_p_dout0  |   in|   32|  ap_ctrl_hs|  ifft_fast_Pipeline_VITIS_LOOP_22_4|  return value|
|grp_fu_252_p_ce     |  out|    1|  ap_ctrl_hs|  ifft_fast_Pipeline_VITIS_LOOP_22_4|  return value|
|grp_fu_256_p_din0   |  out|   32|  ap_ctrl_hs|  ifft_fast_Pipeline_VITIS_LOOP_22_4|  return value|
|grp_fu_256_p_din1   |  out|   32|  ap_ctrl_hs|  ifft_fast_Pipeline_VITIS_LOOP_22_4|  return value|
|grp_fu_256_p_dout0  |   in|   32|  ap_ctrl_hs|  ifft_fast_Pipeline_VITIS_LOOP_22_4|  return value|
|grp_fu_256_p_ce     |  out|    1|  ap_ctrl_hs|  ifft_fast_Pipeline_VITIS_LOOP_22_4|  return value|
|m2                  |   in|   10|     ap_none|                                  m2|        scalar|
|trunc_ln21_1        |   in|   10|     ap_none|                        trunc_ln21_1|        scalar|
|trunc_ln21_2        |   in|   10|     ap_none|                        trunc_ln21_2|        scalar|
|x_0_address0        |  out|   10|   ap_memory|                                 x_0|         array|
|x_0_ce0             |  out|    1|   ap_memory|                                 x_0|         array|
|x_0_we0             |  out|    1|   ap_memory|                                 x_0|         array|
|x_0_d0              |  out|   32|   ap_memory|                                 x_0|         array|
|x_0_q0              |   in|   32|   ap_memory|                                 x_0|         array|
|x_0_address1        |  out|   10|   ap_memory|                                 x_0|         array|
|x_0_ce1             |  out|    1|   ap_memory|                                 x_0|         array|
|x_0_we1             |  out|    1|   ap_memory|                                 x_0|         array|
|x_0_d1              |  out|   32|   ap_memory|                                 x_0|         array|
|x_0_q1              |   in|   32|   ap_memory|                                 x_0|         array|
|x_1_address0        |  out|   10|   ap_memory|                                 x_1|         array|
|x_1_ce0             |  out|    1|   ap_memory|                                 x_1|         array|
|x_1_we0             |  out|    1|   ap_memory|                                 x_1|         array|
|x_1_d0              |  out|   32|   ap_memory|                                 x_1|         array|
|x_1_q0              |   in|   32|   ap_memory|                                 x_1|         array|
|x_1_address1        |  out|   10|   ap_memory|                                 x_1|         array|
|x_1_ce1             |  out|    1|   ap_memory|                                 x_1|         array|
|x_1_we1             |  out|    1|   ap_memory|                                 x_1|         array|
|x_1_d1              |  out|   32|   ap_memory|                                 x_1|         array|
|x_1_q1              |   in|   32|   ap_memory|                                 x_1|         array|
+--------------------+-----+-----+------------+------------------------------------+--------------+

============================================================
+ Verbose Summary: Synthesis Manager
============================================================
InlineROM: 1
ExposeGlobal: 0
============================================================
+ Verbose Summary: CDFG Model
============================================================
IsTopModel: 0
ResetActiveHigh: 1
IsCombinational: 2
IsDatapathOnly: 2
HasWiredReturn: 1
HasMFsm: 2
HasVarLatency: 1
IsPipeline: 0
IsRtlPipelined: 0
IsInstanceOverlapped: 0
IsDontTouch: 0
HasImplIP: 0
IsGatedGlobalClock: 0

+ Individual pipeline summary: 
  * Pipeline-0: initiation interval (II) = 18, depth = 18


============================================================
+ Verbose Summary: Schedule
============================================================
* Number of FSM states : 18
* Pipeline : 1
  Pipeline-0 : II = 18, D = 18, States = { 1 2 3 4 5 6 7 8 9 10 11 12 13 14 15 16 17 18 }
* Dataflow Pipeline: 0

* FSM state transitions: 
1 --> 2 
2 --> 3 
3 --> 4 
4 --> 5 
5 --> 6 
6 --> 7 
7 --> 8 
8 --> 9 
9 --> 10 
10 --> 11 
11 --> 12 
12 --> 13 
13 --> 14 
14 --> 15 
15 --> 16 
16 --> 17 
17 --> 18 
18 --> 

* FSM state operations: 

State 1 <SV = 0> <Delay = 6.71>
ST_1 : Operation 21 [1/1] (0.00ns)   --->   "%j = alloca i32 1"   --->   Operation 21 'alloca' 'j' <Predicate = true> <Delay = 0.00>
ST_1 : Operation 22 [1/1] (0.00ns)   --->   "%trunc_ln21_2_read = read i10 @_ssdm_op_Read.ap_auto.i10, i10 %trunc_ln21_2"   --->   Operation 22 'read' 'trunc_ln21_2_read' <Predicate = true> <Delay = 0.00>
ST_1 : Operation 23 [1/1] (0.00ns)   --->   "%trunc_ln21_1_read = read i10 @_ssdm_op_Read.ap_auto.i10, i10 %trunc_ln21_1"   --->   Operation 23 'read' 'trunc_ln21_1_read' <Predicate = true> <Delay = 0.00>
ST_1 : Operation 24 [1/1] (0.00ns)   --->   "%m2_read = read i10 @_ssdm_op_Read.ap_auto.i10, i10 %m2"   --->   Operation 24 'read' 'm2_read' <Predicate = true> <Delay = 0.00>
ST_1 : Operation 25 [1/1] (1.58ns)   --->   "%store_ln0 = store i10 0, i10 %j"   --->   Operation 25 'store' 'store_ln0' <Predicate = true> <Delay = 1.58>
ST_1 : Operation 26 [1/1] (0.00ns)   --->   "%br_ln0 = br void %for.inc39"   --->   Operation 26 'br' 'br_ln0' <Predicate = true> <Delay = 0.00>
ST_1 : Operation 27 [1/1] (0.00ns)   --->   "%j_1 = load i10 %j" [ifft_1024/ifft.cpp:23]   --->   Operation 27 'load' 'j_1' <Predicate = true> <Delay = 0.00>
ST_1 : Operation 28 [1/1] (0.00ns)   --->   "%specpipeline_ln0 = specpipeline void @_ssdm_op_SpecPipeline, i32 4294967295, i32 0, i32 1, i32 0, void @p_str"   --->   Operation 28 'specpipeline' 'specpipeline_ln0' <Predicate = true> <Delay = 0.00>
ST_1 : Operation 29 [1/1] (1.77ns)   --->   "%icmp_ln22 = icmp_eq  i10 %j_1, i10 %m2_read" [ifft_1024/ifft.cpp:22]   --->   Operation 29 'icmp' 'icmp_ln22' <Predicate = true> <Delay = 1.77> <CoreInst = "Cmp">   --->   Core 9 'Cmp' <Latency = 0> <II = 1> <Delay = 1.77> <FuncUnit> <Opcode : 'icmp'> <InPorts = 2> <OutPorts = 1>
ST_1 : Operation 30 [1/1] (0.00ns)   --->   "%empty = speclooptripcount i32 @_ssdm_op_SpecLoopTripCount, i64 1, i64 512, i64 0"   --->   Operation 30 'speclooptripcount' 'empty' <Predicate = true> <Delay = 0.00>
ST_1 : Operation 31 [1/1] (1.73ns)   --->   "%add_ln22 = add i10 %j_1, i10 1" [ifft_1024/ifft.cpp:22]   --->   Operation 31 'add' 'add_ln22' <Predicate = true> <Delay = 1.73> <CoreInst = "Adder">   --->   Core 1 'Adder' <Latency = 0> <II = 1> <Delay = 1.73> <FuncUnit> <Opcode : 'add' 'sub'> <InPorts = 2> <OutPorts = 1>
ST_1 : Operation 32 [1/1] (0.00ns)   --->   "%br_ln22 = br i1 %icmp_ln22, void %for.inc39.split, void %for.inc42.loopexit.exitStub" [ifft_1024/ifft.cpp:22]   --->   Operation 32 'br' 'br_ln22' <Predicate = true> <Delay = 0.00>
ST_1 : Operation 33 [1/1] (1.73ns)   --->   "%add_ln23 = add i10 %j_1, i10 %trunc_ln21_1_read" [ifft_1024/ifft.cpp:23]   --->   Operation 33 'add' 'add_ln23' <Predicate = (!icmp_ln22)> <Delay = 1.73> <CoreInst = "Adder">   --->   Core 1 'Adder' <Latency = 0> <II = 1> <Delay = 1.73> <FuncUnit> <Opcode : 'add' 'sub'> <InPorts = 2> <OutPorts = 1>
ST_1 : Operation 34 [1/1] (0.00ns)   --->   "%zext_ln23 = zext i10 %add_ln23" [ifft_1024/ifft.cpp:23]   --->   Operation 34 'zext' 'zext_ln23' <Predicate = (!icmp_ln22)> <Delay = 0.00>
ST_1 : Operation 35 [1/1] (0.00ns)   --->   "%tw_M_value_1_addr = getelementptr i32 %tw_M_value_1, i64 0, i64 %zext_ln23" [ifft_1024/ifft.cpp:23]   --->   Operation 35 'getelementptr' 'tw_M_value_1_addr' <Predicate = (!icmp_ln22)> <Delay = 0.00>
ST_1 : Operation 36 [2/2] (3.25ns)   --->   "%tw_M_value_2 = load i10 %tw_M_value_1_addr" [ifft_1024/ifft.cpp:23]   --->   Operation 36 'load' 'tw_M_value_2' <Predicate = (!icmp_ln22)> <Delay = 3.25> <CoreInst = "ROM">   --->   Core 95 'ROM' <Latency = 1> <II = 1> <Delay = 3.25> <Storage> <Opcode : 'load'> <Ports = 0> <Width = 32> <Depth = 1024> <ROM>
ST_1 : Operation 37 [1/1] (0.00ns)   --->   "%tw_M_value_addr = getelementptr i32 %tw_M_value, i64 0, i64 %zext_ln23" [ifft_1024/ifft.cpp:23]   --->   Operation 37 'getelementptr' 'tw_M_value_addr' <Predicate = (!icmp_ln22)> <Delay = 0.00>
ST_1 : Operation 38 [2/2] (3.25ns)   --->   "%tw_M_value_3 = load i10 %tw_M_value_addr" [ifft_1024/ifft.cpp:23]   --->   Operation 38 'load' 'tw_M_value_3' <Predicate = (!icmp_ln22)> <Delay = 3.25> <CoreInst = "ROM">   --->   Core 95 'ROM' <Latency = 1> <II = 1> <Delay = 3.25> <Storage> <Opcode : 'load'> <Ports = 0> <Width = 32> <Depth = 1024> <ROM>
ST_1 : Operation 39 [1/1] (1.73ns)   --->   "%add_ln24 = add i10 %j_1, i10 %trunc_ln21_2_read" [ifft_1024/ifft.cpp:24]   --->   Operation 39 'add' 'add_ln24' <Predicate = (!icmp_ln22)> <Delay = 1.73> <CoreInst = "Adder">   --->   Core 1 'Adder' <Latency = 0> <II = 1> <Delay = 1.73> <FuncUnit> <Opcode : 'add' 'sub'> <InPorts = 2> <OutPorts = 1>
ST_1 : Operation 40 [1/1] (0.00ns)   --->   "%zext_ln388 = zext i10 %add_ln24"   --->   Operation 40 'zext' 'zext_ln388' <Predicate = (!icmp_ln22)> <Delay = 0.00>
ST_1 : Operation 41 [1/1] (1.73ns)   --->   "%add_ln1097 = add i10 %add_ln24, i10 %m2_read"   --->   Operation 41 'add' 'add_ln1097' <Predicate = (!icmp_ln22)> <Delay = 1.73> <CoreInst = "Adder">   --->   Core 1 'Adder' <Latency = 0> <II = 1> <Delay = 1.73> <FuncUnit> <Opcode : 'add' 'sub'> <InPorts = 2> <OutPorts = 1>
ST_1 : Operation 42 [1/1] (0.00ns)   --->   "%zext_ln1097 = zext i10 %add_ln1097"   --->   Operation 42 'zext' 'zext_ln1097' <Predicate = (!icmp_ln22)> <Delay = 0.00>
ST_1 : Operation 43 [1/1] (0.00ns)   --->   "%x_0_addr = getelementptr i32 %x_0, i64 0, i64 %zext_ln1097"   --->   Operation 43 'getelementptr' 'x_0_addr' <Predicate = (!icmp_ln22)> <Delay = 0.00>
ST_1 : Operation 44 [2/2] (3.25ns)   --->   "%p_t = load i10 %x_0_addr"   --->   Operation 44 'load' 'p_t' <Predicate = (!icmp_ln22)> <Delay = 3.25> <CoreInst = "RAM">   --->   Core 82 'RAM' <Latency = 1> <II = 1> <Delay = 3.25> <Storage> <Opcode : 'load' 'store'> <Ports = 2> <Width = 32> <Depth = 1024> <RAM>
ST_1 : Operation 45 [1/1] (0.00ns)   --->   "%x_1_addr = getelementptr i32 %x_1, i64 0, i64 %zext_ln1097"   --->   Operation 45 'getelementptr' 'x_1_addr' <Predicate = (!icmp_ln22)> <Delay = 0.00>
ST_1 : Operation 46 [2/2] (3.25ns)   --->   "%p_t_1 = load i10 %x_1_addr"   --->   Operation 46 'load' 'p_t_1' <Predicate = (!icmp_ln22)> <Delay = 3.25> <CoreInst = "RAM">   --->   Core 82 'RAM' <Latency = 1> <II = 1> <Delay = 3.25> <Storage> <Opcode : 'load' 'store'> <Ports = 2> <Width = 32> <Depth = 1024> <RAM>
ST_1 : Operation 47 [1/1] (0.00ns)   --->   "%x_0_addr_2 = getelementptr i32 %x_0, i64 0, i64 %zext_ln388" [ifft_1024/ifft.cpp:25]   --->   Operation 47 'getelementptr' 'x_0_addr_2' <Predicate = (!icmp_ln22)> <Delay = 0.00>
ST_1 : Operation 48 [2/2] (3.25ns)   --->   "%u_M_value = load i10 %x_0_addr_2" [ifft_1024/ifft.cpp:25]   --->   Operation 48 'load' 'u_M_value' <Predicate = (!icmp_ln22)> <Delay = 3.25> <CoreInst = "RAM">   --->   Core 82 'RAM' <Latency = 1> <II = 1> <Delay = 3.25> <Storage> <Opcode : 'load' 'store'> <Ports = 2> <Width = 32> <Depth = 1024> <RAM>
ST_1 : Operation 49 [1/1] (0.00ns)   --->   "%x_1_addr_2 = getelementptr i32 %x_1, i64 0, i64 %zext_ln388" [ifft_1024/ifft.cpp:25]   --->   Operation 49 'getelementptr' 'x_1_addr_2' <Predicate = (!icmp_ln22)> <Delay = 0.00>
ST_1 : Operation 50 [2/2] (3.25ns)   --->   "%u_M_value_2 = load i10 %x_1_addr_2" [ifft_1024/ifft.cpp:25]   --->   Operation 50 'load' 'u_M_value_2' <Predicate = (!icmp_ln22)> <Delay = 3.25> <CoreInst = "RAM">   --->   Core 82 'RAM' <Latency = 1> <II = 1> <Delay = 3.25> <Storage> <Opcode : 'load' 'store'> <Ports = 2> <Width = 32> <Depth = 1024> <RAM>
ST_1 : Operation 51 [1/1] (1.58ns)   --->   "%store_ln22 = store i10 %add_ln22, i10 %j" [ifft_1024/ifft.cpp:22]   --->   Operation 51 'store' 'store_ln22' <Predicate = (!icmp_ln22)> <Delay = 1.58>
ST_1 : Operation 110 [1/1] (0.00ns)   --->   "%ret_ln0 = ret"   --->   Operation 110 'ret' 'ret_ln0' <Predicate = (icmp_ln22)> <Delay = 0.00>

State 2 <SV = 1> <Delay = 3.25>
ST_2 : Operation 52 [1/2] (3.25ns)   --->   "%tw_M_value_2 = load i10 %tw_M_value_1_addr" [ifft_1024/ifft.cpp:23]   --->   Operation 52 'load' 'tw_M_value_2' <Predicate = true> <Delay = 3.25> <CoreInst = "ROM">   --->   Core 95 'ROM' <Latency = 1> <II = 1> <Delay = 3.25> <Storage> <Opcode : 'load'> <Ports = 0> <Width = 32> <Depth = 1024> <ROM>
ST_2 : Operation 53 [1/2] (3.25ns)   --->   "%tw_M_value_3 = load i10 %tw_M_value_addr" [ifft_1024/ifft.cpp:23]   --->   Operation 53 'load' 'tw_M_value_3' <Predicate = true> <Delay = 3.25> <CoreInst = "ROM">   --->   Core 95 'ROM' <Latency = 1> <II = 1> <Delay = 3.25> <Storage> <Opcode : 'load'> <Ports = 0> <Width = 32> <Depth = 1024> <ROM>
ST_2 : Operation 54 [1/2] (3.25ns)   --->   "%p_t = load i10 %x_0_addr"   --->   Operation 54 'load' 'p_t' <Predicate = true> <Delay = 3.25> <CoreInst = "RAM">   --->   Core 82 'RAM' <Latency = 1> <II = 1> <Delay = 3.25> <Storage> <Opcode : 'load' 'store'> <Ports = 2> <Width = 32> <Depth = 1024> <RAM>
ST_2 : Operation 55 [1/2] (3.25ns)   --->   "%p_t_1 = load i10 %x_1_addr"   --->   Operation 55 'load' 'p_t_1' <Predicate = true> <Delay = 3.25> <CoreInst = "RAM">   --->   Core 82 'RAM' <Latency = 1> <II = 1> <Delay = 3.25> <Storage> <Opcode : 'load' 'store'> <Ports = 2> <Width = 32> <Depth = 1024> <RAM>
ST_2 : Operation 56 [1/2] (3.25ns)   --->   "%u_M_value = load i10 %x_0_addr_2" [ifft_1024/ifft.cpp:25]   --->   Operation 56 'load' 'u_M_value' <Predicate = true> <Delay = 3.25> <CoreInst = "RAM">   --->   Core 82 'RAM' <Latency = 1> <II = 1> <Delay = 3.25> <Storage> <Opcode : 'load' 'store'> <Ports = 2> <Width = 32> <Depth = 1024> <RAM>
ST_2 : Operation 57 [1/2] (3.25ns)   --->   "%u_M_value_2 = load i10 %x_1_addr_2" [ifft_1024/ifft.cpp:25]   --->   Operation 57 'load' 'u_M_value_2' <Predicate = true> <Delay = 3.25> <CoreInst = "RAM">   --->   Core 82 'RAM' <Latency = 1> <II = 1> <Delay = 3.25> <Storage> <Opcode : 'load' 'store'> <Ports = 2> <Width = 32> <Depth = 1024> <RAM>

State 3 <SV = 2> <Delay = 5.70>
ST_3 : Operation 58 [4/4] (5.70ns)   --->   "%mul_ac_i_i = fmul i32 %tw_M_value_2, i32 %p_t"   --->   Operation 58 'fmul' 'mul_ac_i_i' <Predicate = true> <Delay = 5.70> <CoreInst = "FMul_maxdsp">   --->   Core 30 'FMul_maxdsp' <Latency = 3> <II = 1> <Delay = 5.70> <FuncUnit> <Opcode : 'fmul'> <InPorts = 2> <OutPorts = 1>
ST_3 : Operation 59 [4/4] (5.70ns)   --->   "%mul_bd_i_i = fmul i32 %tw_M_value_3, i32 %p_t_1"   --->   Operation 59 'fmul' 'mul_bd_i_i' <Predicate = true> <Delay = 5.70> <CoreInst = "FMul_maxdsp">   --->   Core 30 'FMul_maxdsp' <Latency = 3> <II = 1> <Delay = 5.70> <FuncUnit> <Opcode : 'fmul'> <InPorts = 2> <OutPorts = 1>
ST_3 : Operation 60 [4/4] (5.70ns)   --->   "%mul_ad_i_i = fmul i32 %tw_M_value_2, i32 %p_t_1"   --->   Operation 60 'fmul' 'mul_ad_i_i' <Predicate = true> <Delay = 5.70> <CoreInst = "FMul_maxdsp">   --->   Core 30 'FMul_maxdsp' <Latency = 3> <II = 1> <Delay = 5.70> <FuncUnit> <Opcode : 'fmul'> <InPorts = 2> <OutPorts = 1>
ST_3 : Operation 61 [4/4] (5.70ns)   --->   "%mul_bc_i_i = fmul i32 %tw_M_value_3, i32 %p_t"   --->   Operation 61 'fmul' 'mul_bc_i_i' <Predicate = true> <Delay = 5.70> <CoreInst = "FMul_maxdsp">   --->   Core 30 'FMul_maxdsp' <Latency = 3> <II = 1> <Delay = 5.70> <FuncUnit> <Opcode : 'fmul'> <InPorts = 2> <OutPorts = 1>

State 4 <SV = 3> <Delay = 5.70>
ST_4 : Operation 62 [3/4] (5.70ns)   --->   "%mul_ac_i_i = fmul i32 %tw_M_value_2, i32 %p_t"   --->   Operation 62 'fmul' 'mul_ac_i_i' <Predicate = true> <Delay = 5.70> <CoreInst = "FMul_maxdsp">   --->   Core 30 'FMul_maxdsp' <Latency = 3> <II = 1> <Delay = 5.70> <FuncUnit> <Opcode : 'fmul'> <InPorts = 2> <OutPorts = 1>
ST_4 : Operation 63 [3/4] (5.70ns)   --->   "%mul_bd_i_i = fmul i32 %tw_M_value_3, i32 %p_t_1"   --->   Operation 63 'fmul' 'mul_bd_i_i' <Predicate = true> <Delay = 5.70> <CoreInst = "FMul_maxdsp">   --->   Core 30 'FMul_maxdsp' <Latency = 3> <II = 1> <Delay = 5.70> <FuncUnit> <Opcode : 'fmul'> <InPorts = 2> <OutPorts = 1>
ST_4 : Operation 64 [3/4] (5.70ns)   --->   "%mul_ad_i_i = fmul i32 %tw_M_value_2, i32 %p_t_1"   --->   Operation 64 'fmul' 'mul_ad_i_i' <Predicate = true> <Delay = 5.70> <CoreInst = "FMul_maxdsp">   --->   Core 30 'FMul_maxdsp' <Latency = 3> <II = 1> <Delay = 5.70> <FuncUnit> <Opcode : 'fmul'> <InPorts = 2> <OutPorts = 1>
ST_4 : Operation 65 [3/4] (5.70ns)   --->   "%mul_bc_i_i = fmul i32 %tw_M_value_3, i32 %p_t"   --->   Operation 65 'fmul' 'mul_bc_i_i' <Predicate = true> <Delay = 5.70> <CoreInst = "FMul_maxdsp">   --->   Core 30 'FMul_maxdsp' <Latency = 3> <II = 1> <Delay = 5.70> <FuncUnit> <Opcode : 'fmul'> <InPorts = 2> <OutPorts = 1>

State 5 <SV = 4> <Delay = 5.70>
ST_5 : Operation 66 [2/4] (5.70ns)   --->   "%mul_ac_i_i = fmul i32 %tw_M_value_2, i32 %p_t"   --->   Operation 66 'fmul' 'mul_ac_i_i' <Predicate = true> <Delay = 5.70> <CoreInst = "FMul_maxdsp">   --->   Core 30 'FMul_maxdsp' <Latency = 3> <II = 1> <Delay = 5.70> <FuncUnit> <Opcode : 'fmul'> <InPorts = 2> <OutPorts = 1>
ST_5 : Operation 67 [2/4] (5.70ns)   --->   "%mul_bd_i_i = fmul i32 %tw_M_value_3, i32 %p_t_1"   --->   Operation 67 'fmul' 'mul_bd_i_i' <Predicate = true> <Delay = 5.70> <CoreInst = "FMul_maxdsp">   --->   Core 30 'FMul_maxdsp' <Latency = 3> <II = 1> <Delay = 5.70> <FuncUnit> <Opcode : 'fmul'> <InPorts = 2> <OutPorts = 1>
ST_5 : Operation 68 [2/4] (5.70ns)   --->   "%mul_ad_i_i = fmul i32 %tw_M_value_2, i32 %p_t_1"   --->   Operation 68 'fmul' 'mul_ad_i_i' <Predicate = true> <Delay = 5.70> <CoreInst = "FMul_maxdsp">   --->   Core 30 'FMul_maxdsp' <Latency = 3> <II = 1> <Delay = 5.70> <FuncUnit> <Opcode : 'fmul'> <InPorts = 2> <OutPorts = 1>
ST_5 : Operation 69 [2/4] (5.70ns)   --->   "%mul_bc_i_i = fmul i32 %tw_M_value_3, i32 %p_t"   --->   Operation 69 'fmul' 'mul_bc_i_i' <Predicate = true> <Delay = 5.70> <CoreInst = "FMul_maxdsp">   --->   Core 30 'FMul_maxdsp' <Latency = 3> <II = 1> <Delay = 5.70> <FuncUnit> <Opcode : 'fmul'> <InPorts = 2> <OutPorts = 1>

State 6 <SV = 5> <Delay = 5.70>
ST_6 : Operation 70 [1/4] (5.70ns)   --->   "%mul_ac_i_i = fmul i32 %tw_M_value_2, i32 %p_t"   --->   Operation 70 'fmul' 'mul_ac_i_i' <Predicate = true> <Delay = 5.70> <CoreInst = "FMul_maxdsp">   --->   Core 30 'FMul_maxdsp' <Latency = 3> <II = 1> <Delay = 5.70> <FuncUnit> <Opcode : 'fmul'> <InPorts = 2> <OutPorts = 1>
ST_6 : Operation 71 [1/4] (5.70ns)   --->   "%mul_bd_i_i = fmul i32 %tw_M_value_3, i32 %p_t_1"   --->   Operation 71 'fmul' 'mul_bd_i_i' <Predicate = true> <Delay = 5.70> <CoreInst = "FMul_maxdsp">   --->   Core 30 'FMul_maxdsp' <Latency = 3> <II = 1> <Delay = 5.70> <FuncUnit> <Opcode : 'fmul'> <InPorts = 2> <OutPorts = 1>
ST_6 : Operation 72 [1/4] (5.70ns)   --->   "%mul_ad_i_i = fmul i32 %tw_M_value_2, i32 %p_t_1"   --->   Operation 72 'fmul' 'mul_ad_i_i' <Predicate = true> <Delay = 5.70> <CoreInst = "FMul_maxdsp">   --->   Core 30 'FMul_maxdsp' <Latency = 3> <II = 1> <Delay = 5.70> <FuncUnit> <Opcode : 'fmul'> <InPorts = 2> <OutPorts = 1>
ST_6 : Operation 73 [1/4] (5.70ns)   --->   "%mul_bc_i_i = fmul i32 %tw_M_value_3, i32 %p_t"   --->   Operation 73 'fmul' 'mul_bc_i_i' <Predicate = true> <Delay = 5.70> <CoreInst = "FMul_maxdsp">   --->   Core 30 'FMul_maxdsp' <Latency = 3> <II = 1> <Delay = 5.70> <FuncUnit> <Opcode : 'fmul'> <InPorts = 2> <OutPorts = 1>

State 7 <SV = 6> <Delay = 7.25>
ST_7 : Operation 74 [5/5] (7.25ns)   --->   "%p_r_M_value_6 = fsub i32 %mul_ac_i_i, i32 %mul_bd_i_i"   --->   Operation 74 'fsub' 'p_r_M_value_6' <Predicate = true> <Delay = 7.25> <CoreInst = "FAddSub_fulldsp">   --->   Core 18 'FAddSub_fulldsp' <Latency = 4> <II = 1> <Delay = 7.25> <FuncUnit> <Opcode : 'fadd' 'fsub'> <InPorts = 2> <OutPorts = 1>
ST_7 : Operation 75 [5/5] (7.25ns)   --->   "%p_r_M_value_7 = fadd i32 %mul_ad_i_i, i32 %mul_bc_i_i"   --->   Operation 75 'fadd' 'p_r_M_value_7' <Predicate = true> <Delay = 7.25> <CoreInst = "FAddSub_fulldsp">   --->   Core 18 'FAddSub_fulldsp' <Latency = 4> <II = 1> <Delay = 7.25> <FuncUnit> <Opcode : 'fadd' 'fsub'> <InPorts = 2> <OutPorts = 1>

State 8 <SV = 7> <Delay = 7.25>
ST_8 : Operation 76 [4/5] (7.25ns)   --->   "%p_r_M_value_6 = fsub i32 %mul_ac_i_i, i32 %mul_bd_i_i"   --->   Operation 76 'fsub' 'p_r_M_value_6' <Predicate = true> <Delay = 7.25> <CoreInst = "FAddSub_fulldsp">   --->   Core 18 'FAddSub_fulldsp' <Latency = 4> <II = 1> <Delay = 7.25> <FuncUnit> <Opcode : 'fadd' 'fsub'> <InPorts = 2> <OutPorts = 1>
ST_8 : Operation 77 [4/5] (7.25ns)   --->   "%p_r_M_value_7 = fadd i32 %mul_ad_i_i, i32 %mul_bc_i_i"   --->   Operation 77 'fadd' 'p_r_M_value_7' <Predicate = true> <Delay = 7.25> <CoreInst = "FAddSub_fulldsp">   --->   Core 18 'FAddSub_fulldsp' <Latency = 4> <II = 1> <Delay = 7.25> <FuncUnit> <Opcode : 'fadd' 'fsub'> <InPorts = 2> <OutPorts = 1>

State 9 <SV = 8> <Delay = 7.25>
ST_9 : Operation 78 [3/5] (7.25ns)   --->   "%p_r_M_value_6 = fsub i32 %mul_ac_i_i, i32 %mul_bd_i_i"   --->   Operation 78 'fsub' 'p_r_M_value_6' <Predicate = true> <Delay = 7.25> <CoreInst = "FAddSub_fulldsp">   --->   Core 18 'FAddSub_fulldsp' <Latency = 4> <II = 1> <Delay = 7.25> <FuncUnit> <Opcode : 'fadd' 'fsub'> <InPorts = 2> <OutPorts = 1>
ST_9 : Operation 79 [3/5] (7.25ns)   --->   "%p_r_M_value_7 = fadd i32 %mul_ad_i_i, i32 %mul_bc_i_i"   --->   Operation 79 'fadd' 'p_r_M_value_7' <Predicate = true> <Delay = 7.25> <CoreInst = "FAddSub_fulldsp">   --->   Core 18 'FAddSub_fulldsp' <Latency = 4> <II = 1> <Delay = 7.25> <FuncUnit> <Opcode : 'fadd' 'fsub'> <InPorts = 2> <OutPorts = 1>

State 10 <SV = 9> <Delay = 7.25>
ST_10 : Operation 80 [2/5] (7.25ns)   --->   "%p_r_M_value_6 = fsub i32 %mul_ac_i_i, i32 %mul_bd_i_i"   --->   Operation 80 'fsub' 'p_r_M_value_6' <Predicate = true> <Delay = 7.25> <CoreInst = "FAddSub_fulldsp">   --->   Core 18 'FAddSub_fulldsp' <Latency = 4> <II = 1> <Delay = 7.25> <FuncUnit> <Opcode : 'fadd' 'fsub'> <InPorts = 2> <OutPorts = 1>
ST_10 : Operation 81 [2/5] (7.25ns)   --->   "%p_r_M_value_7 = fadd i32 %mul_ad_i_i, i32 %mul_bc_i_i"   --->   Operation 81 'fadd' 'p_r_M_value_7' <Predicate = true> <Delay = 7.25> <CoreInst = "FAddSub_fulldsp">   --->   Core 18 'FAddSub_fulldsp' <Latency = 4> <II = 1> <Delay = 7.25> <FuncUnit> <Opcode : 'fadd' 'fsub'> <InPorts = 2> <OutPorts = 1>

State 11 <SV = 10> <Delay = 7.25>
ST_11 : Operation 82 [1/5] (7.25ns)   --->   "%p_r_M_value_6 = fsub i32 %mul_ac_i_i, i32 %mul_bd_i_i"   --->   Operation 82 'fsub' 'p_r_M_value_6' <Predicate = true> <Delay = 7.25> <CoreInst = "FAddSub_fulldsp">   --->   Core 18 'FAddSub_fulldsp' <Latency = 4> <II = 1> <Delay = 7.25> <FuncUnit> <Opcode : 'fadd' 'fsub'> <InPorts = 2> <OutPorts = 1>
ST_11 : Operation 83 [1/5] (7.25ns)   --->   "%p_r_M_value_7 = fadd i32 %mul_ad_i_i, i32 %mul_bc_i_i"   --->   Operation 83 'fadd' 'p_r_M_value_7' <Predicate = true> <Delay = 7.25> <CoreInst = "FAddSub_fulldsp">   --->   Core 18 'FAddSub_fulldsp' <Latency = 4> <II = 1> <Delay = 7.25> <FuncUnit> <Opcode : 'fadd' 'fsub'> <InPorts = 2> <OutPorts = 1>

State 12 <SV = 11> <Delay = 7.25>
ST_12 : Operation 84 [5/5] (7.25ns)   --->   "%p_r_M_value_2 = fadd i32 %u_M_value, i32 %p_r_M_value_6"   --->   Operation 84 'fadd' 'p_r_M_value_2' <Predicate = true> <Delay = 7.25> <CoreInst = "FAddSub_fulldsp">   --->   Core 18 'FAddSub_fulldsp' <Latency = 4> <II = 1> <Delay = 7.25> <FuncUnit> <Opcode : 'fadd' 'fsub'> <InPorts = 2> <OutPorts = 1>
ST_12 : Operation 85 [5/5] (7.25ns)   --->   "%p_r_M_value_3 = fadd i32 %u_M_value_2, i32 %p_r_M_value_7"   --->   Operation 85 'fadd' 'p_r_M_value_3' <Predicate = true> <Delay = 7.25> <CoreInst = "FAddSub_fulldsp">   --->   Core 18 'FAddSub_fulldsp' <Latency = 4> <II = 1> <Delay = 7.25> <FuncUnit> <Opcode : 'fadd' 'fsub'> <InPorts = 2> <OutPorts = 1>

State 13 <SV = 12> <Delay = 7.25>
ST_13 : Operation 86 [4/5] (7.25ns)   --->   "%p_r_M_value_2 = fadd i32 %u_M_value, i32 %p_r_M_value_6"   --->   Operation 86 'fadd' 'p_r_M_value_2' <Predicate = true> <Delay = 7.25> <CoreInst = "FAddSub_fulldsp">   --->   Core 18 'FAddSub_fulldsp' <Latency = 4> <II = 1> <Delay = 7.25> <FuncUnit> <Opcode : 'fadd' 'fsub'> <InPorts = 2> <OutPorts = 1>
ST_13 : Operation 87 [4/5] (7.25ns)   --->   "%p_r_M_value_3 = fadd i32 %u_M_value_2, i32 %p_r_M_value_7"   --->   Operation 87 'fadd' 'p_r_M_value_3' <Predicate = true> <Delay = 7.25> <CoreInst = "FAddSub_fulldsp">   --->   Core 18 'FAddSub_fulldsp' <Latency = 4> <II = 1> <Delay = 7.25> <FuncUnit> <Opcode : 'fadd' 'fsub'> <InPorts = 2> <OutPorts = 1>
ST_13 : Operation 88 [5/5] (7.25ns)   --->   "%p_r_M_value_4 = fsub i32 %u_M_value, i32 %p_r_M_value_6"   --->   Operation 88 'fsub' 'p_r_M_value_4' <Predicate = true> <Delay = 7.25> <CoreInst = "FAddSub_fulldsp">   --->   Core 18 'FAddSub_fulldsp' <Latency = 4> <II = 1> <Delay = 7.25> <FuncUnit> <Opcode : 'fadd' 'fsub'> <InPorts = 2> <OutPorts = 1>
ST_13 : Operation 89 [5/5] (7.25ns)   --->   "%p_r_M_value_5 = fsub i32 %u_M_value_2, i32 %p_r_M_value_7"   --->   Operation 89 'fsub' 'p_r_M_value_5' <Predicate = true> <Delay = 7.25> <CoreInst = "FAddSub_fulldsp">   --->   Core 18 'FAddSub_fulldsp' <Latency = 4> <II = 1> <Delay = 7.25> <FuncUnit> <Opcode : 'fadd' 'fsub'> <InPorts = 2> <OutPorts = 1>

State 14 <SV = 13> <Delay = 7.25>
ST_14 : Operation 90 [3/5] (7.25ns)   --->   "%p_r_M_value_2 = fadd i32 %u_M_value, i32 %p_r_M_value_6"   --->   Operation 90 'fadd' 'p_r_M_value_2' <Predicate = true> <Delay = 7.25> <CoreInst = "FAddSub_fulldsp">   --->   Core 18 'FAddSub_fulldsp' <Latency = 4> <II = 1> <Delay = 7.25> <FuncUnit> <Opcode : 'fadd' 'fsub'> <InPorts = 2> <OutPorts = 1>
ST_14 : Operation 91 [3/5] (7.25ns)   --->   "%p_r_M_value_3 = fadd i32 %u_M_value_2, i32 %p_r_M_value_7"   --->   Operation 91 'fadd' 'p_r_M_value_3' <Predicate = true> <Delay = 7.25> <CoreInst = "FAddSub_fulldsp">   --->   Core 18 'FAddSub_fulldsp' <Latency = 4> <II = 1> <Delay = 7.25> <FuncUnit> <Opcode : 'fadd' 'fsub'> <InPorts = 2> <OutPorts = 1>
ST_14 : Operation 92 [4/5] (7.25ns)   --->   "%p_r_M_value_4 = fsub i32 %u_M_value, i32 %p_r_M_value_6"   --->   Operation 92 'fsub' 'p_r_M_value_4' <Predicate = true> <Delay = 7.25> <CoreInst = "FAddSub_fulldsp">   --->   Core 18 'FAddSub_fulldsp' <Latency = 4> <II = 1> <Delay = 7.25> <FuncUnit> <Opcode : 'fadd' 'fsub'> <InPorts = 2> <OutPorts = 1>
ST_14 : Operation 93 [4/5] (7.25ns)   --->   "%p_r_M_value_5 = fsub i32 %u_M_value_2, i32 %p_r_M_value_7"   --->   Operation 93 'fsub' 'p_r_M_value_5' <Predicate = true> <Delay = 7.25> <CoreInst = "FAddSub_fulldsp">   --->   Core 18 'FAddSub_fulldsp' <Latency = 4> <II = 1> <Delay = 7.25> <FuncUnit> <Opcode : 'fadd' 'fsub'> <InPorts = 2> <OutPorts = 1>

State 15 <SV = 14> <Delay = 7.25>
ST_15 : Operation 94 [2/5] (7.25ns)   --->   "%p_r_M_value_2 = fadd i32 %u_M_value, i32 %p_r_M_value_6"   --->   Operation 94 'fadd' 'p_r_M_value_2' <Predicate = true> <Delay = 7.25> <CoreInst = "FAddSub_fulldsp">   --->   Core 18 'FAddSub_fulldsp' <Latency = 4> <II = 1> <Delay = 7.25> <FuncUnit> <Opcode : 'fadd' 'fsub'> <InPorts = 2> <OutPorts = 1>
ST_15 : Operation 95 [2/5] (7.25ns)   --->   "%p_r_M_value_3 = fadd i32 %u_M_value_2, i32 %p_r_M_value_7"   --->   Operation 95 'fadd' 'p_r_M_value_3' <Predicate = true> <Delay = 7.25> <CoreInst = "FAddSub_fulldsp">   --->   Core 18 'FAddSub_fulldsp' <Latency = 4> <II = 1> <Delay = 7.25> <FuncUnit> <Opcode : 'fadd' 'fsub'> <InPorts = 2> <OutPorts = 1>
ST_15 : Operation 96 [3/5] (7.25ns)   --->   "%p_r_M_value_4 = fsub i32 %u_M_value, i32 %p_r_M_value_6"   --->   Operation 96 'fsub' 'p_r_M_value_4' <Predicate = true> <Delay = 7.25> <CoreInst = "FAddSub_fulldsp">   --->   Core 18 'FAddSub_fulldsp' <Latency = 4> <II = 1> <Delay = 7.25> <FuncUnit> <Opcode : 'fadd' 'fsub'> <InPorts = 2> <OutPorts = 1>
ST_15 : Operation 97 [3/5] (7.25ns)   --->   "%p_r_M_value_5 = fsub i32 %u_M_value_2, i32 %p_r_M_value_7"   --->   Operation 97 'fsub' 'p_r_M_value_5' <Predicate = true> <Delay = 7.25> <CoreInst = "FAddSub_fulldsp">   --->   Core 18 'FAddSub_fulldsp' <Latency = 4> <II = 1> <Delay = 7.25> <FuncUnit> <Opcode : 'fadd' 'fsub'> <InPorts = 2> <OutPorts = 1>

State 16 <SV = 15> <Delay = 7.25>
ST_16 : Operation 98 [1/5] (7.25ns)   --->   "%p_r_M_value_2 = fadd i32 %u_M_value, i32 %p_r_M_value_6"   --->   Operation 98 'fadd' 'p_r_M_value_2' <Predicate = true> <Delay = 7.25> <CoreInst = "FAddSub_fulldsp">   --->   Core 18 'FAddSub_fulldsp' <Latency = 4> <II = 1> <Delay = 7.25> <FuncUnit> <Opcode : 'fadd' 'fsub'> <InPorts = 2> <OutPorts = 1>
ST_16 : Operation 99 [1/5] (7.25ns)   --->   "%p_r_M_value_3 = fadd i32 %u_M_value_2, i32 %p_r_M_value_7"   --->   Operation 99 'fadd' 'p_r_M_value_3' <Predicate = true> <Delay = 7.25> <CoreInst = "FAddSub_fulldsp">   --->   Core 18 'FAddSub_fulldsp' <Latency = 4> <II = 1> <Delay = 7.25> <FuncUnit> <Opcode : 'fadd' 'fsub'> <InPorts = 2> <OutPorts = 1>
ST_16 : Operation 100 [2/5] (7.25ns)   --->   "%p_r_M_value_4 = fsub i32 %u_M_value, i32 %p_r_M_value_6"   --->   Operation 100 'fsub' 'p_r_M_value_4' <Predicate = true> <Delay = 7.25> <CoreInst = "FAddSub_fulldsp">   --->   Core 18 'FAddSub_fulldsp' <Latency = 4> <II = 1> <Delay = 7.25> <FuncUnit> <Opcode : 'fadd' 'fsub'> <InPorts = 2> <OutPorts = 1>
ST_16 : Operation 101 [2/5] (7.25ns)   --->   "%p_r_M_value_5 = fsub i32 %u_M_value_2, i32 %p_r_M_value_7"   --->   Operation 101 'fsub' 'p_r_M_value_5' <Predicate = true> <Delay = 7.25> <CoreInst = "FAddSub_fulldsp">   --->   Core 18 'FAddSub_fulldsp' <Latency = 4> <II = 1> <Delay = 7.25> <FuncUnit> <Opcode : 'fadd' 'fsub'> <InPorts = 2> <OutPorts = 1>

State 17 <SV = 16> <Delay = 7.25>
ST_17 : Operation 102 [1/1] (3.25ns)   --->   "%store_ln26 = store i32 %p_r_M_value_2, i10 %x_0_addr_2" [ifft_1024/ifft.cpp:26]   --->   Operation 102 'store' 'store_ln26' <Predicate = true> <Delay = 3.25> <CoreInst = "RAM">   --->   Core 82 'RAM' <Latency = 1> <II = 1> <Delay = 3.25> <Storage> <Opcode : 'load' 'store'> <Ports = 2> <Width = 32> <Depth = 1024> <RAM>
ST_17 : Operation 103 [1/1] (3.25ns)   --->   "%store_ln26 = store i32 %p_r_M_value_3, i10 %x_1_addr_2" [ifft_1024/ifft.cpp:26]   --->   Operation 103 'store' 'store_ln26' <Predicate = true> <Delay = 3.25> <CoreInst = "RAM">   --->   Core 82 'RAM' <Latency = 1> <II = 1> <Delay = 3.25> <Storage> <Opcode : 'load' 'store'> <Ports = 2> <Width = 32> <Depth = 1024> <RAM>
ST_17 : Operation 104 [1/5] (7.25ns)   --->   "%p_r_M_value_4 = fsub i32 %u_M_value, i32 %p_r_M_value_6"   --->   Operation 104 'fsub' 'p_r_M_value_4' <Predicate = true> <Delay = 7.25> <CoreInst = "FAddSub_fulldsp">   --->   Core 18 'FAddSub_fulldsp' <Latency = 4> <II = 1> <Delay = 7.25> <FuncUnit> <Opcode : 'fadd' 'fsub'> <InPorts = 2> <OutPorts = 1>
ST_17 : Operation 105 [1/5] (7.25ns)   --->   "%p_r_M_value_5 = fsub i32 %u_M_value_2, i32 %p_r_M_value_7"   --->   Operation 105 'fsub' 'p_r_M_value_5' <Predicate = true> <Delay = 7.25> <CoreInst = "FAddSub_fulldsp">   --->   Core 18 'FAddSub_fulldsp' <Latency = 4> <II = 1> <Delay = 7.25> <FuncUnit> <Opcode : 'fadd' 'fsub'> <InPorts = 2> <OutPorts = 1>

State 18 <SV = 17> <Delay = 3.25>
ST_18 : Operation 106 [1/1] (0.00ns)   --->   "%specloopname_ln22 = specloopname void @_ssdm_op_SpecLoopName, void @empty_11" [ifft_1024/ifft.cpp:22]   --->   Operation 106 'specloopname' 'specloopname_ln22' <Predicate = true> <Delay = 0.00>
ST_18 : Operation 107 [1/1] (3.25ns)   --->   "%store_ln27 = store i32 %p_r_M_value_4, i10 %x_0_addr" [ifft_1024/ifft.cpp:27]   --->   Operation 107 'store' 'store_ln27' <Predicate = true> <Delay = 3.25> <CoreInst = "RAM">   --->   Core 82 'RAM' <Latency = 1> <II = 1> <Delay = 3.25> <Storage> <Opcode : 'load' 'store'> <Ports = 2> <Width = 32> <Depth = 1024> <RAM>
ST_18 : Operation 108 [1/1] (3.25ns)   --->   "%store_ln27 = store i32 %p_r_M_value_5, i10 %x_1_addr" [ifft_1024/ifft.cpp:27]   --->   Operation 108 'store' 'store_ln27' <Predicate = true> <Delay = 3.25> <CoreInst = "RAM">   --->   Core 82 'RAM' <Latency = 1> <II = 1> <Delay = 3.25> <Storage> <Opcode : 'load' 'store'> <Ports = 2> <Width = 32> <Depth = 1024> <RAM>
ST_18 : Operation 109 [1/1] (0.00ns)   --->   "%br_ln22 = br void %for.inc39" [ifft_1024/ifft.cpp:22]   --->   Operation 109 'br' 'br_ln22' <Predicate = true> <Delay = 0.00>


============================================================
+ Verbose Summary: Binding
============================================================
STG Binding: 
---------------- STG Properties BEGIN ----------------
- Is combinational: 0
- Is one-state seq: 0
- Is datapath-only: 0
- Is pipelined: 0
- Is top level: 0
Port [ Return ] is wired: 1; IO mode=ap_ctrl_hs:ce=0
Port [ m2]:  wired=1; compound=0; hidden=0; nouse=0; global=0; static=0; extern=0; dir=0; type=0; pingpong=0; private_global=0; IO mode=ap_none:ce=0
Port [ trunc_ln21_1]:  wired=1; compound=0; hidden=0; nouse=0; global=0; static=0; extern=0; dir=0; type=0; pingpong=0; private_global=0; IO mode=ap_none:ce=0
Port [ trunc_ln21_2]:  wired=1; compound=0; hidden=0; nouse=0; global=0; static=0; extern=0; dir=0; type=0; pingpong=0; private_global=0; IO mode=ap_none:ce=0
Port [ x_0]:  wired=1; compound=1; hidden=0; nouse=0; global=0; static=0; extern=0; dir=2; type=1; pingpong=0; private_global=0; MemPort=[22]; IO mode=ap_memory:ce=0
Port [ x_1]:  wired=1; compound=1; hidden=0; nouse=0; global=0; static=0; extern=0; dir=2; type=1; pingpong=0; private_global=0; MemPort=[22]; IO mode=ap_memory:ce=0
Port [ tw_M_value_1]:  wired=0; compound=1; hidden=1; nouse=0; global=1; static=1; extern=0; dir=0; type=1; pingpong=0; private_global=1; MemPort=[1]; IO mode=ap_memory:ce=0
Port [ tw_M_value]:  wired=0; compound=1; hidden=1; nouse=0; global=1; static=1; extern=0; dir=0; type=1; pingpong=0; private_global=1; MemPort=[1]; IO mode=ap_memory:ce=0
---------------- STG Properties END ------------------

---------------- Datapath Model BEGIN ----------------

<LifeTime>
<method=bitvector/>
j                 (alloca           ) [ 0100000000000000000]
trunc_ln21_2_read (read             ) [ 0000000000000000000]
trunc_ln21_1_read (read             ) [ 0000000000000000000]
m2_read           (read             ) [ 0000000000000000000]
store_ln0         (store            ) [ 0000000000000000000]
br_ln0            (br               ) [ 0000000000000000000]
j_1               (load             ) [ 0000000000000000000]
specpipeline_ln0  (specpipeline     ) [ 0000000000000000000]
icmp_ln22         (icmp             ) [ 0100000000000000000]
empty             (speclooptripcount) [ 0000000000000000000]
add_ln22          (add              ) [ 0000000000000000000]
br_ln22           (br               ) [ 0000000000000000000]
add_ln23          (add              ) [ 0000000000000000000]
zext_ln23         (zext             ) [ 0000000000000000000]
tw_M_value_1_addr (getelementptr    ) [ 0010000000000000000]
tw_M_value_addr   (getelementptr    ) [ 0010000000000000000]
add_ln24          (add              ) [ 0000000000000000000]
zext_ln388        (zext             ) [ 0000000000000000000]
add_ln1097        (add              ) [ 0000000000000000000]
zext_ln1097       (zext             ) [ 0000000000000000000]
x_0_addr          (getelementptr    ) [ 0011111111111111111]
x_1_addr          (getelementptr    ) [ 0011111111111111111]
x_0_addr_2        (getelementptr    ) [ 0011111111111111110]
x_1_addr_2        (getelementptr    ) [ 0011111111111111110]
store_ln22        (store            ) [ 0000000000000000000]
tw_M_value_2      (load             ) [ 0001111000000000000]
tw_M_value_3      (load             ) [ 0001111000000000000]
p_t               (load             ) [ 0001111000000000000]
p_t_1             (load             ) [ 0001111000000000000]
u_M_value         (load             ) [ 0001111111111111110]
u_M_value_2       (load             ) [ 0001111111111111110]
mul_ac_i_i        (fmul             ) [ 0000000111110000000]
mul_bd_i_i        (fmul             ) [ 0000000111110000000]
mul_ad_i_i        (fmul             ) [ 0000000111110000000]
mul_bc_i_i        (fmul             ) [ 0000000111110000000]
p_r_M_value_6     (fsub             ) [ 0000000000001111110]
p_r_M_value_7     (fadd             ) [ 0000000000001111110]
p_r_M_value_2     (fadd             ) [ 0000000000000000010]
p_r_M_value_3     (fadd             ) [ 0000000000000000010]
store_ln26        (store            ) [ 0000000000000000000]
store_ln26        (store            ) [ 0000000000000000000]
p_r_M_value_4     (fsub             ) [ 0000000000000000001]
p_r_M_value_5     (fsub             ) [ 0000000000000000001]
specloopname_ln22 (specloopname     ) [ 0000000000000000000]
store_ln27        (store            ) [ 0000000000000000000]
store_ln27        (store            ) [ 0000000000000000000]
br_ln22           (br               ) [ 0000000000000000000]
ret_ln0           (ret              ) [ 0000000000000000000]
</LifeTime>

<model>

<comp_list>
<comp id="0" class="1000" name="m2">
<pin_list>
<pin id="1" dir="1" index="0" bw="1" slack="0"/>
</pin_list>
<bind>
<StgValue><ssdm name="m2"/></StgValue>
</bind>
</comp>

<comp id="2" class="1000" name="trunc_ln21_1">
<pin_list>
<pin id="3" dir="1" index="0" bw="1" slack="0"/>
</pin_list>
<bind>
<StgValue><ssdm name="trunc_ln21_1"/></StgValue>
</bind>
</comp>

<comp id="4" class="1000" name="trunc_ln21_2">
<pin_list>
<pin id="5" dir="1" index="0" bw="1" slack="0"/>
</pin_list>
<bind>
<StgValue><ssdm name="trunc_ln21_2"/></StgValue>
</bind>
</comp>

<comp id="6" class="1000" name="x_0">
<pin_list>
<pin id="7" dir="1" index="0" bw="1" slack="0"/>
</pin_list>
<bind>
<StgValue><ssdm name="x_0"/><MemPortTyVec>2 2 </MemPortTyVec>
</StgValue>
</bind>
</comp>

<comp id="8" class="1000" name="x_1">
<pin_list>
<pin id="9" dir="1" index="0" bw="1" slack="0"/>
</pin_list>
<bind>
<StgValue><ssdm name="x_1"/><MemPortTyVec>2 2 </MemPortTyVec>
</StgValue>
</bind>
</comp>

<comp id="10" class="1000" name="tw_M_value_1">
<pin_list>
<pin id="11" dir="1" index="0" bw="1" slack="0"/>
</pin_list>
<bind>
<StgValue><ssdm name="tw_M_value_1"/><MemPortTyVec>1 </MemPortTyVec>
</StgValue>
</bind>
</comp>

<comp id="12" class="1000" name="tw_M_value">
<pin_list>
<pin id="13" dir="1" index="0" bw="1" slack="0"/>
</pin_list>
<bind>
<StgValue><ssdm name="tw_M_value"/><MemPortTyVec>1 </MemPortTyVec>
</StgValue>
</bind>
</comp>

<comp id="14" class="1001" name="const_14">
<pin_list>
<pin id="15" dir="1" index="0" bw="1" slack="0"/>
</pin_list>
<bind>
<StgValue><ssdm name=""/></StgValue>
</bind>
</comp>

<comp id="16" class="1001" name="const_16">
<pin_list>
<pin id="17" dir="1" index="0" bw="1" slack="0"/>
</pin_list>
<bind>
<StgValue><ssdm name="_ssdm_op_Read.ap_auto.i10"/></StgValue>
</bind>
</comp>

<comp id="18" class="1001" name="const_18">
<pin_list>
<pin id="19" dir="1" index="0" bw="1" slack="0"/>
</pin_list>
<bind>
<StgValue><ssdm name=""/></StgValue>
</bind>
</comp>

<comp id="20" class="1001" name="const_20">
<pin_list>
<pin id="21" dir="1" index="0" bw="1" slack="2147483647"/>
</pin_list>
<bind>
<StgValue><ssdm name="_ssdm_op_SpecPipeline"/></StgValue>
</bind>
</comp>

<comp id="22" class="1001" name="const_22">
<pin_list>
<pin id="23" dir="1" index="0" bw="1" slack="2147483647"/>
</pin_list>
<bind>
<StgValue><ssdm name=""/></StgValue>
</bind>
</comp>

<comp id="24" class="1001" name="const_24">
<pin_list>
<pin id="25" dir="1" index="0" bw="1" slack="2147483647"/>
</pin_list>
<bind>
<StgValue><ssdm name=""/></StgValue>
</bind>
</comp>

<comp id="26" class="1001" name="const_26">
<pin_list>
<pin id="27" dir="1" index="0" bw="1" slack="2147483647"/>
</pin_list>
<bind>
<StgValue><ssdm name="p_str"/></StgValue>
</bind>
</comp>

<comp id="28" class="1001" name="const_28">
<pin_list>
<pin id="29" dir="1" index="0" bw="1" slack="2147483647"/>
</pin_list>
<bind>
<StgValue><ssdm name="_ssdm_op_SpecLoopTripCount"/></StgValue>
</bind>
</comp>

<comp id="30" class="1001" name="const_30">
<pin_list>
<pin id="31" dir="1" index="0" bw="1" slack="2147483647"/>
</pin_list>
<bind>
<StgValue><ssdm name=""/></StgValue>
</bind>
</comp>

<comp id="32" class="1001" name="const_32">
<pin_list>
<pin id="33" dir="1" index="0" bw="1" slack="2147483647"/>
</pin_list>
<bind>
<StgValue><ssdm name=""/></StgValue>
</bind>
</comp>

<comp id="34" class="1001" name="const_34">
<pin_list>
<pin id="35" dir="1" index="0" bw="1" slack="0"/>
</pin_list>
<bind>
<StgValue><ssdm name=""/></StgValue>
</bind>
</comp>

<comp id="36" class="1001" name="const_36">
<pin_list>
<pin id="37" dir="1" index="0" bw="1" slack="0"/>
</pin_list>
<bind>
<StgValue><ssdm name=""/></StgValue>
</bind>
</comp>

<comp id="38" class="1001" name="const_38">
<pin_list>
<pin id="39" dir="1" index="0" bw="1" slack="2147483647"/>
</pin_list>
<bind>
<StgValue><ssdm name="_ssdm_op_SpecLoopName"/></StgValue>
</bind>
</comp>

<comp id="40" class="1001" name="const_40">
<pin_list>
<pin id="41" dir="1" index="0" bw="1" slack="2147483647"/>
</pin_list>
<bind>
<StgValue><ssdm name="empty_11"/></StgValue>
</bind>
</comp>

<comp id="42" class="1004" name="j_fu_42">
<pin_list>
<pin id="43" dir="0" index="0" bw="1" slack="0"/>
<pin id="44" dir="1" index="1" bw="10" slack="0"/>
</pin_list>
<bind>
<opcode="alloca(26) " fcode="alloca"/>
<opset="j/1 "/>
</bind>
</comp>

<comp id="46" class="1004" name="trunc_ln21_2_read_read_fu_46">
<pin_list>
<pin id="47" dir="0" index="0" bw="10" slack="0"/>
<pin id="48" dir="0" index="1" bw="10" slack="0"/>
<pin id="49" dir="1" index="2" bw="10" slack="0"/>
</pin_list>
<bind>
<opcode="read(1150) " fcode="read"/>
<opset="trunc_ln21_2_read/1 "/>
</bind>
</comp>

<comp id="52" class="1004" name="trunc_ln21_1_read_read_fu_52">
<pin_list>
<pin id="53" dir="0" index="0" bw="10" slack="0"/>
<pin id="54" dir="0" index="1" bw="10" slack="0"/>
<pin id="55" dir="1" index="2" bw="10" slack="0"/>
</pin_list>
<bind>
<opcode="read(1150) " fcode="read"/>
<opset="trunc_ln21_1_read/1 "/>
</bind>
</comp>

<comp id="58" class="1004" name="m2_read_read_fu_58">
<pin_list>
<pin id="59" dir="0" index="0" bw="10" slack="0"/>
<pin id="60" dir="0" index="1" bw="10" slack="0"/>
<pin id="61" dir="1" index="2" bw="10" slack="0"/>
</pin_list>
<bind>
<opcode="read(1150) " fcode="read"/>
<opset="m2_read/1 "/>
</bind>
</comp>

<comp id="64" class="1004" name="tw_M_value_1_addr_gep_fu_64">
<pin_list>
<pin id="65" dir="0" index="0" bw="32" slack="0"/>
<pin id="66" dir="0" index="1" bw="1" slack="0"/>
<pin id="67" dir="0" index="2" bw="10" slack="0"/>
<pin id="68" dir="1" index="3" bw="10" slack="0"/>
</pin_list>
<bind>
<opcode="getelementptr(29) " fcode="getelementptr"/>
<opset="tw_M_value_1_addr/1 "/>
</bind>
</comp>

<comp id="71" class="1004" name="grp_access_fu_71">
<pin_list>
<pin id="72" dir="0" index="0" bw="10" slack="0"/>
<pin id="73" dir="0" index="1" bw="32" slack="2147483647"/>
<pin id="74" dir="0" index="2" bw="0" slack="2147483647"/>
<pin id="75" dir="1" index="3" bw="32" slack="1"/>
</pin_list>
<bind>
<opcode="load(27) " fcode="load"/>
<opset="tw_M_value_2/1 "/>
</bind>
</comp>

<comp id="77" class="1004" name="tw_M_value_addr_gep_fu_77">
<pin_list>
<pin id="78" dir="0" index="0" bw="32" slack="0"/>
<pin id="79" dir="0" index="1" bw="1" slack="0"/>
<pin id="80" dir="0" index="2" bw="10" slack="0"/>
<pin id="81" dir="1" index="3" bw="10" slack="0"/>
</pin_list>
<bind>
<opcode="getelementptr(29) " fcode="getelementptr"/>
<opset="tw_M_value_addr/1 "/>
</bind>
</comp>

<comp id="84" class="1004" name="grp_access_fu_84">
<pin_list>
<pin id="85" dir="0" index="0" bw="10" slack="0"/>
<pin id="86" dir="0" index="1" bw="32" slack="2147483647"/>
<pin id="87" dir="0" index="2" bw="0" slack="2147483647"/>
<pin id="88" dir="1" index="3" bw="32" slack="1"/>
</pin_list>
<bind>
<opcode="load(27) " fcode="load"/>
<opset="tw_M_value_3/1 "/>
</bind>
</comp>

<comp id="90" class="1004" name="x_0_addr_gep_fu_90">
<pin_list>
<pin id="91" dir="0" index="0" bw="32" slack="0"/>
<pin id="92" dir="0" index="1" bw="1" slack="0"/>
<pin id="93" dir="0" index="2" bw="10" slack="0"/>
<pin id="94" dir="1" index="3" bw="10" slack="0"/>
</pin_list>
<bind>
<opcode="getelementptr(29) " fcode="getelementptr"/>
<opset="x_0_addr/1 "/>
</bind>
</comp>

<comp id="97" class="1004" name="grp_access_fu_97">
<pin_list>
<pin id="98" dir="0" index="0" bw="10" slack="0"/>
<pin id="99" dir="0" index="1" bw="32" slack="1"/>
<pin id="100" dir="0" index="2" bw="0" slack="0"/>
<pin id="102" dir="0" index="4" bw="10" slack="1"/>
<pin id="103" dir="0" index="5" bw="32" slack="2147483647"/>
<pin id="104" dir="0" index="6" bw="0" slack="2147483647"/>
<pin id="101" dir="1" index="3" bw="32" slack="10"/>
<pin id="105" dir="1" index="7" bw="32" slack="1"/>
</pin_list>
<bind>
<opcode="load(27) store(28) " fcode="store"/>
<opset="p_t/1 u_M_value/1 store_ln26/17 store_ln27/18 "/>
</bind>
</comp>

<comp id="107" class="1004" name="x_1_addr_gep_fu_107">
<pin_list>
<pin id="108" dir="0" index="0" bw="32" slack="0"/>
<pin id="109" dir="0" index="1" bw="1" slack="0"/>
<pin id="110" dir="0" index="2" bw="10" slack="0"/>
<pin id="111" dir="1" index="3" bw="10" slack="0"/>
</pin_list>
<bind>
<opcode="getelementptr(29) " fcode="getelementptr"/>
<opset="x_1_addr/1 "/>
</bind>
</comp>

<comp id="114" class="1004" name="grp_access_fu_114">
<pin_list>
<pin id="115" dir="0" index="0" bw="10" slack="0"/>
<pin id="116" dir="0" index="1" bw="32" slack="1"/>
<pin id="117" dir="0" index="2" bw="0" slack="0"/>
<pin id="119" dir="0" index="4" bw="10" slack="1"/>
<pin id="120" dir="0" index="5" bw="32" slack="2147483647"/>
<pin id="121" dir="0" index="6" bw="0" slack="2147483647"/>
<pin id="118" dir="1" index="3" bw="32" slack="10"/>
<pin id="122" dir="1" index="7" bw="32" slack="1"/>
</pin_list>
<bind>
<opcode="load(27) store(28) " fcode="store"/>
<opset="p_t_1/1 u_M_value_2/1 store_ln26/17 store_ln27/18 "/>
</bind>
</comp>

<comp id="124" class="1004" name="x_0_addr_2_gep_fu_124">
<pin_list>
<pin id="125" dir="0" index="0" bw="32" slack="0"/>
<pin id="126" dir="0" index="1" bw="1" slack="0"/>
<pin id="127" dir="0" index="2" bw="10" slack="0"/>
<pin id="128" dir="1" index="3" bw="10" slack="0"/>
</pin_list>
<bind>
<opcode="getelementptr(29) " fcode="getelementptr"/>
<opset="x_0_addr_2/1 "/>
</bind>
</comp>

<comp id="132" class="1004" name="x_1_addr_2_gep_fu_132">
<pin_list>
<pin id="133" dir="0" index="0" bw="32" slack="0"/>
<pin id="134" dir="0" index="1" bw="1" slack="0"/>
<pin id="135" dir="0" index="2" bw="10" slack="0"/>
<pin id="136" dir="1" index="3" bw="10" slack="0"/>
</pin_list>
<bind>
<opcode="getelementptr(29) " fcode="getelementptr"/>
<opset="x_1_addr_2/1 "/>
</bind>
</comp>

<comp id="140" class="1004" name="grp_fu_140">
<pin_list>
<pin id="141" dir="0" index="0" bw="32" slack="1"/>
<pin id="142" dir="0" index="1" bw="32" slack="1"/>
<pin id="143" dir="1" index="2" bw="32" slack="1"/>
</pin_list>
<bind>
<opcode="fadd(9) fsub(11) " fcode="fadd"/>
<opset="p_r_M_value_6/7 p_r_M_value_2/12 p_r_M_value_4/13 "/>
</bind>
</comp>

<comp id="144" class="1004" name="grp_fu_144">
<pin_list>
<pin id="145" dir="0" index="0" bw="32" slack="1"/>
<pin id="146" dir="0" index="1" bw="32" slack="1"/>
<pin id="147" dir="1" index="2" bw="32" slack="1"/>
</pin_list>
<bind>
<opcode="fadd(9) fsub(11) " fcode="fadd"/>
<opset="p_r_M_value_7/7 p_r_M_value_3/12 p_r_M_value_5/13 "/>
</bind>
</comp>

<comp id="148" class="1004" name="grp_fu_148">
<pin_list>
<pin id="149" dir="0" index="0" bw="32" slack="1"/>
<pin id="150" dir="0" index="1" bw="32" slack="1"/>
<pin id="151" dir="1" index="2" bw="32" slack="1"/>
</pin_list>
<bind>
<opcode="fmul(13) " fcode="fmul"/>
<opset="mul_ac_i_i/3 "/>
</bind>
</comp>

<comp id="152" class="1004" name="grp_fu_152">
<pin_list>
<pin id="153" dir="0" index="0" bw="32" slack="1"/>
<pin id="154" dir="0" index="1" bw="32" slack="1"/>
<pin id="155" dir="1" index="2" bw="32" slack="1"/>
</pin_list>
<bind>
<opcode="fmul(13) " fcode="fmul"/>
<opset="mul_bd_i_i/3 "/>
</bind>
</comp>

<comp id="156" class="1004" name="grp_fu_156">
<pin_list>
<pin id="157" dir="0" index="0" bw="32" slack="1"/>
<pin id="158" dir="0" index="1" bw="32" slack="1"/>
<pin id="159" dir="1" index="2" bw="32" slack="1"/>
</pin_list>
<bind>
<opcode="fmul(13) " fcode="fmul"/>
<opset="mul_ad_i_i/3 "/>
</bind>
</comp>

<comp id="160" class="1004" name="grp_fu_160">
<pin_list>
<pin id="161" dir="0" index="0" bw="32" slack="1"/>
<pin id="162" dir="0" index="1" bw="32" slack="1"/>
<pin id="163" dir="1" index="2" bw="32" slack="1"/>
</pin_list>
<bind>
<opcode="fmul(13) " fcode="fmul"/>
<opset="mul_bc_i_i/3 "/>
</bind>
</comp>

<comp id="164" class="1005" name="reg_164">
<pin_list>
<pin id="165" dir="0" index="0" bw="32" slack="1"/>
<pin id="166" dir="1" index="1" bw="32" slack="1"/>
</pin_list>
<bind>
<opset="p_r_M_value_6 p_r_M_value_4 "/>
</bind>
</comp>

<comp id="170" class="1005" name="reg_170">
<pin_list>
<pin id="171" dir="0" index="0" bw="32" slack="1"/>
<pin id="172" dir="1" index="1" bw="32" slack="1"/>
</pin_list>
<bind>
<opset="p_r_M_value_7 p_r_M_value_5 "/>
</bind>
</comp>

<comp id="176" class="1004" name="store_ln0_store_fu_176">
<pin_list>
<pin id="177" dir="0" index="0" bw="1" slack="0"/>
<pin id="178" dir="0" index="1" bw="10" slack="0"/>
<pin id="179" dir="1" index="2" bw="0" slack="2147483647"/>
</pin_list>
<bind>
<opcode="store(28) " fcode="store"/>
<opset="store_ln0/1 "/>
</bind>
</comp>

<comp id="181" class="1004" name="j_1_load_fu_181">
<pin_list>
<pin id="182" dir="0" index="0" bw="10" slack="0"/>
<pin id="183" dir="1" index="1" bw="10" slack="0"/>
</pin_list>
<bind>
<opcode="load(27) " fcode="load"/>
<opset="j_1/1 "/>
</bind>
</comp>

<comp id="184" class="1004" name="icmp_ln22_fu_184">
<pin_list>
<pin id="185" dir="0" index="0" bw="10" slack="0"/>
<pin id="186" dir="0" index="1" bw="10" slack="0"/>
<pin id="187" dir="1" index="2" bw="1" slack="2147483647"/>
</pin_list>
<bind>
<opcode="icmp(45) " fcode="icmp"/>
<opset="icmp_ln22/1 "/>
</bind>
</comp>

<comp id="190" class="1004" name="add_ln22_fu_190">
<pin_list>
<pin id="191" dir="0" index="0" bw="10" slack="0"/>
<pin id="192" dir="0" index="1" bw="1" slack="0"/>
<pin id="193" dir="1" index="2" bw="10" slack="0"/>
</pin_list>
<bind>
<opcode="add(8) " fcode="add"/>
<opset="add_ln22/1 "/>
</bind>
</comp>

<comp id="196" class="1004" name="add_ln23_fu_196">
<pin_list>
<pin id="197" dir="0" index="0" bw="10" slack="0"/>
<pin id="198" dir="0" index="1" bw="10" slack="0"/>
<pin id="199" dir="1" index="2" bw="10" slack="0"/>
</pin_list>
<bind>
<opcode="add(8) " fcode="add"/>
<opset="add_ln23/1 "/>
</bind>
</comp>

<comp id="202" class="1004" name="zext_ln23_fu_202">
<pin_list>
<pin id="203" dir="0" index="0" bw="10" slack="0"/>
<pin id="204" dir="1" index="1" bw="64" slack="0"/>
</pin_list>
<bind>
<opcode="zext(34) " fcode="zext"/>
<opset="zext_ln23/1 "/>
</bind>
</comp>

<comp id="208" class="1004" name="add_ln24_fu_208">
<pin_list>
<pin id="209" dir="0" index="0" bw="10" slack="0"/>
<pin id="210" dir="0" index="1" bw="10" slack="0"/>
<pin id="211" dir="1" index="2" bw="10" slack="0"/>
</pin_list>
<bind>
<opcode="add(8) " fcode="add"/>
<opset="add_ln24/1 "/>
</bind>
</comp>

<comp id="214" class="1004" name="zext_ln388_fu_214">
<pin_list>
<pin id="215" dir="0" index="0" bw="10" slack="0"/>
<pin id="216" dir="1" index="1" bw="64" slack="0"/>
</pin_list>
<bind>
<opcode="zext(34) " fcode="zext"/>
<opset="zext_ln388/1 "/>
</bind>
</comp>

<comp id="220" class="1004" name="add_ln1097_fu_220">
<pin_list>
<pin id="221" dir="0" index="0" bw="10" slack="0"/>
<pin id="222" dir="0" index="1" bw="10" slack="0"/>
<pin id="223" dir="1" index="2" bw="10" slack="0"/>
</pin_list>
<bind>
<opcode="add(8) " fcode="add"/>
<opset="add_ln1097/1 "/>
</bind>
</comp>

<comp id="226" class="1004" name="zext_ln1097_fu_226">
<pin_list>
<pin id="227" dir="0" index="0" bw="10" slack="0"/>
<pin id="228" dir="1" index="1" bw="64" slack="0"/>
</pin_list>
<bind>
<opcode="zext(34) " fcode="zext"/>
<opset="zext_ln1097/1 "/>
</bind>
</comp>

<comp id="232" class="1004" name="store_ln22_store_fu_232">
<pin_list>
<pin id="233" dir="0" index="0" bw="10" slack="0"/>
<pin id="234" dir="0" index="1" bw="10" slack="0"/>
<pin id="235" dir="1" index="2" bw="0" slack="2147483647"/>
</pin_list>
<bind>
<opcode="store(28) " fcode="store"/>
<opset="store_ln22/1 "/>
</bind>
</comp>

<comp id="237" class="1005" name="j_reg_237">
<pin_list>
<pin id="238" dir="0" index="0" bw="10" slack="0"/>
<pin id="239" dir="1" index="1" bw="10" slack="0"/>
</pin_list>
<bind>
<opset="j "/>
</bind>
</comp>

<comp id="247" class="1005" name="tw_M_value_1_addr_reg_247">
<pin_list>
<pin id="248" dir="0" index="0" bw="10" slack="1"/>
<pin id="249" dir="1" index="1" bw="10" slack="1"/>
</pin_list>
<bind>
<opset="tw_M_value_1_addr "/>
</bind>
</comp>

<comp id="252" class="1005" name="tw_M_value_addr_reg_252">
<pin_list>
<pin id="253" dir="0" index="0" bw="10" slack="1"/>
<pin id="254" dir="1" index="1" bw="10" slack="1"/>
</pin_list>
<bind>
<opset="tw_M_value_addr "/>
</bind>
</comp>

<comp id="257" class="1005" name="x_0_addr_reg_257">
<pin_list>
<pin id="258" dir="0" index="0" bw="10" slack="1"/>
<pin id="259" dir="1" index="1" bw="10" slack="1"/>
</pin_list>
<bind>
<opset="x_0_addr "/>
</bind>
</comp>

<comp id="262" class="1005" name="x_1_addr_reg_262">
<pin_list>
<pin id="263" dir="0" index="0" bw="10" slack="1"/>
<pin id="264" dir="1" index="1" bw="10" slack="1"/>
</pin_list>
<bind>
<opset="x_1_addr "/>
</bind>
</comp>

<comp id="267" class="1005" name="x_0_addr_2_reg_267">
<pin_list>
<pin id="268" dir="0" index="0" bw="10" slack="1"/>
<pin id="269" dir="1" index="1" bw="10" slack="1"/>
</pin_list>
<bind>
<opset="x_0_addr_2 "/>
</bind>
</comp>

<comp id="272" class="1005" name="x_1_addr_2_reg_272">
<pin_list>
<pin id="273" dir="0" index="0" bw="10" slack="1"/>
<pin id="274" dir="1" index="1" bw="10" slack="1"/>
</pin_list>
<bind>
<opset="x_1_addr_2 "/>
</bind>
</comp>

<comp id="277" class="1005" name="tw_M_value_2_reg_277">
<pin_list>
<pin id="278" dir="0" index="0" bw="32" slack="1"/>
<pin id="279" dir="1" index="1" bw="32" slack="1"/>
</pin_list>
<bind>
<opset="tw_M_value_2 "/>
</bind>
</comp>

<comp id="283" class="1005" name="tw_M_value_3_reg_283">
<pin_list>
<pin id="284" dir="0" index="0" bw="32" slack="1"/>
<pin id="285" dir="1" index="1" bw="32" slack="1"/>
</pin_list>
<bind>
<opset="tw_M_value_3 "/>
</bind>
</comp>

<comp id="289" class="1005" name="p_t_reg_289">
<pin_list>
<pin id="290" dir="0" index="0" bw="32" slack="1"/>
<pin id="291" dir="1" index="1" bw="32" slack="1"/>
</pin_list>
<bind>
<opset="p_t "/>
</bind>
</comp>

<comp id="295" class="1005" name="p_t_1_reg_295">
<pin_list>
<pin id="296" dir="0" index="0" bw="32" slack="1"/>
<pin id="297" dir="1" index="1" bw="32" slack="1"/>
</pin_list>
<bind>
<opset="p_t_1 "/>
</bind>
</comp>

<comp id="301" class="1005" name="u_M_value_reg_301">
<pin_list>
<pin id="302" dir="0" index="0" bw="32" slack="10"/>
<pin id="303" dir="1" index="1" bw="32" slack="10"/>
</pin_list>
<bind>
<opset="u_M_value "/>
</bind>
</comp>

<comp id="306" class="1005" name="u_M_value_2_reg_306">
<pin_list>
<pin id="307" dir="0" index="0" bw="32" slack="10"/>
<pin id="308" dir="1" index="1" bw="32" slack="10"/>
</pin_list>
<bind>
<opset="u_M_value_2 "/>
</bind>
</comp>

<comp id="311" class="1005" name="mul_ac_i_i_reg_311">
<pin_list>
<pin id="312" dir="0" index="0" bw="32" slack="1"/>
<pin id="313" dir="1" index="1" bw="32" slack="1"/>
</pin_list>
<bind>
<opset="mul_ac_i_i "/>
</bind>
</comp>

<comp id="316" class="1005" name="mul_bd_i_i_reg_316">
<pin_list>
<pin id="317" dir="0" index="0" bw="32" slack="1"/>
<pin id="318" dir="1" index="1" bw="32" slack="1"/>
</pin_list>
<bind>
<opset="mul_bd_i_i "/>
</bind>
</comp>

<comp id="321" class="1005" name="mul_ad_i_i_reg_321">
<pin_list>
<pin id="322" dir="0" index="0" bw="32" slack="1"/>
<pin id="323" dir="1" index="1" bw="32" slack="1"/>
</pin_list>
<bind>
<opset="mul_ad_i_i "/>
</bind>
</comp>

<comp id="326" class="1005" name="mul_bc_i_i_reg_326">
<pin_list>
<pin id="327" dir="0" index="0" bw="32" slack="1"/>
<pin id="328" dir="1" index="1" bw="32" slack="1"/>
</pin_list>
<bind>
<opset="mul_bc_i_i "/>
</bind>
</comp>

<comp id="331" class="1005" name="p_r_M_value_2_reg_331">
<pin_list>
<pin id="332" dir="0" index="0" bw="32" slack="1"/>
<pin id="333" dir="1" index="1" bw="32" slack="1"/>
</pin_list>
<bind>
<opset="p_r_M_value_2 "/>
</bind>
</comp>

<comp id="336" class="1005" name="p_r_M_value_3_reg_336">
<pin_list>
<pin id="337" dir="0" index="0" bw="32" slack="1"/>
<pin id="338" dir="1" index="1" bw="32" slack="1"/>
</pin_list>
<bind>
<opset="p_r_M_value_3 "/>
</bind>
</comp>

</comp_list>

<net_list>
<net id="45"><net_src comp="14" pin="0"/><net_sink comp="42" pin=0"/></net>

<net id="50"><net_src comp="16" pin="0"/><net_sink comp="46" pin=0"/></net>

<net id="51"><net_src comp="4" pin="0"/><net_sink comp="46" pin=1"/></net>

<net id="56"><net_src comp="16" pin="0"/><net_sink comp="52" pin=0"/></net>

<net id="57"><net_src comp="2" pin="0"/><net_sink comp="52" pin=1"/></net>

<net id="62"><net_src comp="16" pin="0"/><net_sink comp="58" pin=0"/></net>

<net id="63"><net_src comp="0" pin="0"/><net_sink comp="58" pin=1"/></net>

<net id="69"><net_src comp="10" pin="0"/><net_sink comp="64" pin=0"/></net>

<net id="70"><net_src comp="34" pin="0"/><net_sink comp="64" pin=1"/></net>

<net id="76"><net_src comp="64" pin="3"/><net_sink comp="71" pin=0"/></net>

<net id="82"><net_src comp="12" pin="0"/><net_sink comp="77" pin=0"/></net>

<net id="83"><net_src comp="34" pin="0"/><net_sink comp="77" pin=1"/></net>

<net id="89"><net_src comp="77" pin="3"/><net_sink comp="84" pin=0"/></net>

<net id="95"><net_src comp="6" pin="0"/><net_sink comp="90" pin=0"/></net>

<net id="96"><net_src comp="34" pin="0"/><net_sink comp="90" pin=1"/></net>

<net id="106"><net_src comp="90" pin="3"/><net_sink comp="97" pin=2"/></net>

<net id="112"><net_src comp="8" pin="0"/><net_sink comp="107" pin=0"/></net>

<net id="113"><net_src comp="34" pin="0"/><net_sink comp="107" pin=1"/></net>

<net id="123"><net_src comp="107" pin="3"/><net_sink comp="114" pin=2"/></net>

<net id="129"><net_src comp="6" pin="0"/><net_sink comp="124" pin=0"/></net>

<net id="130"><net_src comp="34" pin="0"/><net_sink comp="124" pin=1"/></net>

<net id="131"><net_src comp="124" pin="3"/><net_sink comp="97" pin=0"/></net>

<net id="137"><net_src comp="8" pin="0"/><net_sink comp="132" pin=0"/></net>

<net id="138"><net_src comp="34" pin="0"/><net_sink comp="132" pin=1"/></net>

<net id="139"><net_src comp="132" pin="3"/><net_sink comp="114" pin=0"/></net>

<net id="167"><net_src comp="140" pin="2"/><net_sink comp="164" pin=0"/></net>

<net id="168"><net_src comp="164" pin="1"/><net_sink comp="140" pin=1"/></net>

<net id="169"><net_src comp="164" pin="1"/><net_sink comp="97" pin=4"/></net>

<net id="173"><net_src comp="144" pin="2"/><net_sink comp="170" pin=0"/></net>

<net id="174"><net_src comp="170" pin="1"/><net_sink comp="144" pin=1"/></net>

<net id="175"><net_src comp="170" pin="1"/><net_sink comp="114" pin=4"/></net>

<net id="180"><net_src comp="18" pin="0"/><net_sink comp="176" pin=0"/></net>

<net id="188"><net_src comp="181" pin="1"/><net_sink comp="184" pin=0"/></net>

<net id="189"><net_src comp="58" pin="2"/><net_sink comp="184" pin=1"/></net>

<net id="194"><net_src comp="181" pin="1"/><net_sink comp="190" pin=0"/></net>

<net id="195"><net_src comp="36" pin="0"/><net_sink comp="190" pin=1"/></net>

<net id="200"><net_src comp="181" pin="1"/><net_sink comp="196" pin=0"/></net>

<net id="201"><net_src comp="52" pin="2"/><net_sink comp="196" pin=1"/></net>

<net id="205"><net_src comp="196" pin="2"/><net_sink comp="202" pin=0"/></net>

<net id="206"><net_src comp="202" pin="1"/><net_sink comp="64" pin=2"/></net>

<net id="207"><net_src comp="202" pin="1"/><net_sink comp="77" pin=2"/></net>

<net id="212"><net_src comp="181" pin="1"/><net_sink comp="208" pin=0"/></net>

<net id="213"><net_src comp="46" pin="2"/><net_sink comp="208" pin=1"/></net>

<net id="217"><net_src comp="208" pin="2"/><net_sink comp="214" pin=0"/></net>

<net id="218"><net_src comp="214" pin="1"/><net_sink comp="124" pin=2"/></net>

<net id="219"><net_src comp="214" pin="1"/><net_sink comp="132" pin=2"/></net>

<net id="224"><net_src comp="208" pin="2"/><net_sink comp="220" pin=0"/></net>

<net id="225"><net_src comp="58" pin="2"/><net_sink comp="220" pin=1"/></net>

<net id="229"><net_src comp="220" pin="2"/><net_sink comp="226" pin=0"/></net>

<net id="230"><net_src comp="226" pin="1"/><net_sink comp="90" pin=2"/></net>

<net id="231"><net_src comp="226" pin="1"/><net_sink comp="107" pin=2"/></net>

<net id="236"><net_src comp="190" pin="2"/><net_sink comp="232" pin=0"/></net>

<net id="240"><net_src comp="42" pin="1"/><net_sink comp="237" pin=0"/></net>

<net id="241"><net_src comp="237" pin="1"/><net_sink comp="176" pin=1"/></net>

<net id="242"><net_src comp="237" pin="1"/><net_sink comp="181" pin=0"/></net>

<net id="243"><net_src comp="237" pin="1"/><net_sink comp="232" pin=1"/></net>

<net id="250"><net_src comp="64" pin="3"/><net_sink comp="247" pin=0"/></net>

<net id="251"><net_src comp="247" pin="1"/><net_sink comp="71" pin=0"/></net>

<net id="255"><net_src comp="77" pin="3"/><net_sink comp="252" pin=0"/></net>

<net id="256"><net_src comp="252" pin="1"/><net_sink comp="84" pin=0"/></net>

<net id="260"><net_src comp="90" pin="3"/><net_sink comp="257" pin=0"/></net>

<net id="261"><net_src comp="257" pin="1"/><net_sink comp="97" pin=2"/></net>

<net id="265"><net_src comp="107" pin="3"/><net_sink comp="262" pin=0"/></net>

<net id="266"><net_src comp="262" pin="1"/><net_sink comp="114" pin=2"/></net>

<net id="270"><net_src comp="124" pin="3"/><net_sink comp="267" pin=0"/></net>

<net id="271"><net_src comp="267" pin="1"/><net_sink comp="97" pin=0"/></net>

<net id="275"><net_src comp="132" pin="3"/><net_sink comp="272" pin=0"/></net>

<net id="276"><net_src comp="272" pin="1"/><net_sink comp="114" pin=0"/></net>

<net id="280"><net_src comp="71" pin="3"/><net_sink comp="277" pin=0"/></net>

<net id="281"><net_src comp="277" pin="1"/><net_sink comp="148" pin=0"/></net>

<net id="282"><net_src comp="277" pin="1"/><net_sink comp="156" pin=0"/></net>

<net id="286"><net_src comp="84" pin="3"/><net_sink comp="283" pin=0"/></net>

<net id="287"><net_src comp="283" pin="1"/><net_sink comp="152" pin=0"/></net>

<net id="288"><net_src comp="283" pin="1"/><net_sink comp="160" pin=0"/></net>

<net id="292"><net_src comp="97" pin="7"/><net_sink comp="289" pin=0"/></net>

<net id="293"><net_src comp="289" pin="1"/><net_sink comp="148" pin=1"/></net>

<net id="294"><net_src comp="289" pin="1"/><net_sink comp="160" pin=1"/></net>

<net id="298"><net_src comp="114" pin="7"/><net_sink comp="295" pin=0"/></net>

<net id="299"><net_src comp="295" pin="1"/><net_sink comp="152" pin=1"/></net>

<net id="300"><net_src comp="295" pin="1"/><net_sink comp="156" pin=1"/></net>

<net id="304"><net_src comp="97" pin="3"/><net_sink comp="301" pin=0"/></net>

<net id="305"><net_src comp="301" pin="1"/><net_sink comp="140" pin=0"/></net>

<net id="309"><net_src comp="114" pin="3"/><net_sink comp="306" pin=0"/></net>

<net id="310"><net_src comp="306" pin="1"/><net_sink comp="144" pin=0"/></net>

<net id="314"><net_src comp="148" pin="2"/><net_sink comp="311" pin=0"/></net>

<net id="315"><net_src comp="311" pin="1"/><net_sink comp="140" pin=0"/></net>

<net id="319"><net_src comp="152" pin="2"/><net_sink comp="316" pin=0"/></net>

<net id="320"><net_src comp="316" pin="1"/><net_sink comp="140" pin=1"/></net>

<net id="324"><net_src comp="156" pin="2"/><net_sink comp="321" pin=0"/></net>

<net id="325"><net_src comp="321" pin="1"/><net_sink comp="144" pin=0"/></net>

<net id="329"><net_src comp="160" pin="2"/><net_sink comp="326" pin=0"/></net>

<net id="330"><net_src comp="326" pin="1"/><net_sink comp="144" pin=1"/></net>

<net id="334"><net_src comp="140" pin="2"/><net_sink comp="331" pin=0"/></net>

<net id="335"><net_src comp="331" pin="1"/><net_sink comp="97" pin=1"/></net>

<net id="339"><net_src comp="144" pin="2"/><net_sink comp="336" pin=0"/></net>

<net id="340"><net_src comp="336" pin="1"/><net_sink comp="114" pin=1"/></net>

</net_list>

</model> 
---------------- Datapath Model END ------------------

* FSMD analyzer results:
  - Output states:
	Port: x_0 | {17 18 }
	Port: x_1 | {17 18 }
	Port: tw_M_value_1 | {}
	Port: tw_M_value | {}
 - Input state : 
	Port: ifft_fast_Pipeline_VITIS_LOOP_22_4 : m2 | {1 }
	Port: ifft_fast_Pipeline_VITIS_LOOP_22_4 : trunc_ln21_1 | {1 }
	Port: ifft_fast_Pipeline_VITIS_LOOP_22_4 : trunc_ln21_2 | {1 }
	Port: ifft_fast_Pipeline_VITIS_LOOP_22_4 : x_0 | {1 2 }
	Port: ifft_fast_Pipeline_VITIS_LOOP_22_4 : x_1 | {1 2 }
	Port: ifft_fast_Pipeline_VITIS_LOOP_22_4 : tw_M_value_1 | {1 2 }
	Port: ifft_fast_Pipeline_VITIS_LOOP_22_4 : tw_M_value | {1 2 }
  - Chain level:
	State 1
		store_ln0 : 1
		j_1 : 1
		icmp_ln22 : 2
		add_ln22 : 2
		br_ln22 : 3
		add_ln23 : 2
		zext_ln23 : 3
		tw_M_value_1_addr : 4
		tw_M_value_2 : 5
		tw_M_value_addr : 4
		tw_M_value_3 : 5
		add_ln24 : 2
		zext_ln388 : 3
		add_ln1097 : 3
		zext_ln1097 : 4
		x_0_addr : 5
		p_t : 6
		x_1_addr : 5
		p_t_1 : 6
		x_0_addr_2 : 4
		u_M_value : 5
		x_1_addr_2 : 4
		u_M_value_2 : 5
		store_ln22 : 3
	State 2
	State 3
	State 4
	State 5
	State 6
	State 7
	State 8
	State 9
	State 10
	State 11
	State 12
	State 13
	State 14
	State 15
	State 16
	State 17
	State 18


============================================================
+ Verbose Summary: Datapath Resource usage 
============================================================

* Functional unit list:
|----------|------------------------------|---------|---------|---------|
| Operation|        Functional Unit       |   DSP   |    FF   |   LUT   |
|----------|------------------------------|---------|---------|---------|
|          |          grp_fu_148          |    3    |   143   |   321   |
|   fmul   |          grp_fu_152          |    3    |   143   |   321   |
|          |          grp_fu_156          |    3    |   143   |   321   |
|          |          grp_fu_160          |    3    |   143   |   321   |
|----------|------------------------------|---------|---------|---------|
|   fadd   |          grp_fu_140          |    2    |   205   |   390   |
|          |          grp_fu_144          |    2    |   205   |   390   |
|----------|------------------------------|---------|---------|---------|
|          |        add_ln22_fu_190       |    0    |    0    |    13   |
|    add   |        add_ln23_fu_196       |    0    |    0    |    13   |
|          |        add_ln24_fu_208       |    0    |    0    |    13   |
|          |       add_ln1097_fu_220      |    0    |    0    |    13   |
|----------|------------------------------|---------|---------|---------|
|   icmp   |       icmp_ln22_fu_184       |    0    |    0    |    11   |
|----------|------------------------------|---------|---------|---------|
|          | trunc_ln21_2_read_read_fu_46 |    0    |    0    |    0    |
|   read   | trunc_ln21_1_read_read_fu_52 |    0    |    0    |    0    |
|          |      m2_read_read_fu_58      |    0    |    0    |    0    |
|----------|------------------------------|---------|---------|---------|
|          |       zext_ln23_fu_202       |    0    |    0    |    0    |
|   zext   |       zext_ln388_fu_214      |    0    |    0    |    0    |
|          |      zext_ln1097_fu_226      |    0    |    0    |    0    |
|----------|------------------------------|---------|---------|---------|
|   Total  |                              |    16   |   982   |   2127  |
|----------|------------------------------|---------|---------|---------|

Memories:
N/A

* Register list:
+-------------------------+--------+
|                         |   FF   |
+-------------------------+--------+
|        j_reg_237        |   10   |
|    mul_ac_i_i_reg_311   |   32   |
|    mul_ad_i_i_reg_321   |   32   |
|    mul_bc_i_i_reg_326   |   32   |
|    mul_bd_i_i_reg_316   |   32   |
|  p_r_M_value_2_reg_331  |   32   |
|  p_r_M_value_3_reg_336  |   32   |
|      p_t_1_reg_295      |   32   |
|       p_t_reg_289       |   32   |
|         reg_164         |   32   |
|         reg_170         |   32   |
|tw_M_value_1_addr_reg_247|   10   |
|   tw_M_value_2_reg_277  |   32   |
|   tw_M_value_3_reg_283  |   32   |
| tw_M_value_addr_reg_252 |   10   |
|   u_M_value_2_reg_306   |   32   |
|    u_M_value_reg_301    |   32   |
|    x_0_addr_2_reg_267   |   10   |
|     x_0_addr_reg_257    |   10   |
|    x_1_addr_2_reg_272   |   10   |
|     x_1_addr_reg_262    |   10   |
+-------------------------+--------+
|          Total          |   518  |
+-------------------------+--------+

* Multiplexer (MUX) list: 
|-------------------|------|------|------|--------||---------||---------|
|        Comp       |  Pin | Size |  BW  | S x BW ||  Delay  ||   LUT   |
|-------------------|------|------|------|--------||---------||---------|
|  grp_access_fu_71 |  p0  |   2  |  10  |   20   ||    9    |
|  grp_access_fu_84 |  p0  |   2  |  10  |   20   ||    9    |
|  grp_access_fu_97 |  p0  |   2  |  10  |   20   ||    9    |
|  grp_access_fu_97 |  p2  |   2  |   0  |    0   ||    9    |
| grp_access_fu_114 |  p0  |   2  |  10  |   20   ||    9    |
| grp_access_fu_114 |  p2  |   2  |   0  |    0   ||    9    |
|     grp_fu_140    |  p0  |   2  |  32  |   64   ||    9    |
|     grp_fu_140    |  p1  |   2  |  32  |   64   ||    9    |
|     grp_fu_144    |  p0  |   2  |  32  |   64   ||    9    |
|     grp_fu_144    |  p1  |   2  |  32  |   64   ||    9    |
|-------------------|------|------|------|--------||---------||---------|
|       Total       |      |      |      |   336  ||  15.88  ||    90   |
|-------------------|------|------|------|--------||---------||---------|



* Summary:
+-----------+--------+--------+--------+--------+
|           |   DSP  |  Delay |   FF   |   LUT  |
+-----------+--------+--------+--------+--------+
|  Function |   16   |    -   |   982  |  2127  |
|   Memory  |    -   |    -   |    -   |    -   |
|Multiplexer|    -   |   15   |    -   |   90   |
|  Register |    -   |    -   |   518  |    -   |
+-----------+--------+--------+--------+--------+
|   Total   |   16   |   15   |  1500  |  2217  |
+-----------+--------+--------+--------+--------+
