

================================================================
== Vitis HLS Report for 'doppler_fft_256_Pipeline_VITIS_LOOP_38_1'
================================================================
* Date:           Tue Apr 28 15:48:53 2026

* Version:        2022.1 (Build 3526262 on Mon Apr 18 15:47:01 MDT 2022)
* Project:        doppler_fft_256
* Solution:       solution1 (Vivado IP Flow Target)
* Product family: zynq
* Target device:  xc7z020-clg484-1


================================================================
== Performance Estimates
================================================================
+ Timing: 
    * Summary: 
    +--------+----------+----------+------------+
    |  Clock |  Target  | Estimated| Uncertainty|
    +--------+----------+----------+------------+
    |ap_clk  |  10.00 ns|  6.508 ns|     2.70 ns|
    +--------+----------+----------+------------+

+ Latency: 
    * Summary: 
    +---------+---------+----------+----------+-----+-----+---------+
    |  Latency (cycles) |  Latency (absolute) |  Interval | Pipeline|
    |   min   |   max   |    min   |    max   | min | max |   Type  |
    +---------+---------+----------+----------+-----+-----+---------+
    |      258|      258|  2.580 us|  2.580 us|  258|  258|       no|
    +---------+---------+----------+----------+-----+-----+---------+

    + Detail: 
        * Instance: 
        N/A

        * Loop: 
        +-------------------+---------+---------+----------+-----------+-----------+------+----------+
        |                   |  Latency (cycles) | Iteration|  Initiation Interval  | Trip |          |
        |     Loop Name     |   min   |   max   |  Latency |  achieved |   target  | Count| Pipelined|
        +-------------------+---------+---------+----------+-----------+-----------+------+----------+
        |- VITIS_LOOP_38_1  |      256|      256|         2|          2|          1|   128|       yes|
        +-------------------+---------+---------+----------+-----------+-----------+------+----------+



================================================================
== Utilization Estimates
================================================================
* Summary: 
+-----------------+---------+-----+--------+-------+-----+
|       Name      | BRAM_18K| DSP |   FF   |  LUT  | URAM|
+-----------------+---------+-----+--------+-------+-----+
|DSP              |        -|    -|       -|      -|    -|
|Expression       |        -|    -|       0|     35|    -|
|FIFO             |        -|    -|       -|      -|    -|
|Instance         |        -|    -|       -|      -|    -|
|Memory           |        -|    -|       -|      -|    -|
|Multiplexer      |        -|    -|       -|     97|    -|
|Register         |        -|    -|      43|      -|    -|
+-----------------+---------+-----+--------+-------+-----+
|Total            |        0|    0|      43|    132|    0|
+-----------------+---------+-----+--------+-------+-----+
|Available        |      280|  220|  106400|  53200|    0|
+-----------------+---------+-----+--------+-------+-----+
|Utilization (%)  |        0|    0|      ~0|     ~0|    0|
+-----------------+---------+-----+--------+-------+-----+

+ Detail: 
    * Instance: 
    N/A

    * DSP: 
    N/A

    * Memory: 
    N/A

    * FIFO: 
    N/A

    * Expression: 
    +--------------------+----------+----+---+----+------------+------------+
    |    Variable Name   | Operation| DSP| FF| LUT| Bitwidth P0| Bitwidth P1|
    +--------------------+----------+----+---+----+------------+------------+
    |add_ln38_fu_102_p2  |         +|   0|  0|  15|           8|           1|
    |icmp_ln38_fu_96_p2  |      icmp|   0|  0|  11|           8|           9|
    |xor_ln40_fu_114_p2  |       xor|   0|  0|   9|           8|           9|
    +--------------------+----------+----+---+----+------------+------------+
    |Total               |          |   0|  0|  35|          24|          19|
    +--------------------+----------+----+---+----+------------+------------+

    * Multiplexer: 
    +----------------------------------+----+-----------+-----+-----------+
    |               Name               | LUT| Input Size| Bits| Total Bits|
    +----------------------------------+----+-----------+-----+-----------+
    |ap_NS_fsm                         |  14|          3|    1|          3|
    |ap_done_int                       |   9|          2|    1|          2|
    |ap_sig_allocacmp_i                |   9|          2|    8|         16|
    |i_1_fu_30                         |   9|          2|    8|         16|
    |range_dop_map_M_value_1_address0  |  14|          3|    8|         24|
    |range_dop_map_M_value_1_address1  |  14|          3|    8|         24|
    |range_dop_map_M_value_address0    |  14|          3|    8|         24|
    |range_dop_map_M_value_address1    |  14|          3|    8|         24|
    +----------------------------------+----+-----------+-----+-----------+
    |Total                             |  97|         21|   50|        133|
    +----------------------------------+----+-----------+-----+-----------+

    * Register: 
    +----------------------------------------+---+----+-----+-----------+
    |                  Name                  | FF| LUT| Bits| Const Bits|
    +----------------------------------------+---+----+-----+-----------+
    |ap_CS_fsm                               |  2|   0|    2|          0|
    |ap_done_reg                             |  1|   0|    1|          0|
    |i_1_fu_30                               |  8|   0|    8|          0|
    |range_dop_map_M_value_1_addr_1_reg_156  |  8|   0|    8|          0|
    |range_dop_map_M_value_1_addr_reg_146    |  8|   0|    8|          0|
    |range_dop_map_M_value_addr_1_reg_151    |  8|   0|    8|          0|
    |range_dop_map_M_value_addr_reg_141      |  8|   0|    8|          0|
    +----------------------------------------+---+----+-----+-----------+
    |Total                                   | 43|   0|   43|          0|
    +----------------------------------------+---+----+-----+-----------+



================================================================
== Interface
================================================================
* Summary: 
+----------------------------------+-----+-----+------------+------------------------------------------+--------------+
|             RTL Ports            | Dir | Bits|  Protocol  |               Source Object              |    C Type    |
+----------------------------------+-----+-----+------------+------------------------------------------+--------------+
|ap_clk                            |   in|    1|  ap_ctrl_hs|  doppler_fft_256_Pipeline_VITIS_LOOP_38_1|  return value|
|ap_rst                            |   in|    1|  ap_ctrl_hs|  doppler_fft_256_Pipeline_VITIS_LOOP_38_1|  return value|
|ap_start                          |   in|    1|  ap_ctrl_hs|  doppler_fft_256_Pipeline_VITIS_LOOP_38_1|  return value|
|ap_done                           |  out|    1|  ap_ctrl_hs|  doppler_fft_256_Pipeline_VITIS_LOOP_38_1|  return value|
|ap_idle                           |  out|    1|  ap_ctrl_hs|  doppler_fft_256_Pipeline_VITIS_LOOP_38_1|  return value|
|ap_ready                          |  out|    1|  ap_ctrl_hs|  doppler_fft_256_Pipeline_VITIS_LOOP_38_1|  return value|
|range_dop_map_M_value_address0    |  out|    8|   ap_memory|                     range_dop_map_M_value|         array|
|range_dop_map_M_value_ce0         |  out|    1|   ap_memory|                     range_dop_map_M_value|         array|
|range_dop_map_M_value_we0         |  out|    1|   ap_memory|                     range_dop_map_M_value|         array|
|range_dop_map_M_value_d0          |  out|   32|   ap_memory|                     range_dop_map_M_value|         array|
|range_dop_map_M_value_q0          |   in|   32|   ap_memory|                     range_dop_map_M_value|         array|
|range_dop_map_M_value_address1    |  out|    8|   ap_memory|                     range_dop_map_M_value|         array|
|range_dop_map_M_value_ce1         |  out|    1|   ap_memory|                     range_dop_map_M_value|         array|
|range_dop_map_M_value_we1         |  out|    1|   ap_memory|                     range_dop_map_M_value|         array|
|range_dop_map_M_value_d1          |  out|   32|   ap_memory|                     range_dop_map_M_value|         array|
|range_dop_map_M_value_q1          |   in|   32|   ap_memory|                     range_dop_map_M_value|         array|
|range_dop_map_M_value_1_address0  |  out|    8|   ap_memory|                   range_dop_map_M_value_1|         array|
|range_dop_map_M_value_1_ce0       |  out|    1|   ap_memory|                   range_dop_map_M_value_1|         array|
|range_dop_map_M_value_1_we0       |  out|    1|   ap_memory|                   range_dop_map_M_value_1|         array|
|range_dop_map_M_value_1_d0        |  out|   32|   ap_memory|                   range_dop_map_M_value_1|         array|
|range_dop_map_M_value_1_q0        |   in|   32|   ap_memory|                   range_dop_map_M_value_1|         array|
|range_dop_map_M_value_1_address1  |  out|    8|   ap_memory|                   range_dop_map_M_value_1|         array|
|range_dop_map_M_value_1_ce1       |  out|    1|   ap_memory|                   range_dop_map_M_value_1|         array|
|range_dop_map_M_value_1_we1       |  out|    1|   ap_memory|                   range_dop_map_M_value_1|         array|
|range_dop_map_M_value_1_d1        |  out|   32|   ap_memory|                   range_dop_map_M_value_1|         array|
|range_dop_map_M_value_1_q1        |   in|   32|   ap_memory|                   range_dop_map_M_value_1|         array|
+----------------------------------+-----+-----+------------+------------------------------------------+--------------+

============================================================
+ Verbose Summary: Synthesis Manager
============================================================
InlineROM: 1
ExposeGlobal: 0
============================================================
+ Verbose Summary: CDFG Model
============================================================
IsTopModel: 0
ResetActiveHigh: 1
IsCombinational: 2
IsDatapathOnly: 2
HasWiredReturn: 1
HasMFsm: 2
HasVarLatency: 1
IsPipeline: 0
IsRtlPipelined: 0
IsInstanceOverlapped: 0
IsDontTouch: 0
HasImplIP: 0
IsGatedGlobalClock: 0

+ Individual pipeline summary: 
  * Pipeline-0: initiation interval (II) = 2, depth = 2


============================================================
+ Verbose Summary: Schedule
============================================================
* Number of FSM states : 2
* Pipeline : 1
  Pipeline-0 : II = 2, D = 2, States = { 1 2 }
* Dataflow Pipeline: 0

* FSM state transitions: 
1 --> 2 
2 --> 

* FSM state operations: 

State 1 <SV = 0> <Delay = 4.24>
ST_1 : Operation 5 [1/1] (0.00ns)   --->   "%i_1 = alloca i32 1"   --->   Operation 5 'alloca' 'i_1' <Predicate = true> <Delay = 0.00>
ST_1 : Operation 6 [1/1] (1.58ns)   --->   "%store_ln0 = store i8 0, i8 %i_1"   --->   Operation 6 'store' 'store_ln0' <Predicate = true> <Delay = 1.58>
ST_1 : Operation 7 [1/1] (0.00ns)   --->   "%br_ln0 = br void %for.inc.i"   --->   Operation 7 'br' 'br_ln0' <Predicate = true> <Delay = 0.00>
ST_1 : Operation 8 [1/1] (0.00ns)   --->   "%i = load i8 %i_1" [doppler_fft_256/doppler.cpp:38]   --->   Operation 8 'load' 'i' <Predicate = true> <Delay = 0.00>
ST_1 : Operation 9 [1/1] (0.00ns)   --->   "%specpipeline_ln0 = specpipeline void @_ssdm_op_SpecPipeline, i32 4294967295, i32 0, i32 1, i32 0, void @p_str"   --->   Operation 9 'specpipeline' 'specpipeline_ln0' <Predicate = true> <Delay = 0.00>
ST_1 : Operation 10 [1/1] (1.55ns)   --->   "%icmp_ln38 = icmp_eq  i8 %i, i8 128" [doppler_fft_256/doppler.cpp:38]   --->   Operation 10 'icmp' 'icmp_ln38' <Predicate = true> <Delay = 1.55> <CoreInst = "Cmp">   --->   Core 9 'Cmp' <Latency = 0> <II = 1> <Delay = 1.66> <FuncUnit> <Opcode : 'icmp'> <InPorts = 2> <OutPorts = 1>
ST_1 : Operation 11 [1/1] (0.00ns)   --->   "%empty = speclooptripcount i32 @_ssdm_op_SpecLoopTripCount, i64 128, i64 128, i64 128"   --->   Operation 11 'speclooptripcount' 'empty' <Predicate = true> <Delay = 0.00>
ST_1 : Operation 12 [1/1] (1.91ns)   --->   "%add_ln38 = add i8 %i, i8 1" [doppler_fft_256/doppler.cpp:38]   --->   Operation 12 'add' 'add_ln38' <Predicate = true> <Delay = 1.91> <CoreInst = "Adder">   --->   Core 1 'Adder' <Latency = 0> <II = 1> <Delay = 1.91> <FuncUnit> <Opcode : 'add' 'sub'> <InPorts = 2> <OutPorts = 1>
ST_1 : Operation 13 [1/1] (0.00ns)   --->   "%br_ln38 = br i1 %icmp_ln38, void %for.inc.i.split, void %for.inc14.preheader.exitStub" [doppler_fft_256/doppler.cpp:38]   --->   Operation 13 'br' 'br_ln38' <Predicate = true> <Delay = 0.00>
ST_1 : Operation 14 [1/1] (0.00ns)   --->   "%i_1_cast = zext i8 %i" [doppler_fft_256/doppler.cpp:38]   --->   Operation 14 'zext' 'i_1_cast' <Predicate = (!icmp_ln38)> <Delay = 0.00>
ST_1 : Operation 15 [1/1] (0.00ns)   --->   "%range_dop_map_M_value_addr = getelementptr i32 %range_dop_map_M_value, i64 0, i64 %i_1_cast" [doppler_fft_256/doppler.cpp:41]   --->   Operation 15 'getelementptr' 'range_dop_map_M_value_addr' <Predicate = (!icmp_ln38)> <Delay = 0.00>
ST_1 : Operation 16 [2/2] (3.25ns)   --->   "%range_dop_map_M_value_load = load i8 %range_dop_map_M_value_addr" [doppler_fft_256/doppler.cpp:41]   --->   Operation 16 'load' 'range_dop_map_M_value_load' <Predicate = (!icmp_ln38)> <Delay = 3.25> <CoreInst = "RAM">   --->   Core 82 'RAM' <Latency = 1> <II = 1> <Delay = 3.25> <Storage> <Opcode : 'load' 'store'> <Ports = 2> <Width = 32> <Depth = 256> <RAM>
ST_1 : Operation 17 [1/1] (0.00ns)   --->   "%range_dop_map_M_value_1_addr = getelementptr i32 %range_dop_map_M_value_1, i64 0, i64 %i_1_cast" [doppler_fft_256/doppler.cpp:41]   --->   Operation 17 'getelementptr' 'range_dop_map_M_value_1_addr' <Predicate = (!icmp_ln38)> <Delay = 0.00>
ST_1 : Operation 18 [2/2] (3.25ns)   --->   "%range_dop_map_M_value_1_load = load i8 %range_dop_map_M_value_1_addr" [doppler_fft_256/doppler.cpp:41]   --->   Operation 18 'load' 'range_dop_map_M_value_1_load' <Predicate = (!icmp_ln38)> <Delay = 3.25> <CoreInst = "RAM">   --->   Core 82 'RAM' <Latency = 1> <II = 1> <Delay = 3.25> <Storage> <Opcode : 'load' 'store'> <Ports = 2> <Width = 32> <Depth = 256> <RAM>
ST_1 : Operation 19 [1/1] (0.99ns)   --->   "%xor_ln40 = xor i8 %i, i8 128" [doppler_fft_256/doppler.cpp:40]   --->   Operation 19 'xor' 'xor_ln40' <Predicate = (!icmp_ln38)> <Delay = 0.99> <CoreInst = "LogicGate">   --->   Core 74 'LogicGate' <Latency = 0> <II = 1> <Delay = 0.99> <FuncUnit> <Opcode : 'and' 'or' 'xor'> <InPorts = 2> <OutPorts = 1>
ST_1 : Operation 20 [1/1] (0.00ns)   --->   "%zext_ln40 = zext i8 %xor_ln40" [doppler_fft_256/doppler.cpp:40]   --->   Operation 20 'zext' 'zext_ln40' <Predicate = (!icmp_ln38)> <Delay = 0.00>
ST_1 : Operation 21 [1/1] (0.00ns)   --->   "%range_dop_map_M_value_addr_1 = getelementptr i32 %range_dop_map_M_value, i64 0, i64 %zext_ln40" [doppler_fft_256/doppler.cpp:40]   --->   Operation 21 'getelementptr' 'range_dop_map_M_value_addr_1' <Predicate = (!icmp_ln38)> <Delay = 0.00>
ST_1 : Operation 22 [2/2] (3.25ns)   --->   "%range_dop_map_M_value_load_1 = load i8 %range_dop_map_M_value_addr_1" [doppler_fft_256/doppler.cpp:40]   --->   Operation 22 'load' 'range_dop_map_M_value_load_1' <Predicate = (!icmp_ln38)> <Delay = 3.25> <CoreInst = "RAM">   --->   Core 82 'RAM' <Latency = 1> <II = 1> <Delay = 3.25> <Storage> <Opcode : 'load' 'store'> <Ports = 2> <Width = 32> <Depth = 256> <RAM>
ST_1 : Operation 23 [1/1] (0.00ns)   --->   "%range_dop_map_M_value_1_addr_1 = getelementptr i32 %range_dop_map_M_value_1, i64 0, i64 %zext_ln40" [doppler_fft_256/doppler.cpp:40]   --->   Operation 23 'getelementptr' 'range_dop_map_M_value_1_addr_1' <Predicate = (!icmp_ln38)> <Delay = 0.00>
ST_1 : Operation 24 [2/2] (3.25ns)   --->   "%range_dop_map_M_value_1_load_1 = load i8 %range_dop_map_M_value_1_addr_1" [doppler_fft_256/doppler.cpp:40]   --->   Operation 24 'load' 'range_dop_map_M_value_1_load_1' <Predicate = (!icmp_ln38)> <Delay = 3.25> <CoreInst = "RAM">   --->   Core 82 'RAM' <Latency = 1> <II = 1> <Delay = 3.25> <Storage> <Opcode : 'load' 'store'> <Ports = 2> <Width = 32> <Depth = 256> <RAM>
ST_1 : Operation 25 [1/1] (1.58ns)   --->   "%store_ln38 = store i8 %add_ln38, i8 %i_1" [doppler_fft_256/doppler.cpp:38]   --->   Operation 25 'store' 'store_ln38' <Predicate = (!icmp_ln38)> <Delay = 1.58>
ST_1 : Operation 36 [1/1] (0.00ns)   --->   "%ret_ln0 = ret"   --->   Operation 36 'ret' 'ret_ln0' <Predicate = (icmp_ln38)> <Delay = 0.00>

State 2 <SV = 1> <Delay = 6.50>
ST_2 : Operation 26 [1/1] (0.00ns)   --->   "%specloopname_ln38 = specloopname void @_ssdm_op_SpecLoopName, void @empty" [doppler_fft_256/doppler.cpp:38]   --->   Operation 26 'specloopname' 'specloopname_ln38' <Predicate = true> <Delay = 0.00>
ST_2 : Operation 27 [1/2] (3.25ns)   --->   "%range_dop_map_M_value_load = load i8 %range_dop_map_M_value_addr" [doppler_fft_256/doppler.cpp:41]   --->   Operation 27 'load' 'range_dop_map_M_value_load' <Predicate = true> <Delay = 3.25> <CoreInst = "RAM">   --->   Core 82 'RAM' <Latency = 1> <II = 1> <Delay = 3.25> <Storage> <Opcode : 'load' 'store'> <Ports = 2> <Width = 32> <Depth = 256> <RAM>
ST_2 : Operation 28 [1/2] (3.25ns)   --->   "%range_dop_map_M_value_1_load = load i8 %range_dop_map_M_value_1_addr" [doppler_fft_256/doppler.cpp:41]   --->   Operation 28 'load' 'range_dop_map_M_value_1_load' <Predicate = true> <Delay = 3.25> <CoreInst = "RAM">   --->   Core 82 'RAM' <Latency = 1> <II = 1> <Delay = 3.25> <Storage> <Opcode : 'load' 'store'> <Ports = 2> <Width = 32> <Depth = 256> <RAM>
ST_2 : Operation 29 [1/2] (3.25ns)   --->   "%range_dop_map_M_value_load_1 = load i8 %range_dop_map_M_value_addr_1" [doppler_fft_256/doppler.cpp:40]   --->   Operation 29 'load' 'range_dop_map_M_value_load_1' <Predicate = true> <Delay = 3.25> <CoreInst = "RAM">   --->   Core 82 'RAM' <Latency = 1> <II = 1> <Delay = 3.25> <Storage> <Opcode : 'load' 'store'> <Ports = 2> <Width = 32> <Depth = 256> <RAM>
ST_2 : Operation 30 [1/2] (3.25ns)   --->   "%range_dop_map_M_value_1_load_1 = load i8 %range_dop_map_M_value_1_addr_1" [doppler_fft_256/doppler.cpp:40]   --->   Operation 30 'load' 'range_dop_map_M_value_1_load_1' <Predicate = true> <Delay = 3.25> <CoreInst = "RAM">   --->   Core 82 'RAM' <Latency = 1> <II = 1> <Delay = 3.25> <Storage> <Opcode : 'load' 'store'> <Ports = 2> <Width = 32> <Depth = 256> <RAM>
ST_2 : Operation 31 [1/1] (3.25ns)   --->   "%store_ln40 = store i32 %range_dop_map_M_value_load_1, i8 %range_dop_map_M_value_addr" [doppler_fft_256/doppler.cpp:40]   --->   Operation 31 'store' 'store_ln40' <Predicate = true> <Delay = 3.25> <CoreInst = "RAM">   --->   Core 82 'RAM' <Latency = 1> <II = 1> <Delay = 3.25> <Storage> <Opcode : 'load' 'store'> <Ports = 2> <Width = 32> <Depth = 256> <RAM>
ST_2 : Operation 32 [1/1] (3.25ns)   --->   "%store_ln40 = store i32 %range_dop_map_M_value_1_load_1, i8 %range_dop_map_M_value_1_addr" [doppler_fft_256/doppler.cpp:40]   --->   Operation 32 'store' 'store_ln40' <Predicate = true> <Delay = 3.25> <CoreInst = "RAM">   --->   Core 82 'RAM' <Latency = 1> <II = 1> <Delay = 3.25> <Storage> <Opcode : 'load' 'store'> <Ports = 2> <Width = 32> <Depth = 256> <RAM>
ST_2 : Operation 33 [1/1] (3.25ns)   --->   "%store_ln41 = store i32 %range_dop_map_M_value_load, i8 %range_dop_map_M_value_addr_1" [doppler_fft_256/doppler.cpp:41]   --->   Operation 33 'store' 'store_ln41' <Predicate = true> <Delay = 3.25> <CoreInst = "RAM">   --->   Core 82 'RAM' <Latency = 1> <II = 1> <Delay = 3.25> <Storage> <Opcode : 'load' 'store'> <Ports = 2> <Width = 32> <Depth = 256> <RAM>
ST_2 : Operation 34 [1/1] (3.25ns)   --->   "%store_ln41 = store i32 %range_dop_map_M_value_1_load, i8 %range_dop_map_M_value_1_addr_1" [doppler_fft_256/doppler.cpp:41]   --->   Operation 34 'store' 'store_ln41' <Predicate = true> <Delay = 3.25> <CoreInst = "RAM">   --->   Core 82 'RAM' <Latency = 1> <II = 1> <Delay = 3.25> <Storage> <Opcode : 'load' 'store'> <Ports = 2> <Width = 32> <Depth = 256> <RAM>
ST_2 : Operation 35 [1/1] (0.00ns)   --->   "%br_ln38 = br void %for.inc.i" [doppler_fft_256/doppler.cpp:38]   --->   Operation 35 'br' 'br_ln38' <Predicate = true> <Delay = 0.00>


============================================================
+ Verbose Summary: Binding
============================================================
STG Binding: 
---------------- STG Properties BEGIN ----------------
- Is combinational: 0
- Is one-state seq: 0
- Is datapath-only: 0
- Is pipelined: 0
- Is top level: 0
Port [ Return ] is wired: 1; IO mode=ap_ctrl_hs:ce=0
Port [ range_dop_map_M_value]:  wired=1; compound=1; hidden=0; nouse=0; global=0; static=0; extern=0; dir=2; type=1; pingpong=0; private_global=0; MemPort=[22]; IO mode=ap_memory:ce=0
Port [ range_dop_map_M_value_1]:  wired=1; compound=1; hidden=0; nouse=0; global=0; static=0; extern=0; dir=2; type=1; pingpong=0; private_global=0; MemPort=[22]; IO mode=ap_memory:ce=0
---------------- STG Properties END ------------------

---------------- Datapath Model BEGIN ----------------

<LifeTime>
<method=bitvector/>
i_1                            (alloca           ) [ 010]
store_ln0                      (store            ) [ 000]
br_ln0                         (br               ) [ 000]
i                              (load             ) [ 000]
specpipeline_ln0               (specpipeline     ) [ 000]
icmp_ln38                      (icmp             ) [ 010]
empty                          (speclooptripcount) [ 000]
add_ln38                       (add              ) [ 000]
br_ln38                        (br               ) [ 000]
i_1_cast                       (zext             ) [ 000]
range_dop_map_M_value_addr     (getelementptr    ) [ 001]
range_dop_map_M_value_1_addr   (getelementptr    ) [ 001]
xor_ln40                       (xor              ) [ 000]
zext_ln40                      (zext             ) [ 000]
range_dop_map_M_value_addr_1   (getelementptr    ) [ 001]
range_dop_map_M_value_1_addr_1 (getelementptr    ) [ 001]
store_ln38                     (store            ) [ 000]
specloopname_ln38              (specloopname     ) [ 000]
range_dop_map_M_value_load     (load             ) [ 000]
range_dop_map_M_value_1_load   (load             ) [ 000]
range_dop_map_M_value_load_1   (load             ) [ 000]
range_dop_map_M_value_1_load_1 (load             ) [ 000]
store_ln40                     (store            ) [ 000]
store_ln40                     (store            ) [ 000]
store_ln41                     (store            ) [ 000]
store_ln41                     (store            ) [ 000]
br_ln38                        (br               ) [ 000]
ret_ln0                        (ret              ) [ 000]
</LifeTime>

<model>

<comp_list>
<comp id="0" class="1000" name="range_dop_map_M_value">
<pin_list>
<pin id="1" dir="1" index="0" bw="1" slack="0"/>
</pin_list>
<bind>
<StgValue><ssdm name="range_dop_map_M_value"/><MemPortTyVec>2 2 </MemPortTyVec>
</StgValue>
</bind>
</comp>

<comp id="2" class="1000" name="range_dop_map_M_value_1">
<pin_list>
<pin id="3" dir="1" index="0" bw="1" slack="0"/>
</pin_list>
<bind>
<StgValue><ssdm name="range_dop_map_M_value_1"/><MemPortTyVec>2 2 </MemPortTyVec>
</StgValue>
</bind>
</comp>

<comp id="4" class="1001" name="const_4">
<pin_list>
<pin id="5" dir="1" index="0" bw="1" slack="0"/>
</pin_list>
<bind>
<StgValue><ssdm name=""/></StgValue>
</bind>
</comp>

<comp id="6" class="1001" name="const_6">
<pin_list>
<pin id="7" dir="1" index="0" bw="1" slack="0"/>
</pin_list>
<bind>
<StgValue><ssdm name=""/></StgValue>
</bind>
</comp>

<comp id="8" class="1001" name="const_8">
<pin_list>
<pin id="9" dir="1" index="0" bw="1" slack="2147483647"/>
</pin_list>
<bind>
<StgValue><ssdm name="_ssdm_op_SpecPipeline"/></StgValue>
</bind>
</comp>

<comp id="10" class="1001" name="const_10">
<pin_list>
<pin id="11" dir="1" index="0" bw="1" slack="2147483647"/>
</pin_list>
<bind>
<StgValue><ssdm name=""/></StgValue>
</bind>
</comp>

<comp id="12" class="1001" name="const_12">
<pin_list>
<pin id="13" dir="1" index="0" bw="1" slack="2147483647"/>
</pin_list>
<bind>
<StgValue><ssdm name=""/></StgValue>
</bind>
</comp>

<comp id="14" class="1001" name="const_14">
<pin_list>
<pin id="15" dir="1" index="0" bw="1" slack="2147483647"/>
</pin_list>
<bind>
<StgValue><ssdm name="p_str"/></StgValue>
</bind>
</comp>

<comp id="16" class="1001" name="const_16">
<pin_list>
<pin id="17" dir="1" index="0" bw="1" slack="0"/>
</pin_list>
<bind>
<StgValue><ssdm name=""/></StgValue>
</bind>
</comp>

<comp id="18" class="1001" name="const_18">
<pin_list>
<pin id="19" dir="1" index="0" bw="1" slack="2147483647"/>
</pin_list>
<bind>
<StgValue><ssdm name="_ssdm_op_SpecLoopTripCount"/></StgValue>
</bind>
</comp>

<comp id="20" class="1001" name="const_20">
<pin_list>
<pin id="21" dir="1" index="0" bw="1" slack="2147483647"/>
</pin_list>
<bind>
<StgValue><ssdm name=""/></StgValue>
</bind>
</comp>

<comp id="22" class="1001" name="const_22">
<pin_list>
<pin id="23" dir="1" index="0" bw="1" slack="0"/>
</pin_list>
<bind>
<StgValue><ssdm name=""/></StgValue>
</bind>
</comp>

<comp id="24" class="1001" name="const_24">
<pin_list>
<pin id="25" dir="1" index="0" bw="1" slack="0"/>
</pin_list>
<bind>
<StgValue><ssdm name=""/></StgValue>
</bind>
</comp>

<comp id="26" class="1001" name="const_26">
<pin_list>
<pin id="27" dir="1" index="0" bw="1" slack="2147483647"/>
</pin_list>
<bind>
<StgValue><ssdm name="_ssdm_op_SpecLoopName"/></StgValue>
</bind>
</comp>

<comp id="28" class="1001" name="const_28">
<pin_list>
<pin id="29" dir="1" index="0" bw="1" slack="2147483647"/>
</pin_list>
<bind>
<StgValue><ssdm name="empty"/></StgValue>
</bind>
</comp>

<comp id="30" class="1004" name="i_1_fu_30">
<pin_list>
<pin id="31" dir="0" index="0" bw="1" slack="0"/>
<pin id="32" dir="1" index="1" bw="8" slack="0"/>
</pin_list>
<bind>
<opcode="alloca(26) " fcode="alloca"/>
<opset="i_1/1 "/>
</bind>
</comp>

<comp id="34" class="1004" name="range_dop_map_M_value_addr_gep_fu_34">
<pin_list>
<pin id="35" dir="0" index="0" bw="32" slack="0"/>
<pin id="36" dir="0" index="1" bw="1" slack="0"/>
<pin id="37" dir="0" index="2" bw="8" slack="0"/>
<pin id="38" dir="1" index="3" bw="8" slack="0"/>
</pin_list>
<bind>
<opcode="getelementptr(29) " fcode="getelementptr"/>
<opset="range_dop_map_M_value_addr/1 "/>
</bind>
</comp>

<comp id="41" class="1004" name="grp_access_fu_41">
<pin_list>
<pin id="42" dir="0" index="0" bw="8" slack="0"/>
<pin id="43" dir="0" index="1" bw="32" slack="0"/>
<pin id="44" dir="0" index="2" bw="0" slack="0"/>
<pin id="46" dir="0" index="4" bw="8" slack="0"/>
<pin id="47" dir="0" index="5" bw="32" slack="2147483647"/>
<pin id="48" dir="0" index="6" bw="0" slack="2147483647"/>
<pin id="45" dir="1" index="3" bw="32" slack="0"/>
<pin id="49" dir="1" index="7" bw="32" slack="0"/>
</pin_list>
<bind>
<opcode="load(27) store(28) " fcode="store"/>
<opset="range_dop_map_M_value_load/1 range_dop_map_M_value_load_1/1 store_ln40/2 store_ln41/2 "/>
</bind>
</comp>

<comp id="51" class="1004" name="range_dop_map_M_value_1_addr_gep_fu_51">
<pin_list>
<pin id="52" dir="0" index="0" bw="32" slack="0"/>
<pin id="53" dir="0" index="1" bw="1" slack="0"/>
<pin id="54" dir="0" index="2" bw="8" slack="0"/>
<pin id="55" dir="1" index="3" bw="8" slack="0"/>
</pin_list>
<bind>
<opcode="getelementptr(29) " fcode="getelementptr"/>
<opset="range_dop_map_M_value_1_addr/1 "/>
</bind>
</comp>

<comp id="58" class="1004" name="grp_access_fu_58">
<pin_list>
<pin id="59" dir="0" index="0" bw="8" slack="0"/>
<pin id="60" dir="0" index="1" bw="32" slack="0"/>
<pin id="61" dir="0" index="2" bw="0" slack="0"/>
<pin id="63" dir="0" index="4" bw="8" slack="0"/>
<pin id="64" dir="0" index="5" bw="32" slack="2147483647"/>
<pin id="65" dir="0" index="6" bw="0" slack="2147483647"/>
<pin id="62" dir="1" index="3" bw="32" slack="0"/>
<pin id="66" dir="1" index="7" bw="32" slack="0"/>
</pin_list>
<bind>
<opcode="load(27) store(28) " fcode="store"/>
<opset="range_dop_map_M_value_1_load/1 range_dop_map_M_value_1_load_1/1 store_ln40/2 store_ln41/2 "/>
</bind>
</comp>

<comp id="68" class="1004" name="range_dop_map_M_value_addr_1_gep_fu_68">
<pin_list>
<pin id="69" dir="0" index="0" bw="32" slack="0"/>
<pin id="70" dir="0" index="1" bw="1" slack="0"/>
<pin id="71" dir="0" index="2" bw="8" slack="0"/>
<pin id="72" dir="1" index="3" bw="8" slack="0"/>
</pin_list>
<bind>
<opcode="getelementptr(29) " fcode="getelementptr"/>
<opset="range_dop_map_M_value_addr_1/1 "/>
</bind>
</comp>

<comp id="76" class="1004" name="range_dop_map_M_value_1_addr_1_gep_fu_76">
<pin_list>
<pin id="77" dir="0" index="0" bw="32" slack="0"/>
<pin id="78" dir="0" index="1" bw="1" slack="0"/>
<pin id="79" dir="0" index="2" bw="8" slack="0"/>
<pin id="80" dir="1" index="3" bw="8" slack="0"/>
</pin_list>
<bind>
<opcode="getelementptr(29) " fcode="getelementptr"/>
<opset="range_dop_map_M_value_1_addr_1/1 "/>
</bind>
</comp>

<comp id="88" class="1004" name="store_ln0_store_fu_88">
<pin_list>
<pin id="89" dir="0" index="0" bw="1" slack="0"/>
<pin id="90" dir="0" index="1" bw="8" slack="0"/>
<pin id="91" dir="1" index="2" bw="0" slack="2147483647"/>
</pin_list>
<bind>
<opcode="store(28) " fcode="store"/>
<opset="store_ln0/1 "/>
</bind>
</comp>

<comp id="93" class="1004" name="i_load_fu_93">
<pin_list>
<pin id="94" dir="0" index="0" bw="8" slack="0"/>
<pin id="95" dir="1" index="1" bw="8" slack="0"/>
</pin_list>
<bind>
<opcode="load(27) " fcode="load"/>
<opset="i/1 "/>
</bind>
</comp>

<comp id="96" class="1004" name="icmp_ln38_fu_96">
<pin_list>
<pin id="97" dir="0" index="0" bw="8" slack="0"/>
<pin id="98" dir="0" index="1" bw="8" slack="0"/>
<pin id="99" dir="1" index="2" bw="1" slack="2147483647"/>
</pin_list>
<bind>
<opcode="icmp(45) " fcode="icmp"/>
<opset="icmp_ln38/1 "/>
</bind>
</comp>

<comp id="102" class="1004" name="add_ln38_fu_102">
<pin_list>
<pin id="103" dir="0" index="0" bw="8" slack="0"/>
<pin id="104" dir="0" index="1" bw="1" slack="0"/>
<pin id="105" dir="1" index="2" bw="8" slack="0"/>
</pin_list>
<bind>
<opcode="add(8) " fcode="add"/>
<opset="add_ln38/1 "/>
</bind>
</comp>

<comp id="108" class="1004" name="i_1_cast_fu_108">
<pin_list>
<pin id="109" dir="0" index="0" bw="8" slack="0"/>
<pin id="110" dir="1" index="1" bw="64" slack="0"/>
</pin_list>
<bind>
<opcode="zext(34) " fcode="zext"/>
<opset="i_1_cast/1 "/>
</bind>
</comp>

<comp id="114" class="1004" name="xor_ln40_fu_114">
<pin_list>
<pin id="115" dir="0" index="0" bw="8" slack="0"/>
<pin id="116" dir="0" index="1" bw="8" slack="0"/>
<pin id="117" dir="1" index="2" bw="8" slack="0"/>
</pin_list>
<bind>
<opcode="xor(25) " fcode="xor"/>
<opset="xor_ln40/1 "/>
</bind>
</comp>

<comp id="120" class="1004" name="zext_ln40_fu_120">
<pin_list>
<pin id="121" dir="0" index="0" bw="8" slack="0"/>
<pin id="122" dir="1" index="1" bw="64" slack="0"/>
</pin_list>
<bind>
<opcode="zext(34) " fcode="zext"/>
<opset="zext_ln40/1 "/>
</bind>
</comp>

<comp id="126" class="1004" name="store_ln38_store_fu_126">
<pin_list>
<pin id="127" dir="0" index="0" bw="8" slack="0"/>
<pin id="128" dir="0" index="1" bw="8" slack="0"/>
<pin id="129" dir="1" index="2" bw="0" slack="2147483647"/>
</pin_list>
<bind>
<opcode="store(28) " fcode="store"/>
<opset="store_ln38/1 "/>
</bind>
</comp>

<comp id="131" class="1005" name="i_1_reg_131">
<pin_list>
<pin id="132" dir="0" index="0" bw="8" slack="0"/>
<pin id="133" dir="1" index="1" bw="8" slack="0"/>
</pin_list>
<bind>
<opset="i_1 "/>
</bind>
</comp>

<comp id="141" class="1005" name="range_dop_map_M_value_addr_reg_141">
<pin_list>
<pin id="142" dir="0" index="0" bw="8" slack="1"/>
<pin id="143" dir="1" index="1" bw="8" slack="1"/>
</pin_list>
<bind>
<opset="range_dop_map_M_value_addr "/>
</bind>
</comp>

<comp id="146" class="1005" name="range_dop_map_M_value_1_addr_reg_146">
<pin_list>
<pin id="147" dir="0" index="0" bw="8" slack="1"/>
<pin id="148" dir="1" index="1" bw="8" slack="1"/>
</pin_list>
<bind>
<opset="range_dop_map_M_value_1_addr "/>
</bind>
</comp>

<comp id="151" class="1005" name="range_dop_map_M_value_addr_1_reg_151">
<pin_list>
<pin id="152" dir="0" index="0" bw="8" slack="1"/>
<pin id="153" dir="1" index="1" bw="8" slack="1"/>
</pin_list>
<bind>
<opset="range_dop_map_M_value_addr_1 "/>
</bind>
</comp>

<comp id="156" class="1005" name="range_dop_map_M_value_1_addr_1_reg_156">
<pin_list>
<pin id="157" dir="0" index="0" bw="8" slack="1"/>
<pin id="158" dir="1" index="1" bw="8" slack="1"/>
</pin_list>
<bind>
<opset="range_dop_map_M_value_1_addr_1 "/>
</bind>
</comp>

</comp_list>

<net_list>
<net id="33"><net_src comp="4" pin="0"/><net_sink comp="30" pin=0"/></net>

<net id="39"><net_src comp="0" pin="0"/><net_sink comp="34" pin=0"/></net>

<net id="40"><net_src comp="24" pin="0"/><net_sink comp="34" pin=1"/></net>

<net id="50"><net_src comp="34" pin="3"/><net_sink comp="41" pin=2"/></net>

<net id="56"><net_src comp="2" pin="0"/><net_sink comp="51" pin=0"/></net>

<net id="57"><net_src comp="24" pin="0"/><net_sink comp="51" pin=1"/></net>

<net id="67"><net_src comp="51" pin="3"/><net_sink comp="58" pin=2"/></net>

<net id="73"><net_src comp="0" pin="0"/><net_sink comp="68" pin=0"/></net>

<net id="74"><net_src comp="24" pin="0"/><net_sink comp="68" pin=1"/></net>

<net id="75"><net_src comp="68" pin="3"/><net_sink comp="41" pin=0"/></net>

<net id="81"><net_src comp="2" pin="0"/><net_sink comp="76" pin=0"/></net>

<net id="82"><net_src comp="24" pin="0"/><net_sink comp="76" pin=1"/></net>

<net id="83"><net_src comp="76" pin="3"/><net_sink comp="58" pin=0"/></net>

<net id="84"><net_src comp="41" pin="3"/><net_sink comp="41" pin=4"/></net>

<net id="85"><net_src comp="58" pin="3"/><net_sink comp="58" pin=4"/></net>

<net id="86"><net_src comp="41" pin="7"/><net_sink comp="41" pin=1"/></net>

<net id="87"><net_src comp="58" pin="7"/><net_sink comp="58" pin=1"/></net>

<net id="92"><net_src comp="6" pin="0"/><net_sink comp="88" pin=0"/></net>

<net id="100"><net_src comp="93" pin="1"/><net_sink comp="96" pin=0"/></net>

<net id="101"><net_src comp="16" pin="0"/><net_sink comp="96" pin=1"/></net>

<net id="106"><net_src comp="93" pin="1"/><net_sink comp="102" pin=0"/></net>

<net id="107"><net_src comp="22" pin="0"/><net_sink comp="102" pin=1"/></net>

<net id="111"><net_src comp="93" pin="1"/><net_sink comp="108" pin=0"/></net>

<net id="112"><net_src comp="108" pin="1"/><net_sink comp="34" pin=2"/></net>

<net id="113"><net_src comp="108" pin="1"/><net_sink comp="51" pin=2"/></net>

<net id="118"><net_src comp="93" pin="1"/><net_sink comp="114" pin=0"/></net>

<net id="119"><net_src comp="16" pin="0"/><net_sink comp="114" pin=1"/></net>

<net id="123"><net_src comp="114" pin="2"/><net_sink comp="120" pin=0"/></net>

<net id="124"><net_src comp="120" pin="1"/><net_sink comp="68" pin=2"/></net>

<net id="125"><net_src comp="120" pin="1"/><net_sink comp="76" pin=2"/></net>

<net id="130"><net_src comp="102" pin="2"/><net_sink comp="126" pin=0"/></net>

<net id="134"><net_src comp="30" pin="1"/><net_sink comp="131" pin=0"/></net>

<net id="135"><net_src comp="131" pin="1"/><net_sink comp="88" pin=1"/></net>

<net id="136"><net_src comp="131" pin="1"/><net_sink comp="93" pin=0"/></net>

<net id="137"><net_src comp="131" pin="1"/><net_sink comp="126" pin=1"/></net>

<net id="144"><net_src comp="34" pin="3"/><net_sink comp="141" pin=0"/></net>

<net id="145"><net_src comp="141" pin="1"/><net_sink comp="41" pin=2"/></net>

<net id="149"><net_src comp="51" pin="3"/><net_sink comp="146" pin=0"/></net>

<net id="150"><net_src comp="146" pin="1"/><net_sink comp="58" pin=2"/></net>

<net id="154"><net_src comp="68" pin="3"/><net_sink comp="151" pin=0"/></net>

<net id="155"><net_src comp="151" pin="1"/><net_sink comp="41" pin=0"/></net>

<net id="159"><net_src comp="76" pin="3"/><net_sink comp="156" pin=0"/></net>

<net id="160"><net_src comp="156" pin="1"/><net_sink comp="58" pin=0"/></net>

</net_list>

</model> 
---------------- Datapath Model END ------------------

* FSMD analyzer results:
  - Output states:
	Port: range_dop_map_M_value | {2 }
	Port: range_dop_map_M_value_1 | {2 }
 - Input state : 
	Port: doppler_fft_256_Pipeline_VITIS_LOOP_38_1 : range_dop_map_M_value | {1 2 }
	Port: doppler_fft_256_Pipeline_VITIS_LOOP_38_1 : range_dop_map_M_value_1 | {1 2 }
  - Chain level:
	State 1
		store_ln0 : 1
		i : 1
		icmp_ln38 : 2
		add_ln38 : 2
		br_ln38 : 3
		i_1_cast : 2
		range_dop_map_M_value_addr : 3
		range_dop_map_M_value_load : 4
		range_dop_map_M_value_1_addr : 3
		range_dop_map_M_value_1_load : 4
		xor_ln40 : 2
		zext_ln40 : 2
		range_dop_map_M_value_addr_1 : 3
		range_dop_map_M_value_load_1 : 4
		range_dop_map_M_value_1_addr_1 : 3
		range_dop_map_M_value_1_load_1 : 4
		store_ln38 : 3
	State 2
		store_ln40 : 1
		store_ln40 : 1
		store_ln41 : 1
		store_ln41 : 1


============================================================
+ Verbose Summary: Datapath Resource usage 
============================================================

* Functional unit list:
|----------|------------------|---------|---------|
| Operation|  Functional Unit |    FF   |   LUT   |
|----------|------------------|---------|---------|
|    add   |  add_ln38_fu_102 |    0    |    15   |
|----------|------------------|---------|---------|
|   icmp   |  icmp_ln38_fu_96 |    0    |    11   |
|----------|------------------|---------|---------|
|    xor   |  xor_ln40_fu_114 |    0    |    8    |
|----------|------------------|---------|---------|
|   zext   |  i_1_cast_fu_108 |    0    |    0    |
|          | zext_ln40_fu_120 |    0    |    0    |
|----------|------------------|---------|---------|
|   Total  |                  |    0    |    34   |
|----------|------------------|---------|---------|

Memories:
N/A

* Register list:
+--------------------------------------+--------+
|                                      |   FF   |
+--------------------------------------+--------+
|              i_1_reg_131             |    8   |
|range_dop_map_M_value_1_addr_1_reg_156|    8   |
| range_dop_map_M_value_1_addr_reg_146 |    8   |
| range_dop_map_M_value_addr_1_reg_151 |    8   |
|  range_dop_map_M_value_addr_reg_141  |    8   |
+--------------------------------------+--------+
|                 Total                |   40   |
+--------------------------------------+--------+

* Multiplexer (MUX) list: 
|------------------|------|------|------|--------||---------||---------|
|       Comp       |  Pin | Size |  BW  | S x BW ||  Delay  ||   LUT   |
|------------------|------|------|------|--------||---------||---------|
| grp_access_fu_41 |  p0  |   2  |   8  |   16   ||    9    |
| grp_access_fu_41 |  p2  |   2  |   0  |    0   ||    9    |
| grp_access_fu_58 |  p0  |   2  |   8  |   16   ||    9    |
| grp_access_fu_58 |  p2  |   2  |   0  |    0   ||    9    |
|------------------|------|------|------|--------||---------||---------|
|       Total      |      |      |      |   32   ||  6.352  ||    36   |
|------------------|------|------|------|--------||---------||---------|



* Summary:
+-----------+--------+--------+--------+
|           |  Delay |   FF   |   LUT  |
+-----------+--------+--------+--------+
|  Function |    -   |    0   |   34   |
|   Memory  |    -   |    -   |    -   |
|Multiplexer|    6   |    -   |   36   |
|  Register |    -   |   40   |    -   |
+-----------+--------+--------+--------+
|   Total   |    6   |   40   |   70   |
+-----------+--------+--------+--------+
