

================================================================
== Vitis HLS Report for 'doppler_fft_256'
================================================================
* Date:           Tue Apr 28 15:48:53 2026

* Version:        2022.1 (Build 3526262 on Mon Apr 18 15:47:01 MDT 2022)
* Project:        doppler_fft_256
* Solution:       solution1 (Vivado IP Flow Target)
* Product family: zynq
* Target device:  xc7z020-clg484-1


================================================================
== Performance Estimates
================================================================
+ Timing: 
    * Summary: 
    +--------+----------+----------+------------+
    |  Clock |  Target  | Estimated| Uncertainty|
    +--------+----------+----------+------------+
    |ap_clk  |  10.00 ns|  7.256 ns|     2.70 ns|
    +--------+----------+----------+------------+

+ Latency: 
    * Summary: 
    +---------+---------+----------+----------+-----+-----+---------+
    |  Latency (cycles) |  Latency (absolute) |  Interval | Pipeline|
    |   min   |   max   |    min   |    max   | min | max |   Type  |
    +---------+---------+----------+----------+-----+-----+---------+
    |        ?|        ?|         ?|         ?|    ?|    ?|       no|
    +---------+---------+----------+----------+-----+-----+---------+

    + Detail: 
        * Instance: 
        +-----------------------------------------------------+------------------------------------------+---------+---------+----------+----------+-----+-----+---------+
        |                                                     |                                          |  Latency (cycles) |  Latency (absolute) |  Interval | Pipeline|
        |                       Instance                      |                  Module                  |   min   |   max   |    min   |    max   | min | max |   Type  |
        +-----------------------------------------------------+------------------------------------------+---------+---------+----------+----------+-----+-----+---------+
        |grp_doppler_fft_256_Pipeline_1_fu_100                |doppler_fft_256_Pipeline_1                |      257|      257|  2.570 us|  2.570 us|  257|  257|       no|
        |grp_doppler_fft_256_Pipeline_VITIS_LOOP_58_1_fu_106  |doppler_fft_256_Pipeline_VITIS_LOOP_58_1  |      258|      258|  2.580 us|  2.580 us|  258|  258|       no|
        |grp_fft_fast_fu_120                                  |fft_fast                                  |        ?|        ?|         ?|         ?|    ?|    ?|       no|
        |grp_doppler_fft_256_Pipeline_VITIS_LOOP_38_1_fu_132  |doppler_fft_256_Pipeline_VITIS_LOOP_38_1  |      258|      258|  2.580 us|  2.580 us|  258|  258|       no|
        |grp_doppler_fft_256_Pipeline_VITIS_LOOP_66_2_fu_138  |doppler_fft_256_Pipeline_VITIS_LOOP_66_2  |      258|      258|  2.580 us|  2.580 us|  258|  258|       no|
        +-----------------------------------------------------+------------------------------------------+---------+---------+----------+----------+-----+-----+---------+

        * Loop: 
        N/A



================================================================
== Utilization Estimates
================================================================
* Summary: 
+-----------------+---------+-----+--------+-------+-----+
|       Name      | BRAM_18K| DSP |   FF   |  LUT  | URAM|
+-----------------+---------+-----+--------+-------+-----+
|DSP              |        -|    -|       -|      -|    -|
|Expression       |        -|    -|       0|      2|    -|
|FIFO             |        -|    -|       -|      -|    -|
|Instance         |        3|   16|    1889|   3336|    -|
|Memory           |        4|    -|       0|      0|    0|
|Multiplexer      |        -|    -|       -|    458|    -|
|Register         |        -|    -|      17|      -|    -|
+-----------------+---------+-----+--------+-------+-----+
|Total            |        7|   16|    1906|   3796|    0|
+-----------------+---------+-----+--------+-------+-----+
|Available        |      280|  220|  106400|  53200|    0|
+-----------------+---------+-----+--------+-------+-----+
|Utilization (%)  |        2|    7|       1|      7|    0|
+-----------------+---------+-----+--------+-------+-----+

+ Detail: 
    * Instance: 
    +-----------------------------------------------------+------------------------------------------+---------+----+------+------+-----+
    |                       Instance                      |                  Module                  | BRAM_18K| DSP|  FF  |  LUT | URAM|
    +-----------------------------------------------------+------------------------------------------+---------+----+------+------+-----+
    |grp_doppler_fft_256_Pipeline_1_fu_100                |doppler_fft_256_Pipeline_1                |        0|   0|    10|    53|    0|
    |grp_doppler_fft_256_Pipeline_VITIS_LOOP_38_1_fu_132  |doppler_fft_256_Pipeline_VITIS_LOOP_38_1  |        0|   0|    43|   132|    0|
    |grp_doppler_fft_256_Pipeline_VITIS_LOOP_58_1_fu_106  |doppler_fft_256_Pipeline_VITIS_LOOP_58_1  |        0|   0|    11|    65|    0|
    |grp_doppler_fft_256_Pipeline_VITIS_LOOP_66_2_fu_138  |doppler_fft_256_Pipeline_VITIS_LOOP_66_2  |        0|   0|    13|    85|    0|
    |grp_fft_fast_fu_120                                  |fft_fast                                  |        3|  16|  1812|  3001|    0|
    +-----------------------------------------------------+------------------------------------------+---------+----+------+------+-----+
    |Total                                                |                                          |        3|  16|  1889|  3336|    0|
    +-----------------------------------------------------+------------------------------------------+---------+----+------+------+-----+

    * DSP: 
    N/A

    * Memory: 
    +---------------------------+-------------------------------------+---------+---+----+-----+------+-----+------+-------------+
    |           Memory          |                Module               | BRAM_18K| FF| LUT| URAM| Words| Bits| Banks| W*Bits*Banks|
    +---------------------------+-------------------------------------+---------+---+----+-----+------+-----+------+-------------+
    |range_dop_map_M_value_U    |range_dop_map_M_value_RAM_AUTO_1R1W  |        2|  0|   0|    0|   256|   32|     1|         8192|
    |range_dop_map_M_value_1_U  |range_dop_map_M_value_RAM_AUTO_1R1W  |        2|  0|   0|    0|   256|   32|     1|         8192|
    +---------------------------+-------------------------------------+---------+---+----+-----+------+-----+------+-------------+
    |Total                      |                                     |        4|  0|   0|    0|   512|   64|     2|        16384|
    +---------------------------+-------------------------------------+---------+---+----+-----+------+-----+------+-------------+

    * FIFO: 
    N/A

    * Expression: 
    +---------------------------------------------------------------------+----------+----+---+----+------------+------------+
    |                            Variable Name                            | Operation| DSP| FF| LUT| Bitwidth P0| Bitwidth P1|
    +---------------------------------------------------------------------+----------+----+---+----+------------+------------+
    |grp_doppler_fft_256_Pipeline_VITIS_LOOP_66_2_fu_138_output_r_TREADY  |       and|   0|  0|   2|           1|           1|
    +---------------------------------------------------------------------+----------+----+---+----+------------+------------+
    |Total                                                                |          |   0|  0|   2|           1|           1|
    +---------------------------------------------------------------------+----------+----+---+----+------------+------------+

    * Multiplexer: 
    +----------------------------------+----+-----------+-----+-----------+
    |               Name               | LUT| Input Size| Bits| Total Bits|
    +----------------------------------+----+-----------+-----+-----------+
    |ap_NS_fsm                         |  65|         13|    1|         13|
    |input_r_TREADY_int_regslice       |   9|          2|    1|          2|
    |range_dop_map_M_value_1_address0  |  37|          7|    8|         56|
    |range_dop_map_M_value_1_address1  |  14|          3|    8|         24|
    |range_dop_map_M_value_1_ce0       |  37|          7|    1|          7|
    |range_dop_map_M_value_1_ce1       |  14|          3|    1|          3|
    |range_dop_map_M_value_1_d0        |  31|          6|   32|        192|
    |range_dop_map_M_value_1_d1        |  14|          3|   32|         96|
    |range_dop_map_M_value_1_we0       |  31|          6|    1|          6|
    |range_dop_map_M_value_1_we1       |  14|          3|    1|          3|
    |range_dop_map_M_value_address0    |  37|          7|    8|         56|
    |range_dop_map_M_value_address1    |  14|          3|    8|         24|
    |range_dop_map_M_value_ce0         |  37|          7|    1|          7|
    |range_dop_map_M_value_ce1         |  14|          3|    1|          3|
    |range_dop_map_M_value_d0          |  31|          6|   32|        192|
    |range_dop_map_M_value_d1          |  14|          3|   32|         96|
    |range_dop_map_M_value_we0         |  31|          6|    1|          6|
    |range_dop_map_M_value_we1         |  14|          3|    1|          3|
    +----------------------------------+----+-----------+-----+-----------+
    |Total                             | 458|         91|  170|        789|
    +----------------------------------+----+-----------+-----+-----------+

    * Register: 
    +------------------------------------------------------------------+----+----+-----+-----------+
    |                               Name                               | FF | LUT| Bits| Const Bits|
    +------------------------------------------------------------------+----+----+-----+-----------+
    |ap_CS_fsm                                                         |  12|   0|   12|          0|
    |grp_doppler_fft_256_Pipeline_1_fu_100_ap_start_reg                |   1|   0|    1|          0|
    |grp_doppler_fft_256_Pipeline_VITIS_LOOP_38_1_fu_132_ap_start_reg  |   1|   0|    1|          0|
    |grp_doppler_fft_256_Pipeline_VITIS_LOOP_58_1_fu_106_ap_start_reg  |   1|   0|    1|          0|
    |grp_doppler_fft_256_Pipeline_VITIS_LOOP_66_2_fu_138_ap_start_reg  |   1|   0|    1|          0|
    |grp_fft_fast_fu_120_ap_start_reg                                  |   1|   0|    1|          0|
    +------------------------------------------------------------------+----+----+-----+-----------+
    |Total                                                             |  17|   0|   17|          0|
    +------------------------------------------------------------------+----+----+-----+-----------+



================================================================
== Interface
================================================================
* Summary: 
+-----------------+-----+-----+--------------+-------------------+--------------+
|    RTL Ports    | Dir | Bits|   Protocol   |   Source Object   |    C Type    |
+-----------------+-----+-----+--------------+-------------------+--------------+
|ap_clk           |   in|    1|  ap_ctrl_none|    doppler_fft_256|  return value|
|ap_rst_n         |   in|    1|  ap_ctrl_none|    doppler_fft_256|  return value|
|input_r_TDATA    |   in|   64|          axis|   input_r_V_data_V|       pointer|
|input_r_TVALID   |   in|    1|          axis|   input_r_V_last_V|       pointer|
|input_r_TREADY   |  out|    1|          axis|   input_r_V_last_V|       pointer|
|input_r_TLAST    |   in|    1|          axis|   input_r_V_last_V|       pointer|
|input_r_TKEEP    |   in|    8|          axis|   input_r_V_keep_V|       pointer|
|input_r_TSTRB    |   in|    8|          axis|   input_r_V_strb_V|       pointer|
|output_r_TDATA   |  out|   64|          axis|  output_r_V_data_V|       pointer|
|output_r_TVALID  |  out|    1|          axis|  output_r_V_last_V|       pointer|
|output_r_TREADY  |   in|    1|          axis|  output_r_V_last_V|       pointer|
|output_r_TLAST   |  out|    1|          axis|  output_r_V_last_V|       pointer|
|output_r_TKEEP   |  out|    8|          axis|  output_r_V_keep_V|       pointer|
|output_r_TSTRB   |  out|    8|          axis|  output_r_V_strb_V|       pointer|
+-----------------+-----+-----+--------------+-------------------+--------------+

============================================================
+ Verbose Summary: Synthesis Manager
============================================================
InlineROM: 1
ExposeGlobal: 0
============================================================
+ Verbose Summary: CDFG Model
============================================================
IsTopModel: 1
ResetActiveHigh: 1
IsCombinational: 2
IsDatapathOnly: 2
HasWiredReturn: 1
HasMFsm: 0
HasVarLatency: 1
IsPipeline: 0
IsRtlPipelined: 0
IsInstanceOverlapped: 0
IsDontTouch: 0
HasImplIP: 0
IsGatedGlobalClock: 0


============================================================
+ Verbose Summary: Schedule
============================================================
* Number of FSM states : 12
* Pipeline : 0
* Dataflow Pipeline: 0

* FSM state transitions: 
1 --> 2 
2 --> 3 
3 --> 4 
4 --> 5 
5 --> 6 
6 --> 7 
7 --> 8 
8 --> 9 
9 --> 10 
10 --> 11 
11 --> 12 
12 --> 

* FSM state operations: 

State 1 <SV = 0> <Delay = 6.50>
ST_1 : Operation 13 [1/1] (3.25ns)   --->   "%range_dop_map_M_value = alloca i64 1" [doppler_fft_256/doppler.cpp:55]   --->   Operation 13 'alloca' 'range_dop_map_M_value' <Predicate = true> <Delay = 3.25> <CoreInst = "RAM">   --->   Core 82 'RAM' <Latency = 1> <II = 1> <Delay = 3.25> <Storage> <Opcode : 'load' 'store'> <Ports = 2> <Width = 32> <Depth = 256> <RAM>
ST_1 : Operation 14 [1/1] (3.25ns)   --->   "%range_dop_map_M_value_1 = alloca i64 1" [doppler_fft_256/doppler.cpp:55]   --->   Operation 14 'alloca' 'range_dop_map_M_value_1' <Predicate = true> <Delay = 3.25> <CoreInst = "RAM">   --->   Core 82 'RAM' <Latency = 1> <II = 1> <Delay = 3.25> <Storage> <Opcode : 'load' 'store'> <Ports = 2> <Width = 32> <Depth = 256> <RAM>
ST_1 : Operation 15 [1/1] (0.00ns)   --->   "%range_dop_map_M_value_addr = getelementptr i32 %range_dop_map_M_value, i64 0, i64 0"   --->   Operation 15 'getelementptr' 'range_dop_map_M_value_addr' <Predicate = true> <Delay = 0.00>
ST_1 : Operation 16 [1/1] (0.00ns)   --->   "%range_dop_map_M_value_1_addr = getelementptr i32 %range_dop_map_M_value_1, i64 0, i64 0"   --->   Operation 16 'getelementptr' 'range_dop_map_M_value_1_addr' <Predicate = true> <Delay = 0.00>
ST_1 : Operation 17 [1/1] (3.25ns)   --->   "%store_ln1081 = store i32 0, i8 %range_dop_map_M_value_addr"   --->   Operation 17 'store' 'store_ln1081' <Predicate = true> <Delay = 3.25> <CoreInst = "RAM">   --->   Core 82 'RAM' <Latency = 1> <II = 1> <Delay = 3.25> <Storage> <Opcode : 'load' 'store'> <Ports = 2> <Width = 32> <Depth = 256> <RAM>
ST_1 : Operation 18 [1/1] (3.25ns)   --->   "%store_ln1081 = store i32 0, i8 %range_dop_map_M_value_1_addr"   --->   Operation 18 'store' 'store_ln1081' <Predicate = true> <Delay = 3.25> <CoreInst = "RAM">   --->   Core 82 'RAM' <Latency = 1> <II = 1> <Delay = 3.25> <Storage> <Opcode : 'load' 'store'> <Ports = 2> <Width = 32> <Depth = 256> <RAM>

State 2 <SV = 1> <Delay = 0.00>
ST_2 : Operation 19 [2/2] (0.00ns)   --->   "%call_ln0 = call void @doppler_fft_256_Pipeline_1, i32 %range_dop_map_M_value, i32 %range_dop_map_M_value_1"   --->   Operation 19 'call' 'call_ln0' <Predicate = true> <Delay = 0.00> <CoreType = "Generic">   --->   Core 0 '' <Latency = 0> <II = 1> <Delay = 1.00> <Generic> <Opcode : >

State 3 <SV = 2> <Delay = 0.00>
ST_3 : Operation 20 [1/2] (0.00ns)   --->   "%call_ln0 = call void @doppler_fft_256_Pipeline_1, i32 %range_dop_map_M_value, i32 %range_dop_map_M_value_1"   --->   Operation 20 'call' 'call_ln0' <Predicate = true> <Delay = 0.00> <CoreType = "Generic">   --->   Core 0 '' <Latency = 0> <II = 1> <Delay = 1.00> <Generic> <Opcode : >

State 4 <SV = 3> <Delay = 3.25>
ST_4 : Operation 21 [1/1] (0.00ns)   --->   "%empty = wait i32 @_ssdm_op_Wait"   --->   Operation 21 'wait' 'empty' <Predicate = true> <Delay = 0.00>
ST_4 : Operation 22 [2/2] (3.25ns)   --->   "%call_ln0 = call void @doppler_fft_256_Pipeline_VITIS_LOOP_58_1, i64 %input_r_V_data_V, i8 %input_r_V_keep_V, i8 %input_r_V_strb_V, i1 %input_r_V_last_V, i32 %range_dop_map_M_value, i32 %range_dop_map_M_value_1"   --->   Operation 22 'call' 'call_ln0' <Predicate = true> <Delay = 3.25> <CoreType = "Generic">   --->   Core 0 '' <Latency = 0> <II = 1> <Delay = 1.00> <Generic> <Opcode : >

State 5 <SV = 4> <Delay = 0.00>
ST_5 : Operation 23 [1/2] (0.00ns)   --->   "%call_ln0 = call void @doppler_fft_256_Pipeline_VITIS_LOOP_58_1, i64 %input_r_V_data_V, i8 %input_r_V_keep_V, i8 %input_r_V_strb_V, i1 %input_r_V_last_V, i32 %range_dop_map_M_value, i32 %range_dop_map_M_value_1"   --->   Operation 23 'call' 'call_ln0' <Predicate = true> <Delay = 0.00> <CoreType = "Generic">   --->   Core 0 '' <Latency = 0> <II = 1> <Delay = 1.00> <Generic> <Opcode : >

State 6 <SV = 5> <Delay = 0.00>
ST_6 : Operation 24 [1/1] (0.00ns)   --->   "%empty_19 = wait i32 @_ssdm_op_Wait"   --->   Operation 24 'wait' 'empty_19' <Predicate = true> <Delay = 0.00>
ST_6 : Operation 25 [2/2] (0.00ns)   --->   "%call_ln63 = call void @fft_fast, i32 %range_dop_map_M_value, i32 %range_dop_map_M_value_1, i8 %br_lut, i32 %tw_M_value_1, i32 %tw_M_value" [doppler_fft_256/doppler.cpp:63]   --->   Operation 25 'call' 'call_ln63' <Predicate = true> <Delay = 0.00> <CoreType = "Generic">   --->   Core 0 '' <Latency = 0> <II = 1> <Delay = 1.00> <Generic> <Opcode : >

State 7 <SV = 6> <Delay = 0.00>
ST_7 : Operation 26 [1/2] (0.00ns)   --->   "%call_ln63 = call void @fft_fast, i32 %range_dop_map_M_value, i32 %range_dop_map_M_value_1, i8 %br_lut, i32 %tw_M_value_1, i32 %tw_M_value" [doppler_fft_256/doppler.cpp:63]   --->   Operation 26 'call' 'call_ln63' <Predicate = true> <Delay = 0.00> <CoreType = "Generic">   --->   Core 0 '' <Latency = 0> <II = 1> <Delay = 1.00> <Generic> <Opcode : >

State 8 <SV = 7> <Delay = 0.00>
ST_8 : Operation 27 [2/2] (0.00ns)   --->   "%call_ln0 = call void @doppler_fft_256_Pipeline_VITIS_LOOP_38_1, i32 %range_dop_map_M_value, i32 %range_dop_map_M_value_1"   --->   Operation 27 'call' 'call_ln0' <Predicate = true> <Delay = 0.00> <CoreType = "Generic">   --->   Core 0 '' <Latency = 0> <II = 1> <Delay = 1.00> <Generic> <Opcode : >

State 9 <SV = 8> <Delay = 0.00>
ST_9 : Operation 28 [1/2] (0.00ns)   --->   "%call_ln0 = call void @doppler_fft_256_Pipeline_VITIS_LOOP_38_1, i32 %range_dop_map_M_value, i32 %range_dop_map_M_value_1"   --->   Operation 28 'call' 'call_ln0' <Predicate = true> <Delay = 0.00> <CoreType = "Generic">   --->   Core 0 '' <Latency = 0> <II = 1> <Delay = 1.00> <Generic> <Opcode : >

State 10 <SV = 9> <Delay = 0.00>
ST_10 : Operation 29 [1/1] (0.00ns)   --->   "%empty_20 = wait i32 @_ssdm_op_Wait"   --->   Operation 29 'wait' 'empty_20' <Predicate = true> <Delay = 0.00>
ST_10 : Operation 30 [2/2] (0.00ns)   --->   "%call_ln0 = call void @doppler_fft_256_Pipeline_VITIS_LOOP_66_2, i32 %range_dop_map_M_value, i32 %range_dop_map_M_value_1, i64 %output_r_V_data_V, i8 %output_r_V_keep_V, i8 %output_r_V_strb_V, i1 %output_r_V_last_V"   --->   Operation 30 'call' 'call_ln0' <Predicate = true> <Delay = 0.00> <CoreType = "Generic">   --->   Core 0 '' <Latency = 0> <II = 1> <Delay = 1.00> <Generic> <Opcode : >

State 11 <SV = 10> <Delay = 3.25>
ST_11 : Operation 31 [1/2] (3.25ns)   --->   "%call_ln0 = call void @doppler_fft_256_Pipeline_VITIS_LOOP_66_2, i32 %range_dop_map_M_value, i32 %range_dop_map_M_value_1, i64 %output_r_V_data_V, i8 %output_r_V_keep_V, i8 %output_r_V_strb_V, i1 %output_r_V_last_V"   --->   Operation 31 'call' 'call_ln0' <Predicate = true> <Delay = 3.25> <CoreType = "Generic">   --->   Core 0 '' <Latency = 0> <II = 1> <Delay = 1.00> <Generic> <Opcode : >

State 12 <SV = 11> <Delay = 0.00>
ST_12 : Operation 32 [1/1] (0.00ns)   --->   "%spectopmodule_ln47 = spectopmodule void @_ssdm_op_SpecTopModule, void @empty_10" [doppler_fft_256/doppler.cpp:47]   --->   Operation 32 'spectopmodule' 'spectopmodule_ln47' <Predicate = true> <Delay = 0.00>
ST_12 : Operation 33 [1/1] (0.00ns)   --->   "%specinterface_ln47 = specinterface void @_ssdm_op_SpecInterface, i32 0, void @empty_1, i32 0, i32 0, void @empty_6, i32 0, i32 0, void @empty_6, void @empty_6, void @empty_6, i32 0, i32 0, i32 0, i32 0, void @empty_6, void @empty_6, i32 4294967295, i32 0" [doppler_fft_256/doppler.cpp:47]   --->   Operation 33 'specinterface' 'specinterface_ln47' <Predicate = true> <Delay = 0.00>
ST_12 : Operation 34 [1/1] (0.00ns)   --->   "%specinterface_ln0 = specinterface void @_ssdm_op_SpecInterface, i64 %input_r_V_data_V, i8 %input_r_V_keep_V, i8 %input_r_V_strb_V, i1 %input_r_V_last_V, void @empty_8, i32 1, i32 1, void @empty_7, i32 0, i32 0, void @empty_6, void @empty_6, void @empty_6, i32 0, i32 0, i32 0, i32 0, void @empty_6, void @empty_6, i32 4294967295, i32 0"   --->   Operation 34 'specinterface' 'specinterface_ln0' <Predicate = true> <Delay = 0.00>
ST_12 : Operation 35 [1/1] (0.00ns)   --->   "%specbitsmap_ln0 = specbitsmap void @_ssdm_op_SpecBitsMap, i64 %input_r_V_data_V"   --->   Operation 35 'specbitsmap' 'specbitsmap_ln0' <Predicate = true> <Delay = 0.00>
ST_12 : Operation 36 [1/1] (0.00ns)   --->   "%specbitsmap_ln0 = specbitsmap void @_ssdm_op_SpecBitsMap, i8 %input_r_V_keep_V"   --->   Operation 36 'specbitsmap' 'specbitsmap_ln0' <Predicate = true> <Delay = 0.00>
ST_12 : Operation 37 [1/1] (0.00ns)   --->   "%specbitsmap_ln0 = specbitsmap void @_ssdm_op_SpecBitsMap, i8 %input_r_V_strb_V"   --->   Operation 37 'specbitsmap' 'specbitsmap_ln0' <Predicate = true> <Delay = 0.00>
ST_12 : Operation 38 [1/1] (0.00ns)   --->   "%specbitsmap_ln0 = specbitsmap void @_ssdm_op_SpecBitsMap, i1 %input_r_V_last_V"   --->   Operation 38 'specbitsmap' 'specbitsmap_ln0' <Predicate = true> <Delay = 0.00>
ST_12 : Operation 39 [1/1] (0.00ns)   --->   "%specinterface_ln0 = specinterface void @_ssdm_op_SpecInterface, i64 %output_r_V_data_V, i8 %output_r_V_keep_V, i8 %output_r_V_strb_V, i1 %output_r_V_last_V, void @empty_8, i32 1, i32 1, void @empty_7, i32 0, i32 0, void @empty_6, void @empty_6, void @empty_6, i32 0, i32 0, i32 0, i32 0, void @empty_6, void @empty_6, i32 4294967295, i32 0"   --->   Operation 39 'specinterface' 'specinterface_ln0' <Predicate = true> <Delay = 0.00>
ST_12 : Operation 40 [1/1] (0.00ns)   --->   "%specbitsmap_ln0 = specbitsmap void @_ssdm_op_SpecBitsMap, i64 %output_r_V_data_V"   --->   Operation 40 'specbitsmap' 'specbitsmap_ln0' <Predicate = true> <Delay = 0.00>
ST_12 : Operation 41 [1/1] (0.00ns)   --->   "%specbitsmap_ln0 = specbitsmap void @_ssdm_op_SpecBitsMap, i8 %output_r_V_keep_V"   --->   Operation 41 'specbitsmap' 'specbitsmap_ln0' <Predicate = true> <Delay = 0.00>
ST_12 : Operation 42 [1/1] (0.00ns)   --->   "%specbitsmap_ln0 = specbitsmap void @_ssdm_op_SpecBitsMap, i8 %output_r_V_strb_V"   --->   Operation 42 'specbitsmap' 'specbitsmap_ln0' <Predicate = true> <Delay = 0.00>
ST_12 : Operation 43 [1/1] (0.00ns)   --->   "%specbitsmap_ln0 = specbitsmap void @_ssdm_op_SpecBitsMap, i1 %output_r_V_last_V"   --->   Operation 43 'specbitsmap' 'specbitsmap_ln0' <Predicate = true> <Delay = 0.00>
ST_12 : Operation 44 [1/1] (0.00ns)   --->   "%ret_ln75 = ret" [doppler_fft_256/doppler.cpp:75]   --->   Operation 44 'ret' 'ret_ln75' <Predicate = true> <Delay = 0.00>


============================================================
+ Verbose Summary: Binding
============================================================
STG Binding: 
---------------- STG Properties BEGIN ----------------
- Is combinational: 0
- Is one-state seq: 0
- Is datapath-only: 0
- Is pipelined: 0
- Is top level: 1
Port [ Return ] is wired: 1; IO mode=ap_ctrl_none:ce=0
Port [ input_r_V_data_V]:  wired=1; compound=1; hidden=0; nouse=0; global=0; static=0; extern=0; dir=0; type=0; pingpong=0; private_global=0; IO mode=axis:ce=0
Port [ input_r_V_keep_V]:  wired=1; compound=1; hidden=0; nouse=0; global=0; static=0; extern=0; dir=0; type=0; pingpong=0; private_global=0; IO mode=axis:ce=0
Port [ input_r_V_strb_V]:  wired=1; compound=1; hidden=0; nouse=0; global=0; static=0; extern=0; dir=0; type=0; pingpong=0; private_global=0; IO mode=axis:ce=0
Port [ input_r_V_last_V]:  wired=1; compound=1; hidden=0; nouse=0; global=0; static=0; extern=0; dir=0; type=0; pingpong=0; private_global=0; IO mode=axis:ce=0
Port [ output_r_V_data_V]:  wired=1; compound=1; hidden=0; nouse=0; global=0; static=0; extern=0; dir=1; type=0; pingpong=0; private_global=0; IO mode=axis:ce=0
Port [ output_r_V_keep_V]:  wired=1; compound=1; hidden=0; nouse=0; global=0; static=0; extern=0; dir=1; type=0; pingpong=0; private_global=0; IO mode=axis:ce=0
Port [ output_r_V_strb_V]:  wired=1; compound=1; hidden=0; nouse=0; global=0; static=0; extern=0; dir=1; type=0; pingpong=0; private_global=0; IO mode=axis:ce=0
Port [ output_r_V_last_V]:  wired=1; compound=1; hidden=0; nouse=0; global=0; static=0; extern=0; dir=1; type=0; pingpong=0; private_global=0; IO mode=axis:ce=0
Port [ br_lut]:  wired=0; compound=1; hidden=1; nouse=1; global=1; static=1; extern=0; dir=0; type=1; pingpong=0; private_global=0; MemPort=[1]; IO mode=ap_memory:ce=0
Port [ tw_M_value_1]:  wired=0; compound=1; hidden=1; nouse=1; global=1; static=1; extern=0; dir=0; type=1; pingpong=0; private_global=0; MemPort=[1]; IO mode=ap_memory:ce=0
Port [ tw_M_value]:  wired=0; compound=1; hidden=1; nouse=1; global=1; static=1; extern=0; dir=0; type=1; pingpong=0; private_global=0; MemPort=[1]; IO mode=ap_memory:ce=0
---------------- STG Properties END ------------------

---------------- Datapath Model BEGIN ----------------

<LifeTime>
<method=bitvector/>
range_dop_map_M_value        (alloca       ) [ 0011111111110]
range_dop_map_M_value_1      (alloca       ) [ 0011111111110]
range_dop_map_M_value_addr   (getelementptr) [ 0000000000000]
range_dop_map_M_value_1_addr (getelementptr) [ 0000000000000]
store_ln1081                 (store        ) [ 0000000000000]
store_ln1081                 (store        ) [ 0000000000000]
call_ln0                     (call         ) [ 0000000000000]
empty                        (wait         ) [ 0000000000000]
call_ln0                     (call         ) [ 0000000000000]
empty_19                     (wait         ) [ 0000000000000]
call_ln63                    (call         ) [ 0000000000000]
call_ln0                     (call         ) [ 0000000000000]
empty_20                     (wait         ) [ 0000000000000]
call_ln0                     (call         ) [ 0000000000000]
spectopmodule_ln47           (spectopmodule) [ 0000000000000]
specinterface_ln47           (specinterface) [ 0000000000000]
specinterface_ln0            (specinterface) [ 0000000000000]
specbitsmap_ln0              (specbitsmap  ) [ 0000000000000]
specbitsmap_ln0              (specbitsmap  ) [ 0000000000000]
specbitsmap_ln0              (specbitsmap  ) [ 0000000000000]
specbitsmap_ln0              (specbitsmap  ) [ 0000000000000]
specinterface_ln0            (specinterface) [ 0000000000000]
specbitsmap_ln0              (specbitsmap  ) [ 0000000000000]
specbitsmap_ln0              (specbitsmap  ) [ 0000000000000]
specbitsmap_ln0              (specbitsmap  ) [ 0000000000000]
specbitsmap_ln0              (specbitsmap  ) [ 0000000000000]
ret_ln75                     (ret          ) [ 0000000000000]
</LifeTime>

<model>

<comp_list>
<comp id="0" class="1000" name="input_r_V_data_V">
<pin_list>
<pin id="1" dir="1" index="0" bw="1" slack="0"/>
</pin_list>
<bind>
<StgValue><ssdm name="input_r_V_data_V"/></StgValue>
</bind>
</comp>

<comp id="2" class="1000" name="input_r_V_keep_V">
<pin_list>
<pin id="3" dir="1" index="0" bw="1" slack="0"/>
</pin_list>
<bind>
<StgValue><ssdm name="input_r_V_keep_V"/></StgValue>
</bind>
</comp>

<comp id="4" class="1000" name="input_r_V_strb_V">
<pin_list>
<pin id="5" dir="1" index="0" bw="1" slack="0"/>
</pin_list>
<bind>
<StgValue><ssdm name="input_r_V_strb_V"/></StgValue>
</bind>
</comp>

<comp id="6" class="1000" name="input_r_V_last_V">
<pin_list>
<pin id="7" dir="1" index="0" bw="1" slack="0"/>
</pin_list>
<bind>
<StgValue><ssdm name="input_r_V_last_V"/></StgValue>
</bind>
</comp>

<comp id="8" class="1000" name="output_r_V_data_V">
<pin_list>
<pin id="9" dir="1" index="0" bw="1" slack="0"/>
</pin_list>
<bind>
<StgValue><ssdm name="output_r_V_data_V"/></StgValue>
</bind>
</comp>

<comp id="10" class="1000" name="output_r_V_keep_V">
<pin_list>
<pin id="11" dir="1" index="0" bw="1" slack="0"/>
</pin_list>
<bind>
<StgValue><ssdm name="output_r_V_keep_V"/></StgValue>
</bind>
</comp>

<comp id="12" class="1000" name="output_r_V_strb_V">
<pin_list>
<pin id="13" dir="1" index="0" bw="1" slack="0"/>
</pin_list>
<bind>
<StgValue><ssdm name="output_r_V_strb_V"/></StgValue>
</bind>
</comp>

<comp id="14" class="1000" name="output_r_V_last_V">
<pin_list>
<pin id="15" dir="1" index="0" bw="1" slack="0"/>
</pin_list>
<bind>
<StgValue><ssdm name="output_r_V_last_V"/></StgValue>
</bind>
</comp>

<comp id="16" class="1000" name="br_lut">
<pin_list>
<pin id="17" dir="1" index="0" bw="1" slack="0"/>
</pin_list>
<bind>
<StgValue><ssdm name="br_lut"/><MemPortTyVec>1 </MemPortTyVec>
</StgValue>
</bind>
</comp>

<comp id="18" class="1000" name="tw_M_value_1">
<pin_list>
<pin id="19" dir="1" index="0" bw="1" slack="0"/>
</pin_list>
<bind>
<StgValue><ssdm name="tw_M_value_1"/><MemPortTyVec>1 </MemPortTyVec>
</StgValue>
</bind>
</comp>

<comp id="20" class="1000" name="tw_M_value">
<pin_list>
<pin id="21" dir="1" index="0" bw="1" slack="0"/>
</pin_list>
<bind>
<StgValue><ssdm name="tw_M_value"/><MemPortTyVec>1 </MemPortTyVec>
</StgValue>
</bind>
</comp>

<comp id="22" class="1001" name="const_22">
<pin_list>
<pin id="23" dir="1" index="0" bw="1" slack="0"/>
</pin_list>
<bind>
<StgValue><ssdm name=""/></StgValue>
</bind>
</comp>

<comp id="24" class="1001" name="const_24">
<pin_list>
<pin id="25" dir="1" index="0" bw="1" slack="0"/>
</pin_list>
<bind>
<StgValue><ssdm name=""/></StgValue>
</bind>
</comp>

<comp id="26" class="1001" name="const_26">
<pin_list>
<pin id="27" dir="1" index="0" bw="1" slack="0"/>
</pin_list>
<bind>
<StgValue><ssdm name=""/></StgValue>
</bind>
</comp>

<comp id="28" class="1001" name="const_28">
<pin_list>
<pin id="29" dir="1" index="0" bw="1" slack="0"/>
</pin_list>
<bind>
<StgValue><ssdm name="doppler_fft_256_Pipeline_1"/></StgValue>
</bind>
</comp>

<comp id="30" class="1001" name="const_30">
<pin_list>
<pin id="31" dir="1" index="0" bw="1" slack="2147483647"/>
</pin_list>
<bind>
<StgValue><ssdm name="_ssdm_op_Wait"/></StgValue>
</bind>
</comp>

<comp id="32" class="1001" name="const_32">
<pin_list>
<pin id="33" dir="1" index="0" bw="1" slack="0"/>
</pin_list>
<bind>
<StgValue><ssdm name="doppler_fft_256_Pipeline_VITIS_LOOP_58_1"/></StgValue>
</bind>
</comp>

<comp id="34" class="1001" name="const_34">
<pin_list>
<pin id="35" dir="1" index="0" bw="1" slack="0"/>
</pin_list>
<bind>
<StgValue><ssdm name="fft_fast"/></StgValue>
</bind>
</comp>

<comp id="36" class="1001" name="const_36">
<pin_list>
<pin id="37" dir="1" index="0" bw="1" slack="0"/>
</pin_list>
<bind>
<StgValue><ssdm name="doppler_fft_256_Pipeline_VITIS_LOOP_38_1"/></StgValue>
</bind>
</comp>

<comp id="38" class="1001" name="const_38">
<pin_list>
<pin id="39" dir="1" index="0" bw="1" slack="0"/>
</pin_list>
<bind>
<StgValue><ssdm name="doppler_fft_256_Pipeline_VITIS_LOOP_66_2"/></StgValue>
</bind>
</comp>

<comp id="40" class="1001" name="const_40">
<pin_list>
<pin id="41" dir="1" index="0" bw="1" slack="2147483647"/>
</pin_list>
<bind>
<StgValue><ssdm name="_ssdm_op_SpecTopModule"/></StgValue>
</bind>
</comp>

<comp id="42" class="1001" name="const_42">
<pin_list>
<pin id="43" dir="1" index="0" bw="1" slack="2147483647"/>
</pin_list>
<bind>
<StgValue><ssdm name="empty_10"/></StgValue>
</bind>
</comp>

<comp id="44" class="1001" name="const_44">
<pin_list>
<pin id="45" dir="1" index="0" bw="1" slack="2147483647"/>
</pin_list>
<bind>
<StgValue><ssdm name="_ssdm_op_SpecInterface"/></StgValue>
</bind>
</comp>

<comp id="46" class="1001" name="const_46">
<pin_list>
<pin id="47" dir="1" index="0" bw="1" slack="2147483647"/>
</pin_list>
<bind>
<StgValue><ssdm name=""/></StgValue>
</bind>
</comp>

<comp id="48" class="1001" name="const_48">
<pin_list>
<pin id="49" dir="1" index="0" bw="1" slack="2147483647"/>
</pin_list>
<bind>
<StgValue><ssdm name="empty_1"/></StgValue>
</bind>
</comp>

<comp id="50" class="1001" name="const_50">
<pin_list>
<pin id="51" dir="1" index="0" bw="1" slack="2147483647"/>
</pin_list>
<bind>
<StgValue><ssdm name="empty_6"/></StgValue>
</bind>
</comp>

<comp id="52" class="1001" name="const_52">
<pin_list>
<pin id="53" dir="1" index="0" bw="1" slack="2147483647"/>
</pin_list>
<bind>
<StgValue><ssdm name=""/></StgValue>
</bind>
</comp>

<comp id="54" class="1001" name="const_54">
<pin_list>
<pin id="55" dir="1" index="0" bw="1" slack="2147483647"/>
</pin_list>
<bind>
<StgValue><ssdm name="empty_8"/></StgValue>
</bind>
</comp>

<comp id="56" class="1001" name="const_56">
<pin_list>
<pin id="57" dir="1" index="0" bw="1" slack="2147483647"/>
</pin_list>
<bind>
<StgValue><ssdm name=""/></StgValue>
</bind>
</comp>

<comp id="58" class="1001" name="const_58">
<pin_list>
<pin id="59" dir="1" index="0" bw="1" slack="2147483647"/>
</pin_list>
<bind>
<StgValue><ssdm name="empty_7"/></StgValue>
</bind>
</comp>

<comp id="60" class="1001" name="const_60">
<pin_list>
<pin id="61" dir="1" index="0" bw="1" slack="2147483647"/>
</pin_list>
<bind>
<StgValue><ssdm name="_ssdm_op_SpecBitsMap"/></StgValue>
</bind>
</comp>

<comp id="62" class="1004" name="range_dop_map_M_value_alloca_fu_62">
<pin_list>
<pin id="63" dir="0" index="0" bw="1" slack="0"/>
<pin id="64" dir="1" index="1" bw="32" slack="0"/>
</pin_list>
<bind>
<opcode="alloca(26) " fcode="alloca"/>
<opset="range_dop_map_M_value/1 "/>
</bind>
</comp>

<comp id="66" class="1004" name="range_dop_map_M_value_1_alloca_fu_66">
<pin_list>
<pin id="67" dir="0" index="0" bw="1" slack="0"/>
<pin id="68" dir="1" index="1" bw="32" slack="0"/>
</pin_list>
<bind>
<opcode="alloca(26) " fcode="alloca"/>
<opset="range_dop_map_M_value_1/1 "/>
</bind>
</comp>

<comp id="70" class="1004" name="range_dop_map_M_value_addr_gep_fu_70">
<pin_list>
<pin id="71" dir="0" index="0" bw="32" slack="0"/>
<pin id="72" dir="0" index="1" bw="1" slack="0"/>
<pin id="73" dir="0" index="2" bw="1" slack="0"/>
<pin id="74" dir="1" index="3" bw="8" slack="0"/>
</pin_list>
<bind>
<opcode="getelementptr(29) " fcode="getelementptr"/>
<opset="range_dop_map_M_value_addr/1 "/>
</bind>
</comp>

<comp id="78" class="1004" name="range_dop_map_M_value_1_addr_gep_fu_78">
<pin_list>
<pin id="79" dir="0" index="0" bw="32" slack="0"/>
<pin id="80" dir="0" index="1" bw="1" slack="0"/>
<pin id="81" dir="0" index="2" bw="1" slack="0"/>
<pin id="82" dir="1" index="3" bw="8" slack="0"/>
</pin_list>
<bind>
<opcode="getelementptr(29) " fcode="getelementptr"/>
<opset="range_dop_map_M_value_1_addr/1 "/>
</bind>
</comp>

<comp id="86" class="1004" name="store_ln1081_access_fu_86">
<pin_list>
<pin id="87" dir="0" index="0" bw="8" slack="0"/>
<pin id="88" dir="0" index="1" bw="32" slack="0"/>
<pin id="89" dir="0" index="2" bw="0" slack="2147483647"/>
<pin id="90" dir="1" index="3" bw="32" slack="2147483647"/>
</pin_list>
<bind>
<opcode="store(28) " fcode="store"/>
<opset="store_ln1081/1 "/>
</bind>
</comp>

<comp id="93" class="1004" name="store_ln1081_access_fu_93">
<pin_list>
<pin id="94" dir="0" index="0" bw="8" slack="0"/>
<pin id="95" dir="0" index="1" bw="32" slack="0"/>
<pin id="96" dir="0" index="2" bw="0" slack="2147483647"/>
<pin id="97" dir="1" index="3" bw="32" slack="2147483647"/>
</pin_list>
<bind>
<opcode="store(28) " fcode="store"/>
<opset="store_ln1081/1 "/>
</bind>
</comp>

<comp id="100" class="1004" name="grp_doppler_fft_256_Pipeline_1_fu_100">
<pin_list>
<pin id="101" dir="0" index="0" bw="0" slack="0"/>
<pin id="102" dir="0" index="1" bw="32" slack="2147483647"/>
<pin id="103" dir="0" index="2" bw="32" slack="2147483647"/>
<pin id="104" dir="1" index="3" bw="0" slack="2147483647"/>
</pin_list>
<bind>
<opcode="call(48) " fcode="call"/>
<opset="call_ln0/2 "/>
</bind>
</comp>

<comp id="106" class="1004" name="grp_doppler_fft_256_Pipeline_VITIS_LOOP_58_1_fu_106">
<pin_list>
<pin id="107" dir="0" index="0" bw="0" slack="0"/>
<pin id="108" dir="0" index="1" bw="64" slack="0"/>
<pin id="109" dir="0" index="2" bw="8" slack="0"/>
<pin id="110" dir="0" index="3" bw="8" slack="0"/>
<pin id="111" dir="0" index="4" bw="1" slack="0"/>
<pin id="112" dir="0" index="5" bw="32" slack="2147483647"/>
<pin id="113" dir="0" index="6" bw="32" slack="2147483647"/>
<pin id="114" dir="1" index="7" bw="0" slack="2147483647"/>
</pin_list>
<bind>
<opcode="call(48) " fcode="call"/>
<opset="call_ln0/4 "/>
</bind>
</comp>

<comp id="120" class="1004" name="grp_fft_fast_fu_120">
<pin_list>
<pin id="121" dir="0" index="0" bw="0" slack="0"/>
<pin id="122" dir="0" index="1" bw="32" slack="2147483647"/>
<pin id="123" dir="0" index="2" bw="32" slack="2147483647"/>
<pin id="124" dir="0" index="3" bw="8" slack="0"/>
<pin id="125" dir="0" index="4" bw="32" slack="0"/>
<pin id="126" dir="0" index="5" bw="32" slack="0"/>
<pin id="127" dir="1" index="6" bw="0" slack="2147483647"/>
</pin_list>
<bind>
<opcode="call(48) " fcode="call"/>
<opset="call_ln63/6 "/>
</bind>
</comp>

<comp id="132" class="1004" name="grp_doppler_fft_256_Pipeline_VITIS_LOOP_38_1_fu_132">
<pin_list>
<pin id="133" dir="0" index="0" bw="0" slack="0"/>
<pin id="134" dir="0" index="1" bw="32" slack="2147483647"/>
<pin id="135" dir="0" index="2" bw="32" slack="2147483647"/>
<pin id="136" dir="1" index="3" bw="0" slack="2147483647"/>
</pin_list>
<bind>
<opcode="call(48) " fcode="call"/>
<opset="call_ln0/8 "/>
</bind>
</comp>

<comp id="138" class="1004" name="grp_doppler_fft_256_Pipeline_VITIS_LOOP_66_2_fu_138">
<pin_list>
<pin id="139" dir="0" index="0" bw="0" slack="0"/>
<pin id="140" dir="0" index="1" bw="32" slack="2147483647"/>
<pin id="141" dir="0" index="2" bw="32" slack="2147483647"/>
<pin id="142" dir="0" index="3" bw="64" slack="0"/>
<pin id="143" dir="0" index="4" bw="8" slack="0"/>
<pin id="144" dir="0" index="5" bw="8" slack="0"/>
<pin id="145" dir="0" index="6" bw="1" slack="0"/>
<pin id="146" dir="1" index="7" bw="0" slack="2147483647"/>
</pin_list>
<bind>
<opcode="call(48) " fcode="call"/>
<opset="call_ln0/10 "/>
</bind>
</comp>

</comp_list>

<net_list>
<net id="65"><net_src comp="22" pin="0"/><net_sink comp="62" pin=0"/></net>

<net id="69"><net_src comp="22" pin="0"/><net_sink comp="66" pin=0"/></net>

<net id="75"><net_src comp="62" pin="1"/><net_sink comp="70" pin=0"/></net>

<net id="76"><net_src comp="24" pin="0"/><net_sink comp="70" pin=1"/></net>

<net id="77"><net_src comp="24" pin="0"/><net_sink comp="70" pin=2"/></net>

<net id="83"><net_src comp="66" pin="1"/><net_sink comp="78" pin=0"/></net>

<net id="84"><net_src comp="24" pin="0"/><net_sink comp="78" pin=1"/></net>

<net id="85"><net_src comp="24" pin="0"/><net_sink comp="78" pin=2"/></net>

<net id="91"><net_src comp="26" pin="0"/><net_sink comp="86" pin=1"/></net>

<net id="92"><net_src comp="70" pin="3"/><net_sink comp="86" pin=0"/></net>

<net id="98"><net_src comp="26" pin="0"/><net_sink comp="93" pin=1"/></net>

<net id="99"><net_src comp="78" pin="3"/><net_sink comp="93" pin=0"/></net>

<net id="105"><net_src comp="28" pin="0"/><net_sink comp="100" pin=0"/></net>

<net id="115"><net_src comp="32" pin="0"/><net_sink comp="106" pin=0"/></net>

<net id="116"><net_src comp="0" pin="0"/><net_sink comp="106" pin=1"/></net>

<net id="117"><net_src comp="2" pin="0"/><net_sink comp="106" pin=2"/></net>

<net id="118"><net_src comp="4" pin="0"/><net_sink comp="106" pin=3"/></net>

<net id="119"><net_src comp="6" pin="0"/><net_sink comp="106" pin=4"/></net>

<net id="128"><net_src comp="34" pin="0"/><net_sink comp="120" pin=0"/></net>

<net id="129"><net_src comp="16" pin="0"/><net_sink comp="120" pin=3"/></net>

<net id="130"><net_src comp="18" pin="0"/><net_sink comp="120" pin=4"/></net>

<net id="131"><net_src comp="20" pin="0"/><net_sink comp="120" pin=5"/></net>

<net id="137"><net_src comp="36" pin="0"/><net_sink comp="132" pin=0"/></net>

<net id="147"><net_src comp="38" pin="0"/><net_sink comp="138" pin=0"/></net>

<net id="148"><net_src comp="8" pin="0"/><net_sink comp="138" pin=3"/></net>

<net id="149"><net_src comp="10" pin="0"/><net_sink comp="138" pin=4"/></net>

<net id="150"><net_src comp="12" pin="0"/><net_sink comp="138" pin=5"/></net>

<net id="151"><net_src comp="14" pin="0"/><net_sink comp="138" pin=6"/></net>

</net_list>

</model> 
---------------- Datapath Model END ------------------

* FSMD analyzer results:
  - Output states:
	Port: output_r_V_data_V | {10 11 }
	Port: output_r_V_keep_V | {10 11 }
	Port: output_r_V_strb_V | {10 11 }
	Port: output_r_V_last_V | {10 11 }
 - Input state : 
	Port: doppler_fft_256 : input_r_V_data_V | {4 5 }
	Port: doppler_fft_256 : input_r_V_keep_V | {4 5 }
	Port: doppler_fft_256 : input_r_V_strb_V | {4 5 }
	Port: doppler_fft_256 : input_r_V_last_V | {4 5 }
	Port: doppler_fft_256 : br_lut | {6 7 }
	Port: doppler_fft_256 : tw_M_value_1 | {6 7 }
	Port: doppler_fft_256 : tw_M_value | {6 7 }
  - Chain level:
	State 1
		range_dop_map_M_value_addr : 1
		range_dop_map_M_value_1_addr : 1
		store_ln1081 : 2
		store_ln1081 : 2
	State 2
	State 3
	State 4
	State 5
	State 6
	State 7
	State 8
	State 9
	State 10
	State 11
	State 12


============================================================
+ Verbose Summary: Datapath Resource usage 
============================================================

* Functional unit list:
|----------|-----------------------------------------------------|---------|---------|---------|---------|
| Operation|                   Functional Unit                   |   DSP   |  Delay  |    FF   |   LUT   |
|----------|-----------------------------------------------------|---------|---------|---------|---------|
|          |        grp_doppler_fft_256_Pipeline_1_fu_100        |    0    |    0    |    8    |    26   |
|          | grp_doppler_fft_256_Pipeline_VITIS_LOOP_58_1_fu_106 |    0    |    0    |    9    |    25   |
|   call   |                 grp_fft_fast_fu_120                 |    16   |  23.82  |   1916  |   2446  |
|          | grp_doppler_fft_256_Pipeline_VITIS_LOOP_38_1_fu_132 |    0    |  6.352  |    40   |    70   |
|          | grp_doppler_fft_256_Pipeline_VITIS_LOOP_66_2_fu_138 |    0    |  3.176  |    26   |    54   |
|----------|-----------------------------------------------------|---------|---------|---------|---------|
|   Total  |                                                     |    16   |  33.348 |   1999  |   2621  |
|----------|-----------------------------------------------------|---------|---------|---------|---------|

Memories:
+-----------------------+--------+--------+--------+--------+
|                       |  BRAM  |   FF   |   LUT  |  URAM  |
+-----------------------+--------+--------+--------+--------+
|         br_lut        |    1   |    0   |    0   |    -   |
| range_dop_map_M_value |    2   |    0   |    0   |    0   |
|range_dop_map_M_value_1|    2   |    0   |    0   |    0   |
|       tw_M_value      |    1   |    0   |    0   |    -   |
|      tw_M_value_1     |    1   |    0   |    0   |    -   |
+-----------------------+--------+--------+--------+--------+
|         Total         |    7   |    0   |    0   |    0   |
+-----------------------+--------+--------+--------+--------+

* Register list:
N/A

* Multiplexer (MUX) list: 
|--------|------|------|------|--------|
|  Comp  |  Pin | Size |  BW  | S x BW |
|--------|------|------|------|--------|
|  Total |      |      |      |    0   |
|--------|------|------|------|--------|



* Summary:
+-----------+--------+--------+--------+--------+--------+--------+
|           |  BRAM  |   DSP  |  Delay |   FF   |   LUT  |  URAM  |
+-----------+--------+--------+--------+--------+--------+--------+
|  Function |    -   |   16   |   33   |  1999  |  2621  |    -   |
|   Memory  |    7   |    -   |    -   |    0   |    0   |    0   |
|Multiplexer|    -   |    -   |    -   |    -   |    -   |    -   |
|  Register |    -   |    -   |    -   |    -   |    -   |    -   |
+-----------+--------+--------+--------+--------+--------+--------+
|   Total   |    7   |   16   |   33   |  1999  |  2621  |    0   |
+-----------+--------+--------+--------+--------+--------+--------+
