

================================================================
== Vitis HLS Report for 'fft_fast'
================================================================
* Date:           Tue Apr 28 15:48:52 2026

* Version:        2022.1 (Build 3526262 on Mon Apr 18 15:47:01 MDT 2022)
* Project:        doppler_fft_256
* Solution:       solution1 (Vivado IP Flow Target)
* Product family: zynq
* Target device:  xc7z020-clg484-1


================================================================
== Performance Estimates
================================================================
+ Timing: 
    * Summary: 
    +--------+----------+----------+------------+
    |  Clock |  Target  | Estimated| Uncertainty|
    +--------+----------+----------+------------+
    |ap_clk  |  10.00 ns|  7.256 ns|     2.70 ns|
    +--------+----------+----------+------------+

+ Latency: 
    * Summary: 
    +---------+---------+----------+----------+-----+-----+---------+
    |  Latency (cycles) |  Latency (absolute) |  Interval | Pipeline|
    |   min   |   max   |    min   |    max   | min | max |   Type  |
    +---------+---------+----------+----------+-----+-----+---------+
    |        ?|        ?|         ?|         ?|    ?|    ?|       no|
    +---------+---------+----------+----------+-----+-----+---------+

    + Detail: 
        * Instance: 
        N/A

        * Loop: 
        +--------------------+---------+---------+-----------+-----------+-----------+------+----------+
        |                    |  Latency (cycles) | Iteration |  Initiation Interval  | Trip |          |
        |      Loop Name     |   min   |   max   |  Latency  |  achieved |   target  | Count| Pipelined|
        +--------------------+---------+---------+-----------+-----------+-----------+------+----------+
        |- VITIS_LOOP_19_2   |        ?|        ?|          ?|          -|          -|     8|        no|
        | + VITIS_LOOP_22_3  |        ?|        ?|  23 ~ 2309|          -|          -|     ?|        no|
        +--------------------+---------+---------+-----------+-----------+-----------+------+----------+

============================================================
+ Verbose Summary: Synthesis Manager
============================================================
InlineROM: 1
ExposeGlobal: 0
============================================================
+ Verbose Summary: CDFG Model
============================================================
IsTopModel: 0
ResetActiveHigh: 1
IsCombinational: 0
IsDatapathOnly: 0
HasWiredReturn: 1
HasMFsm: 0
HasVarLatency: 1
IsPipeline: 0
IsRtlPipelined: 0
IsInstanceOverlapped: 0
IsDontTouch: 0
HasImplIP: 0
IsGatedGlobalClock: 0


============================================================
+ Verbose Summary: Schedule
============================================================
* Number of FSM states : 6
* Pipeline : 0
* Dataflow Pipeline: 0

* FSM state transitions: 
1 --> 2 
2 --> 3 
3 --> 4 
4 --> 5 3 
5 --> 6 
6 --> 4 

* FSM state operations: 

State 1 <SV = 0> <Delay = 1.58>
ST_1 : Operation 7 [1/1] (0.00ns)   --->   "%ti = alloca i32 1"   --->   Operation 7 'alloca' 'ti' <Predicate = true> <Delay = 0.00>
ST_1 : Operation 8 [1/1] (0.00ns)   --->   "%s = alloca i32 1"   --->   Operation 8 'alloca' 's' <Predicate = true> <Delay = 0.00>
ST_1 : Operation 9 [2/2] (0.00ns)   --->   "%call_ln0 = call void @fft_fast_Pipeline_VITIS_LOOP_8_1, i32 %x_0, i32 %x_1, i8 %br_lut"   --->   Operation 9 'call' 'call_ln0' <Predicate = true> <Delay = 0.00> <CoreType = "Generic">   --->   Core 0 '' <Latency = 0> <II = 1> <Delay = 1.00> <Generic> <Opcode : >
ST_1 : Operation 10 [1/1] (1.58ns)   --->   "%store_ln19 = store i4 1, i4 %s" [doppler_fft_256/doppler.cpp:19]   --->   Operation 10 'store' 'store_ln19' <Predicate = true> <Delay = 1.58>
ST_1 : Operation 11 [1/1] (1.58ns)   --->   "%store_ln19 = store i11 0, i11 %ti" [doppler_fft_256/doppler.cpp:19]   --->   Operation 11 'store' 'store_ln19' <Predicate = true> <Delay = 1.58>

State 2 <SV = 1> <Delay = 0.00>
ST_2 : Operation 12 [1/2] (0.00ns)   --->   "%call_ln0 = call void @fft_fast_Pipeline_VITIS_LOOP_8_1, i32 %x_0, i32 %x_1, i8 %br_lut"   --->   Operation 12 'call' 'call_ln0' <Predicate = true> <Delay = 0.00> <CoreType = "Generic">   --->   Core 0 '' <Latency = 0> <II = 1> <Delay = 1.00> <Generic> <Opcode : >
ST_2 : Operation 13 [1/1] (0.00ns)   --->   "%br_ln19 = br void %VITIS_LOOP_22_3" [doppler_fft_256/doppler.cpp:19]   --->   Operation 13 'br' 'br_ln19' <Predicate = true> <Delay = 0.00>

State 3 <SV = 2> <Delay = 2.39>
ST_3 : Operation 14 [1/1] (0.00ns)   --->   "%s_2 = load i4 %s" [doppler_fft_256/doppler.cpp:19]   --->   Operation 14 'load' 's_2' <Predicate = true> <Delay = 0.00>
ST_3 : Operation 15 [1/1] (1.30ns)   --->   "%icmp_ln19 = icmp_eq  i4 %s_2, i4 9" [doppler_fft_256/doppler.cpp:19]   --->   Operation 15 'icmp' 'icmp_ln19' <Predicate = true> <Delay = 1.30> <CoreInst = "Cmp">   --->   Core 9 'Cmp' <Latency = 0> <II = 1> <Delay = 1.30> <FuncUnit> <Opcode : 'icmp'> <InPorts = 2> <OutPorts = 1>
ST_3 : Operation 16 [1/1] (0.00ns)   --->   "%empty = speclooptripcount i32 @_ssdm_op_SpecLoopTripCount, i64 8, i64 8, i64 8"   --->   Operation 16 'speclooptripcount' 'empty' <Predicate = true> <Delay = 0.00>
ST_3 : Operation 17 [1/1] (0.00ns)   --->   "%br_ln19 = br i1 %icmp_ln19, void %VITIS_LOOP_22_3.split, void %for.end48" [doppler_fft_256/doppler.cpp:19]   --->   Operation 17 'br' 'br_ln19' <Predicate = true> <Delay = 0.00>
ST_3 : Operation 18 [1/1] (0.00ns)   --->   "%ti_load = load i11 %ti" [doppler_fft_256/doppler.cpp:22]   --->   Operation 18 'load' 'ti_load' <Predicate = (!icmp_ln19)> <Delay = 0.00>
ST_3 : Operation 19 [1/1] (0.00ns)   --->   "%zext_ln19 = zext i4 %s_2" [doppler_fft_256/doppler.cpp:19]   --->   Operation 19 'zext' 'zext_ln19' <Predicate = (!icmp_ln19)> <Delay = 0.00>
ST_3 : Operation 20 [1/1] (0.00ns)   --->   "%specloopname_ln18 = specloopname void @_ssdm_op_SpecLoopName, void @empty_3" [doppler_fft_256/doppler.cpp:18]   --->   Operation 20 'specloopname' 'specloopname_ln18' <Predicate = (!icmp_ln19)> <Delay = 0.00>
ST_3 : Operation 21 [1/1] (2.39ns)   --->   "%m = shl i9 1, i9 %zext_ln19" [doppler_fft_256/doppler.cpp:20]   --->   Operation 21 'shl' 'm' <Predicate = (!icmp_ln19)> <Delay = 2.39> <CoreInst = "Shifter">   --->   Core 75 'Shifter' <Latency = 0> <II = 1> <Delay = 2.39> <FuncUnit> <Opcode : 'shl' 'lshr' 'ashr'> <InPorts = 2> <OutPorts = 1>
ST_3 : Operation 22 [1/1] (0.00ns)   --->   "%m2 = partselect i8 @_ssdm_op_PartSelect.i8.i9.i32.i32, i9 %m, i32 1, i32 8" [doppler_fft_256/doppler.cpp:21]   --->   Operation 22 'partselect' 'm2' <Predicate = (!icmp_ln19)> <Delay = 0.00>
ST_3 : Operation 23 [1/1] (0.00ns)   --->   "%zext_ln21 = zext i8 %m2" [doppler_fft_256/doppler.cpp:21]   --->   Operation 23 'zext' 'zext_ln21' <Predicate = (!icmp_ln19)> <Delay = 0.00>
ST_3 : Operation 24 [1/1] (0.00ns)   --->   "%trunc_ln22 = trunc i11 %ti_load" [doppler_fft_256/doppler.cpp:22]   --->   Operation 24 'trunc' 'trunc_ln22' <Predicate = (!icmp_ln19)> <Delay = 0.00>
ST_3 : Operation 25 [1/1] (0.00ns)   --->   "%zext_ln22 = zext i9 %m" [doppler_fft_256/doppler.cpp:22]   --->   Operation 25 'zext' 'zext_ln22' <Predicate = (!icmp_ln19)> <Delay = 0.00>
ST_3 : Operation 26 [1/1] (1.58ns)   --->   "%br_ln22 = br void %for.cond14" [doppler_fft_256/doppler.cpp:22]   --->   Operation 26 'br' 'br_ln22' <Predicate = (!icmp_ln19)> <Delay = 1.58>
ST_3 : Operation 27 [1/1] (0.00ns)   --->   "%ret_ln33 = ret" [doppler_fft_256/doppler.cpp:33]   --->   Operation 27 'ret' 'ret_ln33' <Predicate = (icmp_ln19)> <Delay = 0.00>

State 4 <SV = 3> <Delay = 4.44>
ST_4 : Operation 28 [1/1] (0.00ns)   --->   "%k = phi i64 %add_ln22, void %VITIS_LOOP_23_4, i64 0, void %VITIS_LOOP_22_3.split" [doppler_fft_256/doppler.cpp:22]   --->   Operation 28 'phi' 'k' <Predicate = true> <Delay = 0.00>
ST_4 : Operation 29 [1/1] (0.00ns)   --->   "%tmp = partselect i56 @_ssdm_op_PartSelect.i56.i64.i32.i32, i64 %k, i32 8, i32 63" [doppler_fft_256/doppler.cpp:22]   --->   Operation 29 'partselect' 'tmp' <Predicate = true> <Delay = 0.00>
ST_4 : Operation 30 [1/1] (2.85ns)   --->   "%icmp_ln22 = icmp_slt  i56 %tmp, i56 1" [doppler_fft_256/doppler.cpp:22]   --->   Operation 30 'icmp' 'icmp_ln22' <Predicate = true> <Delay = 2.85> <CoreInst = "Cmp">   --->   Core 9 'Cmp' <Latency = 0> <II = 1> <Delay = 2.85> <FuncUnit> <Opcode : 'icmp'> <InPorts = 2> <OutPorts = 1>
ST_4 : Operation 31 [1/1] (0.00ns)   --->   "%br_ln22 = br i1 %icmp_ln22, void %for.inc46, void %VITIS_LOOP_23_4" [doppler_fft_256/doppler.cpp:22]   --->   Operation 31 'br' 'br_ln22' <Predicate = true> <Delay = 0.00>
ST_4 : Operation 32 [1/1] (0.00ns)   --->   "%trunc_ln22_1 = trunc i64 %k" [doppler_fft_256/doppler.cpp:22]   --->   Operation 32 'trunc' 'trunc_ln22_1' <Predicate = (icmp_ln22)> <Delay = 0.00>
ST_4 : Operation 33 [1/1] (3.52ns)   --->   "%add_ln22 = add i64 %zext_ln22, i64 %k" [doppler_fft_256/doppler.cpp:22]   --->   Operation 33 'add' 'add_ln22' <Predicate = (icmp_ln22)> <Delay = 3.52> <CoreInst = "Adder">   --->   Core 1 'Adder' <Latency = 0> <II = 1> <Delay = 3.52> <FuncUnit> <Opcode : 'add' 'sub'> <InPorts = 2> <OutPorts = 1>
ST_4 : Operation 34 [1/1] (0.00ns)   --->   "%ti_load_1 = load i11 %ti" [doppler_fft_256/doppler.cpp:31]   --->   Operation 34 'load' 'ti_load_1' <Predicate = (!icmp_ln22)> <Delay = 0.00>
ST_4 : Operation 35 [1/1] (1.63ns)   --->   "%ti_1 = add i11 %zext_ln21, i11 %ti_load_1" [doppler_fft_256/doppler.cpp:31]   --->   Operation 35 'add' 'ti_1' <Predicate = (!icmp_ln22)> <Delay = 1.63> <CoreInst = "Adder">   --->   Core 1 'Adder' <Latency = 0> <II = 1> <Delay = 1.63> <FuncUnit> <Opcode : 'add' 'sub'> <InPorts = 2> <OutPorts = 1>
ST_4 : Operation 36 [1/1] (1.73ns)   --->   "%s_3 = add i4 %s_2, i4 1" [doppler_fft_256/doppler.cpp:19]   --->   Operation 36 'add' 's_3' <Predicate = (!icmp_ln22)> <Delay = 1.73> <CoreInst = "Adder">   --->   Core 1 'Adder' <Latency = 0> <II = 1> <Delay = 1.73> <FuncUnit> <Opcode : 'add' 'sub'> <InPorts = 2> <OutPorts = 1>
ST_4 : Operation 37 [1/1] (1.58ns)   --->   "%store_ln19 = store i4 %s_3, i4 %s" [doppler_fft_256/doppler.cpp:19]   --->   Operation 37 'store' 'store_ln19' <Predicate = (!icmp_ln22)> <Delay = 1.58>
ST_4 : Operation 38 [1/1] (1.58ns)   --->   "%store_ln19 = store i11 %ti_1, i11 %ti" [doppler_fft_256/doppler.cpp:19]   --->   Operation 38 'store' 'store_ln19' <Predicate = (!icmp_ln22)> <Delay = 1.58>
ST_4 : Operation 39 [1/1] (0.00ns)   --->   "%br_ln19 = br void %VITIS_LOOP_22_3" [doppler_fft_256/doppler.cpp:19]   --->   Operation 39 'br' 'br_ln19' <Predicate = (!icmp_ln22)> <Delay = 0.00>

State 5 <SV = 4> <Delay = 7.08>
ST_5 : Operation 40 [2/2] (7.08ns)   --->   "%call_ln21 = call void @fft_fast_Pipeline_VITIS_LOOP_23_4, i8 %m2, i8 %trunc_ln22, i8 %trunc_ln22_1, i32 %x_0, i32 %x_1, i32 %tw_M_value_1, i32 %tw_M_value" [doppler_fft_256/doppler.cpp:21]   --->   Operation 40 'call' 'call_ln21' <Predicate = true> <Delay = 7.08> <CoreType = "Generic">   --->   Core 0 '' <Latency = 0> <II = 1> <Delay = 1.00> <Generic> <Opcode : >

State 6 <SV = 5> <Delay = 0.00>
ST_6 : Operation 41 [1/1] (0.00ns)   --->   "%specloopname_ln23 = specloopname void @_ssdm_op_SpecLoopName, void @empty_4" [doppler_fft_256/doppler.cpp:23]   --->   Operation 41 'specloopname' 'specloopname_ln23' <Predicate = true> <Delay = 0.00>
ST_6 : Operation 42 [1/2] (0.00ns)   --->   "%call_ln21 = call void @fft_fast_Pipeline_VITIS_LOOP_23_4, i8 %m2, i8 %trunc_ln22, i8 %trunc_ln22_1, i32 %x_0, i32 %x_1, i32 %tw_M_value_1, i32 %tw_M_value" [doppler_fft_256/doppler.cpp:21]   --->   Operation 42 'call' 'call_ln21' <Predicate = true> <Delay = 0.00> <CoreType = "Generic">   --->   Core 0 '' <Latency = 0> <II = 1> <Delay = 1.00> <Generic> <Opcode : >
ST_6 : Operation 43 [1/1] (0.00ns)   --->   "%br_ln22 = br void %for.cond14" [doppler_fft_256/doppler.cpp:22]   --->   Operation 43 'br' 'br_ln22' <Predicate = true> <Delay = 0.00>


============================================================
+ Verbose Summary: Timing violations
============================================================
Target clock period: 10ns, clock uncertainty: 2.7ns.

 <State 1>: 1.59ns
The critical path consists of the following:
	'alloca' operation ('s') [7]  (0 ns)
	'store' operation ('store_ln19', doppler_fft_256/doppler.cpp:19) of constant 1 on local variable 's' [9]  (1.59 ns)

 <State 2>: 0ns
The critical path consists of the following:

 <State 3>: 2.4ns
The critical path consists of the following:
	'load' operation ('s', doppler_fft_256/doppler.cpp:19) on local variable 's' [13]  (0 ns)
	'shl' operation ('m', doppler_fft_256/doppler.cpp:20) [21]  (2.4 ns)

 <State 4>: 4.44ns
The critical path consists of the following:
	'phi' operation ('k', doppler_fft_256/doppler.cpp:22) with incoming values : ('add_ln22', doppler_fft_256/doppler.cpp:22) [28]  (0 ns)
	'add' operation ('add_ln22', doppler_fft_256/doppler.cpp:22) [36]  (3.52 ns)
	blocking operation 0.923 ns on control path)

 <State 5>: 7.08ns
The critical path consists of the following:
	'call' operation ('call_ln21', doppler_fft_256/doppler.cpp:21) to 'fft_fast_Pipeline_VITIS_LOOP_23_4' [35]  (7.08 ns)

 <State 6>: 0ns
The critical path consists of the following:


============================================================
+ Verbose Summary: Binding
============================================================
N/A
* FSMD analyzer results:
  - Output states:
 - Input state : 
  - Chain level:
	State 1
	State 2
	State 3
	State 4
	State 5
	State 6


============================================================
+ Verbose Summary: Datapath Resource usage 
============================================================
N/A
