

================================================================
== Vitis HLS Report for 'fft_fast_Pipeline_VITIS_LOOP_8_1'
================================================================
* Date:           Tue Apr 28 15:48:52 2026

* Version:        2022.1 (Build 3526262 on Mon Apr 18 15:47:01 MDT 2022)
* Project:        doppler_fft_256
* Solution:       solution1 (Vivado IP Flow Target)
* Product family: zynq
* Target device:  xc7z020-clg484-1


================================================================
== Performance Estimates
================================================================
+ Timing: 
    * Summary: 
    +--------+----------+----------+------------+
    |  Clock |  Target  | Estimated| Uncertainty|
    +--------+----------+----------+------------+
    |ap_clk  |  10.00 ns|  6.508 ns|     2.70 ns|
    +--------+----------+----------+------------+

+ Latency: 
    * Summary: 
    +---------+---------+----------+----------+-----+-----+---------+
    |  Latency (cycles) |  Latency (absolute) |  Interval | Pipeline|
    |   min   |   max   |    min   |    max   | min | max |   Type  |
    +---------+---------+----------+----------+-----+-----+---------+
    |      771|      771|  7.710 us|  7.710 us|  771|  771|       no|
    +---------+---------+----------+----------+-----+-----+---------+

    + Detail: 
        * Instance: 
        N/A

        * Loop: 
        +------------------+---------+---------+----------+-----------+-----------+------+----------+
        |                  |  Latency (cycles) | Iteration|  Initiation Interval  | Trip |          |
        |     Loop Name    |   min   |   max   |  Latency |  achieved |   target  | Count| Pipelined|
        +------------------+---------+---------+----------+-----------+-----------+------+----------+
        |- VITIS_LOOP_8_1  |      769|      769|         4|          3|          1|   256|       yes|
        +------------------+---------+---------+----------+-----------+-----------+------+----------+

============================================================
+ Verbose Summary: Synthesis Manager
============================================================
InlineROM: 1
ExposeGlobal: 0
============================================================
+ Verbose Summary: CDFG Model
============================================================
IsTopModel: 0
ResetActiveHigh: 1
IsCombinational: 0
IsDatapathOnly: 0
HasWiredReturn: 1
HasMFsm: 2
HasVarLatency: 1
IsPipeline: 0
IsRtlPipelined: 0
IsInstanceOverlapped: 0
IsDontTouch: 0
HasImplIP: 0
IsGatedGlobalClock: 0

+ Individual pipeline summary: 
  * Pipeline-0: initiation interval (II) = 3, depth = 4


============================================================
+ Verbose Summary: Schedule
============================================================
* Number of FSM states : 4
* Pipeline : 1
  Pipeline-0 : II = 3, D = 4, States = { 1 2 3 4 }
* Dataflow Pipeline: 0

* FSM state transitions: 
1 --> 2 
2 --> 3 
3 --> 4 
4 --> 

* FSM state operations: 

State 1 <SV = 0> <Delay = 3.25>
ST_1 : Operation 7 [1/1] (0.00ns)   --->   "%i = alloca i32 1"   --->   Operation 7 'alloca' 'i' <Predicate = true> <Delay = 0.00>
ST_1 : Operation 8 [1/1] (1.58ns)   --->   "%store_ln0 = store i9 0, i9 %i"   --->   Operation 8 'store' 'store_ln0' <Predicate = true> <Delay = 1.58>
ST_1 : Operation 9 [1/1] (0.00ns)   --->   "%br_ln0 = br void %for.body"   --->   Operation 9 'br' 'br_ln0' <Predicate = true> <Delay = 0.00>
ST_1 : Operation 10 [1/1] (0.00ns)   --->   "%i_1 = load i9 %i" [doppler_fft_256/doppler.cpp:8]   --->   Operation 10 'load' 'i_1' <Predicate = true> <Delay = 0.00>
ST_1 : Operation 11 [1/1] (1.66ns)   --->   "%icmp_ln8 = icmp_eq  i9 %i_1, i9 256" [doppler_fft_256/doppler.cpp:8]   --->   Operation 11 'icmp' 'icmp_ln8' <Predicate = true> <Delay = 1.66> <CoreInst = "Cmp">   --->   Core 9 'Cmp' <Latency = 0> <II = 1> <Delay = 1.66> <FuncUnit> <Opcode : 'icmp'> <InPorts = 2> <OutPorts = 1>
ST_1 : Operation 12 [1/1] (0.00ns)   --->   "%br_ln8 = br i1 %icmp_ln8, void %for.body.split, void %VITIS_LOOP_22_3.preheader.exitStub" [doppler_fft_256/doppler.cpp:8]   --->   Operation 12 'br' 'br_ln8' <Predicate = true> <Delay = 0.00>
ST_1 : Operation 13 [1/1] (0.00ns)   --->   "%i_cast2 = zext i9 %i_1" [doppler_fft_256/doppler.cpp:8]   --->   Operation 13 'zext' 'i_cast2' <Predicate = (!icmp_ln8)> <Delay = 0.00>
ST_1 : Operation 14 [1/1] (0.00ns)   --->   "%br_lut_addr = getelementptr i8 %br_lut, i64 0, i64 %i_cast2" [doppler_fft_256/doppler.cpp:9]   --->   Operation 14 'getelementptr' 'br_lut_addr' <Predicate = (!icmp_ln8)> <Delay = 0.00>
ST_1 : Operation 15 [2/2] (3.25ns)   --->   "%br_lut_load = load i8 %br_lut_addr" [doppler_fft_256/doppler.cpp:9]   --->   Operation 15 'load' 'br_lut_load' <Predicate = (!icmp_ln8)> <Delay = 3.25> <CoreInst = "ROM">   --->   Core 95 'ROM' <Latency = 1> <II = 1> <Delay = 3.25> <Storage> <Opcode : 'load'> <Ports = 0> <Width = 8> <Depth = 256> <ROM>

State 2 <SV = 1> <Delay = 6.50>
ST_2 : Operation 16 [1/1] (0.00ns)   --->   "%specpipeline_ln0 = specpipeline void @_ssdm_op_SpecPipeline, i32 4294967295, i32 0, i32 1, i32 0, void @p_str"   --->   Operation 16 'specpipeline' 'specpipeline_ln0' <Predicate = true> <Delay = 0.00>
ST_2 : Operation 17 [1/1] (0.00ns)   --->   "%empty = speclooptripcount i32 @_ssdm_op_SpecLoopTripCount, i64 256, i64 256, i64 256"   --->   Operation 17 'speclooptripcount' 'empty' <Predicate = true> <Delay = 0.00>
ST_2 : Operation 18 [1/1] (1.82ns)   --->   "%add_ln8 = add i9 %i_1, i9 1" [doppler_fft_256/doppler.cpp:8]   --->   Operation 18 'add' 'add_ln8' <Predicate = true> <Delay = 1.82> <CoreInst = "Adder">   --->   Core 1 'Adder' <Latency = 0> <II = 1> <Delay = 1.82> <FuncUnit> <Opcode : 'add' 'sub'> <InPorts = 2> <OutPorts = 1>
ST_2 : Operation 19 [1/1] (0.00ns)   --->   "%trunc_ln8 = trunc i9 %i_1" [doppler_fft_256/doppler.cpp:8]   --->   Operation 19 'trunc' 'trunc_ln8' <Predicate = (!icmp_ln8)> <Delay = 0.00>
ST_2 : Operation 20 [1/1] (0.00ns)   --->   "%specloopname_ln8 = specloopname void @_ssdm_op_SpecLoopName, void @empty_2" [doppler_fft_256/doppler.cpp:8]   --->   Operation 20 'specloopname' 'specloopname_ln8' <Predicate = (!icmp_ln8)> <Delay = 0.00>
ST_2 : Operation 21 [1/2] (3.25ns)   --->   "%br_lut_load = load i8 %br_lut_addr" [doppler_fft_256/doppler.cpp:9]   --->   Operation 21 'load' 'br_lut_load' <Predicate = (!icmp_ln8)> <Delay = 3.25> <CoreInst = "ROM">   --->   Core 95 'ROM' <Latency = 1> <II = 1> <Delay = 3.25> <Storage> <Opcode : 'load'> <Ports = 0> <Width = 8> <Depth = 256> <ROM>
ST_2 : Operation 22 [1/1] (0.00ns)   --->   "%zext_ln10 = zext i8 %br_lut_load" [doppler_fft_256/doppler.cpp:10]   --->   Operation 22 'zext' 'zext_ln10' <Predicate = (!icmp_ln8)> <Delay = 0.00>
ST_2 : Operation 23 [1/1] (1.55ns)   --->   "%icmp_ln10 = icmp_ult  i8 %trunc_ln8, i8 %br_lut_load" [doppler_fft_256/doppler.cpp:10]   --->   Operation 23 'icmp' 'icmp_ln10' <Predicate = (!icmp_ln8)> <Delay = 1.55> <CoreInst = "Cmp">   --->   Core 9 'Cmp' <Latency = 0> <II = 1> <Delay = 1.55> <FuncUnit> <Opcode : 'icmp'> <InPorts = 2> <OutPorts = 1>
ST_2 : Operation 24 [1/1] (0.00ns)   --->   "%br_ln10 = br i1 %icmp_ln10, void %for.inc, void %if.then" [doppler_fft_256/doppler.cpp:10]   --->   Operation 24 'br' 'br_ln10' <Predicate = (!icmp_ln8)> <Delay = 0.00>
ST_2 : Operation 25 [1/1] (0.00ns)   --->   "%x_0_addr = getelementptr i32 %x_0, i64 0, i64 %i_cast2" [doppler_fft_256/doppler.cpp:13]   --->   Operation 25 'getelementptr' 'x_0_addr' <Predicate = (!icmp_ln8 & icmp_ln10)> <Delay = 0.00>
ST_2 : Operation 26 [2/2] (3.25ns)   --->   "%x_0_load = load i8 %x_0_addr" [doppler_fft_256/doppler.cpp:13]   --->   Operation 26 'load' 'x_0_load' <Predicate = (!icmp_ln8 & icmp_ln10)> <Delay = 3.25> <CoreInst = "RAM">   --->   Core 82 'RAM' <Latency = 1> <II = 1> <Delay = 3.25> <Storage> <Opcode : 'load' 'store'> <Ports = 2> <Width = 32> <Depth = 256> <RAM>
ST_2 : Operation 27 [1/1] (0.00ns)   --->   "%x_1_addr = getelementptr i32 %x_1, i64 0, i64 %i_cast2" [doppler_fft_256/doppler.cpp:13]   --->   Operation 27 'getelementptr' 'x_1_addr' <Predicate = (!icmp_ln8 & icmp_ln10)> <Delay = 0.00>
ST_2 : Operation 28 [2/2] (3.25ns)   --->   "%x_1_load = load i8 %x_1_addr" [doppler_fft_256/doppler.cpp:13]   --->   Operation 28 'load' 'x_1_load' <Predicate = (!icmp_ln8 & icmp_ln10)> <Delay = 3.25> <CoreInst = "RAM">   --->   Core 82 'RAM' <Latency = 1> <II = 1> <Delay = 3.25> <Storage> <Opcode : 'load' 'store'> <Ports = 2> <Width = 32> <Depth = 256> <RAM>
ST_2 : Operation 29 [1/1] (0.00ns)   --->   "%x_0_addr_1 = getelementptr i32 %x_0, i64 0, i64 %zext_ln10" [doppler_fft_256/doppler.cpp:12]   --->   Operation 29 'getelementptr' 'x_0_addr_1' <Predicate = (!icmp_ln8 & icmp_ln10)> <Delay = 0.00>
ST_2 : Operation 30 [2/2] (3.25ns)   --->   "%x_0_load_1 = load i8 %x_0_addr_1" [doppler_fft_256/doppler.cpp:12]   --->   Operation 30 'load' 'x_0_load_1' <Predicate = (!icmp_ln8 & icmp_ln10)> <Delay = 3.25> <CoreInst = "RAM">   --->   Core 82 'RAM' <Latency = 1> <II = 1> <Delay = 3.25> <Storage> <Opcode : 'load' 'store'> <Ports = 2> <Width = 32> <Depth = 256> <RAM>
ST_2 : Operation 31 [1/1] (0.00ns)   --->   "%x_1_addr_1 = getelementptr i32 %x_1, i64 0, i64 %zext_ln10" [doppler_fft_256/doppler.cpp:12]   --->   Operation 31 'getelementptr' 'x_1_addr_1' <Predicate = (!icmp_ln8 & icmp_ln10)> <Delay = 0.00>
ST_2 : Operation 32 [2/2] (3.25ns)   --->   "%x_1_load_1 = load i8 %x_1_addr_1" [doppler_fft_256/doppler.cpp:12]   --->   Operation 32 'load' 'x_1_load_1' <Predicate = (!icmp_ln8 & icmp_ln10)> <Delay = 3.25> <CoreInst = "RAM">   --->   Core 82 'RAM' <Latency = 1> <II = 1> <Delay = 3.25> <Storage> <Opcode : 'load' 'store'> <Ports = 2> <Width = 32> <Depth = 256> <RAM>
ST_2 : Operation 33 [1/1] (1.58ns)   --->   "%store_ln8 = store i9 %add_ln8, i9 %i" [doppler_fft_256/doppler.cpp:8]   --->   Operation 33 'store' 'store_ln8' <Predicate = (!icmp_ln8)> <Delay = 1.58>
ST_2 : Operation 34 [1/1] (0.00ns)   --->   "%br_ln8 = br void %for.body" [doppler_fft_256/doppler.cpp:8]   --->   Operation 34 'br' 'br_ln8' <Predicate = (!icmp_ln8)> <Delay = 0.00>
ST_2 : Operation 44 [1/1] (0.00ns)   --->   "%ret_ln0 = ret"   --->   Operation 44 'ret' 'ret_ln0' <Predicate = (icmp_ln8)> <Delay = 0.00>

State 3 <SV = 2> <Delay = 6.50>
ST_3 : Operation 35 [1/2] (3.25ns)   --->   "%x_0_load = load i8 %x_0_addr" [doppler_fft_256/doppler.cpp:13]   --->   Operation 35 'load' 'x_0_load' <Predicate = (!icmp_ln8 & icmp_ln10)> <Delay = 3.25> <CoreInst = "RAM">   --->   Core 82 'RAM' <Latency = 1> <II = 1> <Delay = 3.25> <Storage> <Opcode : 'load' 'store'> <Ports = 2> <Width = 32> <Depth = 256> <RAM>
ST_3 : Operation 36 [1/2] (3.25ns)   --->   "%x_1_load = load i8 %x_1_addr" [doppler_fft_256/doppler.cpp:13]   --->   Operation 36 'load' 'x_1_load' <Predicate = (!icmp_ln8 & icmp_ln10)> <Delay = 3.25> <CoreInst = "RAM">   --->   Core 82 'RAM' <Latency = 1> <II = 1> <Delay = 3.25> <Storage> <Opcode : 'load' 'store'> <Ports = 2> <Width = 32> <Depth = 256> <RAM>
ST_3 : Operation 37 [1/2] (3.25ns)   --->   "%x_0_load_1 = load i8 %x_0_addr_1" [doppler_fft_256/doppler.cpp:12]   --->   Operation 37 'load' 'x_0_load_1' <Predicate = (!icmp_ln8 & icmp_ln10)> <Delay = 3.25> <CoreInst = "RAM">   --->   Core 82 'RAM' <Latency = 1> <II = 1> <Delay = 3.25> <Storage> <Opcode : 'load' 'store'> <Ports = 2> <Width = 32> <Depth = 256> <RAM>
ST_3 : Operation 38 [1/2] (3.25ns)   --->   "%x_1_load_1 = load i8 %x_1_addr_1" [doppler_fft_256/doppler.cpp:12]   --->   Operation 38 'load' 'x_1_load_1' <Predicate = (!icmp_ln8 & icmp_ln10)> <Delay = 3.25> <CoreInst = "RAM">   --->   Core 82 'RAM' <Latency = 1> <II = 1> <Delay = 3.25> <Storage> <Opcode : 'load' 'store'> <Ports = 2> <Width = 32> <Depth = 256> <RAM>
ST_3 : Operation 39 [1/1] (3.25ns)   --->   "%store_ln12 = store i32 %x_0_load_1, i8 %x_0_addr" [doppler_fft_256/doppler.cpp:12]   --->   Operation 39 'store' 'store_ln12' <Predicate = (!icmp_ln8 & icmp_ln10)> <Delay = 3.25> <CoreInst = "RAM">   --->   Core 82 'RAM' <Latency = 1> <II = 1> <Delay = 3.25> <Storage> <Opcode : 'load' 'store'> <Ports = 2> <Width = 32> <Depth = 256> <RAM>
ST_3 : Operation 40 [1/1] (3.25ns)   --->   "%store_ln12 = store i32 %x_1_load_1, i8 %x_1_addr" [doppler_fft_256/doppler.cpp:12]   --->   Operation 40 'store' 'store_ln12' <Predicate = (!icmp_ln8 & icmp_ln10)> <Delay = 3.25> <CoreInst = "RAM">   --->   Core 82 'RAM' <Latency = 1> <II = 1> <Delay = 3.25> <Storage> <Opcode : 'load' 'store'> <Ports = 2> <Width = 32> <Depth = 256> <RAM>

State 4 <SV = 3> <Delay = 3.25>
ST_4 : Operation 41 [1/1] (3.25ns)   --->   "%store_ln13 = store i32 %x_0_load, i8 %x_0_addr_1" [doppler_fft_256/doppler.cpp:13]   --->   Operation 41 'store' 'store_ln13' <Predicate = (icmp_ln10)> <Delay = 3.25> <CoreInst = "RAM">   --->   Core 82 'RAM' <Latency = 1> <II = 1> <Delay = 3.25> <Storage> <Opcode : 'load' 'store'> <Ports = 2> <Width = 32> <Depth = 256> <RAM>
ST_4 : Operation 42 [1/1] (3.25ns)   --->   "%store_ln13 = store i32 %x_1_load, i8 %x_1_addr_1" [doppler_fft_256/doppler.cpp:13]   --->   Operation 42 'store' 'store_ln13' <Predicate = (icmp_ln10)> <Delay = 3.25> <CoreInst = "RAM">   --->   Core 82 'RAM' <Latency = 1> <II = 1> <Delay = 3.25> <Storage> <Opcode : 'load' 'store'> <Ports = 2> <Width = 32> <Depth = 256> <RAM>
ST_4 : Operation 43 [1/1] (0.00ns)   --->   "%br_ln14 = br void %for.inc" [doppler_fft_256/doppler.cpp:14]   --->   Operation 43 'br' 'br_ln14' <Predicate = (icmp_ln10)> <Delay = 0.00>


============================================================
+ Verbose Summary: Timing violations
============================================================
Target clock period: 10ns, clock uncertainty: 2.7ns.

 <State 1>: 3.25ns
The critical path consists of the following:
	'alloca' operation ('i') [4]  (0 ns)
	'load' operation ('i', doppler_fft_256/doppler.cpp:8) on local variable 'i' [8]  (0 ns)
	'getelementptr' operation ('br_lut_addr', doppler_fft_256/doppler.cpp:9) [18]  (0 ns)
	'load' operation ('br_lut_load', doppler_fft_256/doppler.cpp:9) on array 'br_lut' [19]  (3.25 ns)

 <State 2>: 6.51ns
The critical path consists of the following:
	'load' operation ('br_lut_load', doppler_fft_256/doppler.cpp:9) on array 'br_lut' [19]  (3.25 ns)
	'getelementptr' operation ('x_0_addr_1', doppler_fft_256/doppler.cpp:12) [28]  (0 ns)
	'load' operation ('x_0_load_1', doppler_fft_256/doppler.cpp:12) on array 'x_0' [29]  (3.25 ns)

 <State 3>: 6.51ns
The critical path consists of the following:
	'load' operation ('x_0_load_1', doppler_fft_256/doppler.cpp:12) on array 'x_0' [29]  (3.25 ns)
	'store' operation ('store_ln12', doppler_fft_256/doppler.cpp:12) of variable 'x_0_load_1', doppler_fft_256/doppler.cpp:12 on array 'x_0' [32]  (3.25 ns)

 <State 4>: 3.25ns
The critical path consists of the following:
	'store' operation ('store_ln13', doppler_fft_256/doppler.cpp:13) of variable 'x_0_load', doppler_fft_256/doppler.cpp:13 on array 'x_0' [34]  (3.25 ns)


============================================================
+ Verbose Summary: Binding
============================================================
N/A
* FSMD analyzer results:
  - Output states:
 - Input state : 
  - Chain level:
	State 1
	State 2
	State 3
	State 4


============================================================
+ Verbose Summary: Datapath Resource usage 
============================================================
N/A
