

================================================================
== Vitis HLS Report for 'trigger_ip'
================================================================
* Date:           Sat Apr 18 03:10:33 2026

* Version:        2022.1 (Build 3526262 on Mon Apr 18 15:48:16 MDT 2022)
* Project:        trigger_ip_project
* Solution:       solution1 (Vivado IP Flow Target)
* Product family: zynq
* Target device:  xc7z020-clg484-1


================================================================
== Performance Estimates
================================================================
+ Timing: 
    * Summary: 
    +--------+----------+----------+------------+
    |  Clock |  Target  | Estimated| Uncertainty|
    +--------+----------+----------+------------+
    |ap_clk  |  10.00 ns|  4.995 ns|     2.70 ns|
    +--------+----------+----------+------------+

+ Latency: 
    * Summary: 
    +---------+---------+-----------+-----------+-----+-----+---------+
    |  Latency (cycles) |   Latency (absolute)  |  Interval | Pipeline|
    |   min   |   max   |    min    |    max    | min | max |   Type  |
    +---------+---------+-----------+-----------+-----+-----+---------+
    |        2|        2|  20.000 ns|  20.000 ns|    1|    1|      yes|
    +---------+---------+-----------+-----------+-----+-----+---------+

    + Detail: 
        * Instance: 
        N/A

        * Loop: 
        N/A

============================================================
+ Verbose Summary: Synthesis Manager
============================================================
InlineROM: 1
ExposeGlobal: 0
============================================================
+ Verbose Summary: CDFG Model
============================================================
IsTopModel: 1
ResetActiveHigh: 1
IsCombinational: 0
IsDatapathOnly: 0
HasWiredReturn: 1
HasMFsm: 2
HasVarLatency: 0
IsPipeline: 1
IsRtlPipelined: 1
IsInstanceOverlapped: 0
IsDontTouch: 0
HasImplIP: 0
IsGatedGlobalClock: 0

+ Individual pipeline summary: 
  * Pipeline-0: initiation interval (II) = 1, depth = 3


============================================================
+ Verbose Summary: Schedule
============================================================
* Number of FSM states : 3
* Pipeline : 1
  Pipeline-0 : II = 1, D = 3, States = { 1 2 3 }
* Dataflow Pipeline: 0

* FSM state transitions: 
1 --> 2 
2 --> 3 
3 --> 

* FSM state operations: 

State 1 <SV = 0> <Delay = 4.99>
ST_1 : Operation 4 [1/1] (0.00ns)   --->   "%specpipeline_ln16 = specpipeline void @_ssdm_op_SpecPipeline, i32 1, i32 0, i32 0, i32 0, void @empty_1" [trigger_ip_project/trigger_ip.cpp:16]   --->   Operation 4 'specpipeline' 'specpipeline_ln16' <Predicate = true> <Delay = 0.00>
ST_1 : Operation 5 [1/1] (0.00ns)   --->   "%spectopmodule_ln3 = spectopmodule void @_ssdm_op_SpecTopModule, void @empty_7" [trigger_ip_project/trigger_ip.cpp:3]   --->   Operation 5 'spectopmodule' 'spectopmodule_ln3' <Predicate = true> <Delay = 0.00>
ST_1 : Operation 6 [1/1] (0.00ns)   --->   "%specinterface_ln0 = specinterface void @_ssdm_op_SpecInterface, i64 %s_axis_in_V_data_V, i8 %s_axis_in_V_keep_V, i8 %s_axis_in_V_strb_V, i1 %s_axis_in_V_last_V, void @empty, i32 1, i32 1, void @empty_0, i32 0, i32 0, void @empty_1, void @empty_1, void @empty_1, i32 0, i32 0, i32 0, i32 0, void @empty_1, void @empty_1, i32 4294967295, i32 0"   --->   Operation 6 'specinterface' 'specinterface_ln0' <Predicate = true> <Delay = 0.00>
ST_1 : Operation 7 [1/1] (0.00ns)   --->   "%specbitsmap_ln0 = specbitsmap void @_ssdm_op_SpecBitsMap, i64 %s_axis_in_V_data_V"   --->   Operation 7 'specbitsmap' 'specbitsmap_ln0' <Predicate = true> <Delay = 0.00>
ST_1 : Operation 8 [1/1] (0.00ns)   --->   "%specbitsmap_ln0 = specbitsmap void @_ssdm_op_SpecBitsMap, i8 %s_axis_in_V_keep_V"   --->   Operation 8 'specbitsmap' 'specbitsmap_ln0' <Predicate = true> <Delay = 0.00>
ST_1 : Operation 9 [1/1] (0.00ns)   --->   "%specbitsmap_ln0 = specbitsmap void @_ssdm_op_SpecBitsMap, i8 %s_axis_in_V_strb_V"   --->   Operation 9 'specbitsmap' 'specbitsmap_ln0' <Predicate = true> <Delay = 0.00>
ST_1 : Operation 10 [1/1] (0.00ns)   --->   "%specbitsmap_ln0 = specbitsmap void @_ssdm_op_SpecBitsMap, i1 %s_axis_in_V_last_V"   --->   Operation 10 'specbitsmap' 'specbitsmap_ln0' <Predicate = true> <Delay = 0.00>
ST_1 : Operation 11 [1/1] (0.00ns)   --->   "%specinterface_ln0 = specinterface void @_ssdm_op_SpecInterface, i64 %m_axis_out_V_data_V, i8 %m_axis_out_V_keep_V, i8 %m_axis_out_V_strb_V, i1 %m_axis_out_V_last_V, void @empty, i32 1, i32 1, void @empty_0, i32 0, i32 0, void @empty_1, void @empty_1, void @empty_1, i32 0, i32 0, i32 0, i32 0, void @empty_1, void @empty_1, i32 4294967295, i32 0"   --->   Operation 11 'specinterface' 'specinterface_ln0' <Predicate = true> <Delay = 0.00>
ST_1 : Operation 12 [1/1] (0.00ns)   --->   "%specbitsmap_ln0 = specbitsmap void @_ssdm_op_SpecBitsMap, i64 %m_axis_out_V_data_V"   --->   Operation 12 'specbitsmap' 'specbitsmap_ln0' <Predicate = true> <Delay = 0.00>
ST_1 : Operation 13 [1/1] (0.00ns)   --->   "%specbitsmap_ln0 = specbitsmap void @_ssdm_op_SpecBitsMap, i8 %m_axis_out_V_keep_V"   --->   Operation 13 'specbitsmap' 'specbitsmap_ln0' <Predicate = true> <Delay = 0.00>
ST_1 : Operation 14 [1/1] (0.00ns)   --->   "%specbitsmap_ln0 = specbitsmap void @_ssdm_op_SpecBitsMap, i8 %m_axis_out_V_strb_V"   --->   Operation 14 'specbitsmap' 'specbitsmap_ln0' <Predicate = true> <Delay = 0.00>
ST_1 : Operation 15 [1/1] (0.00ns)   --->   "%specbitsmap_ln0 = specbitsmap void @_ssdm_op_SpecBitsMap, i1 %m_axis_out_V_last_V"   --->   Operation 15 'specbitsmap' 'specbitsmap_ln0' <Predicate = true> <Delay = 0.00>
ST_1 : Operation 16 [1/1] (0.00ns)   --->   "%specbitsmap_ln0 = specbitsmap void @_ssdm_op_SpecBitsMap, i1 %sync_reset"   --->   Operation 16 'specbitsmap' 'specbitsmap_ln0' <Predicate = true> <Delay = 0.00>
ST_1 : Operation 17 [1/1] (0.00ns)   --->   "%specinterface_ln0 = specinterface void @_ssdm_op_SpecInterface, i1 %sync_reset, void @empty_2, i32 0, i32 0, void @empty_1, i32 0, i32 0, void @empty_3, void @empty_4, void @empty_1, i32 0, i32 0, i32 0, i32 0, void @empty_1, void @empty_1, i32 4294967295, i32 0"   --->   Operation 17 'specinterface' 'specinterface_ln0' <Predicate = true> <Delay = 0.00>
ST_1 : Operation 18 [1/1] (0.00ns)   --->   "%specinterface_ln0 = specinterface void @_ssdm_op_SpecInterface, i1 %sync_reset, void @empty_5, i32 0, i32 0, void @empty_1, i32 0, i32 0, void @empty_1, void @empty_1, void @empty_1, i32 0, i32 0, i32 0, i32 0, void @empty_1, void @empty_1, i32 4294967295, i32 0"   --->   Operation 18 'specinterface' 'specinterface_ln0' <Predicate = true> <Delay = 0.00>
ST_1 : Operation 19 [1/1] (0.00ns)   --->   "%specbitsmap_ln0 = specbitsmap void @_ssdm_op_SpecBitsMap, i1 %trigger_done"   --->   Operation 19 'specbitsmap' 'specbitsmap_ln0' <Predicate = true> <Delay = 0.00>
ST_1 : Operation 20 [1/1] (0.00ns)   --->   "%specinterface_ln0 = specinterface void @_ssdm_op_SpecInterface, i1 %trigger_done, void @empty_2, i32 0, i32 0, void @empty_1, i32 0, i32 0, void @empty_3, void @empty_6, void @empty_1, i32 0, i32 0, i32 0, i32 0, void @empty_1, void @empty_1, i32 4294967295, i32 0"   --->   Operation 20 'specinterface' 'specinterface_ln0' <Predicate = true> <Delay = 0.00>
ST_1 : Operation 21 [1/1] (0.00ns)   --->   "%specinterface_ln0 = specinterface void @_ssdm_op_SpecInterface, i1 %trigger_done, void @empty_5, i32 0, i32 0, void @empty_1, i32 0, i32 0, void @empty_1, void @empty_1, void @empty_1, i32 0, i32 0, i32 0, i32 0, void @empty_1, void @empty_1, i32 4294967295, i32 0"   --->   Operation 21 'specinterface' 'specinterface_ln0' <Predicate = true> <Delay = 0.00>
ST_1 : Operation 22 [1/1] (0.00ns)   --->   "%specinterface_ln0 = specinterface void @_ssdm_op_SpecInterface, i32 0, void @empty_2, i32 0, i32 0, void @empty_1, i32 0, i32 0, void @empty_3, void @empty_1, void @empty_1, i32 0, i32 0, i32 0, i32 0, void @empty_1, void @empty_1, i32 4294967295, i32 0"   --->   Operation 22 'specinterface' 'specinterface_ln0' <Predicate = true> <Delay = 0.00>
ST_1 : Operation 23 [1/1] (1.00ns)   --->   "%sync_reset_read = read i1 @_ssdm_op_Read.s_axilite.i1, i1 %sync_reset"   --->   Operation 23 'read' 'sync_reset_read' <Predicate = true> <Delay = 1.00> <CoreInst = "s_axilite">   --->   Core 114 's_axilite' <Latency = 0> <II = 1> <Delay = 1.00> <Adapter> <Opcode : 'read' 'write'>
ST_1 : Operation 24 [1/1] (0.00ns)   --->   "%br_ln22 = br i1 %sync_reset_read, void %if.end, void %if.then" [trigger_ip_project/trigger_ip.cpp:22]   --->   Operation 24 'br' 'br_ln22' <Predicate = true> <Delay = 0.00>
ST_1 : Operation 25 [1/1] (0.00ns)   --->   "%done_V_load = load i1 %done_V"   --->   Operation 25 'load' 'done_V_load' <Predicate = (!sync_reset_read)> <Delay = 0.00>
ST_1 : Operation 26 [1/1] (0.00ns)   --->   "%br_ln30 = br i1 %done_V_load, void %if.end14, void %return" [trigger_ip_project/trigger_ip.cpp:30]   --->   Operation 26 'br' 'br_ln30' <Predicate = (!sync_reset_read)> <Delay = 0.00>
ST_1 : Operation 27 [1/1] (0.00ns)   --->   "%empty = read i81 @_ssdm_op_Read.axis.volatile.i64P0A.i8P0A.i8P0A.i1P0A, i64 %s_axis_in_V_data_V, i8 %s_axis_in_V_keep_V, i8 %s_axis_in_V_strb_V, i1 %s_axis_in_V_last_V"   --->   Operation 27 'read' 'empty' <Predicate = (!sync_reset_read & !done_V_load)> <Delay = 0.00> <CoreInst = "axis">   --->   Core 115 'axis' <Latency = 0> <II = 1> <Delay = 1.00> <Adapter> <Opcode : >
ST_1 : Operation 28 [1/1] (0.00ns)   --->   "%p_0 = extractvalue i81 %empty"   --->   Operation 28 'extractvalue' 'p_0' <Predicate = (!sync_reset_read & !done_V_load)> <Delay = 0.00>
ST_1 : Operation 29 [1/1] (0.00ns)   --->   "%tmp_keep_V = extractvalue i81 %empty"   --->   Operation 29 'extractvalue' 'tmp_keep_V' <Predicate = (!sync_reset_read & !done_V_load)> <Delay = 0.00>
ST_1 : Operation 30 [1/1] (0.00ns)   --->   "%tmp_strb_V = extractvalue i81 %empty"   --->   Operation 30 'extractvalue' 'tmp_strb_V' <Predicate = (!sync_reset_read & !done_V_load)> <Delay = 0.00>
ST_1 : Operation 31 [1/1] (0.00ns)   --->   "%samp_cnt_V_load = load i16 %samp_cnt_V"   --->   Operation 31 'load' 'samp_cnt_V_load' <Predicate = (!sync_reset_read & !done_V_load)> <Delay = 0.00>
ST_1 : Operation 32 [1/1] (2.42ns)   --->   "%last_of_batch = icmp_eq  i16 %samp_cnt_V_load, i16 32767"   --->   Operation 32 'icmp' 'last_of_batch' <Predicate = (!sync_reset_read & !done_V_load)> <Delay = 2.42> <CoreInst = "Cmp">   --->   Core 9 'Cmp' <Latency = 0> <II = 1> <Delay = 2.42> <FuncUnit> <Opcode : 'icmp'> <InPorts = 2> <OutPorts = 1>
ST_1 : Operation 33 [1/1] (0.00ns)   --->   "%br_ln43 = br i1 %last_of_batch, void %if.else24, void %if.then17" [trigger_ip_project/trigger_ip.cpp:43]   --->   Operation 33 'br' 'br_ln43' <Predicate = (!sync_reset_read & !done_V_load)> <Delay = 0.00>
ST_1 : Operation 34 [1/1] (2.07ns)   --->   "%add_ln886 = add i16 %samp_cnt_V_load, i16 1"   --->   Operation 34 'add' 'add_ln886' <Predicate = (!sync_reset_read & !done_V_load & !last_of_batch)> <Delay = 2.07> <CoreInst = "Adder">   --->   Core 1 'Adder' <Latency = 0> <II = 1> <Delay = 2.07> <FuncUnit> <Opcode : 'add' 'sub'> <InPorts = 2> <OutPorts = 1>
ST_1 : Operation 35 [1/1] (1.58ns)   --->   "%store_ln886 = store i16 %add_ln886, i16 %samp_cnt_V"   --->   Operation 35 'store' 'store_ln886' <Predicate = (!sync_reset_read & !done_V_load & !last_of_batch)> <Delay = 1.58>
ST_1 : Operation 36 [1/1] (0.00ns)   --->   "%br_ln0 = br void %if.end26"   --->   Operation 36 'br' 'br_ln0' <Predicate = (!sync_reset_read & !done_V_load & !last_of_batch)> <Delay = 0.00>
ST_1 : Operation 37 [1/1] (1.58ns)   --->   "%store_ln44 = store i16 0, i16 %samp_cnt_V" [trigger_ip_project/trigger_ip.cpp:44]   --->   Operation 37 'store' 'store_ln44' <Predicate = (!sync_reset_read & !done_V_load & last_of_batch)> <Delay = 1.58>
ST_1 : Operation 38 [1/1] (0.00ns)   --->   "%batch_cnt_V_load = load i5 %batch_cnt_V"   --->   Operation 38 'load' 'batch_cnt_V_load' <Predicate = (!sync_reset_read & !done_V_load & last_of_batch)> <Delay = 0.00>
ST_1 : Operation 39 [1/1] (1.36ns)   --->   "%icmp_ln1065 = icmp_eq  i5 %batch_cnt_V_load, i5 15"   --->   Operation 39 'icmp' 'icmp_ln1065' <Predicate = (!sync_reset_read & !done_V_load & last_of_batch)> <Delay = 1.36> <CoreInst = "Cmp">   --->   Core 9 'Cmp' <Latency = 0> <II = 1> <Delay = 1.36> <FuncUnit> <Opcode : 'icmp'> <InPorts = 2> <OutPorts = 1>
ST_1 : Operation 40 [1/1] (0.00ns)   --->   "%br_ln46 = br i1 %icmp_ln1065, void %if.else, void %if.then20" [trigger_ip_project/trigger_ip.cpp:46]   --->   Operation 40 'br' 'br_ln46' <Predicate = (!sync_reset_read & !done_V_load & last_of_batch)> <Delay = 0.00>
ST_1 : Operation 41 [1/1] (1.78ns)   --->   "%add_ln886_1 = add i5 %batch_cnt_V_load, i5 1"   --->   Operation 41 'add' 'add_ln886_1' <Predicate = (!sync_reset_read & !done_V_load & last_of_batch & !icmp_ln1065)> <Delay = 1.78> <CoreInst = "Adder">   --->   Core 1 'Adder' <Latency = 0> <II = 1> <Delay = 1.78> <FuncUnit> <Opcode : 'add' 'sub'> <InPorts = 2> <OutPorts = 1>
ST_1 : Operation 42 [1/1] (1.58ns)   --->   "%store_ln886 = store i5 %add_ln886_1, i5 %batch_cnt_V"   --->   Operation 42 'store' 'store_ln886' <Predicate = (!sync_reset_read & !done_V_load & last_of_batch & !icmp_ln1065)> <Delay = 1.58>
ST_1 : Operation 43 [1/1] (0.00ns)   --->   "%br_ln0 = br void %if.end23"   --->   Operation 43 'br' 'br_ln0' <Predicate = (!sync_reset_read & !done_V_load & last_of_batch & !icmp_ln1065)> <Delay = 0.00>
ST_1 : Operation 44 [1/1] (1.58ns)   --->   "%store_ln47 = store i1 1, i1 %done_V" [trigger_ip_project/trigger_ip.cpp:47]   --->   Operation 44 'store' 'store_ln47' <Predicate = (!sync_reset_read & !done_V_load & last_of_batch & icmp_ln1065)> <Delay = 1.58>
ST_1 : Operation 45 [1/1] (0.00ns)   --->   "%br_ln52 = br void %if.end26" [trigger_ip_project/trigger_ip.cpp:52]   --->   Operation 45 'br' 'br_ln52' <Predicate = (!sync_reset_read & !done_V_load & last_of_batch)> <Delay = 0.00>
ST_1 : Operation 46 [1/1] (0.00ns)   --->   "%br_ln55 = br void %return" [trigger_ip_project/trigger_ip.cpp:55]   --->   Operation 46 'br' 'br_ln55' <Predicate = (!sync_reset_read & !done_V_load)> <Delay = 0.00>
ST_1 : Operation 47 [1/1] (1.58ns)   --->   "%store_ln23 = store i16 0, i16 %samp_cnt_V" [trigger_ip_project/trigger_ip.cpp:23]   --->   Operation 47 'store' 'store_ln23' <Predicate = (sync_reset_read)> <Delay = 1.58>
ST_1 : Operation 48 [1/1] (1.58ns)   --->   "%store_ln24 = store i5 0, i5 %batch_cnt_V" [trigger_ip_project/trigger_ip.cpp:24]   --->   Operation 48 'store' 'store_ln24' <Predicate = (sync_reset_read)> <Delay = 1.58>
ST_1 : Operation 49 [1/1] (1.58ns)   --->   "%store_ln25 = store i1 0, i1 %done_V" [trigger_ip_project/trigger_ip.cpp:25]   --->   Operation 49 'store' 'store_ln25' <Predicate = (sync_reset_read)> <Delay = 1.58>

State 2 <SV = 1> <Delay = 1.00>
ST_2 : Operation 50 [2/2] (0.00ns)   --->   "%write_ln304 = write void @_ssdm_op_Write.axis.volatile.i64P0A.i8P0A.i8P0A.i1P0A, i64 %m_axis_out_V_data_V, i8 %m_axis_out_V_keep_V, i8 %m_axis_out_V_strb_V, i1 %m_axis_out_V_last_V, i64 %p_0, i8 %tmp_keep_V, i8 %tmp_strb_V, i1 %last_of_batch"   --->   Operation 50 'write' 'write_ln304' <Predicate = (!sync_reset_read & !done_V_load)> <Delay = 0.00> <CoreInst = "axis">   --->   Core 115 'axis' <Latency = 0> <II = 1> <Delay = 1.00> <Adapter> <Opcode : >
ST_2 : Operation 51 [1/1] (1.00ns)   --->   "%write_ln48 = write void @_ssdm_op_Write.s_axilite.i1P0A, i1 %trigger_done, i1 1" [trigger_ip_project/trigger_ip.cpp:48]   --->   Operation 51 'write' 'write_ln48' <Predicate = (!sync_reset_read & !done_V_load & last_of_batch & icmp_ln1065)> <Delay = 1.00> <CoreInst = "s_axilite">   --->   Core 114 's_axilite' <Latency = 0> <II = 1> <Delay = 1.00> <Adapter> <Opcode : 'read' 'write'>
ST_2 : Operation 52 [1/1] (0.00ns)   --->   "%br_ln49 = br void %if.end23" [trigger_ip_project/trigger_ip.cpp:49]   --->   Operation 52 'br' 'br_ln49' <Predicate = (!sync_reset_read & !done_V_load & last_of_batch & icmp_ln1065)> <Delay = 0.00>
ST_2 : Operation 53 [1/1] (1.00ns)   --->   "%write_ln26 = write void @_ssdm_op_Write.s_axilite.i1P0A, i1 %trigger_done, i1 0" [trigger_ip_project/trigger_ip.cpp:26]   --->   Operation 53 'write' 'write_ln26' <Predicate = (sync_reset_read)> <Delay = 1.00> <CoreInst = "s_axilite">   --->   Core 114 's_axilite' <Latency = 0> <II = 1> <Delay = 1.00> <Adapter> <Opcode : 'read' 'write'>
ST_2 : Operation 54 [1/1] (0.00ns)   --->   "%br_ln27 = br void %return" [trigger_ip_project/trigger_ip.cpp:27]   --->   Operation 54 'br' 'br_ln27' <Predicate = (sync_reset_read)> <Delay = 0.00>

State 3 <SV = 2> <Delay = 0.00>
ST_3 : Operation 55 [1/2] (0.00ns)   --->   "%write_ln304 = write void @_ssdm_op_Write.axis.volatile.i64P0A.i8P0A.i8P0A.i1P0A, i64 %m_axis_out_V_data_V, i8 %m_axis_out_V_keep_V, i8 %m_axis_out_V_strb_V, i1 %m_axis_out_V_last_V, i64 %p_0, i8 %tmp_keep_V, i8 %tmp_strb_V, i1 %last_of_batch"   --->   Operation 55 'write' 'write_ln304' <Predicate = (!sync_reset_read & !done_V_load)> <Delay = 0.00> <CoreInst = "axis">   --->   Core 115 'axis' <Latency = 0> <II = 1> <Delay = 1.00> <Adapter> <Opcode : >
ST_3 : Operation 56 [1/1] (0.00ns)   --->   "%ret_ln55 = ret" [trigger_ip_project/trigger_ip.cpp:55]   --->   Operation 56 'ret' 'ret_ln55' <Predicate = true> <Delay = 0.00>


============================================================
+ Verbose Summary: Timing violations
============================================================
Target clock period: 10ns, clock uncertainty: 2.7ns.

 <State 1>: 4.99ns
The critical path consists of the following:
	'load' operation ('samp_cnt_V_load') on static variable 'samp_cnt_V' [43]  (0 ns)
	'add' operation ('add_ln886') [48]  (2.08 ns)
	'store' operation ('store_ln886') of variable 'add_ln886' on static variable 'samp_cnt_V' [49]  (1.59 ns)
	blocking operation 1.33 ns on control path)

 <State 2>: 1ns
The critical path consists of the following:
	s_axi write operation ('write_ln48', trigger_ip_project/trigger_ip.cpp:48) on port 'trigger_done' (trigger_ip_project/trigger_ip.cpp:48) [62]  (1 ns)

 <State 3>: 0ns
The critical path consists of the following:


============================================================
+ Verbose Summary: Binding
============================================================
N/A
* FSMD analyzer results:
  - Output states:
 - Input state : 
  - Chain level:
	State 1
	State 2
	State 3


============================================================
+ Verbose Summary: Datapath Resource usage 
============================================================
N/A
