

================================================================
== Synthesis Summary Report of 'fft_1024_top'
================================================================
+ General Information: 
    * Date:           Tue May  5 17:02:50 2026
    * Version:        2022.1 (Build 3526262 on Mon Apr 18 15:48:16 MDT 2022)
    * Project:        fft_project_wlo
    * Solution:       solution1 (Vivado IP Flow Target)
    * Product family: zynq
    * Target device:  xc7z020-clg484-1
    

+ Performance & Resource Estimates: 
    
    PS: '+' for module; 'o' for loop; '*' for dataflow
    +------------------------------------------+------+------+---------+-----------+----------+---------+------+----------+---------+----------+------------+-------------+-----+
    |                  Modules                 | Issue|      | Latency |  Latency  | Iteration|         | Trip |          |         |          |            |             |     |
    |                  & Loops                 | Type | Slack| (cycles)|    (ns)   |  Latency | Interval| Count| Pipelined|  BRAM   |    DSP   |     FF     |     LUT     | URAM|
    +------------------------------------------+------+------+---------+-----------+----------+---------+------+----------+---------+----------+------------+-------------+-----+
    |+ fft_1024_top                            |     -|  0.08|        -|          -|         -|        -|     -|        no|  18 (6%)|  30 (13%)|   6097 (5%)|  11246 (21%)|    -|
    | + fft_1024_top_Pipeline_VITIS_LOOP_47_1  |     -|  0.08|     1035|  1.035e+04|         -|     1035|     -|        no|        -|         -|   1089 (1%)|    1469 (2%)|    -|
    |  o VITIS_LOOP_47_1                       |     -|  7.30|     1033|  1.033e+04|        11|        1|  1024|       yes|        -|         -|           -|            -|    -|
    | + fft_1024_top_Pipeline_VITIS_LOOP_54_2  |     -|  0.08|     1035|  1.035e+04|         -|     1035|     -|        no|        -|         -|   1089 (1%)|    1469 (2%)|    -|
    |  o VITIS_LOOP_54_2                       |     -|  7.30|     1033|  1.033e+04|        11|        1|  1024|       yes|        -|         -|           -|            -|    -|
    | + fft_fast                               |     -|  0.38|        -|          -|         -|        -|     -|        no|   5 (1%)|   12 (5%)|   798 (~0%)|    1212 (2%)|    -|
    |  + fft_fast_Pipeline_VITIS_LOOP_7_1      |     -|  0.79|     3075|  3.075e+04|         -|     3075|     -|        no|  1 (~0%)|         -|   133 (~0%)|    167 (~0%)|    -|
    |   o VITIS_LOOP_7_1                       |    II|  7.30|     3073|  3.073e+04|         4|        3|  1024|       yes|        -|         -|           -|            -|    -|
    |  o VITIS_LOOP_17_2                       |     -|  7.30|        -|          -|         -|        -|     -|        no|        -|         -|           -|            -|    -|
    |   o VITIS_LOOP_20_3                      |     -|  7.30|        -|          -|      3077|        -|     -|        no|        -|         -|           -|            -|    -|
    |    + fft_fast_Pipeline_VITIS_LOOP_21_4   |     -|  0.38|     3074|  3.074e+04|         -|     3074|     -|        no|   4 (1%)|   12 (5%)|   461 (~0%)|     601 (1%)|    -|
    |     o VITIS_LOOP_21_4                    |    II|  7.30|     3072|  3.072e+04|         6|        6|   512|       yes|        -|         -|           -|            -|    -|
    | + fft_fast                               |     -|  0.38|        -|          -|         -|        -|     -|        no|   5 (1%)|   12 (5%)|   798 (~0%)|    1212 (2%)|    -|
    |  + fft_fast_Pipeline_VITIS_LOOP_7_1      |     -|  0.79|     3075|  3.075e+04|         -|     3075|     -|        no|  1 (~0%)|         -|   133 (~0%)|    167 (~0%)|    -|
    |   o VITIS_LOOP_7_1                       |    II|  7.30|     3073|  3.073e+04|         4|        3|  1024|       yes|        -|         -|           -|            -|    -|
    |  o VITIS_LOOP_17_2                       |     -|  7.30|        -|          -|         -|        -|     -|        no|        -|         -|           -|            -|    -|
    |   o VITIS_LOOP_20_3                      |     -|  7.30|        -|          -|      3077|        -|     -|        no|        -|         -|           -|            -|    -|
    |    + fft_fast_Pipeline_VITIS_LOOP_21_4   |     -|  0.38|     3074|  3.074e+04|         -|     3074|     -|        no|   4 (1%)|   12 (5%)|   461 (~0%)|     601 (1%)|    -|
    |     o VITIS_LOOP_21_4                    |    II|  7.30|     3072|  3.072e+04|         6|        6|   512|       yes|        -|         -|           -|            -|    -|
    | + fft_1024_top_Pipeline_VITIS_LOOP_63_3  |     -|  0.33|     1034|  1.034e+04|         -|     1034|     -|        no|        -|         -|   976 (~0%)|    2247 (4%)|    -|
    |  o VITIS_LOOP_63_3                       |     -|  7.30|     1032|  1.032e+04|        10|        1|  1024|       yes|        -|         -|           -|            -|    -|
    | + fft_1024_top_Pipeline_VITIS_LOOP_72_4  |     -|  0.33|     1034|  1.034e+04|         -|     1034|     -|        no|        -|         -|  1041 (~0%)|    2290 (4%)|    -|
    |  o VITIS_LOOP_72_4                       |     -|  7.30|     1032|  1.032e+04|        10|        1|  1024|       yes|        -|         -|           -|            -|    -|
    +------------------------------------------+------+------+---------+-----------+----------+---------+------+----------+---------+----------+------------+-------------+-----+


================================================================
== HW Interfaces
================================================================
* AXIS
+-----------+---------------+-------+-------+-------+--------+-------+--------+
| Interface | Register Mode | TDATA | TKEEP | TLAST | TREADY | TSTRB | TVALID |
+-----------+---------------+-------+-------+-------+--------+-------+--------+
| input_r   | both          | 64    | 8     | 1     | 1      | 8     | 1      |
| output_r  | both          | 64    | 8     | 1     | 1      | 8     | 1      |
+-----------+---------------+-------+-------+-------+--------+-------+--------+

* TOP LEVEL CONTROL
+-----------+--------------+----------+
| Interface | Type         | Ports    |
+-----------+--------------+----------+
| ap_clk    | clock        | ap_clk   |
| ap_rst_n  | reset        | ap_rst_n |
| ap_ctrl   | ap_ctrl_none |          |
+-----------+--------------+----------+


================================================================
== SW I/O Information
================================================================
* Top Function Arguments
+----------+-----------+-----------------------------------------------------+
| Argument | Direction | Datatype                                            |
+----------+-----------+-----------------------------------------------------+
| input    | in        | stream<hls::axis<std::complex<float>, 0, 0, 0>, 0>& |
| output   | out       | stream<hls::axis<std::complex<float>, 0, 0, 0>, 0>& |
+----------+-----------+-----------------------------------------------------+

* SW-to-HW Mapping
+----------+--------------+-----------+
| Argument | HW Interface | HW Type   |
+----------+--------------+-----------+
| input    | input_r      | interface |
| output   | output_r     | interface |
+----------+--------------+-----------+


================================================================
== M_AXI Burst Information
================================================================
 Note: All burst requests might be further partitioned into multiple requests during RTL generation based on max_read_burst_length or max_write_burst_length settings.

  No burst in design

================================================================
== Bind Op Report
================================================================
+-------------------------------------------------------------------------------------+-----+--------+----------------+-----+--------+---------+
| Name                                                                                | DSP | Pragma | Variable       | Op  | Impl   | Latency |
+-------------------------------------------------------------------------------------+-----+--------+----------------+-----+--------+---------+
| + fft_1024_top                                                                      | 30  |        |                |     |        |         |
|  + fft_1024_top_Pipeline_VITIS_LOOP_47_1                                            | 0   |        |                |     |        |         |
|    add_ln47_fu_162_p2                                                               | -   |        | add_ln47       | add | fabric | 0       |
|    man_V_6_fu_285_p2                                                                | -   |        | man_V_6        | sub | fabric | 0       |
|    F2_fu_298_p2                                                                     | -   |        | F2             | sub | fabric | 0       |
|    add_ln616_fu_310_p2                                                              | -   |        | add_ln616      | add | fabric | 0       |
|    sub_ln616_fu_316_p2                                                              | -   |        | sub_ln616      | sub | fabric | 0       |
|    man_V_9_fu_371_p2                                                                | -   |        | man_V_9        | sub | fabric | 0       |
|    F2_2_fu_384_p2                                                                   | -   |        | F2_2           | sub | fabric | 0       |
|    add_ln616_2_fu_396_p2                                                            | -   |        | add_ln616_2    | add | fabric | 0       |
|    sub_ln616_2_fu_402_p2                                                            | -   |        | sub_ln616_2    | sub | fabric | 0       |
|  + fft_1024_top_Pipeline_VITIS_LOOP_54_2                                            | 0   |        |                |     |        |         |
|    add_ln54_fu_162_p2                                                               | -   |        | add_ln54       | add | fabric | 0       |
|    man_V_1_fu_285_p2                                                                | -   |        | man_V_1        | sub | fabric | 0       |
|    F2_fu_298_p2                                                                     | -   |        | F2             | sub | fabric | 0       |
|    add_ln616_fu_310_p2                                                              | -   |        | add_ln616      | add | fabric | 0       |
|    sub_ln616_fu_316_p2                                                              | -   |        | sub_ln616      | sub | fabric | 0       |
|    man_V_4_fu_371_p2                                                                | -   |        | man_V_4        | sub | fabric | 0       |
|    F2_1_fu_384_p2                                                                   | -   |        | F2_1           | sub | fabric | 0       |
|    add_ln616_1_fu_396_p2                                                            | -   |        | add_ln616_1    | add | fabric | 0       |
|    sub_ln616_1_fu_402_p2                                                            | -   |        | sub_ln616_1    | sub | fabric | 0       |
|  + fft_fast (grp_fft_fast_fu_102)                                                   | 12  |        |                |     |        |         |
|    add_ln20_fu_164_p2                                                               | -   |        | add_ln20       | add | fabric | 0       |
|    ti_1_fu_169_p2                                                                   | -   |        | ti_1           | add | fabric | 0       |
|    s_3_fu_174_p2                                                                    | -   |        | s_3            | add | fabric | 0       |
|   + fft_fast_Pipeline_VITIS_LOOP_7_1 (grp_fft_fast_Pipeline_VITIS_LOOP_7_1_fu_65)   | 0   |        |                |     |        |         |
|     add_ln7_fu_120_p2                                                               | -   |        | add_ln7        | add | fabric | 0       |
|   + fft_fast_Pipeline_VITIS_LOOP_21_4 (grp_fft_fast_Pipeline_VITIS_LOOP_21_4_fu_75) | 12  |        |                |     |        |         |
|     add_ln21_fu_164_p2                                                              | -   |        | add_ln21       | add | fabric | 0       |
|     add_ln22_fu_170_p2                                                              | -   |        | add_ln22       | add | fabric | 0       |
|     add_ln24_fu_182_p2                                                              | -   |        | add_ln24       | add | fabric | 0       |
|     add_ln24_1_fu_194_p2                                                            | -   |        | add_ln24_1     | add | fabric | 0       |
|     mul_26s_26s_50_1_1_U24                                                          | 3   |        | r_V_1          | mul | auto   | 0       |
|     mul_26s_26s_50_1_1_U25                                                          | 3   |        | r_V_3          | mul | auto   | 0       |
|     ret_V_fu_263_p2                                                                 | -   |        | ret_V          | sub | fabric | 0       |
|     mul_26s_26s_50_1_1_U26                                                          | 3   |        | r_V_4          | mul | auto   | 0       |
|     mul_26s_26s_50_1_1_U27                                                          | 3   |        | r_V_5          | mul | auto   | 0       |
|     ret_V_1_fu_277_p2                                                               | -   |        | ret_V_1        | add | fabric | 0       |
|     x_M_real_d0                                                                     | -   |        | p_r_M_real_V_1 | add | fabric | 0       |
|     x_M_imag_d0                                                                     | -   |        | p_r_M_imag_V_1 | add | fabric | 0       |
|     x_M_real_d1                                                                     | -   |        | p_r_M_real_V_2 | sub | fabric | 0       |
|     x_M_imag_d1                                                                     | -   |        | p_r_M_imag_V_2 | sub | fabric | 0       |
|  + fft_fast (grp_fft_fast_fu_114)                                                   | 12  |        |                |     |        |         |
|    add_ln20_fu_164_p2                                                               | -   |        | add_ln20       | add | fabric | 0       |
|    ti_1_fu_169_p2                                                                   | -   |        | ti_1           | add | fabric | 0       |
|    s_3_fu_174_p2                                                                    | -   |        | s_3            | add | fabric | 0       |
|   + fft_fast_Pipeline_VITIS_LOOP_7_1 (grp_fft_fast_Pipeline_VITIS_LOOP_7_1_fu_65)   | 0   |        |                |     |        |         |
|     add_ln7_fu_120_p2                                                               | -   |        | add_ln7        | add | fabric | 0       |
|   + fft_fast_Pipeline_VITIS_LOOP_21_4 (grp_fft_fast_Pipeline_VITIS_LOOP_21_4_fu_75) | 12  |        |                |     |        |         |
|     add_ln21_fu_164_p2                                                              | -   |        | add_ln21       | add | fabric | 0       |
|     add_ln22_fu_170_p2                                                              | -   |        | add_ln22       | add | fabric | 0       |
|     add_ln24_fu_182_p2                                                              | -   |        | add_ln24       | add | fabric | 0       |
|     add_ln24_1_fu_194_p2                                                            | -   |        | add_ln24_1     | add | fabric | 0       |
|     mul_26s_26s_50_1_1_U24                                                          | 3   |        | r_V_1          | mul | auto   | 0       |
|     mul_26s_26s_50_1_1_U25                                                          | 3   |        | r_V_3          | mul | auto   | 0       |
|     ret_V_fu_263_p2                                                                 | -   |        | ret_V          | sub | fabric | 0       |
|     mul_26s_26s_50_1_1_U26                                                          | 3   |        | r_V_4          | mul | auto   | 0       |
|     mul_26s_26s_50_1_1_U27                                                          | 3   |        | r_V_5          | mul | auto   | 0       |
|     ret_V_1_fu_277_p2                                                               | -   |        | ret_V_1        | add | fabric | 0       |
|     x_M_real_d0                                                                     | -   |        | p_r_M_real_V_1 | add | fabric | 0       |
|     x_M_imag_d0                                                                     | -   |        | p_r_M_imag_V_1 | add | fabric | 0       |
|     x_M_real_d1                                                                     | -   |        | p_r_M_real_V_2 | sub | fabric | 0       |
|     x_M_imag_d1                                                                     | -   |        | p_r_M_imag_V_2 | sub | fabric | 0       |
|  + fft_1024_top_Pipeline_VITIS_LOOP_63_3                                            | 0   |        |                |     |        |         |
|    add_ln63_fu_187_p2                                                               | -   |        | add_ln63       | add | fabric | 0       |
|    tmp_V_fu_225_p2                                                                  | -   |        | tmp_V          | sub | fabric | 0       |
|    sub_ln1145_fu_266_p2                                                             | -   |        | sub_ln1145     | sub | fabric | 0       |
|    lsb_index_fu_348_p2                                                              | -   |        | lsb_index      | add | fabric | 0       |
|    sub_ln1148_fu_369_p2                                                             | -   |        | sub_ln1148     | sub | fabric | 0       |
|    add_ln1150_fu_415_p2                                                             | -   |        | add_ln1150     | add | fabric | 0       |
|    add_ln1159_fu_561_p2                                                             | -   |        | add_ln1159     | add | fabric | 0       |
|    sub_ln1160_fu_576_p2                                                             | -   |        | sub_ln1160     | sub | fabric | 0       |
|    m_13_fu_601_p2                                                                   | -   |        | m_13           | add | fabric | 0       |
|    tmp_V_7_fu_289_p2                                                                | -   |        | tmp_V_7        | sub | fabric | 0       |
|    sub_ln1145_2_fu_330_p2                                                           | -   |        | sub_ln1145_2   | sub | fabric | 0       |
|    lsb_index_2_fu_453_p2                                                            | -   |        | lsb_index_2    | add | fabric | 0       |
|    sub_ln1148_2_fu_474_p2                                                           | -   |        | sub_ln1148_2   | sub | fabric | 0       |
|    add_ln1150_2_fu_520_p2                                                           | -   |        | add_ln1150_2   | add | fabric | 0       |
|    add_ln1159_2_fu_628_p2                                                           | -   |        | add_ln1159_2   | add | fabric | 0       |
|    sub_ln1160_2_fu_643_p2                                                           | -   |        | sub_ln1160_2   | sub | fabric | 0       |
|    m_16_fu_668_p2                                                                   | -   |        | m_16           | add | fabric | 0       |
|  + fft_1024_top_Pipeline_VITIS_LOOP_72_4                                            | 0   |        |                |     |        |         |
|    add_ln72_fu_188_p2                                                               | -   |        | add_ln72       | add | fabric | 0       |
|    tmp_V_fu_232_p2                                                                  | -   |        | tmp_V          | sub | fabric | 0       |
|    sub_ln1145_fu_273_p2                                                             | -   |        | sub_ln1145     | sub | fabric | 0       |
|    lsb_index_fu_355_p2                                                              | -   |        | lsb_index      | add | fabric | 0       |
|    sub_ln1148_fu_376_p2                                                             | -   |        | sub_ln1148     | sub | fabric | 0       |
|    add_ln1150_fu_422_p2                                                             | -   |        | add_ln1150     | add | fabric | 0       |
|    add_ln1159_fu_568_p2                                                             | -   |        | add_ln1159     | add | fabric | 0       |
|    sub_ln1160_fu_583_p2                                                             | -   |        | sub_ln1160     | sub | fabric | 0       |
|    m_2_fu_608_p2                                                                    | -   |        | m_2            | add | fabric | 0       |
|    tmp_V_2_fu_296_p2                                                                | -   |        | tmp_V_2        | sub | fabric | 0       |
|    sub_ln1145_1_fu_337_p2                                                           | -   |        | sub_ln1145_1   | sub | fabric | 0       |
|    lsb_index_1_fu_460_p2                                                            | -   |        | lsb_index_1    | add | fabric | 0       |
|    sub_ln1148_1_fu_481_p2                                                           | -   |        | sub_ln1148_1   | sub | fabric | 0       |
|    add_ln1150_1_fu_527_p2                                                           | -   |        | add_ln1150_1   | add | fabric | 0       |
|    add_ln1159_1_fu_635_p2                                                           | -   |        | add_ln1159_1   | add | fabric | 0       |
|    sub_ln1160_1_fu_650_p2                                                           | -   |        | sub_ln1160_1   | sub | fabric | 0       |
|    m_7_fu_675_p2                                                                    | -   |        | m_7            | add | fabric | 0       |
+-------------------------------------------------------------------------------------+-----+--------+----------------+-----+--------+---------+


================================================================
== Bind Storage Report
================================================================
+-------------------------------------------------------------------------------------+------+------+--------+-------------+---------+------+---------+
| Name                                                                                | BRAM | URAM | Pragma | Variable    | Storage | Impl | Latency |
+-------------------------------------------------------------------------------------+------+------+--------+-------------+---------+------+---------+
| + fft_1024_top                                                                      | 18   | 0    |        |             |         |      |         |
|   ga_M_real_V_U                                                                     | 2    | -    |        | ga_M_real_V | ram_t2p | auto | 1       |
|   ga_M_imag_V_U                                                                     | 2    | -    |        | ga_M_imag_V | ram_t2p | auto | 1       |
|   gb_M_real_V_U                                                                     | 2    | -    |        | gb_M_real_V | ram_t2p | auto | 1       |
|   gb_M_imag_V_U                                                                     | 2    | -    |        | gb_M_imag_V | ram_t2p | auto | 1       |
|  + fft_fast (grp_fft_fast_fu_102)                                                   | 5    | 0    |        |             |         |      |         |
|   + fft_fast_Pipeline_VITIS_LOOP_7_1 (grp_fft_fast_Pipeline_VITIS_LOOP_7_1_fu_65)   | 1    | 0    |        |             |         |      |         |
|     br_lut_U                                                                        | 1    | -    |        | br_lut      | rom_1p  | auto | 1       |
|   + fft_fast_Pipeline_VITIS_LOOP_21_4 (grp_fft_fast_Pipeline_VITIS_LOOP_21_4_fu_75) | 4    | 0    |        |             |         |      |         |
|     tw_M_real_V_U                                                                   | 2    | -    |        | tw_M_real_V | rom_1p  | auto | 1       |
|     tw_M_imag_V_U                                                                   | 2    | -    |        | tw_M_imag_V | rom_1p  | auto | 1       |
|  + fft_fast (grp_fft_fast_fu_114)                                                   | 5    | 0    |        |             |         |      |         |
|   + fft_fast_Pipeline_VITIS_LOOP_7_1 (grp_fft_fast_Pipeline_VITIS_LOOP_7_1_fu_65)   | 1    | 0    |        |             |         |      |         |
|     br_lut_U                                                                        | 1    | -    |        | br_lut      | rom_1p  | auto | 1       |
|   + fft_fast_Pipeline_VITIS_LOOP_21_4 (grp_fft_fast_Pipeline_VITIS_LOOP_21_4_fu_75) | 4    | 0    |        |             |         |      |         |
|     tw_M_real_V_U                                                                   | 2    | -    |        | tw_M_real_V | rom_1p  | auto | 1       |
|     tw_M_imag_V_U                                                                   | 2    | -    |        | tw_M_imag_V | rom_1p  | auto | 1       |
+-------------------------------------------------------------------------------------+------+------+--------+-------------+---------+------+---------+


================================================================
== Pragma Report
================================================================
* Valid Pragma Syntax
+-----------+--------------------------------+----------------------------------------------------+
| Type      | Options                        | Location                                           |
+-----------+--------------------------------+----------------------------------------------------+
| interface | ap_ctrl_none port=return       | fft_project_wlo/fft.cpp:40 in fft_1024_top, return |
| interface | axis register both port=input  | fft_project_wlo/fft.cpp:41 in fft_1024_top, input  |
| interface | axis register both port=output | fft_project_wlo/fft.cpp:42 in fft_1024_top, output |
+-----------+--------------------------------+----------------------------------------------------+


