

================================================================
== Vitis HLS Report for 'fft_fast_Pipeline_VITIS_LOOP_7_1'
================================================================
* Date:           Tue May  5 17:02:38 2026

* Version:        2022.1 (Build 3526262 on Mon Apr 18 15:48:16 MDT 2022)
* Project:        fft_project_wlo
* Solution:       solution1 (Vivado IP Flow Target)
* Product family: zynq
* Target device:  xc7z020-clg484-1


================================================================
== Performance Estimates
================================================================
+ Timing: 
    * Summary: 
    +--------+----------+----------+------------+
    |  Clock |  Target  | Estimated| Uncertainty|
    +--------+----------+----------+------------+
    |ap_clk  |  10.00 ns|  6.508 ns|     2.70 ns|
    +--------+----------+----------+------------+

+ Latency: 
    * Summary: 
    +---------+---------+-----------+-----------+------+------+---------+
    |  Latency (cycles) |   Latency (absolute)  |   Interval  | Pipeline|
    |   min   |   max   |    min    |    max    |  min |  max |   Type  |
    +---------+---------+-----------+-----------+------+------+---------+
    |     3075|     3075|  30.750 us|  30.750 us|  3075|  3075|       no|
    +---------+---------+-----------+-----------+------+------+---------+

    + Detail: 
        * Instance: 
        N/A

        * Loop: 
        +------------------+---------+---------+----------+-----------+-----------+------+----------+
        |                  |  Latency (cycles) | Iteration|  Initiation Interval  | Trip |          |
        |     Loop Name    |   min   |   max   |  Latency |  achieved |   target  | Count| Pipelined|
        +------------------+---------+---------+----------+-----------+-----------+------+----------+
        |- VITIS_LOOP_7_1  |     3073|     3073|         4|          3|          1|  1024|       yes|
        +------------------+---------+---------+----------+-----------+-----------+------+----------+



================================================================
== Utilization Estimates
================================================================
* Summary: 
+-----------------+---------+-----+--------+-------+-----+
|       Name      | BRAM_18K| DSP |   FF   |  LUT  | URAM|
+-----------------+---------+-----+--------+-------+-----+
|DSP              |        -|    -|       -|      -|    -|
|Expression       |        -|    -|       0|     37|    -|
|FIFO             |        -|    -|       -|      -|    -|
|Instance         |        -|    -|       -|      -|    -|
|Memory           |        1|    -|       0|      0|    -|
|Multiplexer      |        -|    -|       -|    130|    -|
|Register         |        -|    -|     133|      -|    -|
+-----------------+---------+-----+--------+-------+-----+
|Total            |        1|    0|     133|    167|    0|
+-----------------+---------+-----+--------+-------+-----+
|Available        |      280|  220|  106400|  53200|    0|
+-----------------+---------+-----+--------+-------+-----+
|Utilization (%)  |       ~0|    0|      ~0|     ~0|    0|
+-----------------+---------+-----+--------+-------+-----+

+ Detail: 
    * Instance: 
    N/A

    * DSP: 
    N/A

    * Memory: 
    +----------+-----------------------------------------------------+---------+---+----+-----+------+-----+------+-------------+
    |  Memory  |                        Module                       | BRAM_18K| FF| LUT| URAM| Words| Bits| Banks| W*Bits*Banks|
    +----------+-----------------------------------------------------+---------+---+----+-----+------+-----+------+-------------+
    |br_lut_U  |fft_fast_Pipeline_VITIS_LOOP_7_1_br_lut_ROM_AUTO_1R  |        1|  0|   0|    0|  1024|   10|     1|        10240|
    +----------+-----------------------------------------------------+---------+---+----+-----+------+-----+------+-------------+
    |Total     |                                                     |        1|  0|   0|    0|  1024|   10|     1|        10240|
    +----------+-----------------------------------------------------+---------+---+----+-----+------+-----+------+-------------+

    * FIFO: 
    N/A

    * Expression: 
    +--------------------+----------+----+---+----+------------+------------+
    |    Variable Name   | Operation| DSP| FF| LUT| Bitwidth P0| Bitwidth P1|
    +--------------------+----------+----+---+----+------------+------------+
    |add_ln7_fu_120_p2   |         +|   0|  0|  12|          11|           1|
    |icmp_ln7_fu_109_p2  |      icmp|   0|  0|  12|          11|          12|
    |icmp_ln9_fu_134_p2  |      icmp|   0|  0|  11|          10|          10|
    |ap_enable_pp0       |       xor|   0|  0|   2|           1|           2|
    +--------------------+----------+----+---+----+------------+------------+
    |Total               |          |   0|  0|  37|          33|          25|
    +--------------------+----------+----+---+----+------------+------------+

    * Multiplexer: 
    +-----------------------------+----+-----------+-----+-----------+
    |             Name            | LUT| Input Size| Bits| Total Bits|
    +-----------------------------+----+-----------+-----+-----------+
    |ap_NS_fsm                    |  20|          4|    1|          4|
    |ap_done_int                  |   9|          2|    1|          2|
    |ap_enable_reg_pp0_iter0      |   9|          2|    1|          2|
    |ap_enable_reg_pp0_iter0_reg  |   9|          2|    1|          2|
    |ap_enable_reg_pp0_iter1      |   9|          2|    1|          2|
    |ap_sig_allocacmp_i_1         |   9|          2|   11|         22|
    |i_fu_32                      |   9|          2|   11|         22|
    |x_M_imag_address0            |  14|          3|   10|         30|
    |x_M_imag_address1            |  14|          3|   10|         30|
    |x_M_real_address0            |  14|          3|   10|         30|
    |x_M_real_address1            |  14|          3|   10|         30|
    +-----------------------------+----+-----------+-----+-----------+
    |Total                        | 130|         28|   67|        176|
    +-----------------------------+----+-----------+-----+-----------+

    * Register: 
    +-----------------------------+----+----+-----+-----------+
    |             Name            | FF | LUT| Bits| Const Bits|
    +-----------------------------+----+----+-----+-----------+
    |ap_CS_fsm                    |   3|   0|    3|          0|
    |ap_done_reg                  |   1|   0|    1|          0|
    |ap_enable_reg_pp0_iter0_reg  |   1|   0|    1|          0|
    |ap_enable_reg_pp0_iter1      |   1|   0|    1|          0|
    |i_1_reg_152                  |  11|   0|   11|          0|
    |i_cast2_reg_162              |  11|   0|   64|         53|
    |i_fu_32                      |  11|   0|   11|          0|
    |icmp_ln7_reg_158             |   1|   0|    1|          0|
    |icmp_ln9_reg_173             |   1|   0|    1|          0|
    |x_M_imag_addr_1_reg_192      |  10|   0|   10|          0|
    |x_M_imag_addr_reg_182        |  10|   0|   10|          0|
    |x_M_imag_load_reg_202        |  26|   0|   26|          0|
    |x_M_real_addr_1_reg_187      |  10|   0|   10|          0|
    |x_M_real_addr_reg_177        |  10|   0|   10|          0|
    |x_M_real_load_reg_197        |  26|   0|   26|          0|
    +-----------------------------+----+----+-----+-----------+
    |Total                        | 133|   0|  186|         53|
    +-----------------------------+----+----+-----+-----------+



================================================================
== Interface
================================================================
* Summary: 
+-------------------+-----+-----+------------+----------------------------------+--------------+
|     RTL Ports     | Dir | Bits|  Protocol  |           Source Object          |    C Type    |
+-------------------+-----+-----+------------+----------------------------------+--------------+
|ap_clk             |   in|    1|  ap_ctrl_hs|  fft_fast_Pipeline_VITIS_LOOP_7_1|  return value|
|ap_rst             |   in|    1|  ap_ctrl_hs|  fft_fast_Pipeline_VITIS_LOOP_7_1|  return value|
|ap_start           |   in|    1|  ap_ctrl_hs|  fft_fast_Pipeline_VITIS_LOOP_7_1|  return value|
|ap_done            |  out|    1|  ap_ctrl_hs|  fft_fast_Pipeline_VITIS_LOOP_7_1|  return value|
|ap_idle            |  out|    1|  ap_ctrl_hs|  fft_fast_Pipeline_VITIS_LOOP_7_1|  return value|
|ap_ready           |  out|    1|  ap_ctrl_hs|  fft_fast_Pipeline_VITIS_LOOP_7_1|  return value|
|x_M_real_address0  |  out|   10|   ap_memory|                          x_M_real|         array|
|x_M_real_ce0       |  out|    1|   ap_memory|                          x_M_real|         array|
|x_M_real_we0       |  out|    1|   ap_memory|                          x_M_real|         array|
|x_M_real_d0        |  out|   26|   ap_memory|                          x_M_real|         array|
|x_M_real_q0        |   in|   26|   ap_memory|                          x_M_real|         array|
|x_M_real_address1  |  out|   10|   ap_memory|                          x_M_real|         array|
|x_M_real_ce1       |  out|    1|   ap_memory|                          x_M_real|         array|
|x_M_real_we1       |  out|    1|   ap_memory|                          x_M_real|         array|
|x_M_real_d1        |  out|   26|   ap_memory|                          x_M_real|         array|
|x_M_real_q1        |   in|   26|   ap_memory|                          x_M_real|         array|
|x_M_imag_address0  |  out|   10|   ap_memory|                          x_M_imag|         array|
|x_M_imag_ce0       |  out|    1|   ap_memory|                          x_M_imag|         array|
|x_M_imag_we0       |  out|    1|   ap_memory|                          x_M_imag|         array|
|x_M_imag_d0        |  out|   26|   ap_memory|                          x_M_imag|         array|
|x_M_imag_q0        |   in|   26|   ap_memory|                          x_M_imag|         array|
|x_M_imag_address1  |  out|   10|   ap_memory|                          x_M_imag|         array|
|x_M_imag_ce1       |  out|    1|   ap_memory|                          x_M_imag|         array|
|x_M_imag_we1       |  out|    1|   ap_memory|                          x_M_imag|         array|
|x_M_imag_d1        |  out|   26|   ap_memory|                          x_M_imag|         array|
|x_M_imag_q1        |   in|   26|   ap_memory|                          x_M_imag|         array|
+-------------------+-----+-----+------------+----------------------------------+--------------+

