

================================================================
== Vitis HLS Report for 'fft_1024_top_Pipeline_VITIS_LOOP_63_3'
================================================================
* Date:           Tue May  5 17:02:41 2026

* Version:        2022.1 (Build 3526262 on Mon Apr 18 15:48:16 MDT 2022)
* Project:        fft_project_wlo
* Solution:       solution1 (Vivado IP Flow Target)
* Product family: zynq
* Target device:  xc7z020-clg484-1


================================================================
== Performance Estimates
================================================================
+ Timing: 
    * Summary: 
    +--------+----------+----------+------------+
    |  Clock |  Target  | Estimated| Uncertainty|
    +--------+----------+----------+------------+
    |ap_clk  |  10.00 ns|  6.972 ns|     2.70 ns|
    +--------+----------+----------+------------+

+ Latency: 
    * Summary: 
    +---------+---------+-----------+-----------+------+------+---------+
    |  Latency (cycles) |   Latency (absolute)  |   Interval  | Pipeline|
    |   min   |   max   |    min    |    max    |  min |  max |   Type  |
    +---------+---------+-----------+-----------+------+------+---------+
    |     1034|     1034|  10.340 us|  10.340 us|  1034|  1034|       no|
    +---------+---------+-----------+-----------+------+------+---------+

    + Detail: 
        * Instance: 
        N/A

        * Loop: 
        +-------------------+---------+---------+----------+-----------+-----------+------+----------+
        |                   |  Latency (cycles) | Iteration|  Initiation Interval  | Trip |          |
        |     Loop Name     |   min   |   max   |  Latency |  achieved |   target  | Count| Pipelined|
        +-------------------+---------+---------+----------+-----------+-----------+------+----------+
        |- VITIS_LOOP_63_3  |     1032|     1032|        10|          1|          1|  1024|       yes|
        +-------------------+---------+---------+----------+-----------+-----------+------+----------+



================================================================
== Utilization Estimates
================================================================
* Summary: 
+-----------------+---------+-----+--------+-------+-----+
|       Name      | BRAM_18K| DSP |   FF   |  LUT  | URAM|
+-----------------+---------+-----+--------+-------+-----+
|DSP              |        -|    -|       -|      -|    -|
|Expression       |        -|    -|       0|   2010|    -|
|FIFO             |        -|    -|       -|      -|    -|
|Instance         |        -|    -|       -|      -|    -|
|Memory           |        -|    -|       -|      -|    -|
|Multiplexer      |        -|    -|       -|     45|    -|
|Register         |        -|    -|     976|    192|    -|
+-----------------+---------+-----+--------+-------+-----+
|Total            |        0|    0|     976|   2247|    0|
+-----------------+---------+-----+--------+-------+-----+
|Available        |      280|  220|  106400|  53200|    0|
+-----------------+---------+-----+--------+-------+-----+
|Utilization (%)  |        0|    0|      ~0|      4|    0|
+-----------------+---------+-----+--------+-------+-----+

+ Detail: 
    * Instance: 
    N/A

    * DSP: 
    N/A

    * Memory: 
    N/A

    * FIFO: 
    N/A

    * Expression: 
    +---------------------------+----------+----+---+-----+------------+------------+
    |       Variable Name       | Operation| DSP| FF| LUT | Bitwidth P0| Bitwidth P1|
    +---------------------------+----------+----+---+-----+------------+------------+
    |add_ln1150_2_fu_520_p2     |         +|   0|  0|   33|          26|           6|
    |add_ln1150_fu_415_p2       |         +|   0|  0|   33|          26|           6|
    |add_ln1159_2_fu_628_p2     |         +|   0|  0|   39|          32|           6|
    |add_ln1159_fu_561_p2       |         +|   0|  0|   39|          32|           6|
    |add_ln1170_2_fu_751_p2     |         +|   0|  0|    8|           8|           8|
    |add_ln1170_fu_707_p2       |         +|   0|  0|    8|           8|           8|
    |add_ln63_fu_187_p2         |         +|   0|  0|   12|          11|           1|
    |lsb_index_2_fu_453_p2      |         +|   0|  0|   39|          32|           6|
    |lsb_index_fu_348_p2        |         +|   0|  0|   39|          32|           6|
    |m_13_fu_601_p2             |         +|   0|  0|   71|          64|          64|
    |m_16_fu_668_p2             |         +|   0|  0|   71|          64|          64|
    |sub_ln1145_2_fu_330_p2     |         -|   0|  0|   39|           5|          32|
    |sub_ln1145_fu_266_p2       |         -|   0|  0|   39|           5|          32|
    |sub_ln1148_2_fu_474_p2     |         -|   0|  0|   13|           5|           5|
    |sub_ln1148_fu_369_p2       |         -|   0|  0|   13|           5|           5|
    |sub_ln1160_2_fu_643_p2     |         -|   0|  0|   39|           5|          32|
    |sub_ln1160_fu_576_p2       |         -|   0|  0|   39|           5|          32|
    |sub_ln1165_2_fu_746_p2     |         -|   0|  0|    8|           2|           8|
    |sub_ln1165_fu_702_p2       |         -|   0|  0|    8|           2|           8|
    |tmp_V_7_fu_289_p2          |         -|   0|  0|   33|           1|          26|
    |tmp_V_fu_225_p2            |         -|   0|  0|   33|           1|          26|
    |a_2_fu_500_p2              |       and|   0|  0|    2|           1|           1|
    |a_fu_395_p2                |       and|   0|  0|    2|           1|           1|
    |and_ln1150_1_fu_532_p2     |       and|   0|  0|    2|           1|           1|
    |and_ln1150_fu_427_p2       |       and|   0|  0|    2|           1|           1|
    |ap_block_pp0_stage0_01001  |       and|   0|  0|    2|           1|           1|
    |p_Result_22_fu_384_p2      |       and|   0|  0|   26|          26|          26|
    |p_Result_28_fu_489_p2      |       and|   0|  0|   26|          26|          26|
    |icmp_ln1136_2_fu_284_p2    |      icmp|   0|  0|   16|          26|           1|
    |icmp_ln1136_fu_220_p2      |      icmp|   0|  0|   16|          26|           1|
    |icmp_ln1147_2_fu_468_p2    |      icmp|   0|  0|   17|          31|           1|
    |icmp_ln1147_fu_363_p2      |      icmp|   0|  0|   17|          31|           1|
    |icmp_ln1148_2_fu_494_p2    |      icmp|   0|  0|   16|          26|           1|
    |icmp_ln1148_fu_389_p2      |      icmp|   0|  0|   16|          26|           1|
    |icmp_ln1159_2_fu_552_p2    |      icmp|   0|  0|   18|          32|           1|
    |icmp_ln1159_fu_447_p2      |      icmp|   0|  0|   18|          32|           1|
    |icmp_ln63_fu_181_p2        |      icmp|   0|  0|   12|          11|          12|
    |lshr_ln1148_2_fu_483_p2    |      lshr|   0|  0|   75|           2|          26|
    |lshr_ln1148_fu_378_p2      |      lshr|   0|  0|   75|           2|          26|
    |lshr_ln1159_2_fu_637_p2    |      lshr|   0|  0|  182|          64|          64|
    |lshr_ln1159_fu_570_p2      |      lshr|   0|  0|  182|          64|          64|
    |or_ln1150_3_fu_538_p2      |        or|   0|  0|    2|           1|           1|
    |or_ln1150_fu_433_p2        |        or|   0|  0|    2|           1|           1|
    |m_12_fu_591_p3             |    select|   0|  0|   64|           1|          64|
    |m_15_fu_658_p3             |    select|   0|  0|   64|           1|          64|
    |select_ln1144_2_fu_739_p3  |    select|   0|  0|    7|           1|           7|
    |select_ln1144_fu_695_p3    |    select|   0|  0|    7|           1|           7|
    |select_ln304_1_fu_803_p3   |    select|   0|  0|   32|           1|           1|
    |select_ln304_fu_792_p3     |    select|   0|  0|   32|           1|           1|
    |tmp_V_10_fu_294_p3         |    select|   0|  0|   26|           1|          26|
    |tmp_V_9_fu_230_p3          |    select|   0|  0|   26|           1|          26|
    |shl_ln1160_2_fu_652_p2     |       shl|   0|  0|  182|          64|          64|
    |shl_ln1160_fu_585_p2       |       shl|   0|  0|  182|          64|          64|
    |ap_enable_pp0              |       xor|   0|  0|    2|           1|           2|
    |xor_ln1150_2_fu_514_p2     |       xor|   0|  0|    2|           1|           2|
    |xor_ln1150_fu_409_p2       |       xor|   0|  0|    2|           1|           2|
    +---------------------------+----------+----+---+-----+------------+------------+
    |Total                      |          |   0|  0| 2010|         942|         976|
    +---------------------------+----------+----+---+-----+------------+------------+

    * Multiplexer: 
    +-------------------------+----+-----------+-----+-----------+
    |           Name          | LUT| Input Size| Bits| Total Bits|
    +-------------------------+----+-----------+-----+-----------+
    |ap_done_int              |   9|          2|    1|          2|
    |ap_enable_reg_pp0_iter1  |   9|          2|    1|          2|
    |ap_sig_allocacmp_i       |   9|          2|   11|         22|
    |i_2_fu_114               |   9|          2|   11|         22|
    |output_r_TDATA_blk_n     |   9|          2|    1|          2|
    +-------------------------+----+-----------+-----+-----------+
    |Total                    |  45|         10|   25|         50|
    +-------------------------+----+-----------+-----+-----------+

    * Register: 
    +------------------------------------+----+----+-----+-----------+
    |                Name                | FF | LUT| Bits| Const Bits|
    +------------------------------------+----+----+-----+-----------+
    |LD_2_reg_979                        |  32|   0|   32|          0|
    |LD_reg_974                          |  32|   0|   32|          0|
    |ap_CS_fsm                           |   1|   0|    1|          0|
    |ap_done_reg                         |   1|   0|    1|          0|
    |ap_enable_reg_pp0_iter1             |   1|   0|    1|          0|
    |ap_enable_reg_pp0_iter2             |   1|   0|    1|          0|
    |ap_enable_reg_pp0_iter3             |   1|   0|    1|          0|
    |ap_enable_reg_pp0_iter4             |   1|   0|    1|          0|
    |ap_enable_reg_pp0_iter5             |   1|   0|    1|          0|
    |ap_enable_reg_pp0_iter6             |   1|   0|    1|          0|
    |ap_enable_reg_pp0_iter7             |   1|   0|    1|          0|
    |ap_enable_reg_pp0_iter8             |   1|   0|    1|          0|
    |ap_enable_reg_pp0_iter9             |   1|   0|    1|          0|
    |ap_loop_exit_ready_pp0_iter1_reg    |   1|   0|    1|          0|
    |ap_loop_exit_ready_pp0_iter2_reg    |   1|   0|    1|          0|
    |ap_loop_exit_ready_pp0_iter3_reg    |   1|   0|    1|          0|
    |ap_loop_exit_ready_pp0_iter4_reg    |   1|   0|    1|          0|
    |ap_loop_exit_ready_pp0_iter5_reg    |   1|   0|    1|          0|
    |ap_loop_exit_ready_pp0_iter6_reg    |   1|   0|    1|          0|
    |ap_loop_exit_ready_pp0_iter7_reg    |   1|   0|    1|          0|
    |ap_loop_exit_ready_pp0_iter8_reg    |   1|   0|    1|          0|
    |i_2_fu_114                          |  11|   0|   11|          0|
    |icmp_ln1136_2_reg_900               |   1|   0|    1|          0|
    |icmp_ln1136_reg_866                 |   1|   0|    1|          0|
    |icmp_ln1159_2_reg_949               |   1|   0|    1|          0|
    |icmp_ln1159_reg_939                 |   1|   0|    1|          0|
    |m_19_reg_954                        |  63|   0|   63|          0|
    |m_reg_964                           |  63|   0|   63|          0|
    |or_ln1150_2_reg_944                 |   1|   0|    2|          1|
    |or_ln_reg_934                       |   1|   0|    2|          1|
    |p_Result_23_reg_959                 |   1|   0|    1|          0|
    |p_Result_30_reg_969                 |   1|   0|    1|          0|
    |p_Result_32_reg_847                 |   1|   0|    1|          0|
    |p_Result_35_reg_860                 |   1|   0|    1|          0|
    |p_Val2_9_reg_853                    |  26|   0|   26|          0|
    |p_Val2_s_reg_840                    |  26|   0|   26|          0|
    |sub_ln1145_2_reg_912                |  32|   0|   32|          0|
    |sub_ln1145_2_reg_912_pp0_iter3_reg  |  32|   0|   32|          0|
    |sub_ln1145_reg_878                  |  32|   0|   32|          0|
    |sub_ln1145_reg_878_pp0_iter3_reg    |  32|   0|   32|          0|
    |tmp_V_10_reg_905                    |  26|   0|   26|          0|
    |tmp_V_10_reg_905_pp0_iter3_reg      |  26|   0|   26|          0|
    |tmp_V_9_reg_871                     |  26|   0|   26|          0|
    |tmp_V_9_reg_871_pp0_iter3_reg       |  26|   0|   26|          0|
    |trunc_ln1144_2_reg_929              |   8|   0|    8|          0|
    |trunc_ln1144_reg_895                |   8|   0|    8|          0|
    |trunc_ln1145_2_reg_919              |  26|   0|   26|          0|
    |trunc_ln1145_reg_885                |  26|   0|   26|          0|
    |trunc_ln1148_2_reg_924              |   5|   0|    5|          0|
    |trunc_ln1148_reg_890                |   5|   0|    5|          0|
    |icmp_ln1136_2_reg_900               |  64|  32|    1|          0|
    |icmp_ln1136_reg_866                 |  64|  32|    1|          0|
    |p_Result_32_reg_847                 |  64|  32|    1|          0|
    |p_Result_35_reg_860                 |  64|  32|    1|          0|
    |trunc_ln1144_2_reg_929              |  64|  32|    8|          0|
    |trunc_ln1144_reg_895                |  64|  32|    8|          0|
    +------------------------------------+----+----+-----+-----------+
    |Total                               | 976| 192|  614|          2|
    +------------------------------------+----+----+-----+-----------+



================================================================
== Interface
================================================================
* Summary: 
+----------------------+-----+-----+------------+---------------------------------------+--------------+
|       RTL Ports      | Dir | Bits|  Protocol  |             Source Object             |    C Type    |
+----------------------+-----+-----+------------+---------------------------------------+--------------+
|ap_clk                |   in|    1|  ap_ctrl_hs|  fft_1024_top_Pipeline_VITIS_LOOP_63_3|  return value|
|ap_rst                |   in|    1|  ap_ctrl_hs|  fft_1024_top_Pipeline_VITIS_LOOP_63_3|  return value|
|ap_start              |   in|    1|  ap_ctrl_hs|  fft_1024_top_Pipeline_VITIS_LOOP_63_3|  return value|
|ap_done               |  out|    1|  ap_ctrl_hs|  fft_1024_top_Pipeline_VITIS_LOOP_63_3|  return value|
|ap_idle               |  out|    1|  ap_ctrl_hs|  fft_1024_top_Pipeline_VITIS_LOOP_63_3|  return value|
|ap_ready              |  out|    1|  ap_ctrl_hs|  fft_1024_top_Pipeline_VITIS_LOOP_63_3|  return value|
|grp_fu_154_p_din0     |  out|   32|  ap_ctrl_hs|  fft_1024_top_Pipeline_VITIS_LOOP_63_3|  return value|
|grp_fu_154_p_din1     |  out|   32|  ap_ctrl_hs|  fft_1024_top_Pipeline_VITIS_LOOP_63_3|  return value|
|grp_fu_154_p_dout0    |   in|   32|  ap_ctrl_hs|  fft_1024_top_Pipeline_VITIS_LOOP_63_3|  return value|
|grp_fu_154_p_ce       |  out|    1|  ap_ctrl_hs|  fft_1024_top_Pipeline_VITIS_LOOP_63_3|  return value|
|grp_fu_158_p_din0     |  out|   32|  ap_ctrl_hs|  fft_1024_top_Pipeline_VITIS_LOOP_63_3|  return value|
|grp_fu_158_p_din1     |  out|   32|  ap_ctrl_hs|  fft_1024_top_Pipeline_VITIS_LOOP_63_3|  return value|
|grp_fu_158_p_dout0    |   in|   32|  ap_ctrl_hs|  fft_1024_top_Pipeline_VITIS_LOOP_63_3|  return value|
|grp_fu_158_p_ce       |  out|    1|  ap_ctrl_hs|  fft_1024_top_Pipeline_VITIS_LOOP_63_3|  return value|
|output_r_TREADY       |   in|    1|        axis|                      output_r_V_data_V|       pointer|
|output_r_TDATA        |  out|   64|        axis|                      output_r_V_data_V|       pointer|
|ga_M_real_V_address0  |  out|   10|   ap_memory|                            ga_M_real_V|         array|
|ga_M_real_V_ce0       |  out|    1|   ap_memory|                            ga_M_real_V|         array|
|ga_M_real_V_q0        |   in|   26|   ap_memory|                            ga_M_real_V|         array|
|ga_M_imag_V_address0  |  out|   10|   ap_memory|                            ga_M_imag_V|         array|
|ga_M_imag_V_ce0       |  out|    1|   ap_memory|                            ga_M_imag_V|         array|
|ga_M_imag_V_q0        |   in|   26|   ap_memory|                            ga_M_imag_V|         array|
|output_r_TVALID       |  out|    1|        axis|                      output_r_V_last_V|       pointer|
|output_r_TLAST        |  out|    1|        axis|                      output_r_V_last_V|       pointer|
|output_r_TKEEP        |  out|    8|        axis|                      output_r_V_keep_V|       pointer|
|output_r_TSTRB        |  out|    8|        axis|                      output_r_V_strb_V|       pointer|
+----------------------+-----+-----+------------+---------------------------------------+--------------+

