

================================================================
== Vitis HLS Report for 'fft_1024_top'
================================================================
* Date:           Tue May  5 17:02:47 2026

* Version:        2022.1 (Build 3526262 on Mon Apr 18 15:48:16 MDT 2022)
* Project:        fft_project_wlo
* Solution:       solution1 (Vivado IP Flow Target)
* Product family: zynq
* Target device:  xc7z020-clg484-1


================================================================
== Performance Estimates
================================================================
+ Timing: 
    * Summary: 
    +--------+----------+----------+------------+
    |  Clock |  Target  | Estimated| Uncertainty|
    +--------+----------+----------+------------+
    |ap_clk  |  10.00 ns|  7.222 ns|     2.70 ns|
    +--------+----------+----------+------------+

+ Latency: 
    * Summary: 
    +---------+---------+----------+----------+-----+-----+---------+
    |  Latency (cycles) |  Latency (absolute) |  Interval | Pipeline|
    |   min   |   max   |    min   |    max   | min | max |   Type  |
    +---------+---------+----------+----------+-----+-----+---------+
    |        ?|        ?|         ?|         ?|    ?|    ?|       no|
    +---------+---------+----------+----------+-----+-----+---------+

    + Detail: 
        * Instance: 
        +--------------------------------------------------+---------------------------------------+---------+---------+-----------+-----------+------+------+---------+
        |                                                  |                                       |  Latency (cycles) |   Latency (absolute)  |   Interval  | Pipeline|
        |                     Instance                     |                 Module                |   min   |   max   |    min    |    max    |  min |  max |   Type  |
        +--------------------------------------------------+---------------------------------------+---------+---------+-----------+-----------+------+------+---------+
        |grp_fft_1024_top_Pipeline_VITIS_LOOP_47_1_fu_74   |fft_1024_top_Pipeline_VITIS_LOOP_47_1  |     1035|     1035|  10.350 us|  10.350 us|  1035|  1035|       no|
        |grp_fft_1024_top_Pipeline_VITIS_LOOP_54_2_fu_88   |fft_1024_top_Pipeline_VITIS_LOOP_54_2  |     1035|     1035|  10.350 us|  10.350 us|  1035|  1035|       no|
        |grp_fft_fast_fu_102                               |fft_fast                               |        ?|        ?|          ?|          ?|     ?|     ?|       no|
        |grp_fft_fast_fu_114                               |fft_fast                               |        ?|        ?|          ?|          ?|     ?|     ?|       no|
        |grp_fft_1024_top_Pipeline_VITIS_LOOP_63_3_fu_126  |fft_1024_top_Pipeline_VITIS_LOOP_63_3  |     1034|     1034|  10.340 us|  10.340 us|  1034|  1034|       no|
        |grp_fft_1024_top_Pipeline_VITIS_LOOP_72_4_fu_140  |fft_1024_top_Pipeline_VITIS_LOOP_72_4  |     1034|     1034|  10.340 us|  10.340 us|  1034|  1034|       no|
        +--------------------------------------------------+---------------------------------------+---------+---------+-----------+-----------+------+------+---------+

        * Loop: 
        N/A



================================================================
== Utilization Estimates
================================================================
* Summary: 
+-----------------+---------+-----+--------+-------+-----+
|       Name      | BRAM_18K| DSP |   FF   |  LUT  | URAM|
+-----------------+---------+-----+--------+-------+-----+
|DSP              |        -|    -|       -|      -|    -|
|Expression       |        -|    -|       0|      6|    -|
|FIFO             |        -|    -|       -|      -|    -|
|Instance         |       10|   30|    6077|  10541|    -|
|Memory           |        8|    -|       0|      0|    0|
|Multiplexer      |        -|    -|       -|    699|    -|
|Register         |        -|    -|      20|      -|    -|
+-----------------+---------+-----+--------+-------+-----+
|Total            |       18|   30|    6097|  11246|    0|
+-----------------+---------+-----+--------+-------+-----+
|Available        |      280|  220|  106400|  53200|    0|
+-----------------+---------+-----+--------+-------+-----+
|Utilization (%)  |        6|   13|       5|     21|    0|
+-----------------+---------+-----+--------+-------+-----+

+ Detail: 
    * Instance: 
    +--------------------------------------------------+---------------------------------------+---------+----+------+------+-----+
    |                     Instance                     |                 Module                | BRAM_18K| DSP|  FF  |  LUT | URAM|
    +--------------------------------------------------+---------------------------------------+---------+----+------+------+-----+
    |grp_fft_1024_top_Pipeline_VITIS_LOOP_47_1_fu_74   |fft_1024_top_Pipeline_VITIS_LOOP_47_1  |        0|   0|  1089|  1469|    0|
    |grp_fft_1024_top_Pipeline_VITIS_LOOP_54_2_fu_88   |fft_1024_top_Pipeline_VITIS_LOOP_54_2  |        0|   0|  1089|  1469|    0|
    |grp_fft_1024_top_Pipeline_VITIS_LOOP_63_3_fu_126  |fft_1024_top_Pipeline_VITIS_LOOP_63_3  |        0|   0|   976|  2247|    0|
    |grp_fft_1024_top_Pipeline_VITIS_LOOP_72_4_fu_140  |fft_1024_top_Pipeline_VITIS_LOOP_72_4  |        0|   0|  1041|  2290|    0|
    |grp_fft_fast_fu_102                               |fft_fast                               |        5|  12|   798|  1212|    0|
    |grp_fft_fast_fu_114                               |fft_fast                               |        5|  12|   798|  1212|    0|
    |fmul_32ns_32ns_32_4_max_dsp_1_U54                 |fmul_32ns_32ns_32_4_max_dsp_1          |        0|   3|   143|   321|    0|
    |fmul_32ns_32ns_32_4_max_dsp_1_U55                 |fmul_32ns_32ns_32_4_max_dsp_1          |        0|   3|   143|   321|    0|
    |fpext_32ns_64_2_no_dsp_1_U56                      |fpext_32ns_64_2_no_dsp_1               |        0|   0|     0|     0|    0|
    |fpext_32ns_64_2_no_dsp_1_U57                      |fpext_32ns_64_2_no_dsp_1               |        0|   0|     0|     0|    0|
    +--------------------------------------------------+---------------------------------------+---------+----+------+------+-----+
    |Total                                             |                                       |       10|  30|  6077| 10541|    0|
    +--------------------------------------------------+---------------------------------------+---------+----+------+------+-----+

    * DSP: 
    N/A

    * Memory: 
    +---------------+---------------------------+---------+---+----+-----+------+-----+------+-------------+
    |     Memory    |           Module          | BRAM_18K| FF| LUT| URAM| Words| Bits| Banks| W*Bits*Banks|
    +---------------+---------------------------+---------+---+----+-----+------+-----+------+-------------+
    |ga_M_real_V_U  |ga_M_real_V_RAM_AUTO_1R1W  |        2|  0|   0|    0|  1024|   26|     1|        26624|
    |ga_M_imag_V_U  |ga_M_real_V_RAM_AUTO_1R1W  |        2|  0|   0|    0|  1024|   26|     1|        26624|
    |gb_M_real_V_U  |ga_M_real_V_RAM_AUTO_1R1W  |        2|  0|   0|    0|  1024|   26|     1|        26624|
    |gb_M_imag_V_U  |ga_M_real_V_RAM_AUTO_1R1W  |        2|  0|   0|    0|  1024|   26|     1|        26624|
    +---------------+---------------------------+---------+---+----+-----+------+-----+------+-------------+
    |Total          |                           |        8|  0|   0|    0|  4096|  104|     4|       106496|
    +---------------+---------------------------+---------+---+----+-----+------+-----+------+-------------+

    * FIFO: 
    N/A

    * Expression: 
    +------------------------------------------------------------------+----------+----+---+----+------------+------------+
    |                           Variable Name                          | Operation| DSP| FF| LUT| Bitwidth P0| Bitwidth P1|
    +------------------------------------------------------------------+----------+----+---+----+------------+------------+
    |grp_fft_1024_top_Pipeline_VITIS_LOOP_63_3_fu_126_output_r_TREADY  |       and|   0|  0|   2|           1|           1|
    |grp_fft_1024_top_Pipeline_VITIS_LOOP_72_4_fu_140_output_r_TREADY  |       and|   0|  0|   2|           1|           1|
    |ap_block_state8_on_subcall_done                                   |        or|   0|  0|   2|           1|           1|
    +------------------------------------------------------------------+----------+----+---+----+------------+------------+
    |Total                                                             |          |   0|  0|   6|           3|           3|
    +------------------------------------------------------------------+----------+----+---+----+------------+------------+

    * Multiplexer: 
    +------------------------------+----+-----------+-----+-----------+
    |             Name             | LUT| Input Size| Bits| Total Bits|
    +------------------------------+----+-----------+-----+-----------+
    |ap_NS_fsm                     |  65|         15|    1|         15|
    |ga_M_imag_V_address0          |  20|          4|   10|         40|
    |ga_M_imag_V_ce0               |  20|          4|    1|          4|
    |ga_M_imag_V_ce1               |   9|          2|    1|          2|
    |ga_M_imag_V_d0                |  14|          3|   26|         78|
    |ga_M_imag_V_we0               |  14|          3|    1|          3|
    |ga_M_imag_V_we1               |   9|          2|    1|          2|
    |ga_M_real_V_address0          |  20|          4|   10|         40|
    |ga_M_real_V_ce0               |  20|          4|    1|          4|
    |ga_M_real_V_ce1               |   9|          2|    1|          2|
    |ga_M_real_V_d0                |  14|          3|   26|         78|
    |ga_M_real_V_we0               |  14|          3|    1|          3|
    |ga_M_real_V_we1               |   9|          2|    1|          2|
    |gb_M_imag_V_address0          |  20|          4|   10|         40|
    |gb_M_imag_V_ce0               |  20|          4|    1|          4|
    |gb_M_imag_V_ce1               |   9|          2|    1|          2|
    |gb_M_imag_V_d0                |  14|          3|   26|         78|
    |gb_M_imag_V_we0               |  14|          3|    1|          3|
    |gb_M_imag_V_we1               |   9|          2|    1|          2|
    |gb_M_real_V_address0          |  20|          4|   10|         40|
    |gb_M_real_V_ce0               |  20|          4|    1|          4|
    |gb_M_real_V_ce1               |   9|          2|    1|          2|
    |gb_M_real_V_d0                |  14|          3|   26|         78|
    |gb_M_real_V_we0               |  14|          3|    1|          3|
    |gb_M_real_V_we1               |   9|          2|    1|          2|
    |grp_fu_154_ce                 |  25|          5|    1|          5|
    |grp_fu_154_p0                 |  25|          5|   32|        160|
    |grp_fu_154_p1                 |  25|          5|   32|        160|
    |grp_fu_158_ce                 |  25|          5|    1|          5|
    |grp_fu_158_p0                 |  25|          5|   32|        160|
    |grp_fu_158_p1                 |  25|          5|   32|        160|
    |grp_fu_162_ce                 |  14|          3|    1|          3|
    |grp_fu_162_p0                 |  14|          3|   32|         96|
    |grp_fu_165_ce                 |  14|          3|    1|          3|
    |grp_fu_165_p0                 |  14|          3|   32|         96|
    |input_r_TREADY_int_regslice   |  14|          3|    1|          3|
    |output_r_TDATA_int_regslice   |  14|          3|   64|        192|
    |output_r_TKEEP_int_regslice   |  14|          3|    8|         24|
    |output_r_TLAST_int_regslice   |  14|          3|    1|          3|
    |output_r_TSTRB_int_regslice   |  14|          3|    8|         24|
    |output_r_TVALID_int_regslice  |  14|          3|    1|          3|
    +------------------------------+----+-----------+-----+-----------+
    |Total                         | 699|        147|  440|       1628|
    +------------------------------+----+-----------+-----+-----------+

    * Register: 
    +---------------------------------------------------------------+----+----+-----+-----------+
    |                              Name                             | FF | LUT| Bits| Const Bits|
    +---------------------------------------------------------------+----+----+-----+-----------+
    |ap_CS_fsm                                                      |  14|   0|   14|          0|
    |grp_fft_1024_top_Pipeline_VITIS_LOOP_47_1_fu_74_ap_start_reg   |   1|   0|    1|          0|
    |grp_fft_1024_top_Pipeline_VITIS_LOOP_54_2_fu_88_ap_start_reg   |   1|   0|    1|          0|
    |grp_fft_1024_top_Pipeline_VITIS_LOOP_63_3_fu_126_ap_start_reg  |   1|   0|    1|          0|
    |grp_fft_1024_top_Pipeline_VITIS_LOOP_72_4_fu_140_ap_start_reg  |   1|   0|    1|          0|
    |grp_fft_fast_fu_102_ap_start_reg                               |   1|   0|    1|          0|
    |grp_fft_fast_fu_114_ap_start_reg                               |   1|   0|    1|          0|
    +---------------------------------------------------------------+----+----+-----+-----------+
    |Total                                                          |  20|   0|   20|          0|
    +---------------------------------------------------------------+----+----+-----+-----------+



================================================================
== Interface
================================================================
* Summary: 
+-----------------+-----+-----+--------------+-------------------+--------------+
|    RTL Ports    | Dir | Bits|   Protocol   |   Source Object   |    C Type    |
+-----------------+-----+-----+--------------+-------------------+--------------+
|ap_clk           |   in|    1|  ap_ctrl_none|       fft_1024_top|  return value|
|ap_rst_n         |   in|    1|  ap_ctrl_none|       fft_1024_top|  return value|
|input_r_TDATA    |   in|   64|          axis|   input_r_V_data_V|       pointer|
|input_r_TVALID   |   in|    1|          axis|   input_r_V_last_V|       pointer|
|input_r_TREADY   |  out|    1|          axis|   input_r_V_last_V|       pointer|
|input_r_TLAST    |   in|    1|          axis|   input_r_V_last_V|       pointer|
|input_r_TKEEP    |   in|    8|          axis|   input_r_V_keep_V|       pointer|
|input_r_TSTRB    |   in|    8|          axis|   input_r_V_strb_V|       pointer|
|output_r_TDATA   |  out|   64|          axis|  output_r_V_data_V|       pointer|
|output_r_TVALID  |  out|    1|          axis|  output_r_V_last_V|       pointer|
|output_r_TREADY  |   in|    1|          axis|  output_r_V_last_V|       pointer|
|output_r_TLAST   |  out|    1|          axis|  output_r_V_last_V|       pointer|
|output_r_TKEEP   |  out|    8|          axis|  output_r_V_keep_V|       pointer|
|output_r_TSTRB   |  out|    8|          axis|  output_r_V_strb_V|       pointer|
+-----------------+-----+-----+--------------+-------------------+--------------+

