

================================================================
== Vitis HLS Report for 'fft_1024_top_Pipeline_VITIS_LOOP_72_4'
================================================================
* Date:           Tue May  5 17:02:43 2026

* Version:        2022.1 (Build 3526262 on Mon Apr 18 15:48:16 MDT 2022)
* Project:        fft_project_wlo
* Solution:       solution1 (Vivado IP Flow Target)
* Product family: zynq
* Target device:  xc7z020-clg484-1


================================================================
== Performance Estimates
================================================================
+ Timing: 
    * Summary: 
    +--------+----------+----------+------------+
    |  Clock |  Target  | Estimated| Uncertainty|
    +--------+----------+----------+------------+
    |ap_clk  |  10.00 ns|  6.972 ns|     2.70 ns|
    +--------+----------+----------+------------+

+ Latency: 
    * Summary: 
    +---------+---------+-----------+-----------+------+------+---------+
    |  Latency (cycles) |   Latency (absolute)  |   Interval  | Pipeline|
    |   min   |   max   |    min    |    max    |  min |  max |   Type  |
    +---------+---------+-----------+-----------+------+------+---------+
    |     1034|     1034|  10.340 us|  10.340 us|  1034|  1034|       no|
    +---------+---------+-----------+-----------+------+------+---------+

    + Detail: 
        * Instance: 
        N/A

        * Loop: 
        +-------------------+---------+---------+----------+-----------+-----------+------+----------+
        |                   |  Latency (cycles) | Iteration|  Initiation Interval  | Trip |          |
        |     Loop Name     |   min   |   max   |  Latency |  achieved |   target  | Count| Pipelined|
        +-------------------+---------+---------+----------+-----------+-----------+------+----------+
        |- VITIS_LOOP_72_4  |     1032|     1032|        10|          1|          1|  1024|       yes|
        +-------------------+---------+---------+----------+-----------+-----------+------+----------+



================================================================
== Utilization Estimates
================================================================
* Summary: 
+-----------------+---------+-----+--------+-------+-----+
|       Name      | BRAM_18K| DSP |   FF   |  LUT  | URAM|
+-----------------+---------+-----+--------+-------+-----+
|DSP              |        -|    -|       -|      -|    -|
|Expression       |        -|    -|       0|   2021|    -|
|FIFO             |        -|    -|       -|      -|    -|
|Instance         |        -|    -|       -|      -|    -|
|Memory           |        -|    -|       -|      -|    -|
|Multiplexer      |        -|    -|       -|     45|    -|
|Register         |        -|    -|    1041|    224|    -|
+-----------------+---------+-----+--------+-------+-----+
|Total            |        0|    0|    1041|   2290|    0|
+-----------------+---------+-----+--------+-------+-----+
|Available        |      280|  220|  106400|  53200|    0|
+-----------------+---------+-----+--------+-------+-----+
|Utilization (%)  |        0|    0|      ~0|      4|    0|
+-----------------+---------+-----+--------+-------+-----+

+ Detail: 
    * Instance: 
    N/A

    * DSP: 
    N/A

    * Memory: 
    N/A

    * FIFO: 
    N/A

    * Expression: 
    +---------------------------+----------+----+---+-----+------------+------------+
    |       Variable Name       | Operation| DSP| FF| LUT | Bitwidth P0| Bitwidth P1|
    +---------------------------+----------+----+---+-----+------------+------------+
    |add_ln1150_1_fu_527_p2     |         +|   0|  0|   33|          26|           6|
    |add_ln1150_fu_422_p2       |         +|   0|  0|   33|          26|           6|
    |add_ln1159_1_fu_635_p2     |         +|   0|  0|   39|          32|           6|
    |add_ln1159_fu_568_p2       |         +|   0|  0|   39|          32|           6|
    |add_ln1170_1_fu_758_p2     |         +|   0|  0|    8|           8|           8|
    |add_ln1170_fu_714_p2       |         +|   0|  0|    8|           8|           8|
    |add_ln72_fu_188_p2         |         +|   0|  0|   12|          11|           1|
    |lsb_index_1_fu_460_p2      |         +|   0|  0|   39|          32|           6|
    |lsb_index_fu_355_p2        |         +|   0|  0|   39|          32|           6|
    |m_2_fu_608_p2              |         +|   0|  0|   71|          64|          64|
    |m_7_fu_675_p2              |         +|   0|  0|   71|          64|          64|
    |sub_ln1145_1_fu_337_p2     |         -|   0|  0|   39|           5|          32|
    |sub_ln1145_fu_273_p2       |         -|   0|  0|   39|           5|          32|
    |sub_ln1148_1_fu_481_p2     |         -|   0|  0|   13|           5|           5|
    |sub_ln1148_fu_376_p2       |         -|   0|  0|   13|           5|           5|
    |sub_ln1160_1_fu_650_p2     |         -|   0|  0|   39|           5|          32|
    |sub_ln1160_fu_583_p2       |         -|   0|  0|   39|           5|          32|
    |sub_ln1165_1_fu_753_p2     |         -|   0|  0|    8|           2|           8|
    |sub_ln1165_fu_709_p2       |         -|   0|  0|    8|           2|           8|
    |tmp_V_2_fu_296_p2          |         -|   0|  0|   33|           1|          26|
    |tmp_V_fu_232_p2            |         -|   0|  0|   33|           1|          26|
    |a_1_fu_507_p2              |       and|   0|  0|    2|           1|           1|
    |a_fu_402_p2                |       and|   0|  0|    2|           1|           1|
    |and_ln1150_1_fu_539_p2     |       and|   0|  0|    2|           1|           1|
    |and_ln1150_fu_434_p2       |       and|   0|  0|    2|           1|           1|
    |ap_block_pp0_stage0_01001  |       and|   0|  0|    2|           1|           1|
    |p_Result_2_fu_391_p2       |       and|   0|  0|   26|          26|          26|
    |p_Result_9_fu_496_p2       |       and|   0|  0|   26|          26|          26|
    |icmp_ln1136_1_fu_291_p2    |      icmp|   0|  0|   16|          26|           1|
    |icmp_ln1136_fu_227_p2      |      icmp|   0|  0|   16|          26|           1|
    |icmp_ln1147_1_fu_475_p2    |      icmp|   0|  0|   17|          31|           1|
    |icmp_ln1147_fu_370_p2      |      icmp|   0|  0|   17|          31|           1|
    |icmp_ln1148_1_fu_501_p2    |      icmp|   0|  0|   16|          26|           1|
    |icmp_ln1148_fu_396_p2      |      icmp|   0|  0|   16|          26|           1|
    |icmp_ln1159_1_fu_559_p2    |      icmp|   0|  0|   18|          32|           1|
    |icmp_ln1159_fu_454_p2      |      icmp|   0|  0|   18|          32|           1|
    |icmp_ln72_fu_182_p2        |      icmp|   0|  0|   12|          11|          12|
    |tmp_last_V_fu_200_p2       |      icmp|   0|  0|   11|          11|          10|
    |lshr_ln1148_1_fu_490_p2    |      lshr|   0|  0|   75|           2|          26|
    |lshr_ln1148_fu_385_p2      |      lshr|   0|  0|   75|           2|          26|
    |lshr_ln1159_1_fu_644_p2    |      lshr|   0|  0|  182|          64|          64|
    |lshr_ln1159_fu_577_p2      |      lshr|   0|  0|  182|          64|          64|
    |or_ln1150_2_fu_545_p2      |        or|   0|  0|    2|           1|           1|
    |or_ln1150_fu_440_p2        |        or|   0|  0|    2|           1|           1|
    |m_1_fu_598_p3              |    select|   0|  0|   64|           1|          64|
    |m_6_fu_665_p3              |    select|   0|  0|   64|           1|          64|
    |select_ln1144_1_fu_746_p3  |    select|   0|  0|    7|           1|           7|
    |select_ln1144_fu_702_p3    |    select|   0|  0|    7|           1|           7|
    |select_ln304_1_fu_810_p3   |    select|   0|  0|   32|           1|           1|
    |select_ln304_fu_799_p3     |    select|   0|  0|   32|           1|           1|
    |tmp_V_4_fu_237_p3          |    select|   0|  0|   26|           1|          26|
    |tmp_V_5_fu_301_p3          |    select|   0|  0|   26|           1|          26|
    |shl_ln1160_1_fu_659_p2     |       shl|   0|  0|  182|          64|          64|
    |shl_ln1160_fu_592_p2       |       shl|   0|  0|  182|          64|          64|
    |ap_enable_pp0              |       xor|   0|  0|    2|           1|           2|
    |xor_ln1150_1_fu_521_p2     |       xor|   0|  0|    2|           1|           2|
    |xor_ln1150_fu_416_p2       |       xor|   0|  0|    2|           1|           2|
    +---------------------------+----------+----+---+-----+------------+------------+
    |Total                      |          |   0|  0| 2021|         953|         986|
    +---------------------------+----------+----+---+-----+------------+------------+

    * Multiplexer: 
    +-------------------------+----+-----------+-----+-----------+
    |           Name          | LUT| Input Size| Bits| Total Bits|
    +-------------------------+----+-----------+-----+-----------+
    |ap_done_int              |   9|          2|    1|          2|
    |ap_enable_reg_pp0_iter1  |   9|          2|    1|          2|
    |ap_sig_allocacmp_i_2     |   9|          2|   11|         22|
    |i_fu_116                 |   9|          2|   11|         22|
    |output_r_TDATA_blk_n     |   9|          2|    1|          2|
    +-------------------------+----+-----------+-----+-----------+
    |Total                    |  45|         10|   25|         50|
    +-------------------------+----+-----------+-----+-----------+

    * Register: 
    +------------------------------------+----+----+-----+-----------+
    |                Name                | FF | LUT| Bits| Const Bits|
    +------------------------------------+----+----+-----+-----------+
    |LD_1_reg_991                        |  32|   0|   32|          0|
    |LD_reg_986                          |  32|   0|   32|          0|
    |ap_CS_fsm                           |   1|   0|    1|          0|
    |ap_done_reg                         |   1|   0|    1|          0|
    |ap_enable_reg_pp0_iter1             |   1|   0|    1|          0|
    |ap_enable_reg_pp0_iter2             |   1|   0|    1|          0|
    |ap_enable_reg_pp0_iter3             |   1|   0|    1|          0|
    |ap_enable_reg_pp0_iter4             |   1|   0|    1|          0|
    |ap_enable_reg_pp0_iter5             |   1|   0|    1|          0|
    |ap_enable_reg_pp0_iter6             |   1|   0|    1|          0|
    |ap_enable_reg_pp0_iter7             |   1|   0|    1|          0|
    |ap_enable_reg_pp0_iter8             |   1|   0|    1|          0|
    |ap_enable_reg_pp0_iter9             |   1|   0|    1|          0|
    |ap_loop_exit_ready_pp0_iter1_reg    |   1|   0|    1|          0|
    |ap_loop_exit_ready_pp0_iter2_reg    |   1|   0|    1|          0|
    |ap_loop_exit_ready_pp0_iter3_reg    |   1|   0|    1|          0|
    |ap_loop_exit_ready_pp0_iter4_reg    |   1|   0|    1|          0|
    |ap_loop_exit_ready_pp0_iter5_reg    |   1|   0|    1|          0|
    |ap_loop_exit_ready_pp0_iter6_reg    |   1|   0|    1|          0|
    |ap_loop_exit_ready_pp0_iter7_reg    |   1|   0|    1|          0|
    |ap_loop_exit_ready_pp0_iter8_reg    |   1|   0|    1|          0|
    |i_fu_116                            |  11|   0|   11|          0|
    |icmp_ln1136_1_reg_912               |   1|   0|    1|          0|
    |icmp_ln1136_reg_878                 |   1|   0|    1|          0|
    |icmp_ln1159_1_reg_961               |   1|   0|    1|          0|
    |icmp_ln1159_reg_951                 |   1|   0|    1|          0|
    |m_10_reg_976                        |  63|   0|   63|          0|
    |m_reg_966                           |  63|   0|   63|          0|
    |or_ln1150_1_reg_946                 |   1|   0|    2|          1|
    |or_ln1150_3_reg_956                 |   1|   0|    2|          1|
    |p_Result_11_reg_981                 |   1|   0|    1|          0|
    |p_Result_13_reg_859                 |   1|   0|    1|          0|
    |p_Result_16_reg_872                 |   1|   0|    1|          0|
    |p_Result_4_reg_971                  |   1|   0|    1|          0|
    |p_Val2_3_reg_865                    |  26|   0|   26|          0|
    |p_Val2_s_reg_852                    |  26|   0|   26|          0|
    |sub_ln1145_1_reg_924                |  32|   0|   32|          0|
    |sub_ln1145_1_reg_924_pp0_iter3_reg  |  32|   0|   32|          0|
    |sub_ln1145_reg_890                  |  32|   0|   32|          0|
    |sub_ln1145_reg_890_pp0_iter3_reg    |  32|   0|   32|          0|
    |tmp_V_4_reg_883                     |  26|   0|   26|          0|
    |tmp_V_4_reg_883_pp0_iter3_reg       |  26|   0|   26|          0|
    |tmp_V_5_reg_917                     |  26|   0|   26|          0|
    |tmp_V_5_reg_917_pp0_iter3_reg       |  26|   0|   26|          0|
    |tmp_last_V_reg_847                  |   1|   0|    1|          0|
    |trunc_ln1144_1_reg_941              |   8|   0|    8|          0|
    |trunc_ln1144_reg_907                |   8|   0|    8|          0|
    |trunc_ln1145_1_reg_931              |  26|   0|   26|          0|
    |trunc_ln1145_reg_897                |  26|   0|   26|          0|
    |trunc_ln1148_1_reg_936              |   5|   0|    5|          0|
    |trunc_ln1148_reg_902                |   5|   0|    5|          0|
    |icmp_ln1136_1_reg_912               |  64|  32|    1|          0|
    |icmp_ln1136_reg_878                 |  64|  32|    1|          0|
    |p_Result_13_reg_859                 |  64|  32|    1|          0|
    |p_Result_16_reg_872                 |  64|  32|    1|          0|
    |tmp_last_V_reg_847                  |  64|  32|    1|          0|
    |trunc_ln1144_1_reg_941              |  64|  32|    8|          0|
    |trunc_ln1144_reg_907                |  64|  32|    8|          0|
    +------------------------------------+----+----+-----+-----------+
    |Total                               |1041| 224|  616|          2|
    +------------------------------------+----+----+-----+-----------+



================================================================
== Interface
================================================================
* Summary: 
+----------------------+-----+-----+------------+---------------------------------------+--------------+
|       RTL Ports      | Dir | Bits|  Protocol  |             Source Object             |    C Type    |
+----------------------+-----+-----+------------+---------------------------------------+--------------+
|ap_clk                |   in|    1|  ap_ctrl_hs|  fft_1024_top_Pipeline_VITIS_LOOP_72_4|  return value|
|ap_rst                |   in|    1|  ap_ctrl_hs|  fft_1024_top_Pipeline_VITIS_LOOP_72_4|  return value|
|ap_start              |   in|    1|  ap_ctrl_hs|  fft_1024_top_Pipeline_VITIS_LOOP_72_4|  return value|
|ap_done               |  out|    1|  ap_ctrl_hs|  fft_1024_top_Pipeline_VITIS_LOOP_72_4|  return value|
|ap_idle               |  out|    1|  ap_ctrl_hs|  fft_1024_top_Pipeline_VITIS_LOOP_72_4|  return value|
|ap_ready              |  out|    1|  ap_ctrl_hs|  fft_1024_top_Pipeline_VITIS_LOOP_72_4|  return value|
|grp_fu_154_p_din0     |  out|   32|  ap_ctrl_hs|  fft_1024_top_Pipeline_VITIS_LOOP_72_4|  return value|
|grp_fu_154_p_din1     |  out|   32|  ap_ctrl_hs|  fft_1024_top_Pipeline_VITIS_LOOP_72_4|  return value|
|grp_fu_154_p_dout0    |   in|   32|  ap_ctrl_hs|  fft_1024_top_Pipeline_VITIS_LOOP_72_4|  return value|
|grp_fu_154_p_ce       |  out|    1|  ap_ctrl_hs|  fft_1024_top_Pipeline_VITIS_LOOP_72_4|  return value|
|grp_fu_158_p_din0     |  out|   32|  ap_ctrl_hs|  fft_1024_top_Pipeline_VITIS_LOOP_72_4|  return value|
|grp_fu_158_p_din1     |  out|   32|  ap_ctrl_hs|  fft_1024_top_Pipeline_VITIS_LOOP_72_4|  return value|
|grp_fu_158_p_dout0    |   in|   32|  ap_ctrl_hs|  fft_1024_top_Pipeline_VITIS_LOOP_72_4|  return value|
|grp_fu_158_p_ce       |  out|    1|  ap_ctrl_hs|  fft_1024_top_Pipeline_VITIS_LOOP_72_4|  return value|
|output_r_TREADY       |   in|    1|        axis|                      output_r_V_data_V|       pointer|
|output_r_TDATA        |  out|   64|        axis|                      output_r_V_data_V|       pointer|
|gb_M_real_V_address0  |  out|   10|   ap_memory|                            gb_M_real_V|         array|
|gb_M_real_V_ce0       |  out|    1|   ap_memory|                            gb_M_real_V|         array|
|gb_M_real_V_q0        |   in|   26|   ap_memory|                            gb_M_real_V|         array|
|gb_M_imag_V_address0  |  out|   10|   ap_memory|                            gb_M_imag_V|         array|
|gb_M_imag_V_ce0       |  out|    1|   ap_memory|                            gb_M_imag_V|         array|
|gb_M_imag_V_q0        |   in|   26|   ap_memory|                            gb_M_imag_V|         array|
|output_r_TVALID       |  out|    1|        axis|                      output_r_V_last_V|       pointer|
|output_r_TLAST        |  out|    1|        axis|                      output_r_V_last_V|       pointer|
|output_r_TKEEP        |  out|    8|        axis|                      output_r_V_keep_V|       pointer|
|output_r_TSTRB        |  out|    8|        axis|                      output_r_V_strb_V|       pointer|
+----------------------+-----+-----+------------+---------------------------------------+--------------+

