

================================================================
== Vitis HLS Report for 'doppler_fft_256_Pipeline_VITIS_LOOP_65_1'
================================================================
* Date:           Tue May  5 21:39:02 2026

* Version:        2022.1 (Build 3526262 on Mon Apr 18 15:48:16 MDT 2022)
* Project:        doppler_fft_project
* Solution:       solution1 (Vivado IP Flow Target)
* Product family: zynq
* Target device:  xc7z020-clg484-1


================================================================
== Performance Estimates
================================================================
+ Timing: 
    * Summary: 
    +--------+----------+----------+------------+
    |  Clock |  Target  | Estimated| Uncertainty|
    +--------+----------+----------+------------+
    |ap_clk  |  10.00 ns|  7.222 ns|     2.70 ns|
    +--------+----------+----------+------------+

+ Latency: 
    * Summary: 
    +---------+---------+----------+----------+-----+-----+---------+
    |  Latency (cycles) |  Latency (absolute) |  Interval | Pipeline|
    |   min   |   max   |    min   |    max   | min | max |   Type  |
    +---------+---------+----------+----------+-----+-----+---------+
    |      267|      267|  2.670 us|  2.670 us|  267|  267|       no|
    +---------+---------+----------+----------+-----+-----+---------+

    + Detail: 
        * Instance: 
        N/A

        * Loop: 
        +-------------------+---------+---------+----------+-----------+-----------+------+----------+
        |                   |  Latency (cycles) | Iteration|  Initiation Interval  | Trip |          |
        |     Loop Name     |   min   |   max   |  Latency |  achieved |   target  | Count| Pipelined|
        +-------------------+---------+---------+----------+-----------+-----------+------+----------+
        |- VITIS_LOOP_65_1  |      265|      265|        11|          1|          1|   256|       yes|
        +-------------------+---------+---------+----------+-----------+-----------+------+----------+

============================================================
+ Verbose Summary: Synthesis Manager
============================================================
InlineROM: 1
ExposeGlobal: 0
============================================================
+ Verbose Summary: CDFG Model
============================================================
IsTopModel: 0
ResetActiveHigh: 1
IsCombinational: 0
IsDatapathOnly: 0
HasWiredReturn: 1
HasMFsm: 2
HasVarLatency: 1
IsPipeline: 0
IsRtlPipelined: 0
IsInstanceOverlapped: 0
IsDontTouch: 0
HasImplIP: 0
IsGatedGlobalClock: 0

+ Individual pipeline summary: 
  * Pipeline-0: initiation interval (II) = 1, depth = 11


============================================================
+ Verbose Summary: Schedule
============================================================
* Number of FSM states : 11
* Pipeline : 1
  Pipeline-0 : II = 1, D = 11, States = { 1 2 3 4 5 6 7 8 9 10 11 }
* Dataflow Pipeline: 0

* FSM state transitions: 
1 --> 2 
2 --> 3 
3 --> 4 
4 --> 5 
5 --> 6 
6 --> 7 
7 --> 8 
8 --> 9 
9 --> 10 
10 --> 11 
11 --> 

* FSM state operations: 

State 1 <SV = 0> <Delay = 3.41>
ST_1 : Operation 14 [1/1] (0.00ns)   --->   "%i = alloca i32 1"   --->   Operation 14 'alloca' 'i' <Predicate = true> <Delay = 0.00>
ST_1 : Operation 15 [1/1] (0.00ns)   --->   "%specinterface_ln0 = specinterface void @_ssdm_op_SpecInterface, i1 %input_r_V_last_V, i8 %input_r_V_strb_V, i8 %input_r_V_keep_V, i64 %input_r_V_data_V, void @empty, i32 0, i32 0, void @empty_0, i32 0, i32 0, void @empty_1, void @empty_1, void @empty_1, i32 0, i32 0, i32 0, i32 0, void @empty_1, void @empty_1, i32 4294967295, i32 0"   --->   Operation 15 'specinterface' 'specinterface_ln0' <Predicate = true> <Delay = 0.00>
ST_1 : Operation 16 [1/1] (1.58ns)   --->   "%store_ln0 = store i9 0, i9 %i"   --->   Operation 16 'store' 'store_ln0' <Predicate = true> <Delay = 1.58>
ST_1 : Operation 17 [1/1] (0.00ns)   --->   "%br_ln0 = br void %for.inc"   --->   Operation 17 'br' 'br_ln0' <Predicate = true> <Delay = 0.00>
ST_1 : Operation 18 [1/1] (0.00ns)   --->   "%i_3 = load i9 %i" [doppler_fft_project/doppler_fft.cpp:65]   --->   Operation 18 'load' 'i_3' <Predicate = true> <Delay = 0.00>
ST_1 : Operation 19 [1/1] (0.00ns)   --->   "%specpipeline_ln0 = specpipeline void @_ssdm_op_SpecPipeline, i32 4294967295, i32 0, i32 1, i32 0, void @p_str"   --->   Operation 19 'specpipeline' 'specpipeline_ln0' <Predicate = true> <Delay = 0.00>
ST_1 : Operation 20 [1/1] (1.66ns)   --->   "%icmp_ln65 = icmp_eq  i9 %i_3, i9 256" [doppler_fft_project/doppler_fft.cpp:65]   --->   Operation 20 'icmp' 'icmp_ln65' <Predicate = true> <Delay = 1.66> <CoreInst = "Cmp">   --->   Core 9 'Cmp' <Latency = 0> <II = 1> <Delay = 1.66> <FuncUnit> <Opcode : 'icmp'> <InPorts = 2> <OutPorts = 1>
ST_1 : Operation 21 [1/1] (0.00ns)   --->   "%empty = speclooptripcount i32 @_ssdm_op_SpecLoopTripCount, i64 256, i64 256, i64 256"   --->   Operation 21 'speclooptripcount' 'empty' <Predicate = true> <Delay = 0.00>
ST_1 : Operation 22 [1/1] (1.82ns)   --->   "%add_ln65 = add i9 %i_3, i9 1" [doppler_fft_project/doppler_fft.cpp:65]   --->   Operation 22 'add' 'add_ln65' <Predicate = true> <Delay = 1.82> <CoreInst = "Adder">   --->   Core 1 'Adder' <Latency = 0> <II = 1> <Delay = 1.82> <FuncUnit> <Opcode : 'add' 'sub'> <InPorts = 2> <OutPorts = 1>
ST_1 : Operation 23 [1/1] (0.00ns)   --->   "%br_ln65 = br i1 %icmp_ln65, void %for.inc.split_ifconv, void %for.end.exitStub" [doppler_fft_project/doppler_fft.cpp:65]   --->   Operation 23 'br' 'br_ln65' <Predicate = true> <Delay = 0.00>
ST_1 : Operation 24 [1/1] (0.00ns)   --->   "%empty_30 = read i81 @_ssdm_op_Read.axis.volatile.i64P0A.i8P0A.i8P0A.i1P0A, i64 %input_r_V_data_V, i8 %input_r_V_keep_V, i8 %input_r_V_strb_V, i1 %input_r_V_last_V"   --->   Operation 24 'read' 'empty_30' <Predicate = (!icmp_ln65)> <Delay = 0.00> <CoreInst = "axis">   --->   Core 115 'axis' <Latency = 0> <II = 1> <Delay = 1.00> <Adapter> <Opcode : >
ST_1 : Operation 25 [1/1] (0.00ns)   --->   "%p_0 = extractvalue i81 %empty_30"   --->   Operation 25 'extractvalue' 'p_0' <Predicate = (!icmp_ln65)> <Delay = 0.00>
ST_1 : Operation 26 [1/1] (0.00ns)   --->   "%trunc_ln293 = trunc i64 %p_0"   --->   Operation 26 'trunc' 'trunc_ln293' <Predicate = (!icmp_ln65)> <Delay = 0.00>
ST_1 : Operation 27 [1/1] (0.00ns)   --->   "%trunc_ln293_1 = partselect i32 @_ssdm_op_PartSelect.i32.i64.i32.i32, i64 %p_0, i32 32, i32 63"   --->   Operation 27 'partselect' 'trunc_ln293_1' <Predicate = (!icmp_ln65)> <Delay = 0.00>
ST_1 : Operation 28 [1/1] (1.58ns)   --->   "%store_ln65 = store i9 %add_ln65, i9 %i" [doppler_fft_project/doppler_fft.cpp:65]   --->   Operation 28 'store' 'store_ln65' <Predicate = (!icmp_ln65)> <Delay = 1.58>

State 2 <SV = 1> <Delay = 5.70>
ST_2 : Operation 29 [1/1] (0.00ns)   --->   "%tmp_data_M_value = bitcast i32 %trunc_ln293"   --->   Operation 29 'bitcast' 'tmp_data_M_value' <Predicate = true> <Delay = 0.00>
ST_2 : Operation 30 [1/1] (0.00ns)   --->   "%tmp_data_M_value_2 = bitcast i32 %trunc_ln293_1"   --->   Operation 30 'bitcast' 'tmp_data_M_value_2' <Predicate = true> <Delay = 0.00>
ST_2 : Operation 31 [4/4] (5.70ns)   --->   "%v_assign = fmul i32 %tmp_data_M_value, i32 0.00012207" [doppler_fft_project/doppler_fft.cpp:67]   --->   Operation 31 'fmul' 'v_assign' <Predicate = true> <Delay = 5.70> <CoreInst = "FMul_maxdsp">   --->   Core 30 'FMul_maxdsp' <Latency = 3> <II = 1> <Delay = 5.70> <FuncUnit> <Opcode : 'fmul'> <InPorts = 2> <OutPorts = 1>
ST_2 : Operation 32 [4/4] (5.70ns)   --->   "%v_assign_2 = fmul i32 %tmp_data_M_value_2, i32 0.00012207" [doppler_fft_project/doppler_fft.cpp:68]   --->   Operation 32 'fmul' 'v_assign_2' <Predicate = true> <Delay = 5.70> <CoreInst = "FMul_maxdsp">   --->   Core 30 'FMul_maxdsp' <Latency = 3> <II = 1> <Delay = 5.70> <FuncUnit> <Opcode : 'fmul'> <InPorts = 2> <OutPorts = 1>

State 3 <SV = 2> <Delay = 5.70>
ST_3 : Operation 33 [3/4] (5.70ns)   --->   "%v_assign = fmul i32 %tmp_data_M_value, i32 0.00012207" [doppler_fft_project/doppler_fft.cpp:67]   --->   Operation 33 'fmul' 'v_assign' <Predicate = true> <Delay = 5.70> <CoreInst = "FMul_maxdsp">   --->   Core 30 'FMul_maxdsp' <Latency = 3> <II = 1> <Delay = 5.70> <FuncUnit> <Opcode : 'fmul'> <InPorts = 2> <OutPorts = 1>
ST_3 : Operation 34 [3/4] (5.70ns)   --->   "%v_assign_2 = fmul i32 %tmp_data_M_value_2, i32 0.00012207" [doppler_fft_project/doppler_fft.cpp:68]   --->   Operation 34 'fmul' 'v_assign_2' <Predicate = true> <Delay = 5.70> <CoreInst = "FMul_maxdsp">   --->   Core 30 'FMul_maxdsp' <Latency = 3> <II = 1> <Delay = 5.70> <FuncUnit> <Opcode : 'fmul'> <InPorts = 2> <OutPorts = 1>

State 4 <SV = 3> <Delay = 5.70>
ST_4 : Operation 35 [2/4] (5.70ns)   --->   "%v_assign = fmul i32 %tmp_data_M_value, i32 0.00012207" [doppler_fft_project/doppler_fft.cpp:67]   --->   Operation 35 'fmul' 'v_assign' <Predicate = true> <Delay = 5.70> <CoreInst = "FMul_maxdsp">   --->   Core 30 'FMul_maxdsp' <Latency = 3> <II = 1> <Delay = 5.70> <FuncUnit> <Opcode : 'fmul'> <InPorts = 2> <OutPorts = 1>
ST_4 : Operation 36 [2/4] (5.70ns)   --->   "%v_assign_2 = fmul i32 %tmp_data_M_value_2, i32 0.00012207" [doppler_fft_project/doppler_fft.cpp:68]   --->   Operation 36 'fmul' 'v_assign_2' <Predicate = true> <Delay = 5.70> <CoreInst = "FMul_maxdsp">   --->   Core 30 'FMul_maxdsp' <Latency = 3> <II = 1> <Delay = 5.70> <FuncUnit> <Opcode : 'fmul'> <InPorts = 2> <OutPorts = 1>

State 5 <SV = 4> <Delay = 5.70>
ST_5 : Operation 37 [1/4] (5.70ns)   --->   "%v_assign = fmul i32 %tmp_data_M_value, i32 0.00012207" [doppler_fft_project/doppler_fft.cpp:67]   --->   Operation 37 'fmul' 'v_assign' <Predicate = true> <Delay = 5.70> <CoreInst = "FMul_maxdsp">   --->   Core 30 'FMul_maxdsp' <Latency = 3> <II = 1> <Delay = 5.70> <FuncUnit> <Opcode : 'fmul'> <InPorts = 2> <OutPorts = 1>
ST_5 : Operation 38 [1/4] (5.70ns)   --->   "%v_assign_2 = fmul i32 %tmp_data_M_value_2, i32 0.00012207" [doppler_fft_project/doppler_fft.cpp:68]   --->   Operation 38 'fmul' 'v_assign_2' <Predicate = true> <Delay = 5.70> <CoreInst = "FMul_maxdsp">   --->   Core 30 'FMul_maxdsp' <Latency = 3> <II = 1> <Delay = 5.70> <FuncUnit> <Opcode : 'fmul'> <InPorts = 2> <OutPorts = 1>

State 6 <SV = 5> <Delay = 4.43>
ST_6 : Operation 39 [2/2] (4.43ns)   --->   "%d = fpext i32 %v_assign"   --->   Operation 39 'fpext' 'd' <Predicate = true> <Delay = 4.43> <CoreInst = "Float2Double">   --->   Core 64 'Float2Double' <Latency = 1> <II = 1> <Delay = 4.43> <FuncUnit> <Opcode : 'fpext'> <InPorts = 1> <OutPorts = 1>
ST_6 : Operation 40 [2/2] (4.43ns)   --->   "%d_2 = fpext i32 %v_assign_2"   --->   Operation 40 'fpext' 'd_2' <Predicate = true> <Delay = 4.43> <CoreInst = "Float2Double">   --->   Core 64 'Float2Double' <Latency = 1> <II = 1> <Delay = 4.43> <FuncUnit> <Opcode : 'fpext'> <InPorts = 1> <OutPorts = 1>

State 7 <SV = 6> <Delay = 7.22>
ST_7 : Operation 41 [1/2] (4.43ns)   --->   "%d = fpext i32 %v_assign"   --->   Operation 41 'fpext' 'd' <Predicate = true> <Delay = 4.43> <CoreInst = "Float2Double">   --->   Core 64 'Float2Double' <Latency = 1> <II = 1> <Delay = 4.43> <FuncUnit> <Opcode : 'fpext'> <InPorts = 1> <OutPorts = 1>
ST_7 : Operation 42 [1/1] (0.00ns)   --->   "%ireg = bitcast i64 %d"   --->   Operation 42 'bitcast' 'ireg' <Predicate = true> <Delay = 0.00>
ST_7 : Operation 43 [1/1] (0.00ns)   --->   "%trunc_ln590 = trunc i64 %ireg"   --->   Operation 43 'trunc' 'trunc_ln590' <Predicate = true> <Delay = 0.00>
ST_7 : Operation 44 [1/1] (0.00ns)   --->   "%p_Result_s = bitselect i1 @_ssdm_op_BitSelect.i1.i64.i32, i64 %ireg, i32 63"   --->   Operation 44 'bitselect' 'p_Result_s' <Predicate = true> <Delay = 0.00>
ST_7 : Operation 45 [1/1] (0.00ns)   --->   "%exp_tmp = partselect i11 @_ssdm_op_PartSelect.i11.i64.i32.i32, i64 %ireg, i32 52, i32 62"   --->   Operation 45 'partselect' 'exp_tmp' <Predicate = true> <Delay = 0.00>
ST_7 : Operation 46 [1/1] (0.00ns)   --->   "%trunc_ln600 = trunc i64 %ireg"   --->   Operation 46 'trunc' 'trunc_ln600' <Predicate = true> <Delay = 0.00>
ST_7 : Operation 47 [1/1] (2.78ns)   --->   "%icmp_ln606 = icmp_eq  i63 %trunc_ln590, i63 0"   --->   Operation 47 'icmp' 'icmp_ln606' <Predicate = true> <Delay = 2.78> <CoreInst = "Cmp">   --->   Core 9 'Cmp' <Latency = 0> <II = 1> <Delay = 2.78> <FuncUnit> <Opcode : 'icmp'> <InPorts = 2> <OutPorts = 1>
ST_7 : Operation 48 [1/2] (4.43ns)   --->   "%d_2 = fpext i32 %v_assign_2"   --->   Operation 48 'fpext' 'd_2' <Predicate = true> <Delay = 4.43> <CoreInst = "Float2Double">   --->   Core 64 'Float2Double' <Latency = 1> <II = 1> <Delay = 4.43> <FuncUnit> <Opcode : 'fpext'> <InPorts = 1> <OutPorts = 1>
ST_7 : Operation 49 [1/1] (0.00ns)   --->   "%ireg_2 = bitcast i64 %d_2"   --->   Operation 49 'bitcast' 'ireg_2' <Predicate = true> <Delay = 0.00>
ST_7 : Operation 50 [1/1] (0.00ns)   --->   "%trunc_ln590_2 = trunc i64 %ireg_2"   --->   Operation 50 'trunc' 'trunc_ln590_2' <Predicate = true> <Delay = 0.00>
ST_7 : Operation 51 [1/1] (0.00ns)   --->   "%p_Result_24 = bitselect i1 @_ssdm_op_BitSelect.i1.i64.i32, i64 %ireg_2, i32 63"   --->   Operation 51 'bitselect' 'p_Result_24' <Predicate = true> <Delay = 0.00>
ST_7 : Operation 52 [1/1] (0.00ns)   --->   "%exp_tmp_2 = partselect i11 @_ssdm_op_PartSelect.i11.i64.i32.i32, i64 %ireg_2, i32 52, i32 62"   --->   Operation 52 'partselect' 'exp_tmp_2' <Predicate = true> <Delay = 0.00>
ST_7 : Operation 53 [1/1] (0.00ns)   --->   "%trunc_ln600_2 = trunc i64 %ireg_2"   --->   Operation 53 'trunc' 'trunc_ln600_2' <Predicate = true> <Delay = 0.00>
ST_7 : Operation 54 [1/1] (2.78ns)   --->   "%icmp_ln606_2 = icmp_eq  i63 %trunc_ln590_2, i63 0"   --->   Operation 54 'icmp' 'icmp_ln606_2' <Predicate = true> <Delay = 2.78> <CoreInst = "Cmp">   --->   Core 9 'Cmp' <Latency = 0> <II = 1> <Delay = 2.78> <FuncUnit> <Opcode : 'icmp'> <InPorts = 2> <OutPorts = 1>

State 8 <SV = 7> <Delay = 4.51>
ST_8 : Operation 55 [1/1] (0.00ns)   --->   "%zext_ln501 = zext i11 %exp_tmp"   --->   Operation 55 'zext' 'zext_ln501' <Predicate = (!icmp_ln606)> <Delay = 0.00>
ST_8 : Operation 56 [1/1] (0.00ns)   --->   "%p_Result_23 = bitconcatenate i53 @_ssdm_op_BitConcatenate.i53.i1.i52, i1 1, i52 %trunc_ln600"   --->   Operation 56 'bitconcatenate' 'p_Result_23' <Predicate = (!icmp_ln606)> <Delay = 0.00>
ST_8 : Operation 57 [1/1] (0.00ns)   --->   "%zext_ln604 = zext i53 %p_Result_23"   --->   Operation 57 'zext' 'zext_ln604' <Predicate = (!icmp_ln606)> <Delay = 0.00>
ST_8 : Operation 58 [1/1] (3.23ns)   --->   "%man_V_6 = sub i54 0, i54 %zext_ln604"   --->   Operation 58 'sub' 'man_V_6' <Predicate = (p_Result_s & !icmp_ln606)> <Delay = 3.23> <CoreInst = "Adder">   --->   Core 1 'Adder' <Latency = 0> <II = 1> <Delay = 3.23> <FuncUnit> <Opcode : 'add' 'sub'> <InPorts = 2> <OutPorts = 1>
ST_8 : Operation 59 [1/1] (0.94ns)   --->   "%man_V_7 = select i1 %p_Result_s, i54 %man_V_6, i54 %zext_ln604"   --->   Operation 59 'select' 'man_V_7' <Predicate = (!icmp_ln606)> <Delay = 0.94> <CoreInst = "Sel">   --->   Core 73 'Sel' <Latency = 0> <II = 1> <Delay = 0.94> <FuncUnit> <Opcode : 'select'> <InPorts = 3> <OutPorts = 1>
ST_8 : Operation 60 [1/1] (1.54ns)   --->   "%F2 = sub i12 1075, i12 %zext_ln501"   --->   Operation 60 'sub' 'F2' <Predicate = (!icmp_ln606)> <Delay = 1.54> <CoreInst = "Adder">   --->   Core 1 'Adder' <Latency = 0> <II = 1> <Delay = 1.54> <FuncUnit> <Opcode : 'add' 'sub'> <InPorts = 2> <OutPorts = 1>
ST_8 : Operation 61 [1/1] (1.99ns)   --->   "%icmp_ln616 = icmp_sgt  i12 %F2, i12 17"   --->   Operation 61 'icmp' 'icmp_ln616' <Predicate = (!icmp_ln606)> <Delay = 1.99> <CoreInst = "Cmp">   --->   Core 9 'Cmp' <Latency = 0> <II = 1> <Delay = 1.99> <FuncUnit> <Opcode : 'icmp'> <InPorts = 2> <OutPorts = 1>
ST_8 : Operation 62 [1/1] (1.54ns)   --->   "%add_ln616 = add i12 %F2, i12 4079"   --->   Operation 62 'add' 'add_ln616' <Predicate = (!icmp_ln606)> <Delay = 1.54> <CoreInst = "Adder">   --->   Core 1 'Adder' <Latency = 0> <II = 1> <Delay = 1.54> <FuncUnit> <Opcode : 'add' 'sub'> <InPorts = 2> <OutPorts = 1>
ST_8 : Operation 63 [1/1] (1.54ns)   --->   "%sub_ln616 = sub i12 17, i12 %F2"   --->   Operation 63 'sub' 'sub_ln616' <Predicate = (!icmp_ln606)> <Delay = 1.54> <CoreInst = "Adder">   --->   Core 1 'Adder' <Latency = 0> <II = 1> <Delay = 1.54> <FuncUnit> <Opcode : 'add' 'sub'> <InPorts = 2> <OutPorts = 1>
ST_8 : Operation 64 [1/1] (0.69ns)   --->   "%sh_amt = select i1 %icmp_ln616, i12 %add_ln616, i12 %sub_ln616"   --->   Operation 64 'select' 'sh_amt' <Predicate = (!icmp_ln606)> <Delay = 0.69> <CoreInst = "Sel">   --->   Core 73 'Sel' <Latency = 0> <II = 1> <Delay = 0.69> <FuncUnit> <Opcode : 'select'> <InPorts = 3> <OutPorts = 1>
ST_8 : Operation 65 [1/1] (1.99ns)   --->   "%icmp_ln617 = icmp_eq  i12 %F2, i12 17"   --->   Operation 65 'icmp' 'icmp_ln617' <Predicate = (!icmp_ln606)> <Delay = 1.99> <CoreInst = "Cmp">   --->   Core 9 'Cmp' <Latency = 0> <II = 1> <Delay = 1.99> <FuncUnit> <Opcode : 'icmp'> <InPorts = 2> <OutPorts = 1>
ST_8 : Operation 66 [1/1] (0.00ns)   --->   "%trunc_ln618 = trunc i54 %man_V_7"   --->   Operation 66 'trunc' 'trunc_ln618' <Predicate = (!icmp_ln606)> <Delay = 0.00>
ST_8 : Operation 67 [1/1] (0.00ns) (grouped into LUT with out node and_ln616)   --->   "%or_ln617 = or i1 %icmp_ln606, i1 %icmp_ln617"   --->   Operation 67 'or' 'or_ln617' <Predicate = (!icmp_ln606)> <Delay = 0.00> <CoreInst = "LogicGate">   --->   Core 74 'LogicGate' <Latency = 0> <II = 1> <Delay = 0.97> <FuncUnit> <Opcode : 'and' 'or' 'xor'> <InPorts = 2> <OutPorts = 1>
ST_8 : Operation 68 [1/1] (0.00ns) (grouped into LUT with out node and_ln616)   --->   "%xor_ln617 = xor i1 %or_ln617, i1 1"   --->   Operation 68 'xor' 'xor_ln617' <Predicate = (!icmp_ln606)> <Delay = 0.00> <CoreInst = "LogicGate">   --->   Core 74 'LogicGate' <Latency = 0> <II = 1> <Delay = 0.97> <FuncUnit> <Opcode : 'and' 'or' 'xor'> <InPorts = 2> <OutPorts = 1>
ST_8 : Operation 69 [1/1] (0.97ns) (out node of the LUT)   --->   "%and_ln616 = and i1 %icmp_ln616, i1 %xor_ln617"   --->   Operation 69 'and' 'and_ln616' <Predicate = (!icmp_ln606)> <Delay = 0.97> <CoreInst = "LogicGate">   --->   Core 74 'LogicGate' <Latency = 0> <II = 1> <Delay = 0.97> <FuncUnit> <Opcode : 'and' 'or' 'xor'> <InPorts = 2> <OutPorts = 1>
ST_8 : Operation 70 [1/1] (0.00ns)   --->   "%zext_ln501_2 = zext i11 %exp_tmp_2"   --->   Operation 70 'zext' 'zext_ln501_2' <Predicate = (!icmp_ln606_2)> <Delay = 0.00>
ST_8 : Operation 71 [1/1] (0.00ns)   --->   "%p_Result_25 = bitconcatenate i53 @_ssdm_op_BitConcatenate.i53.i1.i52, i1 1, i52 %trunc_ln600_2"   --->   Operation 71 'bitconcatenate' 'p_Result_25' <Predicate = (!icmp_ln606_2)> <Delay = 0.00>
ST_8 : Operation 72 [1/1] (0.00ns)   --->   "%zext_ln604_2 = zext i53 %p_Result_25"   --->   Operation 72 'zext' 'zext_ln604_2' <Predicate = (!icmp_ln606_2)> <Delay = 0.00>
ST_8 : Operation 73 [1/1] (3.23ns)   --->   "%man_V_9 = sub i54 0, i54 %zext_ln604_2"   --->   Operation 73 'sub' 'man_V_9' <Predicate = (p_Result_24 & !icmp_ln606_2)> <Delay = 3.23> <CoreInst = "Adder">   --->   Core 1 'Adder' <Latency = 0> <II = 1> <Delay = 3.23> <FuncUnit> <Opcode : 'add' 'sub'> <InPorts = 2> <OutPorts = 1>
ST_8 : Operation 74 [1/1] (0.94ns)   --->   "%man_V_10 = select i1 %p_Result_24, i54 %man_V_9, i54 %zext_ln604_2"   --->   Operation 74 'select' 'man_V_10' <Predicate = (!icmp_ln606_2)> <Delay = 0.94> <CoreInst = "Sel">   --->   Core 73 'Sel' <Latency = 0> <II = 1> <Delay = 0.94> <FuncUnit> <Opcode : 'select'> <InPorts = 3> <OutPorts = 1>
ST_8 : Operation 75 [1/1] (1.54ns)   --->   "%F2_2 = sub i12 1075, i12 %zext_ln501_2"   --->   Operation 75 'sub' 'F2_2' <Predicate = (!icmp_ln606_2)> <Delay = 1.54> <CoreInst = "Adder">   --->   Core 1 'Adder' <Latency = 0> <II = 1> <Delay = 1.54> <FuncUnit> <Opcode : 'add' 'sub'> <InPorts = 2> <OutPorts = 1>
ST_8 : Operation 76 [1/1] (1.99ns)   --->   "%icmp_ln616_2 = icmp_sgt  i12 %F2_2, i12 17"   --->   Operation 76 'icmp' 'icmp_ln616_2' <Predicate = (!icmp_ln606_2)> <Delay = 1.99> <CoreInst = "Cmp">   --->   Core 9 'Cmp' <Latency = 0> <II = 1> <Delay = 1.99> <FuncUnit> <Opcode : 'icmp'> <InPorts = 2> <OutPorts = 1>
ST_8 : Operation 77 [1/1] (1.54ns)   --->   "%add_ln616_2 = add i12 %F2_2, i12 4079"   --->   Operation 77 'add' 'add_ln616_2' <Predicate = (!icmp_ln606_2)> <Delay = 1.54> <CoreInst = "Adder">   --->   Core 1 'Adder' <Latency = 0> <II = 1> <Delay = 1.54> <FuncUnit> <Opcode : 'add' 'sub'> <InPorts = 2> <OutPorts = 1>
ST_8 : Operation 78 [1/1] (1.54ns)   --->   "%sub_ln616_2 = sub i12 17, i12 %F2_2"   --->   Operation 78 'sub' 'sub_ln616_2' <Predicate = (!icmp_ln606_2)> <Delay = 1.54> <CoreInst = "Adder">   --->   Core 1 'Adder' <Latency = 0> <II = 1> <Delay = 1.54> <FuncUnit> <Opcode : 'add' 'sub'> <InPorts = 2> <OutPorts = 1>
ST_8 : Operation 79 [1/1] (0.69ns)   --->   "%sh_amt_2 = select i1 %icmp_ln616_2, i12 %add_ln616_2, i12 %sub_ln616_2"   --->   Operation 79 'select' 'sh_amt_2' <Predicate = (!icmp_ln606_2)> <Delay = 0.69> <CoreInst = "Sel">   --->   Core 73 'Sel' <Latency = 0> <II = 1> <Delay = 0.69> <FuncUnit> <Opcode : 'select'> <InPorts = 3> <OutPorts = 1>
ST_8 : Operation 80 [1/1] (1.99ns)   --->   "%icmp_ln617_2 = icmp_eq  i12 %F2_2, i12 17"   --->   Operation 80 'icmp' 'icmp_ln617_2' <Predicate = (!icmp_ln606_2)> <Delay = 1.99> <CoreInst = "Cmp">   --->   Core 9 'Cmp' <Latency = 0> <II = 1> <Delay = 1.99> <FuncUnit> <Opcode : 'icmp'> <InPorts = 2> <OutPorts = 1>
ST_8 : Operation 81 [1/1] (0.00ns)   --->   "%trunc_ln618_2 = trunc i54 %man_V_10"   --->   Operation 81 'trunc' 'trunc_ln618_2' <Predicate = (!icmp_ln606_2)> <Delay = 0.00>
ST_8 : Operation 82 [1/1] (0.00ns) (grouped into LUT with out node and_ln616_2)   --->   "%or_ln617_2 = or i1 %icmp_ln606_2, i1 %icmp_ln617_2"   --->   Operation 82 'or' 'or_ln617_2' <Predicate = (!icmp_ln606_2)> <Delay = 0.00> <CoreInst = "LogicGate">   --->   Core 74 'LogicGate' <Latency = 0> <II = 1> <Delay = 0.97> <FuncUnit> <Opcode : 'and' 'or' 'xor'> <InPorts = 2> <OutPorts = 1>
ST_8 : Operation 83 [1/1] (0.00ns) (grouped into LUT with out node and_ln616_2)   --->   "%xor_ln617_2 = xor i1 %or_ln617_2, i1 1"   --->   Operation 83 'xor' 'xor_ln617_2' <Predicate = (!icmp_ln606_2)> <Delay = 0.00> <CoreInst = "LogicGate">   --->   Core 74 'LogicGate' <Latency = 0> <II = 1> <Delay = 0.97> <FuncUnit> <Opcode : 'and' 'or' 'xor'> <InPorts = 2> <OutPorts = 1>
ST_8 : Operation 84 [1/1] (0.97ns) (out node of the LUT)   --->   "%and_ln616_2 = and i1 %icmp_ln616_2, i1 %xor_ln617_2"   --->   Operation 84 'and' 'and_ln616_2' <Predicate = (!icmp_ln606_2)> <Delay = 0.97> <CoreInst = "LogicGate">   --->   Core 74 'LogicGate' <Latency = 0> <II = 1> <Delay = 0.97> <FuncUnit> <Opcode : 'and' 'or' 'xor'> <InPorts = 2> <OutPorts = 1>

State 9 <SV = 8> <Delay = 6.05>
ST_9 : Operation 85 [1/1] (0.00ns)   --->   "%sext_ln616 = sext i12 %sh_amt"   --->   Operation 85 'sext' 'sext_ln616' <Predicate = (!icmp_ln606)> <Delay = 0.00>
ST_9 : Operation 86 [1/1] (1.99ns)   --->   "%icmp_ln620 = icmp_ult  i12 %sh_amt, i12 54"   --->   Operation 86 'icmp' 'icmp_ln620' <Predicate = (and_ln616 & !icmp_ln606)> <Delay = 1.99> <CoreInst = "Cmp">   --->   Core 9 'Cmp' <Latency = 0> <II = 1> <Delay = 1.99> <FuncUnit> <Opcode : 'icmp'> <InPorts = 2> <OutPorts = 1>
ST_9 : Operation 87 [1/1] (1.99ns)   --->   "%icmp_ln638 = icmp_ult  i12 %sh_amt, i12 19"   --->   Operation 87 'icmp' 'icmp_ln638' <Predicate = (!and_ln616 & !icmp_ln606)> <Delay = 1.99> <CoreInst = "Cmp">   --->   Core 9 'Cmp' <Latency = 0> <II = 1> <Delay = 1.99> <FuncUnit> <Opcode : 'icmp'> <InPorts = 2> <OutPorts = 1>
ST_9 : Operation 88 [1/1] (0.00ns) (grouped into LUT with out node select_ln617)   --->   "%sext_ln616cast = trunc i32 %sext_ln616"   --->   Operation 88 'trunc' 'sext_ln616cast' <Predicate = (!and_ln616 & !icmp_ln606)> <Delay = 0.00>
ST_9 : Operation 89 [1/1] (0.00ns) (grouped into LUT with out node select_ln617)   --->   "%shl_ln639 = shl i19 %trunc_ln618, i19 %sext_ln616cast"   --->   Operation 89 'shl' 'shl_ln639' <Predicate = (!and_ln616 & !icmp_ln606)> <Delay = 0.00> <CoreInst = "Shifter">   --->   Core 75 'Shifter' <Latency = 0> <II = 1> <Delay = 4.06> <FuncUnit> <Opcode : 'shl' 'lshr' 'ashr'> <InPorts = 2> <OutPorts = 1>
ST_9 : Operation 90 [1/1] (0.00ns) (grouped into LUT with out node select_ln617)   --->   "%select_ln638 = select i1 %icmp_ln638, i19 %shl_ln639, i19 0"   --->   Operation 90 'select' 'select_ln638' <Predicate = (!and_ln616 & !icmp_ln606)> <Delay = 0.00> <CoreInst = "Sel">   --->   Core 73 'Sel' <Latency = 0> <II = 1> <Delay = 0.73> <FuncUnit> <Opcode : 'select'> <InPorts = 3> <OutPorts = 1>
ST_9 : Operation 91 [1/1] (0.00ns) (grouped into LUT with out node select_ln617)   --->   "%xor_ln606 = xor i1 %icmp_ln606, i1 1"   --->   Operation 91 'xor' 'xor_ln606' <Predicate = (!and_ln616 & !icmp_ln606)> <Delay = 0.00> <CoreInst = "LogicGate">   --->   Core 74 'LogicGate' <Latency = 0> <II = 1> <Delay = 0.97> <FuncUnit> <Opcode : 'and' 'or' 'xor'> <InPorts = 2> <OutPorts = 1>
ST_9 : Operation 92 [1/1] (0.00ns) (grouped into LUT with out node select_ln617)   --->   "%and_ln617 = and i1 %icmp_ln617, i1 %xor_ln606"   --->   Operation 92 'and' 'and_ln617' <Predicate = (!and_ln616 & !icmp_ln606)> <Delay = 0.00> <CoreInst = "LogicGate">   --->   Core 74 'LogicGate' <Latency = 0> <II = 1> <Delay = 0.97> <FuncUnit> <Opcode : 'and' 'or' 'xor'> <InPorts = 2> <OutPorts = 1>
ST_9 : Operation 93 [1/1] (4.06ns) (out node of the LUT)   --->   "%select_ln617 = select i1 %and_ln617, i19 %trunc_ln618, i19 %select_ln638"   --->   Operation 93 'select' 'select_ln617' <Predicate = (!and_ln616 & !icmp_ln606)> <Delay = 4.06> <CoreInst = "Sel">   --->   Core 73 'Sel' <Latency = 0> <II = 1> <Delay = 0.73> <FuncUnit> <Opcode : 'select'> <InPorts = 3> <OutPorts = 1>
ST_9 : Operation 94 [1/1] (0.00ns)   --->   "%sext_ln616_2 = sext i12 %sh_amt_2"   --->   Operation 94 'sext' 'sext_ln616_2' <Predicate = (!icmp_ln606_2)> <Delay = 0.00>
ST_9 : Operation 95 [1/1] (1.99ns)   --->   "%icmp_ln620_2 = icmp_ult  i12 %sh_amt_2, i12 54"   --->   Operation 95 'icmp' 'icmp_ln620_2' <Predicate = (and_ln616_2 & !icmp_ln606_2)> <Delay = 1.99> <CoreInst = "Cmp">   --->   Core 9 'Cmp' <Latency = 0> <II = 1> <Delay = 1.99> <FuncUnit> <Opcode : 'icmp'> <InPorts = 2> <OutPorts = 1>
ST_9 : Operation 96 [1/1] (1.99ns)   --->   "%icmp_ln638_2 = icmp_ult  i12 %sh_amt_2, i12 19"   --->   Operation 96 'icmp' 'icmp_ln638_2' <Predicate = (!and_ln616_2 & !icmp_ln606_2)> <Delay = 1.99> <CoreInst = "Cmp">   --->   Core 9 'Cmp' <Latency = 0> <II = 1> <Delay = 1.99> <FuncUnit> <Opcode : 'icmp'> <InPorts = 2> <OutPorts = 1>
ST_9 : Operation 97 [1/1] (0.00ns) (grouped into LUT with out node select_ln617_2)   --->   "%sext_ln616_2cast = trunc i32 %sext_ln616_2"   --->   Operation 97 'trunc' 'sext_ln616_2cast' <Predicate = (!and_ln616_2 & !icmp_ln606_2)> <Delay = 0.00>
ST_9 : Operation 98 [1/1] (0.00ns) (grouped into LUT with out node select_ln617_2)   --->   "%shl_ln639_2 = shl i19 %trunc_ln618_2, i19 %sext_ln616_2cast"   --->   Operation 98 'shl' 'shl_ln639_2' <Predicate = (!and_ln616_2 & !icmp_ln606_2)> <Delay = 0.00> <CoreInst = "Shifter">   --->   Core 75 'Shifter' <Latency = 0> <II = 1> <Delay = 4.06> <FuncUnit> <Opcode : 'shl' 'lshr' 'ashr'> <InPorts = 2> <OutPorts = 1>
ST_9 : Operation 99 [1/1] (0.00ns) (grouped into LUT with out node select_ln617_2)   --->   "%select_ln638_2 = select i1 %icmp_ln638_2, i19 %shl_ln639_2, i19 0"   --->   Operation 99 'select' 'select_ln638_2' <Predicate = (!and_ln616_2 & !icmp_ln606_2)> <Delay = 0.00> <CoreInst = "Sel">   --->   Core 73 'Sel' <Latency = 0> <II = 1> <Delay = 0.73> <FuncUnit> <Opcode : 'select'> <InPorts = 3> <OutPorts = 1>
ST_9 : Operation 100 [1/1] (0.00ns) (grouped into LUT with out node select_ln617_2)   --->   "%xor_ln606_2 = xor i1 %icmp_ln606_2, i1 1"   --->   Operation 100 'xor' 'xor_ln606_2' <Predicate = (!and_ln616_2 & !icmp_ln606_2)> <Delay = 0.00> <CoreInst = "LogicGate">   --->   Core 74 'LogicGate' <Latency = 0> <II = 1> <Delay = 0.97> <FuncUnit> <Opcode : 'and' 'or' 'xor'> <InPorts = 2> <OutPorts = 1>
ST_9 : Operation 101 [1/1] (0.00ns) (grouped into LUT with out node select_ln617_2)   --->   "%and_ln617_2 = and i1 %icmp_ln617_2, i1 %xor_ln606_2"   --->   Operation 101 'and' 'and_ln617_2' <Predicate = (!and_ln616_2 & !icmp_ln606_2)> <Delay = 0.00> <CoreInst = "LogicGate">   --->   Core 74 'LogicGate' <Latency = 0> <II = 1> <Delay = 0.97> <FuncUnit> <Opcode : 'and' 'or' 'xor'> <InPorts = 2> <OutPorts = 1>
ST_9 : Operation 102 [1/1] (4.06ns) (out node of the LUT)   --->   "%select_ln617_2 = select i1 %and_ln617_2, i19 %trunc_ln618_2, i19 %select_ln638_2"   --->   Operation 102 'select' 'select_ln617_2' <Predicate = (!and_ln616_2 & !icmp_ln606_2)> <Delay = 4.06> <CoreInst = "Sel">   --->   Core 73 'Sel' <Latency = 0> <II = 1> <Delay = 0.73> <FuncUnit> <Opcode : 'select'> <InPorts = 3> <OutPorts = 1>

State 10 <SV = 9> <Delay = 5.34>
ST_10 : Operation 103 [1/1] (0.00ns) (grouped into LUT with out node select_ln616)   --->   "%zext_ln621 = zext i32 %sext_ln616"   --->   Operation 103 'zext' 'zext_ln621' <Predicate = (icmp_ln620 & and_ln616 & !icmp_ln606)> <Delay = 0.00>
ST_10 : Operation 104 [1/1] (0.00ns) (grouped into LUT with out node select_ln616)   --->   "%ashr_ln621 = ashr i54 %man_V_7, i54 %zext_ln621"   --->   Operation 104 'ashr' 'ashr_ln621' <Predicate = (icmp_ln620 & and_ln616 & !icmp_ln606)> <Delay = 0.00> <CoreInst = "Shifter">   --->   Core 75 'Shifter' <Latency = 0> <II = 1> <Delay = 4.61> <FuncUnit> <Opcode : 'shl' 'lshr' 'ashr'> <InPorts = 2> <OutPorts = 1>
ST_10 : Operation 105 [1/1] (0.00ns) (grouped into LUT with out node select_ln616)   --->   "%trunc_ln621 = trunc i54 %ashr_ln621"   --->   Operation 105 'trunc' 'trunc_ln621' <Predicate = (icmp_ln620 & and_ln616 & !icmp_ln606)> <Delay = 0.00>
ST_10 : Operation 106 [1/1] (0.00ns) (grouped into LUT with out node select_ln616)   --->   "%bitcast_ln768 = bitcast i32 %v_assign"   --->   Operation 106 'bitcast' 'bitcast_ln768' <Predicate = (!icmp_ln620 & and_ln616 & !icmp_ln606)> <Delay = 0.00>
ST_10 : Operation 107 [1/1] (0.00ns) (grouped into LUT with out node select_ln616)   --->   "%tmp = bitselect i1 @_ssdm_op_BitSelect.i1.i32.i32, i32 %bitcast_ln768, i32 31"   --->   Operation 107 'bitselect' 'tmp' <Predicate = (!icmp_ln620 & and_ln616 & !icmp_ln606)> <Delay = 0.00>
ST_10 : Operation 108 [1/1] (0.00ns) (grouped into LUT with out node select_ln616)   --->   "%select_ln623 = select i1 %tmp, i19 524287, i19 0"   --->   Operation 108 'select' 'select_ln623' <Predicate = (!icmp_ln620 & and_ln616 & !icmp_ln606)> <Delay = 0.00> <CoreInst = "Sel">   --->   Core 73 'Sel' <Latency = 0> <II = 1> <Delay = 0.99> <FuncUnit> <Opcode : 'select'> <InPorts = 3> <OutPorts = 1>
ST_10 : Operation 109 [1/1] (0.00ns) (grouped into LUT with out node select_ln616)   --->   "%select_ln620 = select i1 %icmp_ln620, i19 %trunc_ln621, i19 %select_ln623"   --->   Operation 109 'select' 'select_ln620' <Predicate = (and_ln616 & !icmp_ln606)> <Delay = 0.00> <CoreInst = "Sel">   --->   Core 73 'Sel' <Latency = 0> <II = 1> <Delay = 0.73> <FuncUnit> <Opcode : 'select'> <InPorts = 3> <OutPorts = 1>
ST_10 : Operation 110 [1/1] (4.61ns) (out node of the LUT)   --->   "%select_ln616 = select i1 %and_ln616, i19 %select_ln620, i19 %select_ln617"   --->   Operation 110 'select' 'select_ln616' <Predicate = (!icmp_ln606)> <Delay = 4.61> <CoreInst = "Sel">   --->   Core 73 'Sel' <Latency = 0> <II = 1> <Delay = 0.73> <FuncUnit> <Opcode : 'select'> <InPorts = 3> <OutPorts = 1>
ST_10 : Operation 111 [1/1] (0.73ns) (out node of the LUT)   --->   "%p_val_V = select i1 %icmp_ln606, i19 0, i19 %select_ln616"   --->   Operation 111 'select' 'p_val_V' <Predicate = true> <Delay = 0.73> <CoreInst = "Sel">   --->   Core 73 'Sel' <Latency = 0> <II = 1> <Delay = 0.73> <FuncUnit> <Opcode : 'select'> <InPorts = 3> <OutPorts = 1>
ST_10 : Operation 112 [1/1] (0.00ns) (grouped into LUT with out node select_ln616_4)   --->   "%zext_ln621_2 = zext i32 %sext_ln616_2"   --->   Operation 112 'zext' 'zext_ln621_2' <Predicate = (icmp_ln620_2 & and_ln616_2 & !icmp_ln606_2)> <Delay = 0.00>
ST_10 : Operation 113 [1/1] (0.00ns) (grouped into LUT with out node select_ln616_4)   --->   "%ashr_ln621_2 = ashr i54 %man_V_10, i54 %zext_ln621_2"   --->   Operation 113 'ashr' 'ashr_ln621_2' <Predicate = (icmp_ln620_2 & and_ln616_2 & !icmp_ln606_2)> <Delay = 0.00> <CoreInst = "Shifter">   --->   Core 75 'Shifter' <Latency = 0> <II = 1> <Delay = 4.61> <FuncUnit> <Opcode : 'shl' 'lshr' 'ashr'> <InPorts = 2> <OutPorts = 1>
ST_10 : Operation 114 [1/1] (0.00ns) (grouped into LUT with out node select_ln616_4)   --->   "%trunc_ln621_2 = trunc i54 %ashr_ln621_2"   --->   Operation 114 'trunc' 'trunc_ln621_2' <Predicate = (icmp_ln620_2 & and_ln616_2 & !icmp_ln606_2)> <Delay = 0.00>
ST_10 : Operation 115 [1/1] (0.00ns) (grouped into LUT with out node select_ln616_4)   --->   "%bitcast_ln768_4 = bitcast i32 %v_assign_2"   --->   Operation 115 'bitcast' 'bitcast_ln768_4' <Predicate = (!icmp_ln620_2 & and_ln616_2 & !icmp_ln606_2)> <Delay = 0.00>
ST_10 : Operation 116 [1/1] (0.00ns) (grouped into LUT with out node select_ln616_4)   --->   "%tmp_12 = bitselect i1 @_ssdm_op_BitSelect.i1.i32.i32, i32 %bitcast_ln768_4, i32 31"   --->   Operation 116 'bitselect' 'tmp_12' <Predicate = (!icmp_ln620_2 & and_ln616_2 & !icmp_ln606_2)> <Delay = 0.00>
ST_10 : Operation 117 [1/1] (0.00ns) (grouped into LUT with out node select_ln616_4)   --->   "%select_ln623_2 = select i1 %tmp_12, i19 524287, i19 0"   --->   Operation 117 'select' 'select_ln623_2' <Predicate = (!icmp_ln620_2 & and_ln616_2 & !icmp_ln606_2)> <Delay = 0.00> <CoreInst = "Sel">   --->   Core 73 'Sel' <Latency = 0> <II = 1> <Delay = 0.99> <FuncUnit> <Opcode : 'select'> <InPorts = 3> <OutPorts = 1>
ST_10 : Operation 118 [1/1] (0.00ns) (grouped into LUT with out node select_ln616_4)   --->   "%select_ln620_2 = select i1 %icmp_ln620_2, i19 %trunc_ln621_2, i19 %select_ln623_2"   --->   Operation 118 'select' 'select_ln620_2' <Predicate = (and_ln616_2 & !icmp_ln606_2)> <Delay = 0.00> <CoreInst = "Sel">   --->   Core 73 'Sel' <Latency = 0> <II = 1> <Delay = 0.73> <FuncUnit> <Opcode : 'select'> <InPorts = 3> <OutPorts = 1>
ST_10 : Operation 119 [1/1] (4.61ns) (out node of the LUT)   --->   "%select_ln616_4 = select i1 %and_ln616_2, i19 %select_ln620_2, i19 %select_ln617_2"   --->   Operation 119 'select' 'select_ln616_4' <Predicate = (!icmp_ln606_2)> <Delay = 4.61> <CoreInst = "Sel">   --->   Core 73 'Sel' <Latency = 0> <II = 1> <Delay = 0.73> <FuncUnit> <Opcode : 'select'> <InPorts = 3> <OutPorts = 1>
ST_10 : Operation 120 [1/1] (0.73ns) (out node of the LUT)   --->   "%p_val_V_1 = select i1 %icmp_ln606_2, i19 0, i19 %select_ln616_4"   --->   Operation 120 'select' 'p_val_V_1' <Predicate = true> <Delay = 0.73> <CoreInst = "Sel">   --->   Core 73 'Sel' <Latency = 0> <II = 1> <Delay = 0.73> <FuncUnit> <Opcode : 'select'> <InPorts = 3> <OutPorts = 1>
ST_10 : Operation 128 [1/1] (0.00ns)   --->   "%ret_ln0 = ret"   --->   Operation 128 'ret' 'ret_ln0' <Predicate = (icmp_ln65)> <Delay = 0.00>

State 11 <SV = 10> <Delay = 3.25>
ST_11 : Operation 121 [1/1] (0.00ns)   --->   "%i_cast = zext i9 %i_3" [doppler_fft_project/doppler_fft.cpp:65]   --->   Operation 121 'zext' 'i_cast' <Predicate = true> <Delay = 0.00>
ST_11 : Operation 122 [1/1] (0.00ns)   --->   "%specloopname_ln0 = specloopname void @_ssdm_op_SpecLoopName, void @empty_10"   --->   Operation 122 'specloopname' 'specloopname_ln0' <Predicate = true> <Delay = 0.00>
ST_11 : Operation 123 [1/1] (0.00ns)   --->   "%buf_M_real_V_addr = getelementptr i19 %buf_M_real_V, i64 0, i64 %i_cast"   --->   Operation 123 'getelementptr' 'buf_M_real_V_addr' <Predicate = true> <Delay = 0.00>
ST_11 : Operation 124 [1/1] (3.25ns)   --->   "%store_ln118 = store i19 %p_val_V, i8 %buf_M_real_V_addr"   --->   Operation 124 'store' 'store_ln118' <Predicate = true> <Delay = 3.25> <CoreInst = "RAM">   --->   Core 82 'RAM' <Latency = 1> <II = 1> <Delay = 3.25> <Storage> <Opcode : 'load' 'store'> <Ports = 2> <Width = 19> <Depth = 256> <RAM>
ST_11 : Operation 125 [1/1] (0.00ns)   --->   "%buf_M_imag_V_addr = getelementptr i19 %buf_M_imag_V, i64 0, i64 %i_cast"   --->   Operation 125 'getelementptr' 'buf_M_imag_V_addr' <Predicate = true> <Delay = 0.00>
ST_11 : Operation 126 [1/1] (3.25ns)   --->   "%store_ln120 = store i19 %p_val_V_1, i8 %buf_M_imag_V_addr"   --->   Operation 126 'store' 'store_ln120' <Predicate = true> <Delay = 3.25> <CoreInst = "RAM">   --->   Core 82 'RAM' <Latency = 1> <II = 1> <Delay = 3.25> <Storage> <Opcode : 'load' 'store'> <Ports = 2> <Width = 19> <Depth = 256> <RAM>
ST_11 : Operation 127 [1/1] (0.00ns)   --->   "%br_ln65 = br void %for.inc" [doppler_fft_project/doppler_fft.cpp:65]   --->   Operation 127 'br' 'br_ln65' <Predicate = true> <Delay = 0.00>


============================================================
+ Verbose Summary: Timing violations
============================================================
Target clock period: 10ns, clock uncertainty: 2.7ns.

 <State 1>: 3.41ns
The critical path consists of the following:
	'alloca' operation ('i') [7]  (0 ns)
	'load' operation ('i', doppler_fft_project/doppler_fft.cpp:65) on local variable 'i' [12]  (0 ns)
	'add' operation ('add_ln65', doppler_fft_project/doppler_fft.cpp:65) [16]  (1.82 ns)
	'store' operation ('store_ln65', doppler_fft_project/doppler_fft.cpp:65) of variable 'add_ln65', doppler_fft_project/doppler_fft.cpp:65 on local variable 'i' [113]  (1.59 ns)

 <State 2>: 5.7ns
The critical path consists of the following:
	'fmul' operation ('v', doppler_fft_project/doppler_fft.cpp:67) [27]  (5.7 ns)

 <State 3>: 5.7ns
The critical path consists of the following:
	'fmul' operation ('v', doppler_fft_project/doppler_fft.cpp:67) [27]  (5.7 ns)

 <State 4>: 5.7ns
The critical path consists of the following:
	'fmul' operation ('v', doppler_fft_project/doppler_fft.cpp:67) [27]  (5.7 ns)

 <State 5>: 5.7ns
The critical path consists of the following:
	'fmul' operation ('v', doppler_fft_project/doppler_fft.cpp:67) [27]  (5.7 ns)

 <State 6>: 4.44ns
The critical path consists of the following:
	'fpext' operation ('d') [28]  (4.44 ns)

 <State 7>: 7.22ns
The critical path consists of the following:
	'fpext' operation ('d') [28]  (4.44 ns)
	'icmp' operation ('icmp_ln606') [39]  (2.79 ns)

 <State 8>: 4.51ns
The critical path consists of the following:
	'sub' operation ('F2') [40]  (1.55 ns)
	'icmp' operation ('icmp_ln616') [41]  (1.99 ns)
	'and' operation ('and_ln616') [65]  (0.978 ns)

 <State 9>: 6.06ns
The critical path consists of the following:
	'icmp' operation ('icmp_ln638') [56]  (1.99 ns)
	'select' operation ('select_ln638') [59]  (0 ns)
	'select' operation ('select_ln617') [62]  (4.07 ns)

 <State 10>: 5.34ns
The critical path consists of the following:
	'ashr' operation ('ashr_ln621') [50]  (0 ns)
	'select' operation ('select_ln620') [55]  (0 ns)
	'select' operation ('select_ln616') [66]  (4.61 ns)
	'select' operation ('__val.V') [67]  (0.732 ns)

 <State 11>: 3.25ns
The critical path consists of the following:
	'getelementptr' operation ('buf_M_real_V_addr') [68]  (0 ns)
	'store' operation ('store_ln118') of variable '__val.V' on array 'buf_M_real_V' [69]  (3.25 ns)


============================================================
+ Verbose Summary: Binding
============================================================
N/A
* FSMD analyzer results:
  - Output states:
 - Input state : 
  - Chain level:
	State 1
	State 2
	State 3
	State 4
	State 5
	State 6
	State 7
	State 8
	State 9
	State 10
	State 11


============================================================
+ Verbose Summary: Datapath Resource usage 
============================================================
N/A
