

================================================================
== Vitis HLS Report for 'doppler_fft_256_Pipeline_VITIS_LOOP_74_2'
================================================================
* Date:           Tue May  5 21:39:05 2026

* Version:        2022.1 (Build 3526262 on Mon Apr 18 15:48:16 MDT 2022)
* Project:        doppler_fft_project
* Solution:       solution1 (Vivado IP Flow Target)
* Product family: zynq
* Target device:  xc7z020-clg484-1


================================================================
== Performance Estimates
================================================================
+ Timing: 
    * Summary: 
    +--------+----------+----------+------------+
    |  Clock |  Target  | Estimated| Uncertainty|
    +--------+----------+----------+------------+
    |ap_clk  |  10.00 ns|  6.972 ns|     2.70 ns|
    +--------+----------+----------+------------+

+ Latency: 
    * Summary: 
    +---------+---------+----------+----------+-----+-----+---------+
    |  Latency (cycles) |  Latency (absolute) |  Interval | Pipeline|
    |   min   |   max   |    min   |    max   | min | max |   Type  |
    +---------+---------+----------+----------+-----+-----+---------+
    |      266|      266|  2.660 us|  2.660 us|  266|  266|       no|
    +---------+---------+----------+----------+-----+-----+---------+

    + Detail: 
        * Instance: 
        N/A

        * Loop: 
        +-------------------+---------+---------+----------+-----------+-----------+------+----------+
        |                   |  Latency (cycles) | Iteration|  Initiation Interval  | Trip |          |
        |     Loop Name     |   min   |   max   |  Latency |  achieved |   target  | Count| Pipelined|
        +-------------------+---------+---------+----------+-----------+-----------+------+----------+
        |- VITIS_LOOP_74_2  |      264|      264|        10|          1|          1|   256|       yes|
        +-------------------+---------+---------+----------+-----------+-----------+------+----------+

============================================================
+ Verbose Summary: Synthesis Manager
============================================================
InlineROM: 1
ExposeGlobal: 0
============================================================
+ Verbose Summary: CDFG Model
============================================================
IsTopModel: 0
ResetActiveHigh: 1
IsCombinational: 0
IsDatapathOnly: 0
HasWiredReturn: 1
HasMFsm: 2
HasVarLatency: 1
IsPipeline: 0
IsRtlPipelined: 0
IsInstanceOverlapped: 0
IsDontTouch: 0
HasImplIP: 0
IsGatedGlobalClock: 0

+ Individual pipeline summary: 
  * Pipeline-0: initiation interval (II) = 1, depth = 10


============================================================
+ Verbose Summary: Schedule
============================================================
* Number of FSM states : 10
* Pipeline : 1
  Pipeline-0 : II = 1, D = 10, States = { 1 2 3 4 5 6 7 8 9 10 }
* Dataflow Pipeline: 0

* FSM state transitions: 
1 --> 2 
2 --> 3 
3 --> 4 
4 --> 5 
5 --> 6 
6 --> 7 
7 --> 8 
8 --> 9 
9 --> 10 
10 --> 

* FSM state operations: 

State 1 <SV = 0> <Delay = 3.41>
ST_1 : Operation 13 [1/1] (0.00ns)   --->   "%i = alloca i32 1"   --->   Operation 13 'alloca' 'i' <Predicate = true> <Delay = 0.00>
ST_1 : Operation 14 [1/1] (0.00ns)   --->   "%specinterface_ln0 = specinterface void @_ssdm_op_SpecInterface, i1 %output_r_V_last_V, i8 %output_r_V_strb_V, i8 %output_r_V_keep_V, i64 %output_r_V_data_V, void @empty, i32 0, i32 0, void @empty_0, i32 0, i32 0, void @empty_1, void @empty_1, void @empty_1, i32 0, i32 0, i32 0, i32 0, void @empty_1, void @empty_1, i32 4294967295, i32 0"   --->   Operation 14 'specinterface' 'specinterface_ln0' <Predicate = true> <Delay = 0.00>
ST_1 : Operation 15 [1/1] (1.58ns)   --->   "%store_ln0 = store i9 0, i9 %i"   --->   Operation 15 'store' 'store_ln0' <Predicate = true> <Delay = 1.58>
ST_1 : Operation 16 [1/1] (0.00ns)   --->   "%br_ln0 = br void %for.body13"   --->   Operation 16 'br' 'br_ln0' <Predicate = true> <Delay = 0.00>
ST_1 : Operation 17 [1/1] (0.00ns)   --->   "%i_2 = load i9 %i" [doppler_fft_project/doppler_fft.cpp:74]   --->   Operation 17 'load' 'i_2' <Predicate = true> <Delay = 0.00>
ST_1 : Operation 18 [1/1] (0.00ns)   --->   "%specpipeline_ln0 = specpipeline void @_ssdm_op_SpecPipeline, i32 4294967295, i32 0, i32 1, i32 0, void @p_str"   --->   Operation 18 'specpipeline' 'specpipeline_ln0' <Predicate = true> <Delay = 0.00>
ST_1 : Operation 19 [1/1] (1.66ns)   --->   "%icmp_ln74 = icmp_eq  i9 %i_2, i9 256" [doppler_fft_project/doppler_fft.cpp:74]   --->   Operation 19 'icmp' 'icmp_ln74' <Predicate = true> <Delay = 1.66> <CoreInst = "Cmp">   --->   Core 9 'Cmp' <Latency = 0> <II = 1> <Delay = 1.66> <FuncUnit> <Opcode : 'icmp'> <InPorts = 2> <OutPorts = 1>
ST_1 : Operation 20 [1/1] (0.00ns)   --->   "%empty = speclooptripcount i32 @_ssdm_op_SpecLoopTripCount, i64 256, i64 256, i64 256"   --->   Operation 20 'speclooptripcount' 'empty' <Predicate = true> <Delay = 0.00>
ST_1 : Operation 21 [1/1] (1.82ns)   --->   "%add_ln74 = add i9 %i_2, i9 1" [doppler_fft_project/doppler_fft.cpp:74]   --->   Operation 21 'add' 'add_ln74' <Predicate = true> <Delay = 1.82> <CoreInst = "Adder">   --->   Core 1 'Adder' <Latency = 0> <II = 1> <Delay = 1.82> <FuncUnit> <Opcode : 'add' 'sub'> <InPorts = 2> <OutPorts = 1>
ST_1 : Operation 22 [1/1] (0.00ns)   --->   "%br_ln74 = br i1 %icmp_ln74, void %for.body13.split_ifconv, void %for.end31.exitStub" [doppler_fft_project/doppler_fft.cpp:74]   --->   Operation 22 'br' 'br_ln74' <Predicate = true> <Delay = 0.00>
ST_1 : Operation 23 [1/1] (0.00ns)   --->   "%i_2_cast = zext i9 %i_2" [doppler_fft_project/doppler_fft.cpp:74]   --->   Operation 23 'zext' 'i_2_cast' <Predicate = (!icmp_ln74)> <Delay = 0.00>
ST_1 : Operation 24 [1/1] (0.00ns)   --->   "%buf_M_real_V_addr = getelementptr i19 %buf_M_real_V, i64 0, i64 %i_2_cast"   --->   Operation 24 'getelementptr' 'buf_M_real_V_addr' <Predicate = (!icmp_ln74)> <Delay = 0.00>
ST_1 : Operation 25 [2/2] (3.25ns)   --->   "%p_Val2_s = load i8 %buf_M_real_V_addr"   --->   Operation 25 'load' 'p_Val2_s' <Predicate = (!icmp_ln74)> <Delay = 3.25> <CoreInst = "RAM">   --->   Core 82 'RAM' <Latency = 1> <II = 1> <Delay = 3.25> <Storage> <Opcode : 'load' 'store'> <Ports = 2> <Width = 19> <Depth = 256> <RAM>
ST_1 : Operation 26 [1/1] (0.00ns)   --->   "%buf_M_imag_V_addr = getelementptr i19 %buf_M_imag_V, i64 0, i64 %i_2_cast"   --->   Operation 26 'getelementptr' 'buf_M_imag_V_addr' <Predicate = (!icmp_ln74)> <Delay = 0.00>
ST_1 : Operation 27 [2/2] (3.25ns)   --->   "%p_Val2_4 = load i8 %buf_M_imag_V_addr"   --->   Operation 27 'load' 'p_Val2_4' <Predicate = (!icmp_ln74)> <Delay = 3.25> <CoreInst = "RAM">   --->   Core 82 'RAM' <Latency = 1> <II = 1> <Delay = 3.25> <Storage> <Opcode : 'load' 'store'> <Ports = 2> <Width = 19> <Depth = 256> <RAM>
ST_1 : Operation 28 [1/1] (1.66ns)   --->   "%tmp_last_V = icmp_eq  i9 %i_2, i9 255" [doppler_fft_project/doppler_fft.cpp:79]   --->   Operation 28 'icmp' 'tmp_last_V' <Predicate = (!icmp_ln74)> <Delay = 1.66> <CoreInst = "Cmp">   --->   Core 9 'Cmp' <Latency = 0> <II = 1> <Delay = 1.66> <FuncUnit> <Opcode : 'icmp'> <InPorts = 2> <OutPorts = 1>
ST_1 : Operation 29 [1/1] (1.58ns)   --->   "%store_ln74 = store i9 %add_ln74, i9 %i" [doppler_fft_project/doppler_fft.cpp:74]   --->   Operation 29 'store' 'store_ln74' <Predicate = (!icmp_ln74)> <Delay = 1.58>

State 2 <SV = 1> <Delay = 3.25>
ST_2 : Operation 30 [1/2] (3.25ns)   --->   "%p_Val2_s = load i8 %buf_M_real_V_addr"   --->   Operation 30 'load' 'p_Val2_s' <Predicate = true> <Delay = 3.25> <CoreInst = "RAM">   --->   Core 82 'RAM' <Latency = 1> <II = 1> <Delay = 3.25> <Storage> <Opcode : 'load' 'store'> <Ports = 2> <Width = 19> <Depth = 256> <RAM>
ST_2 : Operation 31 [1/1] (0.00ns)   --->   "%p_Result_17 = bitselect i1 @_ssdm_op_BitSelect.i1.i19.i32, i19 %p_Val2_s, i32 18"   --->   Operation 31 'bitselect' 'p_Result_17' <Predicate = true> <Delay = 0.00>
ST_2 : Operation 32 [1/2] (3.25ns)   --->   "%p_Val2_4 = load i8 %buf_M_imag_V_addr"   --->   Operation 32 'load' 'p_Val2_4' <Predicate = true> <Delay = 3.25> <CoreInst = "RAM">   --->   Core 82 'RAM' <Latency = 1> <II = 1> <Delay = 3.25> <Storage> <Opcode : 'load' 'store'> <Ports = 2> <Width = 19> <Depth = 256> <RAM>
ST_2 : Operation 33 [1/1] (0.00ns)   --->   "%p_Result_20 = bitselect i1 @_ssdm_op_BitSelect.i1.i19.i32, i19 %p_Val2_4, i32 18"   --->   Operation 33 'bitselect' 'p_Result_20' <Predicate = true> <Delay = 0.00>

State 3 <SV = 2> <Delay = 5.45>
ST_3 : Operation 34 [1/1] (2.43ns)   --->   "%icmp_ln1136 = icmp_eq  i19 %p_Val2_s, i19 0"   --->   Operation 34 'icmp' 'icmp_ln1136' <Predicate = true> <Delay = 2.43> <CoreInst = "Cmp">   --->   Core 9 'Cmp' <Latency = 0> <II = 1> <Delay = 2.43> <FuncUnit> <Opcode : 'icmp'> <InPorts = 2> <OutPorts = 1>
ST_3 : Operation 35 [1/1] (2.16ns)   --->   "%tmp_V = sub i19 0, i19 %p_Val2_s"   --->   Operation 35 'sub' 'tmp_V' <Predicate = (p_Result_17)> <Delay = 2.16> <CoreInst = "Adder">   --->   Core 1 'Adder' <Latency = 0> <II = 1> <Delay = 2.16> <FuncUnit> <Opcode : 'add' 'sub'> <InPorts = 2> <OutPorts = 1>
ST_3 : Operation 36 [1/1] (0.73ns)   --->   "%tmp_V_4 = select i1 %p_Result_17, i19 %tmp_V, i19 %p_Val2_s"   --->   Operation 36 'select' 'tmp_V_4' <Predicate = true> <Delay = 0.73> <CoreInst = "Sel">   --->   Core 73 'Sel' <Latency = 0> <II = 1> <Delay = 0.73> <FuncUnit> <Opcode : 'select'> <InPorts = 3> <OutPorts = 1>
ST_3 : Operation 37 [1/1] (0.00ns)   --->   "%p_Result_s = partselect i19 @llvm.part.select.i19, i19 %tmp_V_4, i32 18, i32 0"   --->   Operation 37 'partselect' 'p_Result_s' <Predicate = true> <Delay = 0.00>
ST_3 : Operation 38 [1/1] (0.00ns)   --->   "%p_Result_18 = bitconcatenate i20 @_ssdm_op_BitConcatenate.i20.i1.i19, i1 1, i19 %p_Result_s"   --->   Operation 38 'bitconcatenate' 'p_Result_18' <Predicate = true> <Delay = 0.00>
ST_3 : Operation 39 [1/1] (0.00ns)   --->   "%sext_ln1244 = sext i20 %p_Result_18"   --->   Operation 39 'sext' 'sext_ln1244' <Predicate = true> <Delay = 0.00>
ST_3 : Operation 40 [1/1] (0.00ns)   --->   "%l = cttz i32 @llvm.cttz.i32, i32 %sext_ln1244, i1 1"   --->   Operation 40 'cttz' 'l' <Predicate = true> <Delay = 0.00>
ST_3 : Operation 41 [1/1] (2.55ns)   --->   "%sub_ln1145 = sub i32 19, i32 %l"   --->   Operation 41 'sub' 'sub_ln1145' <Predicate = true> <Delay = 2.55> <CoreInst = "Adder">   --->   Core 1 'Adder' <Latency = 0> <II = 1> <Delay = 2.55> <FuncUnit> <Opcode : 'add' 'sub'> <InPorts = 2> <OutPorts = 1>
ST_3 : Operation 42 [1/1] (0.00ns)   --->   "%trunc_ln1145 = trunc i32 %sub_ln1145"   --->   Operation 42 'trunc' 'trunc_ln1145' <Predicate = true> <Delay = 0.00>
ST_3 : Operation 43 [1/1] (0.00ns)   --->   "%trunc_ln1148 = trunc i32 %sub_ln1145"   --->   Operation 43 'trunc' 'trunc_ln1148' <Predicate = true> <Delay = 0.00>
ST_3 : Operation 44 [1/1] (0.00ns)   --->   "%trunc_ln1144 = trunc i32 %l"   --->   Operation 44 'trunc' 'trunc_ln1144' <Predicate = true> <Delay = 0.00>
ST_3 : Operation 45 [1/1] (2.43ns)   --->   "%icmp_ln1136_1 = icmp_eq  i19 %p_Val2_4, i19 0"   --->   Operation 45 'icmp' 'icmp_ln1136_1' <Predicate = true> <Delay = 2.43> <CoreInst = "Cmp">   --->   Core 9 'Cmp' <Latency = 0> <II = 1> <Delay = 2.43> <FuncUnit> <Opcode : 'icmp'> <InPorts = 2> <OutPorts = 1>
ST_3 : Operation 46 [1/1] (2.16ns)   --->   "%tmp_V_2 = sub i19 0, i19 %p_Val2_4"   --->   Operation 46 'sub' 'tmp_V_2' <Predicate = (p_Result_20)> <Delay = 2.16> <CoreInst = "Adder">   --->   Core 1 'Adder' <Latency = 0> <II = 1> <Delay = 2.16> <FuncUnit> <Opcode : 'add' 'sub'> <InPorts = 2> <OutPorts = 1>
ST_3 : Operation 47 [1/1] (0.73ns)   --->   "%tmp_V_5 = select i1 %p_Result_20, i19 %tmp_V_2, i19 %p_Val2_4"   --->   Operation 47 'select' 'tmp_V_5' <Predicate = true> <Delay = 0.73> <CoreInst = "Sel">   --->   Core 73 'Sel' <Latency = 0> <II = 1> <Delay = 0.73> <FuncUnit> <Opcode : 'select'> <InPorts = 3> <OutPorts = 1>
ST_3 : Operation 48 [1/1] (0.00ns)   --->   "%p_Result_11 = partselect i19 @llvm.part.select.i19, i19 %tmp_V_5, i32 18, i32 0"   --->   Operation 48 'partselect' 'p_Result_11' <Predicate = true> <Delay = 0.00>
ST_3 : Operation 49 [1/1] (0.00ns)   --->   "%p_Result_21 = bitconcatenate i20 @_ssdm_op_BitConcatenate.i20.i1.i19, i1 1, i19 %p_Result_11"   --->   Operation 49 'bitconcatenate' 'p_Result_21' <Predicate = true> <Delay = 0.00>
ST_3 : Operation 50 [1/1] (0.00ns)   --->   "%sext_ln1244_1 = sext i20 %p_Result_21"   --->   Operation 50 'sext' 'sext_ln1244_1' <Predicate = true> <Delay = 0.00>
ST_3 : Operation 51 [1/1] (0.00ns)   --->   "%l_1 = cttz i32 @llvm.cttz.i32, i32 %sext_ln1244_1, i1 1"   --->   Operation 51 'cttz' 'l_1' <Predicate = true> <Delay = 0.00>
ST_3 : Operation 52 [1/1] (2.55ns)   --->   "%sub_ln1145_1 = sub i32 19, i32 %l_1"   --->   Operation 52 'sub' 'sub_ln1145_1' <Predicate = true> <Delay = 2.55> <CoreInst = "Adder">   --->   Core 1 'Adder' <Latency = 0> <II = 1> <Delay = 2.55> <FuncUnit> <Opcode : 'add' 'sub'> <InPorts = 2> <OutPorts = 1>
ST_3 : Operation 53 [1/1] (0.00ns)   --->   "%trunc_ln1145_1 = trunc i32 %sub_ln1145_1"   --->   Operation 53 'trunc' 'trunc_ln1145_1' <Predicate = true> <Delay = 0.00>
ST_3 : Operation 54 [1/1] (0.00ns)   --->   "%trunc_ln1148_1 = trunc i32 %sub_ln1145_1"   --->   Operation 54 'trunc' 'trunc_ln1148_1' <Predicate = true> <Delay = 0.00>
ST_3 : Operation 55 [1/1] (0.00ns)   --->   "%trunc_ln1144_1 = trunc i32 %l_1"   --->   Operation 55 'trunc' 'trunc_ln1144_1' <Predicate = true> <Delay = 0.00>

State 4 <SV = 3> <Delay = 6.00>
ST_4 : Operation 56 [1/1] (2.55ns)   --->   "%lsb_index = add i32 %sub_ln1145, i32 4294967272"   --->   Operation 56 'add' 'lsb_index' <Predicate = (!icmp_ln1136)> <Delay = 2.55> <CoreInst = "Adder">   --->   Core 1 'Adder' <Latency = 0> <II = 1> <Delay = 2.55> <FuncUnit> <Opcode : 'add' 'sub'> <InPorts = 2> <OutPorts = 1>
ST_4 : Operation 57 [1/1] (0.00ns)   --->   "%tmp = partselect i31 @_ssdm_op_PartSelect.i31.i32.i32.i32, i32 %lsb_index, i32 1, i32 31"   --->   Operation 57 'partselect' 'tmp' <Predicate = (!icmp_ln1136)> <Delay = 0.00>
ST_4 : Operation 58 [1/1] (2.47ns)   --->   "%icmp_ln1147 = icmp_sgt  i31 %tmp, i31 0"   --->   Operation 58 'icmp' 'icmp_ln1147' <Predicate = (!icmp_ln1136)> <Delay = 2.47> <CoreInst = "Cmp">   --->   Core 9 'Cmp' <Latency = 0> <II = 1> <Delay = 2.47> <FuncUnit> <Opcode : 'icmp'> <InPorts = 2> <OutPorts = 1>
ST_4 : Operation 59 [1/1] (1.78ns)   --->   "%sub_ln1148 = sub i5 12, i5 %trunc_ln1148"   --->   Operation 59 'sub' 'sub_ln1148' <Predicate = (!icmp_ln1136)> <Delay = 1.78> <CoreInst = "Adder">   --->   Core 1 'Adder' <Latency = 0> <II = 1> <Delay = 1.78> <FuncUnit> <Opcode : 'add' 'sub'> <InPorts = 2> <OutPorts = 1>
ST_4 : Operation 60 [1/1] (0.00ns) (grouped into LUT with out node icmp_ln1148)   --->   "%zext_ln1148 = zext i5 %sub_ln1148"   --->   Operation 60 'zext' 'zext_ln1148' <Predicate = (!icmp_ln1136)> <Delay = 0.00>
ST_4 : Operation 61 [1/1] (0.00ns) (grouped into LUT with out node icmp_ln1148)   --->   "%lshr_ln1148 = lshr i19 524287, i19 %zext_ln1148"   --->   Operation 61 'lshr' 'lshr_ln1148' <Predicate = (!icmp_ln1136)> <Delay = 0.00> <CoreInst = "Shifter">   --->   Core 75 'Shifter' <Latency = 0> <II = 1> <Delay = 2.66> <FuncUnit> <Opcode : 'shl' 'lshr' 'ashr'> <InPorts = 2> <OutPorts = 1>
ST_4 : Operation 62 [1/1] (0.00ns) (grouped into LUT with out node icmp_ln1148)   --->   "%p_Result_7 = and i19 %tmp_V_4, i19 %lshr_ln1148"   --->   Operation 62 'and' 'p_Result_7' <Predicate = (!icmp_ln1136)> <Delay = 0.00> <CoreInst = "LogicGate">   --->   Core 74 'LogicGate' <Latency = 0> <II = 1> <Delay = 1.02> <FuncUnit> <Opcode : 'and' 'or' 'xor'> <InPorts = 2> <OutPorts = 1>
ST_4 : Operation 63 [1/1] (2.66ns) (out node of the LUT)   --->   "%icmp_ln1148 = icmp_ne  i19 %p_Result_7, i19 0"   --->   Operation 63 'icmp' 'icmp_ln1148' <Predicate = (!icmp_ln1136)> <Delay = 2.66> <CoreInst = "Cmp">   --->   Core 9 'Cmp' <Latency = 0> <II = 1> <Delay = 2.43> <FuncUnit> <Opcode : 'icmp'> <InPorts = 2> <OutPorts = 1>
ST_4 : Operation 64 [1/1] (0.00ns) (grouped into LUT with out node or_ln)   --->   "%a = and i1 %icmp_ln1147, i1 %icmp_ln1148"   --->   Operation 64 'and' 'a' <Predicate = (!icmp_ln1136)> <Delay = 0.00> <CoreInst = "LogicGate">   --->   Core 74 'LogicGate' <Latency = 0> <II = 1> <Delay = 0.97> <FuncUnit> <Opcode : 'and' 'or' 'xor'> <InPorts = 2> <OutPorts = 1>
ST_4 : Operation 65 [1/1] (0.00ns) (grouped into LUT with out node or_ln)   --->   "%tmp_3 = bitselect i1 @_ssdm_op_BitSelect.i1.i32.i32, i32 %lsb_index, i32 31"   --->   Operation 65 'bitselect' 'tmp_3' <Predicate = (!icmp_ln1136)> <Delay = 0.00>
ST_4 : Operation 66 [1/1] (0.00ns) (grouped into LUT with out node or_ln)   --->   "%xor_ln1150 = xor i1 %tmp_3, i1 1"   --->   Operation 66 'xor' 'xor_ln1150' <Predicate = (!icmp_ln1136)> <Delay = 0.00> <CoreInst = "LogicGate">   --->   Core 74 'LogicGate' <Latency = 0> <II = 1> <Delay = 0.97> <FuncUnit> <Opcode : 'and' 'or' 'xor'> <InPorts = 2> <OutPorts = 1>
ST_4 : Operation 67 [1/1] (2.16ns)   --->   "%add_ln1150 = add i19 %trunc_ln1145, i19 524264"   --->   Operation 67 'add' 'add_ln1150' <Predicate = (!icmp_ln1136)> <Delay = 2.16> <CoreInst = "Adder">   --->   Core 1 'Adder' <Latency = 0> <II = 1> <Delay = 2.16> <FuncUnit> <Opcode : 'add' 'sub'> <InPorts = 2> <OutPorts = 1>
ST_4 : Operation 68 [1/1] (0.00ns) (grouped into LUT with out node or_ln)   --->   "%p_Result_6 = bitselect i1 @_ssdm_op_BitSelect.i1.i19.i19, i19 %tmp_V_4, i19 %add_ln1150"   --->   Operation 68 'bitselect' 'p_Result_6' <Predicate = (!icmp_ln1136)> <Delay = 0.00>
ST_4 : Operation 69 [1/1] (0.00ns) (grouped into LUT with out node or_ln)   --->   "%and_ln1150 = and i1 %p_Result_6, i1 %xor_ln1150"   --->   Operation 69 'and' 'and_ln1150' <Predicate = (!icmp_ln1136)> <Delay = 0.00> <CoreInst = "LogicGate">   --->   Core 74 'LogicGate' <Latency = 0> <II = 1> <Delay = 0.97> <FuncUnit> <Opcode : 'and' 'or' 'xor'> <InPorts = 2> <OutPorts = 1>
ST_4 : Operation 70 [1/1] (0.00ns) (grouped into LUT with out node or_ln)   --->   "%or_ln1150_2 = or i1 %and_ln1150, i1 %a"   --->   Operation 70 'or' 'or_ln1150_2' <Predicate = (!icmp_ln1136)> <Delay = 0.00> <CoreInst = "LogicGate">   --->   Core 74 'LogicGate' <Latency = 0> <II = 1> <Delay = 0.97> <FuncUnit> <Opcode : 'and' 'or' 'xor'> <InPorts = 2> <OutPorts = 1>
ST_4 : Operation 71 [1/1] (0.97ns) (out node of the LUT)   --->   "%or_ln = bitconcatenate i2 @_ssdm_op_BitConcatenate.i2.i1.i1, i1 0, i1 %or_ln1150_2"   --->   Operation 71 'bitconcatenate' 'or_ln' <Predicate = (!icmp_ln1136)> <Delay = 0.97>
ST_4 : Operation 72 [1/1] (2.47ns)   --->   "%icmp_ln1159 = icmp_sgt  i32 %lsb_index, i32 0"   --->   Operation 72 'icmp' 'icmp_ln1159' <Predicate = (!icmp_ln1136)> <Delay = 2.47> <CoreInst = "Cmp">   --->   Core 9 'Cmp' <Latency = 0> <II = 1> <Delay = 2.47> <FuncUnit> <Opcode : 'icmp'> <InPorts = 2> <OutPorts = 1>
ST_4 : Operation 73 [1/1] (2.55ns)   --->   "%lsb_index_1 = add i32 %sub_ln1145_1, i32 4294967272"   --->   Operation 73 'add' 'lsb_index_1' <Predicate = (!icmp_ln1136_1)> <Delay = 2.55> <CoreInst = "Adder">   --->   Core 1 'Adder' <Latency = 0> <II = 1> <Delay = 2.55> <FuncUnit> <Opcode : 'add' 'sub'> <InPorts = 2> <OutPorts = 1>
ST_4 : Operation 74 [1/1] (0.00ns)   --->   "%tmp_7 = partselect i31 @_ssdm_op_PartSelect.i31.i32.i32.i32, i32 %lsb_index_1, i32 1, i32 31"   --->   Operation 74 'partselect' 'tmp_7' <Predicate = (!icmp_ln1136_1)> <Delay = 0.00>
ST_4 : Operation 75 [1/1] (2.47ns)   --->   "%icmp_ln1147_1 = icmp_sgt  i31 %tmp_7, i31 0"   --->   Operation 75 'icmp' 'icmp_ln1147_1' <Predicate = (!icmp_ln1136_1)> <Delay = 2.47> <CoreInst = "Cmp">   --->   Core 9 'Cmp' <Latency = 0> <II = 1> <Delay = 2.47> <FuncUnit> <Opcode : 'icmp'> <InPorts = 2> <OutPorts = 1>
ST_4 : Operation 76 [1/1] (1.78ns)   --->   "%sub_ln1148_1 = sub i5 12, i5 %trunc_ln1148_1"   --->   Operation 76 'sub' 'sub_ln1148_1' <Predicate = (!icmp_ln1136_1)> <Delay = 1.78> <CoreInst = "Adder">   --->   Core 1 'Adder' <Latency = 0> <II = 1> <Delay = 1.78> <FuncUnit> <Opcode : 'add' 'sub'> <InPorts = 2> <OutPorts = 1>
ST_4 : Operation 77 [1/1] (0.00ns) (grouped into LUT with out node icmp_ln1148_1)   --->   "%zext_ln1148_1 = zext i5 %sub_ln1148_1"   --->   Operation 77 'zext' 'zext_ln1148_1' <Predicate = (!icmp_ln1136_1)> <Delay = 0.00>
ST_4 : Operation 78 [1/1] (0.00ns) (grouped into LUT with out node icmp_ln1148_1)   --->   "%lshr_ln1148_1 = lshr i19 524287, i19 %zext_ln1148_1"   --->   Operation 78 'lshr' 'lshr_ln1148_1' <Predicate = (!icmp_ln1136_1)> <Delay = 0.00> <CoreInst = "Shifter">   --->   Core 75 'Shifter' <Latency = 0> <II = 1> <Delay = 2.66> <FuncUnit> <Opcode : 'shl' 'lshr' 'ashr'> <InPorts = 2> <OutPorts = 1>
ST_4 : Operation 79 [1/1] (0.00ns) (grouped into LUT with out node icmp_ln1148_1)   --->   "%p_Result_13 = and i19 %tmp_V_5, i19 %lshr_ln1148_1"   --->   Operation 79 'and' 'p_Result_13' <Predicate = (!icmp_ln1136_1)> <Delay = 0.00> <CoreInst = "LogicGate">   --->   Core 74 'LogicGate' <Latency = 0> <II = 1> <Delay = 1.02> <FuncUnit> <Opcode : 'and' 'or' 'xor'> <InPorts = 2> <OutPorts = 1>
ST_4 : Operation 80 [1/1] (2.66ns) (out node of the LUT)   --->   "%icmp_ln1148_1 = icmp_ne  i19 %p_Result_13, i19 0"   --->   Operation 80 'icmp' 'icmp_ln1148_1' <Predicate = (!icmp_ln1136_1)> <Delay = 2.66> <CoreInst = "Cmp">   --->   Core 9 'Cmp' <Latency = 0> <II = 1> <Delay = 2.43> <FuncUnit> <Opcode : 'icmp'> <InPorts = 2> <OutPorts = 1>
ST_4 : Operation 81 [1/1] (0.00ns) (grouped into LUT with out node or_ln1150_1)   --->   "%a_1 = and i1 %icmp_ln1147_1, i1 %icmp_ln1148_1"   --->   Operation 81 'and' 'a_1' <Predicate = (!icmp_ln1136_1)> <Delay = 0.00> <CoreInst = "LogicGate">   --->   Core 74 'LogicGate' <Latency = 0> <II = 1> <Delay = 0.97> <FuncUnit> <Opcode : 'and' 'or' 'xor'> <InPorts = 2> <OutPorts = 1>
ST_4 : Operation 82 [1/1] (0.00ns) (grouped into LUT with out node or_ln1150_1)   --->   "%tmp_8 = bitselect i1 @_ssdm_op_BitSelect.i1.i32.i32, i32 %lsb_index_1, i32 31"   --->   Operation 82 'bitselect' 'tmp_8' <Predicate = (!icmp_ln1136_1)> <Delay = 0.00>
ST_4 : Operation 83 [1/1] (0.00ns) (grouped into LUT with out node or_ln1150_1)   --->   "%xor_ln1150_1 = xor i1 %tmp_8, i1 1"   --->   Operation 83 'xor' 'xor_ln1150_1' <Predicate = (!icmp_ln1136_1)> <Delay = 0.00> <CoreInst = "LogicGate">   --->   Core 74 'LogicGate' <Latency = 0> <II = 1> <Delay = 0.97> <FuncUnit> <Opcode : 'and' 'or' 'xor'> <InPorts = 2> <OutPorts = 1>
ST_4 : Operation 84 [1/1] (2.16ns)   --->   "%add_ln1150_1 = add i19 %trunc_ln1145_1, i19 524264"   --->   Operation 84 'add' 'add_ln1150_1' <Predicate = (!icmp_ln1136_1)> <Delay = 2.16> <CoreInst = "Adder">   --->   Core 1 'Adder' <Latency = 0> <II = 1> <Delay = 2.16> <FuncUnit> <Opcode : 'add' 'sub'> <InPorts = 2> <OutPorts = 1>
ST_4 : Operation 85 [1/1] (0.00ns) (grouped into LUT with out node or_ln1150_1)   --->   "%p_Result_14 = bitselect i1 @_ssdm_op_BitSelect.i1.i19.i19, i19 %tmp_V_5, i19 %add_ln1150_1"   --->   Operation 85 'bitselect' 'p_Result_14' <Predicate = (!icmp_ln1136_1)> <Delay = 0.00>
ST_4 : Operation 86 [1/1] (0.00ns) (grouped into LUT with out node or_ln1150_1)   --->   "%and_ln1150_1 = and i1 %p_Result_14, i1 %xor_ln1150_1"   --->   Operation 86 'and' 'and_ln1150_1' <Predicate = (!icmp_ln1136_1)> <Delay = 0.00> <CoreInst = "LogicGate">   --->   Core 74 'LogicGate' <Latency = 0> <II = 1> <Delay = 0.97> <FuncUnit> <Opcode : 'and' 'or' 'xor'> <InPorts = 2> <OutPorts = 1>
ST_4 : Operation 87 [1/1] (0.00ns) (grouped into LUT with out node or_ln1150_1)   --->   "%or_ln1150 = or i1 %and_ln1150_1, i1 %a_1"   --->   Operation 87 'or' 'or_ln1150' <Predicate = (!icmp_ln1136_1)> <Delay = 0.00> <CoreInst = "LogicGate">   --->   Core 74 'LogicGate' <Latency = 0> <II = 1> <Delay = 0.97> <FuncUnit> <Opcode : 'and' 'or' 'xor'> <InPorts = 2> <OutPorts = 1>
ST_4 : Operation 88 [1/1] (0.97ns) (out node of the LUT)   --->   "%or_ln1150_1 = bitconcatenate i2 @_ssdm_op_BitConcatenate.i2.i1.i1, i1 0, i1 %or_ln1150"   --->   Operation 88 'bitconcatenate' 'or_ln1150_1' <Predicate = (!icmp_ln1136_1)> <Delay = 0.97>
ST_4 : Operation 89 [1/1] (2.47ns)   --->   "%icmp_ln1159_1 = icmp_sgt  i32 %lsb_index_1, i32 0"   --->   Operation 89 'icmp' 'icmp_ln1159_1' <Predicate = (!icmp_ln1136_1)> <Delay = 2.47> <CoreInst = "Cmp">   --->   Core 9 'Cmp' <Latency = 0> <II = 1> <Delay = 2.47> <FuncUnit> <Opcode : 'icmp'> <InPorts = 2> <OutPorts = 1>

State 5 <SV = 4> <Delay = 6.97>
ST_5 : Operation 90 [1/1] (0.00ns)   --->   "%zext_ln1158 = zext i19 %tmp_V_4"   --->   Operation 90 'zext' 'zext_ln1158' <Predicate = (!icmp_ln1136)> <Delay = 0.00>
ST_5 : Operation 91 [1/1] (2.55ns)   --->   "%add_ln1159 = add i32 %sub_ln1145, i32 4294967271"   --->   Operation 91 'add' 'add_ln1159' <Predicate = (!icmp_ln1136 & icmp_ln1159)> <Delay = 2.55> <CoreInst = "Adder">   --->   Core 1 'Adder' <Latency = 0> <II = 1> <Delay = 2.55> <FuncUnit> <Opcode : 'add' 'sub'> <InPorts = 2> <OutPorts = 1>
ST_5 : Operation 92 [1/1] (0.00ns) (grouped into LUT with out node m_3)   --->   "%zext_ln1159 = zext i32 %add_ln1159"   --->   Operation 92 'zext' 'zext_ln1159' <Predicate = (!icmp_ln1136 & icmp_ln1159)> <Delay = 0.00>
ST_5 : Operation 93 [1/1] (0.00ns) (grouped into LUT with out node m_3)   --->   "%lshr_ln1159 = lshr i64 %zext_ln1158, i64 %zext_ln1159"   --->   Operation 93 'lshr' 'lshr_ln1159' <Predicate = (!icmp_ln1136 & icmp_ln1159)> <Delay = 0.00> <CoreInst = "Shifter">   --->   Core 75 'Shifter' <Latency = 0> <II = 1> <Delay = 4.42> <FuncUnit> <Opcode : 'shl' 'lshr' 'ashr'> <InPorts = 2> <OutPorts = 1>
ST_5 : Operation 94 [1/1] (2.55ns)   --->   "%sub_ln1160 = sub i32 25, i32 %sub_ln1145"   --->   Operation 94 'sub' 'sub_ln1160' <Predicate = (!icmp_ln1136 & !icmp_ln1159)> <Delay = 2.55> <CoreInst = "Adder">   --->   Core 1 'Adder' <Latency = 0> <II = 1> <Delay = 2.55> <FuncUnit> <Opcode : 'add' 'sub'> <InPorts = 2> <OutPorts = 1>
ST_5 : Operation 95 [1/1] (0.00ns) (grouped into LUT with out node m_3)   --->   "%zext_ln1160 = zext i32 %sub_ln1160"   --->   Operation 95 'zext' 'zext_ln1160' <Predicate = (!icmp_ln1136 & !icmp_ln1159)> <Delay = 0.00>
ST_5 : Operation 96 [1/1] (0.00ns) (grouped into LUT with out node m_3)   --->   "%shl_ln1160 = shl i64 %zext_ln1158, i64 %zext_ln1160"   --->   Operation 96 'shl' 'shl_ln1160' <Predicate = (!icmp_ln1136 & !icmp_ln1159)> <Delay = 0.00> <CoreInst = "Shifter">   --->   Core 75 'Shifter' <Latency = 0> <II = 1> <Delay = 4.42> <FuncUnit> <Opcode : 'shl' 'lshr' 'ashr'> <InPorts = 2> <OutPorts = 1>
ST_5 : Operation 97 [1/1] (0.00ns) (grouped into LUT with out node m_3)   --->   "%m_2 = select i1 %icmp_ln1159, i64 %lshr_ln1159, i64 %shl_ln1160"   --->   Operation 97 'select' 'm_2' <Predicate = (!icmp_ln1136)> <Delay = 0.00> <CoreInst = "Sel">   --->   Core 73 'Sel' <Latency = 0> <II = 1> <Delay = 1.48> <FuncUnit> <Opcode : 'select'> <InPorts = 3> <OutPorts = 1>
ST_5 : Operation 98 [1/1] (0.00ns) (grouped into LUT with out node m_3)   --->   "%zext_ln1162 = zext i2 %or_ln"   --->   Operation 98 'zext' 'zext_ln1162' <Predicate = (!icmp_ln1136)> <Delay = 0.00>
ST_5 : Operation 99 [1/1] (4.42ns) (out node of the LUT)   --->   "%m_3 = add i64 %m_2, i64 %zext_ln1162"   --->   Operation 99 'add' 'm_3' <Predicate = (!icmp_ln1136)> <Delay = 4.42> <CoreInst = "Adder">   --->   Core 1 'Adder' <Latency = 0> <II = 1> <Delay = 3.52> <FuncUnit> <Opcode : 'add' 'sub'> <InPorts = 2> <OutPorts = 1>
ST_5 : Operation 100 [1/1] (0.00ns)   --->   "%m_9 = partselect i63 @_ssdm_op_PartSelect.i63.i64.i32.i32, i64 %m_3, i32 1, i32 63"   --->   Operation 100 'partselect' 'm_9' <Predicate = (!icmp_ln1136)> <Delay = 0.00>
ST_5 : Operation 101 [1/1] (0.00ns)   --->   "%p_Result_8 = bitselect i1 @_ssdm_op_BitSelect.i1.i64.i32, i64 %m_3, i32 25"   --->   Operation 101 'bitselect' 'p_Result_8' <Predicate = (!icmp_ln1136)> <Delay = 0.00>
ST_5 : Operation 102 [1/1] (0.00ns)   --->   "%zext_ln1158_1 = zext i19 %tmp_V_5"   --->   Operation 102 'zext' 'zext_ln1158_1' <Predicate = (!icmp_ln1136_1)> <Delay = 0.00>
ST_5 : Operation 103 [1/1] (2.55ns)   --->   "%add_ln1159_1 = add i32 %sub_ln1145_1, i32 4294967271"   --->   Operation 103 'add' 'add_ln1159_1' <Predicate = (!icmp_ln1136_1 & icmp_ln1159_1)> <Delay = 2.55> <CoreInst = "Adder">   --->   Core 1 'Adder' <Latency = 0> <II = 1> <Delay = 2.55> <FuncUnit> <Opcode : 'add' 'sub'> <InPorts = 2> <OutPorts = 1>
ST_5 : Operation 104 [1/1] (0.00ns) (grouped into LUT with out node m_6)   --->   "%zext_ln1159_1 = zext i32 %add_ln1159_1"   --->   Operation 104 'zext' 'zext_ln1159_1' <Predicate = (!icmp_ln1136_1 & icmp_ln1159_1)> <Delay = 0.00>
ST_5 : Operation 105 [1/1] (0.00ns) (grouped into LUT with out node m_6)   --->   "%lshr_ln1159_1 = lshr i64 %zext_ln1158_1, i64 %zext_ln1159_1"   --->   Operation 105 'lshr' 'lshr_ln1159_1' <Predicate = (!icmp_ln1136_1 & icmp_ln1159_1)> <Delay = 0.00> <CoreInst = "Shifter">   --->   Core 75 'Shifter' <Latency = 0> <II = 1> <Delay = 4.42> <FuncUnit> <Opcode : 'shl' 'lshr' 'ashr'> <InPorts = 2> <OutPorts = 1>
ST_5 : Operation 106 [1/1] (2.55ns)   --->   "%sub_ln1160_1 = sub i32 25, i32 %sub_ln1145_1"   --->   Operation 106 'sub' 'sub_ln1160_1' <Predicate = (!icmp_ln1136_1 & !icmp_ln1159_1)> <Delay = 2.55> <CoreInst = "Adder">   --->   Core 1 'Adder' <Latency = 0> <II = 1> <Delay = 2.55> <FuncUnit> <Opcode : 'add' 'sub'> <InPorts = 2> <OutPorts = 1>
ST_5 : Operation 107 [1/1] (0.00ns) (grouped into LUT with out node m_6)   --->   "%zext_ln1160_1 = zext i32 %sub_ln1160_1"   --->   Operation 107 'zext' 'zext_ln1160_1' <Predicate = (!icmp_ln1136_1 & !icmp_ln1159_1)> <Delay = 0.00>
ST_5 : Operation 108 [1/1] (0.00ns) (grouped into LUT with out node m_6)   --->   "%shl_ln1160_1 = shl i64 %zext_ln1158_1, i64 %zext_ln1160_1"   --->   Operation 108 'shl' 'shl_ln1160_1' <Predicate = (!icmp_ln1136_1 & !icmp_ln1159_1)> <Delay = 0.00> <CoreInst = "Shifter">   --->   Core 75 'Shifter' <Latency = 0> <II = 1> <Delay = 4.42> <FuncUnit> <Opcode : 'shl' 'lshr' 'ashr'> <InPorts = 2> <OutPorts = 1>
ST_5 : Operation 109 [1/1] (0.00ns) (grouped into LUT with out node m_6)   --->   "%m_5 = select i1 %icmp_ln1159_1, i64 %lshr_ln1159_1, i64 %shl_ln1160_1"   --->   Operation 109 'select' 'm_5' <Predicate = (!icmp_ln1136_1)> <Delay = 0.00> <CoreInst = "Sel">   --->   Core 73 'Sel' <Latency = 0> <II = 1> <Delay = 1.48> <FuncUnit> <Opcode : 'select'> <InPorts = 3> <OutPorts = 1>
ST_5 : Operation 110 [1/1] (0.00ns) (grouped into LUT with out node m_6)   --->   "%zext_ln1162_1 = zext i2 %or_ln1150_1"   --->   Operation 110 'zext' 'zext_ln1162_1' <Predicate = (!icmp_ln1136_1)> <Delay = 0.00>
ST_5 : Operation 111 [1/1] (4.42ns) (out node of the LUT)   --->   "%m_6 = add i64 %m_5, i64 %zext_ln1162_1"   --->   Operation 111 'add' 'm_6' <Predicate = (!icmp_ln1136_1)> <Delay = 4.42> <CoreInst = "Adder">   --->   Core 1 'Adder' <Latency = 0> <II = 1> <Delay = 3.52> <FuncUnit> <Opcode : 'add' 'sub'> <InPorts = 2> <OutPorts = 1>
ST_5 : Operation 112 [1/1] (0.00ns)   --->   "%m = partselect i63 @_ssdm_op_PartSelect.i63.i64.i32.i32, i64 %m_6, i32 1, i32 63"   --->   Operation 112 'partselect' 'm' <Predicate = (!icmp_ln1136_1)> <Delay = 0.00>
ST_5 : Operation 113 [1/1] (0.00ns)   --->   "%p_Result_15 = bitselect i1 @_ssdm_op_BitSelect.i1.i64.i32, i64 %m_6, i32 25"   --->   Operation 113 'bitselect' 'p_Result_15' <Predicate = (!icmp_ln1136_1)> <Delay = 0.00>

State 6 <SV = 5> <Delay = 4.91>
ST_6 : Operation 114 [1/1] (0.00ns)   --->   "%zext_ln1163 = zext i63 %m_9"   --->   Operation 114 'zext' 'zext_ln1163' <Predicate = (!icmp_ln1136)> <Delay = 0.00>
ST_6 : Operation 115 [1/1] (1.24ns)   --->   "%select_ln1144 = select i1 %p_Result_8, i8 127, i8 126"   --->   Operation 115 'select' 'select_ln1144' <Predicate = (!icmp_ln1136)> <Delay = 1.24> <CoreInst = "Sel">   --->   Core 73 'Sel' <Latency = 0> <II = 1> <Delay = 1.24> <FuncUnit> <Opcode : 'select'> <InPorts = 3> <OutPorts = 1>
ST_6 : Operation 116 [1/1] (0.00ns) (grouped into TernaryAdder)   --->   "%sub_ln1165 = sub i8 2, i8 %trunc_ln1144"   --->   Operation 116 'sub' 'sub_ln1165' <Predicate = (!icmp_ln1136)> <Delay = 0.00> <CoreInst = "TAddSub">   --->   Core 10 'TAddSub' <Latency = 0> <II = 1> <Delay = 1.83> <IPBlock> <Opcode : 'add' 'sub'> <InPorts = 3> <OutPorts = 1> <Sync> <CReg>
ST_6 : Operation 117 [1/1] (3.66ns) (root node of TernaryAdder)   --->   "%add_ln1170 = add i8 %sub_ln1165, i8 %select_ln1144"   --->   Operation 117 'add' 'add_ln1170' <Predicate = (!icmp_ln1136)> <Delay = 3.66> <CoreInst = "TAddSub">   --->   Core 10 'TAddSub' <Latency = 0> <II = 1> <Delay = 1.83> <IPBlock> <Opcode : 'add' 'sub'> <InPorts = 3> <OutPorts = 1> <Sync> <CReg>
ST_6 : Operation 118 [1/1] (0.00ns)   --->   "%tmp_6 = bitconcatenate i9 @_ssdm_op_BitConcatenate.i9.i1.i8, i1 %p_Result_17, i8 %add_ln1170"   --->   Operation 118 'bitconcatenate' 'tmp_6' <Predicate = (!icmp_ln1136)> <Delay = 0.00>
ST_6 : Operation 119 [1/1] (0.00ns)   --->   "%p_Result_19 = partset i64 @_ssdm_op_PartSet.i64.i64.i9.i32.i32, i64 %zext_ln1163, i9 %tmp_6, i32 23, i32 31"   --->   Operation 119 'partset' 'p_Result_19' <Predicate = (!icmp_ln1136)> <Delay = 0.00>
ST_6 : Operation 120 [1/1] (0.00ns)   --->   "%LD = trunc i64 %p_Result_19"   --->   Operation 120 'trunc' 'LD' <Predicate = (!icmp_ln1136)> <Delay = 0.00>
ST_6 : Operation 121 [1/1] (0.00ns)   --->   "%zext_ln1163_1 = zext i63 %m"   --->   Operation 121 'zext' 'zext_ln1163_1' <Predicate = (!icmp_ln1136_1)> <Delay = 0.00>
ST_6 : Operation 122 [1/1] (1.24ns)   --->   "%select_ln1144_1 = select i1 %p_Result_15, i8 127, i8 126"   --->   Operation 122 'select' 'select_ln1144_1' <Predicate = (!icmp_ln1136_1)> <Delay = 1.24> <CoreInst = "Sel">   --->   Core 73 'Sel' <Latency = 0> <II = 1> <Delay = 1.24> <FuncUnit> <Opcode : 'select'> <InPorts = 3> <OutPorts = 1>
ST_6 : Operation 123 [1/1] (0.00ns) (grouped into TernaryAdder)   --->   "%sub_ln1165_1 = sub i8 2, i8 %trunc_ln1144_1"   --->   Operation 123 'sub' 'sub_ln1165_1' <Predicate = (!icmp_ln1136_1)> <Delay = 0.00> <CoreInst = "TAddSub">   --->   Core 10 'TAddSub' <Latency = 0> <II = 1> <Delay = 1.83> <IPBlock> <Opcode : 'add' 'sub'> <InPorts = 3> <OutPorts = 1> <Sync> <CReg>
ST_6 : Operation 124 [1/1] (3.66ns) (root node of TernaryAdder)   --->   "%add_ln1170_1 = add i8 %sub_ln1165_1, i8 %select_ln1144_1"   --->   Operation 124 'add' 'add_ln1170_1' <Predicate = (!icmp_ln1136_1)> <Delay = 3.66> <CoreInst = "TAddSub">   --->   Core 10 'TAddSub' <Latency = 0> <II = 1> <Delay = 1.83> <IPBlock> <Opcode : 'add' 'sub'> <InPorts = 3> <OutPorts = 1> <Sync> <CReg>
ST_6 : Operation 125 [1/1] (0.00ns)   --->   "%tmp_9 = bitconcatenate i9 @_ssdm_op_BitConcatenate.i9.i1.i8, i1 %p_Result_20, i8 %add_ln1170_1"   --->   Operation 125 'bitconcatenate' 'tmp_9' <Predicate = (!icmp_ln1136_1)> <Delay = 0.00>
ST_6 : Operation 126 [1/1] (0.00ns)   --->   "%p_Result_22 = partset i64 @_ssdm_op_PartSet.i64.i64.i9.i32.i32, i64 %zext_ln1163_1, i9 %tmp_9, i32 23, i32 31"   --->   Operation 126 'partset' 'p_Result_22' <Predicate = (!icmp_ln1136_1)> <Delay = 0.00>
ST_6 : Operation 127 [1/1] (0.00ns)   --->   "%LD_2 = trunc i64 %p_Result_22"   --->   Operation 127 'trunc' 'LD_2' <Predicate = (!icmp_ln1136_1)> <Delay = 0.00>

State 7 <SV = 6> <Delay = 5.70>
ST_7 : Operation 128 [1/1] (0.00ns)   --->   "%bitcast_ln810 = bitcast i32 %LD"   --->   Operation 128 'bitcast' 'bitcast_ln810' <Predicate = (!icmp_ln1136)> <Delay = 0.00>
ST_7 : Operation 129 [4/4] (5.70ns)   --->   "%phitmp = fmul i32 %bitcast_ln810, i32 8192"   --->   Operation 129 'fmul' 'phitmp' <Predicate = (!icmp_ln1136)> <Delay = 5.70> <CoreInst = "FMul_maxdsp">   --->   Core 30 'FMul_maxdsp' <Latency = 3> <II = 1> <Delay = 5.70> <FuncUnit> <Opcode : 'fmul'> <InPorts = 2> <OutPorts = 1>
ST_7 : Operation 130 [1/1] (0.00ns)   --->   "%bitcast_ln810_1 = bitcast i32 %LD_2"   --->   Operation 130 'bitcast' 'bitcast_ln810_1' <Predicate = (!icmp_ln1136_1)> <Delay = 0.00>
ST_7 : Operation 131 [4/4] (5.70ns)   --->   "%phitmp1 = fmul i32 %bitcast_ln810_1, i32 8192"   --->   Operation 131 'fmul' 'phitmp1' <Predicate = (!icmp_ln1136_1)> <Delay = 5.70> <CoreInst = "FMul_maxdsp">   --->   Core 30 'FMul_maxdsp' <Latency = 3> <II = 1> <Delay = 5.70> <FuncUnit> <Opcode : 'fmul'> <InPorts = 2> <OutPorts = 1>

State 8 <SV = 7> <Delay = 5.70>
ST_8 : Operation 132 [3/4] (5.70ns)   --->   "%phitmp = fmul i32 %bitcast_ln810, i32 8192"   --->   Operation 132 'fmul' 'phitmp' <Predicate = (!icmp_ln1136)> <Delay = 5.70> <CoreInst = "FMul_maxdsp">   --->   Core 30 'FMul_maxdsp' <Latency = 3> <II = 1> <Delay = 5.70> <FuncUnit> <Opcode : 'fmul'> <InPorts = 2> <OutPorts = 1>
ST_8 : Operation 133 [3/4] (5.70ns)   --->   "%phitmp1 = fmul i32 %bitcast_ln810_1, i32 8192"   --->   Operation 133 'fmul' 'phitmp1' <Predicate = (!icmp_ln1136_1)> <Delay = 5.70> <CoreInst = "FMul_maxdsp">   --->   Core 30 'FMul_maxdsp' <Latency = 3> <II = 1> <Delay = 5.70> <FuncUnit> <Opcode : 'fmul'> <InPorts = 2> <OutPorts = 1>

State 9 <SV = 8> <Delay = 5.70>
ST_9 : Operation 134 [2/4] (5.70ns)   --->   "%phitmp = fmul i32 %bitcast_ln810, i32 8192"   --->   Operation 134 'fmul' 'phitmp' <Predicate = (!icmp_ln1136)> <Delay = 5.70> <CoreInst = "FMul_maxdsp">   --->   Core 30 'FMul_maxdsp' <Latency = 3> <II = 1> <Delay = 5.70> <FuncUnit> <Opcode : 'fmul'> <InPorts = 2> <OutPorts = 1>
ST_9 : Operation 135 [2/4] (5.70ns)   --->   "%phitmp1 = fmul i32 %bitcast_ln810_1, i32 8192"   --->   Operation 135 'fmul' 'phitmp1' <Predicate = (!icmp_ln1136_1)> <Delay = 5.70> <CoreInst = "FMul_maxdsp">   --->   Core 30 'FMul_maxdsp' <Latency = 3> <II = 1> <Delay = 5.70> <FuncUnit> <Opcode : 'fmul'> <InPorts = 2> <OutPorts = 1>
ST_9 : Operation 146 [1/1] (0.00ns)   --->   "%ret_ln0 = ret"   --->   Operation 146 'ret' 'ret_ln0' <Predicate = (icmp_ln74)> <Delay = 0.00>

State 10 <SV = 9> <Delay = 6.40>
ST_10 : Operation 136 [1/1] (0.00ns)   --->   "%specloopname_ln74 = specloopname void @_ssdm_op_SpecLoopName, void @empty_8" [doppler_fft_project/doppler_fft.cpp:74]   --->   Operation 136 'specloopname' 'specloopname_ln74' <Predicate = true> <Delay = 0.00>
ST_10 : Operation 137 [1/4] (5.70ns)   --->   "%phitmp = fmul i32 %bitcast_ln810, i32 8192"   --->   Operation 137 'fmul' 'phitmp' <Predicate = (!icmp_ln1136)> <Delay = 5.70> <CoreInst = "FMul_maxdsp">   --->   Core 30 'FMul_maxdsp' <Latency = 3> <II = 1> <Delay = 5.70> <FuncUnit> <Opcode : 'fmul'> <InPorts = 2> <OutPorts = 1>
ST_10 : Operation 138 [1/4] (5.70ns)   --->   "%phitmp1 = fmul i32 %bitcast_ln810_1, i32 8192"   --->   Operation 138 'fmul' 'phitmp1' <Predicate = (!icmp_ln1136_1)> <Delay = 5.70> <CoreInst = "FMul_maxdsp">   --->   Core 30 'FMul_maxdsp' <Latency = 3> <II = 1> <Delay = 5.70> <FuncUnit> <Opcode : 'fmul'> <InPorts = 2> <OutPorts = 1>
ST_10 : Operation 139 [1/1] (0.00ns)   --->   "%bitcast_ln304_1 = bitcast i32 %phitmp"   --->   Operation 139 'bitcast' 'bitcast_ln304_1' <Predicate = (!icmp_ln1136)> <Delay = 0.00>
ST_10 : Operation 140 [1/1] (0.69ns)   --->   "%select_ln304 = select i1 %icmp_ln1136, i32 0, i32 %bitcast_ln304_1"   --->   Operation 140 'select' 'select_ln304' <Predicate = true> <Delay = 0.69> <CoreInst = "Sel">   --->   Core 73 'Sel' <Latency = 0> <II = 1> <Delay = 0.69> <FuncUnit> <Opcode : 'select'> <InPorts = 3> <OutPorts = 1>
ST_10 : Operation 141 [1/1] (0.00ns)   --->   "%bitcast_ln304 = bitcast i32 %phitmp1"   --->   Operation 141 'bitcast' 'bitcast_ln304' <Predicate = (!icmp_ln1136_1)> <Delay = 0.00>
ST_10 : Operation 142 [1/1] (0.69ns)   --->   "%select_ln304_1 = select i1 %icmp_ln1136_1, i32 0, i32 %bitcast_ln304"   --->   Operation 142 'select' 'select_ln304_1' <Predicate = true> <Delay = 0.69> <CoreInst = "Sel">   --->   Core 73 'Sel' <Latency = 0> <II = 1> <Delay = 0.69> <FuncUnit> <Opcode : 'select'> <InPorts = 3> <OutPorts = 1>
ST_10 : Operation 143 [1/1] (0.00ns)   --->   "%p_0 = bitconcatenate i64 @_ssdm_op_BitConcatenate.i64.i32.i32, i32 %select_ln304_1, i32 %select_ln304"   --->   Operation 143 'bitconcatenate' 'p_0' <Predicate = true> <Delay = 0.00>
ST_10 : Operation 144 [1/1] (0.00ns)   --->   "%write_ln304 = write void @_ssdm_op_Write.axis.volatile.i64P0A.i8P0A.i8P0A.i1P0A, i64 %output_r_V_data_V, i8 %output_r_V_keep_V, i8 %output_r_V_strb_V, i1 %output_r_V_last_V, i64 %p_0, i8 255, i8 0, i1 %tmp_last_V"   --->   Operation 144 'write' 'write_ln304' <Predicate = true> <Delay = 0.00> <CoreInst = "axis">   --->   Core 115 'axis' <Latency = 0> <II = 1> <Delay = 1.00> <Adapter> <Opcode : >
ST_10 : Operation 145 [1/1] (0.00ns)   --->   "%br_ln74 = br void %for.body13" [doppler_fft_project/doppler_fft.cpp:74]   --->   Operation 145 'br' 'br_ln74' <Predicate = true> <Delay = 0.00>


============================================================
+ Verbose Summary: Timing violations
============================================================
Target clock period: 10ns, clock uncertainty: 2.7ns.

 <State 1>: 3.41ns
The critical path consists of the following:
	'alloca' operation ('i') [7]  (0 ns)
	'load' operation ('i', doppler_fft_project/doppler_fft.cpp:74) on local variable 'i' [12]  (0 ns)
	'add' operation ('add_ln74', doppler_fft_project/doppler_fft.cpp:74) [16]  (1.82 ns)
	'store' operation ('store_ln74', doppler_fft_project/doppler_fft.cpp:74) of variable 'add_ln74', doppler_fft_project/doppler_fft.cpp:74 on local variable 'i' [132]  (1.59 ns)

 <State 2>: 3.25ns
The critical path consists of the following:
	'load' operation ('__Val2__') on array 'buf_M_real_V' [22]  (3.25 ns)

 <State 3>: 5.45ns
The critical path consists of the following:
	'sub' operation ('tmp.V') [25]  (2.17 ns)
	'select' operation ('tmp.V') [26]  (0.732 ns)
	'cttz' operation ('l') [30]  (0 ns)
	'sub' operation ('sub_ln1145') [31]  (2.55 ns)

 <State 4>: 6ns
The critical path consists of the following:
	'add' operation ('lsb_index') [33]  (2.55 ns)
	'icmp' operation ('icmp_ln1147') [35]  (2.47 ns)
	'and' operation ('a') [42]  (0 ns)
	'or' operation ('or_ln1150_2') [48]  (0 ns)
	blocking operation 0.978 ns on control path)

 <State 5>: 6.97ns
The critical path consists of the following:
	'add' operation ('add_ln1159') [52]  (2.55 ns)
	'lshr' operation ('lshr_ln1159') [54]  (0 ns)
	'select' operation ('m') [58]  (0 ns)
	'add' operation ('m') [60]  (4.42 ns)

 <State 6>: 4.92ns
The critical path consists of the following:
	'select' operation ('select_ln1144') [64]  (1.25 ns)
	'add' operation ('add_ln1170') [67]  (3.67 ns)

 <State 7>: 5.7ns
The critical path consists of the following:
	'fmul' operation ('phitmp') [72]  (5.7 ns)

 <State 8>: 5.7ns
The critical path consists of the following:
	'fmul' operation ('phitmp') [72]  (5.7 ns)

 <State 9>: 5.7ns
The critical path consists of the following:
	'fmul' operation ('phitmp') [72]  (5.7 ns)

 <State 10>: 6.4ns
The critical path consists of the following:
	'fmul' operation ('phitmp') [72]  (5.7 ns)
	'select' operation ('select_ln304') [127]  (0.698 ns)


============================================================
+ Verbose Summary: Binding
============================================================
N/A
* FSMD analyzer results:
  - Output states:
 - Input state : 
  - Chain level:
	State 1
	State 2
	State 3
	State 4
	State 5
	State 6
	State 7
	State 8
	State 9
	State 10


============================================================
+ Verbose Summary: Datapath Resource usage 
============================================================
N/A
