

================================================================
== Vitis HLS Report for 'doppler_fft_256'
================================================================
* Date:           Tue May  5 21:39:09 2026

* Version:        2022.1 (Build 3526262 on Mon Apr 18 15:48:16 MDT 2022)
* Project:        doppler_fft_project
* Solution:       solution1 (Vivado IP Flow Target)
* Product family: zynq
* Target device:  xc7z020-clg484-1


================================================================
== Performance Estimates
================================================================
+ Timing: 
    * Summary: 
    +--------+----------+----------+------------+
    |  Clock |  Target  | Estimated| Uncertainty|
    +--------+----------+----------+------------+
    |ap_clk  |  10.00 ns|  7.222 ns|     2.70 ns|
    +--------+----------+----------+------------+

+ Latency: 
    * Summary: 
    +---------+---------+----------+----------+-----+-----+---------+
    |  Latency (cycles) |  Latency (absolute) |  Interval | Pipeline|
    |   min   |   max   |    min   |    max   | min | max |   Type  |
    +---------+---------+----------+----------+-----+-----+---------+
    |        ?|        ?|         ?|         ?|    ?|    ?|       no|
    +---------+---------+----------+----------+-----+-----+---------+

    + Detail: 
        * Instance: 
        +----------------------------------------------------+------------------------------------------+---------+---------+----------+----------+-----+-----+---------+
        |                                                    |                                          |  Latency (cycles) |  Latency (absolute) |  Interval | Pipeline|
        |                      Instance                      |                  Module                  |   min   |   max   |    min   |    max   | min | max |   Type  |
        +----------------------------------------------------+------------------------------------------+---------+---------+----------+----------+-----+-----+---------+
        |grp_doppler_fft_256_Pipeline_VITIS_LOOP_65_1_fu_64  |doppler_fft_256_Pipeline_VITIS_LOOP_65_1  |      267|      267|  2.670 us|  2.670 us|  267|  267|       no|
        |grp_fft_fast_fu_78                                  |fft_fast                                  |        ?|        ?|         ?|         ?|    ?|    ?|       no|
        |grp_doppler_fft_256_Pipeline_VITIS_LOOP_49_1_fu_90  |doppler_fft_256_Pipeline_VITIS_LOOP_49_1  |      258|      258|  2.580 us|  2.580 us|  258|  258|       no|
        |grp_doppler_fft_256_Pipeline_VITIS_LOOP_74_2_fu_96  |doppler_fft_256_Pipeline_VITIS_LOOP_74_2  |      266|      266|  2.660 us|  2.660 us|  266|  266|       no|
        +----------------------------------------------------+------------------------------------------+---------+---------+----------+----------+-----+-----+---------+

        * Loop: 
        N/A



================================================================
== Utilization Estimates
================================================================
* Summary: 
+-----------------+---------+-----+--------+-------+-----+
|       Name      | BRAM_18K| DSP |   FF   |  LUT  | URAM|
+-----------------+---------+-----+--------+-------+-----+
|DSP              |        -|    -|       -|      -|    -|
|Expression       |        -|    -|       0|      2|    -|
|FIFO             |        -|    -|       -|      -|    -|
|Instance         |        3|   10|    3347|   6450|    -|
|Memory           |        4|    -|       0|      0|    0|
|Multiplexer      |        -|    -|       -|    472|    -|
|Register         |        -|    -|      14|      -|    -|
+-----------------+---------+-----+--------+-------+-----+
|Total            |        7|   10|    3361|   6924|    0|
+-----------------+---------+-----+--------+-------+-----+
|Available        |      280|  220|  106400|  53200|    0|
+-----------------+---------+-----+--------+-------+-----+
|Utilization (%)  |        2|    4|       3|     13|    0|
+-----------------+---------+-----+--------+-------+-----+

+ Detail: 
    * Instance: 
    +----------------------------------------------------+------------------------------------------+---------+----+------+------+-----+
    |                      Instance                      |                  Module                  | BRAM_18K| DSP|  FF  |  LUT | URAM|
    +----------------------------------------------------+------------------------------------------+---------+----+------+------+-----+
    |grp_doppler_fft_256_Pipeline_VITIS_LOOP_49_1_fu_90  |doppler_fft_256_Pipeline_VITIS_LOOP_49_1  |        0|   0|    43|   132|    0|
    |grp_doppler_fft_256_Pipeline_VITIS_LOOP_65_1_fu_64  |doppler_fft_256_Pipeline_VITIS_LOOP_65_1  |        0|   0|  1043|  1344|    0|
    |grp_doppler_fft_256_Pipeline_VITIS_LOOP_74_2_fu_96  |doppler_fft_256_Pipeline_VITIS_LOOP_74_2  |        0|   0|   983|  2167|    0|
    |grp_fft_fast_fu_78                                  |fft_fast                                  |        3|   4|   992|  2165|    0|
    |fmul_32ns_32ns_32_4_max_dsp_1_U41                   |fmul_32ns_32ns_32_4_max_dsp_1             |        0|   3|   143|   321|    0|
    |fmul_32ns_32ns_32_4_max_dsp_1_U42                   |fmul_32ns_32ns_32_4_max_dsp_1             |        0|   3|   143|   321|    0|
    |fpext_32ns_64_2_no_dsp_1_U43                        |fpext_32ns_64_2_no_dsp_1                  |        0|   0|     0|     0|    0|
    +----------------------------------------------------+------------------------------------------+---------+----+------+------+-----+
    |Total                                               |                                          |        3|  10|  3347|  6450|    0|
    +----------------------------------------------------+------------------------------------------+---------+----+------+------+-----+

    * DSP: 
    N/A

    * Memory: 
    +----------------+----------------------------+---------+---+----+-----+------+-----+------+-------------+
    |     Memory     |           Module           | BRAM_18K| FF| LUT| URAM| Words| Bits| Banks| W*Bits*Banks|
    +----------------+----------------------------+---------+---+----+-----+------+-----+------+-------------+
    |buf_M_real_V_U  |buf_M_real_V_RAM_AUTO_1R1W  |        2|  0|   0|    0|   256|   19|     1|         4864|
    |buf_M_imag_V_U  |buf_M_real_V_RAM_AUTO_1R1W  |        2|  0|   0|    0|   256|   19|     1|         4864|
    +----------------+----------------------------+---------+---+----+-----+------+-----+------+-------------+
    |Total           |                            |        4|  0|   0|    0|   512|   38|     2|         9728|
    +----------------+----------------------------+---------+---+----+-----+------+-----+------+-------------+

    * FIFO: 
    N/A

    * Expression: 
    +--------------------------------------------------------------------+----------+----+---+----+------------+------------+
    |                            Variable Name                           | Operation| DSP| FF| LUT| Bitwidth P0| Bitwidth P1|
    +--------------------------------------------------------------------+----------+----+---+----+------------+------------+
    |grp_doppler_fft_256_Pipeline_VITIS_LOOP_74_2_fu_96_output_r_TREADY  |       and|   0|  0|   2|           1|           1|
    +--------------------------------------------------------------------+----------+----+---+----+------------+------------+
    |Total                                                               |          |   0|  0|   2|           1|           1|
    +--------------------------------------------------------------------+----------+----+---+----+------------+------------+

    * Multiplexer: 
    +-----------------------------+----+-----------+-----+-----------+
    |             Name            | LUT| Input Size| Bits| Total Bits|
    +-----------------------------+----+-----------+-----+-----------+
    |ap_NS_fsm                    |  59|         11|    1|         11|
    |buf_M_imag_V_address0        |  25|          5|    8|         40|
    |buf_M_imag_V_address1        |  14|          3|    8|         24|
    |buf_M_imag_V_ce0             |  25|          5|    1|          5|
    |buf_M_imag_V_ce1             |  14|          3|    1|          3|
    |buf_M_imag_V_d0              |  20|          4|   19|         76|
    |buf_M_imag_V_d1              |  14|          3|   19|         57|
    |buf_M_imag_V_we0             |  20|          4|    1|          4|
    |buf_M_imag_V_we1             |  14|          3|    1|          3|
    |buf_M_real_V_address0        |  25|          5|    8|         40|
    |buf_M_real_V_address1        |  14|          3|    8|         24|
    |buf_M_real_V_ce0             |  25|          5|    1|          5|
    |buf_M_real_V_ce1             |  14|          3|    1|          3|
    |buf_M_real_V_d0              |  20|          4|   19|         76|
    |buf_M_real_V_d1              |  14|          3|   19|         57|
    |buf_M_real_V_we0             |  20|          4|    1|          4|
    |buf_M_real_V_we1             |  14|          3|    1|          3|
    |grp_fu_110_ce                |  14|          3|    1|          3|
    |grp_fu_110_p0                |  14|          3|   32|         96|
    |grp_fu_110_p1                |  14|          3|   32|         96|
    |grp_fu_114_ce                |  14|          3|    1|          3|
    |grp_fu_114_p0                |  14|          3|   32|         96|
    |grp_fu_114_p1                |  14|          3|   32|         96|
    |grp_fu_118_ce                |  14|          3|    1|          3|
    |grp_fu_118_p0                |  14|          3|   32|         96|
    |input_r_TREADY_int_regslice  |   9|          2|    1|          2|
    +-----------------------------+----+-----------+-----+-----------+
    |Total                        | 472|         97|  281|        926|
    +-----------------------------+----+-----------+-----+-----------+

    * Register: 
    +-----------------------------------------------------------------+----+----+-----+-----------+
    |                               Name                              | FF | LUT| Bits| Const Bits|
    +-----------------------------------------------------------------+----+----+-----+-----------+
    |ap_CS_fsm                                                        |  10|   0|   10|          0|
    |grp_doppler_fft_256_Pipeline_VITIS_LOOP_49_1_fu_90_ap_start_reg  |   1|   0|    1|          0|
    |grp_doppler_fft_256_Pipeline_VITIS_LOOP_65_1_fu_64_ap_start_reg  |   1|   0|    1|          0|
    |grp_doppler_fft_256_Pipeline_VITIS_LOOP_74_2_fu_96_ap_start_reg  |   1|   0|    1|          0|
    |grp_fft_fast_fu_78_ap_start_reg                                  |   1|   0|    1|          0|
    +-----------------------------------------------------------------+----+----+-----+-----------+
    |Total                                                            |  14|   0|   14|          0|
    +-----------------------------------------------------------------+----+----+-----+-----------+



================================================================
== Interface
================================================================
* Summary: 
+-----------------+-----+-----+--------------+-------------------+--------------+
|    RTL Ports    | Dir | Bits|   Protocol   |   Source Object   |    C Type    |
+-----------------+-----+-----+--------------+-------------------+--------------+
|ap_clk           |   in|    1|  ap_ctrl_none|    doppler_fft_256|  return value|
|ap_rst_n         |   in|    1|  ap_ctrl_none|    doppler_fft_256|  return value|
|input_r_TDATA    |   in|   64|          axis|   input_r_V_data_V|       pointer|
|input_r_TVALID   |   in|    1|          axis|   input_r_V_last_V|       pointer|
|input_r_TREADY   |  out|    1|          axis|   input_r_V_last_V|       pointer|
|input_r_TLAST    |   in|    1|          axis|   input_r_V_last_V|       pointer|
|input_r_TKEEP    |   in|    8|          axis|   input_r_V_keep_V|       pointer|
|input_r_TSTRB    |   in|    8|          axis|   input_r_V_strb_V|       pointer|
|output_r_TDATA   |  out|   64|          axis|  output_r_V_data_V|       pointer|
|output_r_TVALID  |  out|    1|          axis|  output_r_V_last_V|       pointer|
|output_r_TREADY  |   in|    1|          axis|  output_r_V_last_V|       pointer|
|output_r_TLAST   |  out|    1|          axis|  output_r_V_last_V|       pointer|
|output_r_TKEEP   |  out|    8|          axis|  output_r_V_keep_V|       pointer|
|output_r_TSTRB   |  out|    8|          axis|  output_r_V_strb_V|       pointer|
+-----------------+-----+-----+--------------+-------------------+--------------+

============================================================
+ Verbose Summary: Synthesis Manager
============================================================
InlineROM: 1
ExposeGlobal: 0
============================================================
+ Verbose Summary: CDFG Model
============================================================
IsTopModel: 1
ResetActiveHigh: 1
IsCombinational: 2
IsDatapathOnly: 2
HasWiredReturn: 1
HasMFsm: 0
HasVarLatency: 1
IsPipeline: 0
IsRtlPipelined: 0
IsInstanceOverlapped: 0
IsDontTouch: 0
HasImplIP: 0
IsGatedGlobalClock: 0


============================================================
+ Verbose Summary: Schedule
============================================================
* Number of FSM states : 10
* Pipeline : 0
* Dataflow Pipeline: 0

* FSM state transitions: 
1 --> 2 
2 --> 3 
3 --> 4 
4 --> 5 
5 --> 6 
6 --> 7 
7 --> 8 
8 --> 9 
9 --> 10 
10 --> 

* FSM state operations: 

State 1 <SV = 0> <Delay = 3.25>
ST_1 : Operation 11 [1/1] (3.25ns)   --->   "%buf_M_real_V = alloca i64 1" [doppler_fft_project/doppler_fft.cpp:63]   --->   Operation 11 'alloca' 'buf_M_real_V' <Predicate = true> <Delay = 3.25>
ST_1 : Operation 12 [1/1] (3.25ns)   --->   "%buf_M_imag_V = alloca i64 1" [doppler_fft_project/doppler_fft.cpp:63]   --->   Operation 12 'alloca' 'buf_M_imag_V' <Predicate = true> <Delay = 3.25>
ST_1 : Operation 13 [1/1] (0.00ns)   --->   "%empty = wait i32 @_ssdm_op_Wait"   --->   Operation 13 'wait' 'empty' <Predicate = true> <Delay = 0.00>

State 2 <SV = 1> <Delay = 0.00>
ST_2 : Operation 14 [2/2] (0.00ns)   --->   "%call_ln0 = call void @doppler_fft_256_Pipeline_VITIS_LOOP_65_1, i64 %input_r_V_data_V, i8 %input_r_V_keep_V, i8 %input_r_V_strb_V, i1 %input_r_V_last_V, i19 %buf_M_real_V, i19 %buf_M_imag_V"   --->   Operation 14 'call' 'call_ln0' <Predicate = true> <Delay = 0.00> <CoreType = "Generic">   --->   Core 0 '' <Latency = 0> <II = 1> <Delay = 1.00> <Generic> <Opcode : >

State 3 <SV = 2> <Delay = 0.00>
ST_3 : Operation 15 [1/2] (0.00ns)   --->   "%call_ln0 = call void @doppler_fft_256_Pipeline_VITIS_LOOP_65_1, i64 %input_r_V_data_V, i8 %input_r_V_keep_V, i8 %input_r_V_strb_V, i1 %input_r_V_last_V, i19 %buf_M_real_V, i19 %buf_M_imag_V"   --->   Operation 15 'call' 'call_ln0' <Predicate = true> <Delay = 0.00> <CoreType = "Generic">   --->   Core 0 '' <Latency = 0> <II = 1> <Delay = 1.00> <Generic> <Opcode : >

State 4 <SV = 3> <Delay = 0.00>
ST_4 : Operation 16 [1/1] (0.00ns)   --->   "%empty_31 = wait i32 @_ssdm_op_Wait"   --->   Operation 16 'wait' 'empty_31' <Predicate = true> <Delay = 0.00>
ST_4 : Operation 17 [2/2] (0.00ns)   --->   "%call_ln71 = call void @fft_fast, i19 %buf_M_real_V, i19 %buf_M_imag_V, i8 %br_lut, i32 %tw_M_value_1, i32 %tw_M_value" [doppler_fft_project/doppler_fft.cpp:71]   --->   Operation 17 'call' 'call_ln71' <Predicate = true> <Delay = 0.00> <CoreType = "Generic">   --->   Core 0 '' <Latency = 0> <II = 1> <Delay = 1.00> <Generic> <Opcode : >

State 5 <SV = 4> <Delay = 0.00>
ST_5 : Operation 18 [1/2] (0.00ns)   --->   "%call_ln71 = call void @fft_fast, i19 %buf_M_real_V, i19 %buf_M_imag_V, i8 %br_lut, i32 %tw_M_value_1, i32 %tw_M_value" [doppler_fft_project/doppler_fft.cpp:71]   --->   Operation 18 'call' 'call_ln71' <Predicate = true> <Delay = 0.00> <CoreType = "Generic">   --->   Core 0 '' <Latency = 0> <II = 1> <Delay = 1.00> <Generic> <Opcode : >

State 6 <SV = 5> <Delay = 0.00>
ST_6 : Operation 19 [2/2] (0.00ns)   --->   "%call_ln0 = call void @doppler_fft_256_Pipeline_VITIS_LOOP_49_1, i19 %buf_M_real_V, i19 %buf_M_imag_V"   --->   Operation 19 'call' 'call_ln0' <Predicate = true> <Delay = 0.00> <CoreType = "Generic">   --->   Core 0 '' <Latency = 0> <II = 1> <Delay = 1.00> <Generic> <Opcode : >

State 7 <SV = 6> <Delay = 0.00>
ST_7 : Operation 20 [1/2] (0.00ns)   --->   "%call_ln0 = call void @doppler_fft_256_Pipeline_VITIS_LOOP_49_1, i19 %buf_M_real_V, i19 %buf_M_imag_V"   --->   Operation 20 'call' 'call_ln0' <Predicate = true> <Delay = 0.00> <CoreType = "Generic">   --->   Core 0 '' <Latency = 0> <II = 1> <Delay = 1.00> <Generic> <Opcode : >

State 8 <SV = 7> <Delay = 0.00>
ST_8 : Operation 21 [1/1] (0.00ns)   --->   "%empty_32 = wait i32 @_ssdm_op_Wait"   --->   Operation 21 'wait' 'empty_32' <Predicate = true> <Delay = 0.00>
ST_8 : Operation 22 [2/2] (0.00ns)   --->   "%call_ln0 = call void @doppler_fft_256_Pipeline_VITIS_LOOP_74_2, i19 %buf_M_real_V, i19 %buf_M_imag_V, i64 %output_r_V_data_V, i8 %output_r_V_keep_V, i8 %output_r_V_strb_V, i1 %output_r_V_last_V"   --->   Operation 22 'call' 'call_ln0' <Predicate = true> <Delay = 0.00> <CoreType = "Generic">   --->   Core 0 '' <Latency = 0> <II = 1> <Delay = 1.00> <Generic> <Opcode : >

State 9 <SV = 8> <Delay = 6.40>
ST_9 : Operation 23 [1/2] (6.40ns)   --->   "%call_ln0 = call void @doppler_fft_256_Pipeline_VITIS_LOOP_74_2, i19 %buf_M_real_V, i19 %buf_M_imag_V, i64 %output_r_V_data_V, i8 %output_r_V_keep_V, i8 %output_r_V_strb_V, i1 %output_r_V_last_V"   --->   Operation 23 'call' 'call_ln0' <Predicate = true> <Delay = 6.40> <CoreType = "Generic">   --->   Core 0 '' <Latency = 0> <II = 1> <Delay = 1.00> <Generic> <Opcode : >

State 10 <SV = 9> <Delay = 0.00>
ST_10 : Operation 24 [1/1] (0.00ns)   --->   "%spectopmodule_ln56 = spectopmodule void @_ssdm_op_SpecTopModule, void @empty_6" [doppler_fft_project/doppler_fft.cpp:56]   --->   Operation 24 'spectopmodule' 'spectopmodule_ln56' <Predicate = true> <Delay = 0.00>
ST_10 : Operation 25 [1/1] (0.00ns)   --->   "%specinterface_ln56 = specinterface void @_ssdm_op_SpecInterface, i32 0, void @empty_7, i32 0, i32 0, void @empty_1, i32 0, i32 0, void @empty_1, void @empty_1, void @empty_1, i32 0, i32 0, i32 0, i32 0, void @empty_1, void @empty_1, i32 4294967295, i32 0" [doppler_fft_project/doppler_fft.cpp:56]   --->   Operation 25 'specinterface' 'specinterface_ln56' <Predicate = true> <Delay = 0.00>
ST_10 : Operation 26 [1/1] (0.00ns)   --->   "%specinterface_ln0 = specinterface void @_ssdm_op_SpecInterface, i64 %input_r_V_data_V, i8 %input_r_V_keep_V, i8 %input_r_V_strb_V, i1 %input_r_V_last_V, void @empty, i32 1, i32 1, void @empty_0, i32 0, i32 0, void @empty_1, void @empty_1, void @empty_1, i32 0, i32 0, i32 0, i32 0, void @empty_1, void @empty_1, i32 4294967295, i32 0"   --->   Operation 26 'specinterface' 'specinterface_ln0' <Predicate = true> <Delay = 0.00>
ST_10 : Operation 27 [1/1] (0.00ns)   --->   "%specbitsmap_ln0 = specbitsmap void @_ssdm_op_SpecBitsMap, i64 %input_r_V_data_V"   --->   Operation 27 'specbitsmap' 'specbitsmap_ln0' <Predicate = true> <Delay = 0.00>
ST_10 : Operation 28 [1/1] (0.00ns)   --->   "%specbitsmap_ln0 = specbitsmap void @_ssdm_op_SpecBitsMap, i8 %input_r_V_keep_V"   --->   Operation 28 'specbitsmap' 'specbitsmap_ln0' <Predicate = true> <Delay = 0.00>
ST_10 : Operation 29 [1/1] (0.00ns)   --->   "%specbitsmap_ln0 = specbitsmap void @_ssdm_op_SpecBitsMap, i8 %input_r_V_strb_V"   --->   Operation 29 'specbitsmap' 'specbitsmap_ln0' <Predicate = true> <Delay = 0.00>
ST_10 : Operation 30 [1/1] (0.00ns)   --->   "%specbitsmap_ln0 = specbitsmap void @_ssdm_op_SpecBitsMap, i1 %input_r_V_last_V"   --->   Operation 30 'specbitsmap' 'specbitsmap_ln0' <Predicate = true> <Delay = 0.00>
ST_10 : Operation 31 [1/1] (0.00ns)   --->   "%specinterface_ln0 = specinterface void @_ssdm_op_SpecInterface, i64 %output_r_V_data_V, i8 %output_r_V_keep_V, i8 %output_r_V_strb_V, i1 %output_r_V_last_V, void @empty, i32 1, i32 1, void @empty_0, i32 0, i32 0, void @empty_1, void @empty_1, void @empty_1, i32 0, i32 0, i32 0, i32 0, void @empty_1, void @empty_1, i32 4294967295, i32 0"   --->   Operation 31 'specinterface' 'specinterface_ln0' <Predicate = true> <Delay = 0.00>
ST_10 : Operation 32 [1/1] (0.00ns)   --->   "%specbitsmap_ln0 = specbitsmap void @_ssdm_op_SpecBitsMap, i64 %output_r_V_data_V"   --->   Operation 32 'specbitsmap' 'specbitsmap_ln0' <Predicate = true> <Delay = 0.00>
ST_10 : Operation 33 [1/1] (0.00ns)   --->   "%specbitsmap_ln0 = specbitsmap void @_ssdm_op_SpecBitsMap, i8 %output_r_V_keep_V"   --->   Operation 33 'specbitsmap' 'specbitsmap_ln0' <Predicate = true> <Delay = 0.00>
ST_10 : Operation 34 [1/1] (0.00ns)   --->   "%specbitsmap_ln0 = specbitsmap void @_ssdm_op_SpecBitsMap, i8 %output_r_V_strb_V"   --->   Operation 34 'specbitsmap' 'specbitsmap_ln0' <Predicate = true> <Delay = 0.00>
ST_10 : Operation 35 [1/1] (0.00ns)   --->   "%specbitsmap_ln0 = specbitsmap void @_ssdm_op_SpecBitsMap, i1 %output_r_V_last_V"   --->   Operation 35 'specbitsmap' 'specbitsmap_ln0' <Predicate = true> <Delay = 0.00>
ST_10 : Operation 36 [1/1] (0.00ns)   --->   "%ret_ln82 = ret" [doppler_fft_project/doppler_fft.cpp:82]   --->   Operation 36 'ret' 'ret_ln82' <Predicate = true> <Delay = 0.00>


============================================================
+ Verbose Summary: Binding
============================================================
STG Binding: 
---------------- STG Properties BEGIN ----------------
- Is combinational: 0
- Is one-state seq: 0
- Is datapath-only: 0
- Is pipelined: 0
- Is top level: 1
Port [ Return ] is wired: 1; IO mode=ap_ctrl_none:ce=0
Port [ input_r_V_data_V]:  wired=1; compound=1; hidden=0; nouse=0; global=0; static=0; extern=0; dir=0; type=0; pingpong=0; private_global=0; IO mode=axis:ce=0
Port [ input_r_V_keep_V]:  wired=1; compound=1; hidden=0; nouse=0; global=0; static=0; extern=0; dir=0; type=0; pingpong=0; private_global=0; IO mode=axis:ce=0
Port [ input_r_V_strb_V]:  wired=1; compound=1; hidden=0; nouse=0; global=0; static=0; extern=0; dir=0; type=0; pingpong=0; private_global=0; IO mode=axis:ce=0
Port [ input_r_V_last_V]:  wired=1; compound=1; hidden=0; nouse=0; global=0; static=0; extern=0; dir=0; type=0; pingpong=0; private_global=0; IO mode=axis:ce=0
Port [ output_r_V_data_V]:  wired=1; compound=1; hidden=0; nouse=0; global=0; static=0; extern=0; dir=1; type=0; pingpong=0; private_global=0; IO mode=axis:ce=0
Port [ output_r_V_keep_V]:  wired=1; compound=1; hidden=0; nouse=0; global=0; static=0; extern=0; dir=1; type=0; pingpong=0; private_global=0; IO mode=axis:ce=0
Port [ output_r_V_strb_V]:  wired=1; compound=1; hidden=0; nouse=0; global=0; static=0; extern=0; dir=1; type=0; pingpong=0; private_global=0; IO mode=axis:ce=0
Port [ output_r_V_last_V]:  wired=1; compound=1; hidden=0; nouse=0; global=0; static=0; extern=0; dir=1; type=0; pingpong=0; private_global=0; IO mode=axis:ce=0
Port [ br_lut]:  wired=0; compound=1; hidden=1; nouse=1; global=1; static=1; extern=0; dir=0; type=1; pingpong=0; private_global=0; MemPort=[1]; IO mode=ap_memory:ce=0
Port [ tw_M_value_1]:  wired=0; compound=1; hidden=1; nouse=1; global=1; static=1; extern=0; dir=0; type=1; pingpong=0; private_global=0; MemPort=[1]; IO mode=ap_memory:ce=0
Port [ tw_M_value]:  wired=0; compound=1; hidden=1; nouse=1; global=1; static=1; extern=0; dir=0; type=1; pingpong=0; private_global=0; MemPort=[1]; IO mode=ap_memory:ce=0
---------------- STG Properties END ------------------

---------------- Datapath Model BEGIN ----------------

<LifeTime>
<method=bitvector/>
buf_M_real_V       (alloca       ) [ 00111111110]
buf_M_imag_V       (alloca       ) [ 00111111110]
empty              (wait         ) [ 00000000000]
call_ln0           (call         ) [ 00000000000]
empty_31           (wait         ) [ 00000000000]
call_ln71          (call         ) [ 00000000000]
call_ln0           (call         ) [ 00000000000]
empty_32           (wait         ) [ 00000000000]
call_ln0           (call         ) [ 00000000000]
spectopmodule_ln56 (spectopmodule) [ 00000000000]
specinterface_ln56 (specinterface) [ 00000000000]
specinterface_ln0  (specinterface) [ 00000000000]
specbitsmap_ln0    (specbitsmap  ) [ 00000000000]
specbitsmap_ln0    (specbitsmap  ) [ 00000000000]
specbitsmap_ln0    (specbitsmap  ) [ 00000000000]
specbitsmap_ln0    (specbitsmap  ) [ 00000000000]
specinterface_ln0  (specinterface) [ 00000000000]
specbitsmap_ln0    (specbitsmap  ) [ 00000000000]
specbitsmap_ln0    (specbitsmap  ) [ 00000000000]
specbitsmap_ln0    (specbitsmap  ) [ 00000000000]
specbitsmap_ln0    (specbitsmap  ) [ 00000000000]
ret_ln82           (ret          ) [ 00000000000]
</LifeTime>

<model>

<comp_list>
<comp id="0" class="1000" name="input_r_V_data_V">
<pin_list>
<pin id="1" dir="1" index="0" bw="1" slack="0"/>
</pin_list>
<bind>
<StgValue><ssdm name="input_r_V_data_V"/></StgValue>
</bind>
</comp>

<comp id="2" class="1000" name="input_r_V_keep_V">
<pin_list>
<pin id="3" dir="1" index="0" bw="1" slack="0"/>
</pin_list>
<bind>
<StgValue><ssdm name="input_r_V_keep_V"/></StgValue>
</bind>
</comp>

<comp id="4" class="1000" name="input_r_V_strb_V">
<pin_list>
<pin id="5" dir="1" index="0" bw="1" slack="0"/>
</pin_list>
<bind>
<StgValue><ssdm name="input_r_V_strb_V"/></StgValue>
</bind>
</comp>

<comp id="6" class="1000" name="input_r_V_last_V">
<pin_list>
<pin id="7" dir="1" index="0" bw="1" slack="0"/>
</pin_list>
<bind>
<StgValue><ssdm name="input_r_V_last_V"/></StgValue>
</bind>
</comp>

<comp id="8" class="1000" name="output_r_V_data_V">
<pin_list>
<pin id="9" dir="1" index="0" bw="1" slack="0"/>
</pin_list>
<bind>
<StgValue><ssdm name="output_r_V_data_V"/></StgValue>
</bind>
</comp>

<comp id="10" class="1000" name="output_r_V_keep_V">
<pin_list>
<pin id="11" dir="1" index="0" bw="1" slack="0"/>
</pin_list>
<bind>
<StgValue><ssdm name="output_r_V_keep_V"/></StgValue>
</bind>
</comp>

<comp id="12" class="1000" name="output_r_V_strb_V">
<pin_list>
<pin id="13" dir="1" index="0" bw="1" slack="0"/>
</pin_list>
<bind>
<StgValue><ssdm name="output_r_V_strb_V"/></StgValue>
</bind>
</comp>

<comp id="14" class="1000" name="output_r_V_last_V">
<pin_list>
<pin id="15" dir="1" index="0" bw="1" slack="0"/>
</pin_list>
<bind>
<StgValue><ssdm name="output_r_V_last_V"/></StgValue>
</bind>
</comp>

<comp id="16" class="1000" name="br_lut">
<pin_list>
<pin id="17" dir="1" index="0" bw="1" slack="0"/>
</pin_list>
<bind>
<StgValue><ssdm name="br_lut"/><MemPortTyVec>1 </MemPortTyVec>
</StgValue>
</bind>
</comp>

<comp id="18" class="1000" name="tw_M_value_1">
<pin_list>
<pin id="19" dir="1" index="0" bw="1" slack="0"/>
</pin_list>
<bind>
<StgValue><ssdm name="tw_M_value_1"/><MemPortTyVec>1 </MemPortTyVec>
</StgValue>
</bind>
</comp>

<comp id="20" class="1000" name="tw_M_value">
<pin_list>
<pin id="21" dir="1" index="0" bw="1" slack="0"/>
</pin_list>
<bind>
<StgValue><ssdm name="tw_M_value"/><MemPortTyVec>1 </MemPortTyVec>
</StgValue>
</bind>
</comp>

<comp id="22" class="1001" name="const_22">
<pin_list>
<pin id="23" dir="1" index="0" bw="1" slack="0"/>
</pin_list>
<bind>
<StgValue><ssdm name=""/></StgValue>
</bind>
</comp>

<comp id="24" class="1001" name="const_24">
<pin_list>
<pin id="25" dir="1" index="0" bw="1" slack="2147483647"/>
</pin_list>
<bind>
<StgValue><ssdm name="_ssdm_op_Wait"/></StgValue>
</bind>
</comp>

<comp id="26" class="1001" name="const_26">
<pin_list>
<pin id="27" dir="1" index="0" bw="1" slack="0"/>
</pin_list>
<bind>
<StgValue><ssdm name="doppler_fft_256_Pipeline_VITIS_LOOP_65_1"/></StgValue>
</bind>
</comp>

<comp id="28" class="1001" name="const_28">
<pin_list>
<pin id="29" dir="1" index="0" bw="1" slack="0"/>
</pin_list>
<bind>
<StgValue><ssdm name="fft_fast"/></StgValue>
</bind>
</comp>

<comp id="30" class="1001" name="const_30">
<pin_list>
<pin id="31" dir="1" index="0" bw="1" slack="0"/>
</pin_list>
<bind>
<StgValue><ssdm name="doppler_fft_256_Pipeline_VITIS_LOOP_49_1"/></StgValue>
</bind>
</comp>

<comp id="32" class="1001" name="const_32">
<pin_list>
<pin id="33" dir="1" index="0" bw="1" slack="0"/>
</pin_list>
<bind>
<StgValue><ssdm name="doppler_fft_256_Pipeline_VITIS_LOOP_74_2"/></StgValue>
</bind>
</comp>

<comp id="34" class="1001" name="const_34">
<pin_list>
<pin id="35" dir="1" index="0" bw="1" slack="2147483647"/>
</pin_list>
<bind>
<StgValue><ssdm name="_ssdm_op_SpecTopModule"/></StgValue>
</bind>
</comp>

<comp id="36" class="1001" name="const_36">
<pin_list>
<pin id="37" dir="1" index="0" bw="1" slack="2147483647"/>
</pin_list>
<bind>
<StgValue><ssdm name="empty_6"/></StgValue>
</bind>
</comp>

<comp id="38" class="1001" name="const_38">
<pin_list>
<pin id="39" dir="1" index="0" bw="1" slack="2147483647"/>
</pin_list>
<bind>
<StgValue><ssdm name="_ssdm_op_SpecInterface"/></StgValue>
</bind>
</comp>

<comp id="40" class="1001" name="const_40">
<pin_list>
<pin id="41" dir="1" index="0" bw="1" slack="2147483647"/>
</pin_list>
<bind>
<StgValue><ssdm name=""/></StgValue>
</bind>
</comp>

<comp id="42" class="1001" name="const_42">
<pin_list>
<pin id="43" dir="1" index="0" bw="1" slack="2147483647"/>
</pin_list>
<bind>
<StgValue><ssdm name="empty_7"/></StgValue>
</bind>
</comp>

<comp id="44" class="1001" name="const_44">
<pin_list>
<pin id="45" dir="1" index="0" bw="1" slack="2147483647"/>
</pin_list>
<bind>
<StgValue><ssdm name="empty_1"/></StgValue>
</bind>
</comp>

<comp id="46" class="1001" name="const_46">
<pin_list>
<pin id="47" dir="1" index="0" bw="1" slack="2147483647"/>
</pin_list>
<bind>
<StgValue><ssdm name=""/></StgValue>
</bind>
</comp>

<comp id="48" class="1001" name="const_48">
<pin_list>
<pin id="49" dir="1" index="0" bw="1" slack="2147483647"/>
</pin_list>
<bind>
<StgValue><ssdm name="empty"/></StgValue>
</bind>
</comp>

<comp id="50" class="1001" name="const_50">
<pin_list>
<pin id="51" dir="1" index="0" bw="1" slack="2147483647"/>
</pin_list>
<bind>
<StgValue><ssdm name=""/></StgValue>
</bind>
</comp>

<comp id="52" class="1001" name="const_52">
<pin_list>
<pin id="53" dir="1" index="0" bw="1" slack="2147483647"/>
</pin_list>
<bind>
<StgValue><ssdm name="empty_0"/></StgValue>
</bind>
</comp>

<comp id="54" class="1001" name="const_54">
<pin_list>
<pin id="55" dir="1" index="0" bw="1" slack="2147483647"/>
</pin_list>
<bind>
<StgValue><ssdm name="_ssdm_op_SpecBitsMap"/></StgValue>
</bind>
</comp>

<comp id="56" class="1004" name="buf_M_real_V_alloca_fu_56">
<pin_list>
<pin id="57" dir="0" index="0" bw="1" slack="0"/>
<pin id="58" dir="1" index="1" bw="19" slack="2147483647"/>
</pin_list>
<bind>
<opcode="alloca(26) " fcode="alloca"/>
<opset="buf_M_real_V/1 "/>
</bind>
</comp>

<comp id="60" class="1004" name="buf_M_imag_V_alloca_fu_60">
<pin_list>
<pin id="61" dir="0" index="0" bw="1" slack="0"/>
<pin id="62" dir="1" index="1" bw="19" slack="2147483647"/>
</pin_list>
<bind>
<opcode="alloca(26) " fcode="alloca"/>
<opset="buf_M_imag_V/1 "/>
</bind>
</comp>

<comp id="64" class="1004" name="grp_doppler_fft_256_Pipeline_VITIS_LOOP_65_1_fu_64">
<pin_list>
<pin id="65" dir="0" index="0" bw="0" slack="0"/>
<pin id="66" dir="0" index="1" bw="64" slack="0"/>
<pin id="67" dir="0" index="2" bw="8" slack="0"/>
<pin id="68" dir="0" index="3" bw="8" slack="0"/>
<pin id="69" dir="0" index="4" bw="1" slack="0"/>
<pin id="70" dir="0" index="5" bw="19" slack="2147483647"/>
<pin id="71" dir="0" index="6" bw="19" slack="2147483647"/>
<pin id="72" dir="1" index="7" bw="0" slack="2147483647"/>
</pin_list>
<bind>
<opcode="call(48) " fcode="call"/>
<opset="call_ln0/2 "/>
</bind>
</comp>

<comp id="78" class="1004" name="grp_fft_fast_fu_78">
<pin_list>
<pin id="79" dir="0" index="0" bw="0" slack="0"/>
<pin id="80" dir="0" index="1" bw="19" slack="2147483647"/>
<pin id="81" dir="0" index="2" bw="19" slack="2147483647"/>
<pin id="82" dir="0" index="3" bw="8" slack="0"/>
<pin id="83" dir="0" index="4" bw="32" slack="0"/>
<pin id="84" dir="0" index="5" bw="32" slack="0"/>
<pin id="85" dir="1" index="6" bw="0" slack="2147483647"/>
</pin_list>
<bind>
<opcode="call(48) " fcode="call"/>
<opset="call_ln71/4 "/>
</bind>
</comp>

<comp id="90" class="1004" name="grp_doppler_fft_256_Pipeline_VITIS_LOOP_49_1_fu_90">
<pin_list>
<pin id="91" dir="0" index="0" bw="0" slack="0"/>
<pin id="92" dir="0" index="1" bw="19" slack="2147483647"/>
<pin id="93" dir="0" index="2" bw="19" slack="2147483647"/>
<pin id="94" dir="1" index="3" bw="0" slack="2147483647"/>
</pin_list>
<bind>
<opcode="call(48) " fcode="call"/>
<opset="call_ln0/6 "/>
</bind>
</comp>

<comp id="96" class="1004" name="grp_doppler_fft_256_Pipeline_VITIS_LOOP_74_2_fu_96">
<pin_list>
<pin id="97" dir="0" index="0" bw="0" slack="0"/>
<pin id="98" dir="0" index="1" bw="19" slack="2147483647"/>
<pin id="99" dir="0" index="2" bw="19" slack="2147483647"/>
<pin id="100" dir="0" index="3" bw="64" slack="0"/>
<pin id="101" dir="0" index="4" bw="8" slack="0"/>
<pin id="102" dir="0" index="5" bw="8" slack="0"/>
<pin id="103" dir="0" index="6" bw="1" slack="0"/>
<pin id="104" dir="1" index="7" bw="0" slack="2147483647"/>
</pin_list>
<bind>
<opcode="call(48) " fcode="call"/>
<opset="call_ln0/8 "/>
</bind>
</comp>

<comp id="110" class="1004" name="grp_fu_110">
<pin_list>
<pin id="111" dir="0" index="0" bw="32" slack="2147483647"/>
<pin id="112" dir="0" index="1" bw="32" slack="2147483647"/>
<pin id="113" dir="1" index="2" bw="32" slack="2147483647"/>
</pin_list>
<bind>
<opcode="fmul(13) " fcode="fmul"/>
<opset="v_assign/2 phitmp/7 "/>
</bind>
</comp>

<comp id="114" class="1004" name="grp_fu_114">
<pin_list>
<pin id="115" dir="0" index="0" bw="32" slack="2147483647"/>
<pin id="116" dir="0" index="1" bw="32" slack="2147483647"/>
<pin id="117" dir="1" index="2" bw="32" slack="2147483647"/>
</pin_list>
<bind>
<opcode="fmul(13) " fcode="fmul"/>
<opset="v_assign_2/2 phitmp1/7 "/>
</bind>
</comp>

<comp id="118" class="1004" name="grp_fu_118">
<pin_list>
<pin id="119" dir="0" index="0" bw="32" slack="2147483647"/>
<pin id="120" dir="1" index="1" bw="64" slack="2147483647"/>
</pin_list>
<bind>
<opcode="fpext(41) " fcode="fpext"/>
<opset="d/6 d/3 d_1/4 "/>
</bind>
</comp>

</comp_list>

<net_list>
<net id="59"><net_src comp="22" pin="0"/><net_sink comp="56" pin=0"/></net>

<net id="63"><net_src comp="22" pin="0"/><net_sink comp="60" pin=0"/></net>

<net id="73"><net_src comp="26" pin="0"/><net_sink comp="64" pin=0"/></net>

<net id="74"><net_src comp="0" pin="0"/><net_sink comp="64" pin=1"/></net>

<net id="75"><net_src comp="2" pin="0"/><net_sink comp="64" pin=2"/></net>

<net id="76"><net_src comp="4" pin="0"/><net_sink comp="64" pin=3"/></net>

<net id="77"><net_src comp="6" pin="0"/><net_sink comp="64" pin=4"/></net>

<net id="86"><net_src comp="28" pin="0"/><net_sink comp="78" pin=0"/></net>

<net id="87"><net_src comp="16" pin="0"/><net_sink comp="78" pin=3"/></net>

<net id="88"><net_src comp="18" pin="0"/><net_sink comp="78" pin=4"/></net>

<net id="89"><net_src comp="20" pin="0"/><net_sink comp="78" pin=5"/></net>

<net id="95"><net_src comp="30" pin="0"/><net_sink comp="90" pin=0"/></net>

<net id="105"><net_src comp="32" pin="0"/><net_sink comp="96" pin=0"/></net>

<net id="106"><net_src comp="8" pin="0"/><net_sink comp="96" pin=3"/></net>

<net id="107"><net_src comp="10" pin="0"/><net_sink comp="96" pin=4"/></net>

<net id="108"><net_src comp="12" pin="0"/><net_sink comp="96" pin=5"/></net>

<net id="109"><net_src comp="14" pin="0"/><net_sink comp="96" pin=6"/></net>

</net_list>

</model> 
---------------- Datapath Model END ------------------

* FSMD analyzer results:
  - Output states:
	Port: output_r_V_data_V | {8 9 }
	Port: output_r_V_keep_V | {8 9 }
	Port: output_r_V_strb_V | {8 9 }
	Port: output_r_V_last_V | {8 9 }
 - Input state : 
	Port: doppler_fft_256 : input_r_V_data_V | {2 3 }
	Port: doppler_fft_256 : input_r_V_keep_V | {2 3 }
	Port: doppler_fft_256 : input_r_V_strb_V | {2 3 }
	Port: doppler_fft_256 : input_r_V_last_V | {2 3 }
	Port: doppler_fft_256 : br_lut | {4 5 }
	Port: doppler_fft_256 : tw_M_value_1 | {4 5 }
	Port: doppler_fft_256 : tw_M_value | {4 5 }
  - Chain level:
	State 1
	State 2
	State 3
	State 4
	State 5
	State 6
	State 7
	State 8
	State 9
	State 10


============================================================
+ Verbose Summary: Datapath Resource usage 
============================================================

* Functional unit list:
|----------|----------------------------------------------------|---------|---------|---------|---------|
| Operation|                   Functional Unit                  |   DSP   |  Delay  |    FF   |   LUT   |
|----------|----------------------------------------------------|---------|---------|---------|---------|
|          | grp_doppler_fft_256_Pipeline_VITIS_LOOP_65_1_fu_64 |    6    |  3.176  |   943   |   1825  |
|   call   |                 grp_fft_fast_fu_78                 |    4    | 32.2372 |   1263  |   1777  |
|          | grp_doppler_fft_256_Pipeline_VITIS_LOOP_49_1_fu_90 |    0    |  6.352  |    40   |    70   |
|          | grp_doppler_fft_256_Pipeline_VITIS_LOOP_74_2_fu_96 |    6    |  6.352  |   783   |   2174  |
|----------|----------------------------------------------------|---------|---------|---------|---------|
|   fmul   |                     grp_fu_110                     |    3    |    0    |   143   |   321   |
|          |                     grp_fu_114                     |    3    |    0    |   143   |   321   |
|----------|----------------------------------------------------|---------|---------|---------|---------|
|   fpext  |                     grp_fu_118                     |    0    |    0    |    0    |    0    |
|----------|----------------------------------------------------|---------|---------|---------|---------|
|   Total  |                                                    |    22   | 48.1172 |   3315  |   6488  |
|----------|----------------------------------------------------|---------|---------|---------|---------|

Memories:
+------------+--------+--------+--------+--------+
|            |  BRAM  |   FF   |   LUT  |  URAM  |
+------------+--------+--------+--------+--------+
|   br_lut   |    1   |    0   |    0   |    -   |
|buf_M_imag_V|    2   |    0   |    0   |    0   |
|buf_M_real_V|    2   |    0   |    0   |    0   |
| tw_M_value |    1   |    0   |    0   |    -   |
|tw_M_value_1|    1   |    0   |    0   |    -   |
+------------+--------+--------+--------+--------+
|    Total   |    7   |    0   |    0   |    0   |
+------------+--------+--------+--------+--------+

* Register list:
N/A

* Multiplexer (MUX) list: 
|--------|------|------|------|--------|
|  Comp  |  Pin | Size |  BW  | S x BW |
|--------|------|------|------|--------|
|  Total |      |      |      |    0   |
|--------|------|------|------|--------|



* Summary:
+-----------+--------+--------+--------+--------+--------+--------+
|           |  BRAM  |   DSP  |  Delay |   FF   |   LUT  |  URAM  |
+-----------+--------+--------+--------+--------+--------+--------+
|  Function |    -   |   22   |   48   |  3315  |  6488  |    -   |
|   Memory  |    7   |    -   |    -   |    0   |    0   |    0   |
|Multiplexer|    -   |    -   |    -   |    -   |    -   |    -   |
|  Register |    -   |    -   |    -   |    -   |    -   |    -   |
+-----------+--------+--------+--------+--------+--------+--------+
|   Total   |    7   |   22   |   48   |  3315  |  6488  |    0   |
+-----------+--------+--------+--------+--------+--------+--------+
