

================================================================
== Vitis HLS Report for 'fft_1024_top_Pipeline_VITIS_LOOP_63_3'
================================================================
* Date:           Tue May  5 17:02:25 2026

* Version:        2022.1 (Build 3526262 on Mon Apr 18 15:48:16 MDT 2022)
* Project:        fft_project_wlo
* Solution:       solution1 (Vivado IP Flow Target)
* Product family: zynq
* Target device:  xc7z020-clg484-1


================================================================
== Performance Estimates
================================================================
+ Timing: 
    * Summary: 
    +--------+----------+----------+------------+
    |  Clock |  Target  | Estimated| Uncertainty|
    +--------+----------+----------+------------+
    |ap_clk  |  10.00 ns|  6.972 ns|     2.70 ns|
    +--------+----------+----------+------------+

+ Latency: 
    * Summary: 
    +---------+---------+-----------+-----------+------+------+---------+
    |  Latency (cycles) |   Latency (absolute)  |   Interval  | Pipeline|
    |   min   |   max   |    min    |    max    |  min |  max |   Type  |
    +---------+---------+-----------+-----------+------+------+---------+
    |     1034|     1034|  10.340 us|  10.340 us|  1034|  1034|       no|
    +---------+---------+-----------+-----------+------+------+---------+

    + Detail: 
        * Instance: 
        N/A

        * Loop: 
        +-------------------+---------+---------+----------+-----------+-----------+------+----------+
        |                   |  Latency (cycles) | Iteration|  Initiation Interval  | Trip |          |
        |     Loop Name     |   min   |   max   |  Latency |  achieved |   target  | Count| Pipelined|
        +-------------------+---------+---------+----------+-----------+-----------+------+----------+
        |- VITIS_LOOP_63_3  |     1032|     1032|        10|          1|          1|  1024|       yes|
        +-------------------+---------+---------+----------+-----------+-----------+------+----------+

============================================================
+ Verbose Summary: Synthesis Manager
============================================================
InlineROM: 1
ExposeGlobal: 0
============================================================
+ Verbose Summary: CDFG Model
============================================================
IsTopModel: 0
ResetActiveHigh: 1
IsCombinational: 0
IsDatapathOnly: 0
HasWiredReturn: 1
HasMFsm: 2
HasVarLatency: 1
IsPipeline: 0
IsRtlPipelined: 0
IsInstanceOverlapped: 0
IsDontTouch: 0
HasImplIP: 0
IsGatedGlobalClock: 0

+ Individual pipeline summary: 
  * Pipeline-0: initiation interval (II) = 1, depth = 10


============================================================
+ Verbose Summary: Schedule
============================================================
* Number of FSM states : 10
* Pipeline : 1
  Pipeline-0 : II = 1, D = 10, States = { 1 2 3 4 5 6 7 8 9 10 }
* Dataflow Pipeline: 0

* FSM state transitions: 
1 --> 2 
2 --> 3 
3 --> 4 
4 --> 5 
5 --> 6 
6 --> 7 
7 --> 8 
8 --> 9 
9 --> 10 
10 --> 

* FSM state operations: 

State 1 <SV = 0> <Delay = 3.46>
ST_1 : Operation 13 [1/1] (0.00ns)   --->   "%i_2 = alloca i32 1"   --->   Operation 13 'alloca' 'i_2' <Predicate = true> <Delay = 0.00>
ST_1 : Operation 14 [1/1] (0.00ns)   --->   "%specinterface_ln0 = specinterface void @_ssdm_op_SpecInterface, i1 %output_r_V_last_V, void @empty, i32 0, i32 0, void @empty_0, i32 0, i32 0, void @empty_1, void @empty_1, void @empty_1, i32 0, i32 0, i32 0, i32 0, void @empty_1, void @empty_1, i32 4294967295, i32 0"   --->   Operation 14 'specinterface' 'specinterface_ln0' <Predicate = true> <Delay = 0.00>
ST_1 : Operation 15 [1/1] (0.00ns)   --->   "%specinterface_ln0 = specinterface void @_ssdm_op_SpecInterface, i8 %output_r_V_strb_V, void @empty, i32 0, i32 0, void @empty_0, i32 0, i32 0, void @empty_1, void @empty_1, void @empty_1, i32 0, i32 0, i32 0, i32 0, void @empty_1, void @empty_1, i32 4294967295, i32 0"   --->   Operation 15 'specinterface' 'specinterface_ln0' <Predicate = true> <Delay = 0.00>
ST_1 : Operation 16 [1/1] (0.00ns)   --->   "%specinterface_ln0 = specinterface void @_ssdm_op_SpecInterface, i8 %output_r_V_keep_V, void @empty, i32 0, i32 0, void @empty_0, i32 0, i32 0, void @empty_1, void @empty_1, void @empty_1, i32 0, i32 0, i32 0, i32 0, void @empty_1, void @empty_1, i32 4294967295, i32 0"   --->   Operation 16 'specinterface' 'specinterface_ln0' <Predicate = true> <Delay = 0.00>
ST_1 : Operation 17 [1/1] (0.00ns)   --->   "%specinterface_ln0 = specinterface void @_ssdm_op_SpecInterface, i64 %output_r_V_data_V, void @empty, i32 0, i32 0, void @empty_0, i32 0, i32 0, void @empty_1, void @empty_1, void @empty_1, i32 0, i32 0, i32 0, i32 0, void @empty_1, void @empty_1, i32 4294967295, i32 0"   --->   Operation 17 'specinterface' 'specinterface_ln0' <Predicate = true> <Delay = 0.00>
ST_1 : Operation 18 [1/1] (1.58ns)   --->   "%store_ln0 = store i11 0, i11 %i_2"   --->   Operation 18 'store' 'store_ln0' <Predicate = true> <Delay = 1.58>
ST_1 : Operation 19 [1/1] (0.00ns)   --->   "%br_ln0 = br void %for.body41"   --->   Operation 19 'br' 'br_ln0' <Predicate = true> <Delay = 0.00>
ST_1 : Operation 20 [1/1] (0.00ns)   --->   "%i = load i11 %i_2" [fft_project_wlo/fft.cpp:63]   --->   Operation 20 'load' 'i' <Predicate = true> <Delay = 0.00>
ST_1 : Operation 21 [1/1] (0.00ns)   --->   "%specpipeline_ln0 = specpipeline void @_ssdm_op_SpecPipeline, i32 4294967295, i32 0, i32 1, i32 0, void @p_str"   --->   Operation 21 'specpipeline' 'specpipeline_ln0' <Predicate = true> <Delay = 0.00>
ST_1 : Operation 22 [1/1] (1.88ns)   --->   "%icmp_ln63 = icmp_eq  i11 %i, i11 1024" [fft_project_wlo/fft.cpp:63]   --->   Operation 22 'icmp' 'icmp_ln63' <Predicate = true> <Delay = 1.88> <CoreInst = "Cmp">   --->   Core 9 'Cmp' <Latency = 0> <II = 1> <Delay = 1.88> <FuncUnit> <Opcode : 'icmp'> <InPorts = 2> <OutPorts = 1>
ST_1 : Operation 23 [1/1] (0.00ns)   --->   "%empty = speclooptripcount i32 @_ssdm_op_SpecLoopTripCount, i64 1024, i64 1024, i64 1024"   --->   Operation 23 'speclooptripcount' 'empty' <Predicate = true> <Delay = 0.00>
ST_1 : Operation 24 [1/1] (1.63ns)   --->   "%add_ln63 = add i11 %i, i11 1" [fft_project_wlo/fft.cpp:63]   --->   Operation 24 'add' 'add_ln63' <Predicate = true> <Delay = 1.63> <CoreInst = "Adder">   --->   Core 1 'Adder' <Latency = 0> <II = 1> <Delay = 1.63> <FuncUnit> <Opcode : 'add' 'sub'> <InPorts = 2> <OutPorts = 1>
ST_1 : Operation 25 [1/1] (0.00ns)   --->   "%br_ln63 = br i1 %icmp_ln63, void %for.body41.split_ifconv, void %for.body63.preheader.exitStub" [fft_project_wlo/fft.cpp:63]   --->   Operation 25 'br' 'br_ln63' <Predicate = true> <Delay = 0.00>
ST_1 : Operation 26 [1/1] (0.00ns)   --->   "%i_2_cast = zext i11 %i" [fft_project_wlo/fft.cpp:63]   --->   Operation 26 'zext' 'i_2_cast' <Predicate = (!icmp_ln63)> <Delay = 0.00>
ST_1 : Operation 27 [1/1] (0.00ns)   --->   "%ga_M_real_V_addr = getelementptr i26 %ga_M_real_V, i64 0, i64 %i_2_cast"   --->   Operation 27 'getelementptr' 'ga_M_real_V_addr' <Predicate = (!icmp_ln63)> <Delay = 0.00>
ST_1 : Operation 28 [2/2] (3.25ns)   --->   "%p_Val2_s = load i10 %ga_M_real_V_addr"   --->   Operation 28 'load' 'p_Val2_s' <Predicate = (!icmp_ln63)> <Delay = 3.25> <CoreInst = "RAM">   --->   Core 82 'RAM' <Latency = 1> <II = 1> <Delay = 3.25> <Storage> <Opcode : 'load' 'store'> <Ports = 2> <Width = 26> <Depth = 1024> <RAM>
ST_1 : Operation 29 [1/1] (0.00ns)   --->   "%ga_M_imag_V_addr = getelementptr i26 %ga_M_imag_V, i64 0, i64 %i_2_cast"   --->   Operation 29 'getelementptr' 'ga_M_imag_V_addr' <Predicate = (!icmp_ln63)> <Delay = 0.00>
ST_1 : Operation 30 [2/2] (3.25ns)   --->   "%p_Val2_9 = load i10 %ga_M_imag_V_addr"   --->   Operation 30 'load' 'p_Val2_9' <Predicate = (!icmp_ln63)> <Delay = 3.25> <CoreInst = "RAM">   --->   Core 82 'RAM' <Latency = 1> <II = 1> <Delay = 3.25> <Storage> <Opcode : 'load' 'store'> <Ports = 2> <Width = 26> <Depth = 1024> <RAM>
ST_1 : Operation 31 [1/1] (1.58ns)   --->   "%store_ln63 = store i11 %add_ln63, i11 %i_2" [fft_project_wlo/fft.cpp:63]   --->   Operation 31 'store' 'store_ln63' <Predicate = (!icmp_ln63)> <Delay = 1.58>

State 2 <SV = 1> <Delay = 3.25>
ST_2 : Operation 32 [1/2] (3.25ns)   --->   "%p_Val2_s = load i10 %ga_M_real_V_addr"   --->   Operation 32 'load' 'p_Val2_s' <Predicate = true> <Delay = 3.25> <CoreInst = "RAM">   --->   Core 82 'RAM' <Latency = 1> <II = 1> <Delay = 3.25> <Storage> <Opcode : 'load' 'store'> <Ports = 2> <Width = 26> <Depth = 1024> <RAM>
ST_2 : Operation 33 [1/1] (0.00ns)   --->   "%p_Result_32 = bitselect i1 @_ssdm_op_BitSelect.i1.i26.i32, i26 %p_Val2_s, i32 25"   --->   Operation 33 'bitselect' 'p_Result_32' <Predicate = true> <Delay = 0.00>
ST_2 : Operation 34 [1/2] (3.25ns)   --->   "%p_Val2_9 = load i10 %ga_M_imag_V_addr"   --->   Operation 34 'load' 'p_Val2_9' <Predicate = true> <Delay = 3.25> <CoreInst = "RAM">   --->   Core 82 'RAM' <Latency = 1> <II = 1> <Delay = 3.25> <Storage> <Opcode : 'load' 'store'> <Ports = 2> <Width = 26> <Depth = 1024> <RAM>
ST_2 : Operation 35 [1/1] (0.00ns)   --->   "%p_Result_35 = bitselect i1 @_ssdm_op_BitSelect.i1.i26.i32, i26 %p_Val2_9, i32 25"   --->   Operation 35 'bitselect' 'p_Result_35' <Predicate = true> <Delay = 0.00>

State 3 <SV = 2> <Delay = 5.69>
ST_3 : Operation 36 [1/1] (2.45ns)   --->   "%icmp_ln1136 = icmp_eq  i26 %p_Val2_s, i26 0"   --->   Operation 36 'icmp' 'icmp_ln1136' <Predicate = true> <Delay = 2.45> <CoreInst = "Cmp">   --->   Core 9 'Cmp' <Latency = 0> <II = 1> <Delay = 2.45> <FuncUnit> <Opcode : 'icmp'> <InPorts = 2> <OutPorts = 1>
ST_3 : Operation 37 [1/1] (2.37ns)   --->   "%tmp_V = sub i26 0, i26 %p_Val2_s"   --->   Operation 37 'sub' 'tmp_V' <Predicate = (p_Result_32)> <Delay = 2.37> <CoreInst = "Adder">   --->   Core 1 'Adder' <Latency = 0> <II = 1> <Delay = 2.37> <FuncUnit> <Opcode : 'add' 'sub'> <InPorts = 2> <OutPorts = 1>
ST_3 : Operation 38 [1/1] (0.76ns)   --->   "%tmp_V_9 = select i1 %p_Result_32, i26 %tmp_V, i26 %p_Val2_s"   --->   Operation 38 'select' 'tmp_V_9' <Predicate = true> <Delay = 0.76> <CoreInst = "Sel">   --->   Core 73 'Sel' <Latency = 0> <II = 1> <Delay = 0.76> <FuncUnit> <Opcode : 'select'> <InPorts = 3> <OutPorts = 1>
ST_3 : Operation 39 [1/1] (0.00ns)   --->   "%p_Result_s = partselect i26 @llvm.part.select.i26, i26 %tmp_V_9, i32 25, i32 0"   --->   Operation 39 'partselect' 'p_Result_s' <Predicate = true> <Delay = 0.00>
ST_3 : Operation 40 [1/1] (0.00ns)   --->   "%p_Result_33 = bitconcatenate i27 @_ssdm_op_BitConcatenate.i27.i1.i26, i1 1, i26 %p_Result_s"   --->   Operation 40 'bitconcatenate' 'p_Result_33' <Predicate = true> <Delay = 0.00>
ST_3 : Operation 41 [1/1] (0.00ns)   --->   "%sext_ln1244 = sext i27 %p_Result_33"   --->   Operation 41 'sext' 'sext_ln1244' <Predicate = true> <Delay = 0.00>
ST_3 : Operation 42 [1/1] (0.00ns)   --->   "%l = cttz i32 @llvm.cttz.i32, i32 %sext_ln1244, i1 1"   --->   Operation 42 'cttz' 'l' <Predicate = true> <Delay = 0.00>
ST_3 : Operation 43 [1/1] (2.55ns)   --->   "%sub_ln1145 = sub i32 26, i32 %l"   --->   Operation 43 'sub' 'sub_ln1145' <Predicate = true> <Delay = 2.55> <CoreInst = "Adder">   --->   Core 1 'Adder' <Latency = 0> <II = 1> <Delay = 2.55> <FuncUnit> <Opcode : 'add' 'sub'> <InPorts = 2> <OutPorts = 1>
ST_3 : Operation 44 [1/1] (0.00ns)   --->   "%trunc_ln1145 = trunc i32 %sub_ln1145"   --->   Operation 44 'trunc' 'trunc_ln1145' <Predicate = true> <Delay = 0.00>
ST_3 : Operation 45 [1/1] (0.00ns)   --->   "%trunc_ln1148 = trunc i32 %sub_ln1145"   --->   Operation 45 'trunc' 'trunc_ln1148' <Predicate = true> <Delay = 0.00>
ST_3 : Operation 46 [1/1] (0.00ns)   --->   "%trunc_ln1144 = trunc i32 %l"   --->   Operation 46 'trunc' 'trunc_ln1144' <Predicate = true> <Delay = 0.00>
ST_3 : Operation 47 [1/1] (2.45ns)   --->   "%icmp_ln1136_2 = icmp_eq  i26 %p_Val2_9, i26 0"   --->   Operation 47 'icmp' 'icmp_ln1136_2' <Predicate = true> <Delay = 2.45> <CoreInst = "Cmp">   --->   Core 9 'Cmp' <Latency = 0> <II = 1> <Delay = 2.45> <FuncUnit> <Opcode : 'icmp'> <InPorts = 2> <OutPorts = 1>
ST_3 : Operation 48 [1/1] (2.37ns)   --->   "%tmp_V_7 = sub i26 0, i26 %p_Val2_9"   --->   Operation 48 'sub' 'tmp_V_7' <Predicate = (p_Result_35)> <Delay = 2.37> <CoreInst = "Adder">   --->   Core 1 'Adder' <Latency = 0> <II = 1> <Delay = 2.37> <FuncUnit> <Opcode : 'add' 'sub'> <InPorts = 2> <OutPorts = 1>
ST_3 : Operation 49 [1/1] (0.76ns)   --->   "%tmp_V_10 = select i1 %p_Result_35, i26 %tmp_V_7, i26 %p_Val2_9"   --->   Operation 49 'select' 'tmp_V_10' <Predicate = true> <Delay = 0.76> <CoreInst = "Sel">   --->   Core 73 'Sel' <Latency = 0> <II = 1> <Delay = 0.76> <FuncUnit> <Opcode : 'select'> <InPorts = 3> <OutPorts = 1>
ST_3 : Operation 50 [1/1] (0.00ns)   --->   "%p_Result_26 = partselect i26 @llvm.part.select.i26, i26 %tmp_V_10, i32 25, i32 0"   --->   Operation 50 'partselect' 'p_Result_26' <Predicate = true> <Delay = 0.00>
ST_3 : Operation 51 [1/1] (0.00ns)   --->   "%p_Result_36 = bitconcatenate i27 @_ssdm_op_BitConcatenate.i27.i1.i26, i1 1, i26 %p_Result_26"   --->   Operation 51 'bitconcatenate' 'p_Result_36' <Predicate = true> <Delay = 0.00>
ST_3 : Operation 52 [1/1] (0.00ns)   --->   "%sext_ln1244_1 = sext i27 %p_Result_36"   --->   Operation 52 'sext' 'sext_ln1244_1' <Predicate = true> <Delay = 0.00>
ST_3 : Operation 53 [1/1] (0.00ns)   --->   "%l_2 = cttz i32 @llvm.cttz.i32, i32 %sext_ln1244_1, i1 1"   --->   Operation 53 'cttz' 'l_2' <Predicate = true> <Delay = 0.00>
ST_3 : Operation 54 [1/1] (2.55ns)   --->   "%sub_ln1145_2 = sub i32 26, i32 %l_2"   --->   Operation 54 'sub' 'sub_ln1145_2' <Predicate = true> <Delay = 2.55> <CoreInst = "Adder">   --->   Core 1 'Adder' <Latency = 0> <II = 1> <Delay = 2.55> <FuncUnit> <Opcode : 'add' 'sub'> <InPorts = 2> <OutPorts = 1>
ST_3 : Operation 55 [1/1] (0.00ns)   --->   "%trunc_ln1145_2 = trunc i32 %sub_ln1145_2"   --->   Operation 55 'trunc' 'trunc_ln1145_2' <Predicate = true> <Delay = 0.00>
ST_3 : Operation 56 [1/1] (0.00ns)   --->   "%trunc_ln1148_2 = trunc i32 %sub_ln1145_2"   --->   Operation 56 'trunc' 'trunc_ln1148_2' <Predicate = true> <Delay = 0.00>
ST_3 : Operation 57 [1/1] (0.00ns)   --->   "%trunc_ln1144_2 = trunc i32 %l_2"   --->   Operation 57 'trunc' 'trunc_ln1144_2' <Predicate = true> <Delay = 0.00>

State 4 <SV = 3> <Delay = 6.00>
ST_4 : Operation 58 [1/1] (2.55ns)   --->   "%lsb_index = add i32 %sub_ln1145, i32 4294967272"   --->   Operation 58 'add' 'lsb_index' <Predicate = (!icmp_ln1136)> <Delay = 2.55> <CoreInst = "Adder">   --->   Core 1 'Adder' <Latency = 0> <II = 1> <Delay = 2.55> <FuncUnit> <Opcode : 'add' 'sub'> <InPorts = 2> <OutPorts = 1>
ST_4 : Operation 59 [1/1] (0.00ns)   --->   "%tmp = partselect i31 @_ssdm_op_PartSelect.i31.i32.i32.i32, i32 %lsb_index, i32 1, i32 31"   --->   Operation 59 'partselect' 'tmp' <Predicate = (!icmp_ln1136)> <Delay = 0.00>
ST_4 : Operation 60 [1/1] (2.47ns)   --->   "%icmp_ln1147 = icmp_sgt  i31 %tmp, i31 0"   --->   Operation 60 'icmp' 'icmp_ln1147' <Predicate = (!icmp_ln1136)> <Delay = 2.47> <CoreInst = "Cmp">   --->   Core 9 'Cmp' <Latency = 0> <II = 1> <Delay = 2.47> <FuncUnit> <Opcode : 'icmp'> <InPorts = 2> <OutPorts = 1>
ST_4 : Operation 61 [1/1] (1.78ns)   --->   "%sub_ln1148 = sub i5 19, i5 %trunc_ln1148"   --->   Operation 61 'sub' 'sub_ln1148' <Predicate = (!icmp_ln1136)> <Delay = 1.78> <CoreInst = "Adder">   --->   Core 1 'Adder' <Latency = 0> <II = 1> <Delay = 1.78> <FuncUnit> <Opcode : 'add' 'sub'> <InPorts = 2> <OutPorts = 1>
ST_4 : Operation 62 [1/1] (0.00ns) (grouped into LUT with out node icmp_ln1148)   --->   "%zext_ln1148 = zext i5 %sub_ln1148"   --->   Operation 62 'zext' 'zext_ln1148' <Predicate = (!icmp_ln1136)> <Delay = 0.00>
ST_4 : Operation 63 [1/1] (0.00ns) (grouped into LUT with out node icmp_ln1148)   --->   "%lshr_ln1148 = lshr i26 67108863, i26 %zext_ln1148"   --->   Operation 63 'lshr' 'lshr_ln1148' <Predicate = (!icmp_ln1136)> <Delay = 0.00> <CoreInst = "Shifter">   --->   Core 75 'Shifter' <Latency = 0> <II = 1> <Delay = 2.66> <FuncUnit> <Opcode : 'shl' 'lshr' 'ashr'> <InPorts = 2> <OutPorts = 1>
ST_4 : Operation 64 [1/1] (0.00ns) (grouped into LUT with out node icmp_ln1148)   --->   "%p_Result_22 = and i26 %tmp_V_9, i26 %lshr_ln1148"   --->   Operation 64 'and' 'p_Result_22' <Predicate = (!icmp_ln1136)> <Delay = 0.00> <CoreInst = "LogicGate">   --->   Core 74 'LogicGate' <Latency = 0> <II = 1> <Delay = 1.01> <FuncUnit> <Opcode : 'and' 'or' 'xor'> <InPorts = 2> <OutPorts = 1>
ST_4 : Operation 65 [1/1] (2.66ns) (out node of the LUT)   --->   "%icmp_ln1148 = icmp_ne  i26 %p_Result_22, i26 0"   --->   Operation 65 'icmp' 'icmp_ln1148' <Predicate = (!icmp_ln1136)> <Delay = 2.66> <CoreInst = "Cmp">   --->   Core 9 'Cmp' <Latency = 0> <II = 1> <Delay = 2.45> <FuncUnit> <Opcode : 'icmp'> <InPorts = 2> <OutPorts = 1>
ST_4 : Operation 66 [1/1] (0.00ns) (grouped into LUT with out node or_ln)   --->   "%a = and i1 %icmp_ln1147, i1 %icmp_ln1148"   --->   Operation 66 'and' 'a' <Predicate = (!icmp_ln1136)> <Delay = 0.00> <CoreInst = "LogicGate">   --->   Core 74 'LogicGate' <Latency = 0> <II = 1> <Delay = 0.97> <FuncUnit> <Opcode : 'and' 'or' 'xor'> <InPorts = 2> <OutPorts = 1>
ST_4 : Operation 67 [1/1] (0.00ns) (grouped into LUT with out node or_ln)   --->   "%tmp_7 = bitselect i1 @_ssdm_op_BitSelect.i1.i32.i32, i32 %lsb_index, i32 31"   --->   Operation 67 'bitselect' 'tmp_7' <Predicate = (!icmp_ln1136)> <Delay = 0.00>
ST_4 : Operation 68 [1/1] (0.00ns) (grouped into LUT with out node or_ln)   --->   "%xor_ln1150 = xor i1 %tmp_7, i1 1"   --->   Operation 68 'xor' 'xor_ln1150' <Predicate = (!icmp_ln1136)> <Delay = 0.00> <CoreInst = "LogicGate">   --->   Core 74 'LogicGate' <Latency = 0> <II = 1> <Delay = 0.97> <FuncUnit> <Opcode : 'and' 'or' 'xor'> <InPorts = 2> <OutPorts = 1>
ST_4 : Operation 69 [1/1] (2.37ns)   --->   "%add_ln1150 = add i26 %trunc_ln1145, i26 67108840"   --->   Operation 69 'add' 'add_ln1150' <Predicate = (!icmp_ln1136)> <Delay = 2.37> <CoreInst = "Adder">   --->   Core 1 'Adder' <Latency = 0> <II = 1> <Delay = 2.37> <FuncUnit> <Opcode : 'add' 'sub'> <InPorts = 2> <OutPorts = 1>
ST_4 : Operation 70 [1/1] (0.00ns) (grouped into LUT with out node or_ln)   --->   "%p_Result_8 = bitselect i1 @_ssdm_op_BitSelect.i1.i26.i26, i26 %tmp_V_9, i26 %add_ln1150"   --->   Operation 70 'bitselect' 'p_Result_8' <Predicate = (!icmp_ln1136)> <Delay = 0.00>
ST_4 : Operation 71 [1/1] (0.00ns) (grouped into LUT with out node or_ln)   --->   "%and_ln1150 = and i1 %p_Result_8, i1 %xor_ln1150"   --->   Operation 71 'and' 'and_ln1150' <Predicate = (!icmp_ln1136)> <Delay = 0.00> <CoreInst = "LogicGate">   --->   Core 74 'LogicGate' <Latency = 0> <II = 1> <Delay = 0.97> <FuncUnit> <Opcode : 'and' 'or' 'xor'> <InPorts = 2> <OutPorts = 1>
ST_4 : Operation 72 [1/1] (0.00ns) (grouped into LUT with out node or_ln)   --->   "%or_ln1150 = or i1 %and_ln1150, i1 %a"   --->   Operation 72 'or' 'or_ln1150' <Predicate = (!icmp_ln1136)> <Delay = 0.00> <CoreInst = "LogicGate">   --->   Core 74 'LogicGate' <Latency = 0> <II = 1> <Delay = 0.97> <FuncUnit> <Opcode : 'and' 'or' 'xor'> <InPorts = 2> <OutPorts = 1>
ST_4 : Operation 73 [1/1] (0.97ns) (out node of the LUT)   --->   "%or_ln = bitconcatenate i2 @_ssdm_op_BitConcatenate.i2.i1.i1, i1 0, i1 %or_ln1150"   --->   Operation 73 'bitconcatenate' 'or_ln' <Predicate = (!icmp_ln1136)> <Delay = 0.97>
ST_4 : Operation 74 [1/1] (2.47ns)   --->   "%icmp_ln1159 = icmp_sgt  i32 %lsb_index, i32 0"   --->   Operation 74 'icmp' 'icmp_ln1159' <Predicate = (!icmp_ln1136)> <Delay = 2.47> <CoreInst = "Cmp">   --->   Core 9 'Cmp' <Latency = 0> <II = 1> <Delay = 2.47> <FuncUnit> <Opcode : 'icmp'> <InPorts = 2> <OutPorts = 1>
ST_4 : Operation 75 [1/1] (2.55ns)   --->   "%lsb_index_2 = add i32 %sub_ln1145_2, i32 4294967272"   --->   Operation 75 'add' 'lsb_index_2' <Predicate = (!icmp_ln1136_2)> <Delay = 2.55> <CoreInst = "Adder">   --->   Core 1 'Adder' <Latency = 0> <II = 1> <Delay = 2.55> <FuncUnit> <Opcode : 'add' 'sub'> <InPorts = 2> <OutPorts = 1>
ST_4 : Operation 76 [1/1] (0.00ns)   --->   "%tmp_10 = partselect i31 @_ssdm_op_PartSelect.i31.i32.i32.i32, i32 %lsb_index_2, i32 1, i32 31"   --->   Operation 76 'partselect' 'tmp_10' <Predicate = (!icmp_ln1136_2)> <Delay = 0.00>
ST_4 : Operation 77 [1/1] (2.47ns)   --->   "%icmp_ln1147_2 = icmp_sgt  i31 %tmp_10, i31 0"   --->   Operation 77 'icmp' 'icmp_ln1147_2' <Predicate = (!icmp_ln1136_2)> <Delay = 2.47> <CoreInst = "Cmp">   --->   Core 9 'Cmp' <Latency = 0> <II = 1> <Delay = 2.47> <FuncUnit> <Opcode : 'icmp'> <InPorts = 2> <OutPorts = 1>
ST_4 : Operation 78 [1/1] (1.78ns)   --->   "%sub_ln1148_2 = sub i5 19, i5 %trunc_ln1148_2"   --->   Operation 78 'sub' 'sub_ln1148_2' <Predicate = (!icmp_ln1136_2)> <Delay = 1.78> <CoreInst = "Adder">   --->   Core 1 'Adder' <Latency = 0> <II = 1> <Delay = 1.78> <FuncUnit> <Opcode : 'add' 'sub'> <InPorts = 2> <OutPorts = 1>
ST_4 : Operation 79 [1/1] (0.00ns) (grouped into LUT with out node icmp_ln1148_2)   --->   "%zext_ln1148_2 = zext i5 %sub_ln1148_2"   --->   Operation 79 'zext' 'zext_ln1148_2' <Predicate = (!icmp_ln1136_2)> <Delay = 0.00>
ST_4 : Operation 80 [1/1] (0.00ns) (grouped into LUT with out node icmp_ln1148_2)   --->   "%lshr_ln1148_2 = lshr i26 67108863, i26 %zext_ln1148_2"   --->   Operation 80 'lshr' 'lshr_ln1148_2' <Predicate = (!icmp_ln1136_2)> <Delay = 0.00> <CoreInst = "Shifter">   --->   Core 75 'Shifter' <Latency = 0> <II = 1> <Delay = 2.66> <FuncUnit> <Opcode : 'shl' 'lshr' 'ashr'> <InPorts = 2> <OutPorts = 1>
ST_4 : Operation 81 [1/1] (0.00ns) (grouped into LUT with out node icmp_ln1148_2)   --->   "%p_Result_28 = and i26 %tmp_V_10, i26 %lshr_ln1148_2"   --->   Operation 81 'and' 'p_Result_28' <Predicate = (!icmp_ln1136_2)> <Delay = 0.00> <CoreInst = "LogicGate">   --->   Core 74 'LogicGate' <Latency = 0> <II = 1> <Delay = 1.01> <FuncUnit> <Opcode : 'and' 'or' 'xor'> <InPorts = 2> <OutPorts = 1>
ST_4 : Operation 82 [1/1] (2.66ns) (out node of the LUT)   --->   "%icmp_ln1148_2 = icmp_ne  i26 %p_Result_28, i26 0"   --->   Operation 82 'icmp' 'icmp_ln1148_2' <Predicate = (!icmp_ln1136_2)> <Delay = 2.66> <CoreInst = "Cmp">   --->   Core 9 'Cmp' <Latency = 0> <II = 1> <Delay = 2.45> <FuncUnit> <Opcode : 'icmp'> <InPorts = 2> <OutPorts = 1>
ST_4 : Operation 83 [1/1] (0.00ns) (grouped into LUT with out node or_ln1150_2)   --->   "%a_2 = and i1 %icmp_ln1147_2, i1 %icmp_ln1148_2"   --->   Operation 83 'and' 'a_2' <Predicate = (!icmp_ln1136_2)> <Delay = 0.00> <CoreInst = "LogicGate">   --->   Core 74 'LogicGate' <Latency = 0> <II = 1> <Delay = 0.97> <FuncUnit> <Opcode : 'and' 'or' 'xor'> <InPorts = 2> <OutPorts = 1>
ST_4 : Operation 84 [1/1] (0.00ns) (grouped into LUT with out node or_ln1150_2)   --->   "%tmp_11 = bitselect i1 @_ssdm_op_BitSelect.i1.i32.i32, i32 %lsb_index_2, i32 31"   --->   Operation 84 'bitselect' 'tmp_11' <Predicate = (!icmp_ln1136_2)> <Delay = 0.00>
ST_4 : Operation 85 [1/1] (0.00ns) (grouped into LUT with out node or_ln1150_2)   --->   "%xor_ln1150_2 = xor i1 %tmp_11, i1 1"   --->   Operation 85 'xor' 'xor_ln1150_2' <Predicate = (!icmp_ln1136_2)> <Delay = 0.00> <CoreInst = "LogicGate">   --->   Core 74 'LogicGate' <Latency = 0> <II = 1> <Delay = 0.97> <FuncUnit> <Opcode : 'and' 'or' 'xor'> <InPorts = 2> <OutPorts = 1>
ST_4 : Operation 86 [1/1] (2.37ns)   --->   "%add_ln1150_2 = add i26 %trunc_ln1145_2, i26 67108840"   --->   Operation 86 'add' 'add_ln1150_2' <Predicate = (!icmp_ln1136_2)> <Delay = 2.37> <CoreInst = "Adder">   --->   Core 1 'Adder' <Latency = 0> <II = 1> <Delay = 2.37> <FuncUnit> <Opcode : 'add' 'sub'> <InPorts = 2> <OutPorts = 1>
ST_4 : Operation 87 [1/1] (0.00ns) (grouped into LUT with out node or_ln1150_2)   --->   "%p_Result_29 = bitselect i1 @_ssdm_op_BitSelect.i1.i26.i26, i26 %tmp_V_10, i26 %add_ln1150_2"   --->   Operation 87 'bitselect' 'p_Result_29' <Predicate = (!icmp_ln1136_2)> <Delay = 0.00>
ST_4 : Operation 88 [1/1] (0.00ns) (grouped into LUT with out node or_ln1150_2)   --->   "%and_ln1150_1 = and i1 %p_Result_29, i1 %xor_ln1150_2"   --->   Operation 88 'and' 'and_ln1150_1' <Predicate = (!icmp_ln1136_2)> <Delay = 0.00> <CoreInst = "LogicGate">   --->   Core 74 'LogicGate' <Latency = 0> <II = 1> <Delay = 0.97> <FuncUnit> <Opcode : 'and' 'or' 'xor'> <InPorts = 2> <OutPorts = 1>
ST_4 : Operation 89 [1/1] (0.00ns) (grouped into LUT with out node or_ln1150_2)   --->   "%or_ln1150_3 = or i1 %and_ln1150_1, i1 %a_2"   --->   Operation 89 'or' 'or_ln1150_3' <Predicate = (!icmp_ln1136_2)> <Delay = 0.00> <CoreInst = "LogicGate">   --->   Core 74 'LogicGate' <Latency = 0> <II = 1> <Delay = 0.97> <FuncUnit> <Opcode : 'and' 'or' 'xor'> <InPorts = 2> <OutPorts = 1>
ST_4 : Operation 90 [1/1] (0.97ns) (out node of the LUT)   --->   "%or_ln1150_2 = bitconcatenate i2 @_ssdm_op_BitConcatenate.i2.i1.i1, i1 0, i1 %or_ln1150_3"   --->   Operation 90 'bitconcatenate' 'or_ln1150_2' <Predicate = (!icmp_ln1136_2)> <Delay = 0.97>
ST_4 : Operation 91 [1/1] (2.47ns)   --->   "%icmp_ln1159_2 = icmp_sgt  i32 %lsb_index_2, i32 0"   --->   Operation 91 'icmp' 'icmp_ln1159_2' <Predicate = (!icmp_ln1136_2)> <Delay = 2.47> <CoreInst = "Cmp">   --->   Core 9 'Cmp' <Latency = 0> <II = 1> <Delay = 2.47> <FuncUnit> <Opcode : 'icmp'> <InPorts = 2> <OutPorts = 1>

State 5 <SV = 4> <Delay = 6.97>
ST_5 : Operation 92 [1/1] (0.00ns)   --->   "%zext_ln1158 = zext i26 %tmp_V_9"   --->   Operation 92 'zext' 'zext_ln1158' <Predicate = (!icmp_ln1136)> <Delay = 0.00>
ST_5 : Operation 93 [1/1] (2.55ns)   --->   "%add_ln1159 = add i32 %sub_ln1145, i32 4294967271"   --->   Operation 93 'add' 'add_ln1159' <Predicate = (!icmp_ln1136 & icmp_ln1159)> <Delay = 2.55> <CoreInst = "Adder">   --->   Core 1 'Adder' <Latency = 0> <II = 1> <Delay = 2.55> <FuncUnit> <Opcode : 'add' 'sub'> <InPorts = 2> <OutPorts = 1>
ST_5 : Operation 94 [1/1] (0.00ns) (grouped into LUT with out node m_13)   --->   "%zext_ln1159 = zext i32 %add_ln1159"   --->   Operation 94 'zext' 'zext_ln1159' <Predicate = (!icmp_ln1136 & icmp_ln1159)> <Delay = 0.00>
ST_5 : Operation 95 [1/1] (0.00ns) (grouped into LUT with out node m_13)   --->   "%lshr_ln1159 = lshr i64 %zext_ln1158, i64 %zext_ln1159"   --->   Operation 95 'lshr' 'lshr_ln1159' <Predicate = (!icmp_ln1136 & icmp_ln1159)> <Delay = 0.00> <CoreInst = "Shifter">   --->   Core 75 'Shifter' <Latency = 0> <II = 1> <Delay = 4.42> <FuncUnit> <Opcode : 'shl' 'lshr' 'ashr'> <InPorts = 2> <OutPorts = 1>
ST_5 : Operation 96 [1/1] (2.55ns)   --->   "%sub_ln1160 = sub i32 25, i32 %sub_ln1145"   --->   Operation 96 'sub' 'sub_ln1160' <Predicate = (!icmp_ln1136 & !icmp_ln1159)> <Delay = 2.55> <CoreInst = "Adder">   --->   Core 1 'Adder' <Latency = 0> <II = 1> <Delay = 2.55> <FuncUnit> <Opcode : 'add' 'sub'> <InPorts = 2> <OutPorts = 1>
ST_5 : Operation 97 [1/1] (0.00ns) (grouped into LUT with out node m_13)   --->   "%zext_ln1160 = zext i32 %sub_ln1160"   --->   Operation 97 'zext' 'zext_ln1160' <Predicate = (!icmp_ln1136 & !icmp_ln1159)> <Delay = 0.00>
ST_5 : Operation 98 [1/1] (0.00ns) (grouped into LUT with out node m_13)   --->   "%shl_ln1160 = shl i64 %zext_ln1158, i64 %zext_ln1160"   --->   Operation 98 'shl' 'shl_ln1160' <Predicate = (!icmp_ln1136 & !icmp_ln1159)> <Delay = 0.00> <CoreInst = "Shifter">   --->   Core 75 'Shifter' <Latency = 0> <II = 1> <Delay = 4.42> <FuncUnit> <Opcode : 'shl' 'lshr' 'ashr'> <InPorts = 2> <OutPorts = 1>
ST_5 : Operation 99 [1/1] (0.00ns) (grouped into LUT with out node m_13)   --->   "%m_12 = select i1 %icmp_ln1159, i64 %lshr_ln1159, i64 %shl_ln1160"   --->   Operation 99 'select' 'm_12' <Predicate = (!icmp_ln1136)> <Delay = 0.00> <CoreInst = "Sel">   --->   Core 73 'Sel' <Latency = 0> <II = 1> <Delay = 1.48> <FuncUnit> <Opcode : 'select'> <InPorts = 3> <OutPorts = 1>
ST_5 : Operation 100 [1/1] (0.00ns) (grouped into LUT with out node m_13)   --->   "%zext_ln1162 = zext i2 %or_ln"   --->   Operation 100 'zext' 'zext_ln1162' <Predicate = (!icmp_ln1136)> <Delay = 0.00>
ST_5 : Operation 101 [1/1] (4.42ns) (out node of the LUT)   --->   "%m_13 = add i64 %m_12, i64 %zext_ln1162"   --->   Operation 101 'add' 'm_13' <Predicate = (!icmp_ln1136)> <Delay = 4.42> <CoreInst = "Adder">   --->   Core 1 'Adder' <Latency = 0> <II = 1> <Delay = 3.52> <FuncUnit> <Opcode : 'add' 'sub'> <InPorts = 2> <OutPorts = 1>
ST_5 : Operation 102 [1/1] (0.00ns)   --->   "%m_19 = partselect i63 @_ssdm_op_PartSelect.i63.i64.i32.i32, i64 %m_13, i32 1, i32 63"   --->   Operation 102 'partselect' 'm_19' <Predicate = (!icmp_ln1136)> <Delay = 0.00>
ST_5 : Operation 103 [1/1] (0.00ns)   --->   "%p_Result_23 = bitselect i1 @_ssdm_op_BitSelect.i1.i64.i32, i64 %m_13, i32 25"   --->   Operation 103 'bitselect' 'p_Result_23' <Predicate = (!icmp_ln1136)> <Delay = 0.00>
ST_5 : Operation 104 [1/1] (0.00ns)   --->   "%zext_ln1158_1 = zext i26 %tmp_V_10"   --->   Operation 104 'zext' 'zext_ln1158_1' <Predicate = (!icmp_ln1136_2)> <Delay = 0.00>
ST_5 : Operation 105 [1/1] (2.55ns)   --->   "%add_ln1159_2 = add i32 %sub_ln1145_2, i32 4294967271"   --->   Operation 105 'add' 'add_ln1159_2' <Predicate = (!icmp_ln1136_2 & icmp_ln1159_2)> <Delay = 2.55> <CoreInst = "Adder">   --->   Core 1 'Adder' <Latency = 0> <II = 1> <Delay = 2.55> <FuncUnit> <Opcode : 'add' 'sub'> <InPorts = 2> <OutPorts = 1>
ST_5 : Operation 106 [1/1] (0.00ns) (grouped into LUT with out node m_16)   --->   "%zext_ln1159_2 = zext i32 %add_ln1159_2"   --->   Operation 106 'zext' 'zext_ln1159_2' <Predicate = (!icmp_ln1136_2 & icmp_ln1159_2)> <Delay = 0.00>
ST_5 : Operation 107 [1/1] (0.00ns) (grouped into LUT with out node m_16)   --->   "%lshr_ln1159_2 = lshr i64 %zext_ln1158_1, i64 %zext_ln1159_2"   --->   Operation 107 'lshr' 'lshr_ln1159_2' <Predicate = (!icmp_ln1136_2 & icmp_ln1159_2)> <Delay = 0.00> <CoreInst = "Shifter">   --->   Core 75 'Shifter' <Latency = 0> <II = 1> <Delay = 4.42> <FuncUnit> <Opcode : 'shl' 'lshr' 'ashr'> <InPorts = 2> <OutPorts = 1>
ST_5 : Operation 108 [1/1] (2.55ns)   --->   "%sub_ln1160_2 = sub i32 25, i32 %sub_ln1145_2"   --->   Operation 108 'sub' 'sub_ln1160_2' <Predicate = (!icmp_ln1136_2 & !icmp_ln1159_2)> <Delay = 2.55> <CoreInst = "Adder">   --->   Core 1 'Adder' <Latency = 0> <II = 1> <Delay = 2.55> <FuncUnit> <Opcode : 'add' 'sub'> <InPorts = 2> <OutPorts = 1>
ST_5 : Operation 109 [1/1] (0.00ns) (grouped into LUT with out node m_16)   --->   "%zext_ln1160_2 = zext i32 %sub_ln1160_2"   --->   Operation 109 'zext' 'zext_ln1160_2' <Predicate = (!icmp_ln1136_2 & !icmp_ln1159_2)> <Delay = 0.00>
ST_5 : Operation 110 [1/1] (0.00ns) (grouped into LUT with out node m_16)   --->   "%shl_ln1160_2 = shl i64 %zext_ln1158_1, i64 %zext_ln1160_2"   --->   Operation 110 'shl' 'shl_ln1160_2' <Predicate = (!icmp_ln1136_2 & !icmp_ln1159_2)> <Delay = 0.00> <CoreInst = "Shifter">   --->   Core 75 'Shifter' <Latency = 0> <II = 1> <Delay = 4.42> <FuncUnit> <Opcode : 'shl' 'lshr' 'ashr'> <InPorts = 2> <OutPorts = 1>
ST_5 : Operation 111 [1/1] (0.00ns) (grouped into LUT with out node m_16)   --->   "%m_15 = select i1 %icmp_ln1159_2, i64 %lshr_ln1159_2, i64 %shl_ln1160_2"   --->   Operation 111 'select' 'm_15' <Predicate = (!icmp_ln1136_2)> <Delay = 0.00> <CoreInst = "Sel">   --->   Core 73 'Sel' <Latency = 0> <II = 1> <Delay = 1.48> <FuncUnit> <Opcode : 'select'> <InPorts = 3> <OutPorts = 1>
ST_5 : Operation 112 [1/1] (0.00ns) (grouped into LUT with out node m_16)   --->   "%zext_ln1162_2 = zext i2 %or_ln1150_2"   --->   Operation 112 'zext' 'zext_ln1162_2' <Predicate = (!icmp_ln1136_2)> <Delay = 0.00>
ST_5 : Operation 113 [1/1] (4.42ns) (out node of the LUT)   --->   "%m_16 = add i64 %m_15, i64 %zext_ln1162_2"   --->   Operation 113 'add' 'm_16' <Predicate = (!icmp_ln1136_2)> <Delay = 4.42> <CoreInst = "Adder">   --->   Core 1 'Adder' <Latency = 0> <II = 1> <Delay = 3.52> <FuncUnit> <Opcode : 'add' 'sub'> <InPorts = 2> <OutPorts = 1>
ST_5 : Operation 114 [1/1] (0.00ns)   --->   "%m = partselect i63 @_ssdm_op_PartSelect.i63.i64.i32.i32, i64 %m_16, i32 1, i32 63"   --->   Operation 114 'partselect' 'm' <Predicate = (!icmp_ln1136_2)> <Delay = 0.00>
ST_5 : Operation 115 [1/1] (0.00ns)   --->   "%p_Result_30 = bitselect i1 @_ssdm_op_BitSelect.i1.i64.i32, i64 %m_16, i32 25"   --->   Operation 115 'bitselect' 'p_Result_30' <Predicate = (!icmp_ln1136_2)> <Delay = 0.00>

State 6 <SV = 5> <Delay = 4.91>
ST_6 : Operation 116 [1/1] (0.00ns)   --->   "%zext_ln1163 = zext i63 %m_19"   --->   Operation 116 'zext' 'zext_ln1163' <Predicate = (!icmp_ln1136)> <Delay = 0.00>
ST_6 : Operation 117 [1/1] (1.24ns)   --->   "%select_ln1144 = select i1 %p_Result_23, i8 127, i8 126"   --->   Operation 117 'select' 'select_ln1144' <Predicate = (!icmp_ln1136)> <Delay = 1.24> <CoreInst = "Sel">   --->   Core 73 'Sel' <Latency = 0> <II = 1> <Delay = 1.24> <FuncUnit> <Opcode : 'select'> <InPorts = 3> <OutPorts = 1>
ST_6 : Operation 118 [1/1] (0.00ns) (grouped into TernaryAdder)   --->   "%sub_ln1165 = sub i8 2, i8 %trunc_ln1144"   --->   Operation 118 'sub' 'sub_ln1165' <Predicate = (!icmp_ln1136)> <Delay = 0.00> <CoreInst = "TAddSub">   --->   Core 10 'TAddSub' <Latency = 0> <II = 1> <Delay = 1.83> <IPBlock> <Opcode : 'add' 'sub'> <InPorts = 3> <OutPorts = 1> <Sync> <CReg>
ST_6 : Operation 119 [1/1] (3.66ns) (root node of TernaryAdder)   --->   "%add_ln1170 = add i8 %sub_ln1165, i8 %select_ln1144"   --->   Operation 119 'add' 'add_ln1170' <Predicate = (!icmp_ln1136)> <Delay = 3.66> <CoreInst = "TAddSub">   --->   Core 10 'TAddSub' <Latency = 0> <II = 1> <Delay = 1.83> <IPBlock> <Opcode : 'add' 'sub'> <InPorts = 3> <OutPorts = 1> <Sync> <CReg>
ST_6 : Operation 120 [1/1] (0.00ns)   --->   "%tmp_4 = bitconcatenate i9 @_ssdm_op_BitConcatenate.i9.i1.i8, i1 %p_Result_32, i8 %add_ln1170"   --->   Operation 120 'bitconcatenate' 'tmp_4' <Predicate = (!icmp_ln1136)> <Delay = 0.00>
ST_6 : Operation 121 [1/1] (0.00ns)   --->   "%p_Result_34 = partset i64 @_ssdm_op_PartSet.i64.i64.i9.i32.i32, i64 %zext_ln1163, i9 %tmp_4, i32 23, i32 31"   --->   Operation 121 'partset' 'p_Result_34' <Predicate = (!icmp_ln1136)> <Delay = 0.00>
ST_6 : Operation 122 [1/1] (0.00ns)   --->   "%LD = trunc i64 %p_Result_34"   --->   Operation 122 'trunc' 'LD' <Predicate = (!icmp_ln1136)> <Delay = 0.00>
ST_6 : Operation 123 [1/1] (0.00ns)   --->   "%zext_ln1163_2 = zext i63 %m"   --->   Operation 123 'zext' 'zext_ln1163_2' <Predicate = (!icmp_ln1136_2)> <Delay = 0.00>
ST_6 : Operation 124 [1/1] (1.24ns)   --->   "%select_ln1144_2 = select i1 %p_Result_30, i8 127, i8 126"   --->   Operation 124 'select' 'select_ln1144_2' <Predicate = (!icmp_ln1136_2)> <Delay = 1.24> <CoreInst = "Sel">   --->   Core 73 'Sel' <Latency = 0> <II = 1> <Delay = 1.24> <FuncUnit> <Opcode : 'select'> <InPorts = 3> <OutPorts = 1>
ST_6 : Operation 125 [1/1] (0.00ns) (grouped into TernaryAdder)   --->   "%sub_ln1165_2 = sub i8 2, i8 %trunc_ln1144_2"   --->   Operation 125 'sub' 'sub_ln1165_2' <Predicate = (!icmp_ln1136_2)> <Delay = 0.00> <CoreInst = "TAddSub">   --->   Core 10 'TAddSub' <Latency = 0> <II = 1> <Delay = 1.83> <IPBlock> <Opcode : 'add' 'sub'> <InPorts = 3> <OutPorts = 1> <Sync> <CReg>
ST_6 : Operation 126 [1/1] (3.66ns) (root node of TernaryAdder)   --->   "%add_ln1170_2 = add i8 %sub_ln1165_2, i8 %select_ln1144_2"   --->   Operation 126 'add' 'add_ln1170_2' <Predicate = (!icmp_ln1136_2)> <Delay = 3.66> <CoreInst = "TAddSub">   --->   Core 10 'TAddSub' <Latency = 0> <II = 1> <Delay = 1.83> <IPBlock> <Opcode : 'add' 'sub'> <InPorts = 3> <OutPorts = 1> <Sync> <CReg>
ST_6 : Operation 127 [1/1] (0.00ns)   --->   "%tmp_5 = bitconcatenate i9 @_ssdm_op_BitConcatenate.i9.i1.i8, i1 %p_Result_35, i8 %add_ln1170_2"   --->   Operation 127 'bitconcatenate' 'tmp_5' <Predicate = (!icmp_ln1136_2)> <Delay = 0.00>
ST_6 : Operation 128 [1/1] (0.00ns)   --->   "%p_Result_37 = partset i64 @_ssdm_op_PartSet.i64.i64.i9.i32.i32, i64 %zext_ln1163_2, i9 %tmp_5, i32 23, i32 31"   --->   Operation 128 'partset' 'p_Result_37' <Predicate = (!icmp_ln1136_2)> <Delay = 0.00>
ST_6 : Operation 129 [1/1] (0.00ns)   --->   "%LD_2 = trunc i64 %p_Result_37"   --->   Operation 129 'trunc' 'LD_2' <Predicate = (!icmp_ln1136_2)> <Delay = 0.00>

State 7 <SV = 6> <Delay = 5.70>
ST_7 : Operation 130 [1/1] (0.00ns)   --->   "%bitcast_ln810 = bitcast i32 %LD"   --->   Operation 130 'bitcast' 'bitcast_ln810' <Predicate = (!icmp_ln1136)> <Delay = 0.00>
ST_7 : Operation 131 [4/4] (5.70ns)   --->   "%phitmp6 = fmul i32 %bitcast_ln810, i32 16384"   --->   Operation 131 'fmul' 'phitmp6' <Predicate = (!icmp_ln1136)> <Delay = 5.70> <CoreInst = "FMul_maxdsp">   --->   Core 30 'FMul_maxdsp' <Latency = 3> <II = 1> <Delay = 5.70> <FuncUnit> <Opcode : 'fmul'> <InPorts = 2> <OutPorts = 1>
ST_7 : Operation 132 [1/1] (0.00ns)   --->   "%bitcast_ln810_2 = bitcast i32 %LD_2"   --->   Operation 132 'bitcast' 'bitcast_ln810_2' <Predicate = (!icmp_ln1136_2)> <Delay = 0.00>
ST_7 : Operation 133 [4/4] (5.70ns)   --->   "%phitmp7 = fmul i32 %bitcast_ln810_2, i32 16384"   --->   Operation 133 'fmul' 'phitmp7' <Predicate = (!icmp_ln1136_2)> <Delay = 5.70> <CoreInst = "FMul_maxdsp">   --->   Core 30 'FMul_maxdsp' <Latency = 3> <II = 1> <Delay = 5.70> <FuncUnit> <Opcode : 'fmul'> <InPorts = 2> <OutPorts = 1>

State 8 <SV = 7> <Delay = 5.70>
ST_8 : Operation 134 [3/4] (5.70ns)   --->   "%phitmp6 = fmul i32 %bitcast_ln810, i32 16384"   --->   Operation 134 'fmul' 'phitmp6' <Predicate = (!icmp_ln1136)> <Delay = 5.70> <CoreInst = "FMul_maxdsp">   --->   Core 30 'FMul_maxdsp' <Latency = 3> <II = 1> <Delay = 5.70> <FuncUnit> <Opcode : 'fmul'> <InPorts = 2> <OutPorts = 1>
ST_8 : Operation 135 [3/4] (5.70ns)   --->   "%phitmp7 = fmul i32 %bitcast_ln810_2, i32 16384"   --->   Operation 135 'fmul' 'phitmp7' <Predicate = (!icmp_ln1136_2)> <Delay = 5.70> <CoreInst = "FMul_maxdsp">   --->   Core 30 'FMul_maxdsp' <Latency = 3> <II = 1> <Delay = 5.70> <FuncUnit> <Opcode : 'fmul'> <InPorts = 2> <OutPorts = 1>

State 9 <SV = 8> <Delay = 5.70>
ST_9 : Operation 136 [2/4] (5.70ns)   --->   "%phitmp6 = fmul i32 %bitcast_ln810, i32 16384"   --->   Operation 136 'fmul' 'phitmp6' <Predicate = (!icmp_ln1136)> <Delay = 5.70> <CoreInst = "FMul_maxdsp">   --->   Core 30 'FMul_maxdsp' <Latency = 3> <II = 1> <Delay = 5.70> <FuncUnit> <Opcode : 'fmul'> <InPorts = 2> <OutPorts = 1>
ST_9 : Operation 137 [2/4] (5.70ns)   --->   "%phitmp7 = fmul i32 %bitcast_ln810_2, i32 16384"   --->   Operation 137 'fmul' 'phitmp7' <Predicate = (!icmp_ln1136_2)> <Delay = 5.70> <CoreInst = "FMul_maxdsp">   --->   Core 30 'FMul_maxdsp' <Latency = 3> <II = 1> <Delay = 5.70> <FuncUnit> <Opcode : 'fmul'> <InPorts = 2> <OutPorts = 1>
ST_9 : Operation 148 [1/1] (0.00ns)   --->   "%ret_ln0 = ret"   --->   Operation 148 'ret' 'ret_ln0' <Predicate = (icmp_ln63)> <Delay = 0.00>

State 10 <SV = 9> <Delay = 6.40>
ST_10 : Operation 138 [1/1] (0.00ns)   --->   "%specloopname_ln63 = specloopname void @_ssdm_op_SpecLoopName, void @empty_5" [fft_project_wlo/fft.cpp:63]   --->   Operation 138 'specloopname' 'specloopname_ln63' <Predicate = true> <Delay = 0.00>
ST_10 : Operation 139 [1/4] (5.70ns)   --->   "%phitmp6 = fmul i32 %bitcast_ln810, i32 16384"   --->   Operation 139 'fmul' 'phitmp6' <Predicate = (!icmp_ln1136)> <Delay = 5.70> <CoreInst = "FMul_maxdsp">   --->   Core 30 'FMul_maxdsp' <Latency = 3> <II = 1> <Delay = 5.70> <FuncUnit> <Opcode : 'fmul'> <InPorts = 2> <OutPorts = 1>
ST_10 : Operation 140 [1/4] (5.70ns)   --->   "%phitmp7 = fmul i32 %bitcast_ln810_2, i32 16384"   --->   Operation 140 'fmul' 'phitmp7' <Predicate = (!icmp_ln1136_2)> <Delay = 5.70> <CoreInst = "FMul_maxdsp">   --->   Core 30 'FMul_maxdsp' <Latency = 3> <II = 1> <Delay = 5.70> <FuncUnit> <Opcode : 'fmul'> <InPorts = 2> <OutPorts = 1>
ST_10 : Operation 141 [1/1] (0.00ns)   --->   "%bitcast_ln304_1 = bitcast i32 %phitmp6"   --->   Operation 141 'bitcast' 'bitcast_ln304_1' <Predicate = (!icmp_ln1136)> <Delay = 0.00>
ST_10 : Operation 142 [1/1] (0.69ns)   --->   "%select_ln304 = select i1 %icmp_ln1136, i32 0, i32 %bitcast_ln304_1"   --->   Operation 142 'select' 'select_ln304' <Predicate = true> <Delay = 0.69> <CoreInst = "Sel">   --->   Core 73 'Sel' <Latency = 0> <II = 1> <Delay = 0.69> <FuncUnit> <Opcode : 'select'> <InPorts = 3> <OutPorts = 1>
ST_10 : Operation 143 [1/1] (0.00ns)   --->   "%bitcast_ln304 = bitcast i32 %phitmp7"   --->   Operation 143 'bitcast' 'bitcast_ln304' <Predicate = (!icmp_ln1136_2)> <Delay = 0.00>
ST_10 : Operation 144 [1/1] (0.69ns)   --->   "%select_ln304_1 = select i1 %icmp_ln1136_2, i32 0, i32 %bitcast_ln304"   --->   Operation 144 'select' 'select_ln304_1' <Predicate = true> <Delay = 0.69> <CoreInst = "Sel">   --->   Core 73 'Sel' <Latency = 0> <II = 1> <Delay = 0.69> <FuncUnit> <Opcode : 'select'> <InPorts = 3> <OutPorts = 1>
ST_10 : Operation 145 [1/1] (0.00ns)   --->   "%p_0 = bitconcatenate i64 @_ssdm_op_BitConcatenate.i64.i32.i32, i32 %select_ln304_1, i32 %select_ln304"   --->   Operation 145 'bitconcatenate' 'p_0' <Predicate = true> <Delay = 0.00>
ST_10 : Operation 146 [1/1] (0.00ns)   --->   "%write_ln304 = write void @_ssdm_op_Write.axis.volatile.i64P0A.i8P0A.i8P0A.i1P0A, i64 %output_r_V_data_V, i8 %output_r_V_keep_V, i8 %output_r_V_strb_V, i1 %output_r_V_last_V, i64 %p_0, i8 255, i8 0, i1 0"   --->   Operation 146 'write' 'write_ln304' <Predicate = true> <Delay = 0.00> <CoreInst = "axis">   --->   Core 115 'axis' <Latency = 0> <II = 1> <Delay = 1.00> <Adapter> <Opcode : >
ST_10 : Operation 147 [1/1] (0.00ns)   --->   "%br_ln63 = br void %for.body41" [fft_project_wlo/fft.cpp:63]   --->   Operation 147 'br' 'br_ln63' <Predicate = true> <Delay = 0.00>


============================================================
+ Verbose Summary: Timing violations
============================================================
Target clock period: 10ns, clock uncertainty: 2.7ns.

 <State 1>: 3.47ns
The critical path consists of the following:
	'alloca' operation ('i') [7]  (0 ns)
	'load' operation ('i', fft_project_wlo/fft.cpp:63) on local variable 'i' [15]  (0 ns)
	'getelementptr' operation ('ga_M_real_V_addr') [24]  (0 ns)
	'load' operation ('__Val2__') on array 'ga_M_real_V' [25]  (3.25 ns)
	blocking operation 0.214 ns on control path)

 <State 2>: 3.25ns
The critical path consists of the following:
	'load' operation ('__Val2__') on array 'ga_M_real_V' [25]  (3.25 ns)

 <State 3>: 5.69ns
The critical path consists of the following:
	'sub' operation ('tmp.V') [28]  (2.37 ns)
	'select' operation ('tmp.V') [29]  (0.766 ns)
	'cttz' operation ('l') [33]  (0 ns)
	'sub' operation ('sub_ln1145') [34]  (2.55 ns)

 <State 4>: 6ns
The critical path consists of the following:
	'add' operation ('lsb_index') [36]  (2.55 ns)
	'icmp' operation ('icmp_ln1147') [38]  (2.47 ns)
	'and' operation ('a') [45]  (0 ns)
	'or' operation ('or_ln1150') [51]  (0 ns)
	blocking operation 0.978 ns on control path)

 <State 5>: 6.97ns
The critical path consists of the following:
	'add' operation ('add_ln1159') [55]  (2.55 ns)
	'lshr' operation ('lshr_ln1159') [57]  (0 ns)
	'select' operation ('m') [61]  (0 ns)
	'add' operation ('m') [63]  (4.42 ns)

 <State 6>: 4.92ns
The critical path consists of the following:
	'select' operation ('select_ln1144') [67]  (1.25 ns)
	'add' operation ('add_ln1170') [70]  (3.67 ns)

 <State 7>: 5.7ns
The critical path consists of the following:
	'fmul' operation ('phitmp6') [75]  (5.7 ns)

 <State 8>: 5.7ns
The critical path consists of the following:
	'fmul' operation ('phitmp6') [75]  (5.7 ns)

 <State 9>: 5.7ns
The critical path consists of the following:
	'fmul' operation ('phitmp6') [75]  (5.7 ns)

 <State 10>: 6.4ns
The critical path consists of the following:
	'fmul' operation ('phitmp6') [75]  (5.7 ns)
	'select' operation ('select_ln304') [129]  (0.698 ns)


============================================================
+ Verbose Summary: Binding
============================================================
N/A
* FSMD analyzer results:
  - Output states:
 - Input state : 
  - Chain level:
	State 1
	State 2
	State 3
	State 4
	State 5
	State 6
	State 7
	State 8
	State 9
	State 10


============================================================
+ Verbose Summary: Datapath Resource usage 
============================================================
N/A
