

================================================================
== Vitis HLS Report for 'fft_fast_Pipeline_VITIS_LOOP_21_4'
================================================================
* Date:           Tue May  5 17:02:21 2026

* Version:        2022.1 (Build 3526262 on Mon Apr 18 15:48:16 MDT 2022)
* Project:        fft_project_wlo
* Solution:       solution1 (Vivado IP Flow Target)
* Product family: zynq
* Target device:  xc7z020-clg484-1


================================================================
== Performance Estimates
================================================================
+ Timing: 
    * Summary: 
    +--------+----------+----------+------------+
    |  Clock |  Target  | Estimated| Uncertainty|
    +--------+----------+----------+------------+
    |ap_clk  |  10.00 ns|  6.915 ns|     2.70 ns|
    +--------+----------+----------+------------+

+ Latency: 
    * Summary: 
    +---------+---------+-----------+-----------+-----+------+---------+
    |  Latency (cycles) |   Latency (absolute)  |  Interval  | Pipeline|
    |   min   |   max   |    min    |    max    | min |  max |   Type  |
    +---------+---------+-----------+-----------+-----+------+---------+
    |        8|     3074|  80.000 ns|  30.740 us|    8|  3074|       no|
    +---------+---------+-----------+-----------+-----+------+---------+

    + Detail: 
        * Instance: 
        N/A

        * Loop: 
        +-------------------+---------+---------+----------+-----------+-----------+---------+----------+
        |                   |  Latency (cycles) | Iteration|  Initiation Interval  |   Trip  |          |
        |     Loop Name     |   min   |   max   |  Latency |  achieved |   target  |  Count  | Pipelined|
        +-------------------+---------+---------+----------+-----------+-----------+---------+----------+
        |- VITIS_LOOP_21_4  |        6|     3072|         6|          6|          1|  1 ~ 512|       yes|
        +-------------------+---------+---------+----------+-----------+-----------+---------+----------+

============================================================
+ Verbose Summary: Synthesis Manager
============================================================
InlineROM: 1
ExposeGlobal: 0
============================================================
+ Verbose Summary: CDFG Model
============================================================
IsTopModel: 0
ResetActiveHigh: 1
IsCombinational: 0
IsDatapathOnly: 0
HasWiredReturn: 1
HasMFsm: 2
HasVarLatency: 1
IsPipeline: 0
IsRtlPipelined: 0
IsInstanceOverlapped: 0
IsDontTouch: 0
HasImplIP: 0
IsGatedGlobalClock: 0

+ Individual pipeline summary: 
  * Pipeline-0: initiation interval (II) = 6, depth = 6


============================================================
+ Verbose Summary: Schedule
============================================================
* Number of FSM states : 6
* Pipeline : 1
  Pipeline-0 : II = 6, D = 6, States = { 1 2 3 4 5 6 }
* Dataflow Pipeline: 0

* FSM state transitions: 
1 --> 2 
2 --> 3 
3 --> 4 
4 --> 5 
5 --> 6 
6 --> 

* FSM state operations: 

State 1 <SV = 0> <Delay = 6.71>
ST_1 : Operation 9 [1/1] (0.00ns)   --->   "%j = alloca i32 1"   --->   Operation 9 'alloca' 'j' <Predicate = true> <Delay = 0.00>
ST_1 : Operation 10 [1/1] (0.00ns)   --->   "%trunc_ln20_2_read = read i10 @_ssdm_op_Read.ap_auto.i10, i10 %trunc_ln20_2"   --->   Operation 10 'read' 'trunc_ln20_2_read' <Predicate = true> <Delay = 0.00>
ST_1 : Operation 11 [1/1] (0.00ns)   --->   "%trunc_ln20_1_read = read i10 @_ssdm_op_Read.ap_auto.i10, i10 %trunc_ln20_1"   --->   Operation 11 'read' 'trunc_ln20_1_read' <Predicate = true> <Delay = 0.00>
ST_1 : Operation 12 [1/1] (0.00ns)   --->   "%m2_read = read i10 @_ssdm_op_Read.ap_auto.i10, i10 %m2"   --->   Operation 12 'read' 'm2_read' <Predicate = true> <Delay = 0.00>
ST_1 : Operation 13 [1/1] (1.58ns)   --->   "%store_ln0 = store i10 0, i10 %j"   --->   Operation 13 'store' 'store_ln0' <Predicate = true> <Delay = 1.58>
ST_1 : Operation 14 [1/1] (0.00ns)   --->   "%br_ln0 = br void %for.body21"   --->   Operation 14 'br' 'br_ln0' <Predicate = true> <Delay = 0.00>
ST_1 : Operation 15 [1/1] (0.00ns)   --->   "%j_1 = load i10 %j" [fft_project_wlo/fft.cpp:22]   --->   Operation 15 'load' 'j_1' <Predicate = true> <Delay = 0.00>
ST_1 : Operation 16 [1/1] (0.00ns)   --->   "%specpipeline_ln0 = specpipeline void @_ssdm_op_SpecPipeline, i32 4294967295, i32 0, i32 1, i32 0, void @p_str"   --->   Operation 16 'specpipeline' 'specpipeline_ln0' <Predicate = true> <Delay = 0.00>
ST_1 : Operation 17 [1/1] (1.77ns)   --->   "%icmp_ln21 = icmp_eq  i10 %j_1, i10 %m2_read" [fft_project_wlo/fft.cpp:21]   --->   Operation 17 'icmp' 'icmp_ln21' <Predicate = true> <Delay = 1.77> <CoreInst = "Cmp">   --->   Core 9 'Cmp' <Latency = 0> <II = 1> <Delay = 1.77> <FuncUnit> <Opcode : 'icmp'> <InPorts = 2> <OutPorts = 1>
ST_1 : Operation 18 [1/1] (0.00ns)   --->   "%empty = speclooptripcount i32 @_ssdm_op_SpecLoopTripCount, i64 1, i64 512, i64 0"   --->   Operation 18 'speclooptripcount' 'empty' <Predicate = true> <Delay = 0.00>
ST_1 : Operation 19 [1/1] (1.73ns)   --->   "%add_ln21 = add i10 %j_1, i10 1" [fft_project_wlo/fft.cpp:21]   --->   Operation 19 'add' 'add_ln21' <Predicate = true> <Delay = 1.73> <CoreInst = "Adder">   --->   Core 1 'Adder' <Latency = 0> <II = 1> <Delay = 1.73> <FuncUnit> <Opcode : 'add' 'sub'> <InPorts = 2> <OutPorts = 1>
ST_1 : Operation 20 [1/1] (0.00ns)   --->   "%br_ln21 = br i1 %icmp_ln21, void %for.body21.split, void %for.inc56.loopexit.exitStub" [fft_project_wlo/fft.cpp:21]   --->   Operation 20 'br' 'br_ln21' <Predicate = true> <Delay = 0.00>
ST_1 : Operation 21 [1/1] (1.73ns)   --->   "%add_ln22 = add i10 %j_1, i10 %trunc_ln20_1_read" [fft_project_wlo/fft.cpp:22]   --->   Operation 21 'add' 'add_ln22' <Predicate = (!icmp_ln21)> <Delay = 1.73> <CoreInst = "Adder">   --->   Core 1 'Adder' <Latency = 0> <II = 1> <Delay = 1.73> <FuncUnit> <Opcode : 'add' 'sub'> <InPorts = 2> <OutPorts = 1>
ST_1 : Operation 22 [1/1] (0.00ns)   --->   "%zext_ln883 = zext i10 %add_ln22"   --->   Operation 22 'zext' 'zext_ln883' <Predicate = (!icmp_ln21)> <Delay = 0.00>
ST_1 : Operation 23 [1/1] (0.00ns)   --->   "%tw_M_real_V_addr = getelementptr i24 %tw_M_real_V, i64 0, i64 %zext_ln883"   --->   Operation 23 'getelementptr' 'tw_M_real_V_addr' <Predicate = (!icmp_ln21)> <Delay = 0.00>
ST_1 : Operation 24 [2/2] (3.25ns)   --->   "%tw_M_real_V_load = load i10 %tw_M_real_V_addr"   --->   Operation 24 'load' 'tw_M_real_V_load' <Predicate = (!icmp_ln21)> <Delay = 3.25> <CoreInst = "ROM">   --->   Core 95 'ROM' <Latency = 1> <II = 1> <Delay = 3.25> <Storage> <Opcode : 'load'> <Ports = 0> <Width = 24> <Depth = 1023> <ROM>
ST_1 : Operation 25 [1/1] (0.00ns)   --->   "%tw_M_imag_V_addr = getelementptr i24 %tw_M_imag_V, i64 0, i64 %zext_ln883"   --->   Operation 25 'getelementptr' 'tw_M_imag_V_addr' <Predicate = (!icmp_ln21)> <Delay = 0.00>
ST_1 : Operation 26 [2/2] (3.25ns)   --->   "%tw_M_imag_V_load = load i10 %tw_M_imag_V_addr"   --->   Operation 26 'load' 'tw_M_imag_V_load' <Predicate = (!icmp_ln21)> <Delay = 3.25> <CoreInst = "ROM">   --->   Core 95 'ROM' <Latency = 1> <II = 1> <Delay = 3.25> <Storage> <Opcode : 'load'> <Ports = 0> <Width = 24> <Depth = 1023> <ROM>
ST_1 : Operation 27 [1/1] (1.73ns)   --->   "%add_ln24 = add i10 %j_1, i10 %trunc_ln20_2_read" [fft_project_wlo/fft.cpp:24]   --->   Operation 27 'add' 'add_ln24' <Predicate = (!icmp_ln21)> <Delay = 1.73> <CoreInst = "Adder">   --->   Core 1 'Adder' <Latency = 0> <II = 1> <Delay = 1.73> <FuncUnit> <Opcode : 'add' 'sub'> <InPorts = 2> <OutPorts = 1>
ST_1 : Operation 28 [1/1] (0.00ns)   --->   "%zext_ln24 = zext i10 %add_ln24" [fft_project_wlo/fft.cpp:24]   --->   Operation 28 'zext' 'zext_ln24' <Predicate = (!icmp_ln21)> <Delay = 0.00>
ST_1 : Operation 29 [1/1] (1.73ns)   --->   "%add_ln24_1 = add i10 %add_ln24, i10 %m2_read" [fft_project_wlo/fft.cpp:24]   --->   Operation 29 'add' 'add_ln24_1' <Predicate = (!icmp_ln21)> <Delay = 1.73> <CoreInst = "Adder">   --->   Core 1 'Adder' <Latency = 0> <II = 1> <Delay = 1.73> <FuncUnit> <Opcode : 'add' 'sub'> <InPorts = 2> <OutPorts = 1>
ST_1 : Operation 30 [1/1] (0.00ns)   --->   "%zext_ln24_1 = zext i10 %add_ln24_1" [fft_project_wlo/fft.cpp:24]   --->   Operation 30 'zext' 'zext_ln24_1' <Predicate = (!icmp_ln21)> <Delay = 0.00>
ST_1 : Operation 31 [1/1] (0.00ns)   --->   "%x_M_real_addr = getelementptr i26 %x_M_real, i64 0, i64 %zext_ln24_1" [fft_project_wlo/fft.cpp:24]   --->   Operation 31 'getelementptr' 'x_M_real_addr' <Predicate = (!icmp_ln21)> <Delay = 0.00>
ST_1 : Operation 32 [2/2] (3.25ns)   --->   "%x_M_real_load = load i10 %x_M_real_addr" [fft_project_wlo/fft.cpp:24]   --->   Operation 32 'load' 'x_M_real_load' <Predicate = (!icmp_ln21)> <Delay = 3.25> <CoreInst = "RAM">   --->   Core 82 'RAM' <Latency = 1> <II = 1> <Delay = 3.25> <Storage> <Opcode : 'load' 'store'> <Ports = 2> <Width = 26> <Depth = 1024> <RAM>
ST_1 : Operation 33 [1/1] (0.00ns)   --->   "%x_M_imag_addr = getelementptr i26 %x_M_imag, i64 0, i64 %zext_ln24_1" [fft_project_wlo/fft.cpp:24]   --->   Operation 33 'getelementptr' 'x_M_imag_addr' <Predicate = (!icmp_ln21)> <Delay = 0.00>
ST_1 : Operation 34 [2/2] (3.25ns)   --->   "%x_M_imag_load = load i10 %x_M_imag_addr" [fft_project_wlo/fft.cpp:24]   --->   Operation 34 'load' 'x_M_imag_load' <Predicate = (!icmp_ln21)> <Delay = 3.25> <CoreInst = "RAM">   --->   Core 82 'RAM' <Latency = 1> <II = 1> <Delay = 3.25> <Storage> <Opcode : 'load' 'store'> <Ports = 2> <Width = 26> <Depth = 1024> <RAM>
ST_1 : Operation 35 [1/1] (0.00ns)   --->   "%x_M_real_addr_2 = getelementptr i26 %x_M_real, i64 0, i64 %zext_ln24" [fft_project_wlo/fft.cpp:28]   --->   Operation 35 'getelementptr' 'x_M_real_addr_2' <Predicate = (!icmp_ln21)> <Delay = 0.00>
ST_1 : Operation 36 [2/2] (3.25ns)   --->   "%u_M_real_V = load i10 %x_M_real_addr_2" [fft_project_wlo/fft.cpp:28]   --->   Operation 36 'load' 'u_M_real_V' <Predicate = (!icmp_ln21)> <Delay = 3.25> <CoreInst = "RAM">   --->   Core 82 'RAM' <Latency = 1> <II = 1> <Delay = 3.25> <Storage> <Opcode : 'load' 'store'> <Ports = 2> <Width = 26> <Depth = 1024> <RAM>
ST_1 : Operation 37 [1/1] (0.00ns)   --->   "%x_M_imag_addr_2 = getelementptr i26 %x_M_imag, i64 0, i64 %zext_ln24" [fft_project_wlo/fft.cpp:28]   --->   Operation 37 'getelementptr' 'x_M_imag_addr_2' <Predicate = (!icmp_ln21)> <Delay = 0.00>
ST_1 : Operation 38 [2/2] (3.25ns)   --->   "%u_M_imag_V = load i10 %x_M_imag_addr_2" [fft_project_wlo/fft.cpp:28]   --->   Operation 38 'load' 'u_M_imag_V' <Predicate = (!icmp_ln21)> <Delay = 3.25> <CoreInst = "RAM">   --->   Core 82 'RAM' <Latency = 1> <II = 1> <Delay = 3.25> <Storage> <Opcode : 'load' 'store'> <Ports = 2> <Width = 26> <Depth = 1024> <RAM>
ST_1 : Operation 39 [1/1] (1.58ns)   --->   "%store_ln21 = store i10 %add_ln21, i10 %j" [fft_project_wlo/fft.cpp:21]   --->   Operation 39 'store' 'store_ln21' <Predicate = (!icmp_ln21)> <Delay = 1.58>
ST_1 : Operation 70 [1/1] (0.00ns)   --->   "%ret_ln0 = ret"   --->   Operation 70 'ret' 'ret_ln0' <Predicate = (icmp_ln21)> <Delay = 0.00>

State 2 <SV = 1> <Delay = 3.25>
ST_2 : Operation 40 [1/2] (3.25ns)   --->   "%tw_M_real_V_load = load i10 %tw_M_real_V_addr"   --->   Operation 40 'load' 'tw_M_real_V_load' <Predicate = true> <Delay = 3.25> <CoreInst = "ROM">   --->   Core 95 'ROM' <Latency = 1> <II = 1> <Delay = 3.25> <Storage> <Opcode : 'load'> <Ports = 0> <Width = 24> <Depth = 1023> <ROM>
ST_2 : Operation 41 [1/2] (3.25ns)   --->   "%tw_M_imag_V_load = load i10 %tw_M_imag_V_addr"   --->   Operation 41 'load' 'tw_M_imag_V_load' <Predicate = true> <Delay = 3.25> <CoreInst = "ROM">   --->   Core 95 'ROM' <Latency = 1> <II = 1> <Delay = 3.25> <Storage> <Opcode : 'load'> <Ports = 0> <Width = 24> <Depth = 1023> <ROM>
ST_2 : Operation 42 [1/2] (3.25ns)   --->   "%x_M_real_load = load i10 %x_M_real_addr" [fft_project_wlo/fft.cpp:24]   --->   Operation 42 'load' 'x_M_real_load' <Predicate = true> <Delay = 3.25> <CoreInst = "RAM">   --->   Core 82 'RAM' <Latency = 1> <II = 1> <Delay = 3.25> <Storage> <Opcode : 'load' 'store'> <Ports = 2> <Width = 26> <Depth = 1024> <RAM>
ST_2 : Operation 43 [1/2] (3.25ns)   --->   "%x_M_imag_load = load i10 %x_M_imag_addr" [fft_project_wlo/fft.cpp:24]   --->   Operation 43 'load' 'x_M_imag_load' <Predicate = true> <Delay = 3.25> <CoreInst = "RAM">   --->   Core 82 'RAM' <Latency = 1> <II = 1> <Delay = 3.25> <Storage> <Opcode : 'load' 'store'> <Ports = 2> <Width = 26> <Depth = 1024> <RAM>
ST_2 : Operation 44 [1/2] (3.25ns)   --->   "%u_M_real_V = load i10 %x_M_real_addr_2" [fft_project_wlo/fft.cpp:28]   --->   Operation 44 'load' 'u_M_real_V' <Predicate = true> <Delay = 3.25> <CoreInst = "RAM">   --->   Core 82 'RAM' <Latency = 1> <II = 1> <Delay = 3.25> <Storage> <Opcode : 'load' 'store'> <Ports = 2> <Width = 26> <Depth = 1024> <RAM>
ST_2 : Operation 45 [1/2] (3.25ns)   --->   "%u_M_imag_V = load i10 %x_M_imag_addr_2" [fft_project_wlo/fft.cpp:28]   --->   Operation 45 'load' 'u_M_imag_V' <Predicate = true> <Delay = 3.25> <CoreInst = "RAM">   --->   Core 82 'RAM' <Latency = 1> <II = 1> <Delay = 3.25> <Storage> <Opcode : 'load' 'store'> <Ports = 2> <Width = 26> <Depth = 1024> <RAM>

State 3 <SV = 2> <Delay = 6.91>
ST_3 : Operation 46 [1/1] (0.00ns)   --->   "%tw_re = bitconcatenate i26 @_ssdm_op_BitConcatenate.i26.i24.i2, i24 %tw_M_real_V_load, i2 0"   --->   Operation 46 'bitconcatenate' 'tw_re' <Predicate = true> <Delay = 0.00>
ST_3 : Operation 47 [1/1] (0.00ns)   --->   "%tw_im_V = bitconcatenate i26 @_ssdm_op_BitConcatenate.i26.i24.i2, i24 %tw_M_imag_V_load, i2 0"   --->   Operation 47 'bitconcatenate' 'tw_im_V' <Predicate = true> <Delay = 0.00>
ST_3 : Operation 48 [1/1] (0.00ns)   --->   "%sext_ln1316 = sext i26 %tw_re"   --->   Operation 48 'sext' 'sext_ln1316' <Predicate = true> <Delay = 0.00>
ST_3 : Operation 49 [1/1] (0.00ns)   --->   "%sext_ln1319 = sext i26 %x_M_real_load"   --->   Operation 49 'sext' 'sext_ln1319' <Predicate = true> <Delay = 0.00>
ST_3 : Operation 50 [1/1] (6.91ns)   --->   "%r_V_1 = mul i50 %sext_ln1319, i50 %sext_ln1316"   --->   Operation 50 'mul' 'r_V_1' <Predicate = true> <Delay = 6.91> <CoreInst = "Multiplier">   --->   Core 3 'Multiplier' <Latency = 0> <II = 1> <Delay = 6.91> <FuncUnit> <Opcode : 'mul'> <InPorts = 2> <OutPorts = 1>
ST_3 : Operation 51 [1/1] (0.00ns)   --->   "%sext_ln1316_1 = sext i26 %tw_im_V"   --->   Operation 51 'sext' 'sext_ln1316_1' <Predicate = true> <Delay = 0.00>
ST_3 : Operation 52 [1/1] (0.00ns)   --->   "%sext_ln1319_1 = sext i26 %x_M_imag_load"   --->   Operation 52 'sext' 'sext_ln1319_1' <Predicate = true> <Delay = 0.00>
ST_3 : Operation 53 [1/1] (6.91ns)   --->   "%r_V_3 = mul i50 %sext_ln1319_1, i50 %sext_ln1316_1"   --->   Operation 53 'mul' 'r_V_3' <Predicate = true> <Delay = 6.91> <CoreInst = "Multiplier">   --->   Core 3 'Multiplier' <Latency = 0> <II = 1> <Delay = 6.91> <FuncUnit> <Opcode : 'mul'> <InPorts = 2> <OutPorts = 1>
ST_3 : Operation 54 [1/1] (6.91ns)   --->   "%r_V_4 = mul i50 %sext_ln1319_1, i50 %sext_ln1316"   --->   Operation 54 'mul' 'r_V_4' <Predicate = true> <Delay = 6.91> <CoreInst = "Multiplier">   --->   Core 3 'Multiplier' <Latency = 0> <II = 1> <Delay = 6.91> <FuncUnit> <Opcode : 'mul'> <InPorts = 2> <OutPorts = 1>
ST_3 : Operation 55 [1/1] (6.91ns)   --->   "%r_V_5 = mul i50 %sext_ln1316_1, i50 %sext_ln1319"   --->   Operation 55 'mul' 'r_V_5' <Predicate = true> <Delay = 6.91> <CoreInst = "Multiplier">   --->   Core 3 'Multiplier' <Latency = 0> <II = 1> <Delay = 6.91> <FuncUnit> <Opcode : 'mul'> <InPorts = 2> <OutPorts = 1>

State 4 <SV = 3> <Delay = 3.15>
ST_4 : Operation 56 [1/1] (3.15ns)   --->   "%ret_V = sub i50 %r_V_1, i50 %r_V_3"   --->   Operation 56 'sub' 'ret_V' <Predicate = true> <Delay = 3.15> <CoreInst = "Adder">   --->   Core 1 'Adder' <Latency = 0> <II = 1> <Delay = 3.15> <FuncUnit> <Opcode : 'add' 'sub'> <InPorts = 2> <OutPorts = 1>
ST_4 : Operation 57 [1/1] (0.00ns)   --->   "%tm_re_V = partselect i26 @_ssdm_op_PartSelect.i26.i50.i32.i32, i50 %ret_V, i32 24, i32 49"   --->   Operation 57 'partselect' 'tm_re_V' <Predicate = true> <Delay = 0.00>
ST_4 : Operation 58 [1/1] (3.15ns)   --->   "%ret_V_1 = add i50 %r_V_4, i50 %r_V_5"   --->   Operation 58 'add' 'ret_V_1' <Predicate = true> <Delay = 3.15> <CoreInst = "Adder">   --->   Core 1 'Adder' <Latency = 0> <II = 1> <Delay = 3.15> <FuncUnit> <Opcode : 'add' 'sub'> <InPorts = 2> <OutPorts = 1>
ST_4 : Operation 59 [1/1] (0.00ns)   --->   "%tm_im_V = partselect i26 @_ssdm_op_PartSelect.i26.i50.i32.i32, i50 %ret_V_1, i32 24, i32 49"   --->   Operation 59 'partselect' 'tm_im_V' <Predicate = true> <Delay = 0.00>

State 5 <SV = 4> <Delay = 5.62>
ST_5 : Operation 60 [1/1] (2.37ns)   --->   "%p_r_M_real_V_1 = add i26 %u_M_real_V, i26 %tm_re_V"   --->   Operation 60 'add' 'p_r_M_real_V_1' <Predicate = true> <Delay = 2.37> <CoreInst = "Adder">   --->   Core 1 'Adder' <Latency = 0> <II = 1> <Delay = 2.37> <FuncUnit> <Opcode : 'add' 'sub'> <InPorts = 2> <OutPorts = 1>
ST_5 : Operation 61 [1/1] (2.37ns)   --->   "%p_r_M_imag_V_1 = add i26 %u_M_imag_V, i26 %tm_im_V"   --->   Operation 61 'add' 'p_r_M_imag_V_1' <Predicate = true> <Delay = 2.37> <CoreInst = "Adder">   --->   Core 1 'Adder' <Latency = 0> <II = 1> <Delay = 2.37> <FuncUnit> <Opcode : 'add' 'sub'> <InPorts = 2> <OutPorts = 1>
ST_5 : Operation 62 [1/1] (3.25ns)   --->   "%store_ln29 = store i26 %p_r_M_real_V_1, i10 %x_M_real_addr_2" [fft_project_wlo/fft.cpp:29]   --->   Operation 62 'store' 'store_ln29' <Predicate = true> <Delay = 3.25> <CoreInst = "RAM">   --->   Core 82 'RAM' <Latency = 1> <II = 1> <Delay = 3.25> <Storage> <Opcode : 'load' 'store'> <Ports = 2> <Width = 26> <Depth = 1024> <RAM>
ST_5 : Operation 63 [1/1] (3.25ns)   --->   "%store_ln29 = store i26 %p_r_M_imag_V_1, i10 %x_M_imag_addr_2" [fft_project_wlo/fft.cpp:29]   --->   Operation 63 'store' 'store_ln29' <Predicate = true> <Delay = 3.25> <CoreInst = "RAM">   --->   Core 82 'RAM' <Latency = 1> <II = 1> <Delay = 3.25> <Storage> <Opcode : 'load' 'store'> <Ports = 2> <Width = 26> <Depth = 1024> <RAM>

State 6 <SV = 5> <Delay = 5.62>
ST_6 : Operation 64 [1/1] (0.00ns)   --->   "%specloopname_ln21 = specloopname void @_ssdm_op_SpecLoopName, void @empty_8" [fft_project_wlo/fft.cpp:21]   --->   Operation 64 'specloopname' 'specloopname_ln21' <Predicate = true> <Delay = 0.00>
ST_6 : Operation 65 [1/1] (2.37ns)   --->   "%p_r_M_real_V_2 = sub i26 %u_M_real_V, i26 %tm_re_V"   --->   Operation 65 'sub' 'p_r_M_real_V_2' <Predicate = true> <Delay = 2.37> <CoreInst = "Adder">   --->   Core 1 'Adder' <Latency = 0> <II = 1> <Delay = 2.37> <FuncUnit> <Opcode : 'add' 'sub'> <InPorts = 2> <OutPorts = 1>
ST_6 : Operation 66 [1/1] (2.37ns)   --->   "%p_r_M_imag_V_2 = sub i26 %u_M_imag_V, i26 %tm_im_V"   --->   Operation 66 'sub' 'p_r_M_imag_V_2' <Predicate = true> <Delay = 2.37> <CoreInst = "Adder">   --->   Core 1 'Adder' <Latency = 0> <II = 1> <Delay = 2.37> <FuncUnit> <Opcode : 'add' 'sub'> <InPorts = 2> <OutPorts = 1>
ST_6 : Operation 67 [1/1] (3.25ns)   --->   "%store_ln30 = store i26 %p_r_M_real_V_2, i10 %x_M_real_addr" [fft_project_wlo/fft.cpp:30]   --->   Operation 67 'store' 'store_ln30' <Predicate = true> <Delay = 3.25> <CoreInst = "RAM">   --->   Core 82 'RAM' <Latency = 1> <II = 1> <Delay = 3.25> <Storage> <Opcode : 'load' 'store'> <Ports = 2> <Width = 26> <Depth = 1024> <RAM>
ST_6 : Operation 68 [1/1] (3.25ns)   --->   "%store_ln30 = store i26 %p_r_M_imag_V_2, i10 %x_M_imag_addr" [fft_project_wlo/fft.cpp:30]   --->   Operation 68 'store' 'store_ln30' <Predicate = true> <Delay = 3.25> <CoreInst = "RAM">   --->   Core 82 'RAM' <Latency = 1> <II = 1> <Delay = 3.25> <Storage> <Opcode : 'load' 'store'> <Ports = 2> <Width = 26> <Depth = 1024> <RAM>
ST_6 : Operation 69 [1/1] (0.00ns)   --->   "%br_ln21 = br void %for.body21" [fft_project_wlo/fft.cpp:21]   --->   Operation 69 'br' 'br_ln21' <Predicate = true> <Delay = 0.00>


============================================================
+ Verbose Summary: Timing violations
============================================================
Target clock period: 10ns, clock uncertainty: 2.7ns.

 <State 1>: 6.72ns
The critical path consists of the following:
	'alloca' operation ('j') [8]  (0 ns)
	'load' operation ('j', fft_project_wlo/fft.cpp:22) on local variable 'j' [15]  (0 ns)
	'add' operation ('add_ln24', fft_project_wlo/fft.cpp:24) [31]  (1.73 ns)
	'add' operation ('add_ln24_1', fft_project_wlo/fft.cpp:24) [33]  (1.73 ns)
	'getelementptr' operation ('x_M_real_addr', fft_project_wlo/fft.cpp:24) [35]  (0 ns)
	'load' operation ('x_M_real_load', fft_project_wlo/fft.cpp:24) on array 'x_M_real' [36]  (3.25 ns)

 <State 2>: 3.25ns
The critical path consists of the following:
	'load' operation ('tw_M_real_V_load') on array 'tw_M_real_V' [26]  (3.25 ns)

 <State 3>: 6.92ns
The critical path consists of the following:
	'mul' operation ('r.V') [41]  (6.92 ns)

 <State 4>: 3.16ns
The critical path consists of the following:
	'sub' operation ('ret.V') [45]  (3.16 ns)

 <State 5>: 5.63ns
The critical path consists of the following:
	'add' operation ('__r._M_real.V') [55]  (2.37 ns)
	'store' operation ('store_ln29', fft_project_wlo/fft.cpp:29) of variable '__r._M_real.V' on array 'x_M_real' [57]  (3.25 ns)

 <State 6>: 5.63ns
The critical path consists of the following:
	'sub' operation ('__r._M_real.V') [59]  (2.37 ns)
	'store' operation ('store_ln30', fft_project_wlo/fft.cpp:30) of variable '__r._M_real.V' on array 'x_M_real' [61]  (3.25 ns)


============================================================
+ Verbose Summary: Binding
============================================================
N/A
* FSMD analyzer results:
  - Output states:
 - Input state : 
  - Chain level:
	State 1
	State 2
	State 3
	State 4
	State 5
	State 6


============================================================
+ Verbose Summary: Datapath Resource usage 
============================================================
N/A
