

================================================================
== Vitis HLS Report for 'fft_fast_Pipeline_VITIS_LOOP_7_1'
================================================================
* Date:           Tue May  5 17:02:38 2026

* Version:        2022.1 (Build 3526262 on Mon Apr 18 15:48:16 MDT 2022)
* Project:        fft_project_wlo
* Solution:       solution1 (Vivado IP Flow Target)
* Product family: zynq
* Target device:  xc7z020-clg484-1


================================================================
== Performance Estimates
================================================================
+ Timing: 
    * Summary: 
    +--------+----------+----------+------------+
    |  Clock |  Target  | Estimated| Uncertainty|
    +--------+----------+----------+------------+
    |ap_clk  |  10.00 ns|  6.508 ns|     2.70 ns|
    +--------+----------+----------+------------+

+ Latency: 
    * Summary: 
    +---------+---------+-----------+-----------+------+------+---------+
    |  Latency (cycles) |   Latency (absolute)  |   Interval  | Pipeline|
    |   min   |   max   |    min    |    max    |  min |  max |   Type  |
    +---------+---------+-----------+-----------+------+------+---------+
    |     3075|     3075|  30.750 us|  30.750 us|  3075|  3075|       no|
    +---------+---------+-----------+-----------+------+------+---------+

    + Detail: 
        * Instance: 
        N/A

        * Loop: 
        +------------------+---------+---------+----------+-----------+-----------+------+----------+
        |                  |  Latency (cycles) | Iteration|  Initiation Interval  | Trip |          |
        |     Loop Name    |   min   |   max   |  Latency |  achieved |   target  | Count| Pipelined|
        +------------------+---------+---------+----------+-----------+-----------+------+----------+
        |- VITIS_LOOP_7_1  |     3073|     3073|         4|          3|          1|  1024|       yes|
        +------------------+---------+---------+----------+-----------+-----------+------+----------+



================================================================
== Utilization Estimates
================================================================
* Summary: 
+-----------------+---------+-----+--------+-------+-----+
|       Name      | BRAM_18K| DSP |   FF   |  LUT  | URAM|
+-----------------+---------+-----+--------+-------+-----+
|DSP              |        -|    -|       -|      -|    -|
|Expression       |        -|    -|       0|     37|    -|
|FIFO             |        -|    -|       -|      -|    -|
|Instance         |        -|    -|       -|      -|    -|
|Memory           |        1|    -|       0|      0|    -|
|Multiplexer      |        -|    -|       -|    130|    -|
|Register         |        -|    -|     133|      -|    -|
+-----------------+---------+-----+--------+-------+-----+
|Total            |        1|    0|     133|    167|    0|
+-----------------+---------+-----+--------+-------+-----+
|Available        |      280|  220|  106400|  53200|    0|
+-----------------+---------+-----+--------+-------+-----+
|Utilization (%)  |       ~0|    0|      ~0|     ~0|    0|
+-----------------+---------+-----+--------+-------+-----+

+ Detail: 
    * Instance: 
    N/A

    * DSP: 
    N/A

    * Memory: 
    +----------+-----------------------------------------------------+---------+---+----+-----+------+-----+------+-------------+
    |  Memory  |                        Module                       | BRAM_18K| FF| LUT| URAM| Words| Bits| Banks| W*Bits*Banks|
    +----------+-----------------------------------------------------+---------+---+----+-----+------+-----+------+-------------+
    |br_lut_U  |fft_fast_Pipeline_VITIS_LOOP_7_1_br_lut_ROM_AUTO_1R  |        1|  0|   0|    0|  1024|   10|     1|        10240|
    +----------+-----------------------------------------------------+---------+---+----+-----+------+-----+------+-------------+
    |Total     |                                                     |        1|  0|   0|    0|  1024|   10|     1|        10240|
    +----------+-----------------------------------------------------+---------+---+----+-----+------+-----+------+-------------+

    * FIFO: 
    N/A

    * Expression: 
    +--------------------+----------+----+---+----+------------+------------+
    |    Variable Name   | Operation| DSP| FF| LUT| Bitwidth P0| Bitwidth P1|
    +--------------------+----------+----+---+----+------------+------------+
    |add_ln7_fu_120_p2   |         +|   0|  0|  12|          11|           1|
    |icmp_ln7_fu_109_p2  |      icmp|   0|  0|  12|          11|          12|
    |icmp_ln9_fu_134_p2  |      icmp|   0|  0|  11|          10|          10|
    |ap_enable_pp0       |       xor|   0|  0|   2|           1|           2|
    +--------------------+----------+----+---+----+------------+------------+
    |Total               |          |   0|  0|  37|          33|          25|
    +--------------------+----------+----+---+----+------------+------------+

    * Multiplexer: 
    +-----------------------------+----+-----------+-----+-----------+
    |             Name            | LUT| Input Size| Bits| Total Bits|
    +-----------------------------+----+-----------+-----+-----------+
    |ap_NS_fsm                    |  20|          4|    1|          4|
    |ap_done_int                  |   9|          2|    1|          2|
    |ap_enable_reg_pp0_iter0      |   9|          2|    1|          2|
    |ap_enable_reg_pp0_iter0_reg  |   9|          2|    1|          2|
    |ap_enable_reg_pp0_iter1      |   9|          2|    1|          2|
    |ap_sig_allocacmp_i_1         |   9|          2|   11|         22|
    |i_fu_32                      |   9|          2|   11|         22|
    |x_M_imag_address0            |  14|          3|   10|         30|
    |x_M_imag_address1            |  14|          3|   10|         30|
    |x_M_real_address0            |  14|          3|   10|         30|
    |x_M_real_address1            |  14|          3|   10|         30|
    +-----------------------------+----+-----------+-----+-----------+
    |Total                        | 130|         28|   67|        176|
    +-----------------------------+----+-----------+-----+-----------+

    * Register: 
    +-----------------------------+----+----+-----+-----------+
    |             Name            | FF | LUT| Bits| Const Bits|
    +-----------------------------+----+----+-----+-----------+
    |ap_CS_fsm                    |   3|   0|    3|          0|
    |ap_done_reg                  |   1|   0|    1|          0|
    |ap_enable_reg_pp0_iter0_reg  |   1|   0|    1|          0|
    |ap_enable_reg_pp0_iter1      |   1|   0|    1|          0|
    |i_1_reg_152                  |  11|   0|   11|          0|
    |i_cast2_reg_162              |  11|   0|   64|         53|
    |i_fu_32                      |  11|   0|   11|          0|
    |icmp_ln7_reg_158             |   1|   0|    1|          0|
    |icmp_ln9_reg_173             |   1|   0|    1|          0|
    |x_M_imag_addr_1_reg_192      |  10|   0|   10|          0|
    |x_M_imag_addr_reg_182        |  10|   0|   10|          0|
    |x_M_imag_load_reg_202        |  26|   0|   26|          0|
    |x_M_real_addr_1_reg_187      |  10|   0|   10|          0|
    |x_M_real_addr_reg_177        |  10|   0|   10|          0|
    |x_M_real_load_reg_197        |  26|   0|   26|          0|
    +-----------------------------+----+----+-----+-----------+
    |Total                        | 133|   0|  186|         53|
    +-----------------------------+----+----+-----+-----------+



================================================================
== Interface
================================================================
* Summary: 
+-------------------+-----+-----+------------+----------------------------------+--------------+
|     RTL Ports     | Dir | Bits|  Protocol  |           Source Object          |    C Type    |
+-------------------+-----+-----+------------+----------------------------------+--------------+
|ap_clk             |   in|    1|  ap_ctrl_hs|  fft_fast_Pipeline_VITIS_LOOP_7_1|  return value|
|ap_rst             |   in|    1|  ap_ctrl_hs|  fft_fast_Pipeline_VITIS_LOOP_7_1|  return value|
|ap_start           |   in|    1|  ap_ctrl_hs|  fft_fast_Pipeline_VITIS_LOOP_7_1|  return value|
|ap_done            |  out|    1|  ap_ctrl_hs|  fft_fast_Pipeline_VITIS_LOOP_7_1|  return value|
|ap_idle            |  out|    1|  ap_ctrl_hs|  fft_fast_Pipeline_VITIS_LOOP_7_1|  return value|
|ap_ready           |  out|    1|  ap_ctrl_hs|  fft_fast_Pipeline_VITIS_LOOP_7_1|  return value|
|x_M_real_address0  |  out|   10|   ap_memory|                          x_M_real|         array|
|x_M_real_ce0       |  out|    1|   ap_memory|                          x_M_real|         array|
|x_M_real_we0       |  out|    1|   ap_memory|                          x_M_real|         array|
|x_M_real_d0        |  out|   26|   ap_memory|                          x_M_real|         array|
|x_M_real_q0        |   in|   26|   ap_memory|                          x_M_real|         array|
|x_M_real_address1  |  out|   10|   ap_memory|                          x_M_real|         array|
|x_M_real_ce1       |  out|    1|   ap_memory|                          x_M_real|         array|
|x_M_real_we1       |  out|    1|   ap_memory|                          x_M_real|         array|
|x_M_real_d1        |  out|   26|   ap_memory|                          x_M_real|         array|
|x_M_real_q1        |   in|   26|   ap_memory|                          x_M_real|         array|
|x_M_imag_address0  |  out|   10|   ap_memory|                          x_M_imag|         array|
|x_M_imag_ce0       |  out|    1|   ap_memory|                          x_M_imag|         array|
|x_M_imag_we0       |  out|    1|   ap_memory|                          x_M_imag|         array|
|x_M_imag_d0        |  out|   26|   ap_memory|                          x_M_imag|         array|
|x_M_imag_q0        |   in|   26|   ap_memory|                          x_M_imag|         array|
|x_M_imag_address1  |  out|   10|   ap_memory|                          x_M_imag|         array|
|x_M_imag_ce1       |  out|    1|   ap_memory|                          x_M_imag|         array|
|x_M_imag_we1       |  out|    1|   ap_memory|                          x_M_imag|         array|
|x_M_imag_d1        |  out|   26|   ap_memory|                          x_M_imag|         array|
|x_M_imag_q1        |   in|   26|   ap_memory|                          x_M_imag|         array|
+-------------------+-----+-----+------------+----------------------------------+--------------+

============================================================
+ Verbose Summary: Synthesis Manager
============================================================
InlineROM: 1
ExposeGlobal: 0
============================================================
+ Verbose Summary: CDFG Model
============================================================
IsTopModel: 0
ResetActiveHigh: 1
IsCombinational: 2
IsDatapathOnly: 2
HasWiredReturn: 1
HasMFsm: 2
HasVarLatency: 1
IsPipeline: 0
IsRtlPipelined: 0
IsInstanceOverlapped: 0
IsDontTouch: 0
HasImplIP: 0
IsGatedGlobalClock: 0

+ Individual pipeline summary: 
  * Pipeline-0: initiation interval (II) = 3, depth = 4


============================================================
+ Verbose Summary: Schedule
============================================================
* Number of FSM states : 4
* Pipeline : 1
  Pipeline-0 : II = 3, D = 4, States = { 1 2 3 4 }
* Dataflow Pipeline: 0

* FSM state transitions: 
1 --> 2 
2 --> 3 
3 --> 4 
4 --> 

* FSM state operations: 

State 1 <SV = 0> <Delay = 3.25>
ST_1 : Operation 7 [1/1] (0.00ns)   --->   "%i = alloca i32 1"   --->   Operation 7 'alloca' 'i' <Predicate = true> <Delay = 0.00>
ST_1 : Operation 8 [1/1] (1.58ns)   --->   "%store_ln0 = store i11 0, i11 %i"   --->   Operation 8 'store' 'store_ln0' <Predicate = true> <Delay = 1.58>
ST_1 : Operation 9 [1/1] (0.00ns)   --->   "%br_ln0 = br void %for.body"   --->   Operation 9 'br' 'br_ln0' <Predicate = true> <Delay = 0.00>
ST_1 : Operation 10 [1/1] (0.00ns)   --->   "%i_1 = load i11 %i" [fft_project_wlo/fft.cpp:7]   --->   Operation 10 'load' 'i_1' <Predicate = true> <Delay = 0.00>
ST_1 : Operation 11 [1/1] (1.88ns)   --->   "%icmp_ln7 = icmp_eq  i11 %i_1, i11 1024" [fft_project_wlo/fft.cpp:7]   --->   Operation 11 'icmp' 'icmp_ln7' <Predicate = true> <Delay = 1.88> <CoreInst = "Cmp">   --->   Core 9 'Cmp' <Latency = 0> <II = 1> <Delay = 1.99> <FuncUnit> <Opcode : 'icmp'> <InPorts = 2> <OutPorts = 1>
ST_1 : Operation 12 [1/1] (0.00ns)   --->   "%br_ln7 = br i1 %icmp_ln7, void %for.body.split, void %VITIS_LOOP_20_3.preheader.exitStub" [fft_project_wlo/fft.cpp:7]   --->   Operation 12 'br' 'br_ln7' <Predicate = true> <Delay = 0.00>
ST_1 : Operation 13 [1/1] (0.00ns)   --->   "%i_cast2 = zext i11 %i_1" [fft_project_wlo/fft.cpp:7]   --->   Operation 13 'zext' 'i_cast2' <Predicate = (!icmp_ln7)> <Delay = 0.00>
ST_1 : Operation 14 [1/1] (0.00ns)   --->   "%br_lut_addr = getelementptr i10 %br_lut, i64 0, i64 %i_cast2" [fft_project_wlo/fft.cpp:8]   --->   Operation 14 'getelementptr' 'br_lut_addr' <Predicate = (!icmp_ln7)> <Delay = 0.00>
ST_1 : Operation 15 [2/2] (3.25ns)   --->   "%br_lut_load = load i10 %br_lut_addr" [fft_project_wlo/fft.cpp:8]   --->   Operation 15 'load' 'br_lut_load' <Predicate = (!icmp_ln7)> <Delay = 3.25> <CoreInst = "ROM">   --->   Core 95 'ROM' <Latency = 1> <II = 1> <Delay = 3.25> <Storage> <Opcode : 'load'> <Ports = 0> <Width = 10> <Depth = 1024> <ROM>

State 2 <SV = 1> <Delay = 6.50>
ST_2 : Operation 16 [1/1] (0.00ns)   --->   "%specpipeline_ln0 = specpipeline void @_ssdm_op_SpecPipeline, i32 4294967295, i32 0, i32 1, i32 0, void @p_str"   --->   Operation 16 'specpipeline' 'specpipeline_ln0' <Predicate = true> <Delay = 0.00>
ST_2 : Operation 17 [1/1] (0.00ns)   --->   "%empty = speclooptripcount i32 @_ssdm_op_SpecLoopTripCount, i64 1024, i64 1024, i64 1024"   --->   Operation 17 'speclooptripcount' 'empty' <Predicate = true> <Delay = 0.00>
ST_2 : Operation 18 [1/1] (1.63ns)   --->   "%add_ln7 = add i11 %i_1, i11 1" [fft_project_wlo/fft.cpp:7]   --->   Operation 18 'add' 'add_ln7' <Predicate = true> <Delay = 1.63> <CoreInst = "Adder">   --->   Core 1 'Adder' <Latency = 0> <II = 1> <Delay = 1.63> <FuncUnit> <Opcode : 'add' 'sub'> <InPorts = 2> <OutPorts = 1>
ST_2 : Operation 19 [1/1] (0.00ns)   --->   "%trunc_ln7 = trunc i11 %i_1" [fft_project_wlo/fft.cpp:7]   --->   Operation 19 'trunc' 'trunc_ln7' <Predicate = (!icmp_ln7)> <Delay = 0.00>
ST_2 : Operation 20 [1/1] (0.00ns)   --->   "%specloopname_ln7 = specloopname void @_ssdm_op_SpecLoopName, void @empty_11" [fft_project_wlo/fft.cpp:7]   --->   Operation 20 'specloopname' 'specloopname_ln7' <Predicate = (!icmp_ln7)> <Delay = 0.00>
ST_2 : Operation 21 [1/2] (3.25ns)   --->   "%br_lut_load = load i10 %br_lut_addr" [fft_project_wlo/fft.cpp:8]   --->   Operation 21 'load' 'br_lut_load' <Predicate = (!icmp_ln7)> <Delay = 3.25> <CoreInst = "ROM">   --->   Core 95 'ROM' <Latency = 1> <II = 1> <Delay = 3.25> <Storage> <Opcode : 'load'> <Ports = 0> <Width = 10> <Depth = 1024> <ROM>
ST_2 : Operation 22 [1/1] (0.00ns)   --->   "%zext_ln9 = zext i10 %br_lut_load" [fft_project_wlo/fft.cpp:9]   --->   Operation 22 'zext' 'zext_ln9' <Predicate = (!icmp_ln7)> <Delay = 0.00>
ST_2 : Operation 23 [1/1] (1.77ns)   --->   "%icmp_ln9 = icmp_ult  i10 %trunc_ln7, i10 %br_lut_load" [fft_project_wlo/fft.cpp:9]   --->   Operation 23 'icmp' 'icmp_ln9' <Predicate = (!icmp_ln7)> <Delay = 1.77> <CoreInst = "Cmp">   --->   Core 9 'Cmp' <Latency = 0> <II = 1> <Delay = 1.77> <FuncUnit> <Opcode : 'icmp'> <InPorts = 2> <OutPorts = 1>
ST_2 : Operation 24 [1/1] (0.00ns)   --->   "%br_ln9 = br i1 %icmp_ln9, void %for.inc, void %if.then" [fft_project_wlo/fft.cpp:9]   --->   Operation 24 'br' 'br_ln9' <Predicate = (!icmp_ln7)> <Delay = 0.00>
ST_2 : Operation 25 [1/1] (0.00ns)   --->   "%x_M_real_addr = getelementptr i26 %x_M_real, i64 0, i64 %i_cast2" [fft_project_wlo/fft.cpp:12]   --->   Operation 25 'getelementptr' 'x_M_real_addr' <Predicate = (!icmp_ln7 & icmp_ln9)> <Delay = 0.00>
ST_2 : Operation 26 [2/2] (3.25ns)   --->   "%x_M_real_load = load i10 %x_M_real_addr" [fft_project_wlo/fft.cpp:12]   --->   Operation 26 'load' 'x_M_real_load' <Predicate = (!icmp_ln7 & icmp_ln9)> <Delay = 3.25> <CoreInst = "RAM">   --->   Core 82 'RAM' <Latency = 1> <II = 1> <Delay = 3.25> <Storage> <Opcode : 'load' 'store'> <Ports = 2> <Width = 26> <Depth = 1024> <RAM>
ST_2 : Operation 27 [1/1] (0.00ns)   --->   "%x_M_imag_addr = getelementptr i26 %x_M_imag, i64 0, i64 %i_cast2" [fft_project_wlo/fft.cpp:12]   --->   Operation 27 'getelementptr' 'x_M_imag_addr' <Predicate = (!icmp_ln7 & icmp_ln9)> <Delay = 0.00>
ST_2 : Operation 28 [2/2] (3.25ns)   --->   "%x_M_imag_load = load i10 %x_M_imag_addr" [fft_project_wlo/fft.cpp:12]   --->   Operation 28 'load' 'x_M_imag_load' <Predicate = (!icmp_ln7 & icmp_ln9)> <Delay = 3.25> <CoreInst = "RAM">   --->   Core 82 'RAM' <Latency = 1> <II = 1> <Delay = 3.25> <Storage> <Opcode : 'load' 'store'> <Ports = 2> <Width = 26> <Depth = 1024> <RAM>
ST_2 : Operation 29 [1/1] (0.00ns)   --->   "%x_M_real_addr_1 = getelementptr i26 %x_M_real, i64 0, i64 %zext_ln9" [fft_project_wlo/fft.cpp:11]   --->   Operation 29 'getelementptr' 'x_M_real_addr_1' <Predicate = (!icmp_ln7 & icmp_ln9)> <Delay = 0.00>
ST_2 : Operation 30 [2/2] (3.25ns)   --->   "%x_M_real_load_1 = load i10 %x_M_real_addr_1" [fft_project_wlo/fft.cpp:11]   --->   Operation 30 'load' 'x_M_real_load_1' <Predicate = (!icmp_ln7 & icmp_ln9)> <Delay = 3.25> <CoreInst = "RAM">   --->   Core 82 'RAM' <Latency = 1> <II = 1> <Delay = 3.25> <Storage> <Opcode : 'load' 'store'> <Ports = 2> <Width = 26> <Depth = 1024> <RAM>
ST_2 : Operation 31 [1/1] (0.00ns)   --->   "%x_M_imag_addr_1 = getelementptr i26 %x_M_imag, i64 0, i64 %zext_ln9" [fft_project_wlo/fft.cpp:11]   --->   Operation 31 'getelementptr' 'x_M_imag_addr_1' <Predicate = (!icmp_ln7 & icmp_ln9)> <Delay = 0.00>
ST_2 : Operation 32 [2/2] (3.25ns)   --->   "%x_M_imag_load_1 = load i10 %x_M_imag_addr_1" [fft_project_wlo/fft.cpp:11]   --->   Operation 32 'load' 'x_M_imag_load_1' <Predicate = (!icmp_ln7 & icmp_ln9)> <Delay = 3.25> <CoreInst = "RAM">   --->   Core 82 'RAM' <Latency = 1> <II = 1> <Delay = 3.25> <Storage> <Opcode : 'load' 'store'> <Ports = 2> <Width = 26> <Depth = 1024> <RAM>
ST_2 : Operation 33 [1/1] (1.58ns)   --->   "%store_ln7 = store i11 %add_ln7, i11 %i" [fft_project_wlo/fft.cpp:7]   --->   Operation 33 'store' 'store_ln7' <Predicate = (!icmp_ln7)> <Delay = 1.58>
ST_2 : Operation 34 [1/1] (0.00ns)   --->   "%br_ln7 = br void %for.body" [fft_project_wlo/fft.cpp:7]   --->   Operation 34 'br' 'br_ln7' <Predicate = (!icmp_ln7)> <Delay = 0.00>
ST_2 : Operation 44 [1/1] (0.00ns)   --->   "%ret_ln0 = ret"   --->   Operation 44 'ret' 'ret_ln0' <Predicate = (icmp_ln7)> <Delay = 0.00>

State 3 <SV = 2> <Delay = 6.50>
ST_3 : Operation 35 [1/2] (3.25ns)   --->   "%x_M_real_load = load i10 %x_M_real_addr" [fft_project_wlo/fft.cpp:12]   --->   Operation 35 'load' 'x_M_real_load' <Predicate = (!icmp_ln7 & icmp_ln9)> <Delay = 3.25> <CoreInst = "RAM">   --->   Core 82 'RAM' <Latency = 1> <II = 1> <Delay = 3.25> <Storage> <Opcode : 'load' 'store'> <Ports = 2> <Width = 26> <Depth = 1024> <RAM>
ST_3 : Operation 36 [1/2] (3.25ns)   --->   "%x_M_imag_load = load i10 %x_M_imag_addr" [fft_project_wlo/fft.cpp:12]   --->   Operation 36 'load' 'x_M_imag_load' <Predicate = (!icmp_ln7 & icmp_ln9)> <Delay = 3.25> <CoreInst = "RAM">   --->   Core 82 'RAM' <Latency = 1> <II = 1> <Delay = 3.25> <Storage> <Opcode : 'load' 'store'> <Ports = 2> <Width = 26> <Depth = 1024> <RAM>
ST_3 : Operation 37 [1/2] (3.25ns)   --->   "%x_M_real_load_1 = load i10 %x_M_real_addr_1" [fft_project_wlo/fft.cpp:11]   --->   Operation 37 'load' 'x_M_real_load_1' <Predicate = (!icmp_ln7 & icmp_ln9)> <Delay = 3.25> <CoreInst = "RAM">   --->   Core 82 'RAM' <Latency = 1> <II = 1> <Delay = 3.25> <Storage> <Opcode : 'load' 'store'> <Ports = 2> <Width = 26> <Depth = 1024> <RAM>
ST_3 : Operation 38 [1/2] (3.25ns)   --->   "%x_M_imag_load_1 = load i10 %x_M_imag_addr_1" [fft_project_wlo/fft.cpp:11]   --->   Operation 38 'load' 'x_M_imag_load_1' <Predicate = (!icmp_ln7 & icmp_ln9)> <Delay = 3.25> <CoreInst = "RAM">   --->   Core 82 'RAM' <Latency = 1> <II = 1> <Delay = 3.25> <Storage> <Opcode : 'load' 'store'> <Ports = 2> <Width = 26> <Depth = 1024> <RAM>
ST_3 : Operation 39 [1/1] (3.25ns)   --->   "%store_ln11 = store i26 %x_M_real_load_1, i10 %x_M_real_addr" [fft_project_wlo/fft.cpp:11]   --->   Operation 39 'store' 'store_ln11' <Predicate = (!icmp_ln7 & icmp_ln9)> <Delay = 3.25> <CoreInst = "RAM">   --->   Core 82 'RAM' <Latency = 1> <II = 1> <Delay = 3.25> <Storage> <Opcode : 'load' 'store'> <Ports = 2> <Width = 26> <Depth = 1024> <RAM>
ST_3 : Operation 40 [1/1] (3.25ns)   --->   "%store_ln11 = store i26 %x_M_imag_load_1, i10 %x_M_imag_addr" [fft_project_wlo/fft.cpp:11]   --->   Operation 40 'store' 'store_ln11' <Predicate = (!icmp_ln7 & icmp_ln9)> <Delay = 3.25> <CoreInst = "RAM">   --->   Core 82 'RAM' <Latency = 1> <II = 1> <Delay = 3.25> <Storage> <Opcode : 'load' 'store'> <Ports = 2> <Width = 26> <Depth = 1024> <RAM>

State 4 <SV = 3> <Delay = 3.25>
ST_4 : Operation 41 [1/1] (3.25ns)   --->   "%store_ln12 = store i26 %x_M_real_load, i10 %x_M_real_addr_1" [fft_project_wlo/fft.cpp:12]   --->   Operation 41 'store' 'store_ln12' <Predicate = (icmp_ln9)> <Delay = 3.25> <CoreInst = "RAM">   --->   Core 82 'RAM' <Latency = 1> <II = 1> <Delay = 3.25> <Storage> <Opcode : 'load' 'store'> <Ports = 2> <Width = 26> <Depth = 1024> <RAM>
ST_4 : Operation 42 [1/1] (3.25ns)   --->   "%store_ln12 = store i26 %x_M_imag_load, i10 %x_M_imag_addr_1" [fft_project_wlo/fft.cpp:12]   --->   Operation 42 'store' 'store_ln12' <Predicate = (icmp_ln9)> <Delay = 3.25> <CoreInst = "RAM">   --->   Core 82 'RAM' <Latency = 1> <II = 1> <Delay = 3.25> <Storage> <Opcode : 'load' 'store'> <Ports = 2> <Width = 26> <Depth = 1024> <RAM>
ST_4 : Operation 43 [1/1] (0.00ns)   --->   "%br_ln13 = br void %for.inc" [fft_project_wlo/fft.cpp:13]   --->   Operation 43 'br' 'br_ln13' <Predicate = (icmp_ln9)> <Delay = 0.00>


============================================================
+ Verbose Summary: Binding
============================================================
STG Binding: 
---------------- STG Properties BEGIN ----------------
- Is combinational: 0
- Is one-state seq: 0
- Is datapath-only: 0
- Is pipelined: 0
- Is top level: 0
Port [ Return ] is wired: 1; IO mode=ap_ctrl_hs:ce=0
Port [ x_M_real]:  wired=1; compound=1; hidden=0; nouse=0; global=0; static=0; extern=0; dir=2; type=1; pingpong=0; private_global=0; MemPort=[22]; IO mode=ap_memory:ce=0
Port [ x_M_imag]:  wired=1; compound=1; hidden=0; nouse=0; global=0; static=0; extern=0; dir=2; type=1; pingpong=0; private_global=0; MemPort=[22]; IO mode=ap_memory:ce=0
Port [ br_lut]:  wired=0; compound=1; hidden=1; nouse=0; global=1; static=1; extern=0; dir=0; type=1; pingpong=0; private_global=1; MemPort=[1]; IO mode=ap_memory:ce=0
---------------- STG Properties END ------------------

---------------- Datapath Model BEGIN ----------------

<LifeTime>
<method=bitvector/>
i                (alloca           ) [ 01100]
store_ln0        (store            ) [ 00000]
br_ln0           (br               ) [ 00000]
i_1              (load             ) [ 00100]
icmp_ln7         (icmp             ) [ 01110]
br_ln7           (br               ) [ 00000]
i_cast2          (zext             ) [ 00100]
br_lut_addr      (getelementptr    ) [ 00100]
specpipeline_ln0 (specpipeline     ) [ 00000]
empty            (speclooptripcount) [ 00000]
add_ln7          (add              ) [ 00000]
trunc_ln7        (trunc            ) [ 00000]
specloopname_ln7 (specloopname     ) [ 00000]
br_lut_load      (load             ) [ 00000]
zext_ln9         (zext             ) [ 00000]
icmp_ln9         (icmp             ) [ 01111]
br_ln9           (br               ) [ 00000]
x_M_real_addr    (getelementptr    ) [ 00010]
x_M_imag_addr    (getelementptr    ) [ 00010]
x_M_real_addr_1  (getelementptr    ) [ 01011]
x_M_imag_addr_1  (getelementptr    ) [ 01011]
store_ln7        (store            ) [ 00000]
br_ln7           (br               ) [ 00000]
x_M_real_load    (load             ) [ 01001]
x_M_imag_load    (load             ) [ 01001]
x_M_real_load_1  (load             ) [ 00000]
x_M_imag_load_1  (load             ) [ 00000]
store_ln11       (store            ) [ 00000]
store_ln11       (store            ) [ 00000]
store_ln12       (store            ) [ 00000]
store_ln12       (store            ) [ 00000]
br_ln13          (br               ) [ 00000]
ret_ln0          (ret              ) [ 00000]
</LifeTime>

<model>

<comp_list>
<comp id="0" class="1000" name="x_M_real">
<pin_list>
<pin id="1" dir="1" index="0" bw="1" slack="0"/>
</pin_list>
<bind>
<StgValue><ssdm name="x_M_real"/><MemPortTyVec>2 2 </MemPortTyVec>
</StgValue>
</bind>
</comp>

<comp id="2" class="1000" name="x_M_imag">
<pin_list>
<pin id="3" dir="1" index="0" bw="1" slack="0"/>
</pin_list>
<bind>
<StgValue><ssdm name="x_M_imag"/><MemPortTyVec>2 2 </MemPortTyVec>
</StgValue>
</bind>
</comp>

<comp id="4" class="1000" name="br_lut">
<pin_list>
<pin id="5" dir="1" index="0" bw="1" slack="0"/>
</pin_list>
<bind>
<StgValue><ssdm name="br_lut"/><MemPortTyVec>1 </MemPortTyVec>
</StgValue>
</bind>
</comp>

<comp id="6" class="1001" name="const_6">
<pin_list>
<pin id="7" dir="1" index="0" bw="1" slack="0"/>
</pin_list>
<bind>
<StgValue><ssdm name=""/></StgValue>
</bind>
</comp>

<comp id="8" class="1001" name="const_8">
<pin_list>
<pin id="9" dir="1" index="0" bw="1" slack="0"/>
</pin_list>
<bind>
<StgValue><ssdm name=""/></StgValue>
</bind>
</comp>

<comp id="10" class="1001" name="const_10">
<pin_list>
<pin id="11" dir="1" index="0" bw="1" slack="0"/>
</pin_list>
<bind>
<StgValue><ssdm name=""/></StgValue>
</bind>
</comp>

<comp id="12" class="1001" name="const_12">
<pin_list>
<pin id="13" dir="1" index="0" bw="1" slack="0"/>
</pin_list>
<bind>
<StgValue><ssdm name=""/></StgValue>
</bind>
</comp>

<comp id="14" class="1001" name="const_14">
<pin_list>
<pin id="15" dir="1" index="0" bw="1" slack="2147483647"/>
</pin_list>
<bind>
<StgValue><ssdm name="_ssdm_op_SpecPipeline"/></StgValue>
</bind>
</comp>

<comp id="16" class="1001" name="const_16">
<pin_list>
<pin id="17" dir="1" index="0" bw="1" slack="2147483647"/>
</pin_list>
<bind>
<StgValue><ssdm name=""/></StgValue>
</bind>
</comp>

<comp id="18" class="1001" name="const_18">
<pin_list>
<pin id="19" dir="1" index="0" bw="1" slack="2147483647"/>
</pin_list>
<bind>
<StgValue><ssdm name=""/></StgValue>
</bind>
</comp>

<comp id="20" class="1001" name="const_20">
<pin_list>
<pin id="21" dir="1" index="0" bw="1" slack="2147483647"/>
</pin_list>
<bind>
<StgValue><ssdm name="p_str"/></StgValue>
</bind>
</comp>

<comp id="22" class="1001" name="const_22">
<pin_list>
<pin id="23" dir="1" index="0" bw="1" slack="2147483647"/>
</pin_list>
<bind>
<StgValue><ssdm name="_ssdm_op_SpecLoopTripCount"/></StgValue>
</bind>
</comp>

<comp id="24" class="1001" name="const_24">
<pin_list>
<pin id="25" dir="1" index="0" bw="1" slack="2147483647"/>
</pin_list>
<bind>
<StgValue><ssdm name=""/></StgValue>
</bind>
</comp>

<comp id="26" class="1001" name="const_26">
<pin_list>
<pin id="27" dir="1" index="0" bw="1" slack="0"/>
</pin_list>
<bind>
<StgValue><ssdm name=""/></StgValue>
</bind>
</comp>

<comp id="28" class="1001" name="const_28">
<pin_list>
<pin id="29" dir="1" index="0" bw="1" slack="2147483647"/>
</pin_list>
<bind>
<StgValue><ssdm name="_ssdm_op_SpecLoopName"/></StgValue>
</bind>
</comp>

<comp id="30" class="1001" name="const_30">
<pin_list>
<pin id="31" dir="1" index="0" bw="1" slack="2147483647"/>
</pin_list>
<bind>
<StgValue><ssdm name="empty_11"/></StgValue>
</bind>
</comp>

<comp id="32" class="1004" name="i_fu_32">
<pin_list>
<pin id="33" dir="0" index="0" bw="1" slack="0"/>
<pin id="34" dir="1" index="1" bw="11" slack="0"/>
</pin_list>
<bind>
<opcode="alloca(26) " fcode="alloca"/>
<opset="i/1 "/>
</bind>
</comp>

<comp id="36" class="1004" name="br_lut_addr_gep_fu_36">
<pin_list>
<pin id="37" dir="0" index="0" bw="10" slack="0"/>
<pin id="38" dir="0" index="1" bw="1" slack="0"/>
<pin id="39" dir="0" index="2" bw="11" slack="0"/>
<pin id="40" dir="1" index="3" bw="10" slack="0"/>
</pin_list>
<bind>
<opcode="getelementptr(29) " fcode="getelementptr"/>
<opset="br_lut_addr/1 "/>
</bind>
</comp>

<comp id="43" class="1004" name="grp_access_fu_43">
<pin_list>
<pin id="44" dir="0" index="0" bw="10" slack="0"/>
<pin id="45" dir="0" index="1" bw="10" slack="2147483647"/>
<pin id="46" dir="0" index="2" bw="0" slack="2147483647"/>
<pin id="47" dir="1" index="3" bw="10" slack="0"/>
</pin_list>
<bind>
<opcode="load(27) " fcode="load"/>
<opset="br_lut_load/1 "/>
</bind>
</comp>

<comp id="49" class="1004" name="x_M_real_addr_gep_fu_49">
<pin_list>
<pin id="50" dir="0" index="0" bw="26" slack="0"/>
<pin id="51" dir="0" index="1" bw="1" slack="0"/>
<pin id="52" dir="0" index="2" bw="11" slack="1"/>
<pin id="53" dir="1" index="3" bw="10" slack="0"/>
</pin_list>
<bind>
<opcode="getelementptr(29) " fcode="getelementptr"/>
<opset="x_M_real_addr/2 "/>
</bind>
</comp>

<comp id="56" class="1004" name="grp_access_fu_56">
<pin_list>
<pin id="57" dir="0" index="0" bw="10" slack="0"/>
<pin id="58" dir="0" index="1" bw="26" slack="1"/>
<pin id="59" dir="0" index="2" bw="0" slack="0"/>
<pin id="61" dir="0" index="4" bw="10" slack="0"/>
<pin id="62" dir="0" index="5" bw="26" slack="2147483647"/>
<pin id="63" dir="0" index="6" bw="0" slack="2147483647"/>
<pin id="60" dir="1" index="3" bw="26" slack="0"/>
<pin id="64" dir="1" index="7" bw="26" slack="1"/>
</pin_list>
<bind>
<opcode="load(27) store(28) " fcode="store"/>
<opset="x_M_real_load/2 x_M_real_load_1/2 store_ln11/3 store_ln12/4 "/>
</bind>
</comp>

<comp id="66" class="1004" name="x_M_imag_addr_gep_fu_66">
<pin_list>
<pin id="67" dir="0" index="0" bw="26" slack="0"/>
<pin id="68" dir="0" index="1" bw="1" slack="0"/>
<pin id="69" dir="0" index="2" bw="11" slack="1"/>
<pin id="70" dir="1" index="3" bw="10" slack="0"/>
</pin_list>
<bind>
<opcode="getelementptr(29) " fcode="getelementptr"/>
<opset="x_M_imag_addr/2 "/>
</bind>
</comp>

<comp id="73" class="1004" name="grp_access_fu_73">
<pin_list>
<pin id="74" dir="0" index="0" bw="10" slack="0"/>
<pin id="75" dir="0" index="1" bw="26" slack="1"/>
<pin id="76" dir="0" index="2" bw="0" slack="0"/>
<pin id="78" dir="0" index="4" bw="10" slack="0"/>
<pin id="79" dir="0" index="5" bw="26" slack="2147483647"/>
<pin id="80" dir="0" index="6" bw="0" slack="2147483647"/>
<pin id="77" dir="1" index="3" bw="26" slack="0"/>
<pin id="81" dir="1" index="7" bw="26" slack="1"/>
</pin_list>
<bind>
<opcode="load(27) store(28) " fcode="store"/>
<opset="x_M_imag_load/2 x_M_imag_load_1/2 store_ln11/3 store_ln12/4 "/>
</bind>
</comp>

<comp id="83" class="1004" name="x_M_real_addr_1_gep_fu_83">
<pin_list>
<pin id="84" dir="0" index="0" bw="26" slack="0"/>
<pin id="85" dir="0" index="1" bw="1" slack="0"/>
<pin id="86" dir="0" index="2" bw="10" slack="0"/>
<pin id="87" dir="1" index="3" bw="10" slack="0"/>
</pin_list>
<bind>
<opcode="getelementptr(29) " fcode="getelementptr"/>
<opset="x_M_real_addr_1/2 "/>
</bind>
</comp>

<comp id="91" class="1004" name="x_M_imag_addr_1_gep_fu_91">
<pin_list>
<pin id="92" dir="0" index="0" bw="26" slack="0"/>
<pin id="93" dir="0" index="1" bw="1" slack="0"/>
<pin id="94" dir="0" index="2" bw="10" slack="0"/>
<pin id="95" dir="1" index="3" bw="10" slack="0"/>
</pin_list>
<bind>
<opcode="getelementptr(29) " fcode="getelementptr"/>
<opset="x_M_imag_addr_1/2 "/>
</bind>
</comp>

<comp id="101" class="1004" name="store_ln0_store_fu_101">
<pin_list>
<pin id="102" dir="0" index="0" bw="1" slack="0"/>
<pin id="103" dir="0" index="1" bw="11" slack="0"/>
<pin id="104" dir="1" index="2" bw="0" slack="2147483647"/>
</pin_list>
<bind>
<opcode="store(28) " fcode="store"/>
<opset="store_ln0/1 "/>
</bind>
</comp>

<comp id="106" class="1004" name="i_1_load_fu_106">
<pin_list>
<pin id="107" dir="0" index="0" bw="11" slack="0"/>
<pin id="108" dir="1" index="1" bw="11" slack="0"/>
</pin_list>
<bind>
<opcode="load(27) " fcode="load"/>
<opset="i_1/1 "/>
</bind>
</comp>

<comp id="109" class="1004" name="icmp_ln7_fu_109">
<pin_list>
<pin id="110" dir="0" index="0" bw="11" slack="0"/>
<pin id="111" dir="0" index="1" bw="11" slack="0"/>
<pin id="112" dir="1" index="2" bw="1" slack="1"/>
</pin_list>
<bind>
<opcode="icmp(45) " fcode="icmp"/>
<opset="icmp_ln7/1 "/>
</bind>
</comp>

<comp id="115" class="1004" name="i_cast2_fu_115">
<pin_list>
<pin id="116" dir="0" index="0" bw="11" slack="0"/>
<pin id="117" dir="1" index="1" bw="64" slack="0"/>
</pin_list>
<bind>
<opcode="zext(34) " fcode="zext"/>
<opset="i_cast2/1 "/>
</bind>
</comp>

<comp id="120" class="1004" name="add_ln7_fu_120">
<pin_list>
<pin id="121" dir="0" index="0" bw="11" slack="1"/>
<pin id="122" dir="0" index="1" bw="1" slack="0"/>
<pin id="123" dir="1" index="2" bw="11" slack="0"/>
</pin_list>
<bind>
<opcode="add(8) " fcode="add"/>
<opset="add_ln7/2 "/>
</bind>
</comp>

<comp id="125" class="1004" name="trunc_ln7_fu_125">
<pin_list>
<pin id="126" dir="0" index="0" bw="11" slack="1"/>
<pin id="127" dir="1" index="1" bw="10" slack="0"/>
</pin_list>
<bind>
<opcode="trunc(33) " fcode="trunc"/>
<opset="trunc_ln7/2 "/>
</bind>
</comp>

<comp id="128" class="1004" name="zext_ln9_fu_128">
<pin_list>
<pin id="129" dir="0" index="0" bw="10" slack="0"/>
<pin id="130" dir="1" index="1" bw="64" slack="0"/>
</pin_list>
<bind>
<opcode="zext(34) " fcode="zext"/>
<opset="zext_ln9/2 "/>
</bind>
</comp>

<comp id="134" class="1004" name="icmp_ln9_fu_134">
<pin_list>
<pin id="135" dir="0" index="0" bw="10" slack="0"/>
<pin id="136" dir="0" index="1" bw="10" slack="0"/>
<pin id="137" dir="1" index="2" bw="1" slack="1"/>
</pin_list>
<bind>
<opcode="icmp(45) " fcode="icmp"/>
<opset="icmp_ln9/2 "/>
</bind>
</comp>

<comp id="140" class="1004" name="store_ln7_store_fu_140">
<pin_list>
<pin id="141" dir="0" index="0" bw="11" slack="0"/>
<pin id="142" dir="0" index="1" bw="11" slack="1"/>
<pin id="143" dir="1" index="2" bw="0" slack="2147483647"/>
</pin_list>
<bind>
<opcode="store(28) " fcode="store"/>
<opset="store_ln7/2 "/>
</bind>
</comp>

<comp id="145" class="1005" name="i_reg_145">
<pin_list>
<pin id="146" dir="0" index="0" bw="11" slack="0"/>
<pin id="147" dir="1" index="1" bw="11" slack="0"/>
</pin_list>
<bind>
<opset="i "/>
</bind>
</comp>

<comp id="152" class="1005" name="i_1_reg_152">
<pin_list>
<pin id="153" dir="0" index="0" bw="11" slack="1"/>
<pin id="154" dir="1" index="1" bw="11" slack="1"/>
</pin_list>
<bind>
<opset="i_1 "/>
</bind>
</comp>

<comp id="158" class="1005" name="icmp_ln7_reg_158">
<pin_list>
<pin id="159" dir="0" index="0" bw="1" slack="1"/>
<pin id="160" dir="1" index="1" bw="1" slack="2147483647"/>
</pin_list>
<bind>
<opset="icmp_ln7 "/>
</bind>
</comp>

<comp id="162" class="1005" name="i_cast2_reg_162">
<pin_list>
<pin id="163" dir="0" index="0" bw="64" slack="1"/>
<pin id="164" dir="1" index="1" bw="64" slack="1"/>
</pin_list>
<bind>
<opset="i_cast2 "/>
</bind>
</comp>

<comp id="168" class="1005" name="br_lut_addr_reg_168">
<pin_list>
<pin id="169" dir="0" index="0" bw="10" slack="1"/>
<pin id="170" dir="1" index="1" bw="10" slack="1"/>
</pin_list>
<bind>
<opset="br_lut_addr "/>
</bind>
</comp>

<comp id="173" class="1005" name="icmp_ln9_reg_173">
<pin_list>
<pin id="174" dir="0" index="0" bw="1" slack="1"/>
<pin id="175" dir="1" index="1" bw="1" slack="2147483647"/>
</pin_list>
<bind>
<opset="icmp_ln9 "/>
</bind>
</comp>

<comp id="177" class="1005" name="x_M_real_addr_reg_177">
<pin_list>
<pin id="178" dir="0" index="0" bw="10" slack="1"/>
<pin id="179" dir="1" index="1" bw="10" slack="1"/>
</pin_list>
<bind>
<opset="x_M_real_addr "/>
</bind>
</comp>

<comp id="182" class="1005" name="x_M_imag_addr_reg_182">
<pin_list>
<pin id="183" dir="0" index="0" bw="10" slack="1"/>
<pin id="184" dir="1" index="1" bw="10" slack="1"/>
</pin_list>
<bind>
<opset="x_M_imag_addr "/>
</bind>
</comp>

<comp id="187" class="1005" name="x_M_real_addr_1_reg_187">
<pin_list>
<pin id="188" dir="0" index="0" bw="10" slack="1"/>
<pin id="189" dir="1" index="1" bw="10" slack="1"/>
</pin_list>
<bind>
<opset="x_M_real_addr_1 "/>
</bind>
</comp>

<comp id="192" class="1005" name="x_M_imag_addr_1_reg_192">
<pin_list>
<pin id="193" dir="0" index="0" bw="10" slack="1"/>
<pin id="194" dir="1" index="1" bw="10" slack="1"/>
</pin_list>
<bind>
<opset="x_M_imag_addr_1 "/>
</bind>
</comp>

<comp id="197" class="1005" name="x_M_real_load_reg_197">
<pin_list>
<pin id="198" dir="0" index="0" bw="26" slack="1"/>
<pin id="199" dir="1" index="1" bw="26" slack="1"/>
</pin_list>
<bind>
<opset="x_M_real_load "/>
</bind>
</comp>

<comp id="202" class="1005" name="x_M_imag_load_reg_202">
<pin_list>
<pin id="203" dir="0" index="0" bw="26" slack="1"/>
<pin id="204" dir="1" index="1" bw="26" slack="1"/>
</pin_list>
<bind>
<opset="x_M_imag_load "/>
</bind>
</comp>

</comp_list>

<net_list>
<net id="35"><net_src comp="6" pin="0"/><net_sink comp="32" pin=0"/></net>

<net id="41"><net_src comp="4" pin="0"/><net_sink comp="36" pin=0"/></net>

<net id="42"><net_src comp="12" pin="0"/><net_sink comp="36" pin=1"/></net>

<net id="48"><net_src comp="36" pin="3"/><net_sink comp="43" pin=0"/></net>

<net id="54"><net_src comp="0" pin="0"/><net_sink comp="49" pin=0"/></net>

<net id="55"><net_src comp="12" pin="0"/><net_sink comp="49" pin=1"/></net>

<net id="65"><net_src comp="49" pin="3"/><net_sink comp="56" pin=2"/></net>

<net id="71"><net_src comp="2" pin="0"/><net_sink comp="66" pin=0"/></net>

<net id="72"><net_src comp="12" pin="0"/><net_sink comp="66" pin=1"/></net>

<net id="82"><net_src comp="66" pin="3"/><net_sink comp="73" pin=2"/></net>

<net id="88"><net_src comp="0" pin="0"/><net_sink comp="83" pin=0"/></net>

<net id="89"><net_src comp="12" pin="0"/><net_sink comp="83" pin=1"/></net>

<net id="90"><net_src comp="83" pin="3"/><net_sink comp="56" pin=0"/></net>

<net id="96"><net_src comp="2" pin="0"/><net_sink comp="91" pin=0"/></net>

<net id="97"><net_src comp="12" pin="0"/><net_sink comp="91" pin=1"/></net>

<net id="98"><net_src comp="91" pin="3"/><net_sink comp="73" pin=0"/></net>

<net id="99"><net_src comp="56" pin="3"/><net_sink comp="56" pin=4"/></net>

<net id="100"><net_src comp="73" pin="3"/><net_sink comp="73" pin=4"/></net>

<net id="105"><net_src comp="8" pin="0"/><net_sink comp="101" pin=0"/></net>

<net id="113"><net_src comp="106" pin="1"/><net_sink comp="109" pin=0"/></net>

<net id="114"><net_src comp="10" pin="0"/><net_sink comp="109" pin=1"/></net>

<net id="118"><net_src comp="106" pin="1"/><net_sink comp="115" pin=0"/></net>

<net id="119"><net_src comp="115" pin="1"/><net_sink comp="36" pin=2"/></net>

<net id="124"><net_src comp="26" pin="0"/><net_sink comp="120" pin=1"/></net>

<net id="131"><net_src comp="43" pin="3"/><net_sink comp="128" pin=0"/></net>

<net id="132"><net_src comp="128" pin="1"/><net_sink comp="83" pin=2"/></net>

<net id="133"><net_src comp="128" pin="1"/><net_sink comp="91" pin=2"/></net>

<net id="138"><net_src comp="125" pin="1"/><net_sink comp="134" pin=0"/></net>

<net id="139"><net_src comp="43" pin="3"/><net_sink comp="134" pin=1"/></net>

<net id="144"><net_src comp="120" pin="2"/><net_sink comp="140" pin=0"/></net>

<net id="148"><net_src comp="32" pin="1"/><net_sink comp="145" pin=0"/></net>

<net id="149"><net_src comp="145" pin="1"/><net_sink comp="101" pin=1"/></net>

<net id="150"><net_src comp="145" pin="1"/><net_sink comp="106" pin=0"/></net>

<net id="151"><net_src comp="145" pin="1"/><net_sink comp="140" pin=1"/></net>

<net id="155"><net_src comp="106" pin="1"/><net_sink comp="152" pin=0"/></net>

<net id="156"><net_src comp="152" pin="1"/><net_sink comp="120" pin=0"/></net>

<net id="157"><net_src comp="152" pin="1"/><net_sink comp="125" pin=0"/></net>

<net id="161"><net_src comp="109" pin="2"/><net_sink comp="158" pin=0"/></net>

<net id="165"><net_src comp="115" pin="1"/><net_sink comp="162" pin=0"/></net>

<net id="166"><net_src comp="162" pin="1"/><net_sink comp="49" pin=2"/></net>

<net id="167"><net_src comp="162" pin="1"/><net_sink comp="66" pin=2"/></net>

<net id="171"><net_src comp="36" pin="3"/><net_sink comp="168" pin=0"/></net>

<net id="172"><net_src comp="168" pin="1"/><net_sink comp="43" pin=0"/></net>

<net id="176"><net_src comp="134" pin="2"/><net_sink comp="173" pin=0"/></net>

<net id="180"><net_src comp="49" pin="3"/><net_sink comp="177" pin=0"/></net>

<net id="181"><net_src comp="177" pin="1"/><net_sink comp="56" pin=2"/></net>

<net id="185"><net_src comp="66" pin="3"/><net_sink comp="182" pin=0"/></net>

<net id="186"><net_src comp="182" pin="1"/><net_sink comp="73" pin=2"/></net>

<net id="190"><net_src comp="83" pin="3"/><net_sink comp="187" pin=0"/></net>

<net id="191"><net_src comp="187" pin="1"/><net_sink comp="56" pin=0"/></net>

<net id="195"><net_src comp="91" pin="3"/><net_sink comp="192" pin=0"/></net>

<net id="196"><net_src comp="192" pin="1"/><net_sink comp="73" pin=0"/></net>

<net id="200"><net_src comp="56" pin="7"/><net_sink comp="197" pin=0"/></net>

<net id="201"><net_src comp="197" pin="1"/><net_sink comp="56" pin=1"/></net>

<net id="205"><net_src comp="73" pin="7"/><net_sink comp="202" pin=0"/></net>

<net id="206"><net_src comp="202" pin="1"/><net_sink comp="73" pin=1"/></net>

</net_list>

</model> 
---------------- Datapath Model END ------------------

* FSMD analyzer results:
  - Output states:
	Port: x_M_real | {3 4 }
	Port: x_M_imag | {3 4 }
	Port: br_lut | {}
 - Input state : 
	Port: fft_fast_Pipeline_VITIS_LOOP_7_1 : x_M_real | {2 3 }
	Port: fft_fast_Pipeline_VITIS_LOOP_7_1 : x_M_imag | {2 3 }
	Port: fft_fast_Pipeline_VITIS_LOOP_7_1 : br_lut | {1 2 }
  - Chain level:
	State 1
		store_ln0 : 1
		i_1 : 1
		icmp_ln7 : 2
		br_ln7 : 3
		i_cast2 : 2
		br_lut_addr : 3
		br_lut_load : 4
	State 2
		zext_ln9 : 1
		icmp_ln9 : 1
		br_ln9 : 2
		x_M_real_load : 1
		x_M_imag_load : 1
		x_M_real_addr_1 : 2
		x_M_real_load_1 : 3
		x_M_imag_addr_1 : 2
		x_M_imag_load_1 : 3
		store_ln7 : 1
	State 3
		store_ln11 : 1
		store_ln11 : 1
	State 4


============================================================
+ Verbose Summary: Datapath Resource usage 
============================================================

* Functional unit list:
|----------|------------------|---------|---------|
| Operation|  Functional Unit |    FF   |   LUT   |
|----------|------------------|---------|---------|
|   icmp   |  icmp_ln7_fu_109 |    0    |    11   |
|          |  icmp_ln9_fu_134 |    0    |    11   |
|----------|------------------|---------|---------|
|    add   |  add_ln7_fu_120  |    0    |    12   |
|----------|------------------|---------|---------|
|   zext   |  i_cast2_fu_115  |    0    |    0    |
|          |  zext_ln9_fu_128 |    0    |    0    |
|----------|------------------|---------|---------|
|   trunc  | trunc_ln7_fu_125 |    0    |    0    |
|----------|------------------|---------|---------|
|   Total  |                  |    0    |    34   |
|----------|------------------|---------|---------|

Memories:
N/A

* Register list:
+-----------------------+--------+
|                       |   FF   |
+-----------------------+--------+
|  br_lut_addr_reg_168  |   10   |
|      i_1_reg_152      |   11   |
|    i_cast2_reg_162    |   64   |
|       i_reg_145       |   11   |
|    icmp_ln7_reg_158   |    1   |
|    icmp_ln9_reg_173   |    1   |
|x_M_imag_addr_1_reg_192|   10   |
| x_M_imag_addr_reg_182 |   10   |
| x_M_imag_load_reg_202 |   26   |
|x_M_real_addr_1_reg_187|   10   |
| x_M_real_addr_reg_177 |   10   |
| x_M_real_load_reg_197 |   26   |
+-----------------------+--------+
|         Total         |   190  |
+-----------------------+--------+

* Multiplexer (MUX) list: 
|------------------|------|------|------|--------||---------||---------|
|       Comp       |  Pin | Size |  BW  | S x BW ||  Delay  ||   LUT   |
|------------------|------|------|------|--------||---------||---------|
| grp_access_fu_43 |  p0  |   2  |  10  |   20   ||    9    |
| grp_access_fu_56 |  p0  |   2  |  10  |   20   ||    9    |
| grp_access_fu_56 |  p2  |   2  |   0  |    0   ||    9    |
| grp_access_fu_73 |  p0  |   2  |  10  |   20   ||    9    |
| grp_access_fu_73 |  p2  |   2  |   0  |    0   ||    9    |
|------------------|------|------|------|--------||---------||---------|
|       Total      |      |      |      |   60   ||   7.94  ||    45   |
|------------------|------|------|------|--------||---------||---------|



* Summary:
+-----------+--------+--------+--------+
|           |  Delay |   FF   |   LUT  |
+-----------+--------+--------+--------+
|  Function |    -   |    0   |   34   |
|   Memory  |    -   |    -   |    -   |
|Multiplexer|    7   |    -   |   45   |
|  Register |    -   |   190  |    -   |
+-----------+--------+--------+--------+
|   Total   |    7   |   190  |   79   |
+-----------+--------+--------+--------+
