

================================================================
== Vitis HLS Report for 'fft_1024_top_Pipeline_VITIS_LOOP_54_2'
================================================================
* Date:           Tue May  5 17:02:17 2026

* Version:        2022.1 (Build 3526262 on Mon Apr 18 15:48:16 MDT 2022)
* Project:        fft_project_wlo
* Solution:       solution1 (Vivado IP Flow Target)
* Product family: zynq
* Target device:  xc7z020-clg484-1


================================================================
== Performance Estimates
================================================================
+ Timing: 
    * Summary: 
    +--------+----------+----------+------------+
    |  Clock |  Target  | Estimated| Uncertainty|
    +--------+----------+----------+------------+
    |ap_clk  |  10.00 ns|  7.222 ns|     2.70 ns|
    +--------+----------+----------+------------+

+ Latency: 
    * Summary: 
    +---------+---------+-----------+-----------+------+------+---------+
    |  Latency (cycles) |   Latency (absolute)  |   Interval  | Pipeline|
    |   min   |   max   |    min    |    max    |  min |  max |   Type  |
    +---------+---------+-----------+-----------+------+------+---------+
    |     1035|     1035|  10.350 us|  10.350 us|  1035|  1035|       no|
    +---------+---------+-----------+-----------+------+------+---------+

    + Detail: 
        * Instance: 
        N/A

        * Loop: 
        +-------------------+---------+---------+----------+-----------+-----------+------+----------+
        |                   |  Latency (cycles) | Iteration|  Initiation Interval  | Trip |          |
        |     Loop Name     |   min   |   max   |  Latency |  achieved |   target  | Count| Pipelined|
        +-------------------+---------+---------+----------+-----------+-----------+------+----------+
        |- VITIS_LOOP_54_2  |     1033|     1033|        11|          1|          1|  1024|       yes|
        +-------------------+---------+---------+----------+-----------+-----------+------+----------+

============================================================
+ Verbose Summary: Synthesis Manager
============================================================
InlineROM: 1
ExposeGlobal: 0
============================================================
+ Verbose Summary: CDFG Model
============================================================
IsTopModel: 0
ResetActiveHigh: 1
IsCombinational: 0
IsDatapathOnly: 0
HasWiredReturn: 1
HasMFsm: 2
HasVarLatency: 1
IsPipeline: 0
IsRtlPipelined: 0
IsInstanceOverlapped: 0
IsDontTouch: 0
HasImplIP: 0
IsGatedGlobalClock: 0

+ Individual pipeline summary: 
  * Pipeline-0: initiation interval (II) = 1, depth = 11


============================================================
+ Verbose Summary: Schedule
============================================================
* Number of FSM states : 11
* Pipeline : 1
  Pipeline-0 : II = 1, D = 11, States = { 1 2 3 4 5 6 7 8 9 10 11 }
* Dataflow Pipeline: 0

* FSM state transitions: 
1 --> 2 
2 --> 3 
3 --> 4 
4 --> 5 
5 --> 6 
6 --> 7 
7 --> 8 
8 --> 9 
9 --> 10 
10 --> 11 
11 --> 

* FSM state operations: 

State 1 <SV = 0> <Delay = 3.46>
ST_1 : Operation 14 [1/1] (0.00ns)   --->   "%i_1 = alloca i32 1"   --->   Operation 14 'alloca' 'i_1' <Predicate = true> <Delay = 0.00>
ST_1 : Operation 15 [1/1] (0.00ns)   --->   "%specinterface_ln0 = specinterface void @_ssdm_op_SpecInterface, i1 %input_r_V_last_V, void @empty, i32 0, i32 0, void @empty_0, i32 0, i32 0, void @empty_1, void @empty_1, void @empty_1, i32 0, i32 0, i32 0, i32 0, void @empty_1, void @empty_1, i32 4294967295, i32 0"   --->   Operation 15 'specinterface' 'specinterface_ln0' <Predicate = true> <Delay = 0.00>
ST_1 : Operation 16 [1/1] (0.00ns)   --->   "%specinterface_ln0 = specinterface void @_ssdm_op_SpecInterface, i8 %input_r_V_strb_V, void @empty, i32 0, i32 0, void @empty_0, i32 0, i32 0, void @empty_1, void @empty_1, void @empty_1, i32 0, i32 0, i32 0, i32 0, void @empty_1, void @empty_1, i32 4294967295, i32 0"   --->   Operation 16 'specinterface' 'specinterface_ln0' <Predicate = true> <Delay = 0.00>
ST_1 : Operation 17 [1/1] (0.00ns)   --->   "%specinterface_ln0 = specinterface void @_ssdm_op_SpecInterface, i8 %input_r_V_keep_V, void @empty, i32 0, i32 0, void @empty_0, i32 0, i32 0, void @empty_1, void @empty_1, void @empty_1, i32 0, i32 0, i32 0, i32 0, void @empty_1, void @empty_1, i32 4294967295, i32 0"   --->   Operation 17 'specinterface' 'specinterface_ln0' <Predicate = true> <Delay = 0.00>
ST_1 : Operation 18 [1/1] (0.00ns)   --->   "%specinterface_ln0 = specinterface void @_ssdm_op_SpecInterface, i64 %input_r_V_data_V, void @empty, i32 0, i32 0, void @empty_0, i32 0, i32 0, void @empty_1, void @empty_1, void @empty_1, i32 0, i32 0, i32 0, i32 0, void @empty_1, void @empty_1, i32 4294967295, i32 0"   --->   Operation 18 'specinterface' 'specinterface_ln0' <Predicate = true> <Delay = 0.00>
ST_1 : Operation 19 [1/1] (1.58ns)   --->   "%store_ln0 = store i11 0, i11 %i_1"   --->   Operation 19 'store' 'store_ln0' <Predicate = true> <Delay = 1.58>
ST_1 : Operation 20 [1/1] (0.00ns)   --->   "%br_ln0 = br void %for.inc33"   --->   Operation 20 'br' 'br_ln0' <Predicate = true> <Delay = 0.00>
ST_1 : Operation 21 [1/1] (0.00ns)   --->   "%i = load i11 %i_1" [fft_project_wlo/fft.cpp:54]   --->   Operation 21 'load' 'i' <Predicate = true> <Delay = 0.00>
ST_1 : Operation 22 [1/1] (0.00ns)   --->   "%specpipeline_ln0 = specpipeline void @_ssdm_op_SpecPipeline, i32 4294967295, i32 0, i32 1, i32 0, void @p_str"   --->   Operation 22 'specpipeline' 'specpipeline_ln0' <Predicate = true> <Delay = 0.00>
ST_1 : Operation 23 [1/1] (1.88ns)   --->   "%icmp_ln54 = icmp_eq  i11 %i, i11 1024" [fft_project_wlo/fft.cpp:54]   --->   Operation 23 'icmp' 'icmp_ln54' <Predicate = true> <Delay = 1.88> <CoreInst = "Cmp">   --->   Core 9 'Cmp' <Latency = 0> <II = 1> <Delay = 1.88> <FuncUnit> <Opcode : 'icmp'> <InPorts = 2> <OutPorts = 1>
ST_1 : Operation 24 [1/1] (0.00ns)   --->   "%empty = speclooptripcount i32 @_ssdm_op_SpecLoopTripCount, i64 1024, i64 1024, i64 1024"   --->   Operation 24 'speclooptripcount' 'empty' <Predicate = true> <Delay = 0.00>
ST_1 : Operation 25 [1/1] (1.63ns)   --->   "%add_ln54 = add i11 %i, i11 1" [fft_project_wlo/fft.cpp:54]   --->   Operation 25 'add' 'add_ln54' <Predicate = true> <Delay = 1.63> <CoreInst = "Adder">   --->   Core 1 'Adder' <Latency = 0> <II = 1> <Delay = 1.63> <FuncUnit> <Opcode : 'add' 'sub'> <InPorts = 2> <OutPorts = 1>
ST_1 : Operation 26 [1/1] (0.00ns)   --->   "%br_ln54 = br i1 %icmp_ln54, void %for.inc33.split_ifconv, void %for.end35.exitStub" [fft_project_wlo/fft.cpp:54]   --->   Operation 26 'br' 'br_ln54' <Predicate = true> <Delay = 0.00>
ST_1 : Operation 27 [1/1] (0.00ns)   --->   "%empty_29 = read i81 @_ssdm_op_Read.axis.volatile.i64P0A.i8P0A.i8P0A.i1P0A, i64 %input_r_V_data_V, i8 %input_r_V_keep_V, i8 %input_r_V_strb_V, i1 %input_r_V_last_V"   --->   Operation 27 'read' 'empty_29' <Predicate = (!icmp_ln54)> <Delay = 0.00> <CoreInst = "axis">   --->   Core 115 'axis' <Latency = 0> <II = 1> <Delay = 1.00> <Adapter> <Opcode : >
ST_1 : Operation 28 [1/1] (0.00ns)   --->   "%p_0 = extractvalue i81 %empty_29"   --->   Operation 28 'extractvalue' 'p_0' <Predicate = (!icmp_ln54)> <Delay = 0.00>
ST_1 : Operation 29 [1/1] (0.00ns)   --->   "%trunc_ln293 = trunc i64 %p_0"   --->   Operation 29 'trunc' 'trunc_ln293' <Predicate = (!icmp_ln54)> <Delay = 0.00>
ST_1 : Operation 30 [1/1] (0.00ns)   --->   "%trunc_ln293_3 = partselect i32 @_ssdm_op_PartSelect.i32.i64.i32.i32, i64 %p_0, i32 32, i32 63"   --->   Operation 30 'partselect' 'trunc_ln293_3' <Predicate = (!icmp_ln54)> <Delay = 0.00>
ST_1 : Operation 31 [1/1] (1.58ns)   --->   "%store_ln54 = store i11 %add_ln54, i11 %i_1" [fft_project_wlo/fft.cpp:54]   --->   Operation 31 'store' 'store_ln54' <Predicate = (!icmp_ln54)> <Delay = 1.58>

State 2 <SV = 1> <Delay = 5.70>
ST_2 : Operation 32 [1/1] (0.00ns)   --->   "%tmp_data_M_value = bitcast i32 %trunc_ln293"   --->   Operation 32 'bitcast' 'tmp_data_M_value' <Predicate = true> <Delay = 0.00>
ST_2 : Operation 33 [1/1] (0.00ns)   --->   "%tmp_data_M_value_2 = bitcast i32 %trunc_ln293_3"   --->   Operation 33 'bitcast' 'tmp_data_M_value_2' <Predicate = true> <Delay = 0.00>
ST_2 : Operation 34 [4/4] (5.70ns)   --->   "%v_assign_2 = fmul i32 %tmp_data_M_value, i32 6.10352e-05" [fft_project_wlo/fft.cpp:56]   --->   Operation 34 'fmul' 'v_assign_2' <Predicate = true> <Delay = 5.70> <CoreInst = "FMul_maxdsp">   --->   Core 30 'FMul_maxdsp' <Latency = 3> <II = 1> <Delay = 5.70> <FuncUnit> <Opcode : 'fmul'> <InPorts = 2> <OutPorts = 1>
ST_2 : Operation 35 [4/4] (5.70ns)   --->   "%v_assign_3 = fmul i32 %tmp_data_M_value_2, i32 6.10352e-05" [fft_project_wlo/fft.cpp:57]   --->   Operation 35 'fmul' 'v_assign_3' <Predicate = true> <Delay = 5.70> <CoreInst = "FMul_maxdsp">   --->   Core 30 'FMul_maxdsp' <Latency = 3> <II = 1> <Delay = 5.70> <FuncUnit> <Opcode : 'fmul'> <InPorts = 2> <OutPorts = 1>

State 3 <SV = 2> <Delay = 5.70>
ST_3 : Operation 36 [3/4] (5.70ns)   --->   "%v_assign_2 = fmul i32 %tmp_data_M_value, i32 6.10352e-05" [fft_project_wlo/fft.cpp:56]   --->   Operation 36 'fmul' 'v_assign_2' <Predicate = true> <Delay = 5.70> <CoreInst = "FMul_maxdsp">   --->   Core 30 'FMul_maxdsp' <Latency = 3> <II = 1> <Delay = 5.70> <FuncUnit> <Opcode : 'fmul'> <InPorts = 2> <OutPorts = 1>
ST_3 : Operation 37 [3/4] (5.70ns)   --->   "%v_assign_3 = fmul i32 %tmp_data_M_value_2, i32 6.10352e-05" [fft_project_wlo/fft.cpp:57]   --->   Operation 37 'fmul' 'v_assign_3' <Predicate = true> <Delay = 5.70> <CoreInst = "FMul_maxdsp">   --->   Core 30 'FMul_maxdsp' <Latency = 3> <II = 1> <Delay = 5.70> <FuncUnit> <Opcode : 'fmul'> <InPorts = 2> <OutPorts = 1>

State 4 <SV = 3> <Delay = 5.70>
ST_4 : Operation 38 [2/4] (5.70ns)   --->   "%v_assign_2 = fmul i32 %tmp_data_M_value, i32 6.10352e-05" [fft_project_wlo/fft.cpp:56]   --->   Operation 38 'fmul' 'v_assign_2' <Predicate = true> <Delay = 5.70> <CoreInst = "FMul_maxdsp">   --->   Core 30 'FMul_maxdsp' <Latency = 3> <II = 1> <Delay = 5.70> <FuncUnit> <Opcode : 'fmul'> <InPorts = 2> <OutPorts = 1>
ST_4 : Operation 39 [2/4] (5.70ns)   --->   "%v_assign_3 = fmul i32 %tmp_data_M_value_2, i32 6.10352e-05" [fft_project_wlo/fft.cpp:57]   --->   Operation 39 'fmul' 'v_assign_3' <Predicate = true> <Delay = 5.70> <CoreInst = "FMul_maxdsp">   --->   Core 30 'FMul_maxdsp' <Latency = 3> <II = 1> <Delay = 5.70> <FuncUnit> <Opcode : 'fmul'> <InPorts = 2> <OutPorts = 1>

State 5 <SV = 4> <Delay = 5.70>
ST_5 : Operation 40 [1/4] (5.70ns)   --->   "%v_assign_2 = fmul i32 %tmp_data_M_value, i32 6.10352e-05" [fft_project_wlo/fft.cpp:56]   --->   Operation 40 'fmul' 'v_assign_2' <Predicate = true> <Delay = 5.70> <CoreInst = "FMul_maxdsp">   --->   Core 30 'FMul_maxdsp' <Latency = 3> <II = 1> <Delay = 5.70> <FuncUnit> <Opcode : 'fmul'> <InPorts = 2> <OutPorts = 1>
ST_5 : Operation 41 [1/4] (5.70ns)   --->   "%v_assign_3 = fmul i32 %tmp_data_M_value_2, i32 6.10352e-05" [fft_project_wlo/fft.cpp:57]   --->   Operation 41 'fmul' 'v_assign_3' <Predicate = true> <Delay = 5.70> <CoreInst = "FMul_maxdsp">   --->   Core 30 'FMul_maxdsp' <Latency = 3> <II = 1> <Delay = 5.70> <FuncUnit> <Opcode : 'fmul'> <InPorts = 2> <OutPorts = 1>

State 6 <SV = 5> <Delay = 4.43>
ST_6 : Operation 42 [2/2] (4.43ns)   --->   "%d = fpext i32 %v_assign_2"   --->   Operation 42 'fpext' 'd' <Predicate = true> <Delay = 4.43> <CoreInst = "Float2Double">   --->   Core 64 'Float2Double' <Latency = 1> <II = 1> <Delay = 4.43> <FuncUnit> <Opcode : 'fpext'> <InPorts = 1> <OutPorts = 1>
ST_6 : Operation 43 [2/2] (4.43ns)   --->   "%d_1 = fpext i32 %v_assign_3"   --->   Operation 43 'fpext' 'd_1' <Predicate = true> <Delay = 4.43> <CoreInst = "Float2Double">   --->   Core 64 'Float2Double' <Latency = 1> <II = 1> <Delay = 4.43> <FuncUnit> <Opcode : 'fpext'> <InPorts = 1> <OutPorts = 1>

State 7 <SV = 6> <Delay = 7.22>
ST_7 : Operation 44 [1/2] (4.43ns)   --->   "%d = fpext i32 %v_assign_2"   --->   Operation 44 'fpext' 'd' <Predicate = true> <Delay = 4.43> <CoreInst = "Float2Double">   --->   Core 64 'Float2Double' <Latency = 1> <II = 1> <Delay = 4.43> <FuncUnit> <Opcode : 'fpext'> <InPorts = 1> <OutPorts = 1>
ST_7 : Operation 45 [1/1] (0.00ns)   --->   "%ireg = bitcast i64 %d"   --->   Operation 45 'bitcast' 'ireg' <Predicate = true> <Delay = 0.00>
ST_7 : Operation 46 [1/1] (0.00ns)   --->   "%trunc_ln590 = trunc i64 %ireg"   --->   Operation 46 'trunc' 'trunc_ln590' <Predicate = true> <Delay = 0.00>
ST_7 : Operation 47 [1/1] (0.00ns)   --->   "%p_Result_s = bitselect i1 @_ssdm_op_BitSelect.i1.i64.i32, i64 %ireg, i32 63"   --->   Operation 47 'bitselect' 'p_Result_s' <Predicate = true> <Delay = 0.00>
ST_7 : Operation 48 [1/1] (0.00ns)   --->   "%exp_tmp = partselect i11 @_ssdm_op_PartSelect.i11.i64.i32.i32, i64 %ireg, i32 52, i32 62"   --->   Operation 48 'partselect' 'exp_tmp' <Predicate = true> <Delay = 0.00>
ST_7 : Operation 49 [1/1] (0.00ns)   --->   "%trunc_ln600 = trunc i64 %ireg"   --->   Operation 49 'trunc' 'trunc_ln600' <Predicate = true> <Delay = 0.00>
ST_7 : Operation 50 [1/1] (2.78ns)   --->   "%icmp_ln606 = icmp_eq  i63 %trunc_ln590, i63 0"   --->   Operation 50 'icmp' 'icmp_ln606' <Predicate = true> <Delay = 2.78> <CoreInst = "Cmp">   --->   Core 9 'Cmp' <Latency = 0> <II = 1> <Delay = 2.78> <FuncUnit> <Opcode : 'icmp'> <InPorts = 2> <OutPorts = 1>
ST_7 : Operation 51 [1/2] (4.43ns)   --->   "%d_1 = fpext i32 %v_assign_3"   --->   Operation 51 'fpext' 'd_1' <Predicate = true> <Delay = 4.43> <CoreInst = "Float2Double">   --->   Core 64 'Float2Double' <Latency = 1> <II = 1> <Delay = 4.43> <FuncUnit> <Opcode : 'fpext'> <InPorts = 1> <OutPorts = 1>
ST_7 : Operation 52 [1/1] (0.00ns)   --->   "%ireg_1 = bitcast i64 %d_1"   --->   Operation 52 'bitcast' 'ireg_1' <Predicate = true> <Delay = 0.00>
ST_7 : Operation 53 [1/1] (0.00ns)   --->   "%trunc_ln590_1 = trunc i64 %ireg_1"   --->   Operation 53 'trunc' 'trunc_ln590_1' <Predicate = true> <Delay = 0.00>
ST_7 : Operation 54 [1/1] (0.00ns)   --->   "%p_Result_39 = bitselect i1 @_ssdm_op_BitSelect.i1.i64.i32, i64 %ireg_1, i32 63"   --->   Operation 54 'bitselect' 'p_Result_39' <Predicate = true> <Delay = 0.00>
ST_7 : Operation 55 [1/1] (0.00ns)   --->   "%exp_tmp_1 = partselect i11 @_ssdm_op_PartSelect.i11.i64.i32.i32, i64 %ireg_1, i32 52, i32 62"   --->   Operation 55 'partselect' 'exp_tmp_1' <Predicate = true> <Delay = 0.00>
ST_7 : Operation 56 [1/1] (0.00ns)   --->   "%trunc_ln600_1 = trunc i64 %ireg_1"   --->   Operation 56 'trunc' 'trunc_ln600_1' <Predicate = true> <Delay = 0.00>
ST_7 : Operation 57 [1/1] (2.78ns)   --->   "%icmp_ln606_1 = icmp_eq  i63 %trunc_ln590_1, i63 0"   --->   Operation 57 'icmp' 'icmp_ln606_1' <Predicate = true> <Delay = 2.78> <CoreInst = "Cmp">   --->   Core 9 'Cmp' <Latency = 0> <II = 1> <Delay = 2.78> <FuncUnit> <Opcode : 'icmp'> <InPorts = 2> <OutPorts = 1>

State 8 <SV = 7> <Delay = 4.51>
ST_8 : Operation 58 [1/1] (0.00ns)   --->   "%zext_ln501 = zext i11 %exp_tmp"   --->   Operation 58 'zext' 'zext_ln501' <Predicate = (!icmp_ln606)> <Delay = 0.00>
ST_8 : Operation 59 [1/1] (0.00ns)   --->   "%p_Result_38 = bitconcatenate i53 @_ssdm_op_BitConcatenate.i53.i1.i52, i1 1, i52 %trunc_ln600"   --->   Operation 59 'bitconcatenate' 'p_Result_38' <Predicate = (!icmp_ln606)> <Delay = 0.00>
ST_8 : Operation 60 [1/1] (0.00ns)   --->   "%zext_ln604 = zext i53 %p_Result_38"   --->   Operation 60 'zext' 'zext_ln604' <Predicate = (!icmp_ln606)> <Delay = 0.00>
ST_8 : Operation 61 [1/1] (3.23ns)   --->   "%man_V_1 = sub i54 0, i54 %zext_ln604"   --->   Operation 61 'sub' 'man_V_1' <Predicate = (p_Result_s & !icmp_ln606)> <Delay = 3.23> <CoreInst = "Adder">   --->   Core 1 'Adder' <Latency = 0> <II = 1> <Delay = 3.23> <FuncUnit> <Opcode : 'add' 'sub'> <InPorts = 2> <OutPorts = 1>
ST_8 : Operation 62 [1/1] (0.94ns)   --->   "%man_V_2 = select i1 %p_Result_s, i54 %man_V_1, i54 %zext_ln604"   --->   Operation 62 'select' 'man_V_2' <Predicate = (!icmp_ln606)> <Delay = 0.94> <CoreInst = "Sel">   --->   Core 73 'Sel' <Latency = 0> <II = 1> <Delay = 0.94> <FuncUnit> <Opcode : 'select'> <InPorts = 3> <OutPorts = 1>
ST_8 : Operation 63 [1/1] (1.54ns)   --->   "%F2 = sub i12 1075, i12 %zext_ln501"   --->   Operation 63 'sub' 'F2' <Predicate = (!icmp_ln606)> <Delay = 1.54> <CoreInst = "Adder">   --->   Core 1 'Adder' <Latency = 0> <II = 1> <Delay = 1.54> <FuncUnit> <Opcode : 'add' 'sub'> <InPorts = 2> <OutPorts = 1>
ST_8 : Operation 64 [1/1] (1.99ns)   --->   "%icmp_ln616 = icmp_sgt  i12 %F2, i12 24"   --->   Operation 64 'icmp' 'icmp_ln616' <Predicate = (!icmp_ln606)> <Delay = 1.99> <CoreInst = "Cmp">   --->   Core 9 'Cmp' <Latency = 0> <II = 1> <Delay = 1.99> <FuncUnit> <Opcode : 'icmp'> <InPorts = 2> <OutPorts = 1>
ST_8 : Operation 65 [1/1] (1.54ns)   --->   "%add_ln616 = add i12 %F2, i12 4072"   --->   Operation 65 'add' 'add_ln616' <Predicate = (!icmp_ln606)> <Delay = 1.54> <CoreInst = "Adder">   --->   Core 1 'Adder' <Latency = 0> <II = 1> <Delay = 1.54> <FuncUnit> <Opcode : 'add' 'sub'> <InPorts = 2> <OutPorts = 1>
ST_8 : Operation 66 [1/1] (1.54ns)   --->   "%sub_ln616 = sub i12 24, i12 %F2"   --->   Operation 66 'sub' 'sub_ln616' <Predicate = (!icmp_ln606)> <Delay = 1.54> <CoreInst = "Adder">   --->   Core 1 'Adder' <Latency = 0> <II = 1> <Delay = 1.54> <FuncUnit> <Opcode : 'add' 'sub'> <InPorts = 2> <OutPorts = 1>
ST_8 : Operation 67 [1/1] (0.69ns)   --->   "%sh_amt = select i1 %icmp_ln616, i12 %add_ln616, i12 %sub_ln616"   --->   Operation 67 'select' 'sh_amt' <Predicate = (!icmp_ln606)> <Delay = 0.69> <CoreInst = "Sel">   --->   Core 73 'Sel' <Latency = 0> <II = 1> <Delay = 0.69> <FuncUnit> <Opcode : 'select'> <InPorts = 3> <OutPorts = 1>
ST_8 : Operation 68 [1/1] (1.99ns)   --->   "%icmp_ln617 = icmp_eq  i12 %F2, i12 24"   --->   Operation 68 'icmp' 'icmp_ln617' <Predicate = (!icmp_ln606)> <Delay = 1.99> <CoreInst = "Cmp">   --->   Core 9 'Cmp' <Latency = 0> <II = 1> <Delay = 1.99> <FuncUnit> <Opcode : 'icmp'> <InPorts = 2> <OutPorts = 1>
ST_8 : Operation 69 [1/1] (0.00ns)   --->   "%trunc_ln618 = trunc i54 %man_V_2"   --->   Operation 69 'trunc' 'trunc_ln618' <Predicate = (!icmp_ln606)> <Delay = 0.00>
ST_8 : Operation 70 [1/1] (0.00ns) (grouped into LUT with out node and_ln616)   --->   "%or_ln617 = or i1 %icmp_ln606, i1 %icmp_ln617"   --->   Operation 70 'or' 'or_ln617' <Predicate = (!icmp_ln606)> <Delay = 0.00> <CoreInst = "LogicGate">   --->   Core 74 'LogicGate' <Latency = 0> <II = 1> <Delay = 0.97> <FuncUnit> <Opcode : 'and' 'or' 'xor'> <InPorts = 2> <OutPorts = 1>
ST_8 : Operation 71 [1/1] (0.00ns) (grouped into LUT with out node and_ln616)   --->   "%xor_ln617 = xor i1 %or_ln617, i1 1"   --->   Operation 71 'xor' 'xor_ln617' <Predicate = (!icmp_ln606)> <Delay = 0.00> <CoreInst = "LogicGate">   --->   Core 74 'LogicGate' <Latency = 0> <II = 1> <Delay = 0.97> <FuncUnit> <Opcode : 'and' 'or' 'xor'> <InPorts = 2> <OutPorts = 1>
ST_8 : Operation 72 [1/1] (0.97ns) (out node of the LUT)   --->   "%and_ln616 = and i1 %icmp_ln616, i1 %xor_ln617"   --->   Operation 72 'and' 'and_ln616' <Predicate = (!icmp_ln606)> <Delay = 0.97> <CoreInst = "LogicGate">   --->   Core 74 'LogicGate' <Latency = 0> <II = 1> <Delay = 0.97> <FuncUnit> <Opcode : 'and' 'or' 'xor'> <InPorts = 2> <OutPorts = 1>
ST_8 : Operation 73 [1/1] (0.00ns)   --->   "%zext_ln501_1 = zext i11 %exp_tmp_1"   --->   Operation 73 'zext' 'zext_ln501_1' <Predicate = (!icmp_ln606_1)> <Delay = 0.00>
ST_8 : Operation 74 [1/1] (0.00ns)   --->   "%p_Result_40 = bitconcatenate i53 @_ssdm_op_BitConcatenate.i53.i1.i52, i1 1, i52 %trunc_ln600_1"   --->   Operation 74 'bitconcatenate' 'p_Result_40' <Predicate = (!icmp_ln606_1)> <Delay = 0.00>
ST_8 : Operation 75 [1/1] (0.00ns)   --->   "%zext_ln604_1 = zext i53 %p_Result_40"   --->   Operation 75 'zext' 'zext_ln604_1' <Predicate = (!icmp_ln606_1)> <Delay = 0.00>
ST_8 : Operation 76 [1/1] (3.23ns)   --->   "%man_V_4 = sub i54 0, i54 %zext_ln604_1"   --->   Operation 76 'sub' 'man_V_4' <Predicate = (p_Result_39 & !icmp_ln606_1)> <Delay = 3.23> <CoreInst = "Adder">   --->   Core 1 'Adder' <Latency = 0> <II = 1> <Delay = 3.23> <FuncUnit> <Opcode : 'add' 'sub'> <InPorts = 2> <OutPorts = 1>
ST_8 : Operation 77 [1/1] (0.94ns)   --->   "%man_V_5 = select i1 %p_Result_39, i54 %man_V_4, i54 %zext_ln604_1"   --->   Operation 77 'select' 'man_V_5' <Predicate = (!icmp_ln606_1)> <Delay = 0.94> <CoreInst = "Sel">   --->   Core 73 'Sel' <Latency = 0> <II = 1> <Delay = 0.94> <FuncUnit> <Opcode : 'select'> <InPorts = 3> <OutPorts = 1>
ST_8 : Operation 78 [1/1] (1.54ns)   --->   "%F2_1 = sub i12 1075, i12 %zext_ln501_1"   --->   Operation 78 'sub' 'F2_1' <Predicate = (!icmp_ln606_1)> <Delay = 1.54> <CoreInst = "Adder">   --->   Core 1 'Adder' <Latency = 0> <II = 1> <Delay = 1.54> <FuncUnit> <Opcode : 'add' 'sub'> <InPorts = 2> <OutPorts = 1>
ST_8 : Operation 79 [1/1] (1.99ns)   --->   "%icmp_ln616_1 = icmp_sgt  i12 %F2_1, i12 24"   --->   Operation 79 'icmp' 'icmp_ln616_1' <Predicate = (!icmp_ln606_1)> <Delay = 1.99> <CoreInst = "Cmp">   --->   Core 9 'Cmp' <Latency = 0> <II = 1> <Delay = 1.99> <FuncUnit> <Opcode : 'icmp'> <InPorts = 2> <OutPorts = 1>
ST_8 : Operation 80 [1/1] (1.54ns)   --->   "%add_ln616_1 = add i12 %F2_1, i12 4072"   --->   Operation 80 'add' 'add_ln616_1' <Predicate = (!icmp_ln606_1)> <Delay = 1.54> <CoreInst = "Adder">   --->   Core 1 'Adder' <Latency = 0> <II = 1> <Delay = 1.54> <FuncUnit> <Opcode : 'add' 'sub'> <InPorts = 2> <OutPorts = 1>
ST_8 : Operation 81 [1/1] (1.54ns)   --->   "%sub_ln616_1 = sub i12 24, i12 %F2_1"   --->   Operation 81 'sub' 'sub_ln616_1' <Predicate = (!icmp_ln606_1)> <Delay = 1.54> <CoreInst = "Adder">   --->   Core 1 'Adder' <Latency = 0> <II = 1> <Delay = 1.54> <FuncUnit> <Opcode : 'add' 'sub'> <InPorts = 2> <OutPorts = 1>
ST_8 : Operation 82 [1/1] (0.69ns)   --->   "%sh_amt_1 = select i1 %icmp_ln616_1, i12 %add_ln616_1, i12 %sub_ln616_1"   --->   Operation 82 'select' 'sh_amt_1' <Predicate = (!icmp_ln606_1)> <Delay = 0.69> <CoreInst = "Sel">   --->   Core 73 'Sel' <Latency = 0> <II = 1> <Delay = 0.69> <FuncUnit> <Opcode : 'select'> <InPorts = 3> <OutPorts = 1>
ST_8 : Operation 83 [1/1] (1.99ns)   --->   "%icmp_ln617_1 = icmp_eq  i12 %F2_1, i12 24"   --->   Operation 83 'icmp' 'icmp_ln617_1' <Predicate = (!icmp_ln606_1)> <Delay = 1.99> <CoreInst = "Cmp">   --->   Core 9 'Cmp' <Latency = 0> <II = 1> <Delay = 1.99> <FuncUnit> <Opcode : 'icmp'> <InPorts = 2> <OutPorts = 1>
ST_8 : Operation 84 [1/1] (0.00ns)   --->   "%trunc_ln618_1 = trunc i54 %man_V_5"   --->   Operation 84 'trunc' 'trunc_ln618_1' <Predicate = (!icmp_ln606_1)> <Delay = 0.00>
ST_8 : Operation 85 [1/1] (0.00ns) (grouped into LUT with out node and_ln616_1)   --->   "%or_ln617_1 = or i1 %icmp_ln606_1, i1 %icmp_ln617_1"   --->   Operation 85 'or' 'or_ln617_1' <Predicate = (!icmp_ln606_1)> <Delay = 0.00> <CoreInst = "LogicGate">   --->   Core 74 'LogicGate' <Latency = 0> <II = 1> <Delay = 0.97> <FuncUnit> <Opcode : 'and' 'or' 'xor'> <InPorts = 2> <OutPorts = 1>
ST_8 : Operation 86 [1/1] (0.00ns) (grouped into LUT with out node and_ln616_1)   --->   "%xor_ln617_1 = xor i1 %or_ln617_1, i1 1"   --->   Operation 86 'xor' 'xor_ln617_1' <Predicate = (!icmp_ln606_1)> <Delay = 0.00> <CoreInst = "LogicGate">   --->   Core 74 'LogicGate' <Latency = 0> <II = 1> <Delay = 0.97> <FuncUnit> <Opcode : 'and' 'or' 'xor'> <InPorts = 2> <OutPorts = 1>
ST_8 : Operation 87 [1/1] (0.97ns) (out node of the LUT)   --->   "%and_ln616_1 = and i1 %icmp_ln616_1, i1 %xor_ln617_1"   --->   Operation 87 'and' 'and_ln616_1' <Predicate = (!icmp_ln606_1)> <Delay = 0.97> <CoreInst = "LogicGate">   --->   Core 74 'LogicGate' <Latency = 0> <II = 1> <Delay = 0.97> <FuncUnit> <Opcode : 'and' 'or' 'xor'> <InPorts = 2> <OutPorts = 1>

State 9 <SV = 8> <Delay = 6.24>
ST_9 : Operation 88 [1/1] (0.00ns)   --->   "%sext_ln616 = sext i12 %sh_amt"   --->   Operation 88 'sext' 'sext_ln616' <Predicate = (!icmp_ln606)> <Delay = 0.00>
ST_9 : Operation 89 [1/1] (1.99ns)   --->   "%icmp_ln620 = icmp_ult  i12 %sh_amt, i12 54"   --->   Operation 89 'icmp' 'icmp_ln620' <Predicate = (and_ln616 & !icmp_ln606)> <Delay = 1.99> <CoreInst = "Cmp">   --->   Core 9 'Cmp' <Latency = 0> <II = 1> <Delay = 1.99> <FuncUnit> <Opcode : 'icmp'> <InPorts = 2> <OutPorts = 1>
ST_9 : Operation 90 [1/1] (1.99ns)   --->   "%icmp_ln638 = icmp_ult  i12 %sh_amt, i12 26"   --->   Operation 90 'icmp' 'icmp_ln638' <Predicate = (!and_ln616 & !icmp_ln606)> <Delay = 1.99> <CoreInst = "Cmp">   --->   Core 9 'Cmp' <Latency = 0> <II = 1> <Delay = 1.99> <FuncUnit> <Opcode : 'icmp'> <InPorts = 2> <OutPorts = 1>
ST_9 : Operation 91 [1/1] (0.00ns) (grouped into LUT with out node select_ln617)   --->   "%sext_ln616cast = trunc i32 %sext_ln616"   --->   Operation 91 'trunc' 'sext_ln616cast' <Predicate = (!and_ln616 & !icmp_ln606)> <Delay = 0.00>
ST_9 : Operation 92 [1/1] (0.00ns) (grouped into LUT with out node select_ln617)   --->   "%shl_ln639 = shl i26 %trunc_ln618, i26 %sext_ln616cast"   --->   Operation 92 'shl' 'shl_ln639' <Predicate = (!and_ln616 & !icmp_ln606)> <Delay = 0.00> <CoreInst = "Shifter">   --->   Core 75 'Shifter' <Latency = 0> <II = 1> <Delay = 4.25> <FuncUnit> <Opcode : 'shl' 'lshr' 'ashr'> <InPorts = 2> <OutPorts = 1>
ST_9 : Operation 93 [1/1] (0.00ns) (grouped into LUT with out node select_ln617)   --->   "%select_ln638 = select i1 %icmp_ln638, i26 %shl_ln639, i26 0"   --->   Operation 93 'select' 'select_ln638' <Predicate = (!and_ln616 & !icmp_ln606)> <Delay = 0.00> <CoreInst = "Sel">   --->   Core 73 'Sel' <Latency = 0> <II = 1> <Delay = 0.76> <FuncUnit> <Opcode : 'select'> <InPorts = 3> <OutPorts = 1>
ST_9 : Operation 94 [1/1] (0.00ns) (grouped into LUT with out node select_ln617)   --->   "%xor_ln606 = xor i1 %icmp_ln606, i1 1"   --->   Operation 94 'xor' 'xor_ln606' <Predicate = (!and_ln616 & !icmp_ln606)> <Delay = 0.00> <CoreInst = "LogicGate">   --->   Core 74 'LogicGate' <Latency = 0> <II = 1> <Delay = 0.97> <FuncUnit> <Opcode : 'and' 'or' 'xor'> <InPorts = 2> <OutPorts = 1>
ST_9 : Operation 95 [1/1] (0.00ns) (grouped into LUT with out node select_ln617)   --->   "%and_ln617 = and i1 %icmp_ln617, i1 %xor_ln606"   --->   Operation 95 'and' 'and_ln617' <Predicate = (!and_ln616 & !icmp_ln606)> <Delay = 0.00> <CoreInst = "LogicGate">   --->   Core 74 'LogicGate' <Latency = 0> <II = 1> <Delay = 0.97> <FuncUnit> <Opcode : 'and' 'or' 'xor'> <InPorts = 2> <OutPorts = 1>
ST_9 : Operation 96 [1/1] (4.25ns) (out node of the LUT)   --->   "%select_ln617 = select i1 %and_ln617, i26 %trunc_ln618, i26 %select_ln638"   --->   Operation 96 'select' 'select_ln617' <Predicate = (!and_ln616 & !icmp_ln606)> <Delay = 4.25> <CoreInst = "Sel">   --->   Core 73 'Sel' <Latency = 0> <II = 1> <Delay = 0.76> <FuncUnit> <Opcode : 'select'> <InPorts = 3> <OutPorts = 1>
ST_9 : Operation 97 [1/1] (0.00ns)   --->   "%sext_ln616_1 = sext i12 %sh_amt_1"   --->   Operation 97 'sext' 'sext_ln616_1' <Predicate = (!icmp_ln606_1)> <Delay = 0.00>
ST_9 : Operation 98 [1/1] (1.99ns)   --->   "%icmp_ln620_1 = icmp_ult  i12 %sh_amt_1, i12 54"   --->   Operation 98 'icmp' 'icmp_ln620_1' <Predicate = (and_ln616_1 & !icmp_ln606_1)> <Delay = 1.99> <CoreInst = "Cmp">   --->   Core 9 'Cmp' <Latency = 0> <II = 1> <Delay = 1.99> <FuncUnit> <Opcode : 'icmp'> <InPorts = 2> <OutPorts = 1>
ST_9 : Operation 99 [1/1] (1.99ns)   --->   "%icmp_ln638_1 = icmp_ult  i12 %sh_amt_1, i12 26"   --->   Operation 99 'icmp' 'icmp_ln638_1' <Predicate = (!and_ln616_1 & !icmp_ln606_1)> <Delay = 1.99> <CoreInst = "Cmp">   --->   Core 9 'Cmp' <Latency = 0> <II = 1> <Delay = 1.99> <FuncUnit> <Opcode : 'icmp'> <InPorts = 2> <OutPorts = 1>
ST_9 : Operation 100 [1/1] (0.00ns) (grouped into LUT with out node select_ln617_1)   --->   "%sext_ln616_1cast = trunc i32 %sext_ln616_1"   --->   Operation 100 'trunc' 'sext_ln616_1cast' <Predicate = (!and_ln616_1 & !icmp_ln606_1)> <Delay = 0.00>
ST_9 : Operation 101 [1/1] (0.00ns) (grouped into LUT with out node select_ln617_1)   --->   "%shl_ln639_1 = shl i26 %trunc_ln618_1, i26 %sext_ln616_1cast"   --->   Operation 101 'shl' 'shl_ln639_1' <Predicate = (!and_ln616_1 & !icmp_ln606_1)> <Delay = 0.00> <CoreInst = "Shifter">   --->   Core 75 'Shifter' <Latency = 0> <II = 1> <Delay = 4.25> <FuncUnit> <Opcode : 'shl' 'lshr' 'ashr'> <InPorts = 2> <OutPorts = 1>
ST_9 : Operation 102 [1/1] (0.00ns) (grouped into LUT with out node select_ln617_1)   --->   "%select_ln638_1 = select i1 %icmp_ln638_1, i26 %shl_ln639_1, i26 0"   --->   Operation 102 'select' 'select_ln638_1' <Predicate = (!and_ln616_1 & !icmp_ln606_1)> <Delay = 0.00> <CoreInst = "Sel">   --->   Core 73 'Sel' <Latency = 0> <II = 1> <Delay = 0.76> <FuncUnit> <Opcode : 'select'> <InPorts = 3> <OutPorts = 1>
ST_9 : Operation 103 [1/1] (0.00ns) (grouped into LUT with out node select_ln617_1)   --->   "%xor_ln606_1 = xor i1 %icmp_ln606_1, i1 1"   --->   Operation 103 'xor' 'xor_ln606_1' <Predicate = (!and_ln616_1 & !icmp_ln606_1)> <Delay = 0.00> <CoreInst = "LogicGate">   --->   Core 74 'LogicGate' <Latency = 0> <II = 1> <Delay = 0.97> <FuncUnit> <Opcode : 'and' 'or' 'xor'> <InPorts = 2> <OutPorts = 1>
ST_9 : Operation 104 [1/1] (0.00ns) (grouped into LUT with out node select_ln617_1)   --->   "%and_ln617_1 = and i1 %icmp_ln617_1, i1 %xor_ln606_1"   --->   Operation 104 'and' 'and_ln617_1' <Predicate = (!and_ln616_1 & !icmp_ln606_1)> <Delay = 0.00> <CoreInst = "LogicGate">   --->   Core 74 'LogicGate' <Latency = 0> <II = 1> <Delay = 0.97> <FuncUnit> <Opcode : 'and' 'or' 'xor'> <InPorts = 2> <OutPorts = 1>
ST_9 : Operation 105 [1/1] (4.25ns) (out node of the LUT)   --->   "%select_ln617_1 = select i1 %and_ln617_1, i26 %trunc_ln618_1, i26 %select_ln638_1"   --->   Operation 105 'select' 'select_ln617_1' <Predicate = (!and_ln616_1 & !icmp_ln606_1)> <Delay = 4.25> <CoreInst = "Sel">   --->   Core 73 'Sel' <Latency = 0> <II = 1> <Delay = 0.76> <FuncUnit> <Opcode : 'select'> <InPorts = 3> <OutPorts = 1>

State 10 <SV = 9> <Delay = 5.37>
ST_10 : Operation 106 [1/1] (0.00ns) (grouped into LUT with out node select_ln616)   --->   "%zext_ln621 = zext i32 %sext_ln616"   --->   Operation 106 'zext' 'zext_ln621' <Predicate = (icmp_ln620 & and_ln616 & !icmp_ln606)> <Delay = 0.00>
ST_10 : Operation 107 [1/1] (0.00ns) (grouped into LUT with out node select_ln616)   --->   "%ashr_ln621 = ashr i54 %man_V_2, i54 %zext_ln621"   --->   Operation 107 'ashr' 'ashr_ln621' <Predicate = (icmp_ln620 & and_ln616 & !icmp_ln606)> <Delay = 0.00> <CoreInst = "Shifter">   --->   Core 75 'Shifter' <Latency = 0> <II = 1> <Delay = 4.61> <FuncUnit> <Opcode : 'shl' 'lshr' 'ashr'> <InPorts = 2> <OutPorts = 1>
ST_10 : Operation 108 [1/1] (0.00ns) (grouped into LUT with out node select_ln616)   --->   "%trunc_ln621 = trunc i54 %ashr_ln621"   --->   Operation 108 'trunc' 'trunc_ln621' <Predicate = (icmp_ln620 & and_ln616 & !icmp_ln606)> <Delay = 0.00>
ST_10 : Operation 109 [1/1] (0.00ns) (grouped into LUT with out node select_ln616)   --->   "%bitcast_ln768 = bitcast i32 %v_assign_2"   --->   Operation 109 'bitcast' 'bitcast_ln768' <Predicate = (!icmp_ln620 & and_ln616 & !icmp_ln606)> <Delay = 0.00>
ST_10 : Operation 110 [1/1] (0.00ns) (grouped into LUT with out node select_ln616)   --->   "%tmp = bitselect i1 @_ssdm_op_BitSelect.i1.i32.i32, i32 %bitcast_ln768, i32 31"   --->   Operation 110 'bitselect' 'tmp' <Predicate = (!icmp_ln620 & and_ln616 & !icmp_ln606)> <Delay = 0.00>
ST_10 : Operation 111 [1/1] (0.00ns) (grouped into LUT with out node select_ln616)   --->   "%select_ln623 = select i1 %tmp, i26 67108863, i26 0"   --->   Operation 111 'select' 'select_ln623' <Predicate = (!icmp_ln620 & and_ln616 & !icmp_ln606)> <Delay = 0.00> <CoreInst = "Sel">   --->   Core 73 'Sel' <Latency = 0> <II = 1> <Delay = 0.99> <FuncUnit> <Opcode : 'select'> <InPorts = 3> <OutPorts = 1>
ST_10 : Operation 112 [1/1] (0.00ns) (grouped into LUT with out node select_ln616)   --->   "%select_ln620 = select i1 %icmp_ln620, i26 %trunc_ln621, i26 %select_ln623"   --->   Operation 112 'select' 'select_ln620' <Predicate = (and_ln616 & !icmp_ln606)> <Delay = 0.00> <CoreInst = "Sel">   --->   Core 73 'Sel' <Latency = 0> <II = 1> <Delay = 0.76> <FuncUnit> <Opcode : 'select'> <InPorts = 3> <OutPorts = 1>
ST_10 : Operation 113 [1/1] (4.61ns) (out node of the LUT)   --->   "%select_ln616 = select i1 %and_ln616, i26 %select_ln620, i26 %select_ln617"   --->   Operation 113 'select' 'select_ln616' <Predicate = (!icmp_ln606)> <Delay = 4.61> <CoreInst = "Sel">   --->   Core 73 'Sel' <Latency = 0> <II = 1> <Delay = 0.76> <FuncUnit> <Opcode : 'select'> <InPorts = 3> <OutPorts = 1>
ST_10 : Operation 114 [1/1] (0.76ns) (out node of the LUT)   --->   "%p_val_V = select i1 %icmp_ln606, i26 0, i26 %select_ln616"   --->   Operation 114 'select' 'p_val_V' <Predicate = true> <Delay = 0.76> <CoreInst = "Sel">   --->   Core 73 'Sel' <Latency = 0> <II = 1> <Delay = 0.76> <FuncUnit> <Opcode : 'select'> <InPorts = 3> <OutPorts = 1>
ST_10 : Operation 115 [1/1] (0.00ns) (grouped into LUT with out node select_ln616_2)   --->   "%zext_ln621_1 = zext i32 %sext_ln616_1"   --->   Operation 115 'zext' 'zext_ln621_1' <Predicate = (icmp_ln620_1 & and_ln616_1 & !icmp_ln606_1)> <Delay = 0.00>
ST_10 : Operation 116 [1/1] (0.00ns) (grouped into LUT with out node select_ln616_2)   --->   "%ashr_ln621_1 = ashr i54 %man_V_5, i54 %zext_ln621_1"   --->   Operation 116 'ashr' 'ashr_ln621_1' <Predicate = (icmp_ln620_1 & and_ln616_1 & !icmp_ln606_1)> <Delay = 0.00> <CoreInst = "Shifter">   --->   Core 75 'Shifter' <Latency = 0> <II = 1> <Delay = 4.61> <FuncUnit> <Opcode : 'shl' 'lshr' 'ashr'> <InPorts = 2> <OutPorts = 1>
ST_10 : Operation 117 [1/1] (0.00ns) (grouped into LUT with out node select_ln616_2)   --->   "%trunc_ln621_1 = trunc i54 %ashr_ln621_1"   --->   Operation 117 'trunc' 'trunc_ln621_1' <Predicate = (icmp_ln620_1 & and_ln616_1 & !icmp_ln606_1)> <Delay = 0.00>
ST_10 : Operation 118 [1/1] (0.00ns) (grouped into LUT with out node select_ln616_2)   --->   "%bitcast_ln768_2 = bitcast i32 %v_assign_3"   --->   Operation 118 'bitcast' 'bitcast_ln768_2' <Predicate = (!icmp_ln620_1 & and_ln616_1 & !icmp_ln606_1)> <Delay = 0.00>
ST_10 : Operation 119 [1/1] (0.00ns) (grouped into LUT with out node select_ln616_2)   --->   "%tmp_14 = bitselect i1 @_ssdm_op_BitSelect.i1.i32.i32, i32 %bitcast_ln768_2, i32 31"   --->   Operation 119 'bitselect' 'tmp_14' <Predicate = (!icmp_ln620_1 & and_ln616_1 & !icmp_ln606_1)> <Delay = 0.00>
ST_10 : Operation 120 [1/1] (0.00ns) (grouped into LUT with out node select_ln616_2)   --->   "%select_ln623_1 = select i1 %tmp_14, i26 67108863, i26 0"   --->   Operation 120 'select' 'select_ln623_1' <Predicate = (!icmp_ln620_1 & and_ln616_1 & !icmp_ln606_1)> <Delay = 0.00> <CoreInst = "Sel">   --->   Core 73 'Sel' <Latency = 0> <II = 1> <Delay = 0.99> <FuncUnit> <Opcode : 'select'> <InPorts = 3> <OutPorts = 1>
ST_10 : Operation 121 [1/1] (0.00ns) (grouped into LUT with out node select_ln616_2)   --->   "%select_ln620_1 = select i1 %icmp_ln620_1, i26 %trunc_ln621_1, i26 %select_ln623_1"   --->   Operation 121 'select' 'select_ln620_1' <Predicate = (and_ln616_1 & !icmp_ln606_1)> <Delay = 0.00> <CoreInst = "Sel">   --->   Core 73 'Sel' <Latency = 0> <II = 1> <Delay = 0.76> <FuncUnit> <Opcode : 'select'> <InPorts = 3> <OutPorts = 1>
ST_10 : Operation 122 [1/1] (4.61ns) (out node of the LUT)   --->   "%select_ln616_2 = select i1 %and_ln616_1, i26 %select_ln620_1, i26 %select_ln617_1"   --->   Operation 122 'select' 'select_ln616_2' <Predicate = (!icmp_ln606_1)> <Delay = 4.61> <CoreInst = "Sel">   --->   Core 73 'Sel' <Latency = 0> <II = 1> <Delay = 0.76> <FuncUnit> <Opcode : 'select'> <InPorts = 3> <OutPorts = 1>
ST_10 : Operation 123 [1/1] (0.76ns) (out node of the LUT)   --->   "%p_val_V_1 = select i1 %icmp_ln606_1, i26 0, i26 %select_ln616_2"   --->   Operation 123 'select' 'p_val_V_1' <Predicate = true> <Delay = 0.76> <CoreInst = "Sel">   --->   Core 73 'Sel' <Latency = 0> <II = 1> <Delay = 0.76> <FuncUnit> <Opcode : 'select'> <InPorts = 3> <OutPorts = 1>
ST_10 : Operation 131 [1/1] (0.00ns)   --->   "%ret_ln0 = ret"   --->   Operation 131 'ret' 'ret_ln0' <Predicate = (icmp_ln54)> <Delay = 0.00>

State 11 <SV = 10> <Delay = 3.25>
ST_11 : Operation 124 [1/1] (0.00ns)   --->   "%i_1_cast = zext i11 %i" [fft_project_wlo/fft.cpp:54]   --->   Operation 124 'zext' 'i_1_cast' <Predicate = true> <Delay = 0.00>
ST_11 : Operation 125 [1/1] (0.00ns)   --->   "%specloopname_ln0 = specloopname void @_ssdm_op_SpecLoopName, void @empty_6"   --->   Operation 125 'specloopname' 'specloopname_ln0' <Predicate = true> <Delay = 0.00>
ST_11 : Operation 126 [1/1] (0.00ns)   --->   "%gb_M_real_V_addr = getelementptr i26 %gb_M_real_V, i64 0, i64 %i_1_cast"   --->   Operation 126 'getelementptr' 'gb_M_real_V_addr' <Predicate = true> <Delay = 0.00>
ST_11 : Operation 127 [1/1] (3.25ns)   --->   "%store_ln118 = store i26 %p_val_V, i10 %gb_M_real_V_addr"   --->   Operation 127 'store' 'store_ln118' <Predicate = true> <Delay = 3.25> <CoreInst = "RAM">   --->   Core 82 'RAM' <Latency = 1> <II = 1> <Delay = 3.25> <Storage> <Opcode : 'load' 'store'> <Ports = 2> <Width = 26> <Depth = 1024> <RAM>
ST_11 : Operation 128 [1/1] (0.00ns)   --->   "%gb_M_imag_V_addr = getelementptr i26 %gb_M_imag_V, i64 0, i64 %i_1_cast"   --->   Operation 128 'getelementptr' 'gb_M_imag_V_addr' <Predicate = true> <Delay = 0.00>
ST_11 : Operation 129 [1/1] (3.25ns)   --->   "%store_ln120 = store i26 %p_val_V_1, i10 %gb_M_imag_V_addr"   --->   Operation 129 'store' 'store_ln120' <Predicate = true> <Delay = 3.25> <CoreInst = "RAM">   --->   Core 82 'RAM' <Latency = 1> <II = 1> <Delay = 3.25> <Storage> <Opcode : 'load' 'store'> <Ports = 2> <Width = 26> <Depth = 1024> <RAM>
ST_11 : Operation 130 [1/1] (0.00ns)   --->   "%br_ln54 = br void %for.inc33" [fft_project_wlo/fft.cpp:54]   --->   Operation 130 'br' 'br_ln54' <Predicate = true> <Delay = 0.00>


============================================================
+ Verbose Summary: Timing violations
============================================================
Target clock period: 10ns, clock uncertainty: 2.7ns.

 <State 1>: 3.47ns
The critical path consists of the following:
	'alloca' operation ('i') [7]  (0 ns)
	'load' operation ('i', fft_project_wlo/fft.cpp:54) on local variable 'i' [15]  (0 ns)
	'add' operation ('add_ln54', fft_project_wlo/fft.cpp:54) [19]  (1.64 ns)
	'store' operation ('store_ln54', fft_project_wlo/fft.cpp:54) of variable 'add_ln54', fft_project_wlo/fft.cpp:54 on local variable 'i' [116]  (1.59 ns)
	blocking operation 0.241 ns on control path)

 <State 2>: 5.7ns
The critical path consists of the following:
	'fmul' operation ('v', fft_project_wlo/fft.cpp:56) [30]  (5.7 ns)

 <State 3>: 5.7ns
The critical path consists of the following:
	'fmul' operation ('v', fft_project_wlo/fft.cpp:56) [30]  (5.7 ns)

 <State 4>: 5.7ns
The critical path consists of the following:
	'fmul' operation ('v', fft_project_wlo/fft.cpp:56) [30]  (5.7 ns)

 <State 5>: 5.7ns
The critical path consists of the following:
	'fmul' operation ('v', fft_project_wlo/fft.cpp:56) [30]  (5.7 ns)

 <State 6>: 4.44ns
The critical path consists of the following:
	'fpext' operation ('d') [31]  (4.44 ns)

 <State 7>: 7.22ns
The critical path consists of the following:
	'fpext' operation ('d') [31]  (4.44 ns)
	'icmp' operation ('icmp_ln606') [42]  (2.79 ns)

 <State 8>: 4.51ns
The critical path consists of the following:
	'sub' operation ('F2') [43]  (1.55 ns)
	'icmp' operation ('icmp_ln617') [49]  (1.99 ns)
	'or' operation ('or_ln617') [66]  (0 ns)
	'xor' operation ('xor_ln617') [67]  (0 ns)
	'and' operation ('and_ln616') [68]  (0.978 ns)

 <State 9>: 6.25ns
The critical path consists of the following:
	'icmp' operation ('icmp_ln638') [59]  (1.99 ns)
	'select' operation ('select_ln638') [62]  (0 ns)
	'select' operation ('select_ln617') [65]  (4.26 ns)

 <State 10>: 5.38ns
The critical path consists of the following:
	'ashr' operation ('ashr_ln621') [53]  (0 ns)
	'select' operation ('select_ln620') [58]  (0 ns)
	'select' operation ('select_ln616') [69]  (4.61 ns)
	'select' operation ('__val.V') [70]  (0.766 ns)

 <State 11>: 3.25ns
The critical path consists of the following:
	'getelementptr' operation ('gb_M_real_V_addr') [71]  (0 ns)
	'store' operation ('store_ln118') of variable '__val.V' on array 'gb_M_real_V' [72]  (3.25 ns)


============================================================
+ Verbose Summary: Binding
============================================================
N/A
* FSMD analyzer results:
  - Output states:
 - Input state : 
  - Chain level:
	State 1
	State 2
	State 3
	State 4
	State 5
	State 6
	State 7
	State 8
	State 9
	State 10
	State 11


============================================================
+ Verbose Summary: Datapath Resource usage 
============================================================
N/A
