

================================================================
== Vitis HLS Report for 'fft_fast_Pipeline_VITIS_LOOP_21_4'
================================================================
* Date:           Tue May  5 17:02:39 2026

* Version:        2022.1 (Build 3526262 on Mon Apr 18 15:48:16 MDT 2022)
* Project:        fft_project_wlo
* Solution:       solution1 (Vivado IP Flow Target)
* Product family: zynq
* Target device:  xc7z020-clg484-1


================================================================
== Performance Estimates
================================================================
+ Timing: 
    * Summary: 
    +--------+----------+----------+------------+
    |  Clock |  Target  | Estimated| Uncertainty|
    +--------+----------+----------+------------+
    |ap_clk  |  10.00 ns|  6.915 ns|     2.70 ns|
    +--------+----------+----------+------------+

+ Latency: 
    * Summary: 
    +---------+---------+-----------+-----------+-----+------+---------+
    |  Latency (cycles) |   Latency (absolute)  |  Interval  | Pipeline|
    |   min   |   max   |    min    |    max    | min |  max |   Type  |
    +---------+---------+-----------+-----------+-----+------+---------+
    |        8|     3074|  80.000 ns|  30.740 us|    8|  3074|       no|
    +---------+---------+-----------+-----------+-----+------+---------+

    + Detail: 
        * Instance: 
        N/A

        * Loop: 
        +-------------------+---------+---------+----------+-----------+-----------+---------+----------+
        |                   |  Latency (cycles) | Iteration|  Initiation Interval  |   Trip  |          |
        |     Loop Name     |   min   |   max   |  Latency |  achieved |   target  |  Count  | Pipelined|
        +-------------------+---------+---------+----------+-----------+-----------+---------+----------+
        |- VITIS_LOOP_21_4  |        6|     3072|         6|          6|          1|  1 ~ 512|       yes|
        +-------------------+---------+---------+----------+-----------+-----------+---------+----------+



================================================================
== Utilization Estimates
================================================================
* Summary: 
+-----------------+---------+-----+--------+-------+-----+
|       Name      | BRAM_18K| DSP |   FF   |  LUT  | URAM|
+-----------------+---------+-----+--------+-------+-----+
|DSP              |        -|    -|       -|      -|    -|
|Expression       |        -|    -|       0|    309|    -|
|FIFO             |        -|    -|       -|      -|    -|
|Instance         |        -|   12|       0|    172|    -|
|Memory           |        4|    -|       0|      0|    -|
|Multiplexer      |        -|    -|       -|    120|    -|
|Register         |        -|    -|     461|      -|    -|
+-----------------+---------+-----+--------+-------+-----+
|Total            |        4|   12|     461|    601|    0|
+-----------------+---------+-----+--------+-------+-----+
|Available        |      280|  220|  106400|  53200|    0|
+-----------------+---------+-----+--------+-------+-----+
|Utilization (%)  |        1|    5|      ~0|      1|    0|
+-----------------+---------+-----+--------+-------+-----+

+ Detail: 
    * Instance: 
    +------------------------+--------------------+---------+----+---+----+-----+
    |        Instance        |       Module       | BRAM_18K| DSP| FF| LUT| URAM|
    +------------------------+--------------------+---------+----+---+----+-----+
    |mul_26s_26s_50_1_1_U24  |mul_26s_26s_50_1_1  |        0|   3|  0|  43|    0|
    |mul_26s_26s_50_1_1_U25  |mul_26s_26s_50_1_1  |        0|   3|  0|  43|    0|
    |mul_26s_26s_50_1_1_U26  |mul_26s_26s_50_1_1  |        0|   3|  0|  43|    0|
    |mul_26s_26s_50_1_1_U27  |mul_26s_26s_50_1_1  |        0|   3|  0|  43|    0|
    +------------------------+--------------------+---------+----+---+----+-----+
    |Total                   |                    |        0|  12|  0| 172|    0|
    +------------------------+--------------------+---------+----+---+----+-----+

    * DSP: 
    N/A

    * Memory: 
    +---------------+-----------------------------------------------------------+---------+---+----+-----+------+-----+------+-------------+
    |     Memory    |                           Module                          | BRAM_18K| FF| LUT| URAM| Words| Bits| Banks| W*Bits*Banks|
    +---------------+-----------------------------------------------------------+---------+---+----+-----+------+-----+------+-------------+
    |tw_M_imag_V_U  |fft_fast_Pipeline_VITIS_LOOP_21_4_tw_M_imag_V_ROM_AUTO_1R  |        2|  0|   0|    0|  1023|   24|     1|        24552|
    |tw_M_real_V_U  |fft_fast_Pipeline_VITIS_LOOP_21_4_tw_M_real_V_ROM_AUTO_1R  |        2|  0|   0|    0|  1023|   24|     1|        24552|
    +---------------+-----------------------------------------------------------+---------+---+----+-----+------+-----+------+-------------+
    |Total          |                                                           |        4|  0|   0|    0|  2046|   48|     2|        49104|
    +---------------+-----------------------------------------------------------+---------+---+----+-----+------+-----+------+-------------+

    * FIFO: 
    N/A

    * Expression: 
    +----------------------+----------+----+---+----+------------+------------+
    |     Variable Name    | Operation| DSP| FF| LUT| Bitwidth P0| Bitwidth P1|
    +----------------------+----------+----+---+----+------------+------------+
    |add_ln21_fu_164_p2    |         +|   0|  0|  13|          10|           1|
    |add_ln22_fu_170_p2    |         +|   0|  0|  13|          10|          10|
    |add_ln24_1_fu_194_p2  |         +|   0|  0|  13|          10|          10|
    |add_ln24_fu_182_p2    |         +|   0|  0|  13|          10|          10|
    |ret_V_1_fu_277_p2     |         +|   0|  0|  57|          50|          50|
    |x_M_imag_d0           |         +|   0|  0|  33|          26|          26|
    |x_M_real_d0           |         +|   0|  0|  33|          26|          26|
    |ret_V_fu_263_p2       |         -|   0|  0|  57|          50|          50|
    |x_M_imag_d1           |         -|   0|  0|  33|          26|          26|
    |x_M_real_d1           |         -|   0|  0|  33|          26|          26|
    |icmp_ln21_fu_158_p2   |      icmp|   0|  0|  11|          10|          10|
    +----------------------+----------+----+---+----+------------+------------+
    |Total                 |          |   0|  0| 309|         254|         245|
    +----------------------+----------+----+---+----+------------+------------+

    * Multiplexer: 
    +----------------------+----+-----------+-----+-----------+
    |         Name         | LUT| Input Size| Bits| Total Bits|
    +----------------------+----+-----------+-----+-----------+
    |ap_NS_fsm             |  37|          7|    1|          7|
    |ap_done_int           |   9|          2|    1|          2|
    |ap_sig_allocacmp_j_1  |   9|          2|   10|         20|
    |j_fu_52               |   9|          2|   10|         20|
    |x_M_imag_address0     |  14|          3|   10|         30|
    |x_M_imag_address1     |  14|          3|   10|         30|
    |x_M_real_address0     |  14|          3|   10|         30|
    |x_M_real_address1     |  14|          3|   10|         30|
    +----------------------+----+-----------+-----+-----------+
    |Total                 | 120|         25|   62|        169|
    +----------------------+----+-----------+-----+-----------+

    * Register: 
    +--------------------------+----+----+-----+-----------+
    |           Name           | FF | LUT| Bits| Const Bits|
    +--------------------------+----+----+-----+-----------+
    |ap_CS_fsm                 |   6|   0|    6|          0|
    |ap_done_reg               |   1|   0|    1|          0|
    |j_fu_52                   |  10|   0|   10|          0|
    |r_V_1_reg_383             |  50|   0|   50|          0|
    |r_V_3_reg_388             |  50|   0|   50|          0|
    |r_V_4_reg_393             |  50|   0|   50|          0|
    |r_V_5_reg_398             |  50|   0|   50|          0|
    |tm_im_V_reg_409           |  26|   0|   26|          0|
    |tm_re_V_reg_403           |  26|   0|   26|          0|
    |tw_M_imag_V_load_reg_356  |  24|   0|   24|          0|
    |tw_M_real_V_load_reg_351  |  24|   0|   24|          0|
    |u_M_imag_V_reg_377        |  26|   0|   26|          0|
    |u_M_real_V_reg_371        |  26|   0|   26|          0|
    |x_M_imag_addr_2_reg_346   |  10|   0|   10|          0|
    |x_M_imag_addr_reg_336     |  10|   0|   10|          0|
    |x_M_imag_load_reg_366     |  26|   0|   26|          0|
    |x_M_real_addr_2_reg_341   |  10|   0|   10|          0|
    |x_M_real_addr_reg_331     |  10|   0|   10|          0|
    |x_M_real_load_reg_361     |  26|   0|   26|          0|
    +--------------------------+----+----+-----+-----------+
    |Total                     | 461|   0|  461|          0|
    +--------------------------+----+----+-----+-----------+



================================================================
== Interface
================================================================
* Summary: 
+-------------------+-----+-----+------------+-----------------------------------+--------------+
|     RTL Ports     | Dir | Bits|  Protocol  |           Source Object           |    C Type    |
+-------------------+-----+-----+------------+-----------------------------------+--------------+
|ap_clk             |   in|    1|  ap_ctrl_hs|  fft_fast_Pipeline_VITIS_LOOP_21_4|  return value|
|ap_rst             |   in|    1|  ap_ctrl_hs|  fft_fast_Pipeline_VITIS_LOOP_21_4|  return value|
|ap_start           |   in|    1|  ap_ctrl_hs|  fft_fast_Pipeline_VITIS_LOOP_21_4|  return value|
|ap_done            |  out|    1|  ap_ctrl_hs|  fft_fast_Pipeline_VITIS_LOOP_21_4|  return value|
|ap_idle            |  out|    1|  ap_ctrl_hs|  fft_fast_Pipeline_VITIS_LOOP_21_4|  return value|
|ap_ready           |  out|    1|  ap_ctrl_hs|  fft_fast_Pipeline_VITIS_LOOP_21_4|  return value|
|m2                 |   in|   10|     ap_none|                                 m2|        scalar|
|trunc_ln20_1       |   in|   10|     ap_none|                       trunc_ln20_1|        scalar|
|trunc_ln20_2       |   in|   10|     ap_none|                       trunc_ln20_2|        scalar|
|x_M_real_address0  |  out|   10|   ap_memory|                           x_M_real|         array|
|x_M_real_ce0       |  out|    1|   ap_memory|                           x_M_real|         array|
|x_M_real_we0       |  out|    1|   ap_memory|                           x_M_real|         array|
|x_M_real_d0        |  out|   26|   ap_memory|                           x_M_real|         array|
|x_M_real_q0        |   in|   26|   ap_memory|                           x_M_real|         array|
|x_M_real_address1  |  out|   10|   ap_memory|                           x_M_real|         array|
|x_M_real_ce1       |  out|    1|   ap_memory|                           x_M_real|         array|
|x_M_real_we1       |  out|    1|   ap_memory|                           x_M_real|         array|
|x_M_real_d1        |  out|   26|   ap_memory|                           x_M_real|         array|
|x_M_real_q1        |   in|   26|   ap_memory|                           x_M_real|         array|
|x_M_imag_address0  |  out|   10|   ap_memory|                           x_M_imag|         array|
|x_M_imag_ce0       |  out|    1|   ap_memory|                           x_M_imag|         array|
|x_M_imag_we0       |  out|    1|   ap_memory|                           x_M_imag|         array|
|x_M_imag_d0        |  out|   26|   ap_memory|                           x_M_imag|         array|
|x_M_imag_q0        |   in|   26|   ap_memory|                           x_M_imag|         array|
|x_M_imag_address1  |  out|   10|   ap_memory|                           x_M_imag|         array|
|x_M_imag_ce1       |  out|    1|   ap_memory|                           x_M_imag|         array|
|x_M_imag_we1       |  out|    1|   ap_memory|                           x_M_imag|         array|
|x_M_imag_d1        |  out|   26|   ap_memory|                           x_M_imag|         array|
|x_M_imag_q1        |   in|   26|   ap_memory|                           x_M_imag|         array|
+-------------------+-----+-----+------------+-----------------------------------+--------------+

============================================================
+ Verbose Summary: Synthesis Manager
============================================================
InlineROM: 1
ExposeGlobal: 0
============================================================
+ Verbose Summary: CDFG Model
============================================================
IsTopModel: 0
ResetActiveHigh: 1
IsCombinational: 2
IsDatapathOnly: 2
HasWiredReturn: 1
HasMFsm: 2
HasVarLatency: 1
IsPipeline: 0
IsRtlPipelined: 0
IsInstanceOverlapped: 0
IsDontTouch: 0
HasImplIP: 0
IsGatedGlobalClock: 0

+ Individual pipeline summary: 
  * Pipeline-0: initiation interval (II) = 6, depth = 6


============================================================
+ Verbose Summary: Schedule
============================================================
* Number of FSM states : 6
* Pipeline : 1
  Pipeline-0 : II = 6, D = 6, States = { 1 2 3 4 5 6 }
* Dataflow Pipeline: 0

* FSM state transitions: 
1 --> 2 
2 --> 3 
3 --> 4 
4 --> 5 
5 --> 6 
6 --> 

* FSM state operations: 

State 1 <SV = 0> <Delay = 6.71>
ST_1 : Operation 9 [1/1] (0.00ns)   --->   "%j = alloca i32 1"   --->   Operation 9 'alloca' 'j' <Predicate = true> <Delay = 0.00>
ST_1 : Operation 10 [1/1] (0.00ns)   --->   "%trunc_ln20_2_read = read i10 @_ssdm_op_Read.ap_auto.i10, i10 %trunc_ln20_2"   --->   Operation 10 'read' 'trunc_ln20_2_read' <Predicate = true> <Delay = 0.00>
ST_1 : Operation 11 [1/1] (0.00ns)   --->   "%trunc_ln20_1_read = read i10 @_ssdm_op_Read.ap_auto.i10, i10 %trunc_ln20_1"   --->   Operation 11 'read' 'trunc_ln20_1_read' <Predicate = true> <Delay = 0.00>
ST_1 : Operation 12 [1/1] (0.00ns)   --->   "%m2_read = read i10 @_ssdm_op_Read.ap_auto.i10, i10 %m2"   --->   Operation 12 'read' 'm2_read' <Predicate = true> <Delay = 0.00>
ST_1 : Operation 13 [1/1] (1.58ns)   --->   "%store_ln0 = store i10 0, i10 %j"   --->   Operation 13 'store' 'store_ln0' <Predicate = true> <Delay = 1.58>
ST_1 : Operation 14 [1/1] (0.00ns)   --->   "%br_ln0 = br void %for.body21"   --->   Operation 14 'br' 'br_ln0' <Predicate = true> <Delay = 0.00>
ST_1 : Operation 15 [1/1] (0.00ns)   --->   "%j_1 = load i10 %j" [fft_project_wlo/fft.cpp:22]   --->   Operation 15 'load' 'j_1' <Predicate = true> <Delay = 0.00>
ST_1 : Operation 16 [1/1] (0.00ns)   --->   "%specpipeline_ln0 = specpipeline void @_ssdm_op_SpecPipeline, i32 4294967295, i32 0, i32 1, i32 0, void @p_str"   --->   Operation 16 'specpipeline' 'specpipeline_ln0' <Predicate = true> <Delay = 0.00>
ST_1 : Operation 17 [1/1] (1.77ns)   --->   "%icmp_ln21 = icmp_eq  i10 %j_1, i10 %m2_read" [fft_project_wlo/fft.cpp:21]   --->   Operation 17 'icmp' 'icmp_ln21' <Predicate = true> <Delay = 1.77> <CoreInst = "Cmp">   --->   Core 9 'Cmp' <Latency = 0> <II = 1> <Delay = 1.77> <FuncUnit> <Opcode : 'icmp'> <InPorts = 2> <OutPorts = 1>
ST_1 : Operation 18 [1/1] (0.00ns)   --->   "%empty = speclooptripcount i32 @_ssdm_op_SpecLoopTripCount, i64 1, i64 512, i64 0"   --->   Operation 18 'speclooptripcount' 'empty' <Predicate = true> <Delay = 0.00>
ST_1 : Operation 19 [1/1] (1.73ns)   --->   "%add_ln21 = add i10 %j_1, i10 1" [fft_project_wlo/fft.cpp:21]   --->   Operation 19 'add' 'add_ln21' <Predicate = true> <Delay = 1.73> <CoreInst = "Adder">   --->   Core 1 'Adder' <Latency = 0> <II = 1> <Delay = 1.73> <FuncUnit> <Opcode : 'add' 'sub'> <InPorts = 2> <OutPorts = 1>
ST_1 : Operation 20 [1/1] (0.00ns)   --->   "%br_ln21 = br i1 %icmp_ln21, void %for.body21.split, void %for.inc56.loopexit.exitStub" [fft_project_wlo/fft.cpp:21]   --->   Operation 20 'br' 'br_ln21' <Predicate = true> <Delay = 0.00>
ST_1 : Operation 21 [1/1] (1.73ns)   --->   "%add_ln22 = add i10 %j_1, i10 %trunc_ln20_1_read" [fft_project_wlo/fft.cpp:22]   --->   Operation 21 'add' 'add_ln22' <Predicate = (!icmp_ln21)> <Delay = 1.73> <CoreInst = "Adder">   --->   Core 1 'Adder' <Latency = 0> <II = 1> <Delay = 1.73> <FuncUnit> <Opcode : 'add' 'sub'> <InPorts = 2> <OutPorts = 1>
ST_1 : Operation 22 [1/1] (0.00ns)   --->   "%zext_ln883 = zext i10 %add_ln22"   --->   Operation 22 'zext' 'zext_ln883' <Predicate = (!icmp_ln21)> <Delay = 0.00>
ST_1 : Operation 23 [1/1] (0.00ns)   --->   "%tw_M_real_V_addr = getelementptr i24 %tw_M_real_V, i64 0, i64 %zext_ln883"   --->   Operation 23 'getelementptr' 'tw_M_real_V_addr' <Predicate = (!icmp_ln21)> <Delay = 0.00>
ST_1 : Operation 24 [2/2] (3.25ns)   --->   "%tw_M_real_V_load = load i10 %tw_M_real_V_addr"   --->   Operation 24 'load' 'tw_M_real_V_load' <Predicate = (!icmp_ln21)> <Delay = 3.25> <CoreInst = "ROM">   --->   Core 95 'ROM' <Latency = 1> <II = 1> <Delay = 3.25> <Storage> <Opcode : 'load'> <Ports = 0> <Width = 24> <Depth = 1023> <ROM>
ST_1 : Operation 25 [1/1] (0.00ns)   --->   "%tw_M_imag_V_addr = getelementptr i24 %tw_M_imag_V, i64 0, i64 %zext_ln883"   --->   Operation 25 'getelementptr' 'tw_M_imag_V_addr' <Predicate = (!icmp_ln21)> <Delay = 0.00>
ST_1 : Operation 26 [2/2] (3.25ns)   --->   "%tw_M_imag_V_load = load i10 %tw_M_imag_V_addr"   --->   Operation 26 'load' 'tw_M_imag_V_load' <Predicate = (!icmp_ln21)> <Delay = 3.25> <CoreInst = "ROM">   --->   Core 95 'ROM' <Latency = 1> <II = 1> <Delay = 3.25> <Storage> <Opcode : 'load'> <Ports = 0> <Width = 24> <Depth = 1023> <ROM>
ST_1 : Operation 27 [1/1] (1.73ns)   --->   "%add_ln24 = add i10 %j_1, i10 %trunc_ln20_2_read" [fft_project_wlo/fft.cpp:24]   --->   Operation 27 'add' 'add_ln24' <Predicate = (!icmp_ln21)> <Delay = 1.73> <CoreInst = "Adder">   --->   Core 1 'Adder' <Latency = 0> <II = 1> <Delay = 1.73> <FuncUnit> <Opcode : 'add' 'sub'> <InPorts = 2> <OutPorts = 1>
ST_1 : Operation 28 [1/1] (0.00ns)   --->   "%zext_ln24 = zext i10 %add_ln24" [fft_project_wlo/fft.cpp:24]   --->   Operation 28 'zext' 'zext_ln24' <Predicate = (!icmp_ln21)> <Delay = 0.00>
ST_1 : Operation 29 [1/1] (1.73ns)   --->   "%add_ln24_1 = add i10 %add_ln24, i10 %m2_read" [fft_project_wlo/fft.cpp:24]   --->   Operation 29 'add' 'add_ln24_1' <Predicate = (!icmp_ln21)> <Delay = 1.73> <CoreInst = "Adder">   --->   Core 1 'Adder' <Latency = 0> <II = 1> <Delay = 1.73> <FuncUnit> <Opcode : 'add' 'sub'> <InPorts = 2> <OutPorts = 1>
ST_1 : Operation 30 [1/1] (0.00ns)   --->   "%zext_ln24_1 = zext i10 %add_ln24_1" [fft_project_wlo/fft.cpp:24]   --->   Operation 30 'zext' 'zext_ln24_1' <Predicate = (!icmp_ln21)> <Delay = 0.00>
ST_1 : Operation 31 [1/1] (0.00ns)   --->   "%x_M_real_addr = getelementptr i26 %x_M_real, i64 0, i64 %zext_ln24_1" [fft_project_wlo/fft.cpp:24]   --->   Operation 31 'getelementptr' 'x_M_real_addr' <Predicate = (!icmp_ln21)> <Delay = 0.00>
ST_1 : Operation 32 [2/2] (3.25ns)   --->   "%x_M_real_load = load i10 %x_M_real_addr" [fft_project_wlo/fft.cpp:24]   --->   Operation 32 'load' 'x_M_real_load' <Predicate = (!icmp_ln21)> <Delay = 3.25> <CoreInst = "RAM">   --->   Core 82 'RAM' <Latency = 1> <II = 1> <Delay = 3.25> <Storage> <Opcode : 'load' 'store'> <Ports = 2> <Width = 26> <Depth = 1024> <RAM>
ST_1 : Operation 33 [1/1] (0.00ns)   --->   "%x_M_imag_addr = getelementptr i26 %x_M_imag, i64 0, i64 %zext_ln24_1" [fft_project_wlo/fft.cpp:24]   --->   Operation 33 'getelementptr' 'x_M_imag_addr' <Predicate = (!icmp_ln21)> <Delay = 0.00>
ST_1 : Operation 34 [2/2] (3.25ns)   --->   "%x_M_imag_load = load i10 %x_M_imag_addr" [fft_project_wlo/fft.cpp:24]   --->   Operation 34 'load' 'x_M_imag_load' <Predicate = (!icmp_ln21)> <Delay = 3.25> <CoreInst = "RAM">   --->   Core 82 'RAM' <Latency = 1> <II = 1> <Delay = 3.25> <Storage> <Opcode : 'load' 'store'> <Ports = 2> <Width = 26> <Depth = 1024> <RAM>
ST_1 : Operation 35 [1/1] (0.00ns)   --->   "%x_M_real_addr_2 = getelementptr i26 %x_M_real, i64 0, i64 %zext_ln24" [fft_project_wlo/fft.cpp:28]   --->   Operation 35 'getelementptr' 'x_M_real_addr_2' <Predicate = (!icmp_ln21)> <Delay = 0.00>
ST_1 : Operation 36 [2/2] (3.25ns)   --->   "%u_M_real_V = load i10 %x_M_real_addr_2" [fft_project_wlo/fft.cpp:28]   --->   Operation 36 'load' 'u_M_real_V' <Predicate = (!icmp_ln21)> <Delay = 3.25> <CoreInst = "RAM">   --->   Core 82 'RAM' <Latency = 1> <II = 1> <Delay = 3.25> <Storage> <Opcode : 'load' 'store'> <Ports = 2> <Width = 26> <Depth = 1024> <RAM>
ST_1 : Operation 37 [1/1] (0.00ns)   --->   "%x_M_imag_addr_2 = getelementptr i26 %x_M_imag, i64 0, i64 %zext_ln24" [fft_project_wlo/fft.cpp:28]   --->   Operation 37 'getelementptr' 'x_M_imag_addr_2' <Predicate = (!icmp_ln21)> <Delay = 0.00>
ST_1 : Operation 38 [2/2] (3.25ns)   --->   "%u_M_imag_V = load i10 %x_M_imag_addr_2" [fft_project_wlo/fft.cpp:28]   --->   Operation 38 'load' 'u_M_imag_V' <Predicate = (!icmp_ln21)> <Delay = 3.25> <CoreInst = "RAM">   --->   Core 82 'RAM' <Latency = 1> <II = 1> <Delay = 3.25> <Storage> <Opcode : 'load' 'store'> <Ports = 2> <Width = 26> <Depth = 1024> <RAM>
ST_1 : Operation 39 [1/1] (1.58ns)   --->   "%store_ln21 = store i10 %add_ln21, i10 %j" [fft_project_wlo/fft.cpp:21]   --->   Operation 39 'store' 'store_ln21' <Predicate = (!icmp_ln21)> <Delay = 1.58>
ST_1 : Operation 70 [1/1] (0.00ns)   --->   "%ret_ln0 = ret"   --->   Operation 70 'ret' 'ret_ln0' <Predicate = (icmp_ln21)> <Delay = 0.00>

State 2 <SV = 1> <Delay = 3.25>
ST_2 : Operation 40 [1/2] (3.25ns)   --->   "%tw_M_real_V_load = load i10 %tw_M_real_V_addr"   --->   Operation 40 'load' 'tw_M_real_V_load' <Predicate = true> <Delay = 3.25> <CoreInst = "ROM">   --->   Core 95 'ROM' <Latency = 1> <II = 1> <Delay = 3.25> <Storage> <Opcode : 'load'> <Ports = 0> <Width = 24> <Depth = 1023> <ROM>
ST_2 : Operation 41 [1/2] (3.25ns)   --->   "%tw_M_imag_V_load = load i10 %tw_M_imag_V_addr"   --->   Operation 41 'load' 'tw_M_imag_V_load' <Predicate = true> <Delay = 3.25> <CoreInst = "ROM">   --->   Core 95 'ROM' <Latency = 1> <II = 1> <Delay = 3.25> <Storage> <Opcode : 'load'> <Ports = 0> <Width = 24> <Depth = 1023> <ROM>
ST_2 : Operation 42 [1/2] (3.25ns)   --->   "%x_M_real_load = load i10 %x_M_real_addr" [fft_project_wlo/fft.cpp:24]   --->   Operation 42 'load' 'x_M_real_load' <Predicate = true> <Delay = 3.25> <CoreInst = "RAM">   --->   Core 82 'RAM' <Latency = 1> <II = 1> <Delay = 3.25> <Storage> <Opcode : 'load' 'store'> <Ports = 2> <Width = 26> <Depth = 1024> <RAM>
ST_2 : Operation 43 [1/2] (3.25ns)   --->   "%x_M_imag_load = load i10 %x_M_imag_addr" [fft_project_wlo/fft.cpp:24]   --->   Operation 43 'load' 'x_M_imag_load' <Predicate = true> <Delay = 3.25> <CoreInst = "RAM">   --->   Core 82 'RAM' <Latency = 1> <II = 1> <Delay = 3.25> <Storage> <Opcode : 'load' 'store'> <Ports = 2> <Width = 26> <Depth = 1024> <RAM>
ST_2 : Operation 44 [1/2] (3.25ns)   --->   "%u_M_real_V = load i10 %x_M_real_addr_2" [fft_project_wlo/fft.cpp:28]   --->   Operation 44 'load' 'u_M_real_V' <Predicate = true> <Delay = 3.25> <CoreInst = "RAM">   --->   Core 82 'RAM' <Latency = 1> <II = 1> <Delay = 3.25> <Storage> <Opcode : 'load' 'store'> <Ports = 2> <Width = 26> <Depth = 1024> <RAM>
ST_2 : Operation 45 [1/2] (3.25ns)   --->   "%u_M_imag_V = load i10 %x_M_imag_addr_2" [fft_project_wlo/fft.cpp:28]   --->   Operation 45 'load' 'u_M_imag_V' <Predicate = true> <Delay = 3.25> <CoreInst = "RAM">   --->   Core 82 'RAM' <Latency = 1> <II = 1> <Delay = 3.25> <Storage> <Opcode : 'load' 'store'> <Ports = 2> <Width = 26> <Depth = 1024> <RAM>

State 3 <SV = 2> <Delay = 6.91>
ST_3 : Operation 46 [1/1] (0.00ns)   --->   "%tw_re = bitconcatenate i26 @_ssdm_op_BitConcatenate.i26.i24.i2, i24 %tw_M_real_V_load, i2 0"   --->   Operation 46 'bitconcatenate' 'tw_re' <Predicate = true> <Delay = 0.00>
ST_3 : Operation 47 [1/1] (0.00ns)   --->   "%tw_im_V = bitconcatenate i26 @_ssdm_op_BitConcatenate.i26.i24.i2, i24 %tw_M_imag_V_load, i2 0"   --->   Operation 47 'bitconcatenate' 'tw_im_V' <Predicate = true> <Delay = 0.00>
ST_3 : Operation 48 [1/1] (0.00ns)   --->   "%sext_ln1316 = sext i26 %tw_re"   --->   Operation 48 'sext' 'sext_ln1316' <Predicate = true> <Delay = 0.00>
ST_3 : Operation 49 [1/1] (0.00ns)   --->   "%sext_ln1319 = sext i26 %x_M_real_load"   --->   Operation 49 'sext' 'sext_ln1319' <Predicate = true> <Delay = 0.00>
ST_3 : Operation 50 [1/1] (6.91ns)   --->   "%r_V_1 = mul i50 %sext_ln1319, i50 %sext_ln1316"   --->   Operation 50 'mul' 'r_V_1' <Predicate = true> <Delay = 6.91> <CoreInst = "Multiplier">   --->   Core 3 'Multiplier' <Latency = 0> <II = 1> <Delay = 6.91> <FuncUnit> <Opcode : 'mul'> <InPorts = 2> <OutPorts = 1>
ST_3 : Operation 51 [1/1] (0.00ns)   --->   "%sext_ln1316_1 = sext i26 %tw_im_V"   --->   Operation 51 'sext' 'sext_ln1316_1' <Predicate = true> <Delay = 0.00>
ST_3 : Operation 52 [1/1] (0.00ns)   --->   "%sext_ln1319_1 = sext i26 %x_M_imag_load"   --->   Operation 52 'sext' 'sext_ln1319_1' <Predicate = true> <Delay = 0.00>
ST_3 : Operation 53 [1/1] (6.91ns)   --->   "%r_V_3 = mul i50 %sext_ln1319_1, i50 %sext_ln1316_1"   --->   Operation 53 'mul' 'r_V_3' <Predicate = true> <Delay = 6.91> <CoreInst = "Multiplier">   --->   Core 3 'Multiplier' <Latency = 0> <II = 1> <Delay = 6.91> <FuncUnit> <Opcode : 'mul'> <InPorts = 2> <OutPorts = 1>
ST_3 : Operation 54 [1/1] (6.91ns)   --->   "%r_V_4 = mul i50 %sext_ln1319_1, i50 %sext_ln1316"   --->   Operation 54 'mul' 'r_V_4' <Predicate = true> <Delay = 6.91> <CoreInst = "Multiplier">   --->   Core 3 'Multiplier' <Latency = 0> <II = 1> <Delay = 6.91> <FuncUnit> <Opcode : 'mul'> <InPorts = 2> <OutPorts = 1>
ST_3 : Operation 55 [1/1] (6.91ns)   --->   "%r_V_5 = mul i50 %sext_ln1316_1, i50 %sext_ln1319"   --->   Operation 55 'mul' 'r_V_5' <Predicate = true> <Delay = 6.91> <CoreInst = "Multiplier">   --->   Core 3 'Multiplier' <Latency = 0> <II = 1> <Delay = 6.91> <FuncUnit> <Opcode : 'mul'> <InPorts = 2> <OutPorts = 1>

State 4 <SV = 3> <Delay = 3.15>
ST_4 : Operation 56 [1/1] (3.15ns)   --->   "%ret_V = sub i50 %r_V_1, i50 %r_V_3"   --->   Operation 56 'sub' 'ret_V' <Predicate = true> <Delay = 3.15> <CoreInst = "Adder">   --->   Core 1 'Adder' <Latency = 0> <II = 1> <Delay = 3.15> <FuncUnit> <Opcode : 'add' 'sub'> <InPorts = 2> <OutPorts = 1>
ST_4 : Operation 57 [1/1] (0.00ns)   --->   "%tm_re_V = partselect i26 @_ssdm_op_PartSelect.i26.i50.i32.i32, i50 %ret_V, i32 24, i32 49"   --->   Operation 57 'partselect' 'tm_re_V' <Predicate = true> <Delay = 0.00>
ST_4 : Operation 58 [1/1] (3.15ns)   --->   "%ret_V_1 = add i50 %r_V_4, i50 %r_V_5"   --->   Operation 58 'add' 'ret_V_1' <Predicate = true> <Delay = 3.15> <CoreInst = "Adder">   --->   Core 1 'Adder' <Latency = 0> <II = 1> <Delay = 3.15> <FuncUnit> <Opcode : 'add' 'sub'> <InPorts = 2> <OutPorts = 1>
ST_4 : Operation 59 [1/1] (0.00ns)   --->   "%tm_im_V = partselect i26 @_ssdm_op_PartSelect.i26.i50.i32.i32, i50 %ret_V_1, i32 24, i32 49"   --->   Operation 59 'partselect' 'tm_im_V' <Predicate = true> <Delay = 0.00>

State 5 <SV = 4> <Delay = 5.62>
ST_5 : Operation 60 [1/1] (2.37ns)   --->   "%p_r_M_real_V_1 = add i26 %u_M_real_V, i26 %tm_re_V"   --->   Operation 60 'add' 'p_r_M_real_V_1' <Predicate = true> <Delay = 2.37> <CoreInst = "Adder">   --->   Core 1 'Adder' <Latency = 0> <II = 1> <Delay = 2.37> <FuncUnit> <Opcode : 'add' 'sub'> <InPorts = 2> <OutPorts = 1>
ST_5 : Operation 61 [1/1] (2.37ns)   --->   "%p_r_M_imag_V_1 = add i26 %u_M_imag_V, i26 %tm_im_V"   --->   Operation 61 'add' 'p_r_M_imag_V_1' <Predicate = true> <Delay = 2.37> <CoreInst = "Adder">   --->   Core 1 'Adder' <Latency = 0> <II = 1> <Delay = 2.37> <FuncUnit> <Opcode : 'add' 'sub'> <InPorts = 2> <OutPorts = 1>
ST_5 : Operation 62 [1/1] (3.25ns)   --->   "%store_ln29 = store i26 %p_r_M_real_V_1, i10 %x_M_real_addr_2" [fft_project_wlo/fft.cpp:29]   --->   Operation 62 'store' 'store_ln29' <Predicate = true> <Delay = 3.25> <CoreInst = "RAM">   --->   Core 82 'RAM' <Latency = 1> <II = 1> <Delay = 3.25> <Storage> <Opcode : 'load' 'store'> <Ports = 2> <Width = 26> <Depth = 1024> <RAM>
ST_5 : Operation 63 [1/1] (3.25ns)   --->   "%store_ln29 = store i26 %p_r_M_imag_V_1, i10 %x_M_imag_addr_2" [fft_project_wlo/fft.cpp:29]   --->   Operation 63 'store' 'store_ln29' <Predicate = true> <Delay = 3.25> <CoreInst = "RAM">   --->   Core 82 'RAM' <Latency = 1> <II = 1> <Delay = 3.25> <Storage> <Opcode : 'load' 'store'> <Ports = 2> <Width = 26> <Depth = 1024> <RAM>

State 6 <SV = 5> <Delay = 5.62>
ST_6 : Operation 64 [1/1] (0.00ns)   --->   "%specloopname_ln21 = specloopname void @_ssdm_op_SpecLoopName, void @empty_8" [fft_project_wlo/fft.cpp:21]   --->   Operation 64 'specloopname' 'specloopname_ln21' <Predicate = true> <Delay = 0.00>
ST_6 : Operation 65 [1/1] (2.37ns)   --->   "%p_r_M_real_V_2 = sub i26 %u_M_real_V, i26 %tm_re_V"   --->   Operation 65 'sub' 'p_r_M_real_V_2' <Predicate = true> <Delay = 2.37> <CoreInst = "Adder">   --->   Core 1 'Adder' <Latency = 0> <II = 1> <Delay = 2.37> <FuncUnit> <Opcode : 'add' 'sub'> <InPorts = 2> <OutPorts = 1>
ST_6 : Operation 66 [1/1] (2.37ns)   --->   "%p_r_M_imag_V_2 = sub i26 %u_M_imag_V, i26 %tm_im_V"   --->   Operation 66 'sub' 'p_r_M_imag_V_2' <Predicate = true> <Delay = 2.37> <CoreInst = "Adder">   --->   Core 1 'Adder' <Latency = 0> <II = 1> <Delay = 2.37> <FuncUnit> <Opcode : 'add' 'sub'> <InPorts = 2> <OutPorts = 1>
ST_6 : Operation 67 [1/1] (3.25ns)   --->   "%store_ln30 = store i26 %p_r_M_real_V_2, i10 %x_M_real_addr" [fft_project_wlo/fft.cpp:30]   --->   Operation 67 'store' 'store_ln30' <Predicate = true> <Delay = 3.25> <CoreInst = "RAM">   --->   Core 82 'RAM' <Latency = 1> <II = 1> <Delay = 3.25> <Storage> <Opcode : 'load' 'store'> <Ports = 2> <Width = 26> <Depth = 1024> <RAM>
ST_6 : Operation 68 [1/1] (3.25ns)   --->   "%store_ln30 = store i26 %p_r_M_imag_V_2, i10 %x_M_imag_addr" [fft_project_wlo/fft.cpp:30]   --->   Operation 68 'store' 'store_ln30' <Predicate = true> <Delay = 3.25> <CoreInst = "RAM">   --->   Core 82 'RAM' <Latency = 1> <II = 1> <Delay = 3.25> <Storage> <Opcode : 'load' 'store'> <Ports = 2> <Width = 26> <Depth = 1024> <RAM>
ST_6 : Operation 69 [1/1] (0.00ns)   --->   "%br_ln21 = br void %for.body21" [fft_project_wlo/fft.cpp:21]   --->   Operation 69 'br' 'br_ln21' <Predicate = true> <Delay = 0.00>


============================================================
+ Verbose Summary: Binding
============================================================
STG Binding: 
---------------- STG Properties BEGIN ----------------
- Is combinational: 0
- Is one-state seq: 0
- Is datapath-only: 0
- Is pipelined: 0
- Is top level: 0
Port [ Return ] is wired: 1; IO mode=ap_ctrl_hs:ce=0
Port [ m2]:  wired=1; compound=0; hidden=0; nouse=0; global=0; static=0; extern=0; dir=0; type=0; pingpong=0; private_global=0; IO mode=ap_none:ce=0
Port [ trunc_ln20_1]:  wired=1; compound=0; hidden=0; nouse=0; global=0; static=0; extern=0; dir=0; type=0; pingpong=0; private_global=0; IO mode=ap_none:ce=0
Port [ trunc_ln20_2]:  wired=1; compound=0; hidden=0; nouse=0; global=0; static=0; extern=0; dir=0; type=0; pingpong=0; private_global=0; IO mode=ap_none:ce=0
Port [ x_M_real]:  wired=1; compound=1; hidden=0; nouse=0; global=0; static=0; extern=0; dir=2; type=1; pingpong=0; private_global=0; MemPort=[22]; IO mode=ap_memory:ce=0
Port [ x_M_imag]:  wired=1; compound=1; hidden=0; nouse=0; global=0; static=0; extern=0; dir=2; type=1; pingpong=0; private_global=0; MemPort=[22]; IO mode=ap_memory:ce=0
Port [ tw_M_real_V]:  wired=0; compound=1; hidden=1; nouse=0; global=1; static=1; extern=0; dir=0; type=1; pingpong=0; private_global=1; MemPort=[1]; IO mode=ap_memory:ce=0
Port [ tw_M_imag_V]:  wired=0; compound=1; hidden=1; nouse=0; global=1; static=1; extern=0; dir=0; type=1; pingpong=0; private_global=1; MemPort=[1]; IO mode=ap_memory:ce=0
---------------- STG Properties END ------------------

---------------- Datapath Model BEGIN ----------------

<LifeTime>
<method=bitvector/>
j                 (alloca           ) [ 0100000]
trunc_ln20_2_read (read             ) [ 0000000]
trunc_ln20_1_read (read             ) [ 0000000]
m2_read           (read             ) [ 0000000]
store_ln0         (store            ) [ 0000000]
br_ln0            (br               ) [ 0000000]
j_1               (load             ) [ 0000000]
specpipeline_ln0  (specpipeline     ) [ 0000000]
icmp_ln21         (icmp             ) [ 0100000]
empty             (speclooptripcount) [ 0000000]
add_ln21          (add              ) [ 0000000]
br_ln21           (br               ) [ 0000000]
add_ln22          (add              ) [ 0000000]
zext_ln883        (zext             ) [ 0000000]
tw_M_real_V_addr  (getelementptr    ) [ 0010000]
tw_M_imag_V_addr  (getelementptr    ) [ 0010000]
add_ln24          (add              ) [ 0000000]
zext_ln24         (zext             ) [ 0000000]
add_ln24_1        (add              ) [ 0000000]
zext_ln24_1       (zext             ) [ 0000000]
x_M_real_addr     (getelementptr    ) [ 0011111]
x_M_imag_addr     (getelementptr    ) [ 0011111]
x_M_real_addr_2   (getelementptr    ) [ 0011110]
x_M_imag_addr_2   (getelementptr    ) [ 0011110]
store_ln21        (store            ) [ 0000000]
tw_M_real_V_load  (load             ) [ 0001000]
tw_M_imag_V_load  (load             ) [ 0001000]
x_M_real_load     (load             ) [ 0001000]
x_M_imag_load     (load             ) [ 0001000]
u_M_real_V        (load             ) [ 0001111]
u_M_imag_V        (load             ) [ 0001111]
tw_re             (bitconcatenate   ) [ 0000000]
tw_im_V           (bitconcatenate   ) [ 0000000]
sext_ln1316       (sext             ) [ 0000000]
sext_ln1319       (sext             ) [ 0000000]
r_V_1             (mul              ) [ 0000100]
sext_ln1316_1     (sext             ) [ 0000000]
sext_ln1319_1     (sext             ) [ 0000000]
r_V_3             (mul              ) [ 0000100]
r_V_4             (mul              ) [ 0000100]
r_V_5             (mul              ) [ 0000100]
ret_V             (sub              ) [ 0000000]
tm_re_V           (partselect       ) [ 0000011]
ret_V_1           (add              ) [ 0000000]
tm_im_V           (partselect       ) [ 0000011]
p_r_M_real_V_1    (add              ) [ 0000000]
p_r_M_imag_V_1    (add              ) [ 0000000]
store_ln29        (store            ) [ 0000000]
store_ln29        (store            ) [ 0000000]
specloopname_ln21 (specloopname     ) [ 0000000]
p_r_M_real_V_2    (sub              ) [ 0000000]
p_r_M_imag_V_2    (sub              ) [ 0000000]
store_ln30        (store            ) [ 0000000]
store_ln30        (store            ) [ 0000000]
br_ln21           (br               ) [ 0000000]
ret_ln0           (ret              ) [ 0000000]
</LifeTime>

<model>

<comp_list>
<comp id="0" class="1000" name="m2">
<pin_list>
<pin id="1" dir="1" index="0" bw="1" slack="0"/>
</pin_list>
<bind>
<StgValue><ssdm name="m2"/></StgValue>
</bind>
</comp>

<comp id="2" class="1000" name="trunc_ln20_1">
<pin_list>
<pin id="3" dir="1" index="0" bw="1" slack="0"/>
</pin_list>
<bind>
<StgValue><ssdm name="trunc_ln20_1"/></StgValue>
</bind>
</comp>

<comp id="4" class="1000" name="trunc_ln20_2">
<pin_list>
<pin id="5" dir="1" index="0" bw="1" slack="0"/>
</pin_list>
<bind>
<StgValue><ssdm name="trunc_ln20_2"/></StgValue>
</bind>
</comp>

<comp id="6" class="1000" name="x_M_real">
<pin_list>
<pin id="7" dir="1" index="0" bw="1" slack="0"/>
</pin_list>
<bind>
<StgValue><ssdm name="x_M_real"/><MemPortTyVec>2 2 </MemPortTyVec>
</StgValue>
</bind>
</comp>

<comp id="8" class="1000" name="x_M_imag">
<pin_list>
<pin id="9" dir="1" index="0" bw="1" slack="0"/>
</pin_list>
<bind>
<StgValue><ssdm name="x_M_imag"/><MemPortTyVec>2 2 </MemPortTyVec>
</StgValue>
</bind>
</comp>

<comp id="10" class="1000" name="tw_M_real_V">
<pin_list>
<pin id="11" dir="1" index="0" bw="1" slack="0"/>
</pin_list>
<bind>
<StgValue><ssdm name="tw_M_real_V"/><MemPortTyVec>1 </MemPortTyVec>
</StgValue>
</bind>
</comp>

<comp id="12" class="1000" name="tw_M_imag_V">
<pin_list>
<pin id="13" dir="1" index="0" bw="1" slack="0"/>
</pin_list>
<bind>
<StgValue><ssdm name="tw_M_imag_V"/><MemPortTyVec>1 </MemPortTyVec>
</StgValue>
</bind>
</comp>

<comp id="14" class="1001" name="const_14">
<pin_list>
<pin id="15" dir="1" index="0" bw="1" slack="0"/>
</pin_list>
<bind>
<StgValue><ssdm name=""/></StgValue>
</bind>
</comp>

<comp id="16" class="1001" name="const_16">
<pin_list>
<pin id="17" dir="1" index="0" bw="1" slack="0"/>
</pin_list>
<bind>
<StgValue><ssdm name="_ssdm_op_Read.ap_auto.i10"/></StgValue>
</bind>
</comp>

<comp id="18" class="1001" name="const_18">
<pin_list>
<pin id="19" dir="1" index="0" bw="1" slack="0"/>
</pin_list>
<bind>
<StgValue><ssdm name=""/></StgValue>
</bind>
</comp>

<comp id="20" class="1001" name="const_20">
<pin_list>
<pin id="21" dir="1" index="0" bw="1" slack="2147483647"/>
</pin_list>
<bind>
<StgValue><ssdm name="_ssdm_op_SpecPipeline"/></StgValue>
</bind>
</comp>

<comp id="22" class="1001" name="const_22">
<pin_list>
<pin id="23" dir="1" index="0" bw="1" slack="2147483647"/>
</pin_list>
<bind>
<StgValue><ssdm name=""/></StgValue>
</bind>
</comp>

<comp id="24" class="1001" name="const_24">
<pin_list>
<pin id="25" dir="1" index="0" bw="1" slack="2147483647"/>
</pin_list>
<bind>
<StgValue><ssdm name=""/></StgValue>
</bind>
</comp>

<comp id="26" class="1001" name="const_26">
<pin_list>
<pin id="27" dir="1" index="0" bw="1" slack="2147483647"/>
</pin_list>
<bind>
<StgValue><ssdm name="p_str"/></StgValue>
</bind>
</comp>

<comp id="28" class="1001" name="const_28">
<pin_list>
<pin id="29" dir="1" index="0" bw="1" slack="2147483647"/>
</pin_list>
<bind>
<StgValue><ssdm name="_ssdm_op_SpecLoopTripCount"/></StgValue>
</bind>
</comp>

<comp id="30" class="1001" name="const_30">
<pin_list>
<pin id="31" dir="1" index="0" bw="1" slack="2147483647"/>
</pin_list>
<bind>
<StgValue><ssdm name=""/></StgValue>
</bind>
</comp>

<comp id="32" class="1001" name="const_32">
<pin_list>
<pin id="33" dir="1" index="0" bw="1" slack="2147483647"/>
</pin_list>
<bind>
<StgValue><ssdm name=""/></StgValue>
</bind>
</comp>

<comp id="34" class="1001" name="const_34">
<pin_list>
<pin id="35" dir="1" index="0" bw="1" slack="0"/>
</pin_list>
<bind>
<StgValue><ssdm name=""/></StgValue>
</bind>
</comp>

<comp id="36" class="1001" name="const_36">
<pin_list>
<pin id="37" dir="1" index="0" bw="1" slack="0"/>
</pin_list>
<bind>
<StgValue><ssdm name=""/></StgValue>
</bind>
</comp>

<comp id="38" class="1001" name="const_38">
<pin_list>
<pin id="39" dir="1" index="0" bw="1" slack="0"/>
</pin_list>
<bind>
<StgValue><ssdm name="_ssdm_op_BitConcatenate.i26.i24.i2"/></StgValue>
</bind>
</comp>

<comp id="40" class="1001" name="const_40">
<pin_list>
<pin id="41" dir="1" index="0" bw="1" slack="0"/>
</pin_list>
<bind>
<StgValue><ssdm name=""/></StgValue>
</bind>
</comp>

<comp id="42" class="1001" name="const_42">
<pin_list>
<pin id="43" dir="1" index="0" bw="1" slack="0"/>
</pin_list>
<bind>
<StgValue><ssdm name="_ssdm_op_PartSelect.i26.i50.i32.i32"/></StgValue>
</bind>
</comp>

<comp id="44" class="1001" name="const_44">
<pin_list>
<pin id="45" dir="1" index="0" bw="1" slack="0"/>
</pin_list>
<bind>
<StgValue><ssdm name=""/></StgValue>
</bind>
</comp>

<comp id="46" class="1001" name="const_46">
<pin_list>
<pin id="47" dir="1" index="0" bw="1" slack="0"/>
</pin_list>
<bind>
<StgValue><ssdm name=""/></StgValue>
</bind>
</comp>

<comp id="48" class="1001" name="const_48">
<pin_list>
<pin id="49" dir="1" index="0" bw="1" slack="2147483647"/>
</pin_list>
<bind>
<StgValue><ssdm name="_ssdm_op_SpecLoopName"/></StgValue>
</bind>
</comp>

<comp id="50" class="1001" name="const_50">
<pin_list>
<pin id="51" dir="1" index="0" bw="1" slack="2147483647"/>
</pin_list>
<bind>
<StgValue><ssdm name="empty_8"/></StgValue>
</bind>
</comp>

<comp id="52" class="1004" name="j_fu_52">
<pin_list>
<pin id="53" dir="0" index="0" bw="1" slack="0"/>
<pin id="54" dir="1" index="1" bw="10" slack="0"/>
</pin_list>
<bind>
<opcode="alloca(26) " fcode="alloca"/>
<opset="j/1 "/>
</bind>
</comp>

<comp id="56" class="1004" name="trunc_ln20_2_read_read_fu_56">
<pin_list>
<pin id="57" dir="0" index="0" bw="10" slack="0"/>
<pin id="58" dir="0" index="1" bw="10" slack="0"/>
<pin id="59" dir="1" index="2" bw="10" slack="0"/>
</pin_list>
<bind>
<opcode="read(1150) " fcode="read"/>
<opset="trunc_ln20_2_read/1 "/>
</bind>
</comp>

<comp id="62" class="1004" name="trunc_ln20_1_read_read_fu_62">
<pin_list>
<pin id="63" dir="0" index="0" bw="10" slack="0"/>
<pin id="64" dir="0" index="1" bw="10" slack="0"/>
<pin id="65" dir="1" index="2" bw="10" slack="0"/>
</pin_list>
<bind>
<opcode="read(1150) " fcode="read"/>
<opset="trunc_ln20_1_read/1 "/>
</bind>
</comp>

<comp id="68" class="1004" name="m2_read_read_fu_68">
<pin_list>
<pin id="69" dir="0" index="0" bw="10" slack="0"/>
<pin id="70" dir="0" index="1" bw="10" slack="0"/>
<pin id="71" dir="1" index="2" bw="10" slack="0"/>
</pin_list>
<bind>
<opcode="read(1150) " fcode="read"/>
<opset="m2_read/1 "/>
</bind>
</comp>

<comp id="74" class="1004" name="tw_M_real_V_addr_gep_fu_74">
<pin_list>
<pin id="75" dir="0" index="0" bw="24" slack="0"/>
<pin id="76" dir="0" index="1" bw="1" slack="0"/>
<pin id="77" dir="0" index="2" bw="10" slack="0"/>
<pin id="78" dir="1" index="3" bw="10" slack="0"/>
</pin_list>
<bind>
<opcode="getelementptr(29) " fcode="getelementptr"/>
<opset="tw_M_real_V_addr/1 "/>
</bind>
</comp>

<comp id="81" class="1004" name="grp_access_fu_81">
<pin_list>
<pin id="82" dir="0" index="0" bw="10" slack="0"/>
<pin id="83" dir="0" index="1" bw="24" slack="2147483647"/>
<pin id="84" dir="0" index="2" bw="0" slack="2147483647"/>
<pin id="85" dir="1" index="3" bw="24" slack="1"/>
</pin_list>
<bind>
<opcode="load(27) " fcode="load"/>
<opset="tw_M_real_V_load/1 "/>
</bind>
</comp>

<comp id="87" class="1004" name="tw_M_imag_V_addr_gep_fu_87">
<pin_list>
<pin id="88" dir="0" index="0" bw="24" slack="0"/>
<pin id="89" dir="0" index="1" bw="1" slack="0"/>
<pin id="90" dir="0" index="2" bw="10" slack="0"/>
<pin id="91" dir="1" index="3" bw="10" slack="0"/>
</pin_list>
<bind>
<opcode="getelementptr(29) " fcode="getelementptr"/>
<opset="tw_M_imag_V_addr/1 "/>
</bind>
</comp>

<comp id="94" class="1004" name="grp_access_fu_94">
<pin_list>
<pin id="95" dir="0" index="0" bw="10" slack="0"/>
<pin id="96" dir="0" index="1" bw="24" slack="2147483647"/>
<pin id="97" dir="0" index="2" bw="0" slack="2147483647"/>
<pin id="98" dir="1" index="3" bw="24" slack="1"/>
</pin_list>
<bind>
<opcode="load(27) " fcode="load"/>
<opset="tw_M_imag_V_load/1 "/>
</bind>
</comp>

<comp id="100" class="1004" name="x_M_real_addr_gep_fu_100">
<pin_list>
<pin id="101" dir="0" index="0" bw="26" slack="0"/>
<pin id="102" dir="0" index="1" bw="1" slack="0"/>
<pin id="103" dir="0" index="2" bw="10" slack="0"/>
<pin id="104" dir="1" index="3" bw="10" slack="0"/>
</pin_list>
<bind>
<opcode="getelementptr(29) " fcode="getelementptr"/>
<opset="x_M_real_addr/1 "/>
</bind>
</comp>

<comp id="107" class="1004" name="grp_access_fu_107">
<pin_list>
<pin id="108" dir="0" index="0" bw="10" slack="0"/>
<pin id="109" dir="0" index="1" bw="26" slack="0"/>
<pin id="110" dir="0" index="2" bw="0" slack="0"/>
<pin id="112" dir="0" index="4" bw="10" slack="0"/>
<pin id="113" dir="0" index="5" bw="26" slack="2147483647"/>
<pin id="114" dir="0" index="6" bw="0" slack="2147483647"/>
<pin id="111" dir="1" index="3" bw="26" slack="3"/>
<pin id="115" dir="1" index="7" bw="26" slack="1"/>
</pin_list>
<bind>
<opcode="load(27) store(28) " fcode="store"/>
<opset="x_M_real_load/1 u_M_real_V/1 store_ln29/5 store_ln30/6 "/>
</bind>
</comp>

<comp id="117" class="1004" name="x_M_imag_addr_gep_fu_117">
<pin_list>
<pin id="118" dir="0" index="0" bw="26" slack="0"/>
<pin id="119" dir="0" index="1" bw="1" slack="0"/>
<pin id="120" dir="0" index="2" bw="10" slack="0"/>
<pin id="121" dir="1" index="3" bw="10" slack="0"/>
</pin_list>
<bind>
<opcode="getelementptr(29) " fcode="getelementptr"/>
<opset="x_M_imag_addr/1 "/>
</bind>
</comp>

<comp id="124" class="1004" name="grp_access_fu_124">
<pin_list>
<pin id="125" dir="0" index="0" bw="10" slack="0"/>
<pin id="126" dir="0" index="1" bw="26" slack="0"/>
<pin id="127" dir="0" index="2" bw="0" slack="0"/>
<pin id="129" dir="0" index="4" bw="10" slack="0"/>
<pin id="130" dir="0" index="5" bw="26" slack="2147483647"/>
<pin id="131" dir="0" index="6" bw="0" slack="2147483647"/>
<pin id="128" dir="1" index="3" bw="26" slack="3"/>
<pin id="132" dir="1" index="7" bw="26" slack="1"/>
</pin_list>
<bind>
<opcode="load(27) store(28) " fcode="store"/>
<opset="x_M_imag_load/1 u_M_imag_V/1 store_ln29/5 store_ln30/6 "/>
</bind>
</comp>

<comp id="134" class="1004" name="x_M_real_addr_2_gep_fu_134">
<pin_list>
<pin id="135" dir="0" index="0" bw="26" slack="0"/>
<pin id="136" dir="0" index="1" bw="1" slack="0"/>
<pin id="137" dir="0" index="2" bw="10" slack="0"/>
<pin id="138" dir="1" index="3" bw="10" slack="0"/>
</pin_list>
<bind>
<opcode="getelementptr(29) " fcode="getelementptr"/>
<opset="x_M_real_addr_2/1 "/>
</bind>
</comp>

<comp id="142" class="1004" name="x_M_imag_addr_2_gep_fu_142">
<pin_list>
<pin id="143" dir="0" index="0" bw="26" slack="0"/>
<pin id="144" dir="0" index="1" bw="1" slack="0"/>
<pin id="145" dir="0" index="2" bw="10" slack="0"/>
<pin id="146" dir="1" index="3" bw="10" slack="0"/>
</pin_list>
<bind>
<opcode="getelementptr(29) " fcode="getelementptr"/>
<opset="x_M_imag_addr_2/1 "/>
</bind>
</comp>

<comp id="150" class="1004" name="store_ln0_store_fu_150">
<pin_list>
<pin id="151" dir="0" index="0" bw="1" slack="0"/>
<pin id="152" dir="0" index="1" bw="10" slack="0"/>
<pin id="153" dir="1" index="2" bw="0" slack="2147483647"/>
</pin_list>
<bind>
<opcode="store(28) " fcode="store"/>
<opset="store_ln0/1 "/>
</bind>
</comp>

<comp id="155" class="1004" name="j_1_load_fu_155">
<pin_list>
<pin id="156" dir="0" index="0" bw="10" slack="0"/>
<pin id="157" dir="1" index="1" bw="10" slack="0"/>
</pin_list>
<bind>
<opcode="load(27) " fcode="load"/>
<opset="j_1/1 "/>
</bind>
</comp>

<comp id="158" class="1004" name="icmp_ln21_fu_158">
<pin_list>
<pin id="159" dir="0" index="0" bw="10" slack="0"/>
<pin id="160" dir="0" index="1" bw="10" slack="0"/>
<pin id="161" dir="1" index="2" bw="1" slack="2147483647"/>
</pin_list>
<bind>
<opcode="icmp(45) " fcode="icmp"/>
<opset="icmp_ln21/1 "/>
</bind>
</comp>

<comp id="164" class="1004" name="add_ln21_fu_164">
<pin_list>
<pin id="165" dir="0" index="0" bw="10" slack="0"/>
<pin id="166" dir="0" index="1" bw="1" slack="0"/>
<pin id="167" dir="1" index="2" bw="10" slack="0"/>
</pin_list>
<bind>
<opcode="add(8) " fcode="add"/>
<opset="add_ln21/1 "/>
</bind>
</comp>

<comp id="170" class="1004" name="add_ln22_fu_170">
<pin_list>
<pin id="171" dir="0" index="0" bw="10" slack="0"/>
<pin id="172" dir="0" index="1" bw="10" slack="0"/>
<pin id="173" dir="1" index="2" bw="10" slack="0"/>
</pin_list>
<bind>
<opcode="add(8) " fcode="add"/>
<opset="add_ln22/1 "/>
</bind>
</comp>

<comp id="176" class="1004" name="zext_ln883_fu_176">
<pin_list>
<pin id="177" dir="0" index="0" bw="10" slack="0"/>
<pin id="178" dir="1" index="1" bw="64" slack="0"/>
</pin_list>
<bind>
<opcode="zext(34) " fcode="zext"/>
<opset="zext_ln883/1 "/>
</bind>
</comp>

<comp id="182" class="1004" name="add_ln24_fu_182">
<pin_list>
<pin id="183" dir="0" index="0" bw="10" slack="0"/>
<pin id="184" dir="0" index="1" bw="10" slack="0"/>
<pin id="185" dir="1" index="2" bw="10" slack="0"/>
</pin_list>
<bind>
<opcode="add(8) " fcode="add"/>
<opset="add_ln24/1 "/>
</bind>
</comp>

<comp id="188" class="1004" name="zext_ln24_fu_188">
<pin_list>
<pin id="189" dir="0" index="0" bw="10" slack="0"/>
<pin id="190" dir="1" index="1" bw="64" slack="0"/>
</pin_list>
<bind>
<opcode="zext(34) " fcode="zext"/>
<opset="zext_ln24/1 "/>
</bind>
</comp>

<comp id="194" class="1004" name="add_ln24_1_fu_194">
<pin_list>
<pin id="195" dir="0" index="0" bw="10" slack="0"/>
<pin id="196" dir="0" index="1" bw="10" slack="0"/>
<pin id="197" dir="1" index="2" bw="10" slack="0"/>
</pin_list>
<bind>
<opcode="add(8) " fcode="add"/>
<opset="add_ln24_1/1 "/>
</bind>
</comp>

<comp id="200" class="1004" name="zext_ln24_1_fu_200">
<pin_list>
<pin id="201" dir="0" index="0" bw="10" slack="0"/>
<pin id="202" dir="1" index="1" bw="64" slack="0"/>
</pin_list>
<bind>
<opcode="zext(34) " fcode="zext"/>
<opset="zext_ln24_1/1 "/>
</bind>
</comp>

<comp id="206" class="1004" name="store_ln21_store_fu_206">
<pin_list>
<pin id="207" dir="0" index="0" bw="10" slack="0"/>
<pin id="208" dir="0" index="1" bw="10" slack="0"/>
<pin id="209" dir="1" index="2" bw="0" slack="2147483647"/>
</pin_list>
<bind>
<opcode="store(28) " fcode="store"/>
<opset="store_ln21/1 "/>
</bind>
</comp>

<comp id="211" class="1004" name="tw_re_fu_211">
<pin_list>
<pin id="212" dir="0" index="0" bw="26" slack="0"/>
<pin id="213" dir="0" index="1" bw="24" slack="1"/>
<pin id="214" dir="0" index="2" bw="1" slack="0"/>
<pin id="215" dir="1" index="3" bw="26" slack="0"/>
</pin_list>
<bind>
<opcode="bitconcatenate(1004) " fcode="bitconcatenate"/>
<opset="tw_re/3 "/>
</bind>
</comp>

<comp id="218" class="1004" name="tw_im_V_fu_218">
<pin_list>
<pin id="219" dir="0" index="0" bw="26" slack="0"/>
<pin id="220" dir="0" index="1" bw="24" slack="1"/>
<pin id="221" dir="0" index="2" bw="1" slack="0"/>
<pin id="222" dir="1" index="3" bw="26" slack="0"/>
</pin_list>
<bind>
<opcode="bitconcatenate(1004) " fcode="bitconcatenate"/>
<opset="tw_im_V/3 "/>
</bind>
</comp>

<comp id="225" class="1004" name="sext_ln1316_fu_225">
<pin_list>
<pin id="226" dir="0" index="0" bw="26" slack="0"/>
<pin id="227" dir="1" index="1" bw="50" slack="0"/>
</pin_list>
<bind>
<opcode="sext(35) " fcode="sext"/>
<opset="sext_ln1316/3 "/>
</bind>
</comp>

<comp id="229" class="1004" name="sext_ln1319_fu_229">
<pin_list>
<pin id="230" dir="0" index="0" bw="26" slack="1"/>
<pin id="231" dir="1" index="1" bw="50" slack="0"/>
</pin_list>
<bind>
<opcode="sext(35) " fcode="sext"/>
<opset="sext_ln1319/3 "/>
</bind>
</comp>

<comp id="232" class="1004" name="r_V_1_fu_232">
<pin_list>
<pin id="233" dir="0" index="0" bw="26" slack="0"/>
<pin id="234" dir="0" index="1" bw="26" slack="0"/>
<pin id="235" dir="1" index="2" bw="50" slack="1"/>
</pin_list>
<bind>
<opcode="mul(12) " fcode="mul"/>
<opset="r_V_1/3 "/>
</bind>
</comp>

<comp id="238" class="1004" name="sext_ln1316_1_fu_238">
<pin_list>
<pin id="239" dir="0" index="0" bw="26" slack="0"/>
<pin id="240" dir="1" index="1" bw="50" slack="0"/>
</pin_list>
<bind>
<opcode="sext(35) " fcode="sext"/>
<opset="sext_ln1316_1/3 "/>
</bind>
</comp>

<comp id="242" class="1004" name="sext_ln1319_1_fu_242">
<pin_list>
<pin id="243" dir="0" index="0" bw="26" slack="1"/>
<pin id="244" dir="1" index="1" bw="50" slack="0"/>
</pin_list>
<bind>
<opcode="sext(35) " fcode="sext"/>
<opset="sext_ln1319_1/3 "/>
</bind>
</comp>

<comp id="245" class="1004" name="r_V_3_fu_245">
<pin_list>
<pin id="246" dir="0" index="0" bw="26" slack="0"/>
<pin id="247" dir="0" index="1" bw="26" slack="0"/>
<pin id="248" dir="1" index="2" bw="50" slack="1"/>
</pin_list>
<bind>
<opcode="mul(12) " fcode="mul"/>
<opset="r_V_3/3 "/>
</bind>
</comp>

<comp id="251" class="1004" name="r_V_4_fu_251">
<pin_list>
<pin id="252" dir="0" index="0" bw="26" slack="0"/>
<pin id="253" dir="0" index="1" bw="26" slack="0"/>
<pin id="254" dir="1" index="2" bw="50" slack="1"/>
</pin_list>
<bind>
<opcode="mul(12) " fcode="mul"/>
<opset="r_V_4/3 "/>
</bind>
</comp>

<comp id="257" class="1004" name="r_V_5_fu_257">
<pin_list>
<pin id="258" dir="0" index="0" bw="26" slack="0"/>
<pin id="259" dir="0" index="1" bw="26" slack="0"/>
<pin id="260" dir="1" index="2" bw="50" slack="1"/>
</pin_list>
<bind>
<opcode="mul(12) " fcode="mul"/>
<opset="r_V_5/3 "/>
</bind>
</comp>

<comp id="263" class="1004" name="ret_V_fu_263">
<pin_list>
<pin id="264" dir="0" index="0" bw="50" slack="1"/>
<pin id="265" dir="0" index="1" bw="50" slack="1"/>
<pin id="266" dir="1" index="2" bw="50" slack="0"/>
</pin_list>
<bind>
<opcode="sub(10) " fcode="sub"/>
<opset="ret_V/4 "/>
</bind>
</comp>

<comp id="267" class="1004" name="tm_re_V_fu_267">
<pin_list>
<pin id="268" dir="0" index="0" bw="26" slack="0"/>
<pin id="269" dir="0" index="1" bw="50" slack="0"/>
<pin id="270" dir="0" index="2" bw="6" slack="0"/>
<pin id="271" dir="0" index="3" bw="7" slack="0"/>
<pin id="272" dir="1" index="4" bw="26" slack="1"/>
</pin_list>
<bind>
<opcode="partselect(1002) " fcode="partselect"/>
<opset="tm_re_V/4 "/>
</bind>
</comp>

<comp id="277" class="1004" name="ret_V_1_fu_277">
<pin_list>
<pin id="278" dir="0" index="0" bw="50" slack="1"/>
<pin id="279" dir="0" index="1" bw="50" slack="1"/>
<pin id="280" dir="1" index="2" bw="50" slack="0"/>
</pin_list>
<bind>
<opcode="add(8) " fcode="add"/>
<opset="ret_V_1/4 "/>
</bind>
</comp>

<comp id="281" class="1004" name="tm_im_V_fu_281">
<pin_list>
<pin id="282" dir="0" index="0" bw="26" slack="0"/>
<pin id="283" dir="0" index="1" bw="50" slack="0"/>
<pin id="284" dir="0" index="2" bw="6" slack="0"/>
<pin id="285" dir="0" index="3" bw="7" slack="0"/>
<pin id="286" dir="1" index="4" bw="26" slack="1"/>
</pin_list>
<bind>
<opcode="partselect(1002) " fcode="partselect"/>
<opset="tm_im_V/4 "/>
</bind>
</comp>

<comp id="291" class="1004" name="p_r_M_real_V_1_fu_291">
<pin_list>
<pin id="292" dir="0" index="0" bw="26" slack="3"/>
<pin id="293" dir="0" index="1" bw="26" slack="1"/>
<pin id="294" dir="1" index="2" bw="26" slack="0"/>
</pin_list>
<bind>
<opcode="add(8) " fcode="add"/>
<opset="p_r_M_real_V_1/5 "/>
</bind>
</comp>

<comp id="296" class="1004" name="p_r_M_imag_V_1_fu_296">
<pin_list>
<pin id="297" dir="0" index="0" bw="26" slack="3"/>
<pin id="298" dir="0" index="1" bw="26" slack="1"/>
<pin id="299" dir="1" index="2" bw="26" slack="0"/>
</pin_list>
<bind>
<opcode="add(8) " fcode="add"/>
<opset="p_r_M_imag_V_1/5 "/>
</bind>
</comp>

<comp id="301" class="1004" name="p_r_M_real_V_2_fu_301">
<pin_list>
<pin id="302" dir="0" index="0" bw="26" slack="4"/>
<pin id="303" dir="0" index="1" bw="26" slack="2"/>
<pin id="304" dir="1" index="2" bw="26" slack="0"/>
</pin_list>
<bind>
<opcode="sub(10) " fcode="sub"/>
<opset="p_r_M_real_V_2/6 "/>
</bind>
</comp>

<comp id="306" class="1004" name="p_r_M_imag_V_2_fu_306">
<pin_list>
<pin id="307" dir="0" index="0" bw="26" slack="4"/>
<pin id="308" dir="0" index="1" bw="26" slack="2"/>
<pin id="309" dir="1" index="2" bw="26" slack="0"/>
</pin_list>
<bind>
<opcode="sub(10) " fcode="sub"/>
<opset="p_r_M_imag_V_2/6 "/>
</bind>
</comp>

<comp id="311" class="1005" name="j_reg_311">
<pin_list>
<pin id="312" dir="0" index="0" bw="10" slack="0"/>
<pin id="313" dir="1" index="1" bw="10" slack="0"/>
</pin_list>
<bind>
<opset="j "/>
</bind>
</comp>

<comp id="321" class="1005" name="tw_M_real_V_addr_reg_321">
<pin_list>
<pin id="322" dir="0" index="0" bw="10" slack="1"/>
<pin id="323" dir="1" index="1" bw="10" slack="1"/>
</pin_list>
<bind>
<opset="tw_M_real_V_addr "/>
</bind>
</comp>

<comp id="326" class="1005" name="tw_M_imag_V_addr_reg_326">
<pin_list>
<pin id="327" dir="0" index="0" bw="10" slack="1"/>
<pin id="328" dir="1" index="1" bw="10" slack="1"/>
</pin_list>
<bind>
<opset="tw_M_imag_V_addr "/>
</bind>
</comp>

<comp id="331" class="1005" name="x_M_real_addr_reg_331">
<pin_list>
<pin id="332" dir="0" index="0" bw="10" slack="1"/>
<pin id="333" dir="1" index="1" bw="10" slack="1"/>
</pin_list>
<bind>
<opset="x_M_real_addr "/>
</bind>
</comp>

<comp id="336" class="1005" name="x_M_imag_addr_reg_336">
<pin_list>
<pin id="337" dir="0" index="0" bw="10" slack="1"/>
<pin id="338" dir="1" index="1" bw="10" slack="1"/>
</pin_list>
<bind>
<opset="x_M_imag_addr "/>
</bind>
</comp>

<comp id="341" class="1005" name="x_M_real_addr_2_reg_341">
<pin_list>
<pin id="342" dir="0" index="0" bw="10" slack="1"/>
<pin id="343" dir="1" index="1" bw="10" slack="1"/>
</pin_list>
<bind>
<opset="x_M_real_addr_2 "/>
</bind>
</comp>

<comp id="346" class="1005" name="x_M_imag_addr_2_reg_346">
<pin_list>
<pin id="347" dir="0" index="0" bw="10" slack="1"/>
<pin id="348" dir="1" index="1" bw="10" slack="1"/>
</pin_list>
<bind>
<opset="x_M_imag_addr_2 "/>
</bind>
</comp>

<comp id="351" class="1005" name="tw_M_real_V_load_reg_351">
<pin_list>
<pin id="352" dir="0" index="0" bw="24" slack="1"/>
<pin id="353" dir="1" index="1" bw="24" slack="1"/>
</pin_list>
<bind>
<opset="tw_M_real_V_load "/>
</bind>
</comp>

<comp id="356" class="1005" name="tw_M_imag_V_load_reg_356">
<pin_list>
<pin id="357" dir="0" index="0" bw="24" slack="1"/>
<pin id="358" dir="1" index="1" bw="24" slack="1"/>
</pin_list>
<bind>
<opset="tw_M_imag_V_load "/>
</bind>
</comp>

<comp id="361" class="1005" name="x_M_real_load_reg_361">
<pin_list>
<pin id="362" dir="0" index="0" bw="26" slack="1"/>
<pin id="363" dir="1" index="1" bw="26" slack="1"/>
</pin_list>
<bind>
<opset="x_M_real_load "/>
</bind>
</comp>

<comp id="366" class="1005" name="x_M_imag_load_reg_366">
<pin_list>
<pin id="367" dir="0" index="0" bw="26" slack="1"/>
<pin id="368" dir="1" index="1" bw="26" slack="1"/>
</pin_list>
<bind>
<opset="x_M_imag_load "/>
</bind>
</comp>

<comp id="371" class="1005" name="u_M_real_V_reg_371">
<pin_list>
<pin id="372" dir="0" index="0" bw="26" slack="3"/>
<pin id="373" dir="1" index="1" bw="26" slack="3"/>
</pin_list>
<bind>
<opset="u_M_real_V "/>
</bind>
</comp>

<comp id="377" class="1005" name="u_M_imag_V_reg_377">
<pin_list>
<pin id="378" dir="0" index="0" bw="26" slack="3"/>
<pin id="379" dir="1" index="1" bw="26" slack="3"/>
</pin_list>
<bind>
<opset="u_M_imag_V "/>
</bind>
</comp>

<comp id="383" class="1005" name="r_V_1_reg_383">
<pin_list>
<pin id="384" dir="0" index="0" bw="50" slack="1"/>
<pin id="385" dir="1" index="1" bw="50" slack="1"/>
</pin_list>
<bind>
<opset="r_V_1 "/>
</bind>
</comp>

<comp id="388" class="1005" name="r_V_3_reg_388">
<pin_list>
<pin id="389" dir="0" index="0" bw="50" slack="1"/>
<pin id="390" dir="1" index="1" bw="50" slack="1"/>
</pin_list>
<bind>
<opset="r_V_3 "/>
</bind>
</comp>

<comp id="393" class="1005" name="r_V_4_reg_393">
<pin_list>
<pin id="394" dir="0" index="0" bw="50" slack="1"/>
<pin id="395" dir="1" index="1" bw="50" slack="1"/>
</pin_list>
<bind>
<opset="r_V_4 "/>
</bind>
</comp>

<comp id="398" class="1005" name="r_V_5_reg_398">
<pin_list>
<pin id="399" dir="0" index="0" bw="50" slack="1"/>
<pin id="400" dir="1" index="1" bw="50" slack="1"/>
</pin_list>
<bind>
<opset="r_V_5 "/>
</bind>
</comp>

<comp id="403" class="1005" name="tm_re_V_reg_403">
<pin_list>
<pin id="404" dir="0" index="0" bw="26" slack="1"/>
<pin id="405" dir="1" index="1" bw="26" slack="1"/>
</pin_list>
<bind>
<opset="tm_re_V "/>
</bind>
</comp>

<comp id="409" class="1005" name="tm_im_V_reg_409">
<pin_list>
<pin id="410" dir="0" index="0" bw="26" slack="1"/>
<pin id="411" dir="1" index="1" bw="26" slack="1"/>
</pin_list>
<bind>
<opset="tm_im_V "/>
</bind>
</comp>

</comp_list>

<net_list>
<net id="55"><net_src comp="14" pin="0"/><net_sink comp="52" pin=0"/></net>

<net id="60"><net_src comp="16" pin="0"/><net_sink comp="56" pin=0"/></net>

<net id="61"><net_src comp="4" pin="0"/><net_sink comp="56" pin=1"/></net>

<net id="66"><net_src comp="16" pin="0"/><net_sink comp="62" pin=0"/></net>

<net id="67"><net_src comp="2" pin="0"/><net_sink comp="62" pin=1"/></net>

<net id="72"><net_src comp="16" pin="0"/><net_sink comp="68" pin=0"/></net>

<net id="73"><net_src comp="0" pin="0"/><net_sink comp="68" pin=1"/></net>

<net id="79"><net_src comp="10" pin="0"/><net_sink comp="74" pin=0"/></net>

<net id="80"><net_src comp="34" pin="0"/><net_sink comp="74" pin=1"/></net>

<net id="86"><net_src comp="74" pin="3"/><net_sink comp="81" pin=0"/></net>

<net id="92"><net_src comp="12" pin="0"/><net_sink comp="87" pin=0"/></net>

<net id="93"><net_src comp="34" pin="0"/><net_sink comp="87" pin=1"/></net>

<net id="99"><net_src comp="87" pin="3"/><net_sink comp="94" pin=0"/></net>

<net id="105"><net_src comp="6" pin="0"/><net_sink comp="100" pin=0"/></net>

<net id="106"><net_src comp="34" pin="0"/><net_sink comp="100" pin=1"/></net>

<net id="116"><net_src comp="100" pin="3"/><net_sink comp="107" pin=2"/></net>

<net id="122"><net_src comp="8" pin="0"/><net_sink comp="117" pin=0"/></net>

<net id="123"><net_src comp="34" pin="0"/><net_sink comp="117" pin=1"/></net>

<net id="133"><net_src comp="117" pin="3"/><net_sink comp="124" pin=2"/></net>

<net id="139"><net_src comp="6" pin="0"/><net_sink comp="134" pin=0"/></net>

<net id="140"><net_src comp="34" pin="0"/><net_sink comp="134" pin=1"/></net>

<net id="141"><net_src comp="134" pin="3"/><net_sink comp="107" pin=0"/></net>

<net id="147"><net_src comp="8" pin="0"/><net_sink comp="142" pin=0"/></net>

<net id="148"><net_src comp="34" pin="0"/><net_sink comp="142" pin=1"/></net>

<net id="149"><net_src comp="142" pin="3"/><net_sink comp="124" pin=0"/></net>

<net id="154"><net_src comp="18" pin="0"/><net_sink comp="150" pin=0"/></net>

<net id="162"><net_src comp="155" pin="1"/><net_sink comp="158" pin=0"/></net>

<net id="163"><net_src comp="68" pin="2"/><net_sink comp="158" pin=1"/></net>

<net id="168"><net_src comp="155" pin="1"/><net_sink comp="164" pin=0"/></net>

<net id="169"><net_src comp="36" pin="0"/><net_sink comp="164" pin=1"/></net>

<net id="174"><net_src comp="155" pin="1"/><net_sink comp="170" pin=0"/></net>

<net id="175"><net_src comp="62" pin="2"/><net_sink comp="170" pin=1"/></net>

<net id="179"><net_src comp="170" pin="2"/><net_sink comp="176" pin=0"/></net>

<net id="180"><net_src comp="176" pin="1"/><net_sink comp="74" pin=2"/></net>

<net id="181"><net_src comp="176" pin="1"/><net_sink comp="87" pin=2"/></net>

<net id="186"><net_src comp="155" pin="1"/><net_sink comp="182" pin=0"/></net>

<net id="187"><net_src comp="56" pin="2"/><net_sink comp="182" pin=1"/></net>

<net id="191"><net_src comp="182" pin="2"/><net_sink comp="188" pin=0"/></net>

<net id="192"><net_src comp="188" pin="1"/><net_sink comp="134" pin=2"/></net>

<net id="193"><net_src comp="188" pin="1"/><net_sink comp="142" pin=2"/></net>

<net id="198"><net_src comp="182" pin="2"/><net_sink comp="194" pin=0"/></net>

<net id="199"><net_src comp="68" pin="2"/><net_sink comp="194" pin=1"/></net>

<net id="203"><net_src comp="194" pin="2"/><net_sink comp="200" pin=0"/></net>

<net id="204"><net_src comp="200" pin="1"/><net_sink comp="100" pin=2"/></net>

<net id="205"><net_src comp="200" pin="1"/><net_sink comp="117" pin=2"/></net>

<net id="210"><net_src comp="164" pin="2"/><net_sink comp="206" pin=0"/></net>

<net id="216"><net_src comp="38" pin="0"/><net_sink comp="211" pin=0"/></net>

<net id="217"><net_src comp="40" pin="0"/><net_sink comp="211" pin=2"/></net>

<net id="223"><net_src comp="38" pin="0"/><net_sink comp="218" pin=0"/></net>

<net id="224"><net_src comp="40" pin="0"/><net_sink comp="218" pin=2"/></net>

<net id="228"><net_src comp="211" pin="3"/><net_sink comp="225" pin=0"/></net>

<net id="236"><net_src comp="229" pin="1"/><net_sink comp="232" pin=0"/></net>

<net id="237"><net_src comp="225" pin="1"/><net_sink comp="232" pin=1"/></net>

<net id="241"><net_src comp="218" pin="3"/><net_sink comp="238" pin=0"/></net>

<net id="249"><net_src comp="242" pin="1"/><net_sink comp="245" pin=0"/></net>

<net id="250"><net_src comp="238" pin="1"/><net_sink comp="245" pin=1"/></net>

<net id="255"><net_src comp="242" pin="1"/><net_sink comp="251" pin=0"/></net>

<net id="256"><net_src comp="225" pin="1"/><net_sink comp="251" pin=1"/></net>

<net id="261"><net_src comp="238" pin="1"/><net_sink comp="257" pin=0"/></net>

<net id="262"><net_src comp="229" pin="1"/><net_sink comp="257" pin=1"/></net>

<net id="273"><net_src comp="42" pin="0"/><net_sink comp="267" pin=0"/></net>

<net id="274"><net_src comp="263" pin="2"/><net_sink comp="267" pin=1"/></net>

<net id="275"><net_src comp="44" pin="0"/><net_sink comp="267" pin=2"/></net>

<net id="276"><net_src comp="46" pin="0"/><net_sink comp="267" pin=3"/></net>

<net id="287"><net_src comp="42" pin="0"/><net_sink comp="281" pin=0"/></net>

<net id="288"><net_src comp="277" pin="2"/><net_sink comp="281" pin=1"/></net>

<net id="289"><net_src comp="44" pin="0"/><net_sink comp="281" pin=2"/></net>

<net id="290"><net_src comp="46" pin="0"/><net_sink comp="281" pin=3"/></net>

<net id="295"><net_src comp="291" pin="2"/><net_sink comp="107" pin=1"/></net>

<net id="300"><net_src comp="296" pin="2"/><net_sink comp="124" pin=1"/></net>

<net id="305"><net_src comp="301" pin="2"/><net_sink comp="107" pin=4"/></net>

<net id="310"><net_src comp="306" pin="2"/><net_sink comp="124" pin=4"/></net>

<net id="314"><net_src comp="52" pin="1"/><net_sink comp="311" pin=0"/></net>

<net id="315"><net_src comp="311" pin="1"/><net_sink comp="150" pin=1"/></net>

<net id="316"><net_src comp="311" pin="1"/><net_sink comp="155" pin=0"/></net>

<net id="317"><net_src comp="311" pin="1"/><net_sink comp="206" pin=1"/></net>

<net id="324"><net_src comp="74" pin="3"/><net_sink comp="321" pin=0"/></net>

<net id="325"><net_src comp="321" pin="1"/><net_sink comp="81" pin=0"/></net>

<net id="329"><net_src comp="87" pin="3"/><net_sink comp="326" pin=0"/></net>

<net id="330"><net_src comp="326" pin="1"/><net_sink comp="94" pin=0"/></net>

<net id="334"><net_src comp="100" pin="3"/><net_sink comp="331" pin=0"/></net>

<net id="335"><net_src comp="331" pin="1"/><net_sink comp="107" pin=2"/></net>

<net id="339"><net_src comp="117" pin="3"/><net_sink comp="336" pin=0"/></net>

<net id="340"><net_src comp="336" pin="1"/><net_sink comp="124" pin=2"/></net>

<net id="344"><net_src comp="134" pin="3"/><net_sink comp="341" pin=0"/></net>

<net id="345"><net_src comp="341" pin="1"/><net_sink comp="107" pin=0"/></net>

<net id="349"><net_src comp="142" pin="3"/><net_sink comp="346" pin=0"/></net>

<net id="350"><net_src comp="346" pin="1"/><net_sink comp="124" pin=0"/></net>

<net id="354"><net_src comp="81" pin="3"/><net_sink comp="351" pin=0"/></net>

<net id="355"><net_src comp="351" pin="1"/><net_sink comp="211" pin=1"/></net>

<net id="359"><net_src comp="94" pin="3"/><net_sink comp="356" pin=0"/></net>

<net id="360"><net_src comp="356" pin="1"/><net_sink comp="218" pin=1"/></net>

<net id="364"><net_src comp="107" pin="7"/><net_sink comp="361" pin=0"/></net>

<net id="365"><net_src comp="361" pin="1"/><net_sink comp="229" pin=0"/></net>

<net id="369"><net_src comp="124" pin="7"/><net_sink comp="366" pin=0"/></net>

<net id="370"><net_src comp="366" pin="1"/><net_sink comp="242" pin=0"/></net>

<net id="374"><net_src comp="107" pin="3"/><net_sink comp="371" pin=0"/></net>

<net id="375"><net_src comp="371" pin="1"/><net_sink comp="291" pin=0"/></net>

<net id="376"><net_src comp="371" pin="1"/><net_sink comp="301" pin=0"/></net>

<net id="380"><net_src comp="124" pin="3"/><net_sink comp="377" pin=0"/></net>

<net id="381"><net_src comp="377" pin="1"/><net_sink comp="296" pin=0"/></net>

<net id="382"><net_src comp="377" pin="1"/><net_sink comp="306" pin=0"/></net>

<net id="386"><net_src comp="232" pin="2"/><net_sink comp="383" pin=0"/></net>

<net id="387"><net_src comp="383" pin="1"/><net_sink comp="263" pin=0"/></net>

<net id="391"><net_src comp="245" pin="2"/><net_sink comp="388" pin=0"/></net>

<net id="392"><net_src comp="388" pin="1"/><net_sink comp="263" pin=1"/></net>

<net id="396"><net_src comp="251" pin="2"/><net_sink comp="393" pin=0"/></net>

<net id="397"><net_src comp="393" pin="1"/><net_sink comp="277" pin=0"/></net>

<net id="401"><net_src comp="257" pin="2"/><net_sink comp="398" pin=0"/></net>

<net id="402"><net_src comp="398" pin="1"/><net_sink comp="277" pin=1"/></net>

<net id="406"><net_src comp="267" pin="4"/><net_sink comp="403" pin=0"/></net>

<net id="407"><net_src comp="403" pin="1"/><net_sink comp="291" pin=1"/></net>

<net id="408"><net_src comp="403" pin="1"/><net_sink comp="301" pin=1"/></net>

<net id="412"><net_src comp="281" pin="4"/><net_sink comp="409" pin=0"/></net>

<net id="413"><net_src comp="409" pin="1"/><net_sink comp="296" pin=1"/></net>

<net id="414"><net_src comp="409" pin="1"/><net_sink comp="306" pin=1"/></net>

</net_list>

</model> 
---------------- Datapath Model END ------------------

* FSMD analyzer results:
  - Output states:
	Port: x_M_real | {5 6 }
	Port: x_M_imag | {5 6 }
	Port: tw_M_real_V | {}
	Port: tw_M_imag_V | {}
 - Input state : 
	Port: fft_fast_Pipeline_VITIS_LOOP_21_4 : m2 | {1 }
	Port: fft_fast_Pipeline_VITIS_LOOP_21_4 : trunc_ln20_1 | {1 }
	Port: fft_fast_Pipeline_VITIS_LOOP_21_4 : trunc_ln20_2 | {1 }
	Port: fft_fast_Pipeline_VITIS_LOOP_21_4 : x_M_real | {1 2 }
	Port: fft_fast_Pipeline_VITIS_LOOP_21_4 : x_M_imag | {1 2 }
	Port: fft_fast_Pipeline_VITIS_LOOP_21_4 : tw_M_real_V | {1 2 }
	Port: fft_fast_Pipeline_VITIS_LOOP_21_4 : tw_M_imag_V | {1 2 }
  - Chain level:
	State 1
		store_ln0 : 1
		j_1 : 1
		icmp_ln21 : 2
		add_ln21 : 2
		br_ln21 : 3
		add_ln22 : 2
		zext_ln883 : 3
		tw_M_real_V_addr : 4
		tw_M_real_V_load : 5
		tw_M_imag_V_addr : 4
		tw_M_imag_V_load : 5
		add_ln24 : 2
		zext_ln24 : 3
		add_ln24_1 : 3
		zext_ln24_1 : 4
		x_M_real_addr : 5
		x_M_real_load : 6
		x_M_imag_addr : 5
		x_M_imag_load : 6
		x_M_real_addr_2 : 4
		u_M_real_V : 5
		x_M_imag_addr_2 : 4
		u_M_imag_V : 5
		store_ln21 : 3
	State 2
	State 3
		sext_ln1316 : 1
		r_V_1 : 2
		sext_ln1316_1 : 1
		r_V_3 : 2
		r_V_4 : 2
		r_V_5 : 2
	State 4
		tm_re_V : 1
		tm_im_V : 1
	State 5
		store_ln29 : 1
		store_ln29 : 1
	State 6
		store_ln30 : 1
		store_ln30 : 1


============================================================
+ Verbose Summary: Datapath Resource usage 
============================================================

* Functional unit list:
|----------|------------------------------|---------|---------|---------|
| Operation|        Functional Unit       |   DSP   |    FF   |   LUT   |
|----------|------------------------------|---------|---------|---------|
|          |         r_V_1_fu_232         |    3    |    0    |    43   |
|    mul   |         r_V_3_fu_245         |    3    |    0    |    43   |
|          |         r_V_4_fu_251         |    3    |    0    |    43   |
|          |         r_V_5_fu_257         |    3    |    0    |    43   |
|----------|------------------------------|---------|---------|---------|
|          |        add_ln21_fu_164       |    0    |    0    |    13   |
|          |        add_ln22_fu_170       |    0    |    0    |    13   |
|          |        add_ln24_fu_182       |    0    |    0    |    13   |
|    add   |       add_ln24_1_fu_194      |    0    |    0    |    13   |
|          |        ret_V_1_fu_277        |    0    |    0    |    57   |
|          |     p_r_M_real_V_1_fu_291    |    0    |    0    |    33   |
|          |     p_r_M_imag_V_1_fu_296    |    0    |    0    |    33   |
|----------|------------------------------|---------|---------|---------|
|          |         ret_V_fu_263         |    0    |    0    |    57   |
|    sub   |     p_r_M_real_V_2_fu_301    |    0    |    0    |    33   |
|          |     p_r_M_imag_V_2_fu_306    |    0    |    0    |    33   |
|----------|------------------------------|---------|---------|---------|
|   icmp   |       icmp_ln21_fu_158       |    0    |    0    |    11   |
|----------|------------------------------|---------|---------|---------|
|          | trunc_ln20_2_read_read_fu_56 |    0    |    0    |    0    |
|   read   | trunc_ln20_1_read_read_fu_62 |    0    |    0    |    0    |
|          |      m2_read_read_fu_68      |    0    |    0    |    0    |
|----------|------------------------------|---------|---------|---------|
|          |       zext_ln883_fu_176      |    0    |    0    |    0    |
|   zext   |       zext_ln24_fu_188       |    0    |    0    |    0    |
|          |      zext_ln24_1_fu_200      |    0    |    0    |    0    |
|----------|------------------------------|---------|---------|---------|
|bitconcatenate|         tw_re_fu_211         |    0    |    0    |    0    |
|          |        tw_im_V_fu_218        |    0    |    0    |    0    |
|----------|------------------------------|---------|---------|---------|
|          |      sext_ln1316_fu_225      |    0    |    0    |    0    |
|   sext   |      sext_ln1319_fu_229      |    0    |    0    |    0    |
|          |     sext_ln1316_1_fu_238     |    0    |    0    |    0    |
|          |     sext_ln1319_1_fu_242     |    0    |    0    |    0    |
|----------|------------------------------|---------|---------|---------|
|partselect|        tm_re_V_fu_267        |    0    |    0    |    0    |
|          |        tm_im_V_fu_281        |    0    |    0    |    0    |
|----------|------------------------------|---------|---------|---------|
|   Total  |                              |    12   |    0    |   481   |
|----------|------------------------------|---------|---------|---------|

Memories:
N/A

* Register list:
+------------------------+--------+
|                        |   FF   |
+------------------------+--------+
|        j_reg_311       |   10   |
|      r_V_1_reg_383     |   50   |
|      r_V_3_reg_388     |   50   |
|      r_V_4_reg_393     |   50   |
|      r_V_5_reg_398     |   50   |
|     tm_im_V_reg_409    |   26   |
|     tm_re_V_reg_403    |   26   |
|tw_M_imag_V_addr_reg_326|   10   |
|tw_M_imag_V_load_reg_356|   24   |
|tw_M_real_V_addr_reg_321|   10   |
|tw_M_real_V_load_reg_351|   24   |
|   u_M_imag_V_reg_377   |   26   |
|   u_M_real_V_reg_371   |   26   |
| x_M_imag_addr_2_reg_346|   10   |
|  x_M_imag_addr_reg_336 |   10   |
|  x_M_imag_load_reg_366 |   26   |
| x_M_real_addr_2_reg_341|   10   |
|  x_M_real_addr_reg_331 |   10   |
|  x_M_real_load_reg_361 |   26   |
+------------------------+--------+
|          Total         |   474  |
+------------------------+--------+

* Multiplexer (MUX) list: 
|-------------------|------|------|------|--------||---------||---------|
|        Comp       |  Pin | Size |  BW  | S x BW ||  Delay  ||   LUT   |
|-------------------|------|------|------|--------||---------||---------|
|  grp_access_fu_81 |  p0  |   2  |  10  |   20   ||    9    |
|  grp_access_fu_94 |  p0  |   2  |  10  |   20   ||    9    |
| grp_access_fu_107 |  p0  |   2  |  10  |   20   ||    9    |
| grp_access_fu_107 |  p2  |   2  |   0  |    0   ||    9    |
| grp_access_fu_124 |  p0  |   2  |  10  |   20   ||    9    |
| grp_access_fu_124 |  p2  |   2  |   0  |    0   ||    9    |
|-------------------|------|------|------|--------||---------||---------|
|       Total       |      |      |      |   80   ||  9.528  ||    54   |
|-------------------|------|------|------|--------||---------||---------|



* Summary:
+-----------+--------+--------+--------+--------+
|           |   DSP  |  Delay |   FF   |   LUT  |
+-----------+--------+--------+--------+--------+
|  Function |   12   |    -   |    0   |   481  |
|   Memory  |    -   |    -   |    -   |    -   |
|Multiplexer|    -   |    9   |    -   |   54   |
|  Register |    -   |    -   |   474  |    -   |
+-----------+--------+--------+--------+--------+
|   Total   |   12   |    9   |   474  |   535  |
+-----------+--------+--------+--------+--------+
