

================================================================
== Vitis HLS Report for 'fft_1024_top'
================================================================
* Date:           Tue May  5 17:02:30 2026

* Version:        2022.1 (Build 3526262 on Mon Apr 18 15:48:16 MDT 2022)
* Project:        fft_project_wlo
* Solution:       solution1 (Vivado IP Flow Target)
* Product family: zynq
* Target device:  xc7z020-clg484-1


================================================================
== Performance Estimates
================================================================
+ Timing: 
    * Summary: 
    +--------+----------+----------+------------+
    |  Clock |  Target  | Estimated| Uncertainty|
    +--------+----------+----------+------------+
    |ap_clk  |  10.00 ns|  7.222 ns|     2.70 ns|
    +--------+----------+----------+------------+

+ Latency: 
    * Summary: 
    +---------+---------+----------+----------+-----+-----+---------+
    |  Latency (cycles) |  Latency (absolute) |  Interval | Pipeline|
    |   min   |   max   |    min   |    max   | min | max |   Type  |
    +---------+---------+----------+----------+-----+-----+---------+
    |        ?|        ?|         ?|         ?|    ?|    ?|       no|
    +---------+---------+----------+----------+-----+-----+---------+

    + Detail: 
        * Instance: 
        +--------------------------------------------------+---------------------------------------+---------+---------+-----------+-----------+------+------+---------+
        |                                                  |                                       |  Latency (cycles) |   Latency (absolute)  |   Interval  | Pipeline|
        |                     Instance                     |                 Module                |   min   |   max   |    min    |    max    |  min |  max |   Type  |
        +--------------------------------------------------+---------------------------------------+---------+---------+-----------+-----------+------+------+---------+
        |grp_fft_1024_top_Pipeline_VITIS_LOOP_47_1_fu_74   |fft_1024_top_Pipeline_VITIS_LOOP_47_1  |     1035|     1035|  10.350 us|  10.350 us|  1035|  1035|       no|
        |grp_fft_1024_top_Pipeline_VITIS_LOOP_54_2_fu_88   |fft_1024_top_Pipeline_VITIS_LOOP_54_2  |     1035|     1035|  10.350 us|  10.350 us|  1035|  1035|       no|
        |grp_fft_fast_fu_102                               |fft_fast                               |        ?|        ?|          ?|          ?|     ?|     ?|       no|
        |grp_fft_fast_fu_114                               |fft_fast                               |        ?|        ?|          ?|          ?|     ?|     ?|       no|
        |grp_fft_1024_top_Pipeline_VITIS_LOOP_63_3_fu_126  |fft_1024_top_Pipeline_VITIS_LOOP_63_3  |     1034|     1034|  10.340 us|  10.340 us|  1034|  1034|       no|
        |grp_fft_1024_top_Pipeline_VITIS_LOOP_72_4_fu_140  |fft_1024_top_Pipeline_VITIS_LOOP_72_4  |     1034|     1034|  10.340 us|  10.340 us|  1034|  1034|       no|
        +--------------------------------------------------+---------------------------------------+---------+---------+-----------+-----------+------+------+---------+

        * Loop: 
        N/A

============================================================
+ Verbose Summary: Synthesis Manager
============================================================
InlineROM: 1
ExposeGlobal: 0
============================================================
+ Verbose Summary: CDFG Model
============================================================
IsTopModel: 1
ResetActiveHigh: 1
IsCombinational: 0
IsDatapathOnly: 0
HasWiredReturn: 1
HasMFsm: 0
HasVarLatency: 1
IsPipeline: 0
IsRtlPipelined: 0
IsInstanceOverlapped: 0
IsDontTouch: 0
HasImplIP: 0
IsGatedGlobalClock: 0


============================================================
+ Verbose Summary: Schedule
============================================================
* Number of FSM states : 14
* Pipeline : 0
* Dataflow Pipeline: 0

* FSM state transitions: 
1 --> 2 
2 --> 3 
3 --> 4 
4 --> 5 
5 --> 6 
6 --> 7 
7 --> 8 
8 --> 9 
9 --> 10 
10 --> 11 
11 --> 12 
12 --> 13 
13 --> 14 
14 --> 

* FSM state operations: 

State 1 <SV = 0> <Delay = 3.25>
ST_1 : Operation 15 [1/1] (3.25ns)   --->   "%ga_M_real_V = alloca i64 1" [fft_project_wlo/fft.cpp:44]   --->   Operation 15 'alloca' 'ga_M_real_V' <Predicate = true> <Delay = 3.25>
ST_1 : Operation 16 [1/1] (3.25ns)   --->   "%ga_M_imag_V = alloca i64 1" [fft_project_wlo/fft.cpp:44]   --->   Operation 16 'alloca' 'ga_M_imag_V' <Predicate = true> <Delay = 3.25>
ST_1 : Operation 17 [1/1] (3.25ns)   --->   "%gb_M_real_V = alloca i64 1" [fft_project_wlo/fft.cpp:45]   --->   Operation 17 'alloca' 'gb_M_real_V' <Predicate = true> <Delay = 3.25>
ST_1 : Operation 18 [1/1] (3.25ns)   --->   "%gb_M_imag_V = alloca i64 1" [fft_project_wlo/fft.cpp:45]   --->   Operation 18 'alloca' 'gb_M_imag_V' <Predicate = true> <Delay = 3.25>
ST_1 : Operation 19 [1/1] (0.00ns)   --->   "%empty = wait i32 @_ssdm_op_Wait"   --->   Operation 19 'wait' 'empty' <Predicate = true> <Delay = 0.00>

State 2 <SV = 1> <Delay = 0.00>
ST_2 : Operation 20 [2/2] (0.00ns)   --->   "%call_ln0 = call void @fft_1024_top_Pipeline_VITIS_LOOP_47_1, i64 %input_r_V_data_V, i8 %input_r_V_keep_V, i8 %input_r_V_strb_V, i1 %input_r_V_last_V, i26 %ga_M_real_V, i26 %ga_M_imag_V"   --->   Operation 20 'call' 'call_ln0' <Predicate = true> <Delay = 0.00> <CoreType = "Generic">   --->   Core 0 '' <Latency = 0> <II = 1> <Delay = 1.00> <Generic> <Opcode : >

State 3 <SV = 2> <Delay = 0.00>
ST_3 : Operation 21 [1/2] (0.00ns)   --->   "%call_ln0 = call void @fft_1024_top_Pipeline_VITIS_LOOP_47_1, i64 %input_r_V_data_V, i8 %input_r_V_keep_V, i8 %input_r_V_strb_V, i1 %input_r_V_last_V, i26 %ga_M_real_V, i26 %ga_M_imag_V"   --->   Operation 21 'call' 'call_ln0' <Predicate = true> <Delay = 0.00> <CoreType = "Generic">   --->   Core 0 '' <Latency = 0> <II = 1> <Delay = 1.00> <Generic> <Opcode : >

State 4 <SV = 3> <Delay = 0.00>
ST_4 : Operation 22 [1/1] (0.00ns)   --->   "%empty_31 = wait i32 @_ssdm_op_Wait"   --->   Operation 22 'wait' 'empty_31' <Predicate = true> <Delay = 0.00>

State 5 <SV = 4> <Delay = 0.00>
ST_5 : Operation 23 [1/1] (0.00ns)   --->   "%empty_32 = wait i32 @_ssdm_op_Wait"   --->   Operation 23 'wait' 'empty_32' <Predicate = true> <Delay = 0.00>
ST_5 : Operation 24 [2/2] (0.00ns)   --->   "%call_ln0 = call void @fft_1024_top_Pipeline_VITIS_LOOP_54_2, i64 %input_r_V_data_V, i8 %input_r_V_keep_V, i8 %input_r_V_strb_V, i1 %input_r_V_last_V, i26 %gb_M_real_V, i26 %gb_M_imag_V"   --->   Operation 24 'call' 'call_ln0' <Predicate = true> <Delay = 0.00> <CoreType = "Generic">   --->   Core 0 '' <Latency = 0> <II = 1> <Delay = 1.00> <Generic> <Opcode : >

State 6 <SV = 5> <Delay = 0.00>
ST_6 : Operation 25 [1/2] (0.00ns)   --->   "%call_ln0 = call void @fft_1024_top_Pipeline_VITIS_LOOP_54_2, i64 %input_r_V_data_V, i8 %input_r_V_keep_V, i8 %input_r_V_strb_V, i1 %input_r_V_last_V, i26 %gb_M_real_V, i26 %gb_M_imag_V"   --->   Operation 25 'call' 'call_ln0' <Predicate = true> <Delay = 0.00> <CoreType = "Generic">   --->   Core 0 '' <Latency = 0> <II = 1> <Delay = 1.00> <Generic> <Opcode : >

State 7 <SV = 6> <Delay = 0.00>
ST_7 : Operation 26 [1/1] (0.00ns)   --->   "%empty_33 = wait i32 @_ssdm_op_Wait"   --->   Operation 26 'wait' 'empty_33' <Predicate = true> <Delay = 0.00>
ST_7 : Operation 27 [2/2] (0.00ns)   --->   "%call_ln60 = call void @fft_fast, i26 %ga_M_real_V, i26 %ga_M_imag_V, i10 %br_lut, i24 %tw_M_real_V, i24 %tw_M_imag_V" [fft_project_wlo/fft.cpp:60]   --->   Operation 27 'call' 'call_ln60' <Predicate = true> <Delay = 0.00> <CoreType = "Generic">   --->   Core 0 '' <Latency = 0> <II = 1> <Delay = 1.00> <Generic> <Opcode : >
ST_7 : Operation 28 [2/2] (0.00ns)   --->   "%call_ln61 = call void @fft_fast, i26 %gb_M_real_V, i26 %gb_M_imag_V, i10 %br_lut, i24 %tw_M_real_V, i24 %tw_M_imag_V" [fft_project_wlo/fft.cpp:61]   --->   Operation 28 'call' 'call_ln61' <Predicate = true> <Delay = 0.00> <CoreType = "Generic">   --->   Core 0 '' <Latency = 0> <II = 1> <Delay = 1.00> <Generic> <Opcode : >

State 8 <SV = 7> <Delay = 0.00>
ST_8 : Operation 29 [1/2] (0.00ns)   --->   "%call_ln60 = call void @fft_fast, i26 %ga_M_real_V, i26 %ga_M_imag_V, i10 %br_lut, i24 %tw_M_real_V, i24 %tw_M_imag_V" [fft_project_wlo/fft.cpp:60]   --->   Operation 29 'call' 'call_ln60' <Predicate = true> <Delay = 0.00> <CoreType = "Generic">   --->   Core 0 '' <Latency = 0> <II = 1> <Delay = 1.00> <Generic> <Opcode : >
ST_8 : Operation 30 [1/2] (0.00ns)   --->   "%call_ln61 = call void @fft_fast, i26 %gb_M_real_V, i26 %gb_M_imag_V, i10 %br_lut, i24 %tw_M_real_V, i24 %tw_M_imag_V" [fft_project_wlo/fft.cpp:61]   --->   Operation 30 'call' 'call_ln61' <Predicate = true> <Delay = 0.00> <CoreType = "Generic">   --->   Core 0 '' <Latency = 0> <II = 1> <Delay = 1.00> <Generic> <Opcode : >

State 9 <SV = 8> <Delay = 0.00>
ST_9 : Operation 31 [1/1] (0.00ns)   --->   "%empty_34 = wait i32 @_ssdm_op_Wait"   --->   Operation 31 'wait' 'empty_34' <Predicate = true> <Delay = 0.00>
ST_9 : Operation 32 [2/2] (0.00ns)   --->   "%call_ln0 = call void @fft_1024_top_Pipeline_VITIS_LOOP_63_3, i26 %ga_M_real_V, i26 %ga_M_imag_V, i64 %output_r_V_data_V, i8 %output_r_V_keep_V, i8 %output_r_V_strb_V, i1 %output_r_V_last_V"   --->   Operation 32 'call' 'call_ln0' <Predicate = true> <Delay = 0.00> <CoreType = "Generic">   --->   Core 0 '' <Latency = 0> <II = 1> <Delay = 1.00> <Generic> <Opcode : >

State 10 <SV = 9> <Delay = 6.40>
ST_10 : Operation 33 [1/2] (6.40ns)   --->   "%call_ln0 = call void @fft_1024_top_Pipeline_VITIS_LOOP_63_3, i26 %ga_M_real_V, i26 %ga_M_imag_V, i64 %output_r_V_data_V, i8 %output_r_V_keep_V, i8 %output_r_V_strb_V, i1 %output_r_V_last_V"   --->   Operation 33 'call' 'call_ln0' <Predicate = true> <Delay = 6.40> <CoreType = "Generic">   --->   Core 0 '' <Latency = 0> <II = 1> <Delay = 1.00> <Generic> <Opcode : >

State 11 <SV = 10> <Delay = 0.00>
ST_11 : Operation 34 [1/1] (0.00ns)   --->   "%empty_35 = wait i32 @_ssdm_op_Wait"   --->   Operation 34 'wait' 'empty_35' <Predicate = true> <Delay = 0.00>

State 12 <SV = 11> <Delay = 0.00>
ST_12 : Operation 35 [1/1] (0.00ns)   --->   "%empty_36 = wait i32 @_ssdm_op_Wait"   --->   Operation 35 'wait' 'empty_36' <Predicate = true> <Delay = 0.00>
ST_12 : Operation 36 [2/2] (0.00ns)   --->   "%call_ln0 = call void @fft_1024_top_Pipeline_VITIS_LOOP_72_4, i26 %gb_M_real_V, i26 %gb_M_imag_V, i64 %output_r_V_data_V, i8 %output_r_V_keep_V, i8 %output_r_V_strb_V, i1 %output_r_V_last_V"   --->   Operation 36 'call' 'call_ln0' <Predicate = true> <Delay = 0.00> <CoreType = "Generic">   --->   Core 0 '' <Latency = 0> <II = 1> <Delay = 1.00> <Generic> <Opcode : >

State 13 <SV = 12> <Delay = 6.40>
ST_13 : Operation 37 [1/2] (6.40ns)   --->   "%call_ln0 = call void @fft_1024_top_Pipeline_VITIS_LOOP_72_4, i26 %gb_M_real_V, i26 %gb_M_imag_V, i64 %output_r_V_data_V, i8 %output_r_V_keep_V, i8 %output_r_V_strb_V, i1 %output_r_V_last_V"   --->   Operation 37 'call' 'call_ln0' <Predicate = true> <Delay = 6.40> <CoreType = "Generic">   --->   Core 0 '' <Latency = 0> <II = 1> <Delay = 1.00> <Generic> <Opcode : >

State 14 <SV = 13> <Delay = 0.00>
ST_14 : Operation 38 [1/1] (0.00ns)   --->   "%spectopmodule_ln37 = spectopmodule void @_ssdm_op_SpecTopModule, void @empty_2" [fft_project_wlo/fft.cpp:37]   --->   Operation 38 'spectopmodule' 'spectopmodule_ln37' <Predicate = true> <Delay = 0.00>
ST_14 : Operation 39 [1/1] (0.00ns)   --->   "%specinterface_ln37 = specinterface void @_ssdm_op_SpecInterface, i32 0, void @empty_3, i32 0, i32 0, void @empty_1, i32 0, i32 0, void @empty_1, void @empty_1, void @empty_1, i32 0, i32 0, i32 0, i32 0, void @empty_1, void @empty_1, i32 4294967295, i32 0" [fft_project_wlo/fft.cpp:37]   --->   Operation 39 'specinterface' 'specinterface_ln37' <Predicate = true> <Delay = 0.00>
ST_14 : Operation 40 [1/1] (0.00ns)   --->   "%specinterface_ln0 = specinterface void @_ssdm_op_SpecInterface, i64 %input_r_V_data_V, i8 %input_r_V_keep_V, i8 %input_r_V_strb_V, i1 %input_r_V_last_V, void @empty, i32 1, i32 1, void @empty_0, i32 0, i32 0, void @empty_1, void @empty_1, void @empty_1, i32 0, i32 0, i32 0, i32 0, void @empty_1, void @empty_1, i32 4294967295, i32 0"   --->   Operation 40 'specinterface' 'specinterface_ln0' <Predicate = true> <Delay = 0.00>
ST_14 : Operation 41 [1/1] (0.00ns)   --->   "%specbitsmap_ln0 = specbitsmap void @_ssdm_op_SpecBitsMap, i64 %input_r_V_data_V"   --->   Operation 41 'specbitsmap' 'specbitsmap_ln0' <Predicate = true> <Delay = 0.00>
ST_14 : Operation 42 [1/1] (0.00ns)   --->   "%specbitsmap_ln0 = specbitsmap void @_ssdm_op_SpecBitsMap, i8 %input_r_V_keep_V"   --->   Operation 42 'specbitsmap' 'specbitsmap_ln0' <Predicate = true> <Delay = 0.00>
ST_14 : Operation 43 [1/1] (0.00ns)   --->   "%specbitsmap_ln0 = specbitsmap void @_ssdm_op_SpecBitsMap, i8 %input_r_V_strb_V"   --->   Operation 43 'specbitsmap' 'specbitsmap_ln0' <Predicate = true> <Delay = 0.00>
ST_14 : Operation 44 [1/1] (0.00ns)   --->   "%specbitsmap_ln0 = specbitsmap void @_ssdm_op_SpecBitsMap, i1 %input_r_V_last_V"   --->   Operation 44 'specbitsmap' 'specbitsmap_ln0' <Predicate = true> <Delay = 0.00>
ST_14 : Operation 45 [1/1] (0.00ns)   --->   "%specinterface_ln0 = specinterface void @_ssdm_op_SpecInterface, i64 %output_r_V_data_V, i8 %output_r_V_keep_V, i8 %output_r_V_strb_V, i1 %output_r_V_last_V, void @empty, i32 1, i32 1, void @empty_0, i32 0, i32 0, void @empty_1, void @empty_1, void @empty_1, i32 0, i32 0, i32 0, i32 0, void @empty_1, void @empty_1, i32 4294967295, i32 0"   --->   Operation 45 'specinterface' 'specinterface_ln0' <Predicate = true> <Delay = 0.00>
ST_14 : Operation 46 [1/1] (0.00ns)   --->   "%specbitsmap_ln0 = specbitsmap void @_ssdm_op_SpecBitsMap, i64 %output_r_V_data_V"   --->   Operation 46 'specbitsmap' 'specbitsmap_ln0' <Predicate = true> <Delay = 0.00>
ST_14 : Operation 47 [1/1] (0.00ns)   --->   "%specbitsmap_ln0 = specbitsmap void @_ssdm_op_SpecBitsMap, i8 %output_r_V_keep_V"   --->   Operation 47 'specbitsmap' 'specbitsmap_ln0' <Predicate = true> <Delay = 0.00>
ST_14 : Operation 48 [1/1] (0.00ns)   --->   "%specbitsmap_ln0 = specbitsmap void @_ssdm_op_SpecBitsMap, i8 %output_r_V_strb_V"   --->   Operation 48 'specbitsmap' 'specbitsmap_ln0' <Predicate = true> <Delay = 0.00>
ST_14 : Operation 49 [1/1] (0.00ns)   --->   "%specbitsmap_ln0 = specbitsmap void @_ssdm_op_SpecBitsMap, i1 %output_r_V_last_V"   --->   Operation 49 'specbitsmap' 'specbitsmap_ln0' <Predicate = true> <Delay = 0.00>
ST_14 : Operation 50 [1/1] (0.00ns)   --->   "%ret_ln80 = ret" [fft_project_wlo/fft.cpp:80]   --->   Operation 50 'ret' 'ret_ln80' <Predicate = true> <Delay = 0.00>


============================================================
+ Verbose Summary: Binding
============================================================
STG Binding: 
---------------- STG Properties BEGIN ----------------
- Is combinational: 0
- Is one-state seq: 0
- Is datapath-only: 0
- Is pipelined: 0
- Is top level: 1
Port [ Return ] is wired: 1; IO mode=ap_ctrl_none:ce=0
Port [ input_r_V_data_V]:  wired=1; compound=1; hidden=0; nouse=0; global=0; static=0; extern=0; dir=0; type=0; pingpong=0; private_global=0; IO mode=axis:ce=0
Port [ input_r_V_keep_V]:  wired=1; compound=1; hidden=0; nouse=0; global=0; static=0; extern=0; dir=0; type=0; pingpong=0; private_global=0; IO mode=axis:ce=0
Port [ input_r_V_strb_V]:  wired=1; compound=1; hidden=0; nouse=0; global=0; static=0; extern=0; dir=0; type=0; pingpong=0; private_global=0; IO mode=axis:ce=0
Port [ input_r_V_last_V]:  wired=1; compound=1; hidden=0; nouse=0; global=0; static=0; extern=0; dir=0; type=0; pingpong=0; private_global=0; IO mode=axis:ce=0
Port [ output_r_V_data_V]:  wired=1; compound=1; hidden=0; nouse=0; global=0; static=0; extern=0; dir=1; type=0; pingpong=0; private_global=0; IO mode=axis:ce=0
Port [ output_r_V_keep_V]:  wired=1; compound=1; hidden=0; nouse=0; global=0; static=0; extern=0; dir=1; type=0; pingpong=0; private_global=0; IO mode=axis:ce=0
Port [ output_r_V_strb_V]:  wired=1; compound=1; hidden=0; nouse=0; global=0; static=0; extern=0; dir=1; type=0; pingpong=0; private_global=0; IO mode=axis:ce=0
Port [ output_r_V_last_V]:  wired=1; compound=1; hidden=0; nouse=0; global=0; static=0; extern=0; dir=1; type=0; pingpong=0; private_global=0; IO mode=axis:ce=0
Port [ br_lut]:  wired=0; compound=1; hidden=1; nouse=1; global=1; static=1; extern=0; dir=0; type=1; pingpong=0; private_global=0; MemPort=[1]; IO mode=ap_memory:ce=0
Port [ tw_M_real_V]:  wired=0; compound=1; hidden=1; nouse=1; global=1; static=1; extern=0; dir=0; type=1; pingpong=0; private_global=0; MemPort=[1]; IO mode=ap_memory:ce=0
Port [ tw_M_imag_V]:  wired=0; compound=1; hidden=1; nouse=1; global=1; static=1; extern=0; dir=0; type=1; pingpong=0; private_global=0; MemPort=[1]; IO mode=ap_memory:ce=0
---------------- STG Properties END ------------------

---------------- Datapath Model BEGIN ----------------

<LifeTime>
<method=bitvector/>
ga_M_real_V        (alloca       ) [ 001111111110000]
ga_M_imag_V        (alloca       ) [ 001111111110000]
gb_M_real_V        (alloca       ) [ 001111111111110]
gb_M_imag_V        (alloca       ) [ 001111111111110]
empty              (wait         ) [ 000000000000000]
call_ln0           (call         ) [ 000000000000000]
empty_31           (wait         ) [ 000000000000000]
empty_32           (wait         ) [ 000000000000000]
call_ln0           (call         ) [ 000000000000000]
empty_33           (wait         ) [ 000000000000000]
call_ln60          (call         ) [ 000000000000000]
call_ln61          (call         ) [ 000000000000000]
empty_34           (wait         ) [ 000000000000000]
call_ln0           (call         ) [ 000000000000000]
empty_35           (wait         ) [ 000000000000000]
empty_36           (wait         ) [ 000000000000000]
call_ln0           (call         ) [ 000000000000000]
spectopmodule_ln37 (spectopmodule) [ 000000000000000]
specinterface_ln37 (specinterface) [ 000000000000000]
specinterface_ln0  (specinterface) [ 000000000000000]
specbitsmap_ln0    (specbitsmap  ) [ 000000000000000]
specbitsmap_ln0    (specbitsmap  ) [ 000000000000000]
specbitsmap_ln0    (specbitsmap  ) [ 000000000000000]
specbitsmap_ln0    (specbitsmap  ) [ 000000000000000]
specinterface_ln0  (specinterface) [ 000000000000000]
specbitsmap_ln0    (specbitsmap  ) [ 000000000000000]
specbitsmap_ln0    (specbitsmap  ) [ 000000000000000]
specbitsmap_ln0    (specbitsmap  ) [ 000000000000000]
specbitsmap_ln0    (specbitsmap  ) [ 000000000000000]
ret_ln80           (ret          ) [ 000000000000000]
</LifeTime>

<model>

<comp_list>
<comp id="0" class="1000" name="input_r_V_data_V">
<pin_list>
<pin id="1" dir="1" index="0" bw="1" slack="0"/>
</pin_list>
<bind>
<StgValue><ssdm name="input_r_V_data_V"/></StgValue>
</bind>
</comp>

<comp id="2" class="1000" name="input_r_V_keep_V">
<pin_list>
<pin id="3" dir="1" index="0" bw="1" slack="0"/>
</pin_list>
<bind>
<StgValue><ssdm name="input_r_V_keep_V"/></StgValue>
</bind>
</comp>

<comp id="4" class="1000" name="input_r_V_strb_V">
<pin_list>
<pin id="5" dir="1" index="0" bw="1" slack="0"/>
</pin_list>
<bind>
<StgValue><ssdm name="input_r_V_strb_V"/></StgValue>
</bind>
</comp>

<comp id="6" class="1000" name="input_r_V_last_V">
<pin_list>
<pin id="7" dir="1" index="0" bw="1" slack="0"/>
</pin_list>
<bind>
<StgValue><ssdm name="input_r_V_last_V"/></StgValue>
</bind>
</comp>

<comp id="8" class="1000" name="output_r_V_data_V">
<pin_list>
<pin id="9" dir="1" index="0" bw="1" slack="0"/>
</pin_list>
<bind>
<StgValue><ssdm name="output_r_V_data_V"/></StgValue>
</bind>
</comp>

<comp id="10" class="1000" name="output_r_V_keep_V">
<pin_list>
<pin id="11" dir="1" index="0" bw="1" slack="0"/>
</pin_list>
<bind>
<StgValue><ssdm name="output_r_V_keep_V"/></StgValue>
</bind>
</comp>

<comp id="12" class="1000" name="output_r_V_strb_V">
<pin_list>
<pin id="13" dir="1" index="0" bw="1" slack="0"/>
</pin_list>
<bind>
<StgValue><ssdm name="output_r_V_strb_V"/></StgValue>
</bind>
</comp>

<comp id="14" class="1000" name="output_r_V_last_V">
<pin_list>
<pin id="15" dir="1" index="0" bw="1" slack="0"/>
</pin_list>
<bind>
<StgValue><ssdm name="output_r_V_last_V"/></StgValue>
</bind>
</comp>

<comp id="16" class="1000" name="br_lut">
<pin_list>
<pin id="17" dir="1" index="0" bw="1" slack="0"/>
</pin_list>
<bind>
<StgValue><ssdm name="br_lut"/><MemPortTyVec>1 </MemPortTyVec>
</StgValue>
</bind>
</comp>

<comp id="18" class="1000" name="tw_M_real_V">
<pin_list>
<pin id="19" dir="1" index="0" bw="1" slack="0"/>
</pin_list>
<bind>
<StgValue><ssdm name="tw_M_real_V"/><MemPortTyVec>1 </MemPortTyVec>
</StgValue>
</bind>
</comp>

<comp id="20" class="1000" name="tw_M_imag_V">
<pin_list>
<pin id="21" dir="1" index="0" bw="1" slack="0"/>
</pin_list>
<bind>
<StgValue><ssdm name="tw_M_imag_V"/><MemPortTyVec>1 </MemPortTyVec>
</StgValue>
</bind>
</comp>

<comp id="22" class="1001" name="const_22">
<pin_list>
<pin id="23" dir="1" index="0" bw="1" slack="0"/>
</pin_list>
<bind>
<StgValue><ssdm name=""/></StgValue>
</bind>
</comp>

<comp id="24" class="1001" name="const_24">
<pin_list>
<pin id="25" dir="1" index="0" bw="1" slack="2147483647"/>
</pin_list>
<bind>
<StgValue><ssdm name="_ssdm_op_Wait"/></StgValue>
</bind>
</comp>

<comp id="26" class="1001" name="const_26">
<pin_list>
<pin id="27" dir="1" index="0" bw="1" slack="0"/>
</pin_list>
<bind>
<StgValue><ssdm name="fft_1024_top_Pipeline_VITIS_LOOP_47_1"/></StgValue>
</bind>
</comp>

<comp id="28" class="1001" name="const_28">
<pin_list>
<pin id="29" dir="1" index="0" bw="1" slack="0"/>
</pin_list>
<bind>
<StgValue><ssdm name="fft_1024_top_Pipeline_VITIS_LOOP_54_2"/></StgValue>
</bind>
</comp>

<comp id="30" class="1001" name="const_30">
<pin_list>
<pin id="31" dir="1" index="0" bw="1" slack="0"/>
</pin_list>
<bind>
<StgValue><ssdm name="fft_fast"/></StgValue>
</bind>
</comp>

<comp id="32" class="1001" name="const_32">
<pin_list>
<pin id="33" dir="1" index="0" bw="1" slack="0"/>
</pin_list>
<bind>
<StgValue><ssdm name="fft_1024_top_Pipeline_VITIS_LOOP_63_3"/></StgValue>
</bind>
</comp>

<comp id="34" class="1001" name="const_34">
<pin_list>
<pin id="35" dir="1" index="0" bw="1" slack="0"/>
</pin_list>
<bind>
<StgValue><ssdm name="fft_1024_top_Pipeline_VITIS_LOOP_72_4"/></StgValue>
</bind>
</comp>

<comp id="36" class="1001" name="const_36">
<pin_list>
<pin id="37" dir="1" index="0" bw="1" slack="2147483647"/>
</pin_list>
<bind>
<StgValue><ssdm name="_ssdm_op_SpecTopModule"/></StgValue>
</bind>
</comp>

<comp id="38" class="1001" name="const_38">
<pin_list>
<pin id="39" dir="1" index="0" bw="1" slack="2147483647"/>
</pin_list>
<bind>
<StgValue><ssdm name="empty_2"/></StgValue>
</bind>
</comp>

<comp id="40" class="1001" name="const_40">
<pin_list>
<pin id="41" dir="1" index="0" bw="1" slack="2147483647"/>
</pin_list>
<bind>
<StgValue><ssdm name="_ssdm_op_SpecInterface"/></StgValue>
</bind>
</comp>

<comp id="42" class="1001" name="const_42">
<pin_list>
<pin id="43" dir="1" index="0" bw="1" slack="2147483647"/>
</pin_list>
<bind>
<StgValue><ssdm name=""/></StgValue>
</bind>
</comp>

<comp id="44" class="1001" name="const_44">
<pin_list>
<pin id="45" dir="1" index="0" bw="1" slack="2147483647"/>
</pin_list>
<bind>
<StgValue><ssdm name="empty_3"/></StgValue>
</bind>
</comp>

<comp id="46" class="1001" name="const_46">
<pin_list>
<pin id="47" dir="1" index="0" bw="1" slack="2147483647"/>
</pin_list>
<bind>
<StgValue><ssdm name="empty_1"/></StgValue>
</bind>
</comp>

<comp id="48" class="1001" name="const_48">
<pin_list>
<pin id="49" dir="1" index="0" bw="1" slack="2147483647"/>
</pin_list>
<bind>
<StgValue><ssdm name=""/></StgValue>
</bind>
</comp>

<comp id="50" class="1001" name="const_50">
<pin_list>
<pin id="51" dir="1" index="0" bw="1" slack="2147483647"/>
</pin_list>
<bind>
<StgValue><ssdm name="empty"/></StgValue>
</bind>
</comp>

<comp id="52" class="1001" name="const_52">
<pin_list>
<pin id="53" dir="1" index="0" bw="1" slack="2147483647"/>
</pin_list>
<bind>
<StgValue><ssdm name=""/></StgValue>
</bind>
</comp>

<comp id="54" class="1001" name="const_54">
<pin_list>
<pin id="55" dir="1" index="0" bw="1" slack="2147483647"/>
</pin_list>
<bind>
<StgValue><ssdm name="empty_0"/></StgValue>
</bind>
</comp>

<comp id="56" class="1001" name="const_56">
<pin_list>
<pin id="57" dir="1" index="0" bw="1" slack="2147483647"/>
</pin_list>
<bind>
<StgValue><ssdm name="_ssdm_op_SpecBitsMap"/></StgValue>
</bind>
</comp>

<comp id="58" class="1004" name="ga_M_real_V_alloca_fu_58">
<pin_list>
<pin id="59" dir="0" index="0" bw="1" slack="0"/>
<pin id="60" dir="1" index="1" bw="26" slack="2147483647"/>
</pin_list>
<bind>
<opcode="alloca(26) " fcode="alloca"/>
<opset="ga_M_real_V/1 "/>
</bind>
</comp>

<comp id="62" class="1004" name="ga_M_imag_V_alloca_fu_62">
<pin_list>
<pin id="63" dir="0" index="0" bw="1" slack="0"/>
<pin id="64" dir="1" index="1" bw="26" slack="2147483647"/>
</pin_list>
<bind>
<opcode="alloca(26) " fcode="alloca"/>
<opset="ga_M_imag_V/1 "/>
</bind>
</comp>

<comp id="66" class="1004" name="gb_M_real_V_alloca_fu_66">
<pin_list>
<pin id="67" dir="0" index="0" bw="1" slack="0"/>
<pin id="68" dir="1" index="1" bw="26" slack="2147483647"/>
</pin_list>
<bind>
<opcode="alloca(26) " fcode="alloca"/>
<opset="gb_M_real_V/1 "/>
</bind>
</comp>

<comp id="70" class="1004" name="gb_M_imag_V_alloca_fu_70">
<pin_list>
<pin id="71" dir="0" index="0" bw="1" slack="0"/>
<pin id="72" dir="1" index="1" bw="26" slack="2147483647"/>
</pin_list>
<bind>
<opcode="alloca(26) " fcode="alloca"/>
<opset="gb_M_imag_V/1 "/>
</bind>
</comp>

<comp id="74" class="1004" name="grp_fft_1024_top_Pipeline_VITIS_LOOP_47_1_fu_74">
<pin_list>
<pin id="75" dir="0" index="0" bw="0" slack="0"/>
<pin id="76" dir="0" index="1" bw="64" slack="0"/>
<pin id="77" dir="0" index="2" bw="8" slack="0"/>
<pin id="78" dir="0" index="3" bw="8" slack="0"/>
<pin id="79" dir="0" index="4" bw="1" slack="0"/>
<pin id="80" dir="0" index="5" bw="26" slack="2147483647"/>
<pin id="81" dir="0" index="6" bw="26" slack="2147483647"/>
<pin id="82" dir="1" index="7" bw="0" slack="2147483647"/>
</pin_list>
<bind>
<opcode="call(48) " fcode="call"/>
<opset="call_ln0/2 "/>
</bind>
</comp>

<comp id="88" class="1004" name="grp_fft_1024_top_Pipeline_VITIS_LOOP_54_2_fu_88">
<pin_list>
<pin id="89" dir="0" index="0" bw="0" slack="0"/>
<pin id="90" dir="0" index="1" bw="64" slack="0"/>
<pin id="91" dir="0" index="2" bw="8" slack="0"/>
<pin id="92" dir="0" index="3" bw="8" slack="0"/>
<pin id="93" dir="0" index="4" bw="1" slack="0"/>
<pin id="94" dir="0" index="5" bw="26" slack="2147483647"/>
<pin id="95" dir="0" index="6" bw="26" slack="2147483647"/>
<pin id="96" dir="1" index="7" bw="0" slack="2147483647"/>
</pin_list>
<bind>
<opcode="call(48) " fcode="call"/>
<opset="call_ln0/5 "/>
</bind>
</comp>

<comp id="102" class="1004" name="grp_fft_fast_fu_102">
<pin_list>
<pin id="103" dir="0" index="0" bw="0" slack="0"/>
<pin id="104" dir="0" index="1" bw="26" slack="2147483647"/>
<pin id="105" dir="0" index="2" bw="26" slack="2147483647"/>
<pin id="106" dir="0" index="3" bw="10" slack="0"/>
<pin id="107" dir="0" index="4" bw="24" slack="0"/>
<pin id="108" dir="0" index="5" bw="24" slack="0"/>
<pin id="109" dir="1" index="6" bw="0" slack="2147483647"/>
</pin_list>
<bind>
<opcode="call(48) " fcode="call"/>
<opset="call_ln60/7 "/>
</bind>
</comp>

<comp id="114" class="1004" name="grp_fft_fast_fu_114">
<pin_list>
<pin id="115" dir="0" index="0" bw="0" slack="0"/>
<pin id="116" dir="0" index="1" bw="26" slack="2147483647"/>
<pin id="117" dir="0" index="2" bw="26" slack="2147483647"/>
<pin id="118" dir="0" index="3" bw="10" slack="0"/>
<pin id="119" dir="0" index="4" bw="24" slack="0"/>
<pin id="120" dir="0" index="5" bw="24" slack="0"/>
<pin id="121" dir="1" index="6" bw="0" slack="2147483647"/>
</pin_list>
<bind>
<opcode="call(48) " fcode="call"/>
<opset="call_ln61/7 "/>
</bind>
</comp>

<comp id="126" class="1004" name="grp_fft_1024_top_Pipeline_VITIS_LOOP_63_3_fu_126">
<pin_list>
<pin id="127" dir="0" index="0" bw="0" slack="0"/>
<pin id="128" dir="0" index="1" bw="26" slack="2147483647"/>
<pin id="129" dir="0" index="2" bw="26" slack="2147483647"/>
<pin id="130" dir="0" index="3" bw="64" slack="0"/>
<pin id="131" dir="0" index="4" bw="8" slack="0"/>
<pin id="132" dir="0" index="5" bw="8" slack="0"/>
<pin id="133" dir="0" index="6" bw="1" slack="0"/>
<pin id="134" dir="1" index="7" bw="0" slack="2147483647"/>
</pin_list>
<bind>
<opcode="call(48) " fcode="call"/>
<opset="call_ln0/9 "/>
</bind>
</comp>

<comp id="140" class="1004" name="grp_fft_1024_top_Pipeline_VITIS_LOOP_72_4_fu_140">
<pin_list>
<pin id="141" dir="0" index="0" bw="0" slack="0"/>
<pin id="142" dir="0" index="1" bw="26" slack="2147483647"/>
<pin id="143" dir="0" index="2" bw="26" slack="2147483647"/>
<pin id="144" dir="0" index="3" bw="64" slack="0"/>
<pin id="145" dir="0" index="4" bw="8" slack="0"/>
<pin id="146" dir="0" index="5" bw="8" slack="0"/>
<pin id="147" dir="0" index="6" bw="1" slack="0"/>
<pin id="148" dir="1" index="7" bw="0" slack="2147483647"/>
</pin_list>
<bind>
<opcode="call(48) " fcode="call"/>
<opset="call_ln0/12 "/>
</bind>
</comp>

</comp_list>

<net_list>
<net id="61"><net_src comp="22" pin="0"/><net_sink comp="58" pin=0"/></net>

<net id="65"><net_src comp="22" pin="0"/><net_sink comp="62" pin=0"/></net>

<net id="69"><net_src comp="22" pin="0"/><net_sink comp="66" pin=0"/></net>

<net id="73"><net_src comp="22" pin="0"/><net_sink comp="70" pin=0"/></net>

<net id="83"><net_src comp="26" pin="0"/><net_sink comp="74" pin=0"/></net>

<net id="84"><net_src comp="0" pin="0"/><net_sink comp="74" pin=1"/></net>

<net id="85"><net_src comp="2" pin="0"/><net_sink comp="74" pin=2"/></net>

<net id="86"><net_src comp="4" pin="0"/><net_sink comp="74" pin=3"/></net>

<net id="87"><net_src comp="6" pin="0"/><net_sink comp="74" pin=4"/></net>

<net id="97"><net_src comp="28" pin="0"/><net_sink comp="88" pin=0"/></net>

<net id="98"><net_src comp="0" pin="0"/><net_sink comp="88" pin=1"/></net>

<net id="99"><net_src comp="2" pin="0"/><net_sink comp="88" pin=2"/></net>

<net id="100"><net_src comp="4" pin="0"/><net_sink comp="88" pin=3"/></net>

<net id="101"><net_src comp="6" pin="0"/><net_sink comp="88" pin=4"/></net>

<net id="110"><net_src comp="30" pin="0"/><net_sink comp="102" pin=0"/></net>

<net id="111"><net_src comp="16" pin="0"/><net_sink comp="102" pin=3"/></net>

<net id="112"><net_src comp="18" pin="0"/><net_sink comp="102" pin=4"/></net>

<net id="113"><net_src comp="20" pin="0"/><net_sink comp="102" pin=5"/></net>

<net id="122"><net_src comp="30" pin="0"/><net_sink comp="114" pin=0"/></net>

<net id="123"><net_src comp="16" pin="0"/><net_sink comp="114" pin=3"/></net>

<net id="124"><net_src comp="18" pin="0"/><net_sink comp="114" pin=4"/></net>

<net id="125"><net_src comp="20" pin="0"/><net_sink comp="114" pin=5"/></net>

<net id="135"><net_src comp="32" pin="0"/><net_sink comp="126" pin=0"/></net>

<net id="136"><net_src comp="8" pin="0"/><net_sink comp="126" pin=3"/></net>

<net id="137"><net_src comp="10" pin="0"/><net_sink comp="126" pin=4"/></net>

<net id="138"><net_src comp="12" pin="0"/><net_sink comp="126" pin=5"/></net>

<net id="139"><net_src comp="14" pin="0"/><net_sink comp="126" pin=6"/></net>

<net id="149"><net_src comp="34" pin="0"/><net_sink comp="140" pin=0"/></net>

<net id="150"><net_src comp="8" pin="0"/><net_sink comp="140" pin=3"/></net>

<net id="151"><net_src comp="10" pin="0"/><net_sink comp="140" pin=4"/></net>

<net id="152"><net_src comp="12" pin="0"/><net_sink comp="140" pin=5"/></net>

<net id="153"><net_src comp="14" pin="0"/><net_sink comp="140" pin=6"/></net>

</net_list>

</model> 
---------------- Datapath Model END ------------------

* FSMD analyzer results:
  - Output states:
	Port: output_r_V_data_V | {9 10 12 13 }
	Port: output_r_V_keep_V | {9 10 12 13 }
	Port: output_r_V_strb_V | {9 10 12 13 }
	Port: output_r_V_last_V | {9 10 12 13 }
 - Input state : 
	Port: fft_1024_top : input_r_V_data_V | {2 3 5 6 }
	Port: fft_1024_top : input_r_V_keep_V | {2 3 5 6 }
	Port: fft_1024_top : input_r_V_strb_V | {2 3 5 6 }
	Port: fft_1024_top : input_r_V_last_V | {2 3 5 6 }
	Port: fft_1024_top : br_lut | {7 8 }
	Port: fft_1024_top : tw_M_real_V | {7 8 }
	Port: fft_1024_top : tw_M_imag_V | {7 8 }
  - Chain level:
	State 1
	State 2
	State 3
	State 4
	State 5
	State 6
	State 7
	State 8
	State 9
	State 10
	State 11
	State 12
	State 13
	State 14


============================================================
+ Verbose Summary: Datapath Resource usage 
============================================================

* Functional unit list:
|----------|--------------------------------------------------|---------|---------|---------|---------|
| Operation|                  Functional Unit                 |   DSP   |  Delay  |    FF   |   LUT   |
|----------|--------------------------------------------------|---------|---------|---------|---------|
|          |  grp_fft_1024_top_Pipeline_VITIS_LOOP_47_1_fu_74 |    6    |  3.176  |   989   |   1915  |
|          |  grp_fft_1024_top_Pipeline_VITIS_LOOP_54_2_fu_88 |    6    |  3.176  |   989   |   1915  |
|   call   |                grp_fft_fast_fu_102               |    12   |  17.468 |   916   |   755   |
|          |                grp_fft_fast_fu_114               |    12   |  17.468 |   916   |   755   |
|          | grp_fft_1024_top_Pipeline_VITIS_LOOP_63_3_fu_126 |    6    |  6.352  |   830   |   2229  |
|          | grp_fft_1024_top_Pipeline_VITIS_LOOP_72_4_fu_140 |    6    |  6.352  |   831   |   2240  |
|----------|--------------------------------------------------|---------|---------|---------|---------|
|   Total  |                                                  |    48   |  53.992 |   5471  |   9809  |
|----------|--------------------------------------------------|---------|---------|---------|---------|

Memories:
+-----------+--------+--------+--------+--------+
|           |  BRAM  |   FF   |   LUT  |  URAM  |
+-----------+--------+--------+--------+--------+
|   br_lut  |    1   |    0   |    0   |    -   |
|ga_M_imag_V|    2   |    0   |    0   |    0   |
|ga_M_real_V|    2   |    0   |    0   |    0   |
|gb_M_imag_V|    2   |    0   |    0   |    0   |
|gb_M_real_V|    2   |    0   |    0   |    0   |
|tw_M_imag_V|    2   |    0   |    0   |    -   |
|tw_M_real_V|    2   |    0   |    0   |    -   |
+-----------+--------+--------+--------+--------+
|   Total   |   13   |    0   |    0   |    0   |
+-----------+--------+--------+--------+--------+

* Register list:
N/A

* Multiplexer (MUX) list: 
|--------|------|------|------|--------|
|  Comp  |  Pin | Size |  BW  | S x BW |
|--------|------|------|------|--------|
|  Total |      |      |      |    0   |
|--------|------|------|------|--------|



* Summary:
+-----------+--------+--------+--------+--------+--------+--------+
|           |  BRAM  |   DSP  |  Delay |   FF   |   LUT  |  URAM  |
+-----------+--------+--------+--------+--------+--------+--------+
|  Function |    -   |   48   |   53   |  5471  |  9809  |    -   |
|   Memory  |   13   |    -   |    -   |    0   |    0   |    0   |
|Multiplexer|    -   |    -   |    -   |    -   |    -   |    -   |
|  Register |    -   |    -   |    -   |    -   |    -   |    -   |
+-----------+--------+--------+--------+--------+--------+--------+
|   Total   |   13   |   48   |   53   |  5471  |  9809  |    0   |
+-----------+--------+--------+--------+--------+--------+--------+
