

================================================================
== Vitis HLS Report for 'doppler_fft_256_Pipeline_VITIS_LOOP_49_1'
================================================================
* Date:           Tue May  5 21:39:08 2026

* Version:        2022.1 (Build 3526262 on Mon Apr 18 15:48:16 MDT 2022)
* Project:        doppler_fft_project
* Solution:       solution1 (Vivado IP Flow Target)
* Product family: zynq
* Target device:  xc7z020-clg484-1


================================================================
== Performance Estimates
================================================================
+ Timing: 
    * Summary: 
    +--------+----------+----------+------------+
    |  Clock |  Target  | Estimated| Uncertainty|
    +--------+----------+----------+------------+
    |ap_clk  |  10.00 ns|  6.508 ns|     2.70 ns|
    +--------+----------+----------+------------+

+ Latency: 
    * Summary: 
    +---------+---------+----------+----------+-----+-----+---------+
    |  Latency (cycles) |  Latency (absolute) |  Interval | Pipeline|
    |   min   |   max   |    min   |    max   | min | max |   Type  |
    +---------+---------+----------+----------+-----+-----+---------+
    |      258|      258|  2.580 us|  2.580 us|  258|  258|       no|
    +---------+---------+----------+----------+-----+-----+---------+

    + Detail: 
        * Instance: 
        N/A

        * Loop: 
        +-------------------+---------+---------+----------+-----------+-----------+------+----------+
        |                   |  Latency (cycles) | Iteration|  Initiation Interval  | Trip |          |
        |     Loop Name     |   min   |   max   |  Latency |  achieved |   target  | Count| Pipelined|
        +-------------------+---------+---------+----------+-----------+-----------+------+----------+
        |- VITIS_LOOP_49_1  |      256|      256|         2|          2|          1|   128|       yes|
        +-------------------+---------+---------+----------+-----------+-----------+------+----------+



================================================================
== Utilization Estimates
================================================================
* Summary: 
+-----------------+---------+-----+--------+-------+-----+
|       Name      | BRAM_18K| DSP |   FF   |  LUT  | URAM|
+-----------------+---------+-----+--------+-------+-----+
|DSP              |        -|    -|       -|      -|    -|
|Expression       |        -|    -|       0|     35|    -|
|FIFO             |        -|    -|       -|      -|    -|
|Instance         |        -|    -|       -|      -|    -|
|Memory           |        -|    -|       -|      -|    -|
|Multiplexer      |        -|    -|       -|     97|    -|
|Register         |        -|    -|      43|      -|    -|
+-----------------+---------+-----+--------+-------+-----+
|Total            |        0|    0|      43|    132|    0|
+-----------------+---------+-----+--------+-------+-----+
|Available        |      280|  220|  106400|  53200|    0|
+-----------------+---------+-----+--------+-------+-----+
|Utilization (%)  |        0|    0|      ~0|     ~0|    0|
+-----------------+---------+-----+--------+-------+-----+

+ Detail: 
    * Instance: 
    N/A

    * DSP: 
    N/A

    * Memory: 
    N/A

    * FIFO: 
    N/A

    * Expression: 
    +--------------------+----------+----+---+----+------------+------------+
    |    Variable Name   | Operation| DSP| FF| LUT| Bitwidth P0| Bitwidth P1|
    +--------------------+----------+----+---+----+------------+------------+
    |add_ln49_fu_102_p2  |         +|   0|  0|  15|           8|           1|
    |icmp_ln49_fu_96_p2  |      icmp|   0|  0|  11|           8|           9|
    |xor_ln51_fu_114_p2  |       xor|   0|  0|   9|           8|           9|
    +--------------------+----------+----+---+----+------------+------------+
    |Total               |          |   0|  0|  35|          24|          19|
    +--------------------+----------+----+---+----+------------+------------+

    * Multiplexer: 
    +-----------------------+----+-----------+-----+-----------+
    |          Name         | LUT| Input Size| Bits| Total Bits|
    +-----------------------+----+-----------+-----+-----------+
    |ap_NS_fsm              |  14|          3|    1|          3|
    |ap_done_int            |   9|          2|    1|          2|
    |ap_sig_allocacmp_i     |   9|          2|    8|         16|
    |buf_M_imag_V_address0  |  14|          3|    8|         24|
    |buf_M_imag_V_address1  |  14|          3|    8|         24|
    |buf_M_real_V_address0  |  14|          3|    8|         24|
    |buf_M_real_V_address1  |  14|          3|    8|         24|
    |i_1_fu_30              |   9|          2|    8|         16|
    +-----------------------+----+-----------+-----+-----------+
    |Total                  |  97|         21|   50|        133|
    +-----------------------+----+-----------+-----+-----------+

    * Register: 
    +-----------------------------+---+----+-----+-----------+
    |             Name            | FF| LUT| Bits| Const Bits|
    +-----------------------------+---+----+-----+-----------+
    |ap_CS_fsm                    |  2|   0|    2|          0|
    |ap_done_reg                  |  1|   0|    1|          0|
    |buf_M_imag_V_addr_1_reg_156  |  8|   0|    8|          0|
    |buf_M_imag_V_addr_reg_146    |  8|   0|    8|          0|
    |buf_M_real_V_addr_1_reg_151  |  8|   0|    8|          0|
    |buf_M_real_V_addr_reg_141    |  8|   0|    8|          0|
    |i_1_fu_30                    |  8|   0|    8|          0|
    +-----------------------------+---+----+-----+-----------+
    |Total                        | 43|   0|   43|          0|
    +-----------------------------+---+----+-----+-----------+



================================================================
== Interface
================================================================
* Summary: 
+-----------------------+-----+-----+------------+------------------------------------------+--------------+
|       RTL Ports       | Dir | Bits|  Protocol  |               Source Object              |    C Type    |
+-----------------------+-----+-----+------------+------------------------------------------+--------------+
|ap_clk                 |   in|    1|  ap_ctrl_hs|  doppler_fft_256_Pipeline_VITIS_LOOP_49_1|  return value|
|ap_rst                 |   in|    1|  ap_ctrl_hs|  doppler_fft_256_Pipeline_VITIS_LOOP_49_1|  return value|
|ap_start               |   in|    1|  ap_ctrl_hs|  doppler_fft_256_Pipeline_VITIS_LOOP_49_1|  return value|
|ap_done                |  out|    1|  ap_ctrl_hs|  doppler_fft_256_Pipeline_VITIS_LOOP_49_1|  return value|
|ap_idle                |  out|    1|  ap_ctrl_hs|  doppler_fft_256_Pipeline_VITIS_LOOP_49_1|  return value|
|ap_ready               |  out|    1|  ap_ctrl_hs|  doppler_fft_256_Pipeline_VITIS_LOOP_49_1|  return value|
|buf_M_real_V_address0  |  out|    8|   ap_memory|                              buf_M_real_V|         array|
|buf_M_real_V_ce0       |  out|    1|   ap_memory|                              buf_M_real_V|         array|
|buf_M_real_V_we0       |  out|    1|   ap_memory|                              buf_M_real_V|         array|
|buf_M_real_V_d0        |  out|   19|   ap_memory|                              buf_M_real_V|         array|
|buf_M_real_V_q0        |   in|   19|   ap_memory|                              buf_M_real_V|         array|
|buf_M_real_V_address1  |  out|    8|   ap_memory|                              buf_M_real_V|         array|
|buf_M_real_V_ce1       |  out|    1|   ap_memory|                              buf_M_real_V|         array|
|buf_M_real_V_we1       |  out|    1|   ap_memory|                              buf_M_real_V|         array|
|buf_M_real_V_d1        |  out|   19|   ap_memory|                              buf_M_real_V|         array|
|buf_M_real_V_q1        |   in|   19|   ap_memory|                              buf_M_real_V|         array|
|buf_M_imag_V_address0  |  out|    8|   ap_memory|                              buf_M_imag_V|         array|
|buf_M_imag_V_ce0       |  out|    1|   ap_memory|                              buf_M_imag_V|         array|
|buf_M_imag_V_we0       |  out|    1|   ap_memory|                              buf_M_imag_V|         array|
|buf_M_imag_V_d0        |  out|   19|   ap_memory|                              buf_M_imag_V|         array|
|buf_M_imag_V_q0        |   in|   19|   ap_memory|                              buf_M_imag_V|         array|
|buf_M_imag_V_address1  |  out|    8|   ap_memory|                              buf_M_imag_V|         array|
|buf_M_imag_V_ce1       |  out|    1|   ap_memory|                              buf_M_imag_V|         array|
|buf_M_imag_V_we1       |  out|    1|   ap_memory|                              buf_M_imag_V|         array|
|buf_M_imag_V_d1        |  out|   19|   ap_memory|                              buf_M_imag_V|         array|
|buf_M_imag_V_q1        |   in|   19|   ap_memory|                              buf_M_imag_V|         array|
+-----------------------+-----+-----+------------+------------------------------------------+--------------+

