

================================================================
== Vitis HLS Report for 'fft_fast_Pipeline_VITIS_LOOP_23_4'
================================================================
* Date:           Tue May  5 21:39:07 2026

* Version:        2022.1 (Build 3526262 on Mon Apr 18 15:48:16 MDT 2022)
* Project:        doppler_fft_project
* Solution:       solution1 (Vivado IP Flow Target)
* Product family: zynq
* Target device:  xc7z020-clg484-1


================================================================
== Performance Estimates
================================================================
+ Timing: 
    * Summary: 
    +--------+----------+----------+------------+
    |  Clock |  Target  | Estimated| Uncertainty|
    +--------+----------+----------+------------+
    |ap_clk  |  10.00 ns|  7.222 ns|     2.70 ns|
    +--------+----------+----------+------------+

+ Latency: 
    * Summary: 
    +---------+---------+----------+----------+-----+-----+---------+
    |  Latency (cycles) |  Latency (absolute) |  Interval | Pipeline|
    |   min   |   max   |    min   |    max   | min | max |   Type  |
    +---------+---------+----------+----------+-----+-----+---------+
    |       16|      905|  0.160 us|  9.050 us|   16|  905|       no|
    +---------+---------+----------+----------+-----+-----+---------+

    + Detail: 
        * Instance: 
        N/A

        * Loop: 
        +-------------------+---------+---------+----------+-----------+-----------+---------+----------+
        |                   |  Latency (cycles) | Iteration|  Initiation Interval  |   Trip  |          |
        |     Loop Name     |   min   |   max   |  Latency |  achieved |   target  |  Count  | Pipelined|
        +-------------------+---------+---------+----------+-----------+-----------+---------+----------+
        |- VITIS_LOOP_23_4  |       14|      903|        15|          7|          1|  1 ~ 128|       yes|
        +-------------------+---------+---------+----------+-----------+-----------+---------+----------+



================================================================
== Utilization Estimates
================================================================
* Summary: 
+-----------------+---------+-----+--------+-------+-----+
|       Name      | BRAM_18K| DSP |   FF   |  LUT  | URAM|
+-----------------+---------+-----+--------+-------+-----+
|DSP              |        -|    4|       -|      -|    -|
|Expression       |        -|    -|       0|   1375|    -|
|FIFO             |        -|    -|       -|      -|    -|
|Instance         |        -|    -|       -|      -|    -|
|Memory           |        2|    -|       0|      0|    -|
|Multiplexer      |        -|    -|       -|    175|    -|
|Register         |        -|    -|     695|      -|    -|
+-----------------+---------+-----+--------+-------+-----+
|Total            |        2|    4|     695|   1550|    0|
+-----------------+---------+-----+--------+-------+-----+
|Available        |      280|  220|  106400|  53200|    0|
+-----------------+---------+-----+--------+-------+-----+
|Utilization (%)  |       ~0|    1|      ~0|      2|    0|
+-----------------+---------+-----+--------+-------+-----+

+ Detail: 
    * Instance: 
    N/A

    * DSP: 
    +----------------------------+------------------------+-----------+
    |          Instance          |         Module         | Expression|
    +----------------------------+------------------------+-----------+
    |mul_mul_19s_19s_36_4_1_U16  |mul_mul_19s_19s_36_4_1  |    i0 * i1|
    |mul_mul_19s_19s_36_4_1_U17  |mul_mul_19s_19s_36_4_1  |    i0 * i1|
    |mul_mul_19s_19s_36_4_1_U18  |mul_mul_19s_19s_36_4_1  |    i0 * i1|
    |mul_mul_19s_19s_36_4_1_U19  |mul_mul_19s_19s_36_4_1  |    i0 * i1|
    +----------------------------+------------------------+-----------+

    * Memory: 
    +----------------+------------------------------------------------------------+---------+---+----+-----+------+-----+------+-------------+
    |     Memory     |                           Module                           | BRAM_18K| FF| LUT| URAM| Words| Bits| Banks| W*Bits*Banks|
    +----------------+------------------------------------------------------------+---------+---+----+-----+------+-----+------+-------------+
    |tw_M_value_1_U  |fft_fast_Pipeline_VITIS_LOOP_23_4_tw_M_value_1_ROM_AUTO_1R  |        1|  0|   0|    0|   255|   32|     1|         8160|
    |tw_M_value_U    |fft_fast_Pipeline_VITIS_LOOP_23_4_tw_M_value_ROM_AUTO_1R    |        1|  0|   0|    0|   255|   32|     1|         8160|
    +----------------+------------------------------------------------------------+---------+---+----+-----+------+-----+------+-------------+
    |Total           |                                                            |        2|  0|   0|    0|   510|   64|     2|        16320|
    +----------------+------------------------------------------------------------+---------+---+----+-----+------+-----+------+-------------+

    * FIFO: 
    N/A

    * Expression: 
    +--------------------------+----------+----+---+-----+------------+------------+
    |       Variable Name      | Operation| DSP| FF| LUT | Bitwidth P0| Bitwidth P1|
    +--------------------------+----------+----+---+-----+------------+------------+
    |add_ln23_fu_487_p2        |         +|   0|  0|   15|           8|           1|
    |add_ln25_fu_203_p2        |         +|   0|  0|   15|           8|           8|
    |add_ln28_1_fu_670_p2      |         +|   0|  0|   15|           8|           8|
    |add_ln28_fu_554_p2        |         +|   0|  0|   15|           8|           8|
    |add_ln616_1_fu_457_p2     |         +|   0|  0|   12|          12|           6|
    |add_ln616_fu_290_p2       |         +|   0|  0|   12|          12|           6|
    |ret_V_1_fu_708_p2         |         +|   0|  0|   43|          36|          36|
    |ret_V_2_fu_728_p2         |         +|   0|  0|   27|          20|          20|
    |ret_V_3_fu_751_p2         |         +|   0|  0|   27|          20|          20|
    |F2_1_fu_445_p2            |         -|   0|  0|   12|          11|          12|
    |F2_fu_278_p2              |         -|   0|  0|   12|          11|          12|
    |man_V_1_fu_265_p2         |         -|   0|  0|   61|           1|          54|
    |man_V_4_fu_432_p2         |         -|   0|  0|   61|           1|          54|
    |ret_V_4_fu_768_p2         |         -|   0|  0|   27|          20|          20|
    |ret_V_5_fu_784_p2         |         -|   0|  0|   27|          20|          20|
    |ret_V_fu_694_p2           |         -|   0|  0|   43|          36|          36|
    |sub_ln616_1_fu_463_p2     |         -|   0|  0|   12|           5|          12|
    |sub_ln616_fu_296_p2       |         -|   0|  0|   12|           5|          12|
    |and_ln616_1_fu_549_p2     |       and|   0|  0|    2|           1|           1|
    |and_ln616_fu_413_p2       |       and|   0|  0|    2|           1|           1|
    |and_ln617_1_fu_527_p2     |       and|   0|  0|    2|           1|           1|
    |and_ln617_fu_391_p2       |       and|   0|  0|    2|           1|           1|
    |ashr_ln621_1_fu_617_p2    |      ashr|   0|  0|  161|          54|          54|
    |ashr_ln621_fu_566_p2      |      ashr|   0|  0|  161|          54|          54|
    |icmp_ln23_fu_197_p2       |      icmp|   0|  0|   11|           8|           8|
    |icmp_ln606_1_fu_350_p2    |      icmp|   0|  0|   28|          63|           1|
    |icmp_ln606_fu_245_p2      |      icmp|   0|  0|   28|          63|           1|
    |icmp_ln616_1_fu_451_p2    |      icmp|   0|  0|   12|          12|           5|
    |icmp_ln616_fu_284_p2      |      icmp|   0|  0|   12|          12|           5|
    |icmp_ln617_1_fu_477_p2    |      icmp|   0|  0|   12|          12|           5|
    |icmp_ln617_fu_310_p2      |      icmp|   0|  0|   12|          12|           5|
    |icmp_ln620_1_fu_495_p2    |      icmp|   0|  0|   12|          12|           6|
    |icmp_ln620_fu_359_p2      |      icmp|   0|  0|   12|          12|           6|
    |icmp_ln638_1_fu_500_p2    |      icmp|   0|  0|   12|          12|           5|
    |icmp_ln638_fu_364_p2      |      icmp|   0|  0|   12|          12|           5|
    |or_ln617_1_fu_539_p2      |        or|   0|  0|    2|           1|           1|
    |or_ln617_fu_403_p2        |        or|   0|  0|    2|           1|           1|
    |man_V_2_fu_271_p3         |    select|   0|  0|   54|           1|          54|
    |man_V_5_fu_438_p3         |    select|   0|  0|   54|           1|          54|
    |select_ln616_2_fu_652_p3  |    select|   0|  0|   19|           1|          19|
    |select_ln616_fu_601_p3    |    select|   0|  0|   19|           1|          19|
    |select_ln617_1_fu_532_p3  |    select|   0|  0|   19|           1|          19|
    |select_ln617_fu_396_p3    |    select|   0|  0|   19|           1|          19|
    |select_ln620_1_fu_645_p3  |    select|   0|  0|   19|           1|          19|
    |select_ln620_fu_594_p3    |    select|   0|  0|   19|           1|          19|
    |select_ln623_1_fu_637_p3  |    select|   0|  0|    2|           1|           2|
    |select_ln623_fu_586_p3    |    select|   0|  0|    2|           1|           2|
    |select_ln638_1_fu_514_p3  |    select|   0|  0|   19|           1|          19|
    |select_ln638_fu_378_p3    |    select|   0|  0|   19|           1|          19|
    |sh_amt_1_fu_469_p3        |    select|   0|  0|   12|           1|          12|
    |sh_amt_fu_302_p3          |    select|   0|  0|   12|           1|          12|
    |tw_im_V_fu_658_p3         |    select|   0|  0|   19|           1|           1|
    |tw_re_V_fu_607_p3         |    select|   0|  0|   19|           1|           1|
    |shl_ln639_1_fu_509_p2     |       shl|   0|  0|   47|          19|          19|
    |shl_ln639_fu_373_p2       |       shl|   0|  0|   47|          19|          19|
    |ap_enable_pp0             |       xor|   0|  0|    2|           1|           2|
    |xor_ln606_1_fu_522_p2     |       xor|   0|  0|    2|           1|           2|
    |xor_ln606_fu_386_p2       |       xor|   0|  0|    2|           1|           2|
    |xor_ln617_1_fu_543_p2     |       xor|   0|  0|    2|           1|           2|
    |xor_ln617_fu_407_p2       |       xor|   0|  0|    2|           1|           2|
    +--------------------------+----------+----+---+-----+------------+------------+
    |Total                     |          |   0|  0| 1375|         645|         849|
    +--------------------------+----------+----+---+-----+------------+------------+

    * Multiplexer: 
    +----------------------------------+----+-----------+-----+-----------+
    |               Name               | LUT| Input Size| Bits| Total Bits|
    +----------------------------------+----+-----------+-----+-----------+
    |ap_NS_fsm                         |  42|          8|    1|          8|
    |ap_done_int                       |   9|          2|    1|          2|
    |ap_enable_reg_pp0_iter0           |   9|          2|    1|          2|
    |ap_enable_reg_pp0_iter1           |   9|          2|    1|          2|
    |ap_enable_reg_pp0_iter2           |   9|          2|    1|          2|
    |ap_loop_exit_ready_pp0_iter1_reg  |   9|          2|    1|          2|
    |ap_sig_allocacmp_j_1              |   9|          2|    8|         16|
    |grp_fu_186_p0                     |  14|          3|   32|         96|
    |j_fu_88                           |   9|          2|    8|         16|
    |x_M_imag_address0                 |  14|          3|    8|         24|
    |x_M_imag_address1                 |  14|          3|    8|         24|
    |x_M_real_address0                 |  14|          3|    8|         24|
    |x_M_real_address1                 |  14|          3|    8|         24|
    +----------------------------------+----+-----------+-----+-----------+
    |Total                             | 175|         37|   86|        242|
    +----------------------------------+----+-----------+-----+-----------+

    * Register: 
    +----------------------------------+----+----+-----+-----------+
    |               Name               | FF | LUT| Bits| Const Bits|
    +----------------------------------+----+----+-----+-----------+
    |add_ln28_reg_1019                 |   8|   0|    8|          0|
    |and_ln616_1_reg_1014              |   1|   0|    1|          0|
    |and_ln616_reg_965                 |   1|   0|    1|          0|
    |ap_CS_fsm                         |   7|   0|    7|          0|
    |ap_done_reg                       |   1|   0|    1|          0|
    |ap_enable_reg_pp0_iter0_reg       |   1|   0|    1|          0|
    |ap_enable_reg_pp0_iter1           |   1|   0|    1|          0|
    |ap_enable_reg_pp0_iter2           |   1|   0|    1|          0|
    |ap_loop_exit_ready_pp0_iter1_reg  |   1|   0|    1|          0|
    |exp_tmp_1_reg_933                 |  11|   0|   11|          0|
    |exp_tmp_reg_882                   |  11|   0|   11|          0|
    |icmp_ln23_reg_851                 |   1|   0|    1|          0|
    |icmp_ln606_1_reg_943              |   1|   0|    1|          0|
    |icmp_ln606_reg_892                |   1|   0|    1|          0|
    |icmp_ln616_1_reg_975              |   1|   0|    1|          0|
    |icmp_ln616_reg_904                |   1|   0|    1|          0|
    |icmp_ln617_1_reg_987              |   1|   0|    1|          0|
    |icmp_ln617_reg_916                |   1|   0|    1|          0|
    |icmp_ln620_1_reg_1004             |   1|   0|    1|          0|
    |icmp_ln620_reg_955                |   1|   0|    1|          0|
    |j_1_reg_845                       |   8|   0|    8|          0|
    |j_fu_88                           |   8|   0|    8|          0|
    |man_V_2_reg_899                   |  54|   0|   54|          0|
    |man_V_5_reg_970                   |  54|   0|   54|          0|
    |p_Result_2_reg_928                |   1|   0|    1|          0|
    |p_Result_s_reg_877                |   1|   0|    1|          0|
    |select_ln617_1_reg_1009           |  19|   0|   19|          0|
    |select_ln617_reg_960              |  19|   0|   19|          0|
    |sext_ln616_1_reg_999              |  32|   0|   32|          0|
    |sext_ln616_reg_950                |  32|   0|   32|          0|
    |sh_amt_1_reg_980                  |  12|   0|   12|          0|
    |sh_amt_reg_909                    |  12|   0|   12|          0|
    |tm_im_V_reg_1098                  |  19|   0|   19|          0|
    |tm_re_V_reg_1093                  |  19|   0|   19|          0|
    |trunc_ln600_1_reg_938             |  52|   0|   52|          0|
    |trunc_ln600_reg_887               |  52|   0|   52|          0|
    |trunc_ln618_1_reg_993             |  19|   0|   19|          0|
    |trunc_ln618_reg_922               |  19|   0|   19|          0|
    |trunc_ln864_2_reg_1103            |  19|   0|   19|          0|
    |trunc_ln864_3_reg_1108            |  19|   0|   19|          0|
    |tw_M_value_1_load_reg_865         |  32|   0|   32|          0|
    |tw_M_value_load_reg_871           |  32|   0|   32|          0|
    |tw_im_V_reg_1030                  |  19|   0|   19|          0|
    |tw_re_V_reg_1025                  |  19|   0|   19|          0|
    |x_M_imag_addr_2_reg_1053          |   8|   0|    8|          0|
    |x_M_imag_addr_reg_1041            |   8|   0|    8|          0|
    |x_M_imag_load_reg_1088            |  19|   0|   19|          0|
    |x_M_real_addr_2_reg_1047          |   8|   0|    8|          0|
    |x_M_real_addr_reg_1035            |   8|   0|    8|          0|
    |x_M_real_load_reg_1083            |  19|   0|   19|          0|
    +----------------------------------+----+----+-----+-----------+
    |Total                             | 695|   0|  695|          0|
    +----------------------------------+----+----+-----+-----------+



================================================================
== Interface
================================================================
* Summary: 
+--------------------+-----+-----+------------+-----------------------------------+--------------+
|      RTL Ports     | Dir | Bits|  Protocol  |           Source Object           |    C Type    |
+--------------------+-----+-----+------------+-----------------------------------+--------------+
|ap_clk              |   in|    1|  ap_ctrl_hs|  fft_fast_Pipeline_VITIS_LOOP_23_4|  return value|
|ap_rst              |   in|    1|  ap_ctrl_hs|  fft_fast_Pipeline_VITIS_LOOP_23_4|  return value|
|ap_start            |   in|    1|  ap_ctrl_hs|  fft_fast_Pipeline_VITIS_LOOP_23_4|  return value|
|ap_done             |  out|    1|  ap_ctrl_hs|  fft_fast_Pipeline_VITIS_LOOP_23_4|  return value|
|ap_idle             |  out|    1|  ap_ctrl_hs|  fft_fast_Pipeline_VITIS_LOOP_23_4|  return value|
|ap_ready            |  out|    1|  ap_ctrl_hs|  fft_fast_Pipeline_VITIS_LOOP_23_4|  return value|
|grp_fu_242_p_din0   |  out|   32|  ap_ctrl_hs|  fft_fast_Pipeline_VITIS_LOOP_23_4|  return value|
|grp_fu_242_p_dout0  |   in|   64|  ap_ctrl_hs|  fft_fast_Pipeline_VITIS_LOOP_23_4|  return value|
|grp_fu_242_p_ce     |  out|    1|  ap_ctrl_hs|  fft_fast_Pipeline_VITIS_LOOP_23_4|  return value|
|m2                  |   in|    8|     ap_none|                                 m2|        scalar|
|trunc_ln22_1        |   in|    8|     ap_none|                       trunc_ln22_1|        scalar|
|trunc_ln22_2        |   in|    8|     ap_none|                       trunc_ln22_2|        scalar|
|x_M_real_address0   |  out|    8|   ap_memory|                           x_M_real|         array|
|x_M_real_ce0        |  out|    1|   ap_memory|                           x_M_real|         array|
|x_M_real_we0        |  out|    1|   ap_memory|                           x_M_real|         array|
|x_M_real_d0         |  out|   19|   ap_memory|                           x_M_real|         array|
|x_M_real_q0         |   in|   19|   ap_memory|                           x_M_real|         array|
|x_M_real_address1   |  out|    8|   ap_memory|                           x_M_real|         array|
|x_M_real_ce1        |  out|    1|   ap_memory|                           x_M_real|         array|
|x_M_real_we1        |  out|    1|   ap_memory|                           x_M_real|         array|
|x_M_real_d1         |  out|   19|   ap_memory|                           x_M_real|         array|
|x_M_real_q1         |   in|   19|   ap_memory|                           x_M_real|         array|
|x_M_imag_address0   |  out|    8|   ap_memory|                           x_M_imag|         array|
|x_M_imag_ce0        |  out|    1|   ap_memory|                           x_M_imag|         array|
|x_M_imag_we0        |  out|    1|   ap_memory|                           x_M_imag|         array|
|x_M_imag_d0         |  out|   19|   ap_memory|                           x_M_imag|         array|
|x_M_imag_q0         |   in|   19|   ap_memory|                           x_M_imag|         array|
|x_M_imag_address1   |  out|    8|   ap_memory|                           x_M_imag|         array|
|x_M_imag_ce1        |  out|    1|   ap_memory|                           x_M_imag|         array|
|x_M_imag_we1        |  out|    1|   ap_memory|                           x_M_imag|         array|
|x_M_imag_d1         |  out|   19|   ap_memory|                           x_M_imag|         array|
|x_M_imag_q1         |   in|   19|   ap_memory|                           x_M_imag|         array|
+--------------------+-----+-----+------------+-----------------------------------+--------------+

