

================================================================
== Vitis HLS Report for 'fft_fast'
================================================================
* Date:           Tue May  5 21:39:08 2026

* Version:        2022.1 (Build 3526262 on Mon Apr 18 15:48:16 MDT 2022)
* Project:        doppler_fft_project
* Solution:       solution1 (Vivado IP Flow Target)
* Product family: zynq
* Target device:  xc7z020-clg484-1


================================================================
== Performance Estimates
================================================================
+ Timing: 
    * Summary: 
    +--------+----------+----------+------------+
    |  Clock |  Target  | Estimated| Uncertainty|
    +--------+----------+----------+------------+
    |ap_clk  |  10.00 ns|  7.222 ns|     2.70 ns|
    +--------+----------+----------+------------+

+ Latency: 
    * Summary: 
    +---------+---------+----------+----------+-----+-----+---------+
    |  Latency (cycles) |  Latency (absolute) |  Interval | Pipeline|
    |   min   |   max   |    min   |    max   | min | max |   Type  |
    +---------+---------+----------+----------+-----+-----+---------+
    |        ?|        ?|         ?|         ?|    ?|    ?|       no|
    +---------+---------+----------+----------+-----+-----+---------+

    + Detail: 
        * Instance: 
        +---------------------------------------------+-----------------------------------+---------+---------+----------+----------+-----+-----+---------+
        |                                             |                                   |  Latency (cycles) |  Latency (absolute) |  Interval | Pipeline|
        |                   Instance                  |               Module              |   min   |   max   |    min   |    max   | min | max |   Type  |
        +---------------------------------------------+-----------------------------------+---------+---------+----------+----------+-----+-----+---------+
        |grp_fft_fast_Pipeline_VITIS_LOOP_8_1_fu_65   |fft_fast_Pipeline_VITIS_LOOP_8_1   |      771|      771|  7.710 us|  7.710 us|  771|  771|       no|
        |grp_fft_fast_Pipeline_VITIS_LOOP_23_4_fu_75  |fft_fast_Pipeline_VITIS_LOOP_23_4  |       16|      905|  0.160 us|  9.050 us|   16|  905|       no|
        +---------------------------------------------+-----------------------------------+---------+---------+----------+----------+-----+-----+---------+

        * Loop: 
        +--------------------+---------+---------+----------+-----------+-----------+------+----------+
        |                    |  Latency (cycles) | Iteration|  Initiation Interval  | Trip |          |
        |      Loop Name     |   min   |   max   |  Latency |  achieved |   target  | Count| Pipelined|
        +--------------------+---------+---------+----------+-----------+-----------+------+----------+
        |- VITIS_LOOP_18_2   |        ?|        ?|         ?|          -|          -|     8|        no|
        | + VITIS_LOOP_22_3  |        ?|        ?|  19 ~ 908|          -|          -|     ?|        no|
        +--------------------+---------+---------+----------+-----------+-----------+------+----------+



================================================================
== Utilization Estimates
================================================================
* Summary: 
+-----------------+---------+-----+--------+-------+-----+
|       Name      | BRAM_18K| DSP |   FF   |  LUT  | URAM|
+-----------------+---------+-----+--------+-------+-----+
|DSP              |        -|    -|       -|      -|    -|
|Expression       |        -|    -|       0|    150|    -|
|FIFO             |        -|    -|       -|      -|    -|
|Instance         |        3|    4|     800|   1718|    -|
|Memory           |        -|    -|       -|      -|    -|
|Multiplexer      |        -|    -|       -|    297|    -|
|Register         |        -|    -|     192|      -|    -|
+-----------------+---------+-----+--------+-------+-----+
|Total            |        3|    4|     992|   2165|    0|
+-----------------+---------+-----+--------+-------+-----+
|Available        |      280|  220|  106400|  53200|    0|
+-----------------+---------+-----+--------+-------+-----+
|Utilization (%)  |        1|    1|      ~0|      4|    0|
+-----------------+---------+-----+--------+-------+-----+

+ Detail: 
    * Instance: 
    +---------------------------------------------+-----------------------------------+---------+----+-----+------+-----+
    |                   Instance                  |               Module              | BRAM_18K| DSP|  FF |  LUT | URAM|
    +---------------------------------------------+-----------------------------------+---------+----+-----+------+-----+
    |grp_fft_fast_Pipeline_VITIS_LOOP_23_4_fu_75  |fft_fast_Pipeline_VITIS_LOOP_23_4  |        2|   4|  695|  1550|    0|
    |grp_fft_fast_Pipeline_VITIS_LOOP_8_1_fu_65   |fft_fast_Pipeline_VITIS_LOOP_8_1   |        1|   0|  105|   168|    0|
    +---------------------------------------------+-----------------------------------+---------+----+-----+------+-----+
    |Total                                        |                                   |        3|   4|  800|  1718|    0|
    +---------------------------------------------+-----------------------------------+---------+----+-----+------+-----+

    * DSP: 
    N/A

    * Memory: 
    N/A

    * FIFO: 
    N/A

    * Expression: 
    +---------------------+----------+----+---+----+------------+------------+
    |    Variable Name    | Operation| DSP| FF| LUT| Bitwidth P0| Bitwidth P1|
    +---------------------+----------+----+---+----+------------+------------+
    |add_ln22_fu_164_p2   |         +|   0|  0|  71|          64|          64|
    |s_3_fu_174_p2        |         +|   0|  0|  13|           4|           1|
    |ti_1_fu_169_p2       |         +|   0|  0|  12|          11|          11|
    |icmp_ln18_fu_106_p2  |      icmp|   0|  0|   9|           4|           4|
    |icmp_ln22_fu_154_p2  |      icmp|   0|  0|  26|          56|           1|
    |m_fu_116_p2          |       shl|   0|  0|  19|           1|           9|
    +---------------------+----------+----+---+----+------------+------------+
    |Total                |          |   0|  0| 150|         140|          90|
    +---------------------+----------+----+---+----+------------+------------+

    * Multiplexer: 
    +-------------------+----+-----------+-----+-----------+
    |        Name       | LUT| Input Size| Bits| Total Bits|
    +-------------------+----+-----------+-----+-----------+
    |ap_NS_fsm          |  37|          7|    1|          7|
    |grp_fu_242_ce      |   9|          2|    1|          2|
    |k_reg_54           |   9|          2|   64|        128|
    |s_fu_50            |   9|          2|    4|          8|
    |ti_fu_46           |   9|          2|   11|         22|
    |x_M_imag_address0  |  14|          3|    8|         24|
    |x_M_imag_address1  |  14|          3|    8|         24|
    |x_M_imag_ce0       |  14|          3|    1|          3|
    |x_M_imag_ce1       |  14|          3|    1|          3|
    |x_M_imag_d0        |  14|          3|   19|         57|
    |x_M_imag_d1        |  14|          3|   19|         57|
    |x_M_imag_we0       |  14|          3|    1|          3|
    |x_M_imag_we1       |  14|          3|    1|          3|
    |x_M_real_address0  |  14|          3|    8|         24|
    |x_M_real_address1  |  14|          3|    8|         24|
    |x_M_real_ce0       |  14|          3|    1|          3|
    |x_M_real_ce1       |  14|          3|    1|          3|
    |x_M_real_d0        |  14|          3|   19|         57|
    |x_M_real_d1        |  14|          3|   19|         57|
    |x_M_real_we0       |  14|          3|    1|          3|
    |x_M_real_we1       |  14|          3|    1|          3|
    +-------------------+----+-----------+-----+-----------+
    |Total              | 297|         63|  197|        515|
    +-------------------+----+-----------+-----+-----------+

    * Register: 
    +----------------------------------------------------------+----+----+-----+-----------+
    |                           Name                           | FF | LUT| Bits| Const Bits|
    +----------------------------------------------------------+----+----+-----+-----------+
    |add_ln22_reg_237                                          |  64|   0|   64|          0|
    |ap_CS_fsm                                                 |   6|   0|    6|          0|
    |grp_fft_fast_Pipeline_VITIS_LOOP_23_4_fu_75_ap_start_reg  |   1|   0|    1|          0|
    |grp_fft_fast_Pipeline_VITIS_LOOP_8_1_fu_65_ap_start_reg   |   1|   0|    1|          0|
    |k_reg_54                                                  |  64|   0|   64|          0|
    |m2_reg_209                                                |   8|   0|    8|          0|
    |s_fu_50                                                   |   4|   0|    4|          0|
    |ti_fu_46                                                  |  11|   0|   11|          0|
    |trunc_ln22_1_reg_232                                      |   8|   0|    8|          0|
    |trunc_ln22_reg_219                                        |   8|   0|    8|          0|
    |zext_ln20_reg_214                                         |   8|   0|   11|          3|
    |zext_ln22_reg_224                                         |   9|   0|   64|         55|
    +----------------------------------------------------------+----+----+-----+-----------+
    |Total                                                     | 192|   0|  250|         58|
    +----------------------------------------------------------+----+----+-----+-----------+



================================================================
== Interface
================================================================
* Summary: 
+--------------------+-----+-----+------------+--------------+--------------+
|      RTL Ports     | Dir | Bits|  Protocol  | Source Object|    C Type    |
+--------------------+-----+-----+------------+--------------+--------------+
|ap_clk              |   in|    1|  ap_ctrl_hs|      fft_fast|  return value|
|ap_rst              |   in|    1|  ap_ctrl_hs|      fft_fast|  return value|
|ap_start            |   in|    1|  ap_ctrl_hs|      fft_fast|  return value|
|ap_done             |  out|    1|  ap_ctrl_hs|      fft_fast|  return value|
|ap_idle             |  out|    1|  ap_ctrl_hs|      fft_fast|  return value|
|ap_ready            |  out|    1|  ap_ctrl_hs|      fft_fast|  return value|
|grp_fu_118_p_din0   |  out|   32|  ap_ctrl_hs|      fft_fast|  return value|
|grp_fu_118_p_dout0  |   in|   64|  ap_ctrl_hs|      fft_fast|  return value|
|grp_fu_118_p_ce     |  out|    1|  ap_ctrl_hs|      fft_fast|  return value|
|x_M_real_address0   |  out|    8|   ap_memory|      x_M_real|         array|
|x_M_real_ce0        |  out|    1|   ap_memory|      x_M_real|         array|
|x_M_real_we0        |  out|    1|   ap_memory|      x_M_real|         array|
|x_M_real_d0         |  out|   19|   ap_memory|      x_M_real|         array|
|x_M_real_q0         |   in|   19|   ap_memory|      x_M_real|         array|
|x_M_real_address1   |  out|    8|   ap_memory|      x_M_real|         array|
|x_M_real_ce1        |  out|    1|   ap_memory|      x_M_real|         array|
|x_M_real_we1        |  out|    1|   ap_memory|      x_M_real|         array|
|x_M_real_d1         |  out|   19|   ap_memory|      x_M_real|         array|
|x_M_real_q1         |   in|   19|   ap_memory|      x_M_real|         array|
|x_M_imag_address0   |  out|    8|   ap_memory|      x_M_imag|         array|
|x_M_imag_ce0        |  out|    1|   ap_memory|      x_M_imag|         array|
|x_M_imag_we0        |  out|    1|   ap_memory|      x_M_imag|         array|
|x_M_imag_d0         |  out|   19|   ap_memory|      x_M_imag|         array|
|x_M_imag_q0         |   in|   19|   ap_memory|      x_M_imag|         array|
|x_M_imag_address1   |  out|    8|   ap_memory|      x_M_imag|         array|
|x_M_imag_ce1        |  out|    1|   ap_memory|      x_M_imag|         array|
|x_M_imag_we1        |  out|    1|   ap_memory|      x_M_imag|         array|
|x_M_imag_d1         |  out|   19|   ap_memory|      x_M_imag|         array|
|x_M_imag_q1         |   in|   19|   ap_memory|      x_M_imag|         array|
+--------------------+-----+-----+------------+--------------+--------------+

