

================================================================
== Vitis HLS Report for 'fft_fast_Pipeline_VITIS_LOOP_8_1'
================================================================
* Date:           Tue May  5 21:39:07 2026

* Version:        2022.1 (Build 3526262 on Mon Apr 18 15:48:16 MDT 2022)
* Project:        doppler_fft_project
* Solution:       solution1 (Vivado IP Flow Target)
* Product family: zynq
* Target device:  xc7z020-clg484-1


================================================================
== Performance Estimates
================================================================
+ Timing: 
    * Summary: 
    +--------+----------+----------+------------+
    |  Clock |  Target  | Estimated| Uncertainty|
    +--------+----------+----------+------------+
    |ap_clk  |  10.00 ns|  6.508 ns|     2.70 ns|
    +--------+----------+----------+------------+

+ Latency: 
    * Summary: 
    +---------+---------+----------+----------+-----+-----+---------+
    |  Latency (cycles) |  Latency (absolute) |  Interval | Pipeline|
    |   min   |   max   |    min   |    max   | min | max |   Type  |
    +---------+---------+----------+----------+-----+-----+---------+
    |      771|      771|  7.710 us|  7.710 us|  771|  771|       no|
    +---------+---------+----------+----------+-----+-----+---------+

    + Detail: 
        * Instance: 
        N/A

        * Loop: 
        +------------------+---------+---------+----------+-----------+-----------+------+----------+
        |                  |  Latency (cycles) | Iteration|  Initiation Interval  | Trip |          |
        |     Loop Name    |   min   |   max   |  Latency |  achieved |   target  | Count| Pipelined|
        +------------------+---------+---------+----------+-----------+-----------+------+----------+
        |- VITIS_LOOP_8_1  |      769|      769|         4|          3|          1|   256|       yes|
        +------------------+---------+---------+----------+-----------+-----------+------+----------+



================================================================
== Utilization Estimates
================================================================
* Summary: 
+-----------------+---------+-----+--------+-------+-----+
|       Name      | BRAM_18K| DSP |   FF   |  LUT  | URAM|
+-----------------+---------+-----+--------+-------+-----+
|DSP              |        -|    -|       -|      -|    -|
|Expression       |        -|    -|       0|     38|    -|
|FIFO             |        -|    -|       -|      -|    -|
|Instance         |        -|    -|       -|      -|    -|
|Memory           |        1|    -|       0|      0|    -|
|Multiplexer      |        -|    -|       -|    130|    -|
|Register         |        -|    -|     105|      -|    -|
+-----------------+---------+-----+--------+-------+-----+
|Total            |        1|    0|     105|    168|    0|
+-----------------+---------+-----+--------+-------+-----+
|Available        |      280|  220|  106400|  53200|    0|
+-----------------+---------+-----+--------+-------+-----+
|Utilization (%)  |       ~0|    0|      ~0|     ~0|    0|
+-----------------+---------+-----+--------+-------+-----+

+ Detail: 
    * Instance: 
    N/A

    * DSP: 
    N/A

    * Memory: 
    +----------+-----------------------------------------------------+---------+---+----+-----+------+-----+------+-------------+
    |  Memory  |                        Module                       | BRAM_18K| FF| LUT| URAM| Words| Bits| Banks| W*Bits*Banks|
    +----------+-----------------------------------------------------+---------+---+----+-----+------+-----+------+-------------+
    |br_lut_U  |fft_fast_Pipeline_VITIS_LOOP_8_1_br_lut_ROM_AUTO_1R  |        1|  0|   0|    0|   256|    8|     1|         2048|
    +----------+-----------------------------------------------------+---------+---+----+-----+------+-----+------+-------------+
    |Total     |                                                     |        1|  0|   0|    0|   256|    8|     1|         2048|
    +----------+-----------------------------------------------------+---------+---+----+-----+------+-----+------+-------------+

    * FIFO: 
    N/A

    * Expression: 
    +---------------------+----------+----+---+----+------------+------------+
    |    Variable Name    | Operation| DSP| FF| LUT| Bitwidth P0| Bitwidth P1|
    +---------------------+----------+----+---+----+------------+------------+
    |add_ln8_fu_120_p2    |         +|   0|  0|  14|           9|           1|
    |icmp_ln10_fu_134_p2  |      icmp|   0|  0|  11|           8|           8|
    |icmp_ln8_fu_109_p2   |      icmp|   0|  0|  11|           9|          10|
    |ap_enable_pp0        |       xor|   0|  0|   2|           1|           2|
    +---------------------+----------+----+---+----+------------+------------+
    |Total                |          |   0|  0|  38|          27|          21|
    +---------------------+----------+----+---+----+------------+------------+

    * Multiplexer: 
    +-----------------------------+----+-----------+-----+-----------+
    |             Name            | LUT| Input Size| Bits| Total Bits|
    +-----------------------------+----+-----------+-----+-----------+
    |ap_NS_fsm                    |  20|          4|    1|          4|
    |ap_done_int                  |   9|          2|    1|          2|
    |ap_enable_reg_pp0_iter0      |   9|          2|    1|          2|
    |ap_enable_reg_pp0_iter0_reg  |   9|          2|    1|          2|
    |ap_enable_reg_pp0_iter1      |   9|          2|    1|          2|
    |ap_sig_allocacmp_i_1         |   9|          2|    9|         18|
    |i_fu_32                      |   9|          2|    9|         18|
    |x_M_imag_address0            |  14|          3|    8|         24|
    |x_M_imag_address1            |  14|          3|    8|         24|
    |x_M_real_address0            |  14|          3|    8|         24|
    |x_M_real_address1            |  14|          3|    8|         24|
    +-----------------------------+----+-----------+-----+-----------+
    |Total                        | 130|         28|   55|        144|
    +-----------------------------+----+-----------+-----+-----------+

    * Register: 
    +-----------------------------+----+----+-----+-----------+
    |             Name            | FF | LUT| Bits| Const Bits|
    +-----------------------------+----+----+-----+-----------+
    |ap_CS_fsm                    |   3|   0|    3|          0|
    |ap_done_reg                  |   1|   0|    1|          0|
    |ap_enable_reg_pp0_iter0_reg  |   1|   0|    1|          0|
    |ap_enable_reg_pp0_iter1      |   1|   0|    1|          0|
    |i_1_reg_152                  |   9|   0|    9|          0|
    |i_cast19_reg_162             |   9|   0|   64|         55|
    |i_fu_32                      |   9|   0|    9|          0|
    |icmp_ln10_reg_173            |   1|   0|    1|          0|
    |icmp_ln8_reg_158             |   1|   0|    1|          0|
    |x_M_imag_addr_1_reg_192      |   8|   0|    8|          0|
    |x_M_imag_addr_reg_182        |   8|   0|    8|          0|
    |x_M_imag_load_reg_202        |  19|   0|   19|          0|
    |x_M_real_addr_1_reg_187      |   8|   0|    8|          0|
    |x_M_real_addr_reg_177        |   8|   0|    8|          0|
    |x_M_real_load_reg_197        |  19|   0|   19|          0|
    +-----------------------------+----+----+-----+-----------+
    |Total                        | 105|   0|  160|         55|
    +-----------------------------+----+----+-----+-----------+



================================================================
== Interface
================================================================
* Summary: 
+-------------------+-----+-----+------------+----------------------------------+--------------+
|     RTL Ports     | Dir | Bits|  Protocol  |           Source Object          |    C Type    |
+-------------------+-----+-----+------------+----------------------------------+--------------+
|ap_clk             |   in|    1|  ap_ctrl_hs|  fft_fast_Pipeline_VITIS_LOOP_8_1|  return value|
|ap_rst             |   in|    1|  ap_ctrl_hs|  fft_fast_Pipeline_VITIS_LOOP_8_1|  return value|
|ap_start           |   in|    1|  ap_ctrl_hs|  fft_fast_Pipeline_VITIS_LOOP_8_1|  return value|
|ap_done            |  out|    1|  ap_ctrl_hs|  fft_fast_Pipeline_VITIS_LOOP_8_1|  return value|
|ap_idle            |  out|    1|  ap_ctrl_hs|  fft_fast_Pipeline_VITIS_LOOP_8_1|  return value|
|ap_ready           |  out|    1|  ap_ctrl_hs|  fft_fast_Pipeline_VITIS_LOOP_8_1|  return value|
|x_M_real_address0  |  out|    8|   ap_memory|                          x_M_real|         array|
|x_M_real_ce0       |  out|    1|   ap_memory|                          x_M_real|         array|
|x_M_real_we0       |  out|    1|   ap_memory|                          x_M_real|         array|
|x_M_real_d0        |  out|   19|   ap_memory|                          x_M_real|         array|
|x_M_real_q0        |   in|   19|   ap_memory|                          x_M_real|         array|
|x_M_real_address1  |  out|    8|   ap_memory|                          x_M_real|         array|
|x_M_real_ce1       |  out|    1|   ap_memory|                          x_M_real|         array|
|x_M_real_we1       |  out|    1|   ap_memory|                          x_M_real|         array|
|x_M_real_d1        |  out|   19|   ap_memory|                          x_M_real|         array|
|x_M_real_q1        |   in|   19|   ap_memory|                          x_M_real|         array|
|x_M_imag_address0  |  out|    8|   ap_memory|                          x_M_imag|         array|
|x_M_imag_ce0       |  out|    1|   ap_memory|                          x_M_imag|         array|
|x_M_imag_we0       |  out|    1|   ap_memory|                          x_M_imag|         array|
|x_M_imag_d0        |  out|   19|   ap_memory|                          x_M_imag|         array|
|x_M_imag_q0        |   in|   19|   ap_memory|                          x_M_imag|         array|
|x_M_imag_address1  |  out|    8|   ap_memory|                          x_M_imag|         array|
|x_M_imag_ce1       |  out|    1|   ap_memory|                          x_M_imag|         array|
|x_M_imag_we1       |  out|    1|   ap_memory|                          x_M_imag|         array|
|x_M_imag_d1        |  out|   19|   ap_memory|                          x_M_imag|         array|
|x_M_imag_q1        |   in|   19|   ap_memory|                          x_M_imag|         array|
+-------------------+-----+-----+------------+----------------------------------+--------------+

