Copyright 1986-2022 Xilinx, Inc. All Rights Reserved.
------------------------------------------------------------------------------------
| Tool Version : Vivado v.2022.1 (lin64) Build 3526262 Mon Apr 18 15:47:01 MDT 2022
| Date         : Thu Apr 30 12:53:56 2026
| Host         : adi-ubuntu running 64-bit Ubuntu 20.04.3 LTS
| Command      : upgrade_ip
| Device       : xc7z020clg484-1
------------------------------------------------------------------------------------

Upgrade Log for IP 'design_1_fft_1024_top_0_0'

1. Summary
----------

SUCCESS in the upgrade of design_1_fft_1024_top_0_0 (xilinx.com:hls:fft_1024_top:1.0) from (Rev. 2114588282) to (Rev. 2114588333)






Copyright 1986-2022 Xilinx, Inc. All Rights Reserved.
------------------------------------------------------------------------------------
| Tool Version : Vivado v.2022.1 (lin64) Build 3526262 Mon Apr 18 15:47:01 MDT 2022
| Date         : Thu Apr 30 12:51:54 2026
| Host         : adi-ubuntu running 64-bit Ubuntu 20.04.3 LTS
| Command      : upgrade_ip
| Device       : xc7z020clg484-1
------------------------------------------------------------------------------------

Upgrade Log for IP 'design_1_ifft_1024_top_0_0'

1. Summary
----------

SUCCESS in the upgrade of design_1_ifft_1024_top_0_0 (xilinx.com:hls:ifft_1024_top:1.0) from (Rev. 2114588255) to (Rev. 2114585560)






Copyright 1986-2022 Xilinx, Inc. All Rights Reserved.
------------------------------------------------------------------------------------
| Tool Version : Vivado v.2022.1 (lin64) Build 3526262 Mon Apr 18 15:47:01 MDT 2022
| Date         : Thu Apr 30 12:51:54 2026
| Host         : adi-ubuntu running 64-bit Ubuntu 20.04.3 LTS
| Command      : upgrade_ip
| Device       : xc7z020clg484-1
------------------------------------------------------------------------------------

Upgrade Log for IP 'design_1_doppler_fft_256_0_0'

1. Summary
----------

SUCCESS in the upgrade of design_1_doppler_fft_256_0_0 (xilinx.com:hls:doppler_fft_256:1.0) from (Rev. 2114588273) to (Rev. 2114585630)






Copyright 1986-2022 Xilinx, Inc. All Rights Reserved.
------------------------------------------------------------------------------------
| Tool Version : Vivado v.2022.1 (lin64) Build 3526262 Mon Apr 18 15:47:01 MDT 2022
| Date         : Thu Apr 30 12:51:54 2026
| Host         : adi-ubuntu running 64-bit Ubuntu 20.04.3 LTS
| Command      : upgrade_ip
| Device       : xc7z020clg484-1
------------------------------------------------------------------------------------

Upgrade Log for IP 'design_1_corr_multiplication_0_0'

1. Summary
----------

SUCCESS in the upgrade of design_1_corr_multiplication_0_0 (xilinx.com:hls:corr_multiplication:1.0) from (Rev. 2114588267) to (Rev. 2114583220)






Copyright 1986-2022 Xilinx, Inc. All Rights Reserved.
------------------------------------------------------------------------------------
| Tool Version : Vivado v.2022.1 (lin64) Build 3526262 Mon Apr 18 15:47:01 MDT 2022
| Date         : Thu Apr 30 12:03:06 2026
| Host         : adi-ubuntu running 64-bit Ubuntu 20.04.3 LTS
| Command      : upgrade_ip
| Device       : xc7z020clg484-1
------------------------------------------------------------------------------------

Upgrade Log for IP 'design_1_fft_1024_top_0_0'

1. Summary
----------

SUCCESS in the upgrade of design_1_fft_1024_top_0_0 (xilinx.com:hls:fft_1024_top:1.0) from (Rev. 2114588179) to (Rev. 2114588282)






Copyright 1986-2022 Xilinx, Inc. All Rights Reserved.
------------------------------------------------------------------------------------
| Tool Version : Vivado v.2022.1 (lin64) Build 3526262 Mon Apr 18 15:47:01 MDT 2022
| Date         : Thu Apr 30 11:58:43 2026
| Host         : adi-ubuntu running 64-bit Ubuntu 20.04.3 LTS
| Command      : upgrade_ip
| Device       : xc7z020clg484-1
------------------------------------------------------------------------------------

Upgrade Log for IP 'design_1_ifft_1024_top_0_0'

1. Summary
----------

SUCCESS in the upgrade of design_1_ifft_1024_top_0_0 (xilinx.com:hls:ifft_1024_top:1.0) from (Rev. 2114587476) to (Rev. 2114588255)






Copyright 1986-2022 Xilinx, Inc. All Rights Reserved.
------------------------------------------------------------------------------------
| Tool Version : Vivado v.2022.1 (lin64) Build 3526262 Mon Apr 18 15:47:01 MDT 2022
| Date         : Thu Apr 30 11:58:42 2026
| Host         : adi-ubuntu running 64-bit Ubuntu 20.04.3 LTS
| Command      : upgrade_ip
| Device       : xc7z020clg484-1
------------------------------------------------------------------------------------

Upgrade Log for IP 'design_1_doppler_fft_256_0_0'

1. Summary
----------

SUCCESS in the upgrade of design_1_doppler_fft_256_0_0 (xilinx.com:hls:doppler_fft_256:1.0) from (Rev. 2114587510) to (Rev. 2114588273)






Copyright 1986-2022 Xilinx, Inc. All Rights Reserved.
------------------------------------------------------------------------------------
| Tool Version : Vivado v.2022.1 (lin64) Build 3526262 Mon Apr 18 15:47:01 MDT 2022
| Date         : Thu Apr 30 11:58:42 2026
| Host         : adi-ubuntu running 64-bit Ubuntu 20.04.3 LTS
| Command      : upgrade_ip
| Device       : xc7z020clg484-1
------------------------------------------------------------------------------------

Upgrade Log for IP 'design_1_corr_multiplication_0_0'

1. Summary
----------

SUCCESS in the upgrade of design_1_corr_multiplication_0_0 (xilinx.com:hls:corr_multiplication:1.0) from (Rev. 2114587498) to (Rev. 2114588267)






Copyright 1986-2022 Xilinx, Inc. All Rights Reserved.
------------------------------------------------------------------------------------
| Tool Version : Vivado v.2022.1 (lin64) Build 3526262 Mon Apr 18 15:47:01 MDT 2022
| Date         : Thu Apr 30 10:19:51 2026
| Host         : adi-ubuntu running 64-bit Ubuntu 20.04.3 LTS
| Command      : upgrade_ip
| Device       : xc7z020clg484-1
------------------------------------------------------------------------------------

Upgrade Log for IP 'design_1_fft_1024_top_0_0'

1. Summary
----------

SUCCESS in the upgrade of design_1_fft_1024_top_0_0 (xilinx.com:hls:fft_1024_top:1.0) from (Rev. 2114583156) to (Rev. 2114588179)






Copyright 1986-2022 Xilinx, Inc. All Rights Reserved.
------------------------------------------------------------------------------------
| Tool Version : Vivado v.2022.1 (lin64) Build 3526262 Mon Apr 18 15:47:01 MDT 2022
| Date         : Thu Apr 30 10:14:12 2026
| Host         : adi-ubuntu running 64-bit Ubuntu 20.04.3 LTS
| Command      : upgrade_ip
| Device       : xc7z020clg484-1
------------------------------------------------------------------------------------

Upgrade Log for IP 'design_1_ifft_1024_top_0_0'

1. Summary
----------

SUCCESS in the upgrade of design_1_ifft_1024_top_0_0 (xilinx.com:hls:ifft_1024_top:1.0) from (Rev. 2114585560) to (Rev. 2114587476)






Copyright 1986-2022 Xilinx, Inc. All Rights Reserved.
------------------------------------------------------------------------------------
| Tool Version : Vivado v.2022.1 (lin64) Build 3526262 Mon Apr 18 15:47:01 MDT 2022
| Date         : Thu Apr 30 10:14:12 2026
| Host         : adi-ubuntu running 64-bit Ubuntu 20.04.3 LTS
| Command      : upgrade_ip
| Device       : xc7z020clg484-1
------------------------------------------------------------------------------------

Upgrade Log for IP 'design_1_doppler_fft_256_0_0'

1. Summary
----------

SUCCESS in the upgrade of design_1_doppler_fft_256_0_0 (xilinx.com:hls:doppler_fft_256:1.0) from (Rev. 2114585630) to (Rev. 2114587510)






Copyright 1986-2022 Xilinx, Inc. All Rights Reserved.
------------------------------------------------------------------------------------
| Tool Version : Vivado v.2022.1 (lin64) Build 3526262 Mon Apr 18 15:47:01 MDT 2022
| Date         : Thu Apr 30 10:14:12 2026
| Host         : adi-ubuntu running 64-bit Ubuntu 20.04.3 LTS
| Command      : upgrade_ip
| Device       : xc7z020clg484-1
------------------------------------------------------------------------------------

Upgrade Log for IP 'design_1_corr_multiplication_0_0'

1. Summary
----------

SUCCESS in the upgrade of design_1_corr_multiplication_0_0 (xilinx.com:hls:corr_multiplication:1.0) from (Rev. 2114583220) to (Rev. 2114587498)

