

================================================================
== Vitis HLS Report for 'ifft_fast'
================================================================
* Date:           Fri May  1 11:37:24 2026

* Version:        2022.1 (Build 3526262 on Mon Apr 18 15:47:01 MDT 2022)
* Project:        ifft_512
* Solution:       solution1 (Vivado IP Flow Target)
* Product family: zynq
* Target device:  xc7z020-clg484-1


================================================================
== Performance Estimates
================================================================
+ Timing: 
    * Summary: 
    +--------+----------+----------+------------+
    |  Clock |  Target  | Estimated| Uncertainty|
    +--------+----------+----------+------------+
    |ap_clk  |  10.00 ns|  7.256 ns|     2.70 ns|
    +--------+----------+----------+------------+

+ Latency: 
    * Summary: 
    +---------+---------+----------+----------+-----+-----+---------+
    |  Latency (cycles) |  Latency (absolute) |  Interval | Pipeline|
    |   min   |   max   |    min   |    max   | min | max |   Type  |
    +---------+---------+----------+----------+-----+-----+---------+
    |        ?|        ?|         ?|         ?|    ?|    ?|       no|
    +---------+---------+----------+----------+-----+-----+---------+

    + Detail: 
        * Instance: 
        +----------------------------------------------+------------------------------------+---------+---------+-----------+-----------+------+------+---------+
        |                                              |                                    |  Latency (cycles) |   Latency (absolute)  |   Interval  | Pipeline|
        |                   Instance                   |               Module               |   min   |   max   |    min    |    max    |  min |  max |   Type  |
        +----------------------------------------------+------------------------------------+---------+---------+-----------+-----------+------+------+---------+
        |grp_ifft_fast_Pipeline_VITIS_LOOP_12_2_fu_67  |ifft_fast_Pipeline_VITIS_LOOP_12_2  |     1539|     1539|  15.390 us|  15.390 us|  1539|  1539|       no|
        |grp_ifft_fast_Pipeline_VITIS_LOOP_43_6_fu_77  |ifft_fast_Pipeline_VITIS_LOOP_43_6  |      519|      519|   5.190 us|   5.190 us|   519|   519|       no|
        |grp_ifft_fast_Pipeline_VITIS_LOOP_28_5_fu_85  |ifft_fast_Pipeline_VITIS_LOOP_28_5  |       20|     4610|   0.200 us|  46.100 us|    20|  4610|       no|
        +----------------------------------------------+------------------------------------+---------+---------+-----------+-----------+------+------+---------+

        * Loop: 
        +--------------------+---------+---------+-----------+-----------+-----------+------+----------+
        |                    |  Latency (cycles) | Iteration |  Initiation Interval  | Trip |          |
        |      Loop Name     |   min   |   max   |  Latency  |  achieved |   target  | Count| Pipelined|
        +--------------------+---------+---------+-----------+-----------+-----------+------+----------+
        |- VITIS_LOOP_23_3   |        ?|        ?|          ?|          -|          -|     9|        no|
        | + VITIS_LOOP_27_4  |        ?|        ?|  23 ~ 4613|          -|          -|     ?|        no|
        +--------------------+---------+---------+-----------+-----------+-----------+------+----------+



================================================================
== Utilization Estimates
================================================================
* Summary: 
+-----------------+---------+-----+--------+-------+-----+
|       Name      | BRAM_18K| DSP |   FF   |  LUT  | URAM|
+-----------------+---------+-----+--------+-------+-----+
|DSP              |        -|    -|       -|      -|    -|
|Expression       |        -|    -|       0|    151|    -|
|FIFO             |        -|    -|       -|      -|    -|
|Instance         |        3|   16|    1929|   2684|    -|
|Memory           |        -|    -|       -|      -|    -|
|Multiplexer      |        -|    -|       -|    449|    -|
|Register         |        -|    -|     200|      -|    -|
+-----------------+---------+-----+--------+-------+-----+
|Total            |        3|   16|    2129|   3284|    0|
+-----------------+---------+-----+--------+-------+-----+
|Available        |      280|  220|  106400|  53200|    0|
+-----------------+---------+-----+--------+-------+-----+
|Utilization (%)  |        1|    7|       2|      6|    0|
+-----------------+---------+-----+--------+-------+-----+

+ Detail: 
    * Instance: 
    +----------------------------------------------+------------------------------------+---------+----+------+------+-----+
    |                   Instance                   |               Module               | BRAM_18K| DSP|  FF  |  LUT | URAM|
    +----------------------------------------------+------------------------------------+---------+----+------+------+-----+
    |fmul_32ns_32ns_32_4_max_dsp_1_U31             |fmul_32ns_32ns_32_4_max_dsp_1       |        0|   3|   143|   321|    0|
    |fmul_32ns_32ns_32_4_max_dsp_1_U32             |fmul_32ns_32ns_32_4_max_dsp_1       |        0|   3|   143|   321|    0|
    |grp_ifft_fast_Pipeline_VITIS_LOOP_12_2_fu_67  |ifft_fast_Pipeline_VITIS_LOOP_12_2  |        1|   0|   138|   167|    0|
    |grp_ifft_fast_Pipeline_VITIS_LOOP_28_5_fu_85  |ifft_fast_Pipeline_VITIS_LOOP_28_5  |        2|  10|  1208|  1749|    0|
    |grp_ifft_fast_Pipeline_VITIS_LOOP_43_6_fu_77  |ifft_fast_Pipeline_VITIS_LOOP_43_6  |        0|   0|   297|   126|    0|
    +----------------------------------------------+------------------------------------+---------+----+------+------+-----+
    |Total                                         |                                    |        3|  16|  1929|  2684|    0|
    +----------------------------------------------+------------------------------------+---------+----+------+------+-----+

    * DSP: 
    N/A

    * Memory: 
    N/A

    * FIFO: 
    N/A

    * Expression: 
    +---------------------+----------+----+---+----+------------+------------+
    |    Variable Name    | Operation| DSP| FF| LUT| Bitwidth P0| Bitwidth P1|
    +---------------------+----------+----+---+----+------------+------------+
    |add_ln27_fu_174_p2   |         +|   0|  0|  71|          64|          64|
    |s_3_fu_184_p2        |         +|   0|  0|  13|           4|           1|
    |ti_1_fu_179_p2       |         +|   0|  0|  12|          12|          12|
    |icmp_ln23_fu_116_p2  |      icmp|   0|  0|   9|           4|           4|
    |icmp_ln27_fu_164_p2  |      icmp|   0|  0|  25|          55|           1|
    |m_fu_126_p2          |       shl|   0|  0|  21|           1|          10|
    +---------------------+----------+----+---+----+------------+------------+
    |Total                |          |   0|  0| 151|         140|          92|
    +---------------------+----------+----+---+----+------------+------------+

    * Multiplexer: 
    +---------------+----+-----------+-----+-----------+
    |      Name     | LUT| Input Size| Bits| Total Bits|
    +---------------+----+-----------+-----+-----------+
    |ap_NS_fsm      |  42|          8|    1|          8|
    |grp_fu_252_ce  |  14|          3|    1|          3|
    |grp_fu_252_p0  |  14|          3|   32|         96|
    |grp_fu_252_p1  |  14|          3|   32|         96|
    |grp_fu_256_ce  |  14|          3|    1|          3|
    |grp_fu_256_p0  |  14|          3|   32|         96|
    |grp_fu_256_p1  |  14|          3|   32|         96|
    |k_reg_56       |   9|          2|   64|        128|
    |s_fu_52        |   9|          2|    4|          8|
    |ti_fu_48       |   9|          2|   12|         24|
    |x_0_address0   |  20|          4|    9|         36|
    |x_0_address1   |  20|          4|    9|         36|
    |x_0_ce0        |  20|          4|    1|          4|
    |x_0_ce1        |  20|          4|    1|          4|
    |x_0_d0         |  20|          4|   32|        128|
    |x_0_d1         |  14|          3|   32|         96|
    |x_0_we0        |  20|          4|    1|          4|
    |x_0_we1        |  14|          3|    1|          3|
    |x_1_address0   |  20|          4|    9|         36|
    |x_1_address1   |  20|          4|    9|         36|
    |x_1_ce0        |  20|          4|    1|          4|
    |x_1_ce1        |  20|          4|    1|          4|
    |x_1_d0         |  20|          4|   32|        128|
    |x_1_d1         |  14|          3|   32|         96|
    |x_1_we0        |  20|          4|    1|          4|
    |x_1_we1        |  14|          3|    1|          3|
    +---------------+----+-----------+-----+-----------+
    |Total          | 449|         92|  383|       1180|
    +---------------+----+-----------+-----+-----------+

    * Register: 
    +-----------------------------------------------------------+----+----+-----+-----------+
    |                            Name                           | FF | LUT| Bits| Const Bits|
    +-----------------------------------------------------------+----+----+-----+-----------+
    |add_ln27_reg_247                                           |  64|   0|   64|          0|
    |ap_CS_fsm                                                  |   7|   0|    7|          0|
    |grp_ifft_fast_Pipeline_VITIS_LOOP_12_2_fu_67_ap_start_reg  |   1|   0|    1|          0|
    |grp_ifft_fast_Pipeline_VITIS_LOOP_28_5_fu_85_ap_start_reg  |   1|   0|    1|          0|
    |grp_ifft_fast_Pipeline_VITIS_LOOP_43_6_fu_77_ap_start_reg  |   1|   0|    1|          0|
    |k_reg_56                                                   |  64|   0|   64|          0|
    |m2_reg_219                                                 |   9|   0|    9|          0|
    |s_fu_52                                                    |   4|   0|    4|          0|
    |ti_fu_48                                                   |  12|   0|   12|          0|
    |trunc_ln27_1_reg_242                                       |   9|   0|    9|          0|
    |trunc_ln27_reg_229                                         |   9|   0|    9|          0|
    |zext_ln25_reg_224                                          |   9|   0|   12|          3|
    |zext_ln27_reg_234                                          |  10|   0|   64|         54|
    +-----------------------------------------------------------+----+----+-----+-----------+
    |Total                                                      | 200|   0|  257|         57|
    +-----------------------------------------------------------+----+----+-----+-----------+



================================================================
== Interface
================================================================
* Summary: 
+--------------+-----+-----+------------+--------------+--------------+
|   RTL Ports  | Dir | Bits|  Protocol  | Source Object|    C Type    |
+--------------+-----+-----+------------+--------------+--------------+
|ap_clk        |   in|    1|  ap_ctrl_hs|     ifft_fast|  return value|
|ap_rst        |   in|    1|  ap_ctrl_hs|     ifft_fast|  return value|
|ap_start      |   in|    1|  ap_ctrl_hs|     ifft_fast|  return value|
|ap_done       |  out|    1|  ap_ctrl_hs|     ifft_fast|  return value|
|ap_idle       |  out|    1|  ap_ctrl_hs|     ifft_fast|  return value|
|ap_ready      |  out|    1|  ap_ctrl_hs|     ifft_fast|  return value|
|x_0_address0  |  out|    9|   ap_memory|           x_0|         array|
|x_0_ce0       |  out|    1|   ap_memory|           x_0|         array|
|x_0_we0       |  out|    1|   ap_memory|           x_0|         array|
|x_0_d0        |  out|   32|   ap_memory|           x_0|         array|
|x_0_q0        |   in|   32|   ap_memory|           x_0|         array|
|x_0_address1  |  out|    9|   ap_memory|           x_0|         array|
|x_0_ce1       |  out|    1|   ap_memory|           x_0|         array|
|x_0_we1       |  out|    1|   ap_memory|           x_0|         array|
|x_0_d1        |  out|   32|   ap_memory|           x_0|         array|
|x_0_q1        |   in|   32|   ap_memory|           x_0|         array|
|x_1_address0  |  out|    9|   ap_memory|           x_1|         array|
|x_1_ce0       |  out|    1|   ap_memory|           x_1|         array|
|x_1_we0       |  out|    1|   ap_memory|           x_1|         array|
|x_1_d0        |  out|   32|   ap_memory|           x_1|         array|
|x_1_q0        |   in|   32|   ap_memory|           x_1|         array|
|x_1_address1  |  out|    9|   ap_memory|           x_1|         array|
|x_1_ce1       |  out|    1|   ap_memory|           x_1|         array|
|x_1_we1       |  out|    1|   ap_memory|           x_1|         array|
|x_1_d1        |  out|   32|   ap_memory|           x_1|         array|
|x_1_q1        |   in|   32|   ap_memory|           x_1|         array|
+--------------+-----+-----+------------+--------------+--------------+

