

================================================================
== Vitis HLS Report for 'ifft_512_top_Pipeline_VITIS_LOOP_63_2'
================================================================
* Date:           Fri May  1 11:37:25 2026

* Version:        2022.1 (Build 3526262 on Mon Apr 18 15:47:01 MDT 2022)
* Project:        ifft_512
* Solution:       solution1 (Vivado IP Flow Target)
* Product family: zynq
* Target device:  xc7z020-clg484-1


================================================================
== Performance Estimates
================================================================
+ Timing: 
    * Summary: 
    +--------+----------+----------+------------+
    |  Clock |  Target  | Estimated| Uncertainty|
    +--------+----------+----------+------------+
    |ap_clk  |  10.00 ns|  3.359 ns|     2.70 ns|
    +--------+----------+----------+------------+

+ Latency: 
    * Summary: 
    +---------+---------+----------+----------+-----+-----+---------+
    |  Latency (cycles) |  Latency (absolute) |  Interval | Pipeline|
    |   min   |   max   |    min   |    max   | min | max |   Type  |
    +---------+---------+----------+----------+-----+-----+---------+
    |      514|      514|  5.140 us|  5.140 us|  514|  514|       no|
    +---------+---------+----------+----------+-----+-----+---------+

    + Detail: 
        * Instance: 
        N/A

        * Loop: 
        +-------------------+---------+---------+----------+-----------+-----------+------+----------+
        |                   |  Latency (cycles) | Iteration|  Initiation Interval  | Trip |          |
        |     Loop Name     |   min   |   max   |  Latency |  achieved |   target  | Count| Pipelined|
        +-------------------+---------+---------+----------+-----------+-----------+------+----------+
        |- VITIS_LOOP_63_2  |      512|      512|         2|          1|          1|   512|       yes|
        +-------------------+---------+---------+----------+-----------+-----------+------+----------+



================================================================
== Utilization Estimates
================================================================
* Summary: 
+-----------------+---------+-----+--------+-------+-----+
|       Name      | BRAM_18K| DSP |   FF   |  LUT  | URAM|
+-----------------+---------+-----+--------+-------+-----+
|DSP              |        -|    -|       -|      -|    -|
|Expression       |        -|    -|       0|     39|    -|
|FIFO             |        -|    -|       -|      -|    -|
|Instance         |        -|    -|       -|      -|    -|
|Memory           |        -|    -|       -|      -|    -|
|Multiplexer      |        -|    -|       -|     45|    -|
|Register         |        -|    -|      14|      -|    -|
+-----------------+---------+-----+--------+-------+-----+
|Total            |        0|    0|      14|     84|    0|
+-----------------+---------+-----+--------+-------+-----+
|Available        |      280|  220|  106400|  53200|    0|
+-----------------+---------+-----+--------+-------+-----+
|Utilization (%)  |        0|    0|      ~0|     ~0|    0|
+-----------------+---------+-----+--------+-------+-----+

+ Detail: 
    * Instance: 
    N/A

    * DSP: 
    N/A

    * Memory: 
    N/A

    * FIFO: 
    N/A

    * Expression: 
    +---------------------------+----------+----+---+----+------------+------------+
    |       Variable Name       | Operation| DSP| FF| LUT| Bitwidth P0| Bitwidth P1|
    +---------------------------+----------+----+---+----+------------+------------+
    |add_ln63_fu_118_p2         |         +|   0|  0|  13|          10|           1|
    |ap_block_pp0_stage0_01001  |       and|   0|  0|   2|           1|           1|
    |icmp_ln63_fu_112_p2        |      icmp|   0|  0|  11|          10|          11|
    |tmp_last_V_fu_130_p2       |      icmp|   0|  0|  11|          10|           9|
    |ap_enable_pp0              |       xor|   0|  0|   2|           1|           2|
    +---------------------------+----------+----+---+----+------------+------------+
    |Total                      |          |   0|  0|  39|          32|          24|
    +---------------------------+----------+----+---+----+------------+------------+

    * Multiplexer: 
    +-------------------------+----+-----------+-----+-----------+
    |           Name          | LUT| Input Size| Bits| Total Bits|
    +-------------------------+----+-----------+-----+-----------+
    |ap_done_int              |   9|          2|    1|          2|
    |ap_enable_reg_pp0_iter1  |   9|          2|    1|          2|
    |ap_sig_allocacmp_i       |   9|          2|   10|         20|
    |i_2_fu_56                |   9|          2|   10|         20|
    |output_r_TDATA_blk_n     |   9|          2|    1|          2|
    +-------------------------+----+-----------+-----+-----------+
    |Total                    |  45|         10|   23|         46|
    +-------------------------+----+-----------+-----+-----------+

    * Register: 
    +-------------------------+----+----+-----+-----------+
    |           Name          | FF | LUT| Bits| Const Bits|
    +-------------------------+----+----+-----+-----------+
    |ap_CS_fsm                |   1|   0|    1|          0|
    |ap_done_reg              |   1|   0|    1|          0|
    |ap_enable_reg_pp0_iter1  |   1|   0|    1|          0|
    |i_2_fu_56                |  10|   0|   10|          0|
    |tmp_last_V_reg_178       |   1|   0|    1|          0|
    +-------------------------+----+----+-----+-----------+
    |Total                    |  14|   0|   14|          0|
    +-------------------------+----+----+-----+-----------+



================================================================
== Interface
================================================================
* Summary: 
+-----------------------+-----+-----+------------+---------------------------------------+--------------+
|       RTL Ports       | Dir | Bits|  Protocol  |             Source Object             |    C Type    |
+-----------------------+-----+-----+------------+---------------------------------------+--------------+
|ap_clk                 |   in|    1|  ap_ctrl_hs|  ifft_512_top_Pipeline_VITIS_LOOP_63_2|  return value|
|ap_rst                 |   in|    1|  ap_ctrl_hs|  ifft_512_top_Pipeline_VITIS_LOOP_63_2|  return value|
|ap_start               |   in|    1|  ap_ctrl_hs|  ifft_512_top_Pipeline_VITIS_LOOP_63_2|  return value|
|ap_done                |  out|    1|  ap_ctrl_hs|  ifft_512_top_Pipeline_VITIS_LOOP_63_2|  return value|
|ap_idle                |  out|    1|  ap_ctrl_hs|  ifft_512_top_Pipeline_VITIS_LOOP_63_2|  return value|
|ap_ready               |  out|    1|  ap_ctrl_hs|  ifft_512_top_Pipeline_VITIS_LOOP_63_2|  return value|
|output_r_TREADY        |   in|    1|        axis|                      output_r_V_data_V|       pointer|
|output_r_TDATA         |  out|   64|        axis|                      output_r_V_data_V|       pointer|
|zc_M_value_address0    |  out|    9|   ap_memory|                             zc_M_value|         array|
|zc_M_value_ce0         |  out|    1|   ap_memory|                             zc_M_value|         array|
|zc_M_value_q0          |   in|   32|   ap_memory|                             zc_M_value|         array|
|zc_M_value_1_address0  |  out|    9|   ap_memory|                           zc_M_value_1|         array|
|zc_M_value_1_ce0       |  out|    1|   ap_memory|                           zc_M_value_1|         array|
|zc_M_value_1_q0        |   in|   32|   ap_memory|                           zc_M_value_1|         array|
|output_r_TVALID        |  out|    1|        axis|                      output_r_V_last_V|       pointer|
|output_r_TLAST         |  out|    1|        axis|                      output_r_V_last_V|       pointer|
|output_r_TKEEP         |  out|    8|        axis|                      output_r_V_keep_V|       pointer|
|output_r_TSTRB         |  out|    8|        axis|                      output_r_V_strb_V|       pointer|
+-----------------------+-----+-----+------------+---------------------------------------+--------------+

