

================================================================
== Synthesis Summary Report of 'mul512'
================================================================
+ General Information: 
    * Date:           Tue May  5 12:35:45 2026
    * Version:        2022.1 (Build 3526262 on Mon Apr 18 15:47:01 MDT 2022)
    * Project:        mul2_512
    * Solution:       solution1 (Vivado IP Flow Target)
    * Product family: zynq
    * Target device:  xc7z020-clg484-1
    

+ Performance & Resource Estimates: 
    
    PS: '+' for module; 'o' for loop; '*' for dataflow
    +------------------------------------+------+------+---------+-----------+----------+---------+------+----------+---------+---------+-----------+-----------+-----+
    |               Modules              | Issue|      | Latency |  Latency  | Iteration|         | Trip |          |         |         |           |           |     |
    |               & Loops              | Type | Slack| (cycles)|    (ns)   |  Latency | Interval| Count| Pipelined|  BRAM   |   DSP   |     FF    |    LUT    | URAM|
    +------------------------------------+------+------+---------+-----------+----------+---------+------+----------+---------+---------+-----------+-----------+-----+
    |+ mul512                            |     -|  0.04|     2074|  2.074e+04|         -|     2075|     -|        no|   6 (2%)|  16 (7%)|  1472 (1%)|  2842 (5%)|    -|
    | + mul512_Pipeline_1                |     -|  2.22|      513|  5.130e+03|         -|      513|     -|        no|        -|        -|   11 (~0%)|   52 (~0%)|    -|
    |  o Loop 1                          |     -|  7.30|      511|  5.110e+03|         1|        1|   511|       yes|        -|        -|          -|          -|    -|
    | + mul512_Pipeline_2                |     -|  2.22|      513|  5.130e+03|         -|      513|     -|        no|        -|        -|   11 (~0%)|   52 (~0%)|    -|
    |  o Loop 1                          |     -|  7.30|      511|  5.110e+03|         1|        1|   511|       yes|        -|        -|          -|          -|    -|
    | + mul512_Pipeline_VITIS_LOOP_15_1  |     -|  2.27|      514|  5.140e+03|         -|      514|     -|        no|        -|        -|   12 (~0%)|   64 (~0%)|    -|
    |  o VITIS_LOOP_15_1                 |     -|  7.30|      512|  5.120e+03|         1|        1|   512|       yes|        -|        -|          -|          -|    -|
    | + mul512_Pipeline_VITIS_LOOP_20_2  |     -|  0.04|      524|  5.240e+03|         -|      524|     -|        no|  2 (~0%)|  16 (7%)|  1409 (1%)|  2158 (4%)|    -|
    |  o VITIS_LOOP_20_2                 |     -|  7.30|      522|  5.220e+03|        12|        1|   512|       yes|        -|        -|          -|          -|    -|
    | + mul512_Pipeline_VITIS_LOOP_25_3  |     -|  3.94|      514|  5.140e+03|         -|      514|     -|        no|        -|        -|   14 (~0%)|   84 (~0%)|    -|
    |  o VITIS_LOOP_25_3                 |     -|  7.30|      512|  5.120e+03|         2|        1|   512|       yes|        -|        -|          -|          -|    -|
    +------------------------------------+------+------+---------+-----------+----------+---------+------+----------+---------+---------+-----------+-----------+-----+


================================================================
== HW Interfaces
================================================================
* AXIS
+-----------+---------------+-------+-------+-------+--------+-------+--------+
| Interface | Register Mode | TDATA | TKEEP | TLAST | TREADY | TSTRB | TVALID |
+-----------+---------------+-------+-------+-------+--------+-------+--------+
| input_r   | both          | 64    | 8     | 1     | 1      | 8     | 1      |
| output_r  | both          | 64    | 8     | 1     | 1      | 8     | 1      |
+-----------+---------------+-------+-------+-------+--------+-------+--------+

* TOP LEVEL CONTROL
+-----------+--------------+----------+
| Interface | Type         | Ports    |
+-----------+--------------+----------+
| ap_clk    | clock        | ap_clk   |
| ap_rst_n  | reset        | ap_rst_n |
| ap_ctrl   | ap_ctrl_none |          |
+-----------+--------------+----------+


================================================================
== SW I/O Information
================================================================
* Top Function Arguments
+----------+-----------+-----------------------------------------------------+
| Argument | Direction | Datatype                                            |
+----------+-----------+-----------------------------------------------------+
| input    | in        | stream<hls::axis<std::complex<float>, 0, 0, 0>, 0>& |
| output   | out       | stream<hls::axis<std::complex<float>, 0, 0, 0>, 0>& |
+----------+-----------+-----------------------------------------------------+

* SW-to-HW Mapping
+----------+--------------+-----------+
| Argument | HW Interface | HW Type   |
+----------+--------------+-----------+
| input    | input_r      | interface |
| output   | output_r     | interface |
+----------+--------------+-----------+


================================================================
== M_AXI Burst Information
================================================================
 Note: All burst requests might be further partitioned into multiple requests during RTL generation based on max_read_burst_length or max_write_burst_length settings.

  No burst in design

================================================================
== Bind Op Report
================================================================
+---------------------------------------+-----+--------+---------------+------+---------+---------+
| Name                                  | DSP | Pragma | Variable      | Op   | Impl    | Latency |
+---------------------------------------+-----+--------+---------------+------+---------+---------+
| + mul512                              | 16  |        |               |      |         |         |
|  + mul512_Pipeline_1                  | 0   |        |               |      |         |         |
|    add_ln0_fu_68_p2                   | -   |        | add_ln0       | add  | fabric  | 0       |
|  + mul512_Pipeline_2                  | 0   |        |               |      |         |         |
|    add_ln0_fu_68_p2                   | -   |        | add_ln0       | add  | fabric  | 0       |
|  + mul512_Pipeline_VITIS_LOOP_15_1    | 0   |        |               |      |         |         |
|    add_ln15_fu_110_p2                 | -   |        | add_ln15      | add  | fabric  | 0       |
|  + mul512_Pipeline_VITIS_LOOP_20_2    | 16  |        |               |      |         |         |
|    add_ln20_fu_158_p2                 | -   |        | add_ln20      | add  | fabric  | 0       |
|    fmul_32ns_32ns_32_4_max_dsp_1_U13  | 3   |        | mul_ac_i_i    | fmul | maxdsp  | 3       |
|    fmul_32ns_32ns_32_4_max_dsp_1_U14  | 3   |        | mul_bd_i_i    | fmul | maxdsp  | 3       |
|    fmul_32ns_32ns_32_4_max_dsp_1_U15  | 3   |        | mul_ad_i_i    | fmul | maxdsp  | 3       |
|    fmul_32ns_32ns_32_4_max_dsp_1_U16  | 3   |        | mul_bc_i_i    | fmul | maxdsp  | 3       |
|    fsub_32ns_32ns_32_5_full_dsp_1_U11 | 2   |        | p_r_M_value_2 | fsub | fulldsp | 4       |
|    fadd_32ns_32ns_32_5_full_dsp_1_U12 | 2   |        | p_r_M_value_3 | fadd | fulldsp | 4       |
|  + mul512_Pipeline_VITIS_LOOP_25_3    | 0   |        |               |      |         |         |
|    add_ln25_fu_118_p2                 | -   |        | add_ln25      | add  | fabric  | 0       |
+---------------------------------------+-----+--------+---------------+------+---------+---------+


================================================================
== Bind Storage Report
================================================================
+------------------------------------+------+------+--------+---------------------+---------+------+---------+
| Name                               | BRAM | URAM | Pragma | Variable            | Storage | Impl | Latency |
+------------------------------------+------+------+--------+---------------------+---------+------+---------+
| + mul512                           | 6    | 0    |        |                     |         |      |         |
|   zc_M_value_U                     | 1    | -    |        | zc_M_value          | ram_1p  | auto | 1       |
|   zc_M_value_1_U                   | 1    | -    |        | zc_M_value_1        | ram_1p  | auto | 1       |
|   output_zc_M_value_U              | 1    | -    |        | output_zc_M_value   | ram_1p  | auto | 1       |
|   output_zc_M_value_1_U            | 1    | -    |        | output_zc_M_value_1 | ram_1p  | auto | 1       |
|  + mul512_Pipeline_VITIS_LOOP_20_2 | 2    | 0    |        |                     |         |      |         |
|    zc_conj_M_value_1_U             | 1    | -    |        | zc_conj_M_value_1   | rom_1p  | auto | 1       |
|    zc_conj_M_value_U               | 1    | -    |        | zc_conj_M_value     | rom_1p  | auto | 1       |
+------------------------------------+------+------+--------+---------------------+---------+------+---------+


================================================================
== Pragma Report
================================================================
* Valid Pragma Syntax
+-----------+--------------------------------+--------------------------------------+
| Type      | Options                        | Location                             |
+-----------+--------------------------------+--------------------------------------+
| interface | ap_ctrl_none port=return       | mul2_512/mul.cpp:6 in mul512, return |
| interface | axis register both port=input  | mul2_512/mul.cpp:7 in mul512, input  |
| interface | axis register both port=output | mul2_512/mul.cpp:8 in mul512, output |
+-----------+--------------------------------+--------------------------------------+


