

================================================================
== Vitis HLS Report for 'mul512_Pipeline_2'
================================================================
* Date:           Tue May  5 12:35:44 2026

* Version:        2022.1 (Build 3526262 on Mon Apr 18 15:47:01 MDT 2022)
* Project:        mul2_512
* Solution:       solution1 (Vivado IP Flow Target)
* Product family: zynq
* Target device:  xc7z020-clg484-1


================================================================
== Performance Estimates
================================================================
+ Timing: 
    * Summary: 
    +--------+----------+----------+------------+
    |  Clock |  Target  | Estimated| Uncertainty|
    +--------+----------+----------+------------+
    |ap_clk  |  10.00 ns|  5.077 ns|     2.70 ns|
    +--------+----------+----------+------------+

+ Latency: 
    * Summary: 
    +---------+---------+----------+----------+-----+-----+---------+
    |  Latency (cycles) |  Latency (absolute) |  Interval | Pipeline|
    |   min   |   max   |    min   |    max   | min | max |   Type  |
    +---------+---------+----------+----------+-----+-----+---------+
    |      513|      513|  5.130 us|  5.130 us|  513|  513|       no|
    +---------+---------+----------+----------+-----+-----+---------+

    + Detail: 
        * Instance: 
        N/A

        * Loop: 
        +----------+---------+---------+----------+-----------+-----------+------+----------+
        |          |  Latency (cycles) | Iteration|  Initiation Interval  | Trip |          |
        | Loop Name|   min   |   max   |  Latency |  achieved |   target  | Count| Pipelined|
        +----------+---------+---------+----------+-----------+-----------+------+----------+
        |- Loop 1  |      511|      511|         1|          1|          1|   511|       yes|
        +----------+---------+---------+----------+-----------+-----------+------+----------+



================================================================
== Utilization Estimates
================================================================
* Summary: 
+-----------------+---------+-----+--------+-------+-----+
|       Name      | BRAM_18K| DSP |   FF   |  LUT  | URAM|
+-----------------+---------+-----+--------+-------+-----+
|DSP              |        -|    -|       -|      -|    -|
|Expression       |        -|    -|       0|     25|    -|
|FIFO             |        -|    -|       -|      -|    -|
|Instance         |        -|    -|       -|      -|    -|
|Memory           |        -|    -|       -|      -|    -|
|Multiplexer      |        -|    -|       -|     27|    -|
|Register         |        -|    -|      11|      -|    -|
+-----------------+---------+-----+--------+-------+-----+
|Total            |        0|    0|      11|     52|    0|
+-----------------+---------+-----+--------+-------+-----+
|Available        |      280|  220|  106400|  53200|    0|
+-----------------+---------+-----+--------+-------+-----+
|Utilization (%)  |        0|    0|      ~0|     ~0|    0|
+-----------------+---------+-----+--------+-------+-----+

+ Detail: 
    * Instance: 
    N/A

    * DSP: 
    N/A

    * Memory: 
    N/A

    * FIFO: 
    N/A

    * Expression: 
    +--------------------+----------+----+---+----+------------+------------+
    |    Variable Name   | Operation| DSP| FF| LUT| Bitwidth P0| Bitwidth P1|
    +--------------------+----------+----+---+----+------------+------------+
    |add_ln0_fu_68_p2    |         +|   0|  0|  14|           9|           1|
    |icmp_ln11_fu_80_p2  |      icmp|   0|  0|  11|           9|           3|
    +--------------------+----------+----+---+----+------------+------------+
    |Total               |          |   0|  0|  25|          18|           4|
    +--------------------+----------+----+---+----+------------+------------+

    * Multiplexer: 
    +------------------------------+----+-----------+-----+-----------+
    |             Name             | LUT| Input Size| Bits| Total Bits|
    +------------------------------+----+-----------+-----+-----------+
    |ap_done_int                   |   9|          2|    1|          2|
    |ap_sig_allocacmp_idx155_load  |   9|          2|    9|         18|
    |idx155_fu_28                  |   9|          2|    9|         18|
    +------------------------------+----+-----------+-----+-----------+
    |Total                         |  27|          6|   19|         38|
    +------------------------------+----+-----------+-----+-----------+

    * Register: 
    +--------------+---+----+-----+-----------+
    |     Name     | FF| LUT| Bits| Const Bits|
    +--------------+---+----+-----+-----------+
    |ap_CS_fsm     |  1|   0|    1|          0|
    |ap_done_reg   |  1|   0|    1|          0|
    |idx155_fu_28  |  9|   0|    9|          0|
    +--------------+---+----+-----+-----------+
    |Total         | 11|   0|   11|          0|
    +--------------+---+----+-----+-----------+



================================================================
== Interface
================================================================
* Summary: 
+------------------------------+-----+-----+------------+---------------------+--------------+
|           RTL Ports          | Dir | Bits|  Protocol  |    Source Object    |    C Type    |
+------------------------------+-----+-----+------------+---------------------+--------------+
|ap_clk                        |   in|    1|  ap_ctrl_hs|    mul512_Pipeline_2|  return value|
|ap_rst                        |   in|    1|  ap_ctrl_hs|    mul512_Pipeline_2|  return value|
|ap_start                      |   in|    1|  ap_ctrl_hs|    mul512_Pipeline_2|  return value|
|ap_done                       |  out|    1|  ap_ctrl_hs|    mul512_Pipeline_2|  return value|
|ap_idle                       |  out|    1|  ap_ctrl_hs|    mul512_Pipeline_2|  return value|
|ap_ready                      |  out|    1|  ap_ctrl_hs|    mul512_Pipeline_2|  return value|
|output_zc_M_value_address0    |  out|    9|   ap_memory|    output_zc_M_value|         array|
|output_zc_M_value_ce0         |  out|    1|   ap_memory|    output_zc_M_value|         array|
|output_zc_M_value_we0         |  out|    1|   ap_memory|    output_zc_M_value|         array|
|output_zc_M_value_d0          |  out|   32|   ap_memory|    output_zc_M_value|         array|
|output_zc_M_value_1_address0  |  out|    9|   ap_memory|  output_zc_M_value_1|         array|
|output_zc_M_value_1_ce0       |  out|    1|   ap_memory|  output_zc_M_value_1|         array|
|output_zc_M_value_1_we0       |  out|    1|   ap_memory|  output_zc_M_value_1|         array|
|output_zc_M_value_1_d0        |  out|   32|   ap_memory|  output_zc_M_value_1|         array|
+------------------------------+-----+-----+------------+---------------------+--------------+

