

================================================================
== Vitis HLS Report for 'mul512'
================================================================
* Date:           Tue May  5 12:35:44 2026

* Version:        2022.1 (Build 3526262 on Mon Apr 18 15:47:01 MDT 2022)
* Project:        mul2_512
* Solution:       solution1 (Vivado IP Flow Target)
* Product family: zynq
* Target device:  xc7z020-clg484-1


================================================================
== Performance Estimates
================================================================
+ Timing: 
    * Summary: 
    +--------+----------+----------+------------+
    |  Clock |  Target  | Estimated| Uncertainty|
    +--------+----------+----------+------------+
    |ap_clk  |  10.00 ns|  7.256 ns|     2.70 ns|
    +--------+----------+----------+------------+

+ Latency: 
    * Summary: 
    +---------+---------+-----------+-----------+------+------+---------+
    |  Latency (cycles) |   Latency (absolute)  |   Interval  | Pipeline|
    |   min   |   max   |    min    |    max    |  min |  max |   Type  |
    +---------+---------+-----------+-----------+------+------+---------+
    |     2074|     2074|  20.740 us|  20.740 us|  2075|  2075|       no|
    +---------+---------+-----------+-----------+------+------+---------+

    + Detail: 
        * Instance: 
        +--------------------------------------------+---------------------------------+---------+---------+----------+----------+-----+-----+---------+
        |                                            |                                 |  Latency (cycles) |  Latency (absolute) |  Interval | Pipeline|
        |                  Instance                  |              Module             |   min   |   max   |    min   |    max   | min | max |   Type  |
        +--------------------------------------------+---------------------------------+---------+---------+----------+----------+-----+-----+---------+
        |grp_mul512_Pipeline_1_fu_136                |mul512_Pipeline_1                |      513|      513|  5.130 us|  5.130 us|  513|  513|       no|
        |grp_mul512_Pipeline_2_fu_142                |mul512_Pipeline_2                |      513|      513|  5.130 us|  5.130 us|  513|  513|       no|
        |grp_mul512_Pipeline_VITIS_LOOP_15_1_fu_148  |mul512_Pipeline_VITIS_LOOP_15_1  |      514|      514|  5.140 us|  5.140 us|  514|  514|       no|
        |grp_mul512_Pipeline_VITIS_LOOP_20_2_fu_162  |mul512_Pipeline_VITIS_LOOP_20_2  |      524|      524|  5.240 us|  5.240 us|  524|  524|       no|
        |grp_mul512_Pipeline_VITIS_LOOP_25_3_fu_174  |mul512_Pipeline_VITIS_LOOP_25_3  |      514|      514|  5.140 us|  5.140 us|  514|  514|       no|
        +--------------------------------------------+---------------------------------+---------+---------+----------+----------+-----+-----+---------+

        * Loop: 
        N/A



================================================================
== Utilization Estimates
================================================================
* Summary: 
+-----------------+---------+-----+--------+-------+-----+
|       Name      | BRAM_18K| DSP |   FF   |  LUT  | URAM|
+-----------------+---------+-----+--------+-------+-----+
|DSP              |        -|    -|       -|      -|    -|
|Expression       |        -|    -|       0|      4|    -|
|FIFO             |        -|    -|       -|      -|    -|
|Instance         |        2|   16|    1457|   2410|    -|
|Memory           |        4|    -|       0|      0|    0|
|Multiplexer      |        -|    -|       -|    428|    -|
|Register         |        -|    -|      15|      -|    -|
+-----------------+---------+-----+--------+-------+-----+
|Total            |        6|   16|    1472|   2842|    0|
+-----------------+---------+-----+--------+-------+-----+
|Available        |      280|  220|  106400|  53200|    0|
+-----------------+---------+-----+--------+-------+-----+
|Utilization (%)  |        2|    7|       1|      5|    0|
+-----------------+---------+-----+--------+-------+-----+

+ Detail: 
    * Instance: 
    +--------------------------------------------+---------------------------------+---------+----+------+------+-----+
    |                  Instance                  |              Module             | BRAM_18K| DSP|  FF  |  LUT | URAM|
    +--------------------------------------------+---------------------------------+---------+----+------+------+-----+
    |grp_mul512_Pipeline_1_fu_136                |mul512_Pipeline_1                |        0|   0|    11|    52|    0|
    |grp_mul512_Pipeline_2_fu_142                |mul512_Pipeline_2                |        0|   0|    11|    52|    0|
    |grp_mul512_Pipeline_VITIS_LOOP_15_1_fu_148  |mul512_Pipeline_VITIS_LOOP_15_1  |        0|   0|    12|    64|    0|
    |grp_mul512_Pipeline_VITIS_LOOP_20_2_fu_162  |mul512_Pipeline_VITIS_LOOP_20_2  |        2|  16|  1409|  2158|    0|
    |grp_mul512_Pipeline_VITIS_LOOP_25_3_fu_174  |mul512_Pipeline_VITIS_LOOP_25_3  |        0|   0|    14|    84|    0|
    +--------------------------------------------+---------------------------------+---------+----+------+------+-----+
    |Total                                       |                                 |        2|  16|  1457|  2410|    0|
    +--------------------------------------------+---------------------------------+---------+----+------+------+-----+

    * DSP: 
    N/A

    * Memory: 
    +-----------------------+--------------------------+---------+---+----+-----+------+-----+------+-------------+
    |         Memory        |          Module          | BRAM_18K| FF| LUT| URAM| Words| Bits| Banks| W*Bits*Banks|
    +-----------------------+--------------------------+---------+---+----+-----+------+-----+------+-------------+
    |zc_M_value_U           |zc_M_value_RAM_AUTO_1R1W  |        1|  0|   0|    0|   512|   32|     1|        16384|
    |zc_M_value_1_U         |zc_M_value_RAM_AUTO_1R1W  |        1|  0|   0|    0|   512|   32|     1|        16384|
    |output_zc_M_value_U    |zc_M_value_RAM_AUTO_1R1W  |        1|  0|   0|    0|   512|   32|     1|        16384|
    |output_zc_M_value_1_U  |zc_M_value_RAM_AUTO_1R1W  |        1|  0|   0|    0|   512|   32|     1|        16384|
    +-----------------------+--------------------------+---------+---+----+-----+------+-----+------+-------------+
    |Total                  |                          |        4|  0|   0|    0|  2048|  128|     4|        65536|
    +-----------------------+--------------------------+---------+---+----+-----+------+-----+------+-------------+

    * FIFO: 
    N/A

    * Expression: 
    +------------------------------------------------------------+----------+----+---+----+------------+------------+
    |                        Variable Name                       | Operation| DSP| FF| LUT| Bitwidth P0| Bitwidth P1|
    +------------------------------------------------------------+----------+----+---+----+------------+------------+
    |grp_mul512_Pipeline_VITIS_LOOP_25_3_fu_174_output_r_TREADY  |       and|   0|  0|   2|           1|           1|
    |ap_block_state3_on_subcall_done                             |        or|   0|  0|   2|           1|           1|
    +------------------------------------------------------------+----------+----+---+----+------------+------------+
    |Total                                                       |          |   0|  0|   4|           2|           2|
    +------------------------------------------------------------+----------+----+---+----+------------+------------+

    * Multiplexer: 
    +------------------------------+----+-----------+-----+-----------+
    |             Name             | LUT| Input Size| Bits| Total Bits|
    +------------------------------+----+-----------+-----+-----------+
    |ap_NS_fsm                     |  59|         11|    1|         11|
    |input_r_TREADY_int_regslice   |   9|          2|    1|          2|
    |output_zc_M_value_1_address0  |  25|          5|    9|         45|
    |output_zc_M_value_1_ce0       |  25|          5|    1|          5|
    |output_zc_M_value_1_d0        |  20|          4|   32|        128|
    |output_zc_M_value_1_we0       |  20|          4|    1|          4|
    |output_zc_M_value_address0    |  25|          5|    9|         45|
    |output_zc_M_value_ce0         |  25|          5|    1|          5|
    |output_zc_M_value_d0          |  20|          4|   32|        128|
    |output_zc_M_value_we0         |  20|          4|    1|          4|
    |zc_M_value_1_address0         |  25|          5|    9|         45|
    |zc_M_value_1_ce0              |  25|          5|    1|          5|
    |zc_M_value_1_d0               |  20|          4|   32|        128|
    |zc_M_value_1_we0              |  20|          4|    1|          4|
    |zc_M_value_address0           |  25|          5|    9|         45|
    |zc_M_value_ce0                |  25|          5|    1|          5|
    |zc_M_value_d0                 |  20|          4|   32|        128|
    |zc_M_value_we0                |  20|          4|    1|          4|
    +------------------------------+----+-----------+-----+-----------+
    |Total                         | 428|         85|  174|        741|
    +------------------------------+----+-----------+-----+-----------+

    * Register: 
    +---------------------------------------------------------+----+----+-----+-----------+
    |                           Name                          | FF | LUT| Bits| Const Bits|
    +---------------------------------------------------------+----+----+-----+-----------+
    |ap_CS_fsm                                                |  10|   0|   10|          0|
    |grp_mul512_Pipeline_1_fu_136_ap_start_reg                |   1|   0|    1|          0|
    |grp_mul512_Pipeline_2_fu_142_ap_start_reg                |   1|   0|    1|          0|
    |grp_mul512_Pipeline_VITIS_LOOP_15_1_fu_148_ap_start_reg  |   1|   0|    1|          0|
    |grp_mul512_Pipeline_VITIS_LOOP_20_2_fu_162_ap_start_reg  |   1|   0|    1|          0|
    |grp_mul512_Pipeline_VITIS_LOOP_25_3_fu_174_ap_start_reg  |   1|   0|    1|          0|
    +---------------------------------------------------------+----+----+-----+-----------+
    |Total                                                    |  15|   0|   15|          0|
    +---------------------------------------------------------+----+----+-----+-----------+



================================================================
== Interface
================================================================
* Summary: 
+-----------------+-----+-----+--------------+-------------------+--------------+
|    RTL Ports    | Dir | Bits|   Protocol   |   Source Object   |    C Type    |
+-----------------+-----+-----+--------------+-------------------+--------------+
|ap_clk           |   in|    1|  ap_ctrl_none|             mul512|  return value|
|ap_rst_n         |   in|    1|  ap_ctrl_none|             mul512|  return value|
|input_r_TDATA    |   in|   64|          axis|   input_r_V_data_V|       pointer|
|input_r_TVALID   |   in|    1|          axis|   input_r_V_last_V|       pointer|
|input_r_TREADY   |  out|    1|          axis|   input_r_V_last_V|       pointer|
|input_r_TLAST    |   in|    1|          axis|   input_r_V_last_V|       pointer|
|input_r_TKEEP    |   in|    8|          axis|   input_r_V_keep_V|       pointer|
|input_r_TSTRB    |   in|    8|          axis|   input_r_V_strb_V|       pointer|
|output_r_TDATA   |  out|   64|          axis|  output_r_V_data_V|       pointer|
|output_r_TVALID  |  out|    1|          axis|  output_r_V_last_V|       pointer|
|output_r_TREADY  |   in|    1|          axis|  output_r_V_last_V|       pointer|
|output_r_TLAST   |  out|    1|          axis|  output_r_V_last_V|       pointer|
|output_r_TKEEP   |  out|    8|          axis|  output_r_V_keep_V|       pointer|
|output_r_TSTRB   |  out|    8|          axis|  output_r_V_strb_V|       pointer|
+-----------------+-----+-----+--------------+-------------------+--------------+

