

================================================================
== Vitis HLS Report for 'mul512_Pipeline_VITIS_LOOP_20_2'
================================================================
* Date:           Tue May  5 12:35:44 2026

* Version:        2022.1 (Build 3526262 on Mon Apr 18 15:47:01 MDT 2022)
* Project:        mul2_512
* Solution:       solution1 (Vivado IP Flow Target)
* Product family: zynq
* Target device:  xc7z020-clg484-1


================================================================
== Performance Estimates
================================================================
+ Timing: 
    * Summary: 
    +--------+----------+----------+------------+
    |  Clock |  Target  | Estimated| Uncertainty|
    +--------+----------+----------+------------+
    |ap_clk  |  10.00 ns|  7.256 ns|     2.70 ns|
    +--------+----------+----------+------------+

+ Latency: 
    * Summary: 
    +---------+---------+----------+----------+-----+-----+---------+
    |  Latency (cycles) |  Latency (absolute) |  Interval | Pipeline|
    |   min   |   max   |    min   |    max   | min | max |   Type  |
    +---------+---------+----------+----------+-----+-----+---------+
    |      524|      524|  5.240 us|  5.240 us|  524|  524|       no|
    +---------+---------+----------+----------+-----+-----+---------+

    + Detail: 
        * Instance: 
        N/A

        * Loop: 
        +-------------------+---------+---------+----------+-----------+-----------+------+----------+
        |                   |  Latency (cycles) | Iteration|  Initiation Interval  | Trip |          |
        |     Loop Name     |   min   |   max   |  Latency |  achieved |   target  | Count| Pipelined|
        +-------------------+---------+---------+----------+-----------+-----------+------+----------+
        |- VITIS_LOOP_20_2  |      522|      522|        12|          1|          1|   512|       yes|
        +-------------------+---------+---------+----------+-----------+-----------+------+----------+



================================================================
== Utilization Estimates
================================================================
* Summary: 
+-----------------+---------+-----+--------+-------+-----+
|       Name      | BRAM_18K| DSP |   FF   |  LUT  | URAM|
+-----------------+---------+-----+--------+-------+-----+
|DSP              |        -|    -|       -|      -|    -|
|Expression       |        -|    -|       0|     26|    -|
|FIFO             |        -|    -|       -|      -|    -|
|Instance         |        -|   16|     982|   2064|    -|
|Memory           |        2|    -|       0|      0|    -|
|Multiplexer      |        -|    -|       -|     36|    -|
|Register         |        -|    -|     427|     32|    -|
+-----------------+---------+-----+--------+-------+-----+
|Total            |        2|   16|    1409|   2158|    0|
+-----------------+---------+-----+--------+-------+-----+
|Available        |      280|  220|  106400|  53200|    0|
+-----------------+---------+-----+--------+-------+-----+
|Utilization (%)  |       ~0|    7|       1|      4|    0|
+-----------------+---------+-----+--------+-------+-----+

+ Detail: 
    * Instance: 
    +------------------------------------+--------------------------------+---------+----+-----+-----+-----+
    |              Instance              |             Module             | BRAM_18K| DSP|  FF | LUT | URAM|
    +------------------------------------+--------------------------------+---------+----+-----+-----+-----+
    |fadd_32ns_32ns_32_5_full_dsp_1_U12  |fadd_32ns_32ns_32_5_full_dsp_1  |        0|   2|  205|  390|    0|
    |fmul_32ns_32ns_32_4_max_dsp_1_U13   |fmul_32ns_32ns_32_4_max_dsp_1   |        0|   3|  143|  321|    0|
    |fmul_32ns_32ns_32_4_max_dsp_1_U14   |fmul_32ns_32ns_32_4_max_dsp_1   |        0|   3|  143|  321|    0|
    |fmul_32ns_32ns_32_4_max_dsp_1_U15   |fmul_32ns_32ns_32_4_max_dsp_1   |        0|   3|  143|  321|    0|
    |fmul_32ns_32ns_32_4_max_dsp_1_U16   |fmul_32ns_32ns_32_4_max_dsp_1   |        0|   3|  143|  321|    0|
    |fsub_32ns_32ns_32_5_full_dsp_1_U11  |fsub_32ns_32ns_32_5_full_dsp_1  |        0|   2|  205|  390|    0|
    +------------------------------------+--------------------------------+---------+----+-----+-----+-----+
    |Total                               |                                |        0|  16|  982| 2064|    0|
    +------------------------------------+--------------------------------+---------+----+-----+-----+-----+

    * DSP: 
    N/A

    * Memory: 
    +---------------------+---------------------------------------------------------------+---------+---+----+-----+------+-----+------+-------------+
    |        Memory       |                             Module                            | BRAM_18K| FF| LUT| URAM| Words| Bits| Banks| W*Bits*Banks|
    +---------------------+---------------------------------------------------------------+---------+---+----+-----+------+-----+------+-------------+
    |zc_conj_M_value_1_U  |mul512_Pipeline_VITIS_LOOP_20_2_zc_conj_M_value_1_ROM_AUTO_1R  |        1|  0|   0|    0|   512|   32|     1|        16384|
    |zc_conj_M_value_U    |mul512_Pipeline_VITIS_LOOP_20_2_zc_conj_M_value_ROM_AUTO_1R    |        1|  0|   0|    0|   512|   32|     1|        16384|
    +---------------------+---------------------------------------------------------------+---------+---+----+-----+------+-----+------+-------------+
    |Total                |                                                               |        2|  0|   0|    0|  1024|   64|     2|        32768|
    +---------------------+---------------------------------------------------------------+---------+---+----+-----+------+-----+------+-------------+

    * FIFO: 
    N/A

    * Expression: 
    +---------------------+----------+----+---+----+------------+------------+
    |    Variable Name    | Operation| DSP| FF| LUT| Bitwidth P0| Bitwidth P1|
    +---------------------+----------+----+---+----+------------+------------+
    |add_ln20_fu_158_p2   |         +|   0|  0|  13|          10|           1|
    |icmp_ln20_fu_152_p2  |      icmp|   0|  0|  11|          10|          11|
    |ap_enable_pp0        |       xor|   0|  0|   2|           1|           2|
    +---------------------+----------+----+---+----+------------+------------+
    |Total                |          |   0|  0|  26|          21|          14|
    +---------------------+----------+----+---+----+------------+------------+

    * Multiplexer: 
    +-------------------------+----+-----------+-----+-----------+
    |           Name          | LUT| Input Size| Bits| Total Bits|
    +-------------------------+----+-----------+-----+-----------+
    |ap_done_int              |   9|          2|    1|          2|
    |ap_enable_reg_pp0_iter1  |   9|          2|    1|          2|
    |ap_sig_allocacmp_i       |   9|          2|   10|         20|
    |i_1_fu_38                |   9|          2|   10|         20|
    +-------------------------+----+-----------+-----+-----------+
    |Total                    |  36|          8|   22|         44|
    +-------------------------+----+-----------+-----+-----------+

    * Register: 
    +-----------------------------------+----+----+-----+-----------+
    |                Name               | FF | LUT| Bits| Const Bits|
    +-----------------------------------+----+----+-----+-----------+
    |ap_CS_fsm                          |   1|   0|    1|          0|
    |ap_done_reg                        |   1|   0|    1|          0|
    |ap_enable_reg_pp0_iter1            |   1|   0|    1|          0|
    |ap_enable_reg_pp0_iter10           |   1|   0|    1|          0|
    |ap_enable_reg_pp0_iter11           |   1|   0|    1|          0|
    |ap_enable_reg_pp0_iter2            |   1|   0|    1|          0|
    |ap_enable_reg_pp0_iter3            |   1|   0|    1|          0|
    |ap_enable_reg_pp0_iter4            |   1|   0|    1|          0|
    |ap_enable_reg_pp0_iter5            |   1|   0|    1|          0|
    |ap_enable_reg_pp0_iter6            |   1|   0|    1|          0|
    |ap_enable_reg_pp0_iter7            |   1|   0|    1|          0|
    |ap_enable_reg_pp0_iter8            |   1|   0|    1|          0|
    |ap_enable_reg_pp0_iter9            |   1|   0|    1|          0|
    |ap_loop_exit_ready_pp0_iter10_reg  |   1|   0|    1|          0|
    |ap_loop_exit_ready_pp0_iter1_reg   |   1|   0|    1|          0|
    |ap_loop_exit_ready_pp0_iter2_reg   |   1|   0|    1|          0|
    |ap_loop_exit_ready_pp0_iter3_reg   |   1|   0|    1|          0|
    |ap_loop_exit_ready_pp0_iter4_reg   |   1|   0|    1|          0|
    |ap_loop_exit_ready_pp0_iter5_reg   |   1|   0|    1|          0|
    |ap_loop_exit_ready_pp0_iter6_reg   |   1|   0|    1|          0|
    |ap_loop_exit_ready_pp0_iter7_reg   |   1|   0|    1|          0|
    |ap_loop_exit_ready_pp0_iter8_reg   |   1|   0|    1|          0|
    |ap_loop_exit_ready_pp0_iter9_reg   |   1|   0|    1|          0|
    |i_1_cast_reg_188                   |  10|   0|   64|         54|
    |i_1_fu_38                          |  10|   0|   10|          0|
    |mul_ac_i_i_reg_238                 |  32|   0|   32|          0|
    |mul_ad_i_i_reg_248                 |  32|   0|   32|          0|
    |mul_bc_i_i_reg_253                 |  32|   0|   32|          0|
    |mul_bd_i_i_reg_243                 |  32|   0|   32|          0|
    |p_r_M_value_1_reg_220              |  32|   0|   32|          0|
    |p_r_M_value_2_reg_258              |  32|   0|   32|          0|
    |p_r_M_value_3_reg_263              |  32|   0|   32|          0|
    |p_r_M_value_reg_214                |  32|   0|   32|          0|
    |p_t_1_reg_232                      |  32|   0|   32|          0|
    |p_t_reg_226                        |  32|   0|   32|          0|
    |i_1_cast_reg_188                   |  64|  32|   64|         54|
    +-----------------------------------+----+----+-----+-----------+
    |Total                              | 427|  32|  481|        108|
    +-----------------------------------+----+----+-----+-----------+



================================================================
== Interface
================================================================
* Summary: 
+------------------------------+-----+-----+------------+---------------------------------+--------------+
|           RTL Ports          | Dir | Bits|  Protocol  |          Source Object          |    C Type    |
+------------------------------+-----+-----+------------+---------------------------------+--------------+
|ap_clk                        |   in|    1|  ap_ctrl_hs|  mul512_Pipeline_VITIS_LOOP_20_2|  return value|
|ap_rst                        |   in|    1|  ap_ctrl_hs|  mul512_Pipeline_VITIS_LOOP_20_2|  return value|
|ap_start                      |   in|    1|  ap_ctrl_hs|  mul512_Pipeline_VITIS_LOOP_20_2|  return value|
|ap_done                       |  out|    1|  ap_ctrl_hs|  mul512_Pipeline_VITIS_LOOP_20_2|  return value|
|ap_idle                       |  out|    1|  ap_ctrl_hs|  mul512_Pipeline_VITIS_LOOP_20_2|  return value|
|ap_ready                      |  out|    1|  ap_ctrl_hs|  mul512_Pipeline_VITIS_LOOP_20_2|  return value|
|zc_M_value_address0           |  out|    9|   ap_memory|                       zc_M_value|         array|
|zc_M_value_ce0                |  out|    1|   ap_memory|                       zc_M_value|         array|
|zc_M_value_q0                 |   in|   32|   ap_memory|                       zc_M_value|         array|
|zc_M_value_1_address0         |  out|    9|   ap_memory|                     zc_M_value_1|         array|
|zc_M_value_1_ce0              |  out|    1|   ap_memory|                     zc_M_value_1|         array|
|zc_M_value_1_q0               |   in|   32|   ap_memory|                     zc_M_value_1|         array|
|output_zc_M_value_address0    |  out|    9|   ap_memory|                output_zc_M_value|         array|
|output_zc_M_value_ce0         |  out|    1|   ap_memory|                output_zc_M_value|         array|
|output_zc_M_value_we0         |  out|    1|   ap_memory|                output_zc_M_value|         array|
|output_zc_M_value_d0          |  out|   32|   ap_memory|                output_zc_M_value|         array|
|output_zc_M_value_1_address0  |  out|    9|   ap_memory|              output_zc_M_value_1|         array|
|output_zc_M_value_1_ce0       |  out|    1|   ap_memory|              output_zc_M_value_1|         array|
|output_zc_M_value_1_we0       |  out|    1|   ap_memory|              output_zc_M_value_1|         array|
|output_zc_M_value_1_d0        |  out|   32|   ap_memory|              output_zc_M_value_1|         array|
+------------------------------+-----+-----+------------+---------------------------------+--------------+

