

================================================================
== Synthesis Summary Report of 'fft_512_top'
================================================================
+ General Information: 
    * Date:           Fri May  1 13:05:00 2026
    * Version:        2022.1 (Build 3526262 on Mon Apr 18 15:47:01 MDT 2022)
    * Project:        fft_512
    * Solution:       solution1 (Vivado IP Flow Target)
    * Product family: zynq
    * Target device:  xc7z020-clg484-1
    

+ Performance & Resource Estimates: 
    
    PS: '+' for module; 'o' for loop; '*' for dataflow
    +-----------------------------------------+------+------+---------+-----------+----------+---------+------+----------+---------+---------+-----------+-----------+-----+
    |                 Modules                 | Issue|      | Latency |  Latency  | Iteration|         | Trip |          |         |         |           |           |     |
    |                 & Loops                 | Type | Slack| (cycles)|    (ns)   |  Latency | Interval| Count| Pipelined|  BRAM   |   DSP   |     FF    |    LUT    | URAM|
    +-----------------------------------------+------+------+---------+-----------+----------+---------+------+----------+---------+---------+-----------+-----------+-----+
    |+ fft_512_top                            |     -|  0.04|        -|          -|         -|        -|     -|        no|   7 (2%)|  16 (7%)|  1881 (1%)|  3527 (6%)|    -|
    | + fft_512_top_Pipeline_1                |     -|  2.22|      513|  5.130e+03|         -|      513|     -|        no|        -|        -|   11 (~0%)|   52 (~0%)|    -|
    |  o Loop 1                               |     -|  7.30|      511|  5.110e+03|         1|        1|   511|       yes|        -|        -|          -|          -|    -|
    | + fft_512_top_Pipeline_VITIS_LOOP_44_1  |     -|  2.27|      514|  5.140e+03|         -|      514|     -|        no|        -|        -|   12 (~0%)|   64 (~0%)|    -|
    |  o VITIS_LOOP_44_1                      |     -|  7.30|      512|  5.120e+03|         1|        1|   512|       yes|        -|        -|          -|          -|    -|
    | + fft_fast                              |     -|  0.04|        -|          -|         -|        -|     -|        no|   3 (1%)|  16 (7%)|  1830 (1%)|  2997 (5%)|    -|
    |  + fft_fast_Pipeline_VITIS_LOOP_8_1     |     -|  0.79|     1539|  1.539e+04|         -|     1539|     -|        no|  1 (~0%)|        -|  138 (~0%)|  167 (~0%)|    -|
    |   o VITIS_LOOP_8_1                      |    II|  7.30|     1537|  1.537e+04|         4|        3|   512|       yes|        -|        -|          -|          -|    -|
    |  o VITIS_LOOP_19_2                      |     -|  7.30|        -|          -|         -|        -|     -|        no|        -|        -|          -|          -|    -|
    |   o VITIS_LOOP_22_3                     |     -|  7.30|        -|          -|      4613|        -|     -|        no|        -|        -|          -|          -|    -|
    |    + fft_fast_Pipeline_VITIS_LOOP_23_4  |     -|  0.04|     4610|  4.610e+04|         -|     4610|     -|        no|  2 (~0%)|  16 (7%)|  1494 (1%)|  2391 (4%)|    -|
    |     o VITIS_LOOP_23_4                   |    II|  7.30|     4608|  4.608e+04|        18|       18|   256|       yes|        -|        -|          -|          -|    -|
    | + fft_512_top_Pipeline_VITIS_LOOP_51_2  |     -|  3.94|      514|  5.140e+03|         -|      514|     -|        no|        -|        -|   14 (~0%)|   84 (~0%)|    -|
    |  o VITIS_LOOP_51_2                      |     -|  7.30|      512|  5.120e+03|         2|        1|   512|       yes|        -|        -|          -|          -|    -|
    +-----------------------------------------+------+------+---------+-----------+----------+---------+------+----------+---------+---------+-----------+-----------+-----+


================================================================
== HW Interfaces
================================================================
* AXIS
+-----------+---------------+-------+-------+-------+--------+-------+--------+
| Interface | Register Mode | TDATA | TKEEP | TLAST | TREADY | TSTRB | TVALID |
+-----------+---------------+-------+-------+-------+--------+-------+--------+
| input_r   | both          | 64    | 8     | 1     | 1      | 8     | 1      |
| output_r  | both          | 64    | 8     | 1     | 1      | 8     | 1      |
+-----------+---------------+-------+-------+-------+--------+-------+--------+

* TOP LEVEL CONTROL
+-----------+--------------+----------+
| Interface | Type         | Ports    |
+-----------+--------------+----------+
| ap_clk    | clock        | ap_clk   |
| ap_rst_n  | reset        | ap_rst_n |
| ap_ctrl   | ap_ctrl_none |          |
+-----------+--------------+----------+


================================================================
== SW I/O Information
================================================================
* Top Function Arguments
+----------+-----------+-----------------------------------------------------+
| Argument | Direction | Datatype                                            |
+----------+-----------+-----------------------------------------------------+
| input    | in        | stream<hls::axis<std::complex<float>, 0, 0, 0>, 0>& |
| output   | out       | stream<hls::axis<std::complex<float>, 0, 0, 0>, 0>& |
+----------+-----------+-----------------------------------------------------+

* SW-to-HW Mapping
+----------+--------------+-----------+
| Argument | HW Interface | HW Type   |
+----------+--------------+-----------+
| input    | input_r      | interface |
| output   | output_r     | interface |
+----------+--------------+-----------+


================================================================
== M_AXI Burst Information
================================================================
 Note: All burst requests might be further partitioned into multiple requests during RTL generation based on max_read_burst_length or max_write_burst_length settings.

  No burst in design

================================================================
== Bind Op Report
================================================================
+--------------------------------------------+-----+--------+---------------+------+---------+---------+
| Name                                       | DSP | Pragma | Variable      | Op   | Impl    | Latency |
+--------------------------------------------+-----+--------+---------------+------+---------+---------+
| + fft_512_top                              | 16  |        |               |      |         |         |
|  + fft_512_top_Pipeline_1                  | 0   |        |               |      |         |         |
|    add_ln0_fu_68_p2                        | -   |        | add_ln0       | add  | fabric  | 0       |
|  + fft_512_top_Pipeline_VITIS_LOOP_44_1    | 0   |        |               |      |         |         |
|    add_ln44_fu_110_p2                      | -   |        | add_ln44      | add  | fabric  | 0       |
|  + fft_fast                                | 16  |        |               |      |         |         |
|    add_ln22_fu_164_p2                      | -   |        | add_ln22      | add  | fabric  | 0       |
|    ti_1_fu_169_p2                          | -   |        | ti_1          | add  | fabric  | 0       |
|    s_3_fu_174_p2                           | -   |        | s_3           | add  | fabric  | 0       |
|   + fft_fast_Pipeline_VITIS_LOOP_8_1       | 0   |        |               |      |         |         |
|     add_ln8_fu_120_p2                      | -   |        | add_ln8       | add  | fabric  | 0       |
|   + fft_fast_Pipeline_VITIS_LOOP_23_4      | 16  |        |               |      |         |         |
|     add_ln23_fu_190_p2                     | -   |        | add_ln23      | add  | fabric  | 0       |
|     add_ln24_fu_196_p2                     | -   |        | add_ln24      | add  | fabric  | 0       |
|     add_ln25_fu_208_p2                     | -   |        | add_ln25      | add  | fabric  | 0       |
|     add_ln1097_fu_220_p2                   | -   |        | add_ln1097    | add  | fabric  | 0       |
|     fmul_32ns_32ns_32_4_max_dsp_1_U14      | 3   |        | mul_ac_i_i    | fmul | maxdsp  | 3       |
|     fmul_32ns_32ns_32_4_max_dsp_1_U15      | 3   |        | mul_bd_i_i    | fmul | maxdsp  | 3       |
|     fmul_32ns_32ns_32_4_max_dsp_1_U16      | 3   |        | mul_ad_i_i    | fmul | maxdsp  | 3       |
|     fmul_32ns_32ns_32_4_max_dsp_1_U17      | 3   |        | mul_bc_i_i    | fmul | maxdsp  | 3       |
|     faddfsub_32ns_32ns_32_5_full_dsp_1_U12 | 2   |        | p_r_M_value_6 | fsub | fulldsp | 4       |
|     faddfsub_32ns_32ns_32_5_full_dsp_1_U13 | 2   |        | p_r_M_value_7 | fadd | fulldsp | 4       |
|     faddfsub_32ns_32ns_32_5_full_dsp_1_U12 | 2   |        | p_r_M_value_2 | fsub | fulldsp | 4       |
|     faddfsub_32ns_32ns_32_5_full_dsp_1_U13 | 2   |        | p_r_M_value_3 | fadd | fulldsp | 4       |
|     faddfsub_32ns_32ns_32_5_full_dsp_1_U12 | 2   |        | p_r_M_value_4 | fsub | fulldsp | 4       |
|     faddfsub_32ns_32ns_32_5_full_dsp_1_U13 | 2   |        | p_r_M_value_5 | fadd | fulldsp | 4       |
|  + fft_512_top_Pipeline_VITIS_LOOP_51_2    | 0   |        |               |      |         |         |
|    add_ln51_fu_118_p2                      | -   |        | add_ln51      | add  | fabric  | 0       |
+--------------------------------------------+-----+--------+---------------+------+---------+---------+


================================================================
== Bind Storage Report
================================================================
+---------------------------------------+------+------+--------+--------------+---------+------+---------+
| Name                                  | BRAM | URAM | Pragma | Variable     | Storage | Impl | Latency |
+---------------------------------------+------+------+--------+--------------+---------+------+---------+
| + fft_512_top                         | 7    | 0    |        |              |         |      |         |
|   zc_M_value_U                        | 2    | -    |        | zc_M_value   | ram_t2p | auto | 1       |
|   zc_M_value_1_U                      | 2    | -    |        | zc_M_value_1 | ram_t2p | auto | 1       |
|  + fft_fast                           | 3    | 0    |        |              |         |      |         |
|   + fft_fast_Pipeline_VITIS_LOOP_8_1  | 1    | 0    |        |              |         |      |         |
|     br_lut_U                          | 1    | -    |        | br_lut       | rom_1p  | auto | 1       |
|   + fft_fast_Pipeline_VITIS_LOOP_23_4 | 2    | 0    |        |              |         |      |         |
|     tw_M_value_1_U                    | 1    | -    |        | tw_M_value_1 | rom_1p  | auto | 1       |
|     tw_M_value_U                      | 1    | -    |        | tw_M_value   | rom_1p  | auto | 1       |
+---------------------------------------+------+------+--------+--------------+---------+------+---------+


================================================================
== Pragma Report
================================================================
* Valid Pragma Syntax
+-----------+--------------------------------+-------------------------------------------+
| Type      | Options                        | Location                                  |
+-----------+--------------------------------+-------------------------------------------+
| interface | ap_ctrl_none port=return       | fft_512/fft.cpp:37 in fft_512_top, return |
| interface | axis register both port=input  | fft_512/fft.cpp:38 in fft_512_top, input  |
| interface | axis register both port=output | fft_512/fft.cpp:39 in fft_512_top, output |
+-----------+--------------------------------+-------------------------------------------+


