

================================================================
== Vitis HLS Report for 'fft_fast'
================================================================
* Date:           Fri May  1 13:04:59 2026

* Version:        2022.1 (Build 3526262 on Mon Apr 18 15:47:01 MDT 2022)
* Project:        fft_512
* Solution:       solution1 (Vivado IP Flow Target)
* Product family: zynq
* Target device:  xc7z020-clg484-1


================================================================
== Performance Estimates
================================================================
+ Timing: 
    * Summary: 
    +--------+----------+----------+------------+
    |  Clock |  Target  | Estimated| Uncertainty|
    +--------+----------+----------+------------+
    |ap_clk  |  10.00 ns|  7.256 ns|     2.70 ns|
    +--------+----------+----------+------------+

+ Latency: 
    * Summary: 
    +---------+---------+----------+----------+-----+-----+---------+
    |  Latency (cycles) |  Latency (absolute) |  Interval | Pipeline|
    |   min   |   max   |    min   |    max   | min | max |   Type  |
    +---------+---------+----------+----------+-----+-----+---------+
    |        ?|        ?|         ?|         ?|    ?|    ?|       no|
    +---------+---------+----------+----------+-----+-----+---------+

    + Detail: 
        * Instance: 
        +---------------------------------------------+-----------------------------------+---------+---------+-----------+-----------+------+------+---------+
        |                                             |                                   |  Latency (cycles) |   Latency (absolute)  |   Interval  | Pipeline|
        |                   Instance                  |               Module              |   min   |   max   |    min    |    max    |  min |  max |   Type  |
        +---------------------------------------------+-----------------------------------+---------+---------+-----------+-----------+------+------+---------+
        |grp_fft_fast_Pipeline_VITIS_LOOP_8_1_fu_65   |fft_fast_Pipeline_VITIS_LOOP_8_1   |     1539|     1539|  15.390 us|  15.390 us|  1539|  1539|       no|
        |grp_fft_fast_Pipeline_VITIS_LOOP_23_4_fu_75  |fft_fast_Pipeline_VITIS_LOOP_23_4  |       20|     4610|   0.200 us|  46.100 us|    20|  4610|       no|
        +---------------------------------------------+-----------------------------------+---------+---------+-----------+-----------+------+------+---------+

        * Loop: 
        +--------------------+---------+---------+-----------+-----------+-----------+------+----------+
        |                    |  Latency (cycles) | Iteration |  Initiation Interval  | Trip |          |
        |      Loop Name     |   min   |   max   |  Latency  |  achieved |   target  | Count| Pipelined|
        +--------------------+---------+---------+-----------+-----------+-----------+------+----------+
        |- VITIS_LOOP_19_2   |        ?|        ?|          ?|          -|          -|     9|        no|
        | + VITIS_LOOP_22_3  |        ?|        ?|  23 ~ 4613|          -|          -|     ?|        no|
        +--------------------+---------+---------+-----------+-----------+-----------+------+----------+



================================================================
== Utilization Estimates
================================================================
* Summary: 
+-----------------+---------+-----+--------+-------+-----+
|       Name      | BRAM_18K| DSP |   FF   |  LUT  | URAM|
+-----------------+---------+-----+--------+-------+-----+
|DSP              |        -|    -|       -|      -|    -|
|Expression       |        -|    -|       0|    151|    -|
|FIFO             |        -|    -|       -|      -|    -|
|Instance         |        3|   16|    1632|   2558|    -|
|Memory           |        -|    -|       -|      -|    -|
|Multiplexer      |        -|    -|       -|    288|    -|
|Register         |        -|    -|     198|      -|    -|
+-----------------+---------+-----+--------+-------+-----+
|Total            |        3|   16|    1830|   2997|    0|
+-----------------+---------+-----+--------+-------+-----+
|Available        |      280|  220|  106400|  53200|    0|
+-----------------+---------+-----+--------+-------+-----+
|Utilization (%)  |        1|    7|       1|      5|    0|
+-----------------+---------+-----+--------+-------+-----+

+ Detail: 
    * Instance: 
    +---------------------------------------------+-----------------------------------+---------+----+------+------+-----+
    |                   Instance                  |               Module              | BRAM_18K| DSP|  FF  |  LUT | URAM|
    +---------------------------------------------+-----------------------------------+---------+----+------+------+-----+
    |grp_fft_fast_Pipeline_VITIS_LOOP_23_4_fu_75  |fft_fast_Pipeline_VITIS_LOOP_23_4  |        2|  16|  1494|  2391|    0|
    |grp_fft_fast_Pipeline_VITIS_LOOP_8_1_fu_65   |fft_fast_Pipeline_VITIS_LOOP_8_1   |        1|   0|   138|   167|    0|
    +---------------------------------------------+-----------------------------------+---------+----+------+------+-----+
    |Total                                        |                                   |        3|  16|  1632|  2558|    0|
    +---------------------------------------------+-----------------------------------+---------+----+------+------+-----+

    * DSP: 
    N/A

    * Memory: 
    N/A

    * FIFO: 
    N/A

    * Expression: 
    +---------------------+----------+----+---+----+------------+------------+
    |    Variable Name    | Operation| DSP| FF| LUT| Bitwidth P0| Bitwidth P1|
    +---------------------+----------+----+---+----+------------+------------+
    |add_ln22_fu_164_p2   |         +|   0|  0|  71|          64|          64|
    |s_3_fu_174_p2        |         +|   0|  0|  13|           4|           1|
    |ti_1_fu_169_p2       |         +|   0|  0|  12|          12|          12|
    |icmp_ln19_fu_106_p2  |      icmp|   0|  0|   9|           4|           4|
    |icmp_ln22_fu_154_p2  |      icmp|   0|  0|  25|          55|           1|
    |m_fu_116_p2          |       shl|   0|  0|  21|           1|          10|
    +---------------------+----------+----+---+----+------------+------------+
    |Total                |          |   0|  0| 151|         140|          92|
    +---------------------+----------+----+---+----+------------+------------+

    * Multiplexer: 
    +--------------+----+-----------+-----+-----------+
    |     Name     | LUT| Input Size| Bits| Total Bits|
    +--------------+----+-----------+-----+-----------+
    |ap_NS_fsm     |  37|          7|    1|          7|
    |k_reg_54      |   9|          2|   64|        128|
    |s_fu_50       |   9|          2|    4|          8|
    |ti_fu_46      |   9|          2|   12|         24|
    |x_0_address0  |  14|          3|    9|         27|
    |x_0_address1  |  14|          3|    9|         27|
    |x_0_ce0       |  14|          3|    1|          3|
    |x_0_ce1       |  14|          3|    1|          3|
    |x_0_d0        |  14|          3|   32|         96|
    |x_0_d1        |  14|          3|   32|         96|
    |x_0_we0       |  14|          3|    1|          3|
    |x_0_we1       |  14|          3|    1|          3|
    |x_1_address0  |  14|          3|    9|         27|
    |x_1_address1  |  14|          3|    9|         27|
    |x_1_ce0       |  14|          3|    1|          3|
    |x_1_ce1       |  14|          3|    1|          3|
    |x_1_d0        |  14|          3|   32|         96|
    |x_1_d1        |  14|          3|   32|         96|
    |x_1_we0       |  14|          3|    1|          3|
    |x_1_we1       |  14|          3|    1|          3|
    +--------------+----+-----------+-----+-----------+
    |Total         | 288|         61|  253|        683|
    +--------------+----+-----------+-----+-----------+

    * Register: 
    +----------------------------------------------------------+----+----+-----+-----------+
    |                           Name                           | FF | LUT| Bits| Const Bits|
    +----------------------------------------------------------+----+----+-----+-----------+
    |add_ln22_reg_237                                          |  64|   0|   64|          0|
    |ap_CS_fsm                                                 |   6|   0|    6|          0|
    |grp_fft_fast_Pipeline_VITIS_LOOP_23_4_fu_75_ap_start_reg  |   1|   0|    1|          0|
    |grp_fft_fast_Pipeline_VITIS_LOOP_8_1_fu_65_ap_start_reg   |   1|   0|    1|          0|
    |k_reg_54                                                  |  64|   0|   64|          0|
    |m2_reg_209                                                |   9|   0|    9|          0|
    |s_fu_50                                                   |   4|   0|    4|          0|
    |ti_fu_46                                                  |  12|   0|   12|          0|
    |trunc_ln22_1_reg_232                                      |   9|   0|    9|          0|
    |trunc_ln22_reg_219                                        |   9|   0|    9|          0|
    |zext_ln21_reg_214                                         |   9|   0|   12|          3|
    |zext_ln22_reg_224                                         |  10|   0|   64|         54|
    +----------------------------------------------------------+----+----+-----+-----------+
    |Total                                                     | 198|   0|  255|         57|
    +----------------------------------------------------------+----+----+-----+-----------+



================================================================
== Interface
================================================================
* Summary: 
+--------------+-----+-----+------------+--------------+--------------+
|   RTL Ports  | Dir | Bits|  Protocol  | Source Object|    C Type    |
+--------------+-----+-----+------------+--------------+--------------+
|ap_clk        |   in|    1|  ap_ctrl_hs|      fft_fast|  return value|
|ap_rst        |   in|    1|  ap_ctrl_hs|      fft_fast|  return value|
|ap_start      |   in|    1|  ap_ctrl_hs|      fft_fast|  return value|
|ap_done       |  out|    1|  ap_ctrl_hs|      fft_fast|  return value|
|ap_idle       |  out|    1|  ap_ctrl_hs|      fft_fast|  return value|
|ap_ready      |  out|    1|  ap_ctrl_hs|      fft_fast|  return value|
|x_0_address0  |  out|    9|   ap_memory|           x_0|         array|
|x_0_ce0       |  out|    1|   ap_memory|           x_0|         array|
|x_0_we0       |  out|    1|   ap_memory|           x_0|         array|
|x_0_d0        |  out|   32|   ap_memory|           x_0|         array|
|x_0_q0        |   in|   32|   ap_memory|           x_0|         array|
|x_0_address1  |  out|    9|   ap_memory|           x_0|         array|
|x_0_ce1       |  out|    1|   ap_memory|           x_0|         array|
|x_0_we1       |  out|    1|   ap_memory|           x_0|         array|
|x_0_d1        |  out|   32|   ap_memory|           x_0|         array|
|x_0_q1        |   in|   32|   ap_memory|           x_0|         array|
|x_1_address0  |  out|    9|   ap_memory|           x_1|         array|
|x_1_ce0       |  out|    1|   ap_memory|           x_1|         array|
|x_1_we0       |  out|    1|   ap_memory|           x_1|         array|
|x_1_d0        |  out|   32|   ap_memory|           x_1|         array|
|x_1_q0        |   in|   32|   ap_memory|           x_1|         array|
|x_1_address1  |  out|    9|   ap_memory|           x_1|         array|
|x_1_ce1       |  out|    1|   ap_memory|           x_1|         array|
|x_1_we1       |  out|    1|   ap_memory|           x_1|         array|
|x_1_d1        |  out|   32|   ap_memory|           x_1|         array|
|x_1_q1        |   in|   32|   ap_memory|           x_1|         array|
+--------------+-----+-----+------------+--------------+--------------+

