

================================================================
== Vitis HLS Report for 'fft_fast_Pipeline_VITIS_LOOP_8_1'
================================================================
* Date:           Fri May  1 13:04:59 2026

* Version:        2022.1 (Build 3526262 on Mon Apr 18 15:47:01 MDT 2022)
* Project:        fft_512
* Solution:       solution1 (Vivado IP Flow Target)
* Product family: zynq
* Target device:  xc7z020-clg484-1


================================================================
== Performance Estimates
================================================================
+ Timing: 
    * Summary: 
    +--------+----------+----------+------------+
    |  Clock |  Target  | Estimated| Uncertainty|
    +--------+----------+----------+------------+
    |ap_clk  |  10.00 ns|  6.508 ns|     2.70 ns|
    +--------+----------+----------+------------+

+ Latency: 
    * Summary: 
    +---------+---------+-----------+-----------+------+------+---------+
    |  Latency (cycles) |   Latency (absolute)  |   Interval  | Pipeline|
    |   min   |   max   |    min    |    max    |  min |  max |   Type  |
    +---------+---------+-----------+-----------+------+------+---------+
    |     1539|     1539|  15.390 us|  15.390 us|  1539|  1539|       no|
    +---------+---------+-----------+-----------+------+------+---------+

    + Detail: 
        * Instance: 
        N/A

        * Loop: 
        +------------------+---------+---------+----------+-----------+-----------+------+----------+
        |                  |  Latency (cycles) | Iteration|  Initiation Interval  | Trip |          |
        |     Loop Name    |   min   |   max   |  Latency |  achieved |   target  | Count| Pipelined|
        +------------------+---------+---------+----------+-----------+-----------+------+----------+
        |- VITIS_LOOP_8_1  |     1537|     1537|         4|          3|          1|   512|       yes|
        +------------------+---------+---------+----------+-----------+-----------+------+----------+



================================================================
== Utilization Estimates
================================================================
* Summary: 
+-----------------+---------+-----+--------+-------+-----+
|       Name      | BRAM_18K| DSP |   FF   |  LUT  | URAM|
+-----------------+---------+-----+--------+-------+-----+
|DSP              |        -|    -|       -|      -|    -|
|Expression       |        -|    -|       0|     37|    -|
|FIFO             |        -|    -|       -|      -|    -|
|Instance         |        -|    -|       -|      -|    -|
|Memory           |        1|    -|       0|      0|    -|
|Multiplexer      |        -|    -|       -|    130|    -|
|Register         |        -|    -|     138|      -|    -|
+-----------------+---------+-----+--------+-------+-----+
|Total            |        1|    0|     138|    167|    0|
+-----------------+---------+-----+--------+-------+-----+
|Available        |      280|  220|  106400|  53200|    0|
+-----------------+---------+-----+--------+-------+-----+
|Utilization (%)  |       ~0|    0|      ~0|     ~0|    0|
+-----------------+---------+-----+--------+-------+-----+

+ Detail: 
    * Instance: 
    N/A

    * DSP: 
    N/A

    * Memory: 
    +----------+-----------------------------------------------------+---------+---+----+-----+------+-----+------+-------------+
    |  Memory  |                        Module                       | BRAM_18K| FF| LUT| URAM| Words| Bits| Banks| W*Bits*Banks|
    +----------+-----------------------------------------------------+---------+---+----+-----+------+-----+------+-------------+
    |br_lut_U  |fft_fast_Pipeline_VITIS_LOOP_8_1_br_lut_ROM_AUTO_1R  |        1|  0|   0|    0|   512|    9|     1|         4608|
    +----------+-----------------------------------------------------+---------+---+----+-----+------+-----+------+-------------+
    |Total     |                                                     |        1|  0|   0|    0|   512|    9|     1|         4608|
    +----------+-----------------------------------------------------+---------+---+----+-----+------+-----+------+-------------+

    * FIFO: 
    N/A

    * Expression: 
    +---------------------+----------+----+---+----+------------+------------+
    |    Variable Name    | Operation| DSP| FF| LUT| Bitwidth P0| Bitwidth P1|
    +---------------------+----------+----+---+----+------------+------------+
    |add_ln8_fu_120_p2    |         +|   0|  0|  13|          10|           1|
    |icmp_ln10_fu_134_p2  |      icmp|   0|  0|  11|           9|           9|
    |icmp_ln8_fu_109_p2   |      icmp|   0|  0|  11|          10|          11|
    |ap_enable_pp0        |       xor|   0|  0|   2|           1|           2|
    +---------------------+----------+----+---+----+------------+------------+
    |Total                |          |   0|  0|  37|          30|          23|
    +---------------------+----------+----+---+----+------------+------------+

    * Multiplexer: 
    +-----------------------------+----+-----------+-----+-----------+
    |             Name            | LUT| Input Size| Bits| Total Bits|
    +-----------------------------+----+-----------+-----+-----------+
    |ap_NS_fsm                    |  20|          4|    1|          4|
    |ap_done_int                  |   9|          2|    1|          2|
    |ap_enable_reg_pp0_iter0      |   9|          2|    1|          2|
    |ap_enable_reg_pp0_iter0_reg  |   9|          2|    1|          2|
    |ap_enable_reg_pp0_iter1      |   9|          2|    1|          2|
    |ap_sig_allocacmp_i_1         |   9|          2|   10|         20|
    |i_fu_32                      |   9|          2|   10|         20|
    |x_0_address0                 |  14|          3|    9|         27|
    |x_0_address1                 |  14|          3|    9|         27|
    |x_1_address0                 |  14|          3|    9|         27|
    |x_1_address1                 |  14|          3|    9|         27|
    +-----------------------------+----+-----------+-----+-----------+
    |Total                        | 130|         28|   61|        160|
    +-----------------------------+----+-----------+-----+-----------+

    * Register: 
    +-----------------------------+----+----+-----+-----------+
    |             Name            | FF | LUT| Bits| Const Bits|
    +-----------------------------+----+----+-----+-----------+
    |ap_CS_fsm                    |   3|   0|    3|          0|
    |ap_done_reg                  |   1|   0|    1|          0|
    |ap_enable_reg_pp0_iter0_reg  |   1|   0|    1|          0|
    |ap_enable_reg_pp0_iter1      |   1|   0|    1|          0|
    |i_1_reg_152                  |  10|   0|   10|          0|
    |i_cast2_reg_162              |  10|   0|   64|         54|
    |i_fu_32                      |  10|   0|   10|          0|
    |icmp_ln10_reg_173            |   1|   0|    1|          0|
    |icmp_ln8_reg_158             |   1|   0|    1|          0|
    |x_0_addr_1_reg_187           |   9|   0|    9|          0|
    |x_0_addr_reg_177             |   9|   0|    9|          0|
    |x_0_load_reg_197             |  32|   0|   32|          0|
    |x_1_addr_1_reg_192           |   9|   0|    9|          0|
    |x_1_addr_reg_182             |   9|   0|    9|          0|
    |x_1_load_reg_202             |  32|   0|   32|          0|
    +-----------------------------+----+----+-----+-----------+
    |Total                        | 138|   0|  192|         54|
    +-----------------------------+----+----+-----+-----------+



================================================================
== Interface
================================================================
* Summary: 
+--------------+-----+-----+------------+----------------------------------+--------------+
|   RTL Ports  | Dir | Bits|  Protocol  |           Source Object          |    C Type    |
+--------------+-----+-----+------------+----------------------------------+--------------+
|ap_clk        |   in|    1|  ap_ctrl_hs|  fft_fast_Pipeline_VITIS_LOOP_8_1|  return value|
|ap_rst        |   in|    1|  ap_ctrl_hs|  fft_fast_Pipeline_VITIS_LOOP_8_1|  return value|
|ap_start      |   in|    1|  ap_ctrl_hs|  fft_fast_Pipeline_VITIS_LOOP_8_1|  return value|
|ap_done       |  out|    1|  ap_ctrl_hs|  fft_fast_Pipeline_VITIS_LOOP_8_1|  return value|
|ap_idle       |  out|    1|  ap_ctrl_hs|  fft_fast_Pipeline_VITIS_LOOP_8_1|  return value|
|ap_ready      |  out|    1|  ap_ctrl_hs|  fft_fast_Pipeline_VITIS_LOOP_8_1|  return value|
|x_0_address0  |  out|    9|   ap_memory|                               x_0|         array|
|x_0_ce0       |  out|    1|   ap_memory|                               x_0|         array|
|x_0_we0       |  out|    1|   ap_memory|                               x_0|         array|
|x_0_d0        |  out|   32|   ap_memory|                               x_0|         array|
|x_0_q0        |   in|   32|   ap_memory|                               x_0|         array|
|x_0_address1  |  out|    9|   ap_memory|                               x_0|         array|
|x_0_ce1       |  out|    1|   ap_memory|                               x_0|         array|
|x_0_we1       |  out|    1|   ap_memory|                               x_0|         array|
|x_0_d1        |  out|   32|   ap_memory|                               x_0|         array|
|x_0_q1        |   in|   32|   ap_memory|                               x_0|         array|
|x_1_address0  |  out|    9|   ap_memory|                               x_1|         array|
|x_1_ce0       |  out|    1|   ap_memory|                               x_1|         array|
|x_1_we0       |  out|    1|   ap_memory|                               x_1|         array|
|x_1_d0        |  out|   32|   ap_memory|                               x_1|         array|
|x_1_q0        |   in|   32|   ap_memory|                               x_1|         array|
|x_1_address1  |  out|    9|   ap_memory|                               x_1|         array|
|x_1_ce1       |  out|    1|   ap_memory|                               x_1|         array|
|x_1_we1       |  out|    1|   ap_memory|                               x_1|         array|
|x_1_d1        |  out|   32|   ap_memory|                               x_1|         array|
|x_1_q1        |   in|   32|   ap_memory|                               x_1|         array|
+--------------+-----+-----+------------+----------------------------------+--------------+

