

================================================================
== Vitis HLS Report for 'ifft_fast_Pipeline_VITIS_LOOP_43_6'
================================================================
* Date:           Fri May  1 11:37:24 2026

* Version:        2022.1 (Build 3526262 on Mon Apr 18 15:47:01 MDT 2022)
* Project:        ifft_512
* Solution:       solution1 (Vivado IP Flow Target)
* Product family: zynq
* Target device:  xc7z020-clg484-1


================================================================
== Performance Estimates
================================================================
+ Timing: 
    * Summary: 
    +--------+----------+----------+------------+
    |  Clock |  Target  | Estimated| Uncertainty|
    +--------+----------+----------+------------+
    |ap_clk  |  10.00 ns|  5.702 ns|     2.70 ns|
    +--------+----------+----------+------------+

+ Latency: 
    * Summary: 
    +---------+---------+----------+----------+-----+-----+---------+
    |  Latency (cycles) |  Latency (absolute) |  Interval | Pipeline|
    |   min   |   max   |    min   |    max   | min | max |   Type  |
    +---------+---------+----------+----------+-----+-----+---------+
    |      519|      519|  5.190 us|  5.190 us|  519|  519|       no|
    +---------+---------+----------+----------+-----+-----+---------+

    + Detail: 
        * Instance: 
        N/A

        * Loop: 
        +-------------------+---------+---------+----------+-----------+-----------+------+----------+
        |                   |  Latency (cycles) | Iteration|  Initiation Interval  | Trip |          |
        |     Loop Name     |   min   |   max   |  Latency |  achieved |   target  | Count| Pipelined|
        +-------------------+---------+---------+----------+-----------+-----------+------+----------+
        |- VITIS_LOOP_43_6  |      517|      517|         7|          1|          1|   512|       yes|
        +-------------------+---------+---------+----------+-----------+-----------+------+----------+

============================================================
+ Verbose Summary: Synthesis Manager
============================================================
InlineROM: 1
ExposeGlobal: 0
============================================================
+ Verbose Summary: CDFG Model
============================================================
IsTopModel: 0
ResetActiveHigh: 1
IsCombinational: 0
IsDatapathOnly: 0
HasWiredReturn: 1
HasMFsm: 2
HasVarLatency: 1
IsPipeline: 0
IsRtlPipelined: 0
IsInstanceOverlapped: 0
IsDontTouch: 0
HasImplIP: 0
IsGatedGlobalClock: 0

+ Individual pipeline summary: 
  * Pipeline-0: initiation interval (II) = 1, depth = 7


============================================================
+ Verbose Summary: Schedule
============================================================
* Number of FSM states : 7
* Pipeline : 1
  Pipeline-0 : II = 1, D = 7, States = { 1 2 3 4 5 6 7 }
* Dataflow Pipeline: 0

* FSM state transitions: 
1 --> 2 
2 --> 3 
3 --> 4 
4 --> 5 
5 --> 6 
6 --> 7 
7 --> 

* FSM state operations: 

State 1 <SV = 0> <Delay = 3.35>
ST_1 : Operation 10 [1/1] (0.00ns)   --->   "%i = alloca i32 1"   --->   Operation 10 'alloca' 'i' <Predicate = true> <Delay = 0.00>
ST_1 : Operation 11 [1/1] (1.58ns)   --->   "%store_ln0 = store i10 0, i10 %i"   --->   Operation 11 'store' 'store_ln0' <Predicate = true> <Delay = 1.58>
ST_1 : Operation 12 [1/1] (0.00ns)   --->   "%br_ln0 = br void %for.inc60"   --->   Operation 12 'br' 'br_ln0' <Predicate = true> <Delay = 0.00>
ST_1 : Operation 13 [1/1] (0.00ns)   --->   "%i_1 = load i10 %i" [ifft_512/ifft.cpp:43]   --->   Operation 13 'load' 'i_1' <Predicate = true> <Delay = 0.00>
ST_1 : Operation 14 [1/1] (0.00ns)   --->   "%specpipeline_ln0 = specpipeline void @_ssdm_op_SpecPipeline, i32 4294967295, i32 0, i32 1, i32 0, void @p_str"   --->   Operation 14 'specpipeline' 'specpipeline_ln0' <Predicate = true> <Delay = 0.00>
ST_1 : Operation 15 [1/1] (1.77ns)   --->   "%icmp_ln43 = icmp_eq  i10 %i_1, i10 512" [ifft_512/ifft.cpp:43]   --->   Operation 15 'icmp' 'icmp_ln43' <Predicate = true> <Delay = 1.77> <CoreInst = "Cmp">   --->   Core 9 'Cmp' <Latency = 0> <II = 1> <Delay = 1.77> <FuncUnit> <Opcode : 'icmp'> <InPorts = 2> <OutPorts = 1>
ST_1 : Operation 16 [1/1] (0.00ns)   --->   "%empty = speclooptripcount i32 @_ssdm_op_SpecLoopTripCount, i64 512, i64 512, i64 512"   --->   Operation 16 'speclooptripcount' 'empty' <Predicate = true> <Delay = 0.00>
ST_1 : Operation 17 [1/1] (1.73ns)   --->   "%add_ln43 = add i10 %i_1, i10 1" [ifft_512/ifft.cpp:43]   --->   Operation 17 'add' 'add_ln43' <Predicate = true> <Delay = 1.73> <CoreInst = "Adder">   --->   Core 1 'Adder' <Latency = 0> <II = 1> <Delay = 1.73> <FuncUnit> <Opcode : 'add' 'sub'> <InPorts = 2> <OutPorts = 1>
ST_1 : Operation 18 [1/1] (0.00ns)   --->   "%br_ln43 = br i1 %icmp_ln43, void %for.inc60.split, void %for.end62.exitStub" [ifft_512/ifft.cpp:43]   --->   Operation 18 'br' 'br_ln43' <Predicate = true> <Delay = 0.00>
ST_1 : Operation 19 [1/1] (0.00ns)   --->   "%i_1_cast = zext i10 %i_1" [ifft_512/ifft.cpp:43]   --->   Operation 19 'zext' 'i_1_cast' <Predicate = (!icmp_ln43)> <Delay = 0.00>
ST_1 : Operation 20 [1/1] (0.00ns)   --->   "%x_0_addr = getelementptr i32 %x_0, i64 0, i64 %i_1_cast"   --->   Operation 20 'getelementptr' 'x_0_addr' <Predicate = (!icmp_ln43)> <Delay = 0.00>
ST_1 : Operation 21 [2/2] (3.25ns)   --->   "%x_0_load = load i9 %x_0_addr"   --->   Operation 21 'load' 'x_0_load' <Predicate = (!icmp_ln43)> <Delay = 3.25> <CoreInst = "RAM">   --->   Core 82 'RAM' <Latency = 1> <II = 1> <Delay = 3.25> <Storage> <Opcode : 'load' 'store'> <Ports = 2> <Width = 32> <Depth = 512> <RAM>
ST_1 : Operation 22 [1/1] (0.00ns)   --->   "%x_1_addr = getelementptr i32 %x_1, i64 0, i64 %i_1_cast"   --->   Operation 22 'getelementptr' 'x_1_addr' <Predicate = (!icmp_ln43)> <Delay = 0.00>
ST_1 : Operation 23 [2/2] (3.25ns)   --->   "%x_1_load = load i9 %x_1_addr"   --->   Operation 23 'load' 'x_1_load' <Predicate = (!icmp_ln43)> <Delay = 3.25> <CoreInst = "RAM">   --->   Core 82 'RAM' <Latency = 1> <II = 1> <Delay = 3.25> <Storage> <Opcode : 'load' 'store'> <Ports = 2> <Width = 32> <Depth = 512> <RAM>
ST_1 : Operation 24 [1/1] (1.58ns)   --->   "%store_ln43 = store i10 %add_ln43, i10 %i" [ifft_512/ifft.cpp:43]   --->   Operation 24 'store' 'store_ln43' <Predicate = (!icmp_ln43)> <Delay = 1.58>

State 2 <SV = 1> <Delay = 3.25>
ST_2 : Operation 25 [1/2] (3.25ns)   --->   "%x_0_load = load i9 %x_0_addr"   --->   Operation 25 'load' 'x_0_load' <Predicate = true> <Delay = 3.25> <CoreInst = "RAM">   --->   Core 82 'RAM' <Latency = 1> <II = 1> <Delay = 3.25> <Storage> <Opcode : 'load' 'store'> <Ports = 2> <Width = 32> <Depth = 512> <RAM>
ST_2 : Operation 26 [1/2] (3.25ns)   --->   "%x_1_load = load i9 %x_1_addr"   --->   Operation 26 'load' 'x_1_load' <Predicate = true> <Delay = 3.25> <CoreInst = "RAM">   --->   Core 82 'RAM' <Latency = 1> <II = 1> <Delay = 3.25> <Storage> <Opcode : 'load' 'store'> <Ports = 2> <Width = 32> <Depth = 512> <RAM>

State 3 <SV = 2> <Delay = 5.70>
ST_3 : Operation 27 [4/4] (5.70ns)   --->   "%mul_rl_i = fmul i32 %x_0_load, i32 0.00195312"   --->   Operation 27 'fmul' 'mul_rl_i' <Predicate = true> <Delay = 5.70> <CoreInst = "FMul_maxdsp">   --->   Core 30 'FMul_maxdsp' <Latency = 3> <II = 1> <Delay = 5.70> <FuncUnit> <Opcode : 'fmul'> <InPorts = 2> <OutPorts = 1>
ST_3 : Operation 28 [4/4] (5.70ns)   --->   "%mul_il_i = fmul i32 %x_1_load, i32 0.00195312"   --->   Operation 28 'fmul' 'mul_il_i' <Predicate = true> <Delay = 5.70> <CoreInst = "FMul_maxdsp">   --->   Core 30 'FMul_maxdsp' <Latency = 3> <II = 1> <Delay = 5.70> <FuncUnit> <Opcode : 'fmul'> <InPorts = 2> <OutPorts = 1>

State 4 <SV = 3> <Delay = 5.70>
ST_4 : Operation 29 [3/4] (5.70ns)   --->   "%mul_rl_i = fmul i32 %x_0_load, i32 0.00195312"   --->   Operation 29 'fmul' 'mul_rl_i' <Predicate = true> <Delay = 5.70> <CoreInst = "FMul_maxdsp">   --->   Core 30 'FMul_maxdsp' <Latency = 3> <II = 1> <Delay = 5.70> <FuncUnit> <Opcode : 'fmul'> <InPorts = 2> <OutPorts = 1>
ST_4 : Operation 30 [3/4] (5.70ns)   --->   "%mul_il_i = fmul i32 %x_1_load, i32 0.00195312"   --->   Operation 30 'fmul' 'mul_il_i' <Predicate = true> <Delay = 5.70> <CoreInst = "FMul_maxdsp">   --->   Core 30 'FMul_maxdsp' <Latency = 3> <II = 1> <Delay = 5.70> <FuncUnit> <Opcode : 'fmul'> <InPorts = 2> <OutPorts = 1>

State 5 <SV = 4> <Delay = 5.70>
ST_5 : Operation 31 [2/4] (5.70ns)   --->   "%mul_rl_i = fmul i32 %x_0_load, i32 0.00195312"   --->   Operation 31 'fmul' 'mul_rl_i' <Predicate = true> <Delay = 5.70> <CoreInst = "FMul_maxdsp">   --->   Core 30 'FMul_maxdsp' <Latency = 3> <II = 1> <Delay = 5.70> <FuncUnit> <Opcode : 'fmul'> <InPorts = 2> <OutPorts = 1>
ST_5 : Operation 32 [2/4] (5.70ns)   --->   "%mul_il_i = fmul i32 %x_1_load, i32 0.00195312"   --->   Operation 32 'fmul' 'mul_il_i' <Predicate = true> <Delay = 5.70> <CoreInst = "FMul_maxdsp">   --->   Core 30 'FMul_maxdsp' <Latency = 3> <II = 1> <Delay = 5.70> <FuncUnit> <Opcode : 'fmul'> <InPorts = 2> <OutPorts = 1>

State 6 <SV = 5> <Delay = 5.70>
ST_6 : Operation 33 [1/4] (5.70ns)   --->   "%mul_rl_i = fmul i32 %x_0_load, i32 0.00195312"   --->   Operation 33 'fmul' 'mul_rl_i' <Predicate = true> <Delay = 5.70> <CoreInst = "FMul_maxdsp">   --->   Core 30 'FMul_maxdsp' <Latency = 3> <II = 1> <Delay = 5.70> <FuncUnit> <Opcode : 'fmul'> <InPorts = 2> <OutPorts = 1>
ST_6 : Operation 34 [1/4] (5.70ns)   --->   "%mul_il_i = fmul i32 %x_1_load, i32 0.00195312"   --->   Operation 34 'fmul' 'mul_il_i' <Predicate = true> <Delay = 5.70> <CoreInst = "FMul_maxdsp">   --->   Core 30 'FMul_maxdsp' <Latency = 3> <II = 1> <Delay = 5.70> <FuncUnit> <Opcode : 'fmul'> <InPorts = 2> <OutPorts = 1>
ST_6 : Operation 39 [1/1] (0.00ns)   --->   "%ret_ln0 = ret"   --->   Operation 39 'ret' 'ret_ln0' <Predicate = (icmp_ln43)> <Delay = 0.00>

State 7 <SV = 6> <Delay = 3.25>
ST_7 : Operation 35 [1/1] (0.00ns)   --->   "%specloopname_ln43 = specloopname void @_ssdm_op_SpecLoopName, void @empty_5" [ifft_512/ifft.cpp:43]   --->   Operation 35 'specloopname' 'specloopname_ln43' <Predicate = true> <Delay = 0.00>
ST_7 : Operation 36 [1/1] (3.25ns)   --->   "%store_ln1148 = store i32 %mul_rl_i, i9 %x_0_addr"   --->   Operation 36 'store' 'store_ln1148' <Predicate = true> <Delay = 3.25> <CoreInst = "RAM">   --->   Core 82 'RAM' <Latency = 1> <II = 1> <Delay = 3.25> <Storage> <Opcode : 'load' 'store'> <Ports = 2> <Width = 32> <Depth = 512> <RAM>
ST_7 : Operation 37 [1/1] (3.25ns)   --->   "%store_ln1148 = store i32 %mul_il_i, i9 %x_1_addr"   --->   Operation 37 'store' 'store_ln1148' <Predicate = true> <Delay = 3.25> <CoreInst = "RAM">   --->   Core 82 'RAM' <Latency = 1> <II = 1> <Delay = 3.25> <Storage> <Opcode : 'load' 'store'> <Ports = 2> <Width = 32> <Depth = 512> <RAM>
ST_7 : Operation 38 [1/1] (0.00ns)   --->   "%br_ln43 = br void %for.inc60" [ifft_512/ifft.cpp:43]   --->   Operation 38 'br' 'br_ln43' <Predicate = true> <Delay = 0.00>


============================================================
+ Verbose Summary: Binding
============================================================
STG Binding: 
---------------- STG Properties BEGIN ----------------
- Is combinational: 0
- Is one-state seq: 0
- Is datapath-only: 0
- Is pipelined: 0
- Is top level: 0
Port [ Return ] is wired: 1; IO mode=ap_ctrl_hs:ce=0
Port [ x_0]:  wired=1; compound=1; hidden=0; nouse=0; global=0; static=0; extern=0; dir=2; type=1; pingpong=0; private_global=0; MemPort=[01]; IO mode=ap_memory:ce=0
Port [ x_1]:  wired=1; compound=1; hidden=0; nouse=0; global=0; static=0; extern=0; dir=2; type=1; pingpong=0; private_global=0; MemPort=[01]; IO mode=ap_memory:ce=0
---------------- STG Properties END ------------------

---------------- Datapath Model BEGIN ----------------

<LifeTime>
<method=bitvector/>
i                 (alloca           ) [ 01000000]
store_ln0         (store            ) [ 00000000]
br_ln0            (br               ) [ 00000000]
i_1               (load             ) [ 00000000]
specpipeline_ln0  (specpipeline     ) [ 00000000]
icmp_ln43         (icmp             ) [ 01111110]
empty             (speclooptripcount) [ 00000000]
add_ln43          (add              ) [ 00000000]
br_ln43           (br               ) [ 00000000]
i_1_cast          (zext             ) [ 00000000]
x_0_addr          (getelementptr    ) [ 01111111]
x_1_addr          (getelementptr    ) [ 01111111]
store_ln43        (store            ) [ 00000000]
x_0_load          (load             ) [ 01011110]
x_1_load          (load             ) [ 01011110]
mul_rl_i          (fmul             ) [ 01000001]
mul_il_i          (fmul             ) [ 01000001]
specloopname_ln43 (specloopname     ) [ 00000000]
store_ln1148      (store            ) [ 00000000]
store_ln1148      (store            ) [ 00000000]
br_ln43           (br               ) [ 00000000]
ret_ln0           (ret              ) [ 00000000]
</LifeTime>

<model>

<comp_list>
<comp id="0" class="1000" name="x_0">
<pin_list>
<pin id="1" dir="1" index="0" bw="1" slack="0"/>
</pin_list>
<bind>
<StgValue><ssdm name="x_0"/><MemPortTyVec>0 1 </MemPortTyVec>
</StgValue>
</bind>
</comp>

<comp id="2" class="1000" name="x_1">
<pin_list>
<pin id="3" dir="1" index="0" bw="1" slack="0"/>
</pin_list>
<bind>
<StgValue><ssdm name="x_1"/><MemPortTyVec>0 1 </MemPortTyVec>
</StgValue>
</bind>
</comp>

<comp id="4" class="1001" name="const_4">
<pin_list>
<pin id="5" dir="1" index="0" bw="1" slack="0"/>
</pin_list>
<bind>
<StgValue><ssdm name=""/></StgValue>
</bind>
</comp>

<comp id="6" class="1001" name="const_6">
<pin_list>
<pin id="7" dir="1" index="0" bw="1" slack="0"/>
</pin_list>
<bind>
<StgValue><ssdm name=""/></StgValue>
</bind>
</comp>

<comp id="8" class="1001" name="const_8">
<pin_list>
<pin id="9" dir="1" index="0" bw="1" slack="2147483647"/>
</pin_list>
<bind>
<StgValue><ssdm name="_ssdm_op_SpecPipeline"/></StgValue>
</bind>
</comp>

<comp id="10" class="1001" name="const_10">
<pin_list>
<pin id="11" dir="1" index="0" bw="1" slack="2147483647"/>
</pin_list>
<bind>
<StgValue><ssdm name=""/></StgValue>
</bind>
</comp>

<comp id="12" class="1001" name="const_12">
<pin_list>
<pin id="13" dir="1" index="0" bw="1" slack="2147483647"/>
</pin_list>
<bind>
<StgValue><ssdm name=""/></StgValue>
</bind>
</comp>

<comp id="14" class="1001" name="const_14">
<pin_list>
<pin id="15" dir="1" index="0" bw="1" slack="2147483647"/>
</pin_list>
<bind>
<StgValue><ssdm name="p_str"/></StgValue>
</bind>
</comp>

<comp id="16" class="1001" name="const_16">
<pin_list>
<pin id="17" dir="1" index="0" bw="1" slack="0"/>
</pin_list>
<bind>
<StgValue><ssdm name=""/></StgValue>
</bind>
</comp>

<comp id="18" class="1001" name="const_18">
<pin_list>
<pin id="19" dir="1" index="0" bw="1" slack="2147483647"/>
</pin_list>
<bind>
<StgValue><ssdm name="_ssdm_op_SpecLoopTripCount"/></StgValue>
</bind>
</comp>

<comp id="20" class="1001" name="const_20">
<pin_list>
<pin id="21" dir="1" index="0" bw="1" slack="2147483647"/>
</pin_list>
<bind>
<StgValue><ssdm name=""/></StgValue>
</bind>
</comp>

<comp id="22" class="1001" name="const_22">
<pin_list>
<pin id="23" dir="1" index="0" bw="1" slack="0"/>
</pin_list>
<bind>
<StgValue><ssdm name=""/></StgValue>
</bind>
</comp>

<comp id="24" class="1001" name="const_24">
<pin_list>
<pin id="25" dir="1" index="0" bw="1" slack="0"/>
</pin_list>
<bind>
<StgValue><ssdm name=""/></StgValue>
</bind>
</comp>

<comp id="26" class="1001" name="const_26">
<pin_list>
<pin id="27" dir="1" index="0" bw="1" slack="0"/>
</pin_list>
<bind>
<StgValue><ssdm name=""/></StgValue>
</bind>
</comp>

<comp id="28" class="1001" name="const_28">
<pin_list>
<pin id="29" dir="1" index="0" bw="1" slack="2147483647"/>
</pin_list>
<bind>
<StgValue><ssdm name="_ssdm_op_SpecLoopName"/></StgValue>
</bind>
</comp>

<comp id="30" class="1001" name="const_30">
<pin_list>
<pin id="31" dir="1" index="0" bw="1" slack="2147483647"/>
</pin_list>
<bind>
<StgValue><ssdm name="empty_5"/></StgValue>
</bind>
</comp>

<comp id="32" class="1004" name="i_fu_32">
<pin_list>
<pin id="33" dir="0" index="0" bw="1" slack="0"/>
<pin id="34" dir="1" index="1" bw="10" slack="0"/>
</pin_list>
<bind>
<opcode="alloca(26) " fcode="alloca"/>
<opset="i/1 "/>
</bind>
</comp>

<comp id="36" class="1004" name="x_0_addr_gep_fu_36">
<pin_list>
<pin id="37" dir="0" index="0" bw="32" slack="0"/>
<pin id="38" dir="0" index="1" bw="1" slack="0"/>
<pin id="39" dir="0" index="2" bw="10" slack="0"/>
<pin id="40" dir="1" index="3" bw="9" slack="0"/>
</pin_list>
<bind>
<opcode="getelementptr(29) " fcode="getelementptr"/>
<opset="x_0_addr/1 "/>
</bind>
</comp>

<comp id="43" class="1004" name="grp_access_fu_43">
<pin_list>
<pin id="44" dir="0" index="0" bw="9" slack="6"/>
<pin id="45" dir="0" index="1" bw="32" slack="1"/>
<pin id="46" dir="0" index="2" bw="0" slack="0"/>
<pin id="48" dir="0" index="4" bw="9" slack="2147483647"/>
<pin id="49" dir="0" index="5" bw="32" slack="2147483647"/>
<pin id="50" dir="0" index="6" bw="0" slack="2147483647"/>
<pin id="47" dir="1" index="3" bw="32" slack="2147483647"/>
<pin id="51" dir="1" index="7" bw="32" slack="1"/>
</pin_list>
<bind>
<opcode="load(27) store(28) " fcode="store"/>
<opset="x_0_load/1 store_ln1148/7 "/>
</bind>
</comp>

<comp id="53" class="1004" name="x_1_addr_gep_fu_53">
<pin_list>
<pin id="54" dir="0" index="0" bw="32" slack="0"/>
<pin id="55" dir="0" index="1" bw="1" slack="0"/>
<pin id="56" dir="0" index="2" bw="10" slack="0"/>
<pin id="57" dir="1" index="3" bw="9" slack="0"/>
</pin_list>
<bind>
<opcode="getelementptr(29) " fcode="getelementptr"/>
<opset="x_1_addr/1 "/>
</bind>
</comp>

<comp id="60" class="1004" name="grp_access_fu_60">
<pin_list>
<pin id="61" dir="0" index="0" bw="9" slack="6"/>
<pin id="62" dir="0" index="1" bw="32" slack="1"/>
<pin id="63" dir="0" index="2" bw="0" slack="0"/>
<pin id="65" dir="0" index="4" bw="9" slack="2147483647"/>
<pin id="66" dir="0" index="5" bw="32" slack="2147483647"/>
<pin id="67" dir="0" index="6" bw="0" slack="2147483647"/>
<pin id="64" dir="1" index="3" bw="32" slack="2147483647"/>
<pin id="68" dir="1" index="7" bw="32" slack="1"/>
</pin_list>
<bind>
<opcode="load(27) store(28) " fcode="store"/>
<opset="x_1_load/1 store_ln1148/7 "/>
</bind>
</comp>

<comp id="70" class="1004" name="grp_fu_70">
<pin_list>
<pin id="71" dir="0" index="0" bw="32" slack="1"/>
<pin id="72" dir="0" index="1" bw="32" slack="0"/>
<pin id="73" dir="1" index="2" bw="32" slack="1"/>
</pin_list>
<bind>
<opcode="fmul(13) " fcode="fmul"/>
<opset="mul_rl_i/3 "/>
</bind>
</comp>

<comp id="75" class="1004" name="grp_fu_75">
<pin_list>
<pin id="76" dir="0" index="0" bw="32" slack="1"/>
<pin id="77" dir="0" index="1" bw="32" slack="0"/>
<pin id="78" dir="1" index="2" bw="32" slack="1"/>
</pin_list>
<bind>
<opcode="fmul(13) " fcode="fmul"/>
<opset="mul_il_i/3 "/>
</bind>
</comp>

<comp id="80" class="1004" name="store_ln0_store_fu_80">
<pin_list>
<pin id="81" dir="0" index="0" bw="1" slack="0"/>
<pin id="82" dir="0" index="1" bw="10" slack="0"/>
<pin id="83" dir="1" index="2" bw="0" slack="2147483647"/>
</pin_list>
<bind>
<opcode="store(28) " fcode="store"/>
<opset="store_ln0/1 "/>
</bind>
</comp>

<comp id="85" class="1004" name="i_1_load_fu_85">
<pin_list>
<pin id="86" dir="0" index="0" bw="10" slack="0"/>
<pin id="87" dir="1" index="1" bw="10" slack="0"/>
</pin_list>
<bind>
<opcode="load(27) " fcode="load"/>
<opset="i_1/1 "/>
</bind>
</comp>

<comp id="88" class="1004" name="icmp_ln43_fu_88">
<pin_list>
<pin id="89" dir="0" index="0" bw="10" slack="0"/>
<pin id="90" dir="0" index="1" bw="10" slack="0"/>
<pin id="91" dir="1" index="2" bw="1" slack="5"/>
</pin_list>
<bind>
<opcode="icmp(45) " fcode="icmp"/>
<opset="icmp_ln43/1 "/>
</bind>
</comp>

<comp id="94" class="1004" name="add_ln43_fu_94">
<pin_list>
<pin id="95" dir="0" index="0" bw="10" slack="0"/>
<pin id="96" dir="0" index="1" bw="1" slack="0"/>
<pin id="97" dir="1" index="2" bw="10" slack="0"/>
</pin_list>
<bind>
<opcode="add(8) " fcode="add"/>
<opset="add_ln43/1 "/>
</bind>
</comp>

<comp id="100" class="1004" name="i_1_cast_fu_100">
<pin_list>
<pin id="101" dir="0" index="0" bw="10" slack="0"/>
<pin id="102" dir="1" index="1" bw="64" slack="0"/>
</pin_list>
<bind>
<opcode="zext(34) " fcode="zext"/>
<opset="i_1_cast/1 "/>
</bind>
</comp>

<comp id="106" class="1004" name="store_ln43_store_fu_106">
<pin_list>
<pin id="107" dir="0" index="0" bw="10" slack="0"/>
<pin id="108" dir="0" index="1" bw="10" slack="0"/>
<pin id="109" dir="1" index="2" bw="0" slack="2147483647"/>
</pin_list>
<bind>
<opcode="store(28) " fcode="store"/>
<opset="store_ln43/1 "/>
</bind>
</comp>

<comp id="111" class="1005" name="i_reg_111">
<pin_list>
<pin id="112" dir="0" index="0" bw="10" slack="0"/>
<pin id="113" dir="1" index="1" bw="10" slack="0"/>
</pin_list>
<bind>
<opset="i "/>
</bind>
</comp>

<comp id="118" class="1005" name="icmp_ln43_reg_118">
<pin_list>
<pin id="119" dir="0" index="0" bw="1" slack="5"/>
<pin id="120" dir="1" index="1" bw="1" slack="2147483647"/>
</pin_list>
<bind>
<opset="icmp_ln43 "/>
</bind>
</comp>

<comp id="122" class="1005" name="x_0_addr_reg_122">
<pin_list>
<pin id="123" dir="0" index="0" bw="9" slack="1"/>
<pin id="124" dir="1" index="1" bw="9" slack="1"/>
</pin_list>
<bind>
<opset="x_0_addr "/>
</bind>
</comp>

<comp id="128" class="1005" name="x_1_addr_reg_128">
<pin_list>
<pin id="129" dir="0" index="0" bw="9" slack="1"/>
<pin id="130" dir="1" index="1" bw="9" slack="1"/>
</pin_list>
<bind>
<opset="x_1_addr "/>
</bind>
</comp>

<comp id="134" class="1005" name="x_0_load_reg_134">
<pin_list>
<pin id="135" dir="0" index="0" bw="32" slack="1"/>
<pin id="136" dir="1" index="1" bw="32" slack="1"/>
</pin_list>
<bind>
<opset="x_0_load "/>
</bind>
</comp>

<comp id="139" class="1005" name="x_1_load_reg_139">
<pin_list>
<pin id="140" dir="0" index="0" bw="32" slack="1"/>
<pin id="141" dir="1" index="1" bw="32" slack="1"/>
</pin_list>
<bind>
<opset="x_1_load "/>
</bind>
</comp>

<comp id="144" class="1005" name="mul_rl_i_reg_144">
<pin_list>
<pin id="145" dir="0" index="0" bw="32" slack="1"/>
<pin id="146" dir="1" index="1" bw="32" slack="1"/>
</pin_list>
<bind>
<opset="mul_rl_i "/>
</bind>
</comp>

<comp id="149" class="1005" name="mul_il_i_reg_149">
<pin_list>
<pin id="150" dir="0" index="0" bw="32" slack="1"/>
<pin id="151" dir="1" index="1" bw="32" slack="1"/>
</pin_list>
<bind>
<opset="mul_il_i "/>
</bind>
</comp>

</comp_list>

<net_list>
<net id="35"><net_src comp="4" pin="0"/><net_sink comp="32" pin=0"/></net>

<net id="41"><net_src comp="0" pin="0"/><net_sink comp="36" pin=0"/></net>

<net id="42"><net_src comp="24" pin="0"/><net_sink comp="36" pin=1"/></net>

<net id="52"><net_src comp="36" pin="3"/><net_sink comp="43" pin=2"/></net>

<net id="58"><net_src comp="2" pin="0"/><net_sink comp="53" pin=0"/></net>

<net id="59"><net_src comp="24" pin="0"/><net_sink comp="53" pin=1"/></net>

<net id="69"><net_src comp="53" pin="3"/><net_sink comp="60" pin=2"/></net>

<net id="74"><net_src comp="26" pin="0"/><net_sink comp="70" pin=1"/></net>

<net id="79"><net_src comp="26" pin="0"/><net_sink comp="75" pin=1"/></net>

<net id="84"><net_src comp="6" pin="0"/><net_sink comp="80" pin=0"/></net>

<net id="92"><net_src comp="85" pin="1"/><net_sink comp="88" pin=0"/></net>

<net id="93"><net_src comp="16" pin="0"/><net_sink comp="88" pin=1"/></net>

<net id="98"><net_src comp="85" pin="1"/><net_sink comp="94" pin=0"/></net>

<net id="99"><net_src comp="22" pin="0"/><net_sink comp="94" pin=1"/></net>

<net id="103"><net_src comp="85" pin="1"/><net_sink comp="100" pin=0"/></net>

<net id="104"><net_src comp="100" pin="1"/><net_sink comp="36" pin=2"/></net>

<net id="105"><net_src comp="100" pin="1"/><net_sink comp="53" pin=2"/></net>

<net id="110"><net_src comp="94" pin="2"/><net_sink comp="106" pin=0"/></net>

<net id="114"><net_src comp="32" pin="1"/><net_sink comp="111" pin=0"/></net>

<net id="115"><net_src comp="111" pin="1"/><net_sink comp="80" pin=1"/></net>

<net id="116"><net_src comp="111" pin="1"/><net_sink comp="85" pin=0"/></net>

<net id="117"><net_src comp="111" pin="1"/><net_sink comp="106" pin=1"/></net>

<net id="121"><net_src comp="88" pin="2"/><net_sink comp="118" pin=0"/></net>

<net id="125"><net_src comp="36" pin="3"/><net_sink comp="122" pin=0"/></net>

<net id="126"><net_src comp="122" pin="1"/><net_sink comp="43" pin=2"/></net>

<net id="127"><net_src comp="122" pin="1"/><net_sink comp="43" pin=0"/></net>

<net id="131"><net_src comp="53" pin="3"/><net_sink comp="128" pin=0"/></net>

<net id="132"><net_src comp="128" pin="1"/><net_sink comp="60" pin=2"/></net>

<net id="133"><net_src comp="128" pin="1"/><net_sink comp="60" pin=0"/></net>

<net id="137"><net_src comp="43" pin="7"/><net_sink comp="134" pin=0"/></net>

<net id="138"><net_src comp="134" pin="1"/><net_sink comp="70" pin=0"/></net>

<net id="142"><net_src comp="60" pin="7"/><net_sink comp="139" pin=0"/></net>

<net id="143"><net_src comp="139" pin="1"/><net_sink comp="75" pin=0"/></net>

<net id="147"><net_src comp="70" pin="2"/><net_sink comp="144" pin=0"/></net>

<net id="148"><net_src comp="144" pin="1"/><net_sink comp="43" pin=1"/></net>

<net id="152"><net_src comp="75" pin="2"/><net_sink comp="149" pin=0"/></net>

<net id="153"><net_src comp="149" pin="1"/><net_sink comp="60" pin=1"/></net>

</net_list>

</model> 
---------------- Datapath Model END ------------------

* FSMD analyzer results:
  - Output states:
	Port: x_0 | {7 }
	Port: x_1 | {7 }
 - Input state : 
	Port: ifft_fast_Pipeline_VITIS_LOOP_43_6 : x_0 | {1 2 }
	Port: ifft_fast_Pipeline_VITIS_LOOP_43_6 : x_1 | {1 2 }
  - Chain level:
	State 1
		store_ln0 : 1
		i_1 : 1
		icmp_ln43 : 2
		add_ln43 : 2
		br_ln43 : 3
		i_1_cast : 2
		x_0_addr : 3
		x_0_load : 4
		x_1_addr : 3
		x_1_load : 4
		store_ln43 : 3
	State 2
	State 3
	State 4
	State 5
	State 6
	State 7


============================================================
+ Verbose Summary: Datapath Resource usage 
============================================================

* Functional unit list:
|----------|-----------------|---------|---------|---------|
| Operation| Functional Unit |   DSP   |    FF   |   LUT   |
|----------|-----------------|---------|---------|---------|
|   fmul   |    grp_fu_70    |    3    |   143   |   321   |
|          |    grp_fu_75    |    3    |   143   |   321   |
|----------|-----------------|---------|---------|---------|
|    add   |  add_ln43_fu_94 |    0    |    0    |    13   |
|----------|-----------------|---------|---------|---------|
|   icmp   | icmp_ln43_fu_88 |    0    |    0    |    11   |
|----------|-----------------|---------|---------|---------|
|   zext   | i_1_cast_fu_100 |    0    |    0    |    0    |
|----------|-----------------|---------|---------|---------|
|   Total  |                 |    6    |   286   |   666   |
|----------|-----------------|---------|---------|---------|

Memories:
N/A

* Register list:
+-----------------+--------+
|                 |   FF   |
+-----------------+--------+
|    i_reg_111    |   10   |
|icmp_ln43_reg_118|    1   |
| mul_il_i_reg_149|   32   |
| mul_rl_i_reg_144|   32   |
| x_0_addr_reg_122|    9   |
| x_0_load_reg_134|   32   |
| x_1_addr_reg_128|    9   |
| x_1_load_reg_139|   32   |
+-----------------+--------+
|      Total      |   157  |
+-----------------+--------+

* Multiplexer (MUX) list: 
|------------------|------|------|------|--------||---------||---------|
|       Comp       |  Pin | Size |  BW  | S x BW ||  Delay  ||   LUT   |
|------------------|------|------|------|--------||---------||---------|
| grp_access_fu_43 |  p2  |   2  |   0  |    0   ||    9    |
| grp_access_fu_60 |  p2  |   2  |   0  |    0   ||    9    |
|------------------|------|------|------|--------||---------||---------|
|       Total      |      |      |      |    0   ||  3.176  ||    18   |
|------------------|------|------|------|--------||---------||---------|



* Summary:
+-----------+--------+--------+--------+--------+
|           |   DSP  |  Delay |   FF   |   LUT  |
+-----------+--------+--------+--------+--------+
|  Function |    6   |    -   |   286  |   666  |
|   Memory  |    -   |    -   |    -   |    -   |
|Multiplexer|    -   |    3   |    -   |   18   |
|  Register |    -   |    -   |   157  |    -   |
+-----------+--------+--------+--------+--------+
|   Total   |    6   |    3   |   443  |   684  |
+-----------+--------+--------+--------+--------+
