==============================================================
Vitis HLS - High-Level Synthesis from C, C++ and OpenCL v2022.1 (64-bit)
Tool Version Limit: 2022.04
Copyright 1986-2022 Xilinx, Inc. All Rights Reserved.
==============================================================
==============================================================
Vitis HLS - High-Level Synthesis from C, C++ and OpenCL v2022.1 (64-bit)
Tool Version Limit: 2022.04
Copyright 1986-2022 Xilinx, Inc. All Rights Reserved.
==============================================================
==============================================================
Vitis HLS - High-Level Synthesis from C, C++ and OpenCL v2022.1 (64-bit)
Tool Version Limit: 2022.04
Copyright 1986-2022 Xilinx, Inc. All Rights Reserved.
==============================================================
INFO: [SYN 201-201] Setting up clock 'default' with a period of 10ns.
INFO: [HLS 200-1611] Setting target device to 'xc7z020-clg484-1'
INFO: [HLS 200-1505] Using flow_target 'vivado'
INFO: [HLS 200-1510] Running: set_part xc7z020clg484-1 
INFO: [HLS 200-1510] Running: create_clock -period 10 -name default 
INFO: [SYN 201-201] Setting up clock 'default' with a period of 10ns.
INFO: [HLS 200-1510] Running: csynth_design 
INFO: [HLS 200-111] Finished File checks and directory preparation: CPU user time: 0.01 seconds. CPU system time: 0 seconds. Elapsed time: 0 seconds; current allocated memory: 1.745 GB.
INFO: [HLS 200-10] Analyzing design file 'fft_512/tw.cpp' ... 
INFO: [HLS 200-10] Analyzing design file 'fft_512/fft.cpp' ... 
INFO: [HLS 200-111] Finished Source Code Analysis and Preprocessing: CPU user time: 4.77 seconds. CPU system time: 1.33 seconds. Elapsed time: 5.9 seconds; current allocated memory: 752.836 MB.
INFO: [HLS 200-777] Using interface defaults for 'Vivado' flow target.
INFO: [HLS 214-131] Inlining function '_llvm.fpga.unpack.none.s_struct.std::complex<float>s.i64' into 'fft_512_top(hls::stream<hls::axis<std::complex<float>, 0ul, 0ul, 0ul>, 0>&, hls::stream<hls::axis<std::complex<float>, 0ul, 0ul, 0ul>, 0>&)' (/tools/Xilinx/Vitis_HLS/2022.1/common/technology/autopilot/ap_axi_sdata.h:293:5)
INFO: [HLS 214-131] Inlining function '_llvm.fpga.pack.none.i1.s_struct.ap_uint<1>s' into 'fft_512_top(hls::stream<hls::axis<std::complex<float>, 0ul, 0ul, 0ul>, 0>&, hls::stream<hls::axis<std::complex<float>, 0ul, 0ul, 0ul>, 0>&)' (/tools/Xilinx/Vitis_HLS/2022.1/common/technology/autopilot/ap_axi_sdata.h:304:5)
INFO: [HLS 214-131] Inlining function '_llvm.fpga.pack.none.i8.s_struct.ap_uint<8>s' into 'fft_512_top(hls::stream<hls::axis<std::complex<float>, 0ul, 0ul, 0ul>, 0>&, hls::stream<hls::axis<std::complex<float>, 0ul, 0ul, 0ul>, 0>&)' (/tools/Xilinx/Vitis_HLS/2022.1/common/technology/autopilot/ap_axi_sdata.h:304:5)
INFO: [HLS 214-131] Inlining function '_llvm.fpga.pack.none.i64.s_struct.std::complex<float>s' into 'fft_512_top(hls::stream<hls::axis<std::complex<float>, 0ul, 0ul, 0ul>, 0>&, hls::stream<hls::axis<std::complex<float>, 0ul, 0ul, 0ul>, 0>&)' (/tools/Xilinx/Vitis_HLS/2022.1/common/technology/autopilot/ap_axi_sdata.h:304:5)
INFO: [HLS 214-131] Inlining function '_llvm.fpga.unpack.none.s_struct.ap_uint<8>s.i8' into 'fft_512_top(hls::stream<hls::axis<std::complex<float>, 0ul, 0ul, 0ul>, 0>&, hls::stream<hls::axis<std::complex<float>, 0ul, 0ul, 0ul>, 0>&)' (/tools/Xilinx/Vitis_HLS/2022.1/common/technology/autopilot/ap_axi_sdata.h:293:5)
INFO: [HLS 214-131] Inlining function '_llvm.fpga.unpack.none.s_struct.ap_uint<1>s.i1' into 'fft_512_top(hls::stream<hls::axis<std::complex<float>, 0ul, 0ul, 0ul>, 0>&, hls::stream<hls::axis<std::complex<float>, 0ul, 0ul, 0ul>, 0>&)' (/tools/Xilinx/Vitis_HLS/2022.1/common/technology/autopilot/ap_axi_sdata.h:293:5)
INFO: [HLS 200-111] Finished Compiling Optimization and Transform: CPU user time: 2.48 seconds. CPU system time: 0.65 seconds. Elapsed time: 3.16 seconds; current allocated memory: 753.715 MB.
INFO: [HLS 200-111] Finished Checking Pragmas: CPU user time: 0 seconds. CPU system time: 0 seconds. Elapsed time: 0 seconds; current allocated memory: 753.715 MB.
INFO: [HLS 200-10] Starting code transformations ...
INFO: [HLS 200-111] Finished Standard Transforms: CPU user time: 0.03 seconds. CPU system time: 0 seconds. Elapsed time: 0.03 seconds; current allocated memory: 759.656 MB.
INFO: [HLS 200-10] Checking synthesizability ...
INFO: [HLS 200-111] Finished Checking Synthesizability: CPU user time: 0.05 seconds. CPU system time: 0 seconds. Elapsed time: 0.05 seconds; current allocated memory: 767.340 MB.
INFO: [XFORM 203-510] Pipelining loop 'VITIS_LOOP_8_1' (fft_512/fft.cpp:8) in function 'fft_fast' automatically.
INFO: [XFORM 203-510] Pipelining loop 'VITIS_LOOP_23_4' (fft_512/fft.cpp:23) in function 'fft_fast' automatically.
INFO: [XFORM 203-510] Pipelining loop 'Loop-2' (fft_512/fft.cpp:42) in function 'fft_512_top' automatically.
INFO: [XFORM 203-510] Pipelining loop 'VITIS_LOOP_44_1' in function 'fft_512_top' automatically.
INFO: [XFORM 203-510] Pipelining loop 'VITIS_LOOP_51_2' (fft_512/fft.cpp:51) in function 'fft_512_top' automatically.
INFO: [HLS 200-111] Finished Loop, function and other optimizations: CPU user time: 0.07 seconds. CPU system time: 0.01 seconds. Elapsed time: 0.09 seconds; current allocated memory: 796.215 MB.
WARNING: [HLS 200-960] Cannot flatten loop 'VITIS_LOOP_22_3' (fft_512/fft.cpp:23:39) in function 'fft_fast' the outer loop is not a perfect loop because either the parent loop or the sub loop has no computeable trip count.
WARNING: [HLS 200-960] Cannot flatten loop 'VITIS_LOOP_19_2' (fft_512/fft.cpp:18:9) in function 'fft_fast' the outer loop is not a perfect loop.
INFO: [HLS 200-472] Inferring partial write operation for 'x.0' (fft_512/fft.cpp:12:18)
INFO: [HLS 200-472] Inferring partial write operation for 'x.0' (fft_512/fft.cpp:13:20)
INFO: [HLS 200-472] Inferring partial write operation for 'x.0' (fft_512/fft.cpp:27:26)
INFO: [HLS 200-472] Inferring partial write operation for 'x.0' (fft_512/fft.cpp:28:31)
INFO: [HLS 200-472] Inferring partial write operation for 'zc._M_value' 
INFO: [HLS 200-472] Inferring partial write operation for 'zc._M_value' (fft_512/fft.cpp:46:15)
INFO: [HLS 200-111] Finished Architecture Synthesis: CPU user time: 0.06 seconds. CPU system time: 0.02 seconds. Elapsed time: 0.07 seconds; current allocated memory: 847.348 MB.
INFO: [HLS 200-10] Starting hardware synthesis ...
INFO: [HLS 200-10] Synthesizing 'fft_512_top' ...
INFO: [HLS 200-10] ----------------------------------------------------------------
INFO: [HLS 200-42] -- Implementing module 'fft_512_top_Pipeline_1' 
INFO: [HLS 200-10] ----------------------------------------------------------------
INFO: [SCHED 204-11] Starting scheduling ...
INFO: [SCHED 204-61] Pipelining loop 'Loop 1'.
INFO: [HLS 200-1470] Pipelining result : Target II = NA, Final II = 1, Depth = 1, loop 'Loop 1'
INFO: [SCHED 204-11] Finished scheduling.
INFO: [HLS 200-111] Finished Scheduling: CPU user time: 0.03 seconds. CPU system time: 0.04 seconds. Elapsed time: 0.07 seconds; current allocated memory: 848.359 MB.
INFO: [BIND 205-100] Starting micro-architecture generation ...
INFO: [BIND 205-101] Performing variable lifetime analysis.
INFO: [BIND 205-101] Exploring resource sharing.
INFO: [BIND 205-101] Binding ...
INFO: [BIND 205-100] Finished micro-architecture generation.
INFO: [HLS 200-111] Finished Binding: CPU user time: 0 seconds. CPU system time: 0.01 seconds. Elapsed time: 0.01 seconds; current allocated memory: 848.359 MB.
INFO: [HLS 200-10] ----------------------------------------------------------------
INFO: [HLS 200-42] -- Implementing module 'fft_512_top_Pipeline_VITIS_LOOP_44_1' 
INFO: [HLS 200-10] ----------------------------------------------------------------
INFO: [SCHED 204-11] Starting scheduling ...
INFO: [SCHED 204-61] Pipelining loop 'VITIS_LOOP_44_1'.
INFO: [HLS 200-1470] Pipelining result : Target II = NA, Final II = 1, Depth = 1, loop 'VITIS_LOOP_44_1'
INFO: [SCHED 204-11] Finished scheduling.
INFO: [HLS 200-111] Finished Scheduling: CPU user time: 0.01 seconds. CPU system time: 0 seconds. Elapsed time: 0.02 seconds; current allocated memory: 848.602 MB.
INFO: [BIND 205-100] Starting micro-architecture generation ...
INFO: [BIND 205-101] Performing variable lifetime analysis.
INFO: [BIND 205-101] Exploring resource sharing.
INFO: [BIND 205-101] Binding ...
INFO: [BIND 205-100] Finished micro-architecture generation.
INFO: [HLS 200-111] Finished Binding: CPU user time: 0.01 seconds. CPU system time: 0 seconds. Elapsed time: 0.01 seconds; current allocated memory: 848.602 MB.
INFO: [HLS 200-10] ----------------------------------------------------------------
INFO: [HLS 200-42] -- Implementing module 'fft_fast_Pipeline_VITIS_LOOP_8_1' 
INFO: [HLS 200-10] ----------------------------------------------------------------
INFO: [SCHED 204-11] Starting scheduling ...
INFO: [SCHED 204-61] Pipelining loop 'VITIS_LOOP_8_1'.
WARNING: [HLS 200-880] The II Violation in module 'fft_fast_Pipeline_VITIS_LOOP_8_1' (loop 'VITIS_LOOP_8_1'): Unable to enforce a carried dependence constraint (II = 1, distance = 1, offset = 1) between 'store' operation ('x_0_addr_1_write_ln13', fft_512/fft.cpp:13) of variable 'x_0_load', fft_512/fft.cpp:13 on array 'x_0' and 'load' operation ('x_0_load_1', fft_512/fft.cpp:12) on array 'x_0'.
WARNING: [HLS 200-880] The II Violation in module 'fft_fast_Pipeline_VITIS_LOOP_8_1' (loop 'VITIS_LOOP_8_1'): Unable to enforce a carried dependence constraint (II = 2, distance = 1, offset = 1) between 'store' operation ('x_0_addr_1_write_ln13', fft_512/fft.cpp:13) of variable 'x_0_load', fft_512/fft.cpp:13 on array 'x_0' and 'load' operation ('x_0_load_1', fft_512/fft.cpp:12) on array 'x_0'.
INFO: [HLS 200-1470] Pipelining result : Target II = NA, Final II = 3, Depth = 4, loop 'VITIS_LOOP_8_1'
INFO: [SCHED 204-11] Finished scheduling.
INFO: [HLS 200-111] Finished Scheduling: CPU user time: 0.03 seconds. CPU system time: 0 seconds. Elapsed time: 0.03 seconds; current allocated memory: 849.000 MB.
INFO: [BIND 205-100] Starting micro-architecture generation ...
INFO: [BIND 205-101] Performing variable lifetime analysis.
INFO: [BIND 205-101] Exploring resource sharing.
INFO: [BIND 205-101] Binding ...
INFO: [BIND 205-100] Finished micro-architecture generation.
INFO: [HLS 200-111] Finished Binding: CPU user time: 0.03 seconds. CPU system time: 0 seconds. Elapsed time: 0.02 seconds; current allocated memory: 849.000 MB.
INFO: [HLS 200-10] ----------------------------------------------------------------
INFO: [HLS 200-42] -- Implementing module 'fft_fast_Pipeline_VITIS_LOOP_23_4' 
INFO: [HLS 200-10] ----------------------------------------------------------------
INFO: [SCHED 204-11] Starting scheduling ...
INFO: [SCHED 204-61] Pipelining loop 'VITIS_LOOP_23_4'.
WARNING: [HLS 200-880] The II Violation in module 'fft_fast_Pipeline_VITIS_LOOP_23_4' (loop 'VITIS_LOOP_23_4'): Unable to enforce a carried dependence constraint (II = 1, distance = 1, offset = 1) between 'store' operation ('x_0_addr_write_ln28', fft_512/fft.cpp:28) of variable '__r._M_value' on array 'x_0' and 'load' operation ('__t') on array 'x_0'.
WARNING: [HLS 200-880] The II Violation in module 'fft_fast_Pipeline_VITIS_LOOP_23_4' (loop 'VITIS_LOOP_23_4'): Unable to enforce a carried dependence constraint (II = 2, distance = 1, offset = 1) between 'store' operation ('x_0_addr_write_ln28', fft_512/fft.cpp:28) of variable '__r._M_value' on array 'x_0' and 'load' operation ('__t') on array 'x_0'.
WARNING: [HLS 200-880] The II Violation in module 'fft_fast_Pipeline_VITIS_LOOP_23_4' (loop 'VITIS_LOOP_23_4'): Unable to enforce a carried dependence constraint (II = 3, distance = 1, offset = 1) between 'store' operation ('x_0_addr_write_ln28', fft_512/fft.cpp:28) of variable '__r._M_value' on array 'x_0' and 'load' operation ('__t') on array 'x_0'.
WARNING: [HLS 200-880] The II Violation in module 'fft_fast_Pipeline_VITIS_LOOP_23_4' (loop 'VITIS_LOOP_23_4'): Unable to enforce a carried dependence constraint (II = 4, distance = 1, offset = 1) between 'store' operation ('x_0_addr_write_ln28', fft_512/fft.cpp:28) of variable '__r._M_value' on array 'x_0' and 'load' operation ('__t') on array 'x_0'.
WARNING: [HLS 200-880] The II Violation in module 'fft_fast_Pipeline_VITIS_LOOP_23_4' (loop 'VITIS_LOOP_23_4'): Unable to enforce a carried dependence constraint (II = 11, distance = 1, offset = 1) between 'store' operation ('x_0_addr_write_ln28', fft_512/fft.cpp:28) of variable '__r._M_value' on array 'x_0' and 'load' operation ('__t') on array 'x_0'.
WARNING: [HLS 200-880] The II Violation in module 'fft_fast_Pipeline_VITIS_LOOP_23_4' (loop 'VITIS_LOOP_23_4'): Unable to enforce a carried dependence constraint (II = 15, distance = 1, offset = 1) between 'store' operation ('x_0_addr_write_ln28', fft_512/fft.cpp:28) of variable '__r._M_value' on array 'x_0' and 'load' operation ('__t') on array 'x_0'.
WARNING: [HLS 200-880] The II Violation in module 'fft_fast_Pipeline_VITIS_LOOP_23_4' (loop 'VITIS_LOOP_23_4'): Unable to enforce a carried dependence constraint (II = 17, distance = 1, offset = 1) between 'store' operation ('x_0_addr_write_ln28', fft_512/fft.cpp:28) of variable '__r._M_value' on array 'x_0' and 'load' operation ('__t') on array 'x_0'.
INFO: [HLS 200-1470] Pipelining result : Target II = NA, Final II = 18, Depth = 18, loop 'VITIS_LOOP_23_4'
INFO: [SCHED 204-11] Finished scheduling.
INFO: [HLS 200-111] Finished Scheduling: CPU user time: 0.08 seconds. CPU system time: 0 seconds. Elapsed time: 0.09 seconds; current allocated memory: 849.535 MB.
INFO: [BIND 205-100] Starting micro-architecture generation ...
INFO: [BIND 205-101] Performing variable lifetime analysis.
INFO: [BIND 205-101] Exploring resource sharing.
INFO: [BIND 205-101] Binding ...
INFO: [BIND 205-100] Finished micro-architecture generation.
INFO: [HLS 200-111] Finished Binding: CPU user time: 0.1 seconds. CPU system time: 0 seconds. Elapsed time: 0.11 seconds; current allocated memory: 849.535 MB.
INFO: [HLS 200-10] ----------------------------------------------------------------
INFO: [HLS 200-42] -- Implementing module 'fft_fast' 
INFO: [HLS 200-10] ----------------------------------------------------------------
INFO: [SCHED 204-11] Starting scheduling ...
INFO: [SCHED 204-11] Finished scheduling.
INFO: [HLS 200-111] Finished Scheduling: CPU user time: 0.09 seconds. CPU system time: 0 seconds. Elapsed time: 0.08 seconds; current allocated memory: 849.918 MB.
INFO: [BIND 205-100] Starting micro-architecture generation ...
INFO: [BIND 205-101] Performing variable lifetime analysis.
INFO: [BIND 205-101] Exploring resource sharing.
INFO: [BIND 205-101] Binding ...
INFO: [BIND 205-100] Finished micro-architecture generation.
INFO: [HLS 200-111] Finished Binding: CPU user time: 0.05 seconds. CPU system time: 0.01 seconds. Elapsed time: 0.06 seconds; current allocated memory: 849.918 MB.
INFO: [HLS 200-10] ----------------------------------------------------------------
INFO: [HLS 200-42] -- Implementing module 'fft_512_top_Pipeline_VITIS_LOOP_51_2' 
INFO: [HLS 200-10] ----------------------------------------------------------------
INFO: [SCHED 204-11] Starting scheduling ...
INFO: [SCHED 204-61] Pipelining loop 'VITIS_LOOP_51_2'.
INFO: [HLS 200-1470] Pipelining result : Target II = NA, Final II = 1, Depth = 2, loop 'VITIS_LOOP_51_2'
INFO: [SCHED 204-11] Finished scheduling.
INFO: [HLS 200-111] Finished Scheduling: CPU user time: 0.08 seconds. CPU system time: 0 seconds. Elapsed time: 0.08 seconds; current allocated memory: 850.258 MB.
INFO: [BIND 205-100] Starting micro-architecture generation ...
INFO: [BIND 205-101] Performing variable lifetime analysis.
INFO: [BIND 205-101] Exploring resource sharing.
INFO: [BIND 205-101] Binding ...
INFO: [BIND 205-100] Finished micro-architecture generation.
INFO: [HLS 200-111] Finished Binding: CPU user time: 0.02 seconds. CPU system time: 0 seconds. Elapsed time: 0.02 seconds; current allocated memory: 850.258 MB.
INFO: [HLS 200-10] ----------------------------------------------------------------
INFO: [HLS 200-42] -- Implementing module 'fft_512_top' 
INFO: [HLS 200-10] ----------------------------------------------------------------
INFO: [SCHED 204-11] Starting scheduling ...
INFO: [SCHED 204-11] Finished scheduling.
INFO: [HLS 200-111] Finished Scheduling: CPU user time: 0.03 seconds. CPU system time: 0 seconds. Elapsed time: 0.03 seconds; current allocated memory: 850.547 MB.
INFO: [BIND 205-100] Starting micro-architecture generation ...
INFO: [BIND 205-101] Performing variable lifetime analysis.
INFO: [BIND 205-101] Exploring resource sharing.
INFO: [BIND 205-101] Binding ...
INFO: [BIND 205-100] Finished micro-architecture generation.
INFO: [HLS 200-111] Finished Binding: CPU user time: 0.05 seconds. CPU system time: 0 seconds. Elapsed time: 0.05 seconds; current allocated memory: 850.547 MB.
INFO: [HLS 200-10] ----------------------------------------------------------------
INFO: [HLS 200-10] -- Generating RTL for module 'fft_512_top_Pipeline_1' 
INFO: [HLS 200-10] ----------------------------------------------------------------
INFO: [RTGEN 206-100] Finished creating RTL model for 'fft_512_top_Pipeline_1'.
INFO: [HLS 200-111] Finished Creating RTL model: CPU user time: 0.07 seconds. CPU system time: 0 seconds. Elapsed time: 0.07 seconds; current allocated memory: 850.547 MB.
INFO: [HLS 200-10] ----------------------------------------------------------------
INFO: [HLS 200-10]==============================================================
Vitis HLS - High-Level Synthesis from C, C++ and OpenCL v2022.1 (64-bit)
Tool Version Limit: 2022.04
Copyright 1986-2022 Xilinx, Inc. All Rights Reserved.
==============================================================
==============================================================
Vitis HLS - High-Level Synthesis from C, C++ and OpenCL v2022.1 (64-bit)
Tool Version Limit: 2022.04
Copyright 1986-2022 Xilinx, Inc. All Rights Reserved.
==============================================================
==============================================================
Vitis HLS - High-Level Synthesis from C, C++ and OpenCL v2022.1 (64-bit)
Tool Version Limit: 2022.04
Copyright 1986-2022 Xilinx, Inc. All Rights Reserved.
==============================================================
==============================================================
Vitis HLS - High-Level Synthesis from C, C++ and OpenCL v2022.1 (64-bit)
Tool Version Limit: 2022.04
Copyright 1986-2022 Xilinx, Inc. All Rights Reserved.
==============================================================
==============================================================
Vitis HLS - High-Level Synthesis from C, C++ and OpenCL v2022.1 (64-bit)
Tool Version Limit: 2022.04
Copyright 1986-2022 Xilinx, Inc. All Rights Reserved.
==============================================================
==============================================================
Vitis HLS - High-Level Synthesis from C, C++ and OpenCL v2022.1 (64-bit)
Tool Version Limit: 2022.04
Copyright 1986-2022 Xilinx, Inc. All Rights Reserved.
==============================================================
==============================================================
Vitis HLS - High-Level Synthesis from C, C++ and OpenCL v2022.1 (64-bit)
Tool Version Limit: 2022.04
Copyright 1986-2022 Xilinx, Inc. All Rights Reserved.
==============================================================
==============================================================
Vitis HLS - High-Level Synthesis from C, C++ and OpenCL v2022.1 (64-bit)
Tool Version Limit: 2022.04
Copyright 1986-2022 Xilinx, Inc. All Rights Reserved.
==============================================================
INFO: [SYN 201-201] Setting up clock 'default' with a period of 10ns.
INFO: [HLS 200-1611] Setting target device to 'xc7z020-clg484-1'
INFO: [HLS 200-1505] Using flow_target 'vivado'
INFO: [HLS 200-1510] Running: set_part xc7z020clg484-1 
INFO: [HLS 200-1510] Running: create_clock -period 10 -name default 
INFO: [HLS 200-1510] Running: csynth_design 
INFO: [HLS 200-111] Finished File checks and directory preparation: CPU user time: 0 seconds. CPU system time: 0.01 seconds. Elapsed time: 0 seconds; current allocated memory: 752.801 MB.
INFO: [HLS 200-10] Analyzing design file 'fft_512/tw.cpp' ... 
INFO: [HLS 200-10] Analyzing design file 'fft_512/fft.cpp' ... 
INFO: [HLS 200-111] Finished Source Code Analysis and Preprocessing: CPU user time: 4.53 seconds. CPU system time: 1.29 seconds. Elapsed time: 6.08 seconds; current allocated memory: 752.801 MB.
INFO: [HLS 200-777] Using interface defaults for 'Vivado' flow target.
INFO: [HLS 214-131] Inlining function '_llvm.fpga.unpack.none.s_struct.std::complex<float>s.i64' into 'fft_512_top(hls::stream<hls::axis<std::complex<float>, 0ul, 0ul, 0ul>, 0>&, hls::stream<hls::axis<std::complex<float>, 0ul, 0ul, 0ul>, 0>&)' (/tools/Xilinx/Vitis_HLS/2022.1/common/technology/autopilot/ap_axi_sdata.h:293:5)
INFO: [HLS 214-131] Inlining function '_llvm.fpga.pack.none.i1.s_struct.ap_uint<1>s' into 'fft_512_top(hls::stream<hls::axis<std::complex<float>, 0ul, 0ul, 0ul>, 0>&, hls::stream<hls::axis<std::complex<float>, 0ul, 0ul, 0ul>, 0>&)' (/tools/Xilinx/Vitis_HLS/2022.1/common/technology/autopilot/ap_axi_sdata.h:304:5)
INFO: [HLS 214-131] Inlining function '_llvm.fpga.pack.none.i8.s_struct.ap_uint<8>s' into 'fft_512_top(hls::stream<hls::axis<std::complex<float>, 0ul, 0ul, 0ul>, 0>&, hls::stream<hls::axis<std::complex<float>, 0ul, 0ul, 0ul>, 0>&)' (/tools/Xilinx/Vitis_HLS/2022.1/common/technology/autopilot/ap_axi_sdata.h:304:5)
INFO: [HLS 214-131] Inlining function '_llvm.fpga.pack.none.i64.s_struct.std::complex<float>s' into 'fft_512_top(hls::stream<hls::axis<std::complex<float>, 0ul, 0ul, 0ul>, 0>&, hls::stream<hls::axis<std::complex<float>, 0ul, 0ul, 0ul>, 0>&)' (/tools/Xilinx/Vitis_HLS/2022.1/common/technology/autopilot/ap_axi_sdata.h:304:5)
INFO: [HLS 214-131] Inlining function '_llvm.fpga.unpack.none.s_struct.ap_uint<8>s.i8' into 'fft_512_top(hls::stream<hls::axis<std::complex<float>, 0ul, 0ul, 0ul>, 0>&, hls::stream<hls::axis<std::complex<float>, 0ul, 0ul, 0ul>, 0>&)' (/tools/Xilinx/Vitis_HLS/2022.1/common/technology/autopilot/ap_axi_sdata.h:293:5)
INFO: [HLS 214-131] Inlining function '_llvm.fpga.unpack.none.s_struct.ap_uint<1>s.i1' into 'fft_512_top(hls::stream<hls::axis<std::complex<float>, 0ul, 0ul, 0ul>, 0>&, hls::stream<hls::axis<std::complex<float>, 0ul, 0ul, 0ul>, 0>&)' (/tools/Xilinx/Vitis_HLS/2022.1/common/technology/autopilot/ap_axi_sdata.h:293:5)
INFO: [HLS 200-111] Finished Compiling Optimization and Transform: CPU user time: 2.57 seconds. CPU system time: 0.63 seconds. Elapsed time: 3.29 seconds; current allocated memory: 753.691 MB.
INFO: [HLS 200-111] Finished Checking Pragmas: CPU user time: 0 seconds. CPU system time: 0 seconds. Elapsed time: 0 seconds; current allocated memory: 753.691 MB.
INFO: [HLS 200-10] Starting code transformations ...
INFO: [HLS 200-111] Finished Standard Transforms: CPU user time: 0.01 seconds. CPU system time: 0.03 seconds. Elapsed time: 0.06 seconds; current allocated memory: 759.656 MB.
INFO: [HLS 200-10] Checking synthesizability ...
INFO: [HLS 200-111] Finished Checking Synthesizability: CPU user time: 0.03 seconds. CPU system time: 0.01 seconds. Elapsed time: 0.04 seconds; current allocated memory: 767.340 MB.
INFO: [XFORM 203-510] Pipelining loop 'VITIS_LOOP_8_1' (fft_512/fft.cpp:8) in function 'fft_fast' automatically.
INFO: [XFORM 203-510] Pipelining loop 'VITIS_LOOP_23_4' (fft_512/fft.cpp:23) in function 'fft_fast' automatically.
INFO: [XFORM 203-510] Pipelining loop 'Loop-2' (fft_512/fft.cpp:42) in function 'fft_512_top' automatically.
INFO: [XFORM 203-510] Pipelining loop 'VITIS_LOOP_44_1' in function 'fft_512_top' automatically.
INFO: [XFORM 203-510] Pipelining loop 'VITIS_LOOP_51_2' (fft_512/fft.cpp:51) in function 'fft_512_top' automatically.
INFO: [HLS 200-111] Finished Loop, function and other optimizations: CPU user time: 0.08 seconds. CPU system time: 0.01 seconds. Elapsed time: 0.09 seconds; current allocated memory: 796.219 MB.
WARNING: [HLS 200-960] Cannot flatten loop 'VITIS_LOOP_22_3' (fft_512/fft.cpp:23:39) in function 'fft_fast' the outer loop is not a perfect loop because either the parent loop or the sub loop has no computeable trip count.
WARNING: [HLS 200-960] Cannot flatten loop 'VITIS_LOOP_19_2' (fft_512/fft.cpp:18:9) in function 'fft_fast' the outer loop is not a perfect loop.
INFO: [HLS 200-472] Inferring partial write operation for 'x.0' (fft_512/fft.cpp:12:18)
INFO: [HLS 200-472] Inferring partial write operation for 'x.0' (fft_512/fft.cpp:13:20)
INFO: [HLS 200-472] Inferring partial write operation for 'x.0' (fft_512/fft.cpp:27:26)
INFO: [HLS 200-472] Inferring partial write operation for 'x.0' (fft_512/fft.cpp:28:31)
INFO: [HLS 200-472] Inferring partial write operation for 'zc._M_value' 
INFO: [HLS 200-472] Inferring partial write operation for 'zc._M_value' (fft_512/fft.cpp:46:15)
INFO: [HLS 200-111] Finished Architecture Synthesis: CPU user time: 0.06 seconds. CPU system time: 0.02 seconds. Elapsed time: 0.07 seconds; current allocated memory: 847.348 MB.
INFO: [HLS 200-10] Starting hardware synthesis ...
INFO: [HLS 200-10] Synthesizing 'fft_512_top' ...
INFO: [HLS 200-10] ----------------------------------------------------------------
INFO: [HLS 200-42] -- Implementing module 'fft_512_top_Pipeline_1' 
INFO: [HLS 200-10] ----------------------------------------------------------------
INFO: [SCHED 204-11] Starting scheduling ...
INFO: [SCHED 204-61] Pipelining loop 'Loop 1'.
INFO: [HLS 200-1470] Pipelining result : Target II = NA, Final II = 1, Depth = 1, loop 'Loop 1'
INFO: [SCHED 204-11] Finished scheduling.
INFO: [HLS 200-111] Finished Scheduling: CPU user time: 0.02 seconds. CPU system time: 0.06 seconds. Elapsed time: 0.08 seconds; current allocated memory: 848.281 MB.
INFO: [BIND 205-100] Starting micro-architecture generation ...
INFO: [BIND 205-101] Performing variable lifetime analysis.
INFO: [BIND 205-101] Exploring resource sharing.
INFO: [BIND 205-101] Binding ...
INFO: [BIND 205-100] Finished micro-architecture generation.
INFO: [HLS 200-111] Finished Binding: CPU user time: 0.01 seconds. CPU system time: 0 seconds. Elapsed time: 0.02 seconds; current allocated memory: 848.281 MB.
INFO: [HLS 200-10] ----------------------------------------------------------------
INFO: [HLS 200-42] -- Implementing module 'fft_512_top_Pipeline_VITIS_LOOP_44_1' 
INFO: [HLS 200-10] ----------------------------------------------------------------
INFO: [SCHED 204-11] Starting scheduling ...
INFO: [SCHED 204-61] Pipelining loop 'VITIS_LOOP_44_1'.
INFO: [HLS 200-1470] Pipelining result : Target II = NA, Final II = 1, Depth = 1, loop 'VITIS_LOOP_44_1'
INFO: [SCHED 204-11] Finished scheduling.
INFO: [HLS 200-111] Finished Scheduling: CPU user time: 0.02 seconds. CPU system time: 0 seconds. Elapsed time: 0.02 seconds; current allocated memory: 848.605 MB.
INFO: [BIND 205-100] Starting micro-architecture generation ...
INFO: [BIND 205-101] Performing variable lifetime analysis.
INFO: [BIND 205-101] Exploring resource sharing.
INFO: [BIND 205-101] Binding ...
INFO: [BIND 205-100] Finished micro-architecture generation.
INFO: [HLS 200-111] Finished Binding: CPU user time: 0.01 seconds. CPU system time: 0 seconds. Elapsed time: 0.01 seconds; current allocated memory: 848.605 MB.
INFO: [HLS 200-10] ----------------------------------------------------------------
INFO: [HLS 200-42] -- Implementing module 'fft_fast_Pipeline_VITIS_LOOP_8_1' 
INFO: [HLS 200-10] ----------------------------------------------------------------
INFO: [SCHED 204-11] Starting scheduling ...
INFO: [SCHED 204-61] Pipelining loop 'VITIS_LOOP_8_1'.
WARNING: [HLS 200-880] The II Violation in module 'fft_fast_Pipeline_VITIS_LOOP_8_1' (loop 'VITIS_LOOP_8_1'): Unable to enforce a carried dependence constraint (II = 1, distance = 1, offset = 1) between 'store' operation ('x_0_addr_1_write_ln13', fft_512/fft.cpp:13) of variable 'x_0_load', fft_512/fft.cpp:13 on array 'x_0' and 'load' operation ('x_0_load_1', fft_512/fft.cpp:12) on array 'x_0'.
WARNING: [HLS 200-880] The II Violation in module 'fft_fast_Pipeline_VITIS_LOOP_8_1' (loop 'VITIS_LOOP_8_1'): Unable to enforce a carried dependence constraint (II = 2, distance = 1, offset = 1) between 'store' operation ('x_0_addr_1_write_ln13', fft_512/fft.cpp:13) of variable 'x_0_load', fft_512/fft.cpp:13 on array 'x_0' and 'load' operation ('x_0_load_1', fft_512/fft.cpp:12) on array 'x_0'.
INFO: [HLS 200-1470] Pipelining result : Target II = NA, Final II = 3, Depth = 4, loop 'VITIS_LOOP_8_1'
INFO: [SCHED 204-11] Finished scheduling.
INFO: [HLS 200-111] Finished Scheduling: CPU user time: 0.02 seconds. CPU system time: 0 seconds. Elapsed time: 0.03 seconds; current allocated memory: 849.012 MB.
INFO: [BIND 205-100] Starting micro-architecture generation ...
INFO: [BIND 205-101] Performing variable lifetime analysis.
INFO: [BIND 205-101] Exploring resource sharing.
INFO: [BIND 205-101] Binding ...
INFO: [BIND 205-100] Finished micro-architecture generation.
INFO: [HLS 200-111] Finished Binding: CPU user time: 0.02 seconds. CPU system time: 0 seconds. Elapsed time: 0.02 seconds; current allocated memory: 849.012 MB.
INFO: [HLS 200-10] ----------------------------------------------------------------
INFO: [HLS 200-42] -- Implementing module 'fft_fast_Pipeline_VITIS_LOOP_23_4' 
INFO: [HLS 200-10] ----------------------------------------------------------------
INFO: [SCHED 204-11] Starting scheduling ...
INFO: [SCHED 204-61] Pipelining loop 'VITIS_LOOP_23_4'.
WARNING: [HLS 200-880] The II Violation in module 'fft_fast_Pipeline_VITIS_LOOP_23_4' (loop 'VITIS_LOOP_23_4'): Unable to enforce a carried dependence constraint (II = 1, distance = 1, offset = 1) between 'store' operation ('x_0_addr_write_ln28', fft_512/fft.cpp:28) of variable '__r._M_value' on array 'x_0' and 'load' operation ('__t') on array 'x_0'.
WARNING: [HLS 200-880] The II Violation in module 'fft_fast_Pipeline_VITIS_LOOP_23_4' (loop 'VITIS_LOOP_23_4'): Unable to enforce a carried dependence constraint (II = 2, distance = 1, offset = 1) between 'store' operation ('x_0_addr_write_ln28', fft_512/fft.cpp:28) of variable '__r._M_value' on array 'x_0' and 'load' operation ('__t') on array 'x_0'.
WARNING: [HLS 200-880] The II Violation in module 'fft_fast_Pipeline_VITIS_LOOP_23_4' (loop 'VITIS_LOOP_23_4'): Unable to enforce a carried dependence constraint (II = 3, distance = 1, offset = 1) between 'store' operation ('x_0_addr_write_ln28', fft_512/fft.cpp:28) of variable '__r._M_value' on array 'x_0' and 'load' operation ('__t') on array 'x_0'.
WARNING: [HLS 200-880] The II Violation in module 'fft_fast_Pipeline_VITIS_LOOP_23_4' (loop 'VITIS_LOOP_23_4'): Unable to enforce a carried dependence constraint (II = 4, distance = 1, offset = 1) between 'store' operation ('x_0_addr_write_ln28', fft_512/fft.cpp:28) of variable '__r._M_value' on array 'x_0' and 'load' operation ('__t') on array 'x_0'.
WARNING: [HLS 200-880] The II Violation in module 'fft_fast_Pipeline_VITIS_LOOP_23_4' (loop 'VITIS_LOOP_23_4'): Unable to enforce a carried dependence constraint (II = 11, distance = 1, offset = 1) between 'store' operation ('x_0_addr_write_ln28', fft_512/fft.cpp:28) of variable '__r._M_value' on array 'x_0' and 'load' operation ('__t') on array 'x_0'.
WARNING: [HLS 200-880] The II Violation in module 'fft_fast_Pipeline_VITIS_LOOP_23_4' (loop 'VITIS_LOOP_23_4'): Unable to enforce a carried dependence constraint (II = 15, distance = 1, offset = 1) between 'store' operation ('x_0_addr_write_ln28', fft_512/fft.cpp:28) of variable '__r._M_value' on array 'x_0' and 'load' operation ('__t') on array 'x_0'.
WARNING: [HLS 200-880] The II Violation in module 'fft_fast_Pipeline_VITIS_LOOP_23_4' (loop 'VITIS_LOOP_23_4'): Unable to enforce a carried dependence constraint (II = 17, distance = 1, offset = 1) between 'store' operation ('x_0_addr_write_ln28', fft_512/fft.cpp:28) of variable '__r._M_value' on array 'x_0' and 'load' operation ('__t') on array 'x_0'.
INFO: [HLS 200-1470] Pipelining result : Target II = NA, Final II = 18, Depth = 18, loop 'VITIS_LOOP_23_4'
INFO: [SCHED 204-11] Finished scheduling.
INFO: [HLS 200-111] Finished Scheduling: CPU user time: 0.1 seconds. CPU system time: 0 seconds. Elapsed time: 0.09 seconds; current allocated memory: 849.551 MB.
INFO: [BIND 205-100] Starting micro-architecture generation ...
INFO: [BIND 205-101] Performing variable lifetime analysis.
INFO: [BIND 205-101] Exploring resource sharing.
INFO: [BIND 205-101] Binding ...
INFO: [BIND 205-100] Finished micro-architecture generation.
INFO: [HLS 200-111] Finished Binding: CPU user time: 0.08 seconds. CPU system time: 0.01 seconds. Elapsed time: 0.08 seconds; current allocated memory: 849.551 MB.
INFO: [HLS 200-10] ----------------------------------------------------------------
INFO: [HLS 200-42] -- Implementing module 'fft_fast' 
INFO: [HLS 200-10] ----------------------------------------------------------------
INFO: [SCHED 204-11] Starting scheduling ...
INFO: [SCHED 204-11] Finished scheduling.
INFO: [HLS 200-111] Finished Scheduling: CPU user time: 0.09 seconds. CPU system time: 0 seconds. Elapsed time: 0.09 seconds; current allocated memory: 849.930 MB.
INFO: [BIND 205-100] Starting micro-architecture generation ...
INFO: [BIND 205-101] Performing variable lifetime analysis.
INFO: [BIND 205-101] Exploring resource sharing.
INFO: [BIND 205-101] Binding ...
INFO: [BIND 205-100] Finished micro-architecture generation.
INFO: [HLS 200-111] Finished Binding: CPU user time: 0.03 seconds. CPU system time: 0 seconds. Elapsed time: 0.04 seconds; current allocated memory: 849.930 MB.
INFO: [HLS 200-10] ----------------------------------------------------------------
INFO: [HLS 200-42] -- Implementing module 'fft_512_top_Pipeline_VITIS_LOOP_51_2' 
INFO: [HLS 200-10] ----------------------------------------------------------------
INFO: [SCHED 204-11] Starting scheduling ...
INFO: [SCHED 204-61] Pipelining loop 'VITIS_LOOP_51_2'.
INFO: [HLS 200-1470] Pipelining result : Target II = NA, Final II = 1, Depth = 2, loop 'VITIS_LOOP_51_2'
INFO: [SCHED 204-11] Finished scheduling.
INFO: [HLS 200-111] Finished Scheduling: CPU user time: 0.06 seconds. CPU system time: 0.01 seconds. Elapsed time: 0.06 seconds; current allocated memory: 850.262 MB.
INFO: [BIND 205-100] Starting micro-architecture generation ...
INFO: [BIND 205-101] Performing variable lifetime analysis.
INFO: [BIND 205-101] Exploring resource sharing.
INFO: [BIND 205-101] Binding ...
INFO: [BIND 205-100] Finished micro-architecture generation.
INFO: [HLS 200-111] Finished Binding: CPU user time: 0.01 seconds. CPU system time: 0 seconds. Elapsed time: 0.01 seconds; current allocated memory: 850.262 MB.
INFO: [HLS 200-10] ----------------------------------------------------------------
INFO: [HLS 200-42] -- Implementing module 'fft_512_top' 
INFO: [HLS 200-10] ----------------------------------------------------------------
INFO: [SCHED 204-11] Starting scheduling ...
INFO: [SCHED 204-11] Finished scheduling.
INFO: [HLS 200-111] Finished Scheduling: CPU user time: 0.03 seconds. CPU system time: 0 seconds. Elapsed time: 0.03 seconds; current allocated memory: 850.551 MB.
INFO: [BIND 205-100] Starting micro-architecture generation ...
INFO: [BIND 205-101] Performing variable lifetime analysis.
INFO: [BIND 205-101] Exploring resource sharing.
INFO: [BIND 205-101] Binding ...
INFO: [BIND 205-100] Finished micro-architecture generation.
INFO: [HLS 200-111] Finished Binding: CPU user time: 0.05 seconds. CPU system time: 0 seconds. Elapsed time: 0.05 seconds; current allocated memory: 850.551 MB.
INFO: [HLS 200-10] ----------------------------------------------------------------
INFO: [HLS 200-10] -- Generating RTL for module 'fft_512_top_Pipeline_1' 
INFO: [HLS 200-10] ----------------------------------------------------------------
INFO: [RTGEN 206-100] Finished creating RTL model for 'fft_512_top_Pipeline_1'.
INFO: [HLS 200-111] Finished Creating RTL model: CPU user time: 0.07 seconds. CPU system time: 0.01 seconds. Elapsed time: 0.07 seconds; current allocated memory: 850.551 MB.
INFO: [HLS 200-10] ----------------------------------------------------------------
INFO: ==============================================================
Vitis HLS - High-Level Synthesis from C, C++ and OpenCL v2022.1 (64-bit)
Tool Version Limit: 2022.04
Copyright 1986-2022 Xilinx, Inc. All Rights Reserved.
==============================================================
